[2024-10-24T21:48:49.625+0000] {local_task_job_runner.py:123} INFO - ::group::Pre task execution logs
[2024-10-24T21:48:49.643+0000] {taskinstance.py:2612} INFO - Dependencies all met for dep_context=non-requeueable deps ti=<TaskInstance: insert_csv_to_mongo.insert_data_to_mongo manual__2024-10-24T21:48:45.867950+00:00 [queued]>
[2024-10-24T21:48:49.653+0000] {taskinstance.py:2612} INFO - Dependencies all met for dep_context=requeueable deps ti=<TaskInstance: insert_csv_to_mongo.insert_data_to_mongo manual__2024-10-24T21:48:45.867950+00:00 [queued]>
[2024-10-24T21:48:49.654+0000] {taskinstance.py:2865} INFO - Starting attempt 1 of 2
[2024-10-24T21:48:49.671+0000] {taskinstance.py:2888} INFO - Executing <Task(PythonOperator): insert_data_to_mongo> on 2024-10-24 21:48:45.867950+00:00
[2024-10-24T21:48:49.677+0000] {warnings.py:112} WARNING - /home/***/.local/lib/python3.12/site-packages/***/task/task_runner/standard_task_runner.py:70: DeprecationWarning: This process (pid=1888) is multi-threaded, use of fork() may lead to deadlocks in the child.
  pid = os.fork()

[2024-10-24T21:48:49.679+0000] {standard_task_runner.py:72} INFO - Started process 1890 to run task
[2024-10-24T21:48:49.680+0000] {standard_task_runner.py:104} INFO - Running: ['***', 'tasks', 'run', 'insert_csv_to_mongo', 'insert_data_to_mongo', 'manual__2024-10-24T21:48:45.867950+00:00', '--job-id', '24', '--raw', '--subdir', 'DAGS_FOLDER/dag_save_mongodb.py', '--cfg-path', '/tmp/tmpkdy2rvz7']
[2024-10-24T21:48:49.684+0000] {standard_task_runner.py:105} INFO - Job 24: Subtask insert_data_to_mongo
[2024-10-24T21:48:49.735+0000] {task_command.py:467} INFO - Running <TaskInstance: insert_csv_to_mongo.insert_data_to_mongo manual__2024-10-24T21:48:45.867950+00:00 [running]> on host a0ed19d3458a
[2024-10-24T21:48:49.827+0000] {taskinstance.py:3131} INFO - Exporting env vars: AIRFLOW_CTX_DAG_OWNER='user' AIRFLOW_CTX_DAG_ID='insert_csv_to_mongo' AIRFLOW_CTX_TASK_ID='insert_data_to_mongo' AIRFLOW_CTX_EXECUTION_DATE='2024-10-24T21:48:45.867950+00:00' AIRFLOW_CTX_TRY_NUMBER='1' AIRFLOW_CTX_DAG_RUN_ID='manual__2024-10-24T21:48:45.867950+00:00'
[2024-10-24T21:48:49.829+0000] {taskinstance.py:731} INFO - ::endgroup::
[2024-10-24T21:48:49.999+0000] {logging_mixin.py:190} INFO - Dados inseridos com sucesso!
[2024-10-24T21:48:50.000+0000] {python.py:240} INFO - Done. Returned value was: None
[2024-10-24T21:48:50.016+0000] {taskinstance.py:340} INFO - ::group::Post task execution logs
[2024-10-24T21:48:50.016+0000] {taskinstance.py:352} INFO - Marking task as SUCCESS. dag_id=insert_csv_to_mongo, task_id=insert_data_to_mongo, run_id=manual__2024-10-24T21:48:45.867950+00:00, execution_date=20241024T214845, start_date=20241024T214849, end_date=20241024T214850
[2024-10-24T21:48:50.055+0000] {local_task_job_runner.py:266} INFO - Task exited with return code 0
[2024-10-24T21:48:50.076+0000] {taskinstance.py:3900} INFO - 0 downstream tasks scheduled from follow-on schedule check
[2024-10-24T21:48:50.080+0000] {local_task_job_runner.py:245} INFO - ::endgroup::
