[2024-09-28T19:57:02.901+0000] {local_task_job_runner.py:123} INFO - ::group::Pre task execution logs
[2024-09-28T19:57:02.914+0000] {taskinstance.py:2612} INFO - Dependencies all met for dep_context=non-requeueable deps ti=<TaskInstance: tutorial.print_date scheduled__2024-09-27T00:00:00+00:00 [queued]>
[2024-09-28T19:57:02.919+0000] {taskinstance.py:2612} INFO - Dependencies all met for dep_context=requeueable deps ti=<TaskInstance: tutorial.print_date scheduled__2024-09-27T00:00:00+00:00 [queued]>
[2024-09-28T19:57:02.920+0000] {taskinstance.py:2865} INFO - Starting attempt 1 of 2
[2024-09-28T19:57:02.927+0000] {taskinstance.py:2888} INFO - Executing <Task(BashOperator): print_date> on 2024-09-27 00:00:00+00:00
[2024-09-28T19:57:02.932+0000] {warnings.py:112} WARNING - /home/***/.local/lib/python3.12/site-packages/***/task/task_runner/standard_task_runner.py:70: DeprecationWarning: This process (pid=125) is multi-threaded, use of fork() may lead to deadlocks in the child.
  pid = os.fork()

[2024-09-28T19:57:02.933+0000] {standard_task_runner.py:72} INFO - Started process 127 to run task
[2024-09-28T19:57:02.933+0000] {standard_task_runner.py:104} INFO - Running: ['***', 'tasks', 'run', 'tutorial', 'print_date', 'scheduled__2024-09-27T00:00:00+00:00', '--job-id', '3', '--raw', '--subdir', '/home/***/.local/lib/python3.12/site-packages/***/example_dags/tutorial.py', '--cfg-path', '/tmp/tmp445jj497']
[2024-09-28T19:57:02.934+0000] {standard_task_runner.py:105} INFO - Job 3: Subtask print_date
[2024-09-28T19:57:02.962+0000] {task_command.py:467} INFO - Running <TaskInstance: tutorial.print_date scheduled__2024-09-27T00:00:00+00:00 [running]> on host 72cb08bb7cad
[2024-09-28T19:57:03.022+0000] {taskinstance.py:3131} INFO - Exporting env vars: AIRFLOW_CTX_DAG_EMAIL='***@example.com' AIRFLOW_CTX_DAG_OWNER='***' AIRFLOW_CTX_DAG_ID='tutorial' AIRFLOW_CTX_TASK_ID='print_date' AIRFLOW_CTX_EXECUTION_DATE='2024-09-27T00:00:00+00:00' AIRFLOW_CTX_TRY_NUMBER='1' AIRFLOW_CTX_DAG_RUN_ID='scheduled__2024-09-27T00:00:00+00:00'
[2024-09-28T19:57:03.023+0000] {logging_mixin.py:190} INFO - Task instance is in running state
[2024-09-28T19:57:03.024+0000] {logging_mixin.py:190} INFO -  Previous state of the Task instance: queued
[2024-09-28T19:57:03.025+0000] {logging_mixin.py:190} INFO - Current task name:print_date state:running start_date:2024-09-28 19:57:02.915320+00:00
[2024-09-28T19:57:03.026+0000] {logging_mixin.py:190} INFO - Dag name:tutorial and current dag run status:running
[2024-09-28T19:57:03.026+0000] {taskinstance.py:731} INFO - ::endgroup::
[2024-09-28T19:57:03.027+0000] {subprocess.py:63} INFO - Tmp dir root location: /tmp
[2024-09-28T19:57:03.029+0000] {subprocess.py:75} INFO - Running command: ['/usr/bin/bash', '-c', 'date']
[2024-09-28T19:57:03.036+0000] {subprocess.py:86} INFO - Output:
[2024-09-28T19:57:03.039+0000] {subprocess.py:93} INFO - Sat Sep 28 19:57:03 UTC 2024
[2024-09-28T19:57:03.040+0000] {subprocess.py:97} INFO - Command exited with return code 0
[2024-09-28T19:57:03.055+0000] {taskinstance.py:340} INFO - ::group::Post task execution logs
[2024-09-28T19:57:03.056+0000] {taskinstance.py:352} INFO - Marking task as SUCCESS. dag_id=tutorial, task_id=print_date, run_id=scheduled__2024-09-27T00:00:00+00:00, execution_date=20240927T000000, start_date=20240928T195702, end_date=20240928T195703
[2024-09-28T19:57:03.062+0000] {logging_mixin.py:190} INFO - Task instance in success state
[2024-09-28T19:57:03.063+0000] {logging_mixin.py:190} INFO -  Previous state of the Task instance: running
[2024-09-28T19:57:03.064+0000] {logging_mixin.py:190} INFO - Dag name:tutorial queued_at:2024-09-28 19:57:00.684297+00:00
[2024-09-28T19:57:03.064+0000] {logging_mixin.py:190} INFO - Task hostname:72cb08bb7cad operator:BashOperator
[2024-09-28T19:57:03.107+0000] {local_task_job_runner.py:266} INFO - Task exited with return code 0
[2024-09-28T19:57:03.127+0000] {taskinstance.py:3900} INFO - 2 downstream tasks scheduled from follow-on schedule check
[2024-09-28T19:57:03.129+0000] {local_task_job_runner.py:245} INFO - ::endgroup::
