[2024-10-25T02:34:52.654+0000] {local_task_job_runner.py:123} INFO - ::group::Pre task execution logs
[2024-10-25T02:34:52.671+0000] {taskinstance.py:2612} INFO - Dependencies all met for dep_context=non-requeueable deps ti=<TaskInstance: inserir_dados_mongodb.check_existing_data manual__2024-10-25T02:34:49.363166+00:00 [queued]>
[2024-10-25T02:34:52.680+0000] {taskinstance.py:2612} INFO - Dependencies all met for dep_context=requeueable deps ti=<TaskInstance: inserir_dados_mongodb.check_existing_data manual__2024-10-25T02:34:49.363166+00:00 [queued]>
[2024-10-25T02:34:52.681+0000] {taskinstance.py:2865} INFO - Starting attempt 1 of 2
[2024-10-25T02:34:52.698+0000] {taskinstance.py:2888} INFO - Executing <Task(PythonOperator): check_existing_data> on 2024-10-25 02:34:49.363166+00:00
[2024-10-25T02:34:52.706+0000] {warnings.py:112} WARNING - /home/***/.local/lib/python3.12/site-packages/***/task/task_runner/standard_task_runner.py:70: DeprecationWarning: This process (pid=5554) is multi-threaded, use of fork() may lead to deadlocks in the child.
  pid = os.fork()

[2024-10-25T02:34:52.709+0000] {standard_task_runner.py:72} INFO - Started process 5556 to run task
[2024-10-25T02:34:52.708+0000] {standard_task_runner.py:104} INFO - Running: ['***', 'tasks', 'run', 'inserir_dados_mongodb', 'check_existing_data', 'manual__2024-10-25T02:34:49.363166+00:00', '--job-id', '38', '--raw', '--subdir', 'DAGS_FOLDER/dag_save_mongodb_v3.py', '--cfg-path', '/tmp/tmp69uda8g2']
[2024-10-25T02:34:52.712+0000] {standard_task_runner.py:105} INFO - Job 38: Subtask check_existing_data
[2024-10-25T02:34:52.766+0000] {task_command.py:467} INFO - Running <TaskInstance: inserir_dados_mongodb.check_existing_data manual__2024-10-25T02:34:49.363166+00:00 [running]> on host a0ed19d3458a
[2024-10-25T02:34:52.872+0000] {taskinstance.py:3131} INFO - Exporting env vars: AIRFLOW_CTX_DAG_OWNER='user' AIRFLOW_CTX_DAG_ID='inserir_dados_mongodb' AIRFLOW_CTX_TASK_ID='check_existing_data' AIRFLOW_CTX_EXECUTION_DATE='2024-10-25T02:34:49.363166+00:00' AIRFLOW_CTX_TRY_NUMBER='1' AIRFLOW_CTX_DAG_RUN_ID='manual__2024-10-25T02:34:49.363166+00:00'
[2024-10-25T02:34:52.874+0000] {taskinstance.py:731} INFO - ::endgroup::
[2024-10-25T02:34:52.909+0000] {logging_mixin.py:190} INFO - Registro sem campo 'id': [
[2024-10-25T02:34:52.911+0000] {logging_mixin.py:190} INFO - Registro sem campo 'id': {
[2024-10-25T02:34:52.912+0000] {logging_mixin.py:190} INFO - Registro sem campo 'id': '
[2024-10-25T02:34:52.913+0000] {logging_mixin.py:190} INFO - Registro sem campo 'id': i
[2024-10-25T02:34:52.914+0000] {logging_mixin.py:190} INFO - Registro sem campo 'id': d
[2024-10-25T02:34:52.915+0000] {logging_mixin.py:190} INFO - Registro sem campo 'id': '
[2024-10-25T02:34:52.916+0000] {logging_mixin.py:190} INFO - Registro sem campo 'id': :
[2024-10-25T02:34:52.917+0000] {logging_mixin.py:190} INFO - Registro sem campo 'id':  
[2024-10-25T02:34:52.917+0000] {logging_mixin.py:190} INFO - Registro sem campo 'id': 1
[2024-10-25T02:34:52.918+0000] {logging_mixin.py:190} INFO - Registro sem campo 'id': ,
[2024-10-25T02:34:52.919+0000] {logging_mixin.py:190} INFO - Registro sem campo 'id':  
[2024-10-25T02:34:52.920+0000] {logging_mixin.py:190} INFO - Registro sem campo 'id': '
[2024-10-25T02:34:52.920+0000] {logging_mixin.py:190} INFO - Registro sem campo 'id': n
[2024-10-25T02:34:52.921+0000] {logging_mixin.py:190} INFO - Registro sem campo 'id': o
[2024-10-25T02:34:52.921+0000] {logging_mixin.py:190} INFO - Registro sem campo 'id': m
[2024-10-25T02:34:52.922+0000] {logging_mixin.py:190} INFO - Registro sem campo 'id': e
[2024-10-25T02:34:52.922+0000] {logging_mixin.py:190} INFO - Registro sem campo 'id': '
[2024-10-25T02:34:52.923+0000] {logging_mixin.py:190} INFO - Registro sem campo 'id': :
[2024-10-25T02:34:52.923+0000] {logging_mixin.py:190} INFO - Registro sem campo 'id':  
[2024-10-25T02:34:52.924+0000] {logging_mixin.py:190} INFO - Registro sem campo 'id': '
[2024-10-25T02:34:52.925+0000] {logging_mixin.py:190} INFO - Registro sem campo 'id': A
[2024-10-25T02:34:52.925+0000] {logging_mixin.py:190} INFO - Registro sem campo 'id': l
[2024-10-25T02:34:52.926+0000] {logging_mixin.py:190} INFO - Registro sem campo 'id': i
[2024-10-25T02:34:52.926+0000] {logging_mixin.py:190} INFO - Registro sem campo 'id': c
[2024-10-25T02:34:52.927+0000] {logging_mixin.py:190} INFO - Registro sem campo 'id': e
[2024-10-25T02:34:52.927+0000] {logging_mixin.py:190} INFO - Registro sem campo 'id':  
[2024-10-25T02:34:52.928+0000] {logging_mixin.py:190} INFO - Registro sem campo 'id': S
[2024-10-25T02:34:52.928+0000] {logging_mixin.py:190} INFO - Registro sem campo 'id': i
[2024-10-25T02:34:52.929+0000] {logging_mixin.py:190} INFO - Registro sem campo 'id': l
[2024-10-25T02:34:52.929+0000] {logging_mixin.py:190} INFO - Registro sem campo 'id': v
[2024-10-25T02:34:52.930+0000] {logging_mixin.py:190} INFO - Registro sem campo 'id': a
[2024-10-25T02:34:52.930+0000] {logging_mixin.py:190} INFO - Registro sem campo 'id': '
[2024-10-25T02:34:52.930+0000] {logging_mixin.py:190} INFO - Registro sem campo 'id': ,
[2024-10-25T02:34:52.931+0000] {logging_mixin.py:190} INFO - Registro sem campo 'id':  
[2024-10-25T02:34:52.931+0000] {logging_mixin.py:190} INFO - Registro sem campo 'id': '
[2024-10-25T02:34:52.932+0000] {logging_mixin.py:190} INFO - Registro sem campo 'id': e
[2024-10-25T02:34:52.932+0000] {logging_mixin.py:190} INFO - Registro sem campo 'id': m
[2024-10-25T02:34:52.933+0000] {logging_mixin.py:190} INFO - Registro sem campo 'id': a
[2024-10-25T02:34:52.933+0000] {logging_mixin.py:190} INFO - Registro sem campo 'id': i
[2024-10-25T02:34:52.933+0000] {logging_mixin.py:190} INFO - Registro sem campo 'id': l
[2024-10-25T02:34:52.934+0000] {logging_mixin.py:190} INFO - Registro sem campo 'id': '
[2024-10-25T02:34:52.934+0000] {logging_mixin.py:190} INFO - Registro sem campo 'id': :
[2024-10-25T02:34:52.935+0000] {logging_mixin.py:190} INFO - Registro sem campo 'id':  
[2024-10-25T02:34:52.935+0000] {logging_mixin.py:190} INFO - Registro sem campo 'id': '
[2024-10-25T02:34:52.935+0000] {logging_mixin.py:190} INFO - Registro sem campo 'id': a
[2024-10-25T02:34:52.936+0000] {logging_mixin.py:190} INFO - Registro sem campo 'id': l
[2024-10-25T02:34:52.936+0000] {logging_mixin.py:190} INFO - Registro sem campo 'id': i
[2024-10-25T02:34:52.937+0000] {logging_mixin.py:190} INFO - Registro sem campo 'id': c
[2024-10-25T02:34:52.937+0000] {logging_mixin.py:190} INFO - Registro sem campo 'id': e
[2024-10-25T02:34:52.937+0000] {logging_mixin.py:190} INFO - Registro sem campo 'id': .
[2024-10-25T02:34:52.938+0000] {logging_mixin.py:190} INFO - Registro sem campo 'id': s
[2024-10-25T02:34:52.938+0000] {logging_mixin.py:190} INFO - Registro sem campo 'id': i
[2024-10-25T02:34:52.939+0000] {logging_mixin.py:190} INFO - Registro sem campo 'id': l
[2024-10-25T02:34:52.939+0000] {logging_mixin.py:190} INFO - Registro sem campo 'id': v
[2024-10-25T02:34:52.940+0000] {logging_mixin.py:190} INFO - Registro sem campo 'id': a
[2024-10-25T02:34:52.940+0000] {logging_mixin.py:190} INFO - Registro sem campo 'id': @
[2024-10-25T02:34:52.941+0000] {logging_mixin.py:190} INFO - Registro sem campo 'id': e
[2024-10-25T02:34:52.941+0000] {logging_mixin.py:190} INFO - Registro sem campo 'id': m
[2024-10-25T02:34:52.941+0000] {logging_mixin.py:190} INFO - Registro sem campo 'id': a
[2024-10-25T02:34:52.942+0000] {logging_mixin.py:190} INFO - Registro sem campo 'id': i
[2024-10-25T02:34:52.942+0000] {logging_mixin.py:190} INFO - Registro sem campo 'id': l
[2024-10-25T02:34:52.943+0000] {logging_mixin.py:190} INFO - Registro sem campo 'id': .
[2024-10-25T02:34:52.943+0000] {logging_mixin.py:190} INFO - Registro sem campo 'id': c
[2024-10-25T02:34:52.943+0000] {logging_mixin.py:190} INFO - Registro sem campo 'id': o
[2024-10-25T02:34:52.944+0000] {logging_mixin.py:190} INFO - Registro sem campo 'id': m
[2024-10-25T02:34:52.944+0000] {logging_mixin.py:190} INFO - Registro sem campo 'id': '
[2024-10-25T02:34:52.945+0000] {logging_mixin.py:190} INFO - Registro sem campo 'id': ,
[2024-10-25T02:34:52.945+0000] {logging_mixin.py:190} INFO - Registro sem campo 'id':  
[2024-10-25T02:34:52.945+0000] {logging_mixin.py:190} INFO - Registro sem campo 'id': '
[2024-10-25T02:34:52.946+0000] {logging_mixin.py:190} INFO - Registro sem campo 'id': t
[2024-10-25T02:34:52.946+0000] {logging_mixin.py:190} INFO - Registro sem campo 'id': e
[2024-10-25T02:34:52.947+0000] {logging_mixin.py:190} INFO - Registro sem campo 'id': l
[2024-10-25T02:34:52.947+0000] {logging_mixin.py:190} INFO - Registro sem campo 'id': e
[2024-10-25T02:34:52.947+0000] {logging_mixin.py:190} INFO - Registro sem campo 'id': f
[2024-10-25T02:34:52.948+0000] {logging_mixin.py:190} INFO - Registro sem campo 'id': o
[2024-10-25T02:34:52.948+0000] {logging_mixin.py:190} INFO - Registro sem campo 'id': n
[2024-10-25T02:34:52.949+0000] {logging_mixin.py:190} INFO - Registro sem campo 'id': e
[2024-10-25T02:34:52.949+0000] {logging_mixin.py:190} INFO - Registro sem campo 'id': '
[2024-10-25T02:34:52.950+0000] {logging_mixin.py:190} INFO - Registro sem campo 'id': :
[2024-10-25T02:34:52.950+0000] {logging_mixin.py:190} INFO - Registro sem campo 'id':  
[2024-10-25T02:34:52.951+0000] {logging_mixin.py:190} INFO - Registro sem campo 'id': '
[2024-10-25T02:34:52.951+0000] {logging_mixin.py:190} INFO - Registro sem campo 'id': (
[2024-10-25T02:34:52.952+0000] {logging_mixin.py:190} INFO - Registro sem campo 'id': 1
[2024-10-25T02:34:52.952+0000] {logging_mixin.py:190} INFO - Registro sem campo 'id': 1
[2024-10-25T02:34:52.953+0000] {logging_mixin.py:190} INFO - Registro sem campo 'id': )
[2024-10-25T02:34:52.953+0000] {logging_mixin.py:190} INFO - Registro sem campo 'id':  
[2024-10-25T02:34:52.954+0000] {logging_mixin.py:190} INFO - Registro sem campo 'id': 9
[2024-10-25T02:34:52.954+0000] {logging_mixin.py:190} INFO - Registro sem campo 'id': 8
[2024-10-25T02:34:52.955+0000] {logging_mixin.py:190} INFO - Registro sem campo 'id': 7
[2024-10-25T02:34:52.955+0000] {logging_mixin.py:190} INFO - Registro sem campo 'id': 6
[2024-10-25T02:34:52.956+0000] {logging_mixin.py:190} INFO - Registro sem campo 'id': 5
[2024-10-25T02:34:52.956+0000] {logging_mixin.py:190} INFO - Registro sem campo 'id': -
[2024-10-25T02:34:52.957+0000] {logging_mixin.py:190} INFO - Registro sem campo 'id': 4
[2024-10-25T02:34:52.957+0000] {logging_mixin.py:190} INFO - Registro sem campo 'id': 3
[2024-10-25T02:34:52.958+0000] {logging_mixin.py:190} INFO - Registro sem campo 'id': 2
[2024-10-25T02:34:52.958+0000] {logging_mixin.py:190} INFO - Registro sem campo 'id': 1
[2024-10-25T02:34:52.958+0000] {logging_mixin.py:190} INFO - Registro sem campo 'id': '
[2024-10-25T02:34:52.959+0000] {logging_mixin.py:190} INFO - Registro sem campo 'id': ,
[2024-10-25T02:34:52.959+0000] {logging_mixin.py:190} INFO - Registro sem campo 'id':  
[2024-10-25T02:34:52.960+0000] {logging_mixin.py:190} INFO - Registro sem campo 'id': '
[2024-10-25T02:34:52.960+0000] {logging_mixin.py:190} INFO - Registro sem campo 'id': d
[2024-10-25T02:34:52.961+0000] {logging_mixin.py:190} INFO - Registro sem campo 'id': a
[2024-10-25T02:34:52.961+0000] {logging_mixin.py:190} INFO - Registro sem campo 'id': t
[2024-10-25T02:34:52.962+0000] {logging_mixin.py:190} INFO - Registro sem campo 'id': a
[2024-10-25T02:34:52.962+0000] {logging_mixin.py:190} INFO - Registro sem campo 'id': _
[2024-10-25T02:34:52.963+0000] {logging_mixin.py:190} INFO - Registro sem campo 'id': n
[2024-10-25T02:34:52.963+0000] {logging_mixin.py:190} INFO - Registro sem campo 'id': a
[2024-10-25T02:34:52.964+0000] {logging_mixin.py:190} INFO - Registro sem campo 'id': s
[2024-10-25T02:34:52.964+0000] {logging_mixin.py:190} INFO - Registro sem campo 'id': c
[2024-10-25T02:34:52.964+0000] {logging_mixin.py:190} INFO - Registro sem campo 'id': i
[2024-10-25T02:34:52.965+0000] {logging_mixin.py:190} INFO - Registro sem campo 'id': m
[2024-10-25T02:34:52.965+0000] {logging_mixin.py:190} INFO - Registro sem campo 'id': e
[2024-10-25T02:34:52.966+0000] {logging_mixin.py:190} INFO - Registro sem campo 'id': n
[2024-10-25T02:34:52.966+0000] {logging_mixin.py:190} INFO - Registro sem campo 'id': t
[2024-10-25T02:34:52.967+0000] {logging_mixin.py:190} INFO - Registro sem campo 'id': o
[2024-10-25T02:34:52.967+0000] {logging_mixin.py:190} INFO - Registro sem campo 'id': '
[2024-10-25T02:34:52.967+0000] {logging_mixin.py:190} INFO - Registro sem campo 'id': :
[2024-10-25T02:34:52.968+0000] {logging_mixin.py:190} INFO - Registro sem campo 'id':  
[2024-10-25T02:34:52.968+0000] {logging_mixin.py:190} INFO - Registro sem campo 'id': '
[2024-10-25T02:34:52.969+0000] {logging_mixin.py:190} INFO - Registro sem campo 'id': 1
[2024-10-25T02:34:52.970+0000] {logging_mixin.py:190} INFO - Registro sem campo 'id': 9
[2024-10-25T02:34:52.970+0000] {logging_mixin.py:190} INFO - Registro sem campo 'id': 9
[2024-10-25T02:34:52.971+0000] {logging_mixin.py:190} INFO - Registro sem campo 'id': 0
[2024-10-25T02:34:52.971+0000] {logging_mixin.py:190} INFO - Registro sem campo 'id': -
[2024-10-25T02:34:52.972+0000] {logging_mixin.py:190} INFO - Registro sem campo 'id': 0
[2024-10-25T02:34:52.972+0000] {logging_mixin.py:190} INFO - Registro sem campo 'id': 5
[2024-10-25T02:34:52.973+0000] {logging_mixin.py:190} INFO - Registro sem campo 'id': -
[2024-10-25T02:34:52.973+0000] {logging_mixin.py:190} INFO - Registro sem campo 'id': 1
[2024-10-25T02:34:52.974+0000] {logging_mixin.py:190} INFO - Registro sem campo 'id': 2
[2024-10-25T02:34:52.974+0000] {logging_mixin.py:190} INFO - Registro sem campo 'id': '
[2024-10-25T02:34:52.974+0000] {logging_mixin.py:190} INFO - Registro sem campo 'id': ,
[2024-10-25T02:34:52.975+0000] {logging_mixin.py:190} INFO - Registro sem campo 'id':  
[2024-10-25T02:34:52.975+0000] {logging_mixin.py:190} INFO - Registro sem campo 'id': '
[2024-10-25T02:34:52.975+0000] {logging_mixin.py:190} INFO - Registro sem campo 'id': s
[2024-10-25T02:34:52.976+0000] {logging_mixin.py:190} INFO - Registro sem campo 'id': e
[2024-10-25T02:34:52.976+0000] {logging_mixin.py:190} INFO - Registro sem campo 'id': x
[2024-10-25T02:34:52.977+0000] {logging_mixin.py:190} INFO - Registro sem campo 'id': o
[2024-10-25T02:34:52.977+0000] {logging_mixin.py:190} INFO - Registro sem campo 'id': '
[2024-10-25T02:34:52.977+0000] {logging_mixin.py:190} INFO - Registro sem campo 'id': :
[2024-10-25T02:34:52.978+0000] {logging_mixin.py:190} INFO - Registro sem campo 'id':  
[2024-10-25T02:34:52.978+0000] {logging_mixin.py:190} INFO - Registro sem campo 'id': '
[2024-10-25T02:34:52.978+0000] {logging_mixin.py:190} INFO - Registro sem campo 'id': F
[2024-10-25T02:34:52.979+0000] {logging_mixin.py:190} INFO - Registro sem campo 'id': e
[2024-10-25T02:34:52.979+0000] {logging_mixin.py:190} INFO - Registro sem campo 'id': m
[2024-10-25T02:34:52.980+0000] {logging_mixin.py:190} INFO - Registro sem campo 'id': i
[2024-10-25T02:34:52.980+0000] {logging_mixin.py:190} INFO - Registro sem campo 'id': n
[2024-10-25T02:34:52.981+0000] {logging_mixin.py:190} INFO - Registro sem campo 'id': i
[2024-10-25T02:34:52.981+0000] {logging_mixin.py:190} INFO - Registro sem campo 'id': n
[2024-10-25T02:34:52.981+0000] {logging_mixin.py:190} INFO - Registro sem campo 'id': o
[2024-10-25T02:34:52.982+0000] {logging_mixin.py:190} INFO - Registro sem campo 'id': '
[2024-10-25T02:34:52.982+0000] {logging_mixin.py:190} INFO - Registro sem campo 'id': ,
[2024-10-25T02:34:52.982+0000] {logging_mixin.py:190} INFO - Registro sem campo 'id':  
[2024-10-25T02:34:52.983+0000] {logging_mixin.py:190} INFO - Registro sem campo 'id': '
[2024-10-25T02:34:52.983+0000] {logging_mixin.py:190} INFO - Registro sem campo 'id': c
[2024-10-25T02:34:52.984+0000] {logging_mixin.py:190} INFO - Registro sem campo 'id': i
[2024-10-25T02:34:52.984+0000] {logging_mixin.py:190} INFO - Registro sem campo 'id': d
[2024-10-25T02:34:52.984+0000] {logging_mixin.py:190} INFO - Registro sem campo 'id': a
[2024-10-25T02:34:52.985+0000] {logging_mixin.py:190} INFO - Registro sem campo 'id': d
[2024-10-25T02:34:52.985+0000] {logging_mixin.py:190} INFO - Registro sem campo 'id': e
[2024-10-25T02:34:52.986+0000] {logging_mixin.py:190} INFO - Registro sem campo 'id': '
[2024-10-25T02:34:52.986+0000] {logging_mixin.py:190} INFO - Registro sem campo 'id': :
[2024-10-25T02:34:52.986+0000] {logging_mixin.py:190} INFO - Registro sem campo 'id':  
[2024-10-25T02:34:52.987+0000] {logging_mixin.py:190} INFO - Registro sem campo 'id': '
[2024-10-25T02:34:52.987+0000] {logging_mixin.py:190} INFO - Registro sem campo 'id': S
[2024-10-25T02:34:52.988+0000] {logging_mixin.py:190} INFO - Registro sem campo 'id': ã
[2024-10-25T02:34:52.988+0000] {logging_mixin.py:190} INFO - Registro sem campo 'id': o
[2024-10-25T02:34:52.989+0000] {logging_mixin.py:190} INFO - Registro sem campo 'id':  
[2024-10-25T02:34:52.989+0000] {logging_mixin.py:190} INFO - Registro sem campo 'id': P
[2024-10-25T02:34:52.990+0000] {logging_mixin.py:190} INFO - Registro sem campo 'id': a
[2024-10-25T02:34:52.990+0000] {logging_mixin.py:190} INFO - Registro sem campo 'id': u
[2024-10-25T02:34:52.991+0000] {logging_mixin.py:190} INFO - Registro sem campo 'id': l
[2024-10-25T02:34:52.991+0000] {logging_mixin.py:190} INFO - Registro sem campo 'id': o
[2024-10-25T02:34:52.991+0000] {logging_mixin.py:190} INFO - Registro sem campo 'id': '
[2024-10-25T02:34:52.992+0000] {logging_mixin.py:190} INFO - Registro sem campo 'id': ,
[2024-10-25T02:34:52.992+0000] {logging_mixin.py:190} INFO - Registro sem campo 'id':  
[2024-10-25T02:34:52.993+0000] {logging_mixin.py:190} INFO - Registro sem campo 'id': '
[2024-10-25T02:34:52.993+0000] {logging_mixin.py:190} INFO - Registro sem campo 'id': e
[2024-10-25T02:34:52.994+0000] {logging_mixin.py:190} INFO - Registro sem campo 'id': s
[2024-10-25T02:34:52.994+0000] {logging_mixin.py:190} INFO - Registro sem campo 'id': t
[2024-10-25T02:34:52.995+0000] {logging_mixin.py:190} INFO - Registro sem campo 'id': a
[2024-10-25T02:34:52.995+0000] {logging_mixin.py:190} INFO - Registro sem campo 'id': d
[2024-10-25T02:34:52.996+0000] {logging_mixin.py:190} INFO - Registro sem campo 'id': o
[2024-10-25T02:34:52.996+0000] {logging_mixin.py:190} INFO - Registro sem campo 'id': '
[2024-10-25T02:34:52.997+0000] {logging_mixin.py:190} INFO - Registro sem campo 'id': :
[2024-10-25T02:34:52.997+0000] {logging_mixin.py:190} INFO - Registro sem campo 'id':  
[2024-10-25T02:34:52.998+0000] {logging_mixin.py:190} INFO - Registro sem campo 'id': '
[2024-10-25T02:34:52.998+0000] {logging_mixin.py:190} INFO - Registro sem campo 'id': S
[2024-10-25T02:34:52.998+0000] {logging_mixin.py:190} INFO - Registro sem campo 'id': P
[2024-10-25T02:34:52.999+0000] {logging_mixin.py:190} INFO - Registro sem campo 'id': '
[2024-10-25T02:34:52.999+0000] {logging_mixin.py:190} INFO - Registro sem campo 'id': }
[2024-10-25T02:34:53.000+0000] {logging_mixin.py:190} INFO - Registro sem campo 'id': ,
[2024-10-25T02:34:53.000+0000] {logging_mixin.py:190} INFO - Registro sem campo 'id':  
[2024-10-25T02:34:53.001+0000] {logging_mixin.py:190} INFO - Registro sem campo 'id': {
[2024-10-25T02:34:53.001+0000] {logging_mixin.py:190} INFO - Registro sem campo 'id': '
[2024-10-25T02:34:53.002+0000] {logging_mixin.py:190} INFO - Registro sem campo 'id': i
[2024-10-25T02:34:53.002+0000] {logging_mixin.py:190} INFO - Registro sem campo 'id': d
[2024-10-25T02:34:53.003+0000] {logging_mixin.py:190} INFO - Registro sem campo 'id': '
[2024-10-25T02:34:53.003+0000] {logging_mixin.py:190} INFO - Registro sem campo 'id': :
[2024-10-25T02:34:53.004+0000] {logging_mixin.py:190} INFO - Registro sem campo 'id':  
[2024-10-25T02:34:53.004+0000] {logging_mixin.py:190} INFO - Registro sem campo 'id': 2
[2024-10-25T02:34:53.005+0000] {logging_mixin.py:190} INFO - Registro sem campo 'id': ,
[2024-10-25T02:34:53.005+0000] {logging_mixin.py:190} INFO - Registro sem campo 'id':  
[2024-10-25T02:34:53.006+0000] {logging_mixin.py:190} INFO - Registro sem campo 'id': '
[2024-10-25T02:34:53.006+0000] {logging_mixin.py:190} INFO - Registro sem campo 'id': n
[2024-10-25T02:34:53.007+0000] {logging_mixin.py:190} INFO - Registro sem campo 'id': o
[2024-10-25T02:34:53.007+0000] {logging_mixin.py:190} INFO - Registro sem campo 'id': m
[2024-10-25T02:34:53.007+0000] {logging_mixin.py:190} INFO - Registro sem campo 'id': e
[2024-10-25T02:34:53.008+0000] {logging_mixin.py:190} INFO - Registro sem campo 'id': '
[2024-10-25T02:34:53.008+0000] {logging_mixin.py:190} INFO - Registro sem campo 'id': :
[2024-10-25T02:34:53.009+0000] {logging_mixin.py:190} INFO - Registro sem campo 'id':  
[2024-10-25T02:34:53.009+0000] {logging_mixin.py:190} INFO - Registro sem campo 'id': '
[2024-10-25T02:34:53.010+0000] {logging_mixin.py:190} INFO - Registro sem campo 'id': B
[2024-10-25T02:34:53.010+0000] {logging_mixin.py:190} INFO - Registro sem campo 'id': o
[2024-10-25T02:34:53.011+0000] {logging_mixin.py:190} INFO - Registro sem campo 'id': b
[2024-10-25T02:34:53.011+0000] {logging_mixin.py:190} INFO - Registro sem campo 'id':  
[2024-10-25T02:34:53.012+0000] {logging_mixin.py:190} INFO - Registro sem campo 'id': O
[2024-10-25T02:34:53.012+0000] {logging_mixin.py:190} INFO - Registro sem campo 'id': l
[2024-10-25T02:34:53.012+0000] {logging_mixin.py:190} INFO - Registro sem campo 'id': i
[2024-10-25T02:34:53.013+0000] {logging_mixin.py:190} INFO - Registro sem campo 'id': v
[2024-10-25T02:34:53.013+0000] {logging_mixin.py:190} INFO - Registro sem campo 'id': e
[2024-10-25T02:34:53.014+0000] {logging_mixin.py:190} INFO - Registro sem campo 'id': i
[2024-10-25T02:34:53.014+0000] {logging_mixin.py:190} INFO - Registro sem campo 'id': r
[2024-10-25T02:34:53.015+0000] {logging_mixin.py:190} INFO - Registro sem campo 'id': a
[2024-10-25T02:34:53.015+0000] {logging_mixin.py:190} INFO - Registro sem campo 'id': '
[2024-10-25T02:34:53.016+0000] {logging_mixin.py:190} INFO - Registro sem campo 'id': ,
[2024-10-25T02:34:53.016+0000] {logging_mixin.py:190} INFO - Registro sem campo 'id':  
[2024-10-25T02:34:53.017+0000] {logging_mixin.py:190} INFO - Registro sem campo 'id': '
[2024-10-25T02:34:53.017+0000] {logging_mixin.py:190} INFO - Registro sem campo 'id': e
[2024-10-25T02:34:53.018+0000] {logging_mixin.py:190} INFO - Registro sem campo 'id': m
[2024-10-25T02:34:53.018+0000] {logging_mixin.py:190} INFO - Registro sem campo 'id': a
[2024-10-25T02:34:53.018+0000] {logging_mixin.py:190} INFO - Registro sem campo 'id': i
[2024-10-25T02:34:53.019+0000] {logging_mixin.py:190} INFO - Registro sem campo 'id': l
[2024-10-25T02:34:53.019+0000] {logging_mixin.py:190} INFO - Registro sem campo 'id': '
[2024-10-25T02:34:53.020+0000] {logging_mixin.py:190} INFO - Registro sem campo 'id': :
[2024-10-25T02:34:53.020+0000] {logging_mixin.py:190} INFO - Registro sem campo 'id':  
[2024-10-25T02:34:53.020+0000] {logging_mixin.py:190} INFO - Registro sem campo 'id': '
[2024-10-25T02:34:53.021+0000] {logging_mixin.py:190} INFO - Registro sem campo 'id': b
[2024-10-25T02:34:53.021+0000] {logging_mixin.py:190} INFO - Registro sem campo 'id': o
[2024-10-25T02:34:53.022+0000] {logging_mixin.py:190} INFO - Registro sem campo 'id': b
[2024-10-25T02:34:53.022+0000] {logging_mixin.py:190} INFO - Registro sem campo 'id': .
[2024-10-25T02:34:53.022+0000] {logging_mixin.py:190} INFO - Registro sem campo 'id': o
[2024-10-25T02:34:53.023+0000] {logging_mixin.py:190} INFO - Registro sem campo 'id': l
[2024-10-25T02:34:53.023+0000] {logging_mixin.py:190} INFO - Registro sem campo 'id': i
[2024-10-25T02:34:53.024+0000] {logging_mixin.py:190} INFO - Registro sem campo 'id': v
[2024-10-25T02:34:53.024+0000] {logging_mixin.py:190} INFO - Registro sem campo 'id': e
[2024-10-25T02:34:53.024+0000] {logging_mixin.py:190} INFO - Registro sem campo 'id': i
[2024-10-25T02:34:53.025+0000] {logging_mixin.py:190} INFO - Registro sem campo 'id': r
[2024-10-25T02:34:53.025+0000] {logging_mixin.py:190} INFO - Registro sem campo 'id': a
[2024-10-25T02:34:53.025+0000] {logging_mixin.py:190} INFO - Registro sem campo 'id': @
[2024-10-25T02:34:53.026+0000] {logging_mixin.py:190} INFO - Registro sem campo 'id': e
[2024-10-25T02:34:53.026+0000] {logging_mixin.py:190} INFO - Registro sem campo 'id': m
[2024-10-25T02:34:53.027+0000] {logging_mixin.py:190} INFO - Registro sem campo 'id': a
[2024-10-25T02:34:53.027+0000] {logging_mixin.py:190} INFO - Registro sem campo 'id': i
[2024-10-25T02:34:53.027+0000] {logging_mixin.py:190} INFO - Registro sem campo 'id': l
[2024-10-25T02:34:53.028+0000] {logging_mixin.py:190} INFO - Registro sem campo 'id': .
[2024-10-25T02:34:53.028+0000] {logging_mixin.py:190} INFO - Registro sem campo 'id': c
[2024-10-25T02:34:53.029+0000] {logging_mixin.py:190} INFO - Registro sem campo 'id': o
[2024-10-25T02:34:53.029+0000] {logging_mixin.py:190} INFO - Registro sem campo 'id': m
[2024-10-25T02:34:53.029+0000] {logging_mixin.py:190} INFO - Registro sem campo 'id': '
[2024-10-25T02:34:53.030+0000] {logging_mixin.py:190} INFO - Registro sem campo 'id': ,
[2024-10-25T02:34:53.030+0000] {logging_mixin.py:190} INFO - Registro sem campo 'id':  
[2024-10-25T02:34:53.031+0000] {logging_mixin.py:190} INFO - Registro sem campo 'id': '
[2024-10-25T02:34:53.031+0000] {logging_mixin.py:190} INFO - Registro sem campo 'id': t
[2024-10-25T02:34:53.031+0000] {logging_mixin.py:190} INFO - Registro sem campo 'id': e
[2024-10-25T02:34:53.032+0000] {logging_mixin.py:190} INFO - Registro sem campo 'id': l
[2024-10-25T02:34:53.033+0000] {logging_mixin.py:190} INFO - Registro sem campo 'id': e
[2024-10-25T02:34:53.033+0000] {logging_mixin.py:190} INFO - Registro sem campo 'id': f
[2024-10-25T02:34:53.036+0000] {logging_mixin.py:190} INFO - Registro sem campo 'id': o
[2024-10-25T02:34:53.037+0000] {logging_mixin.py:190} INFO - Registro sem campo 'id': n
[2024-10-25T02:34:53.038+0000] {logging_mixin.py:190} INFO - Registro sem campo 'id': e
[2024-10-25T02:34:53.039+0000] {logging_mixin.py:190} INFO - Registro sem campo 'id': '
[2024-10-25T02:34:53.040+0000] {logging_mixin.py:190} INFO - Registro sem campo 'id': :
[2024-10-25T02:34:53.041+0000] {logging_mixin.py:190} INFO - Registro sem campo 'id':  
[2024-10-25T02:34:53.043+0000] {logging_mixin.py:190} INFO - Registro sem campo 'id': '
[2024-10-25T02:34:53.044+0000] {logging_mixin.py:190} INFO - Registro sem campo 'id': (
[2024-10-25T02:34:53.045+0000] {logging_mixin.py:190} INFO - Registro sem campo 'id': 2
[2024-10-25T02:34:53.045+0000] {logging_mixin.py:190} INFO - Registro sem campo 'id': 1
[2024-10-25T02:34:53.046+0000] {logging_mixin.py:190} INFO - Registro sem campo 'id': )
[2024-10-25T02:34:53.047+0000] {logging_mixin.py:190} INFO - Registro sem campo 'id':  
[2024-10-25T02:34:53.048+0000] {logging_mixin.py:190} INFO - Registro sem campo 'id': 9
[2024-10-25T02:34:53.048+0000] {logging_mixin.py:190} INFO - Registro sem campo 'id': 7
[2024-10-25T02:34:53.049+0000] {logging_mixin.py:190} INFO - Registro sem campo 'id': 6
[2024-10-25T02:34:53.050+0000] {logging_mixin.py:190} INFO - Registro sem campo 'id': 5
[2024-10-25T02:34:53.050+0000] {logging_mixin.py:190} INFO - Registro sem campo 'id': 4
[2024-10-25T02:34:53.051+0000] {logging_mixin.py:190} INFO - Registro sem campo 'id': -
[2024-10-25T02:34:53.051+0000] {logging_mixin.py:190} INFO - Registro sem campo 'id': 3
[2024-10-25T02:34:53.052+0000] {logging_mixin.py:190} INFO - Registro sem campo 'id': 2
[2024-10-25T02:34:53.053+0000] {logging_mixin.py:190} INFO - Registro sem campo 'id': 1
[2024-10-25T02:34:53.053+0000] {logging_mixin.py:190} INFO - Registro sem campo 'id': 0
[2024-10-25T02:34:53.054+0000] {logging_mixin.py:190} INFO - Registro sem campo 'id': '
[2024-10-25T02:34:53.055+0000] {logging_mixin.py:190} INFO - Registro sem campo 'id': ,
[2024-10-25T02:34:53.056+0000] {logging_mixin.py:190} INFO - Registro sem campo 'id':  
[2024-10-25T02:34:53.056+0000] {logging_mixin.py:190} INFO - Registro sem campo 'id': '
[2024-10-25T02:34:53.057+0000] {logging_mixin.py:190} INFO - Registro sem campo 'id': d
[2024-10-25T02:34:53.058+0000] {logging_mixin.py:190} INFO - Registro sem campo 'id': a
[2024-10-25T02:34:53.059+0000] {logging_mixin.py:190} INFO - Registro sem campo 'id': t
[2024-10-25T02:34:53.059+0000] {logging_mixin.py:190} INFO - Registro sem campo 'id': a
[2024-10-25T02:34:53.060+0000] {logging_mixin.py:190} INFO - Registro sem campo 'id': _
[2024-10-25T02:34:53.060+0000] {logging_mixin.py:190} INFO - Registro sem campo 'id': n
[2024-10-25T02:34:53.061+0000] {logging_mixin.py:190} INFO - Registro sem campo 'id': a
[2024-10-25T02:34:53.061+0000] {logging_mixin.py:190} INFO - Registro sem campo 'id': s
[2024-10-25T02:34:53.062+0000] {logging_mixin.py:190} INFO - Registro sem campo 'id': c
[2024-10-25T02:34:53.062+0000] {logging_mixin.py:190} INFO - Registro sem campo 'id': i
[2024-10-25T02:34:53.063+0000] {logging_mixin.py:190} INFO - Registro sem campo 'id': m
[2024-10-25T02:34:53.063+0000] {logging_mixin.py:190} INFO - Registro sem campo 'id': e
[2024-10-25T02:34:53.064+0000] {logging_mixin.py:190} INFO - Registro sem campo 'id': n
[2024-10-25T02:34:53.064+0000] {logging_mixin.py:190} INFO - Registro sem campo 'id': t
[2024-10-25T02:34:53.065+0000] {logging_mixin.py:190} INFO - Registro sem campo 'id': o
[2024-10-25T02:34:53.066+0000] {logging_mixin.py:190} INFO - Registro sem campo 'id': '
[2024-10-25T02:34:53.066+0000] {logging_mixin.py:190} INFO - Registro sem campo 'id': :
[2024-10-25T02:34:53.067+0000] {logging_mixin.py:190} INFO - Registro sem campo 'id':  
[2024-10-25T02:34:53.067+0000] {logging_mixin.py:190} INFO - Registro sem campo 'id': '
[2024-10-25T02:34:53.068+0000] {logging_mixin.py:190} INFO - Registro sem campo 'id': 1
[2024-10-25T02:34:53.068+0000] {logging_mixin.py:190} INFO - Registro sem campo 'id': 9
[2024-10-25T02:34:53.069+0000] {logging_mixin.py:190} INFO - Registro sem campo 'id': 8
[2024-10-25T02:34:53.069+0000] {logging_mixin.py:190} INFO - Registro sem campo 'id': 5
[2024-10-25T02:34:53.070+0000] {logging_mixin.py:190} INFO - Registro sem campo 'id': -
[2024-10-25T02:34:53.070+0000] {logging_mixin.py:190} INFO - Registro sem campo 'id': 0
[2024-10-25T02:34:53.071+0000] {logging_mixin.py:190} INFO - Registro sem campo 'id': 8
[2024-10-25T02:34:53.071+0000] {logging_mixin.py:190} INFO - Registro sem campo 'id': -
[2024-10-25T02:34:53.072+0000] {logging_mixin.py:190} INFO - Registro sem campo 'id': 2
[2024-10-25T02:34:53.072+0000] {logging_mixin.py:190} INFO - Registro sem campo 'id': 3
[2024-10-25T02:34:53.073+0000] {logging_mixin.py:190} INFO - Registro sem campo 'id': '
[2024-10-25T02:34:53.073+0000] {logging_mixin.py:190} INFO - Registro sem campo 'id': ,
[2024-10-25T02:34:53.074+0000] {logging_mixin.py:190} INFO - Registro sem campo 'id':  
[2024-10-25T02:34:53.074+0000] {logging_mixin.py:190} INFO - Registro sem campo 'id': '
[2024-10-25T02:34:53.075+0000] {logging_mixin.py:190} INFO - Registro sem campo 'id': s
[2024-10-25T02:34:53.075+0000] {logging_mixin.py:190} INFO - Registro sem campo 'id': e
[2024-10-25T02:34:53.076+0000] {logging_mixin.py:190} INFO - Registro sem campo 'id': x
[2024-10-25T02:34:53.076+0000] {logging_mixin.py:190} INFO - Registro sem campo 'id': o
[2024-10-25T02:34:53.077+0000] {logging_mixin.py:190} INFO - Registro sem campo 'id': '
[2024-10-25T02:34:53.077+0000] {logging_mixin.py:190} INFO - Registro sem campo 'id': :
[2024-10-25T02:34:53.078+0000] {logging_mixin.py:190} INFO - Registro sem campo 'id':  
[2024-10-25T02:34:53.078+0000] {logging_mixin.py:190} INFO - Registro sem campo 'id': '
[2024-10-25T02:34:53.079+0000] {logging_mixin.py:190} INFO - Registro sem campo 'id': M
[2024-10-25T02:34:53.079+0000] {logging_mixin.py:190} INFO - Registro sem campo 'id': a
[2024-10-25T02:34:53.080+0000] {logging_mixin.py:190} INFO - Registro sem campo 'id': s
[2024-10-25T02:34:53.080+0000] {logging_mixin.py:190} INFO - Registro sem campo 'id': c
[2024-10-25T02:34:53.081+0000] {logging_mixin.py:190} INFO - Registro sem campo 'id': u
[2024-10-25T02:34:53.081+0000] {logging_mixin.py:190} INFO - Registro sem campo 'id': l
[2024-10-25T02:34:53.082+0000] {logging_mixin.py:190} INFO - Registro sem campo 'id': i
[2024-10-25T02:34:53.082+0000] {logging_mixin.py:190} INFO - Registro sem campo 'id': n
[2024-10-25T02:34:53.083+0000] {logging_mixin.py:190} INFO - Registro sem campo 'id': o
[2024-10-25T02:34:53.083+0000] {logging_mixin.py:190} INFO - Registro sem campo 'id': '
[2024-10-25T02:34:53.084+0000] {logging_mixin.py:190} INFO - Registro sem campo 'id': ,
[2024-10-25T02:34:53.084+0000] {logging_mixin.py:190} INFO - Registro sem campo 'id':  
[2024-10-25T02:34:53.085+0000] {logging_mixin.py:190} INFO - Registro sem campo 'id': '
[2024-10-25T02:34:53.085+0000] {logging_mixin.py:190} INFO - Registro sem campo 'id': c
[2024-10-25T02:34:53.086+0000] {logging_mixin.py:190} INFO - Registro sem campo 'id': i
[2024-10-25T02:34:53.086+0000] {logging_mixin.py:190} INFO - Registro sem campo 'id': d
[2024-10-25T02:34:53.086+0000] {logging_mixin.py:190} INFO - Registro sem campo 'id': a
[2024-10-25T02:34:53.087+0000] {logging_mixin.py:190} INFO - Registro sem campo 'id': d
[2024-10-25T02:34:53.087+0000] {logging_mixin.py:190} INFO - Registro sem campo 'id': e
[2024-10-25T02:34:53.088+0000] {logging_mixin.py:190} INFO - Registro sem campo 'id': '
[2024-10-25T02:34:53.088+0000] {logging_mixin.py:190} INFO - Registro sem campo 'id': :
[2024-10-25T02:34:53.089+0000] {logging_mixin.py:190} INFO - Registro sem campo 'id':  
[2024-10-25T02:34:53.089+0000] {logging_mixin.py:190} INFO - Registro sem campo 'id': '
[2024-10-25T02:34:53.090+0000] {logging_mixin.py:190} INFO - Registro sem campo 'id': R
[2024-10-25T02:34:53.090+0000] {logging_mixin.py:190} INFO - Registro sem campo 'id': i
[2024-10-25T02:34:53.090+0000] {logging_mixin.py:190} INFO - Registro sem campo 'id': o
[2024-10-25T02:34:53.091+0000] {logging_mixin.py:190} INFO - Registro sem campo 'id':  
[2024-10-25T02:34:53.091+0000] {logging_mixin.py:190} INFO - Registro sem campo 'id': d
[2024-10-25T02:34:53.092+0000] {logging_mixin.py:190} INFO - Registro sem campo 'id': e
[2024-10-25T02:34:53.092+0000] {logging_mixin.py:190} INFO - Registro sem campo 'id':  
[2024-10-25T02:34:53.093+0000] {logging_mixin.py:190} INFO - Registro sem campo 'id': J
[2024-10-25T02:34:53.093+0000] {logging_mixin.py:190} INFO - Registro sem campo 'id': a
[2024-10-25T02:34:53.094+0000] {logging_mixin.py:190} INFO - Registro sem campo 'id': n
[2024-10-25T02:34:53.094+0000] {logging_mixin.py:190} INFO - Registro sem campo 'id': e
[2024-10-25T02:34:53.095+0000] {logging_mixin.py:190} INFO - Registro sem campo 'id': i
[2024-10-25T02:34:53.095+0000] {logging_mixin.py:190} INFO - Registro sem campo 'id': r
[2024-10-25T02:34:53.096+0000] {logging_mixin.py:190} INFO - Registro sem campo 'id': o
[2024-10-25T02:34:53.096+0000] {logging_mixin.py:190} INFO - Registro sem campo 'id': '
[2024-10-25T02:34:53.097+0000] {logging_mixin.py:190} INFO - Registro sem campo 'id': ,
[2024-10-25T02:34:53.097+0000] {logging_mixin.py:190} INFO - Registro sem campo 'id':  
[2024-10-25T02:34:53.098+0000] {logging_mixin.py:190} INFO - Registro sem campo 'id': '
[2024-10-25T02:34:53.098+0000] {logging_mixin.py:190} INFO - Registro sem campo 'id': e
[2024-10-25T02:34:53.099+0000] {logging_mixin.py:190} INFO - Registro sem campo 'id': s
[2024-10-25T02:34:53.100+0000] {logging_mixin.py:190} INFO - Registro sem campo 'id': t
[2024-10-25T02:34:53.100+0000] {logging_mixin.py:190} INFO - Registro sem campo 'id': a
[2024-10-25T02:34:53.101+0000] {logging_mixin.py:190} INFO - Registro sem campo 'id': d
[2024-10-25T02:34:53.101+0000] {logging_mixin.py:190} INFO - Registro sem campo 'id': o
[2024-10-25T02:34:53.102+0000] {logging_mixin.py:190} INFO - Registro sem campo 'id': '
[2024-10-25T02:34:53.102+0000] {logging_mixin.py:190} INFO - Registro sem campo 'id': :
[2024-10-25T02:34:53.103+0000] {logging_mixin.py:190} INFO - Registro sem campo 'id':  
[2024-10-25T02:34:53.103+0000] {logging_mixin.py:190} INFO - Registro sem campo 'id': '
[2024-10-25T02:34:53.103+0000] {logging_mixin.py:190} INFO - Registro sem campo 'id': R
[2024-10-25T02:34:53.104+0000] {logging_mixin.py:190} INFO - Registro sem campo 'id': J
[2024-10-25T02:34:53.105+0000] {logging_mixin.py:190} INFO - Registro sem campo 'id': '
[2024-10-25T02:34:53.105+0000] {logging_mixin.py:190} INFO - Registro sem campo 'id': }
[2024-10-25T02:34:53.105+0000] {logging_mixin.py:190} INFO - Registro sem campo 'id': ,
[2024-10-25T02:34:53.106+0000] {logging_mixin.py:190} INFO - Registro sem campo 'id':  
[2024-10-25T02:34:53.107+0000] {logging_mixin.py:190} INFO - Registro sem campo 'id': {
[2024-10-25T02:34:53.107+0000] {logging_mixin.py:190} INFO - Registro sem campo 'id': '
[2024-10-25T02:34:53.108+0000] {logging_mixin.py:190} INFO - Registro sem campo 'id': i
[2024-10-25T02:34:53.108+0000] {logging_mixin.py:190} INFO - Registro sem campo 'id': d
[2024-10-25T02:34:53.109+0000] {logging_mixin.py:190} INFO - Registro sem campo 'id': '
[2024-10-25T02:34:53.110+0000] {logging_mixin.py:190} INFO - Registro sem campo 'id': :
[2024-10-25T02:34:53.111+0000] {logging_mixin.py:190} INFO - Registro sem campo 'id':  
[2024-10-25T02:34:53.116+0000] {logging_mixin.py:190} INFO - Registro sem campo 'id': 3
[2024-10-25T02:34:53.117+0000] {logging_mixin.py:190} INFO - Registro sem campo 'id': ,
[2024-10-25T02:34:53.117+0000] {logging_mixin.py:190} INFO - Registro sem campo 'id':  
[2024-10-25T02:34:53.118+0000] {logging_mixin.py:190} INFO - Registro sem campo 'id': '
[2024-10-25T02:34:53.119+0000] {logging_mixin.py:190} INFO - Registro sem campo 'id': n
[2024-10-25T02:34:53.120+0000] {logging_mixin.py:190} INFO - Registro sem campo 'id': o
[2024-10-25T02:34:53.120+0000] {logging_mixin.py:190} INFO - Registro sem campo 'id': m
[2024-10-25T02:34:53.121+0000] {logging_mixin.py:190} INFO - Registro sem campo 'id': e
[2024-10-25T02:34:53.122+0000] {logging_mixin.py:190} INFO - Registro sem campo 'id': '
[2024-10-25T02:34:53.122+0000] {logging_mixin.py:190} INFO - Registro sem campo 'id': :
[2024-10-25T02:34:53.123+0000] {logging_mixin.py:190} INFO - Registro sem campo 'id':  
[2024-10-25T02:34:53.124+0000] {logging_mixin.py:190} INFO - Registro sem campo 'id': '
[2024-10-25T02:34:53.124+0000] {logging_mixin.py:190} INFO - Registro sem campo 'id': C
[2024-10-25T02:34:53.125+0000] {logging_mixin.py:190} INFO - Registro sem campo 'id': a
[2024-10-25T02:34:53.126+0000] {logging_mixin.py:190} INFO - Registro sem campo 'id': r
[2024-10-25T02:34:53.126+0000] {logging_mixin.py:190} INFO - Registro sem campo 'id': l
[2024-10-25T02:34:53.127+0000] {logging_mixin.py:190} INFO - Registro sem campo 'id': a
[2024-10-25T02:34:53.127+0000] {logging_mixin.py:190} INFO - Registro sem campo 'id':  
[2024-10-25T02:34:53.128+0000] {logging_mixin.py:190} INFO - Registro sem campo 'id': S
[2024-10-25T02:34:53.128+0000] {logging_mixin.py:190} INFO - Registro sem campo 'id': a
[2024-10-25T02:34:53.129+0000] {logging_mixin.py:190} INFO - Registro sem campo 'id': n
[2024-10-25T02:34:53.129+0000] {logging_mixin.py:190} INFO - Registro sem campo 'id': t
[2024-10-25T02:34:53.130+0000] {logging_mixin.py:190} INFO - Registro sem campo 'id': o
[2024-10-25T02:34:53.130+0000] {logging_mixin.py:190} INFO - Registro sem campo 'id': s
[2024-10-25T02:34:53.131+0000] {logging_mixin.py:190} INFO - Registro sem campo 'id': '
[2024-10-25T02:34:53.131+0000] {logging_mixin.py:190} INFO - Registro sem campo 'id': ,
[2024-10-25T02:34:53.131+0000] {logging_mixin.py:190} INFO - Registro sem campo 'id':  
[2024-10-25T02:34:53.132+0000] {logging_mixin.py:190} INFO - Registro sem campo 'id': '
[2024-10-25T02:34:53.132+0000] {logging_mixin.py:190} INFO - Registro sem campo 'id': e
[2024-10-25T02:34:53.133+0000] {logging_mixin.py:190} INFO - Registro sem campo 'id': m
[2024-10-25T02:34:53.133+0000] {logging_mixin.py:190} INFO - Registro sem campo 'id': a
[2024-10-25T02:34:53.134+0000] {logging_mixin.py:190} INFO - Registro sem campo 'id': i
[2024-10-25T02:34:53.134+0000] {logging_mixin.py:190} INFO - Registro sem campo 'id': l
[2024-10-25T02:34:53.135+0000] {logging_mixin.py:190} INFO - Registro sem campo 'id': '
[2024-10-25T02:34:53.135+0000] {logging_mixin.py:190} INFO - Registro sem campo 'id': :
[2024-10-25T02:34:53.136+0000] {logging_mixin.py:190} INFO - Registro sem campo 'id':  
[2024-10-25T02:34:53.136+0000] {logging_mixin.py:190} INFO - Registro sem campo 'id': '
[2024-10-25T02:34:53.137+0000] {logging_mixin.py:190} INFO - Registro sem campo 'id': c
[2024-10-25T02:34:53.138+0000] {logging_mixin.py:190} INFO - Registro sem campo 'id': a
[2024-10-25T02:34:53.138+0000] {logging_mixin.py:190} INFO - Registro sem campo 'id': r
[2024-10-25T02:34:53.139+0000] {logging_mixin.py:190} INFO - Registro sem campo 'id': l
[2024-10-25T02:34:53.139+0000] {logging_mixin.py:190} INFO - Registro sem campo 'id': a
[2024-10-25T02:34:53.140+0000] {logging_mixin.py:190} INFO - Registro sem campo 'id': .
[2024-10-25T02:34:53.140+0000] {logging_mixin.py:190} INFO - Registro sem campo 'id': s
[2024-10-25T02:34:53.141+0000] {logging_mixin.py:190} INFO - Registro sem campo 'id': a
[2024-10-25T02:34:53.141+0000] {logging_mixin.py:190} INFO - Registro sem campo 'id': n
[2024-10-25T02:34:53.142+0000] {logging_mixin.py:190} INFO - Registro sem campo 'id': t
[2024-10-25T02:34:53.142+0000] {logging_mixin.py:190} INFO - Registro sem campo 'id': o
[2024-10-25T02:34:53.143+0000] {logging_mixin.py:190} INFO - Registro sem campo 'id': s
[2024-10-25T02:34:53.143+0000] {logging_mixin.py:190} INFO - Registro sem campo 'id': @
[2024-10-25T02:34:53.144+0000] {logging_mixin.py:190} INFO - Registro sem campo 'id': e
[2024-10-25T02:34:53.144+0000] {logging_mixin.py:190} INFO - Registro sem campo 'id': m
[2024-10-25T02:34:53.145+0000] {logging_mixin.py:190} INFO - Registro sem campo 'id': a
[2024-10-25T02:34:53.145+0000] {logging_mixin.py:190} INFO - Registro sem campo 'id': i
[2024-10-25T02:34:53.146+0000] {logging_mixin.py:190} INFO - Registro sem campo 'id': l
[2024-10-25T02:34:53.146+0000] {logging_mixin.py:190} INFO - Registro sem campo 'id': .
[2024-10-25T02:34:53.146+0000] {logging_mixin.py:190} INFO - Registro sem campo 'id': c
[2024-10-25T02:34:53.147+0000] {logging_mixin.py:190} INFO - Registro sem campo 'id': o
[2024-10-25T02:34:53.147+0000] {logging_mixin.py:190} INFO - Registro sem campo 'id': m
[2024-10-25T02:34:53.148+0000] {logging_mixin.py:190} INFO - Registro sem campo 'id': '
[2024-10-25T02:34:53.149+0000] {logging_mixin.py:190} INFO - Registro sem campo 'id': ,
[2024-10-25T02:34:53.149+0000] {logging_mixin.py:190} INFO - Registro sem campo 'id':  
[2024-10-25T02:34:53.150+0000] {logging_mixin.py:190} INFO - Registro sem campo 'id': '
[2024-10-25T02:34:53.150+0000] {logging_mixin.py:190} INFO - Registro sem campo 'id': t
[2024-10-25T02:34:53.151+0000] {logging_mixin.py:190} INFO - Registro sem campo 'id': e
[2024-10-25T02:34:53.151+0000] {logging_mixin.py:190} INFO - Registro sem campo 'id': l
[2024-10-25T02:34:53.152+0000] {logging_mixin.py:190} INFO - Registro sem campo 'id': e
[2024-10-25T02:34:53.152+0000] {logging_mixin.py:190} INFO - Registro sem campo 'id': f
[2024-10-25T02:34:53.153+0000] {logging_mixin.py:190} INFO - Registro sem campo 'id': o
[2024-10-25T02:34:53.153+0000] {logging_mixin.py:190} INFO - Registro sem campo 'id': n
[2024-10-25T02:34:53.154+0000] {logging_mixin.py:190} INFO - Registro sem campo 'id': e
[2024-10-25T02:34:53.155+0000] {logging_mixin.py:190} INFO - Registro sem campo 'id': '
[2024-10-25T02:34:53.155+0000] {logging_mixin.py:190} INFO - Registro sem campo 'id': :
[2024-10-25T02:34:53.156+0000] {logging_mixin.py:190} INFO - Registro sem campo 'id':  
[2024-10-25T02:34:53.157+0000] {logging_mixin.py:190} INFO - Registro sem campo 'id': '
[2024-10-25T02:34:53.157+0000] {logging_mixin.py:190} INFO - Registro sem campo 'id': (
[2024-10-25T02:34:53.158+0000] {logging_mixin.py:190} INFO - Registro sem campo 'id': 3
[2024-10-25T02:34:53.158+0000] {logging_mixin.py:190} INFO - Registro sem campo 'id': 1
[2024-10-25T02:34:53.159+0000] {logging_mixin.py:190} INFO - Registro sem campo 'id': )
[2024-10-25T02:34:53.159+0000] {logging_mixin.py:190} INFO - Registro sem campo 'id':  
[2024-10-25T02:34:53.160+0000] {logging_mixin.py:190} INFO - Registro sem campo 'id': 9
[2024-10-25T02:34:53.161+0000] {logging_mixin.py:190} INFO - Registro sem campo 'id': 6
[2024-10-25T02:34:53.161+0000] {logging_mixin.py:190} INFO - Registro sem campo 'id': 5
[2024-10-25T02:34:53.162+0000] {logging_mixin.py:190} INFO - Registro sem campo 'id': 4
[2024-10-25T02:34:53.162+0000] {logging_mixin.py:190} INFO - Registro sem campo 'id': 3
[2024-10-25T02:34:53.163+0000] {logging_mixin.py:190} INFO - Registro sem campo 'id': -
[2024-10-25T02:34:53.163+0000] {logging_mixin.py:190} INFO - Registro sem campo 'id': 2
[2024-10-25T02:34:53.164+0000] {logging_mixin.py:190} INFO - Registro sem campo 'id': 1
[2024-10-25T02:34:53.164+0000] {logging_mixin.py:190} INFO - Registro sem campo 'id': 0
[2024-10-25T02:34:53.164+0000] {logging_mixin.py:190} INFO - Registro sem campo 'id': 9
[2024-10-25T02:34:53.165+0000] {logging_mixin.py:190} INFO - Registro sem campo 'id': '
[2024-10-25T02:34:53.165+0000] {logging_mixin.py:190} INFO - Registro sem campo 'id': ,
[2024-10-25T02:34:53.166+0000] {logging_mixin.py:190} INFO - Registro sem campo 'id':  
[2024-10-25T02:34:53.166+0000] {logging_mixin.py:190} INFO - Registro sem campo 'id': '
[2024-10-25T02:34:53.167+0000] {logging_mixin.py:190} INFO - Registro sem campo 'id': d
[2024-10-25T02:34:53.167+0000] {logging_mixin.py:190} INFO - Registro sem campo 'id': a
[2024-10-25T02:34:53.168+0000] {logging_mixin.py:190} INFO - Registro sem campo 'id': t
[2024-10-25T02:34:53.168+0000] {logging_mixin.py:190} INFO - Registro sem campo 'id': a
[2024-10-25T02:34:53.168+0000] {logging_mixin.py:190} INFO - Registro sem campo 'id': _
[2024-10-25T02:34:53.169+0000] {logging_mixin.py:190} INFO - Registro sem campo 'id': n
[2024-10-25T02:34:53.169+0000] {logging_mixin.py:190} INFO - Registro sem campo 'id': a
[2024-10-25T02:34:53.170+0000] {logging_mixin.py:190} INFO - Registro sem campo 'id': s
[2024-10-25T02:34:53.170+0000] {logging_mixin.py:190} INFO - Registro sem campo 'id': c
[2024-10-25T02:34:53.170+0000] {logging_mixin.py:190} INFO - Registro sem campo 'id': i
[2024-10-25T02:34:53.171+0000] {logging_mixin.py:190} INFO - Registro sem campo 'id': m
[2024-10-25T02:34:53.171+0000] {logging_mixin.py:190} INFO - Registro sem campo 'id': e
[2024-10-25T02:34:53.171+0000] {logging_mixin.py:190} INFO - Registro sem campo 'id': n
[2024-10-25T02:34:53.172+0000] {logging_mixin.py:190} INFO - Registro sem campo 'id': t
[2024-10-25T02:34:53.172+0000] {logging_mixin.py:190} INFO - Registro sem campo 'id': o
[2024-10-25T02:34:53.172+0000] {logging_mixin.py:190} INFO - Registro sem campo 'id': '
[2024-10-25T02:34:53.173+0000] {logging_mixin.py:190} INFO - Registro sem campo 'id': :
[2024-10-25T02:34:53.173+0000] {logging_mixin.py:190} INFO - Registro sem campo 'id':  
[2024-10-25T02:34:53.173+0000] {logging_mixin.py:190} INFO - Registro sem campo 'id': '
[2024-10-25T02:34:53.174+0000] {logging_mixin.py:190} INFO - Registro sem campo 'id': 1
[2024-10-25T02:34:53.174+0000] {logging_mixin.py:190} INFO - Registro sem campo 'id': 9
[2024-10-25T02:34:53.175+0000] {logging_mixin.py:190} INFO - Registro sem campo 'id': 9
[2024-10-25T02:34:53.175+0000] {logging_mixin.py:190} INFO - Registro sem campo 'id': 2
[2024-10-25T02:34:53.175+0000] {logging_mixin.py:190} INFO - Registro sem campo 'id': -
[2024-10-25T02:34:53.176+0000] {logging_mixin.py:190} INFO - Registro sem campo 'id': 1
[2024-10-25T02:34:53.176+0000] {logging_mixin.py:190} INFO - Registro sem campo 'id': 2
[2024-10-25T02:34:53.177+0000] {logging_mixin.py:190} INFO - Registro sem campo 'id': -
[2024-10-25T02:34:53.177+0000] {logging_mixin.py:190} INFO - Registro sem campo 'id': 0
[2024-10-25T02:34:53.177+0000] {logging_mixin.py:190} INFO - Registro sem campo 'id': 1
[2024-10-25T02:34:53.178+0000] {logging_mixin.py:190} INFO - Registro sem campo 'id': '
[2024-10-25T02:34:53.178+0000] {logging_mixin.py:190} INFO - Registro sem campo 'id': ,
[2024-10-25T02:34:53.179+0000] {logging_mixin.py:190} INFO - Registro sem campo 'id':  
[2024-10-25T02:34:53.179+0000] {logging_mixin.py:190} INFO - Registro sem campo 'id': '
[2024-10-25T02:34:53.179+0000] {logging_mixin.py:190} INFO - Registro sem campo 'id': s
[2024-10-25T02:34:53.180+0000] {logging_mixin.py:190} INFO - Registro sem campo 'id': e
[2024-10-25T02:34:53.180+0000] {logging_mixin.py:190} INFO - Registro sem campo 'id': x
[2024-10-25T02:34:53.181+0000] {logging_mixin.py:190} INFO - Registro sem campo 'id': o
[2024-10-25T02:34:53.181+0000] {logging_mixin.py:190} INFO - Registro sem campo 'id': '
[2024-10-25T02:34:53.181+0000] {logging_mixin.py:190} INFO - Registro sem campo 'id': :
[2024-10-25T02:34:53.182+0000] {logging_mixin.py:190} INFO - Registro sem campo 'id':  
[2024-10-25T02:34:53.182+0000] {logging_mixin.py:190} INFO - Registro sem campo 'id': '
[2024-10-25T02:34:53.182+0000] {logging_mixin.py:190} INFO - Registro sem campo 'id': F
[2024-10-25T02:34:53.183+0000] {logging_mixin.py:190} INFO - Registro sem campo 'id': e
[2024-10-25T02:34:53.183+0000] {logging_mixin.py:190} INFO - Registro sem campo 'id': m
[2024-10-25T02:34:53.183+0000] {logging_mixin.py:190} INFO - Registro sem campo 'id': i
[2024-10-25T02:34:53.184+0000] {logging_mixin.py:190} INFO - Registro sem campo 'id': n
[2024-10-25T02:34:53.184+0000] {logging_mixin.py:190} INFO - Registro sem campo 'id': i
[2024-10-25T02:34:53.184+0000] {logging_mixin.py:190} INFO - Registro sem campo 'id': n
[2024-10-25T02:34:53.185+0000] {logging_mixin.py:190} INFO - Registro sem campo 'id': o
[2024-10-25T02:34:53.185+0000] {logging_mixin.py:190} INFO - Registro sem campo 'id': '
[2024-10-25T02:34:53.185+0000] {logging_mixin.py:190} INFO - Registro sem campo 'id': ,
[2024-10-25T02:34:53.186+0000] {logging_mixin.py:190} INFO - Registro sem campo 'id':  
[2024-10-25T02:34:53.186+0000] {logging_mixin.py:190} INFO - Registro sem campo 'id': '
[2024-10-25T02:34:53.186+0000] {logging_mixin.py:190} INFO - Registro sem campo 'id': c
[2024-10-25T02:34:53.187+0000] {logging_mixin.py:190} INFO - Registro sem campo 'id': i
[2024-10-25T02:34:53.187+0000] {logging_mixin.py:190} INFO - Registro sem campo 'id': d
[2024-10-25T02:34:53.187+0000] {logging_mixin.py:190} INFO - Registro sem campo 'id': a
[2024-10-25T02:34:53.188+0000] {logging_mixin.py:190} INFO - Registro sem campo 'id': d
[2024-10-25T02:34:53.188+0000] {logging_mixin.py:190} INFO - Registro sem campo 'id': e
[2024-10-25T02:34:53.188+0000] {logging_mixin.py:190} INFO - Registro sem campo 'id': '
[2024-10-25T02:34:53.189+0000] {logging_mixin.py:190} INFO - Registro sem campo 'id': :
[2024-10-25T02:34:53.189+0000] {logging_mixin.py:190} INFO - Registro sem campo 'id':  
[2024-10-25T02:34:53.190+0000] {logging_mixin.py:190} INFO - Registro sem campo 'id': '
[2024-10-25T02:34:53.190+0000] {logging_mixin.py:190} INFO - Registro sem campo 'id': B
[2024-10-25T02:34:53.190+0000] {logging_mixin.py:190} INFO - Registro sem campo 'id': e
[2024-10-25T02:34:53.191+0000] {logging_mixin.py:190} INFO - Registro sem campo 'id': l
[2024-10-25T02:34:53.191+0000] {logging_mixin.py:190} INFO - Registro sem campo 'id': o
[2024-10-25T02:34:53.191+0000] {logging_mixin.py:190} INFO - Registro sem campo 'id':  
[2024-10-25T02:34:53.192+0000] {logging_mixin.py:190} INFO - Registro sem campo 'id': H
[2024-10-25T02:34:53.192+0000] {logging_mixin.py:190} INFO - Registro sem campo 'id': o
[2024-10-25T02:34:53.192+0000] {logging_mixin.py:190} INFO - Registro sem campo 'id': r
[2024-10-25T02:34:53.193+0000] {logging_mixin.py:190} INFO - Registro sem campo 'id': i
[2024-10-25T02:34:53.193+0000] {logging_mixin.py:190} INFO - Registro sem campo 'id': z
[2024-10-25T02:34:53.194+0000] {logging_mixin.py:190} INFO - Registro sem campo 'id': o
[2024-10-25T02:34:53.194+0000] {logging_mixin.py:190} INFO - Registro sem campo 'id': n
[2024-10-25T02:34:53.194+0000] {logging_mixin.py:190} INFO - Registro sem campo 'id': t
[2024-10-25T02:34:53.195+0000] {logging_mixin.py:190} INFO - Registro sem campo 'id': e
[2024-10-25T02:34:53.195+0000] {logging_mixin.py:190} INFO - Registro sem campo 'id': '
[2024-10-25T02:34:53.195+0000] {logging_mixin.py:190} INFO - Registro sem campo 'id': ,
[2024-10-25T02:34:53.196+0000] {logging_mixin.py:190} INFO - Registro sem campo 'id':  
[2024-10-25T02:34:53.196+0000] {logging_mixin.py:190} INFO - Registro sem campo 'id': '
[2024-10-25T02:34:53.196+0000] {logging_mixin.py:190} INFO - Registro sem campo 'id': e
[2024-10-25T02:34:53.197+0000] {logging_mixin.py:190} INFO - Registro sem campo 'id': s
[2024-10-25T02:34:53.197+0000] {logging_mixin.py:190} INFO - Registro sem campo 'id': t
[2024-10-25T02:34:53.198+0000] {logging_mixin.py:190} INFO - Registro sem campo 'id': a
[2024-10-25T02:34:53.198+0000] {logging_mixin.py:190} INFO - Registro sem campo 'id': d
[2024-10-25T02:34:53.198+0000] {logging_mixin.py:190} INFO - Registro sem campo 'id': o
[2024-10-25T02:34:53.199+0000] {logging_mixin.py:190} INFO - Registro sem campo 'id': '
[2024-10-25T02:34:53.199+0000] {logging_mixin.py:190} INFO - Registro sem campo 'id': :
[2024-10-25T02:34:53.199+0000] {logging_mixin.py:190} INFO - Registro sem campo 'id':  
[2024-10-25T02:34:53.200+0000] {logging_mixin.py:190} INFO - Registro sem campo 'id': '
[2024-10-25T02:34:53.200+0000] {logging_mixin.py:190} INFO - Registro sem campo 'id': M
[2024-10-25T02:34:53.200+0000] {logging_mixin.py:190} INFO - Registro sem campo 'id': G
[2024-10-25T02:34:53.201+0000] {logging_mixin.py:190} INFO - Registro sem campo 'id': '
[2024-10-25T02:34:53.201+0000] {logging_mixin.py:190} INFO - Registro sem campo 'id': }
[2024-10-25T02:34:53.202+0000] {logging_mixin.py:190} INFO - Registro sem campo 'id': ,
[2024-10-25T02:34:53.202+0000] {logging_mixin.py:190} INFO - Registro sem campo 'id':  
[2024-10-25T02:34:53.202+0000] {logging_mixin.py:190} INFO - Registro sem campo 'id': {
[2024-10-25T02:34:53.203+0000] {logging_mixin.py:190} INFO - Registro sem campo 'id': '
[2024-10-25T02:34:53.203+0000] {logging_mixin.py:190} INFO - Registro sem campo 'id': i
[2024-10-25T02:34:53.203+0000] {logging_mixin.py:190} INFO - Registro sem campo 'id': d
[2024-10-25T02:34:53.204+0000] {logging_mixin.py:190} INFO - Registro sem campo 'id': '
[2024-10-25T02:34:53.204+0000] {logging_mixin.py:190} INFO - Registro sem campo 'id': :
[2024-10-25T02:34:53.205+0000] {logging_mixin.py:190} INFO - Registro sem campo 'id':  
[2024-10-25T02:34:53.205+0000] {logging_mixin.py:190} INFO - Registro sem campo 'id': 4
[2024-10-25T02:34:53.205+0000] {logging_mixin.py:190} INFO - Registro sem campo 'id': ,
[2024-10-25T02:34:53.206+0000] {logging_mixin.py:190} INFO - Registro sem campo 'id':  
[2024-10-25T02:34:53.206+0000] {logging_mixin.py:190} INFO - Registro sem campo 'id': '
[2024-10-25T02:34:53.207+0000] {logging_mixin.py:190} INFO - Registro sem campo 'id': n
[2024-10-25T02:34:53.207+0000] {logging_mixin.py:190} INFO - Registro sem campo 'id': o
[2024-10-25T02:34:53.207+0000] {logging_mixin.py:190} INFO - Registro sem campo 'id': m
[2024-10-25T02:34:53.208+0000] {logging_mixin.py:190} INFO - Registro sem campo 'id': e
[2024-10-25T02:34:53.208+0000] {logging_mixin.py:190} INFO - Registro sem campo 'id': '
[2024-10-25T02:34:53.209+0000] {logging_mixin.py:190} INFO - Registro sem campo 'id': :
[2024-10-25T02:34:53.209+0000] {logging_mixin.py:190} INFO - Registro sem campo 'id':  
[2024-10-25T02:34:53.210+0000] {logging_mixin.py:190} INFO - Registro sem campo 'id': '
[2024-10-25T02:34:53.210+0000] {logging_mixin.py:190} INFO - Registro sem campo 'id': D
[2024-10-25T02:34:53.210+0000] {logging_mixin.py:190} INFO - Registro sem campo 'id': a
[2024-10-25T02:34:53.211+0000] {logging_mixin.py:190} INFO - Registro sem campo 'id': n
[2024-10-25T02:34:53.211+0000] {logging_mixin.py:190} INFO - Registro sem campo 'id': i
[2024-10-25T02:34:53.212+0000] {logging_mixin.py:190} INFO - Registro sem campo 'id': e
[2024-10-25T02:34:53.212+0000] {logging_mixin.py:190} INFO - Registro sem campo 'id': l
[2024-10-25T02:34:53.212+0000] {logging_mixin.py:190} INFO - Registro sem campo 'id':  
[2024-10-25T02:34:53.213+0000] {logging_mixin.py:190} INFO - Registro sem campo 'id': C
[2024-10-25T02:34:53.213+0000] {logging_mixin.py:190} INFO - Registro sem campo 'id': o
[2024-10-25T02:34:53.214+0000] {logging_mixin.py:190} INFO - Registro sem campo 'id': s
[2024-10-25T02:34:53.214+0000] {logging_mixin.py:190} INFO - Registro sem campo 'id': t
[2024-10-25T02:34:53.214+0000] {logging_mixin.py:190} INFO - Registro sem campo 'id': a
[2024-10-25T02:34:53.215+0000] {logging_mixin.py:190} INFO - Registro sem campo 'id': '
[2024-10-25T02:34:53.215+0000] {logging_mixin.py:190} INFO - Registro sem campo 'id': ,
[2024-10-25T02:34:53.216+0000] {logging_mixin.py:190} INFO - Registro sem campo 'id':  
[2024-10-25T02:34:53.216+0000] {logging_mixin.py:190} INFO - Registro sem campo 'id': '
[2024-10-25T02:34:53.217+0000] {logging_mixin.py:190} INFO - Registro sem campo 'id': e
[2024-10-25T02:34:53.217+0000] {logging_mixin.py:190} INFO - Registro sem campo 'id': m
[2024-10-25T02:34:53.218+0000] {logging_mixin.py:190} INFO - Registro sem campo 'id': a
[2024-10-25T02:34:53.218+0000] {logging_mixin.py:190} INFO - Registro sem campo 'id': i
[2024-10-25T02:34:53.218+0000] {logging_mixin.py:190} INFO - Registro sem campo 'id': l
[2024-10-25T02:34:53.219+0000] {logging_mixin.py:190} INFO - Registro sem campo 'id': '
[2024-10-25T02:34:53.219+0000] {logging_mixin.py:190} INFO - Registro sem campo 'id': :
[2024-10-25T02:34:53.220+0000] {logging_mixin.py:190} INFO - Registro sem campo 'id':  
[2024-10-25T02:34:53.220+0000] {logging_mixin.py:190} INFO - Registro sem campo 'id': '
[2024-10-25T02:34:53.221+0000] {logging_mixin.py:190} INFO - Registro sem campo 'id': d
[2024-10-25T02:34:53.221+0000] {logging_mixin.py:190} INFO - Registro sem campo 'id': a
[2024-10-25T02:34:53.222+0000] {logging_mixin.py:190} INFO - Registro sem campo 'id': n
[2024-10-25T02:34:53.222+0000] {logging_mixin.py:190} INFO - Registro sem campo 'id': i
[2024-10-25T02:34:53.222+0000] {logging_mixin.py:190} INFO - Registro sem campo 'id': e
[2024-10-25T02:34:53.223+0000] {logging_mixin.py:190} INFO - Registro sem campo 'id': l
[2024-10-25T02:34:53.223+0000] {logging_mixin.py:190} INFO - Registro sem campo 'id': .
[2024-10-25T02:34:53.224+0000] {logging_mixin.py:190} INFO - Registro sem campo 'id': c
[2024-10-25T02:34:53.224+0000] {logging_mixin.py:190} INFO - Registro sem campo 'id': o
[2024-10-25T02:34:53.225+0000] {logging_mixin.py:190} INFO - Registro sem campo 'id': s
[2024-10-25T02:34:53.225+0000] {logging_mixin.py:190} INFO - Registro sem campo 'id': t
[2024-10-25T02:34:53.226+0000] {logging_mixin.py:190} INFO - Registro sem campo 'id': a
[2024-10-25T02:34:53.226+0000] {logging_mixin.py:190} INFO - Registro sem campo 'id': @
[2024-10-25T02:34:53.226+0000] {logging_mixin.py:190} INFO - Registro sem campo 'id': e
[2024-10-25T02:34:53.227+0000] {logging_mixin.py:190} INFO - Registro sem campo 'id': m
[2024-10-25T02:34:53.227+0000] {logging_mixin.py:190} INFO - Registro sem campo 'id': a
[2024-10-25T02:34:53.228+0000] {logging_mixin.py:190} INFO - Registro sem campo 'id': i
[2024-10-25T02:34:53.228+0000] {logging_mixin.py:190} INFO - Registro sem campo 'id': l
[2024-10-25T02:34:53.228+0000] {logging_mixin.py:190} INFO - Registro sem campo 'id': .
[2024-10-25T02:34:53.229+0000] {logging_mixin.py:190} INFO - Registro sem campo 'id': c
[2024-10-25T02:34:53.229+0000] {logging_mixin.py:190} INFO - Registro sem campo 'id': o
[2024-10-25T02:34:53.230+0000] {logging_mixin.py:190} INFO - Registro sem campo 'id': m
[2024-10-25T02:34:53.230+0000] {logging_mixin.py:190} INFO - Registro sem campo 'id': '
[2024-10-25T02:34:53.231+0000] {logging_mixin.py:190} INFO - Registro sem campo 'id': ,
[2024-10-25T02:34:53.231+0000] {logging_mixin.py:190} INFO - Registro sem campo 'id':  
[2024-10-25T02:34:53.231+0000] {logging_mixin.py:190} INFO - Registro sem campo 'id': '
[2024-10-25T02:34:53.232+0000] {logging_mixin.py:190} INFO - Registro sem campo 'id': t
[2024-10-25T02:34:53.232+0000] {logging_mixin.py:190} INFO - Registro sem campo 'id': e
[2024-10-25T02:34:53.232+0000] {logging_mixin.py:190} INFO - Registro sem campo 'id': l
[2024-10-25T02:34:53.233+0000] {logging_mixin.py:190} INFO - Registro sem campo 'id': e
[2024-10-25T02:34:53.233+0000] {logging_mixin.py:190} INFO - Registro sem campo 'id': f
[2024-10-25T02:34:53.234+0000] {logging_mixin.py:190} INFO - Registro sem campo 'id': o
[2024-10-25T02:34:53.234+0000] {logging_mixin.py:190} INFO - Registro sem campo 'id': n
[2024-10-25T02:34:53.235+0000] {logging_mixin.py:190} INFO - Registro sem campo 'id': e
[2024-10-25T02:34:53.235+0000] {logging_mixin.py:190} INFO - Registro sem campo 'id': '
[2024-10-25T02:34:53.235+0000] {logging_mixin.py:190} INFO - Registro sem campo 'id': :
[2024-10-25T02:34:53.236+0000] {logging_mixin.py:190} INFO - Registro sem campo 'id':  
[2024-10-25T02:34:53.236+0000] {logging_mixin.py:190} INFO - Registro sem campo 'id': '
[2024-10-25T02:34:53.237+0000] {logging_mixin.py:190} INFO - Registro sem campo 'id': (
[2024-10-25T02:34:53.237+0000] {logging_mixin.py:190} INFO - Registro sem campo 'id': 4
[2024-10-25T02:34:53.237+0000] {logging_mixin.py:190} INFO - Registro sem campo 'id': 1
[2024-10-25T02:34:53.238+0000] {logging_mixin.py:190} INFO - Registro sem campo 'id': )
[2024-10-25T02:34:53.238+0000] {logging_mixin.py:190} INFO - Registro sem campo 'id':  
[2024-10-25T02:34:53.239+0000] {logging_mixin.py:190} INFO - Registro sem campo 'id': 9
[2024-10-25T02:34:53.239+0000] {logging_mixin.py:190} INFO - Registro sem campo 'id': 5
[2024-10-25T02:34:53.240+0000] {logging_mixin.py:190} INFO - Registro sem campo 'id': 4
[2024-10-25T02:34:53.240+0000] {logging_mixin.py:190} INFO - Registro sem campo 'id': 3
[2024-10-25T02:34:53.240+0000] {logging_mixin.py:190} INFO - Registro sem campo 'id': 2
[2024-10-25T02:34:53.241+0000] {logging_mixin.py:190} INFO - Registro sem campo 'id': -
[2024-10-25T02:34:53.241+0000] {logging_mixin.py:190} INFO - Registro sem campo 'id': 1
[2024-10-25T02:34:53.242+0000] {logging_mixin.py:190} INFO - Registro sem campo 'id': 0
[2024-10-25T02:34:53.242+0000] {logging_mixin.py:190} INFO - Registro sem campo 'id': 9
[2024-10-25T02:34:53.242+0000] {logging_mixin.py:190} INFO - Registro sem campo 'id': 8
[2024-10-25T02:34:53.243+0000] {logging_mixin.py:190} INFO - Registro sem campo 'id': '
[2024-10-25T02:34:53.243+0000] {logging_mixin.py:190} INFO - Registro sem campo 'id': ,
[2024-10-25T02:34:53.244+0000] {logging_mixin.py:190} INFO - Registro sem campo 'id':  
[2024-10-25T02:34:53.244+0000] {logging_mixin.py:190} INFO - Registro sem campo 'id': '
[2024-10-25T02:34:53.244+0000] {logging_mixin.py:190} INFO - Registro sem campo 'id': d
[2024-10-25T02:34:53.245+0000] {logging_mixin.py:190} INFO - Registro sem campo 'id': a
[2024-10-25T02:34:53.245+0000] {logging_mixin.py:190} INFO - Registro sem campo 'id': t
[2024-10-25T02:34:53.246+0000] {logging_mixin.py:190} INFO - Registro sem campo 'id': a
[2024-10-25T02:34:53.246+0000] {logging_mixin.py:190} INFO - Registro sem campo 'id': _
[2024-10-25T02:34:53.246+0000] {logging_mixin.py:190} INFO - Registro sem campo 'id': n
[2024-10-25T02:34:53.247+0000] {logging_mixin.py:190} INFO - Registro sem campo 'id': a
[2024-10-25T02:34:53.247+0000] {logging_mixin.py:190} INFO - Registro sem campo 'id': s
[2024-10-25T02:34:53.248+0000] {logging_mixin.py:190} INFO - Registro sem campo 'id': c
[2024-10-25T02:34:53.248+0000] {logging_mixin.py:190} INFO - Registro sem campo 'id': i
[2024-10-25T02:34:53.248+0000] {logging_mixin.py:190} INFO - Registro sem campo 'id': m
[2024-10-25T02:34:53.249+0000] {logging_mixin.py:190} INFO - Registro sem campo 'id': e
[2024-10-25T02:34:53.249+0000] {logging_mixin.py:190} INFO - Registro sem campo 'id': n
[2024-10-25T02:34:53.250+0000] {logging_mixin.py:190} INFO - Registro sem campo 'id': t
[2024-10-25T02:34:53.250+0000] {logging_mixin.py:190} INFO - Registro sem campo 'id': o
[2024-10-25T02:34:53.251+0000] {logging_mixin.py:190} INFO - Registro sem campo 'id': '
[2024-10-25T02:34:53.251+0000] {logging_mixin.py:190} INFO - Registro sem campo 'id': :
[2024-10-25T02:34:53.251+0000] {logging_mixin.py:190} INFO - Registro sem campo 'id':  
[2024-10-25T02:34:53.252+0000] {logging_mixin.py:190} INFO - Registro sem campo 'id': '
[2024-10-25T02:34:53.252+0000] {logging_mixin.py:190} INFO - Registro sem campo 'id': 1
[2024-10-25T02:34:53.253+0000] {logging_mixin.py:190} INFO - Registro sem campo 'id': 9
[2024-10-25T02:34:53.253+0000] {logging_mixin.py:190} INFO - Registro sem campo 'id': 8
[2024-10-25T02:34:53.253+0000] {logging_mixin.py:190} INFO - Registro sem campo 'id': 8
[2024-10-25T02:34:53.254+0000] {logging_mixin.py:190} INFO - Registro sem campo 'id': -
[2024-10-25T02:34:53.254+0000] {logging_mixin.py:190} INFO - Registro sem campo 'id': 0
[2024-10-25T02:34:53.255+0000] {logging_mixin.py:190} INFO - Registro sem campo 'id': 3
[2024-10-25T02:34:53.255+0000] {logging_mixin.py:190} INFO - Registro sem campo 'id': -
[2024-10-25T02:34:53.255+0000] {logging_mixin.py:190} INFO - Registro sem campo 'id': 1
[2024-10-25T02:34:53.256+0000] {logging_mixin.py:190} INFO - Registro sem campo 'id': 5
[2024-10-25T02:34:53.256+0000] {logging_mixin.py:190} INFO - Registro sem campo 'id': '
[2024-10-25T02:34:53.257+0000] {logging_mixin.py:190} INFO - Registro sem campo 'id': ,
[2024-10-25T02:34:53.257+0000] {logging_mixin.py:190} INFO - Registro sem campo 'id':  
[2024-10-25T02:34:53.257+0000] {logging_mixin.py:190} INFO - Registro sem campo 'id': '
[2024-10-25T02:34:53.258+0000] {logging_mixin.py:190} INFO - Registro sem campo 'id': s
[2024-10-25T02:34:53.258+0000] {logging_mixin.py:190} INFO - Registro sem campo 'id': e
[2024-10-25T02:34:53.259+0000] {logging_mixin.py:190} INFO - Registro sem campo 'id': x
[2024-10-25T02:34:53.259+0000] {logging_mixin.py:190} INFO - Registro sem campo 'id': o
[2024-10-25T02:34:53.259+0000] {logging_mixin.py:190} INFO - Registro sem campo 'id': '
[2024-10-25T02:34:53.260+0000] {logging_mixin.py:190} INFO - Registro sem campo 'id': :
[2024-10-25T02:34:53.260+0000] {logging_mixin.py:190} INFO - Registro sem campo 'id':  
[2024-10-25T02:34:53.261+0000] {logging_mixin.py:190} INFO - Registro sem campo 'id': '
[2024-10-25T02:34:53.261+0000] {logging_mixin.py:190} INFO - Registro sem campo 'id': M
[2024-10-25T02:34:53.261+0000] {logging_mixin.py:190} INFO - Registro sem campo 'id': a
[2024-10-25T02:34:53.262+0000] {logging_mixin.py:190} INFO - Registro sem campo 'id': s
[2024-10-25T02:34:53.262+0000] {logging_mixin.py:190} INFO - Registro sem campo 'id': c
[2024-10-25T02:34:53.263+0000] {logging_mixin.py:190} INFO - Registro sem campo 'id': u
[2024-10-25T02:34:53.263+0000] {logging_mixin.py:190} INFO - Registro sem campo 'id': l
[2024-10-25T02:34:53.263+0000] {logging_mixin.py:190} INFO - Registro sem campo 'id': i
[2024-10-25T02:34:53.264+0000] {logging_mixin.py:190} INFO - Registro sem campo 'id': n
[2024-10-25T02:34:53.264+0000] {logging_mixin.py:190} INFO - Registro sem campo 'id': o
[2024-10-25T02:34:53.265+0000] {logging_mixin.py:190} INFO - Registro sem campo 'id': '
[2024-10-25T02:34:53.265+0000] {logging_mixin.py:190} INFO - Registro sem campo 'id': ,
[2024-10-25T02:34:53.266+0000] {logging_mixin.py:190} INFO - Registro sem campo 'id':  
[2024-10-25T02:34:53.266+0000] {logging_mixin.py:190} INFO - Registro sem campo 'id': '
[2024-10-25T02:34:53.266+0000] {logging_mixin.py:190} INFO - Registro sem campo 'id': c
[2024-10-25T02:34:53.267+0000] {logging_mixin.py:190} INFO - Registro sem campo 'id': i
[2024-10-25T02:34:53.267+0000] {logging_mixin.py:190} INFO - Registro sem campo 'id': d
[2024-10-25T02:34:53.268+0000] {logging_mixin.py:190} INFO - Registro sem campo 'id': a
[2024-10-25T02:34:53.268+0000] {logging_mixin.py:190} INFO - Registro sem campo 'id': d
[2024-10-25T02:34:53.268+0000] {logging_mixin.py:190} INFO - Registro sem campo 'id': e
[2024-10-25T02:34:53.269+0000] {logging_mixin.py:190} INFO - Registro sem campo 'id': '
[2024-10-25T02:34:53.269+0000] {logging_mixin.py:190} INFO - Registro sem campo 'id': :
[2024-10-25T02:34:53.270+0000] {logging_mixin.py:190} INFO - Registro sem campo 'id':  
[2024-10-25T02:34:53.270+0000] {logging_mixin.py:190} INFO - Registro sem campo 'id': '
[2024-10-25T02:34:53.270+0000] {logging_mixin.py:190} INFO - Registro sem campo 'id': C
[2024-10-25T02:34:53.271+0000] {logging_mixin.py:190} INFO - Registro sem campo 'id': u
[2024-10-25T02:34:53.271+0000] {logging_mixin.py:190} INFO - Registro sem campo 'id': r
[2024-10-25T02:34:53.271+0000] {logging_mixin.py:190} INFO - Registro sem campo 'id': i
[2024-10-25T02:34:53.272+0000] {logging_mixin.py:190} INFO - Registro sem campo 'id': t
[2024-10-25T02:34:53.272+0000] {logging_mixin.py:190} INFO - Registro sem campo 'id': i
[2024-10-25T02:34:53.273+0000] {logging_mixin.py:190} INFO - Registro sem campo 'id': b
[2024-10-25T02:34:53.273+0000] {logging_mixin.py:190} INFO - Registro sem campo 'id': a
[2024-10-25T02:34:53.273+0000] {logging_mixin.py:190} INFO - Registro sem campo 'id': '
[2024-10-25T02:34:53.274+0000] {logging_mixin.py:190} INFO - Registro sem campo 'id': ,
[2024-10-25T02:34:53.274+0000] {logging_mixin.py:190} INFO - Registro sem campo 'id':  
[2024-10-25T02:34:53.275+0000] {logging_mixin.py:190} INFO - Registro sem campo 'id': '
[2024-10-25T02:34:53.275+0000] {logging_mixin.py:190} INFO - Registro sem campo 'id': e
[2024-10-25T02:34:53.275+0000] {logging_mixin.py:190} INFO - Registro sem campo 'id': s
[2024-10-25T02:34:53.276+0000] {logging_mixin.py:190} INFO - Registro sem campo 'id': t
[2024-10-25T02:34:53.276+0000] {logging_mixin.py:190} INFO - Registro sem campo 'id': a
[2024-10-25T02:34:53.277+0000] {logging_mixin.py:190} INFO - Registro sem campo 'id': d
[2024-10-25T02:34:53.277+0000] {logging_mixin.py:190} INFO - Registro sem campo 'id': o
[2024-10-25T02:34:53.277+0000] {logging_mixin.py:190} INFO - Registro sem campo 'id': '
[2024-10-25T02:34:53.278+0000] {logging_mixin.py:190} INFO - Registro sem campo 'id': :
[2024-10-25T02:34:53.278+0000] {logging_mixin.py:190} INFO - Registro sem campo 'id':  
[2024-10-25T02:34:53.278+0000] {logging_mixin.py:190} INFO - Registro sem campo 'id': '
[2024-10-25T02:34:53.279+0000] {logging_mixin.py:190} INFO - Registro sem campo 'id': P
[2024-10-25T02:34:53.279+0000] {logging_mixin.py:190} INFO - Registro sem campo 'id': R
[2024-10-25T02:34:53.280+0000] {logging_mixin.py:190} INFO - Registro sem campo 'id': '
[2024-10-25T02:34:53.280+0000] {logging_mixin.py:190} INFO - Registro sem campo 'id': }
[2024-10-25T02:34:53.280+0000] {logging_mixin.py:190} INFO - Registro sem campo 'id': ,
[2024-10-25T02:34:53.281+0000] {logging_mixin.py:190} INFO - Registro sem campo 'id':  
[2024-10-25T02:34:53.281+0000] {logging_mixin.py:190} INFO - Registro sem campo 'id': {
[2024-10-25T02:34:53.282+0000] {logging_mixin.py:190} INFO - Registro sem campo 'id': '
[2024-10-25T02:34:53.282+0000] {logging_mixin.py:190} INFO - Registro sem campo 'id': i
[2024-10-25T02:34:53.283+0000] {logging_mixin.py:190} INFO - Registro sem campo 'id': d
[2024-10-25T02:34:53.283+0000] {logging_mixin.py:190} INFO - Registro sem campo 'id': '
[2024-10-25T02:34:53.284+0000] {logging_mixin.py:190} INFO - Registro sem campo 'id': :
[2024-10-25T02:34:53.284+0000] {logging_mixin.py:190} INFO - Registro sem campo 'id':  
[2024-10-25T02:34:53.285+0000] {logging_mixin.py:190} INFO - Registro sem campo 'id': 5
[2024-10-25T02:34:53.285+0000] {logging_mixin.py:190} INFO - Registro sem campo 'id': ,
[2024-10-25T02:34:53.286+0000] {logging_mixin.py:190} INFO - Registro sem campo 'id':  
[2024-10-25T02:34:53.286+0000] {logging_mixin.py:190} INFO - Registro sem campo 'id': '
[2024-10-25T02:34:53.287+0000] {logging_mixin.py:190} INFO - Registro sem campo 'id': n
[2024-10-25T02:34:53.287+0000] {logging_mixin.py:190} INFO - Registro sem campo 'id': o
[2024-10-25T02:34:53.288+0000] {logging_mixin.py:190} INFO - Registro sem campo 'id': m
[2024-10-25T02:34:53.288+0000] {logging_mixin.py:190} INFO - Registro sem campo 'id': e
[2024-10-25T02:34:53.289+0000] {logging_mixin.py:190} INFO - Registro sem campo 'id': '
[2024-10-25T02:34:53.289+0000] {logging_mixin.py:190} INFO - Registro sem campo 'id': :
[2024-10-25T02:34:53.290+0000] {logging_mixin.py:190} INFO - Registro sem campo 'id':  
[2024-10-25T02:34:53.290+0000] {logging_mixin.py:190} INFO - Registro sem campo 'id': '
[2024-10-25T02:34:53.291+0000] {logging_mixin.py:190} INFO - Registro sem campo 'id': E
[2024-10-25T02:34:53.291+0000] {logging_mixin.py:190} INFO - Registro sem campo 'id': l
[2024-10-25T02:34:53.292+0000] {logging_mixin.py:190} INFO - Registro sem campo 'id': e
[2024-10-25T02:34:53.292+0000] {logging_mixin.py:190} INFO - Registro sem campo 'id': n
[2024-10-25T02:34:53.293+0000] {logging_mixin.py:190} INFO - Registro sem campo 'id': a
[2024-10-25T02:34:53.293+0000] {logging_mixin.py:190} INFO - Registro sem campo 'id':  
[2024-10-25T02:34:53.293+0000] {logging_mixin.py:190} INFO - Registro sem campo 'id': M
[2024-10-25T02:34:53.294+0000] {logging_mixin.py:190} INFO - Registro sem campo 'id': a
[2024-10-25T02:34:53.294+0000] {logging_mixin.py:190} INFO - Registro sem campo 'id': r
[2024-10-25T02:34:53.295+0000] {logging_mixin.py:190} INFO - Registro sem campo 'id': t
[2024-10-25T02:34:53.295+0000] {logging_mixin.py:190} INFO - Registro sem campo 'id': i
[2024-10-25T02:34:53.296+0000] {logging_mixin.py:190} INFO - Registro sem campo 'id': n
[2024-10-25T02:34:53.296+0000] {logging_mixin.py:190} INFO - Registro sem campo 'id': s
[2024-10-25T02:34:53.296+0000] {logging_mixin.py:190} INFO - Registro sem campo 'id': '
[2024-10-25T02:34:53.297+0000] {logging_mixin.py:190} INFO - Registro sem campo 'id': ,
[2024-10-25T02:34:53.297+0000] {logging_mixin.py:190} INFO - Registro sem campo 'id':  
[2024-10-25T02:34:53.297+0000] {logging_mixin.py:190} INFO - Registro sem campo 'id': '
[2024-10-25T02:34:53.298+0000] {logging_mixin.py:190} INFO - Registro sem campo 'id': e
[2024-10-25T02:34:53.298+0000] {logging_mixin.py:190} INFO - Registro sem campo 'id': m
[2024-10-25T02:34:53.299+0000] {logging_mixin.py:190} INFO - Registro sem campo 'id': a
[2024-10-25T02:34:53.299+0000] {logging_mixin.py:190} INFO - Registro sem campo 'id': i
[2024-10-25T02:34:53.299+0000] {logging_mixin.py:190} INFO - Registro sem campo 'id': l
[2024-10-25T02:34:53.300+0000] {logging_mixin.py:190} INFO - Registro sem campo 'id': '
[2024-10-25T02:34:53.300+0000] {logging_mixin.py:190} INFO - Registro sem campo 'id': :
[2024-10-25T02:34:53.300+0000] {logging_mixin.py:190} INFO - Registro sem campo 'id':  
[2024-10-25T02:34:53.301+0000] {logging_mixin.py:190} INFO - Registro sem campo 'id': '
[2024-10-25T02:34:53.301+0000] {logging_mixin.py:190} INFO - Registro sem campo 'id': e
[2024-10-25T02:34:53.302+0000] {logging_mixin.py:190} INFO - Registro sem campo 'id': l
[2024-10-25T02:34:53.302+0000] {logging_mixin.py:190} INFO - Registro sem campo 'id': e
[2024-10-25T02:34:53.302+0000] {logging_mixin.py:190} INFO - Registro sem campo 'id': n
[2024-10-25T02:34:53.303+0000] {logging_mixin.py:190} INFO - Registro sem campo 'id': a
[2024-10-25T02:34:53.303+0000] {logging_mixin.py:190} INFO - Registro sem campo 'id': .
[2024-10-25T02:34:53.304+0000] {logging_mixin.py:190} INFO - Registro sem campo 'id': m
[2024-10-25T02:34:53.304+0000] {logging_mixin.py:190} INFO - Registro sem campo 'id': a
[2024-10-25T02:34:53.304+0000] {logging_mixin.py:190} INFO - Registro sem campo 'id': r
[2024-10-25T02:34:53.305+0000] {logging_mixin.py:190} INFO - Registro sem campo 'id': t
[2024-10-25T02:34:53.305+0000] {logging_mixin.py:190} INFO - Registro sem campo 'id': i
[2024-10-25T02:34:53.306+0000] {logging_mixin.py:190} INFO - Registro sem campo 'id': n
[2024-10-25T02:34:53.306+0000] {logging_mixin.py:190} INFO - Registro sem campo 'id': s
[2024-10-25T02:34:53.306+0000] {logging_mixin.py:190} INFO - Registro sem campo 'id': @
[2024-10-25T02:34:53.307+0000] {logging_mixin.py:190} INFO - Registro sem campo 'id': e
[2024-10-25T02:34:53.307+0000] {logging_mixin.py:190} INFO - Registro sem campo 'id': m
[2024-10-25T02:34:53.308+0000] {logging_mixin.py:190} INFO - Registro sem campo 'id': a
[2024-10-25T02:34:53.308+0000] {logging_mixin.py:190} INFO - Registro sem campo 'id': i
[2024-10-25T02:34:53.308+0000] {logging_mixin.py:190} INFO - Registro sem campo 'id': l
[2024-10-25T02:34:53.309+0000] {logging_mixin.py:190} INFO - Registro sem campo 'id': .
[2024-10-25T02:34:53.309+0000] {logging_mixin.py:190} INFO - Registro sem campo 'id': c
[2024-10-25T02:34:53.310+0000] {logging_mixin.py:190} INFO - Registro sem campo 'id': o
[2024-10-25T02:34:53.310+0000] {logging_mixin.py:190} INFO - Registro sem campo 'id': m
[2024-10-25T02:34:53.311+0000] {logging_mixin.py:190} INFO - Registro sem campo 'id': '
[2024-10-25T02:34:53.311+0000] {logging_mixin.py:190} INFO - Registro sem campo 'id': ,
[2024-10-25T02:34:53.311+0000] {logging_mixin.py:190} INFO - Registro sem campo 'id':  
[2024-10-25T02:34:53.312+0000] {logging_mixin.py:190} INFO - Registro sem campo 'id': '
[2024-10-25T02:34:53.312+0000] {logging_mixin.py:190} INFO - Registro sem campo 'id': t
[2024-10-25T02:34:53.313+0000] {logging_mixin.py:190} INFO - Registro sem campo 'id': e
[2024-10-25T02:34:53.313+0000] {logging_mixin.py:190} INFO - Registro sem campo 'id': l
[2024-10-25T02:34:53.314+0000] {logging_mixin.py:190} INFO - Registro sem campo 'id': e
[2024-10-25T02:34:53.314+0000] {logging_mixin.py:190} INFO - Registro sem campo 'id': f
[2024-10-25T02:34:53.314+0000] {logging_mixin.py:190} INFO - Registro sem campo 'id': o
[2024-10-25T02:34:53.315+0000] {logging_mixin.py:190} INFO - Registro sem campo 'id': n
[2024-10-25T02:34:53.315+0000] {logging_mixin.py:190} INFO - Registro sem campo 'id': e
[2024-10-25T02:34:53.316+0000] {logging_mixin.py:190} INFO - Registro sem campo 'id': '
[2024-10-25T02:34:53.316+0000] {logging_mixin.py:190} INFO - Registro sem campo 'id': :
[2024-10-25T02:34:53.317+0000] {logging_mixin.py:190} INFO - Registro sem campo 'id':  
[2024-10-25T02:34:53.317+0000] {logging_mixin.py:190} INFO - Registro sem campo 'id': '
[2024-10-25T02:34:53.317+0000] {logging_mixin.py:190} INFO - Registro sem campo 'id': (
[2024-10-25T02:34:53.318+0000] {logging_mixin.py:190} INFO - Registro sem campo 'id': 5
[2024-10-25T02:34:53.318+0000] {logging_mixin.py:190} INFO - Registro sem campo 'id': 1
[2024-10-25T02:34:53.319+0000] {logging_mixin.py:190} INFO - Registro sem campo 'id': )
[2024-10-25T02:34:53.319+0000] {logging_mixin.py:190} INFO - Registro sem campo 'id':  
[2024-10-25T02:34:53.320+0000] {logging_mixin.py:190} INFO - Registro sem campo 'id': 9
[2024-10-25T02:34:53.320+0000] {logging_mixin.py:190} INFO - Registro sem campo 'id': 4
[2024-10-25T02:34:53.320+0000] {logging_mixin.py:190} INFO - Registro sem campo 'id': 3
[2024-10-25T02:34:53.321+0000] {logging_mixin.py:190} INFO - Registro sem campo 'id': 2
[2024-10-25T02:34:53.321+0000] {logging_mixin.py:190} INFO - Registro sem campo 'id': 1
[2024-10-25T02:34:53.322+0000] {logging_mixin.py:190} INFO - Registro sem campo 'id': -
[2024-10-25T02:34:53.322+0000] {logging_mixin.py:190} INFO - Registro sem campo 'id': 0
[2024-10-25T02:34:53.323+0000] {logging_mixin.py:190} INFO - Registro sem campo 'id': 9
[2024-10-25T02:34:53.323+0000] {logging_mixin.py:190} INFO - Registro sem campo 'id': 8
[2024-10-25T02:34:53.323+0000] {logging_mixin.py:190} INFO - Registro sem campo 'id': 7
[2024-10-25T02:34:53.324+0000] {logging_mixin.py:190} INFO - Registro sem campo 'id': '
[2024-10-25T02:34:53.324+0000] {logging_mixin.py:190} INFO - Registro sem campo 'id': ,
[2024-10-25T02:34:53.325+0000] {logging_mixin.py:190} INFO - Registro sem campo 'id':  
[2024-10-25T02:34:53.325+0000] {logging_mixin.py:190} INFO - Registro sem campo 'id': '
[2024-10-25T02:34:53.326+0000] {logging_mixin.py:190} INFO - Registro sem campo 'id': d
[2024-10-25T02:34:53.326+0000] {logging_mixin.py:190} INFO - Registro sem campo 'id': a
[2024-10-25T02:34:53.326+0000] {logging_mixin.py:190} INFO - Registro sem campo 'id': t
[2024-10-25T02:34:53.327+0000] {logging_mixin.py:190} INFO - Registro sem campo 'id': a
[2024-10-25T02:34:53.327+0000] {logging_mixin.py:190} INFO - Registro sem campo 'id': _
[2024-10-25T02:34:53.328+0000] {logging_mixin.py:190} INFO - Registro sem campo 'id': n
[2024-10-25T02:34:53.328+0000] {logging_mixin.py:190} INFO - Registro sem campo 'id': a
[2024-10-25T02:34:53.328+0000] {logging_mixin.py:190} INFO - Registro sem campo 'id': s
[2024-10-25T02:34:53.329+0000] {logging_mixin.py:190} INFO - Registro sem campo 'id': c
[2024-10-25T02:34:53.329+0000] {logging_mixin.py:190} INFO - Registro sem campo 'id': i
[2024-10-25T02:34:53.330+0000] {logging_mixin.py:190} INFO - Registro sem campo 'id': m
[2024-10-25T02:34:53.330+0000] {logging_mixin.py:190} INFO - Registro sem campo 'id': e
[2024-10-25T02:34:53.331+0000] {logging_mixin.py:190} INFO - Registro sem campo 'id': n
[2024-10-25T02:34:53.331+0000] {logging_mixin.py:190} INFO - Registro sem campo 'id': t
[2024-10-25T02:34:53.331+0000] {logging_mixin.py:190} INFO - Registro sem campo 'id': o
[2024-10-25T02:34:53.332+0000] {logging_mixin.py:190} INFO - Registro sem campo 'id': '
[2024-10-25T02:34:53.332+0000] {logging_mixin.py:190} INFO - Registro sem campo 'id': :
[2024-10-25T02:34:53.333+0000] {logging_mixin.py:190} INFO - Registro sem campo 'id':  
[2024-10-25T02:34:53.333+0000] {logging_mixin.py:190} INFO - Registro sem campo 'id': '
[2024-10-25T02:34:53.333+0000] {logging_mixin.py:190} INFO - Registro sem campo 'id': 1
[2024-10-25T02:34:53.334+0000] {logging_mixin.py:190} INFO - Registro sem campo 'id': 9
[2024-10-25T02:34:53.334+0000] {logging_mixin.py:190} INFO - Registro sem campo 'id': 9
[2024-10-25T02:34:53.334+0000] {logging_mixin.py:190} INFO - Registro sem campo 'id': 5
[2024-10-25T02:34:53.335+0000] {logging_mixin.py:190} INFO - Registro sem campo 'id': -
[2024-10-25T02:34:53.335+0000] {logging_mixin.py:190} INFO - Registro sem campo 'id': 0
[2024-10-25T02:34:53.336+0000] {logging_mixin.py:190} INFO - Registro sem campo 'id': 7
[2024-10-25T02:34:53.336+0000] {logging_mixin.py:190} INFO - Registro sem campo 'id': -
[2024-10-25T02:34:53.336+0000] {logging_mixin.py:190} INFO - Registro sem campo 'id': 3
[2024-10-25T02:34:53.337+0000] {logging_mixin.py:190} INFO - Registro sem campo 'id': 0
[2024-10-25T02:34:53.337+0000] {logging_mixin.py:190} INFO - Registro sem campo 'id': '
[2024-10-25T02:34:53.338+0000] {logging_mixin.py:190} INFO - Registro sem campo 'id': ,
[2024-10-25T02:34:53.338+0000] {logging_mixin.py:190} INFO - Registro sem campo 'id':  
[2024-10-25T02:34:53.338+0000] {logging_mixin.py:190} INFO - Registro sem campo 'id': '
[2024-10-25T02:34:53.339+0000] {logging_mixin.py:190} INFO - Registro sem campo 'id': s
[2024-10-25T02:34:53.339+0000] {logging_mixin.py:190} INFO - Registro sem campo 'id': e
[2024-10-25T02:34:53.340+0000] {logging_mixin.py:190} INFO - Registro sem campo 'id': x
[2024-10-25T02:34:53.340+0000] {logging_mixin.py:190} INFO - Registro sem campo 'id': o
[2024-10-25T02:34:53.341+0000] {logging_mixin.py:190} INFO - Registro sem campo 'id': '
[2024-10-25T02:34:53.341+0000] {logging_mixin.py:190} INFO - Registro sem campo 'id': :
[2024-10-25T02:34:53.341+0000] {logging_mixin.py:190} INFO - Registro sem campo 'id':  
[2024-10-25T02:34:53.342+0000] {logging_mixin.py:190} INFO - Registro sem campo 'id': '
[2024-10-25T02:34:53.342+0000] {logging_mixin.py:190} INFO - Registro sem campo 'id': F
[2024-10-25T02:34:53.342+0000] {logging_mixin.py:190} INFO - Registro sem campo 'id': e
[2024-10-25T02:34:53.343+0000] {logging_mixin.py:190} INFO - Registro sem campo 'id': m
[2024-10-25T02:34:53.343+0000] {logging_mixin.py:190} INFO - Registro sem campo 'id': i
[2024-10-25T02:34:53.344+0000] {logging_mixin.py:190} INFO - Registro sem campo 'id': n
[2024-10-25T02:34:53.344+0000] {logging_mixin.py:190} INFO - Registro sem campo 'id': i
[2024-10-25T02:34:53.345+0000] {logging_mixin.py:190} INFO - Registro sem campo 'id': n
[2024-10-25T02:34:53.345+0000] {logging_mixin.py:190} INFO - Registro sem campo 'id': o
[2024-10-25T02:34:53.345+0000] {logging_mixin.py:190} INFO - Registro sem campo 'id': '
[2024-10-25T02:34:53.346+0000] {logging_mixin.py:190} INFO - Registro sem campo 'id': ,
[2024-10-25T02:34:53.346+0000] {logging_mixin.py:190} INFO - Registro sem campo 'id':  
[2024-10-25T02:34:53.347+0000] {logging_mixin.py:190} INFO - Registro sem campo 'id': '
[2024-10-25T02:34:53.347+0000] {logging_mixin.py:190} INFO - Registro sem campo 'id': c
[2024-10-25T02:34:53.348+0000] {logging_mixin.py:190} INFO - Registro sem campo 'id': i
[2024-10-25T02:34:53.348+0000] {logging_mixin.py:190} INFO - Registro sem campo 'id': d
[2024-10-25T02:34:53.348+0000] {logging_mixin.py:190} INFO - Registro sem campo 'id': a
[2024-10-25T02:34:53.349+0000] {logging_mixin.py:190} INFO - Registro sem campo 'id': d
[2024-10-25T02:34:53.349+0000] {logging_mixin.py:190} INFO - Registro sem campo 'id': e
[2024-10-25T02:34:53.349+0000] {logging_mixin.py:190} INFO - Registro sem campo 'id': '
[2024-10-25T02:34:53.350+0000] {logging_mixin.py:190} INFO - Registro sem campo 'id': :
[2024-10-25T02:34:53.350+0000] {logging_mixin.py:190} INFO - Registro sem campo 'id':  
[2024-10-25T02:34:53.351+0000] {logging_mixin.py:190} INFO - Registro sem campo 'id': '
[2024-10-25T02:34:53.351+0000] {logging_mixin.py:190} INFO - Registro sem campo 'id': P
[2024-10-25T02:34:53.351+0000] {logging_mixin.py:190} INFO - Registro sem campo 'id': o
[2024-10-25T02:34:53.352+0000] {logging_mixin.py:190} INFO - Registro sem campo 'id': r
[2024-10-25T02:34:53.352+0000] {logging_mixin.py:190} INFO - Registro sem campo 'id': t
[2024-10-25T02:34:53.353+0000] {logging_mixin.py:190} INFO - Registro sem campo 'id': o
[2024-10-25T02:34:53.353+0000] {logging_mixin.py:190} INFO - Registro sem campo 'id':  
[2024-10-25T02:34:53.354+0000] {logging_mixin.py:190} INFO - Registro sem campo 'id': A
[2024-10-25T02:34:53.354+0000] {logging_mixin.py:190} INFO - Registro sem campo 'id': l
[2024-10-25T02:34:53.354+0000] {logging_mixin.py:190} INFO - Registro sem campo 'id': e
[2024-10-25T02:34:53.355+0000] {logging_mixin.py:190} INFO - Registro sem campo 'id': g
[2024-10-25T02:34:53.355+0000] {logging_mixin.py:190} INFO - Registro sem campo 'id': r
[2024-10-25T02:34:53.356+0000] {logging_mixin.py:190} INFO - Registro sem campo 'id': e
[2024-10-25T02:34:53.356+0000] {logging_mixin.py:190} INFO - Registro sem campo 'id': '
[2024-10-25T02:34:53.357+0000] {logging_mixin.py:190} INFO - Registro sem campo 'id': ,
[2024-10-25T02:34:53.357+0000] {logging_mixin.py:190} INFO - Registro sem campo 'id':  
[2024-10-25T02:34:53.358+0000] {logging_mixin.py:190} INFO - Registro sem campo 'id': '
[2024-10-25T02:34:53.358+0000] {logging_mixin.py:190} INFO - Registro sem campo 'id': e
[2024-10-25T02:34:53.358+0000] {logging_mixin.py:190} INFO - Registro sem campo 'id': s
[2024-10-25T02:34:53.359+0000] {logging_mixin.py:190} INFO - Registro sem campo 'id': t
[2024-10-25T02:34:53.359+0000] {logging_mixin.py:190} INFO - Registro sem campo 'id': a
[2024-10-25T02:34:53.360+0000] {logging_mixin.py:190} INFO - Registro sem campo 'id': d
[2024-10-25T02:34:53.360+0000] {logging_mixin.py:190} INFO - Registro sem campo 'id': o
[2024-10-25T02:34:53.361+0000] {logging_mixin.py:190} INFO - Registro sem campo 'id': '
[2024-10-25T02:34:53.361+0000] {logging_mixin.py:190} INFO - Registro sem campo 'id': :
[2024-10-25T02:34:53.362+0000] {logging_mixin.py:190} INFO - Registro sem campo 'id':  
[2024-10-25T02:34:53.363+0000] {logging_mixin.py:190} INFO - Registro sem campo 'id': '
[2024-10-25T02:34:53.363+0000] {logging_mixin.py:190} INFO - Registro sem campo 'id': R
[2024-10-25T02:34:53.364+0000] {logging_mixin.py:190} INFO - Registro sem campo 'id': S
[2024-10-25T02:34:53.364+0000] {logging_mixin.py:190} INFO - Registro sem campo 'id': '
[2024-10-25T02:34:53.364+0000] {logging_mixin.py:190} INFO - Registro sem campo 'id': }
[2024-10-25T02:34:53.365+0000] {logging_mixin.py:190} INFO - Registro sem campo 'id': ]
[2024-10-25T02:34:53.365+0000] {python.py:240} INFO - Done. Returned value was: []
[2024-10-25T02:34:53.397+0000] {taskinstance.py:340} INFO - ::group::Post task execution logs
[2024-10-25T02:34:53.398+0000] {taskinstance.py:352} INFO - Marking task as SUCCESS. dag_id=inserir_dados_mongodb, task_id=check_existing_data, run_id=manual__2024-10-25T02:34:49.363166+00:00, execution_date=20241025T023449, start_date=20241025T023452, end_date=20241025T023453
[2024-10-25T02:34:53.446+0000] {local_task_job_runner.py:266} INFO - Task exited with return code 0
[2024-10-25T02:34:53.469+0000] {taskinstance.py:3900} INFO - 1 downstream tasks scheduled from follow-on schedule check
[2024-10-25T02:34:53.473+0000] {local_task_job_runner.py:245} INFO - ::endgroup::
