[2024-10-25T02:36:03.744+0000] {local_task_job_runner.py:123} INFO - ::group::Pre task execution logs
[2024-10-25T02:36:03.777+0000] {taskinstance.py:2612} INFO - Dependencies all met for dep_context=non-requeueable deps ti=<TaskInstance: inserir_dados_mongodb.check_existing_data manual__2024-10-25T02:35:59.947014+00:00 [queued]>
[2024-10-25T02:36:03.807+0000] {taskinstance.py:2612} INFO - Dependencies all met for dep_context=requeueable deps ti=<TaskInstance: inserir_dados_mongodb.check_existing_data manual__2024-10-25T02:35:59.947014+00:00 [queued]>
[2024-10-25T02:36:03.832+0000] {taskinstance.py:2865} INFO - Starting attempt 1 of 2
[2024-10-25T02:36:03.906+0000] {taskinstance.py:2888} INFO - Executing <Task(PythonOperator): check_existing_data> on 2024-10-25 02:35:59.947014+00:00
[2024-10-25T02:36:03.933+0000] {warnings.py:112} WARNING - /home/***/.local/lib/python3.12/site-packages/***/task/task_runner/standard_task_runner.py:70: DeprecationWarning: This process (pid=5586) is multi-threaded, use of fork() may lead to deadlocks in the child.
  pid = os.fork()

[2024-10-25T02:36:03.935+0000] {standard_task_runner.py:104} INFO - Running: ['***', 'tasks', 'run', 'inserir_dados_mongodb', 'check_existing_data', 'manual__2024-10-25T02:35:59.947014+00:00', '--job-id', '41', '--raw', '--subdir', 'DAGS_FOLDER/dag_save_mongodb_v3.py', '--cfg-path', '/tmp/tmpftnieqrm']
[2024-10-25T02:36:03.949+0000] {standard_task_runner.py:72} INFO - Started process 5588 to run task
[2024-10-25T02:36:03.951+0000] {standard_task_runner.py:105} INFO - Job 41: Subtask check_existing_data
[2024-10-25T02:36:04.042+0000] {task_command.py:467} INFO - Running <TaskInstance: inserir_dados_mongodb.check_existing_data manual__2024-10-25T02:35:59.947014+00:00 [running]> on host a0ed19d3458a
[2024-10-25T02:36:04.171+0000] {taskinstance.py:3131} INFO - Exporting env vars: AIRFLOW_CTX_DAG_OWNER='user' AIRFLOW_CTX_DAG_ID='inserir_dados_mongodb' AIRFLOW_CTX_TASK_ID='check_existing_data' AIRFLOW_CTX_EXECUTION_DATE='2024-10-25T02:35:59.947014+00:00' AIRFLOW_CTX_TRY_NUMBER='1' AIRFLOW_CTX_DAG_RUN_ID='manual__2024-10-25T02:35:59.947014+00:00'
[2024-10-25T02:36:04.174+0000] {taskinstance.py:731} INFO - ::endgroup::
[2024-10-25T02:36:04.214+0000] {logging_mixin.py:190} INFO - Registro sem campo 'id': [
[2024-10-25T02:36:04.215+0000] {logging_mixin.py:190} INFO - Registro sem campo 'id': {
[2024-10-25T02:36:04.216+0000] {logging_mixin.py:190} INFO - Registro sem campo 'id': '
[2024-10-25T02:36:04.217+0000] {logging_mixin.py:190} INFO - Registro sem campo 'id': i
[2024-10-25T02:36:04.217+0000] {logging_mixin.py:190} INFO - Registro sem campo 'id': d
[2024-10-25T02:36:04.219+0000] {logging_mixin.py:190} INFO - Registro sem campo 'id': '
[2024-10-25T02:36:04.220+0000] {logging_mixin.py:190} INFO - Registro sem campo 'id': :
[2024-10-25T02:36:04.221+0000] {logging_mixin.py:190} INFO - Registro sem campo 'id':  
[2024-10-25T02:36:04.221+0000] {logging_mixin.py:190} INFO - Registro sem campo 'id': 1
[2024-10-25T02:36:04.222+0000] {logging_mixin.py:190} INFO - Registro sem campo 'id': ,
[2024-10-25T02:36:04.223+0000] {logging_mixin.py:190} INFO - Registro sem campo 'id':  
[2024-10-25T02:36:04.223+0000] {logging_mixin.py:190} INFO - Registro sem campo 'id': '
[2024-10-25T02:36:04.223+0000] {logging_mixin.py:190} INFO - Registro sem campo 'id': n
[2024-10-25T02:36:04.224+0000] {logging_mixin.py:190} INFO - Registro sem campo 'id': o
[2024-10-25T02:36:04.224+0000] {logging_mixin.py:190} INFO - Registro sem campo 'id': m
[2024-10-25T02:36:04.225+0000] {logging_mixin.py:190} INFO - Registro sem campo 'id': e
[2024-10-25T02:36:04.225+0000] {logging_mixin.py:190} INFO - Registro sem campo 'id': '
[2024-10-25T02:36:04.225+0000] {logging_mixin.py:190} INFO - Registro sem campo 'id': :
[2024-10-25T02:36:04.226+0000] {logging_mixin.py:190} INFO - Registro sem campo 'id':  
[2024-10-25T02:36:04.226+0000] {logging_mixin.py:190} INFO - Registro sem campo 'id': '
[2024-10-25T02:36:04.226+0000] {logging_mixin.py:190} INFO - Registro sem campo 'id': A
[2024-10-25T02:36:04.227+0000] {logging_mixin.py:190} INFO - Registro sem campo 'id': l
[2024-10-25T02:36:04.227+0000] {logging_mixin.py:190} INFO - Registro sem campo 'id': i
[2024-10-25T02:36:04.228+0000] {logging_mixin.py:190} INFO - Registro sem campo 'id': c
[2024-10-25T02:36:04.228+0000] {logging_mixin.py:190} INFO - Registro sem campo 'id': e
[2024-10-25T02:36:04.228+0000] {logging_mixin.py:190} INFO - Registro sem campo 'id':  
[2024-10-25T02:36:04.229+0000] {logging_mixin.py:190} INFO - Registro sem campo 'id': S
[2024-10-25T02:36:04.229+0000] {logging_mixin.py:190} INFO - Registro sem campo 'id': i
[2024-10-25T02:36:04.229+0000] {logging_mixin.py:190} INFO - Registro sem campo 'id': l
[2024-10-25T02:36:04.230+0000] {logging_mixin.py:190} INFO - Registro sem campo 'id': v
[2024-10-25T02:36:04.230+0000] {logging_mixin.py:190} INFO - Registro sem campo 'id': a
[2024-10-25T02:36:04.230+0000] {logging_mixin.py:190} INFO - Registro sem campo 'id': '
[2024-10-25T02:36:04.231+0000] {logging_mixin.py:190} INFO - Registro sem campo 'id': ,
[2024-10-25T02:36:04.231+0000] {logging_mixin.py:190} INFO - Registro sem campo 'id':  
[2024-10-25T02:36:04.232+0000] {logging_mixin.py:190} INFO - Registro sem campo 'id': '
[2024-10-25T02:36:04.232+0000] {logging_mixin.py:190} INFO - Registro sem campo 'id': e
[2024-10-25T02:36:04.232+0000] {logging_mixin.py:190} INFO - Registro sem campo 'id': m
[2024-10-25T02:36:04.233+0000] {logging_mixin.py:190} INFO - Registro sem campo 'id': a
[2024-10-25T02:36:04.233+0000] {logging_mixin.py:190} INFO - Registro sem campo 'id': i
[2024-10-25T02:36:04.234+0000] {logging_mixin.py:190} INFO - Registro sem campo 'id': l
[2024-10-25T02:36:04.234+0000] {logging_mixin.py:190} INFO - Registro sem campo 'id': '
[2024-10-25T02:36:04.235+0000] {logging_mixin.py:190} INFO - Registro sem campo 'id': :
[2024-10-25T02:36:04.236+0000] {logging_mixin.py:190} INFO - Registro sem campo 'id':  
[2024-10-25T02:36:04.236+0000] {logging_mixin.py:190} INFO - Registro sem campo 'id': '
[2024-10-25T02:36:04.236+0000] {logging_mixin.py:190} INFO - Registro sem campo 'id': a
[2024-10-25T02:36:04.237+0000] {logging_mixin.py:190} INFO - Registro sem campo 'id': l
[2024-10-25T02:36:04.237+0000] {logging_mixin.py:190} INFO - Registro sem campo 'id': i
[2024-10-25T02:36:04.237+0000] {logging_mixin.py:190} INFO - Registro sem campo 'id': c
[2024-10-25T02:36:04.238+0000] {logging_mixin.py:190} INFO - Registro sem campo 'id': e
[2024-10-25T02:36:04.238+0000] {logging_mixin.py:190} INFO - Registro sem campo 'id': .
[2024-10-25T02:36:04.238+0000] {logging_mixin.py:190} INFO - Registro sem campo 'id': s
[2024-10-25T02:36:04.239+0000] {logging_mixin.py:190} INFO - Registro sem campo 'id': i
[2024-10-25T02:36:04.239+0000] {logging_mixin.py:190} INFO - Registro sem campo 'id': l
[2024-10-25T02:36:04.239+0000] {logging_mixin.py:190} INFO - Registro sem campo 'id': v
[2024-10-25T02:36:04.240+0000] {logging_mixin.py:190} INFO - Registro sem campo 'id': a
[2024-10-25T02:36:04.240+0000] {logging_mixin.py:190} INFO - Registro sem campo 'id': @
[2024-10-25T02:36:04.240+0000] {logging_mixin.py:190} INFO - Registro sem campo 'id': e
[2024-10-25T02:36:04.241+0000] {logging_mixin.py:190} INFO - Registro sem campo 'id': m
[2024-10-25T02:36:04.241+0000] {logging_mixin.py:190} INFO - Registro sem campo 'id': a
[2024-10-25T02:36:04.241+0000] {logging_mixin.py:190} INFO - Registro sem campo 'id': i
[2024-10-25T02:36:04.242+0000] {logging_mixin.py:190} INFO - Registro sem campo 'id': l
[2024-10-25T02:36:04.242+0000] {logging_mixin.py:190} INFO - Registro sem campo 'id': .
[2024-10-25T02:36:04.243+0000] {logging_mixin.py:190} INFO - Registro sem campo 'id': c
[2024-10-25T02:36:04.243+0000] {logging_mixin.py:190} INFO - Registro sem campo 'id': o
[2024-10-25T02:36:04.243+0000] {logging_mixin.py:190} INFO - Registro sem campo 'id': m
[2024-10-25T02:36:04.244+0000] {logging_mixin.py:190} INFO - Registro sem campo 'id': '
[2024-10-25T02:36:04.244+0000] {logging_mixin.py:190} INFO - Registro sem campo 'id': ,
[2024-10-25T02:36:04.244+0000] {logging_mixin.py:190} INFO - Registro sem campo 'id':  
[2024-10-25T02:36:04.245+0000] {logging_mixin.py:190} INFO - Registro sem campo 'id': '
[2024-10-25T02:36:04.245+0000] {logging_mixin.py:190} INFO - Registro sem campo 'id': t
[2024-10-25T02:36:04.246+0000] {logging_mixin.py:190} INFO - Registro sem campo 'id': e
[2024-10-25T02:36:04.246+0000] {logging_mixin.py:190} INFO - Registro sem campo 'id': l
[2024-10-25T02:36:04.246+0000] {logging_mixin.py:190} INFO - Registro sem campo 'id': e
[2024-10-25T02:36:04.247+0000] {logging_mixin.py:190} INFO - Registro sem campo 'id': f
[2024-10-25T02:36:04.247+0000] {logging_mixin.py:190} INFO - Registro sem campo 'id': o
[2024-10-25T02:36:04.247+0000] {logging_mixin.py:190} INFO - Registro sem campo 'id': n
[2024-10-25T02:36:04.248+0000] {logging_mixin.py:190} INFO - Registro sem campo 'id': e
[2024-10-25T02:36:04.248+0000] {logging_mixin.py:190} INFO - Registro sem campo 'id': '
[2024-10-25T02:36:04.249+0000] {logging_mixin.py:190} INFO - Registro sem campo 'id': :
[2024-10-25T02:36:04.249+0000] {logging_mixin.py:190} INFO - Registro sem campo 'id':  
[2024-10-25T02:36:04.249+0000] {logging_mixin.py:190} INFO - Registro sem campo 'id': '
[2024-10-25T02:36:04.250+0000] {logging_mixin.py:190} INFO - Registro sem campo 'id': (
[2024-10-25T02:36:04.251+0000] {logging_mixin.py:190} INFO - Registro sem campo 'id': 1
[2024-10-25T02:36:04.251+0000] {logging_mixin.py:190} INFO - Registro sem campo 'id': 1
[2024-10-25T02:36:04.251+0000] {logging_mixin.py:190} INFO - Registro sem campo 'id': )
[2024-10-25T02:36:04.252+0000] {logging_mixin.py:190} INFO - Registro sem campo 'id':  
[2024-10-25T02:36:04.252+0000] {logging_mixin.py:190} INFO - Registro sem campo 'id': 9
[2024-10-25T02:36:04.253+0000] {logging_mixin.py:190} INFO - Registro sem campo 'id': 8
[2024-10-25T02:36:04.253+0000] {logging_mixin.py:190} INFO - Registro sem campo 'id': 7
[2024-10-25T02:36:04.253+0000] {logging_mixin.py:190} INFO - Registro sem campo 'id': 6
[2024-10-25T02:36:04.254+0000] {logging_mixin.py:190} INFO - Registro sem campo 'id': 5
[2024-10-25T02:36:04.254+0000] {logging_mixin.py:190} INFO - Registro sem campo 'id': -
[2024-10-25T02:36:04.254+0000] {logging_mixin.py:190} INFO - Registro sem campo 'id': 4
[2024-10-25T02:36:04.255+0000] {logging_mixin.py:190} INFO - Registro sem campo 'id': 3
[2024-10-25T02:36:04.255+0000] {logging_mixin.py:190} INFO - Registro sem campo 'id': 2
[2024-10-25T02:36:04.256+0000] {logging_mixin.py:190} INFO - Registro sem campo 'id': 1
[2024-10-25T02:36:04.256+0000] {logging_mixin.py:190} INFO - Registro sem campo 'id': '
[2024-10-25T02:36:04.256+0000] {logging_mixin.py:190} INFO - Registro sem campo 'id': ,
[2024-10-25T02:36:04.257+0000] {logging_mixin.py:190} INFO - Registro sem campo 'id':  
[2024-10-25T02:36:04.257+0000] {logging_mixin.py:190} INFO - Registro sem campo 'id': '
[2024-10-25T02:36:04.257+0000] {logging_mixin.py:190} INFO - Registro sem campo 'id': d
[2024-10-25T02:36:04.258+0000] {logging_mixin.py:190} INFO - Registro sem campo 'id': a
[2024-10-25T02:36:04.258+0000] {logging_mixin.py:190} INFO - Registro sem campo 'id': t
[2024-10-25T02:36:04.258+0000] {logging_mixin.py:190} INFO - Registro sem campo 'id': a
[2024-10-25T02:36:04.259+0000] {logging_mixin.py:190} INFO - Registro sem campo 'id': _
[2024-10-25T02:36:04.259+0000] {logging_mixin.py:190} INFO - Registro sem campo 'id': n
[2024-10-25T02:36:04.259+0000] {logging_mixin.py:190} INFO - Registro sem campo 'id': a
[2024-10-25T02:36:04.260+0000] {logging_mixin.py:190} INFO - Registro sem campo 'id': s
[2024-10-25T02:36:04.260+0000] {logging_mixin.py:190} INFO - Registro sem campo 'id': c
[2024-10-25T02:36:04.260+0000] {logging_mixin.py:190} INFO - Registro sem campo 'id': i
[2024-10-25T02:36:04.261+0000] {logging_mixin.py:190} INFO - Registro sem campo 'id': m
[2024-10-25T02:36:04.261+0000] {logging_mixin.py:190} INFO - Registro sem campo 'id': e
[2024-10-25T02:36:04.261+0000] {logging_mixin.py:190} INFO - Registro sem campo 'id': n
[2024-10-25T02:36:04.262+0000] {logging_mixin.py:190} INFO - Registro sem campo 'id': t
[2024-10-25T02:36:04.262+0000] {logging_mixin.py:190} INFO - Registro sem campo 'id': o
[2024-10-25T02:36:04.262+0000] {logging_mixin.py:190} INFO - Registro sem campo 'id': '
[2024-10-25T02:36:04.263+0000] {logging_mixin.py:190} INFO - Registro sem campo 'id': :
[2024-10-25T02:36:04.263+0000] {logging_mixin.py:190} INFO - Registro sem campo 'id':  
[2024-10-25T02:36:04.263+0000] {logging_mixin.py:190} INFO - Registro sem campo 'id': '
[2024-10-25T02:36:04.264+0000] {logging_mixin.py:190} INFO - Registro sem campo 'id': 1
[2024-10-25T02:36:04.264+0000] {logging_mixin.py:190} INFO - Registro sem campo 'id': 9
[2024-10-25T02:36:04.265+0000] {logging_mixin.py:190} INFO - Registro sem campo 'id': 9
[2024-10-25T02:36:04.266+0000] {logging_mixin.py:190} INFO - Registro sem campo 'id': 0
[2024-10-25T02:36:04.267+0000] {logging_mixin.py:190} INFO - Registro sem campo 'id': -
[2024-10-25T02:36:04.268+0000] {logging_mixin.py:190} INFO - Registro sem campo 'id': 0
[2024-10-25T02:36:04.268+0000] {logging_mixin.py:190} INFO - Registro sem campo 'id': 5
[2024-10-25T02:36:04.269+0000] {logging_mixin.py:190} INFO - Registro sem campo 'id': -
[2024-10-25T02:36:04.270+0000] {logging_mixin.py:190} INFO - Registro sem campo 'id': 1
[2024-10-25T02:36:04.270+0000] {logging_mixin.py:190} INFO - Registro sem campo 'id': 2
[2024-10-25T02:36:04.270+0000] {logging_mixin.py:190} INFO - Registro sem campo 'id': '
[2024-10-25T02:36:04.271+0000] {logging_mixin.py:190} INFO - Registro sem campo 'id': ,
[2024-10-25T02:36:04.271+0000] {logging_mixin.py:190} INFO - Registro sem campo 'id':  
[2024-10-25T02:36:04.272+0000] {logging_mixin.py:190} INFO - Registro sem campo 'id': '
[2024-10-25T02:36:04.272+0000] {logging_mixin.py:190} INFO - Registro sem campo 'id': s
[2024-10-25T02:36:04.272+0000] {logging_mixin.py:190} INFO - Registro sem campo 'id': e
[2024-10-25T02:36:04.273+0000] {logging_mixin.py:190} INFO - Registro sem campo 'id': x
[2024-10-25T02:36:04.273+0000] {logging_mixin.py:190} INFO - Registro sem campo 'id': o
[2024-10-25T02:36:04.274+0000] {logging_mixin.py:190} INFO - Registro sem campo 'id': '
[2024-10-25T02:36:04.274+0000] {logging_mixin.py:190} INFO - Registro sem campo 'id': :
[2024-10-25T02:36:04.275+0000] {logging_mixin.py:190} INFO - Registro sem campo 'id':  
[2024-10-25T02:36:04.275+0000] {logging_mixin.py:190} INFO - Registro sem campo 'id': '
[2024-10-25T02:36:04.275+0000] {logging_mixin.py:190} INFO - Registro sem campo 'id': F
[2024-10-25T02:36:04.276+0000] {logging_mixin.py:190} INFO - Registro sem campo 'id': e
[2024-10-25T02:36:04.276+0000] {logging_mixin.py:190} INFO - Registro sem campo 'id': m
[2024-10-25T02:36:04.277+0000] {logging_mixin.py:190} INFO - Registro sem campo 'id': i
[2024-10-25T02:36:04.277+0000] {logging_mixin.py:190} INFO - Registro sem campo 'id': n
[2024-10-25T02:36:04.277+0000] {logging_mixin.py:190} INFO - Registro sem campo 'id': i
[2024-10-25T02:36:04.278+0000] {logging_mixin.py:190} INFO - Registro sem campo 'id': n
[2024-10-25T02:36:04.278+0000] {logging_mixin.py:190} INFO - Registro sem campo 'id': o
[2024-10-25T02:36:04.278+0000] {logging_mixin.py:190} INFO - Registro sem campo 'id': '
[2024-10-25T02:36:04.279+0000] {logging_mixin.py:190} INFO - Registro sem campo 'id': ,
[2024-10-25T02:36:04.279+0000] {logging_mixin.py:190} INFO - Registro sem campo 'id':  
[2024-10-25T02:36:04.280+0000] {logging_mixin.py:190} INFO - Registro sem campo 'id': '
[2024-10-25T02:36:04.280+0000] {logging_mixin.py:190} INFO - Registro sem campo 'id': c
[2024-10-25T02:36:04.280+0000] {logging_mixin.py:190} INFO - Registro sem campo 'id': i
[2024-10-25T02:36:04.281+0000] {logging_mixin.py:190} INFO - Registro sem campo 'id': d
[2024-10-25T02:36:04.281+0000] {logging_mixin.py:190} INFO - Registro sem campo 'id': a
[2024-10-25T02:36:04.282+0000] {logging_mixin.py:190} INFO - Registro sem campo 'id': d
[2024-10-25T02:36:04.282+0000] {logging_mixin.py:190} INFO - Registro sem campo 'id': e
[2024-10-25T02:36:04.283+0000] {logging_mixin.py:190} INFO - Registro sem campo 'id': '
[2024-10-25T02:36:04.283+0000] {logging_mixin.py:190} INFO - Registro sem campo 'id': :
[2024-10-25T02:36:04.283+0000] {logging_mixin.py:190} INFO - Registro sem campo 'id':  
[2024-10-25T02:36:04.284+0000] {logging_mixin.py:190} INFO - Registro sem campo 'id': '
[2024-10-25T02:36:04.284+0000] {logging_mixin.py:190} INFO - Registro sem campo 'id': S
[2024-10-25T02:36:04.285+0000] {logging_mixin.py:190} INFO - Registro sem campo 'id': ã
[2024-10-25T02:36:04.285+0000] {logging_mixin.py:190} INFO - Registro sem campo 'id': o
[2024-10-25T02:36:04.285+0000] {logging_mixin.py:190} INFO - Registro sem campo 'id':  
[2024-10-25T02:36:04.286+0000] {logging_mixin.py:190} INFO - Registro sem campo 'id': P
[2024-10-25T02:36:04.286+0000] {logging_mixin.py:190} INFO - Registro sem campo 'id': a
[2024-10-25T02:36:04.286+0000] {logging_mixin.py:190} INFO - Registro sem campo 'id': u
[2024-10-25T02:36:04.287+0000] {logging_mixin.py:190} INFO - Registro sem campo 'id': l
[2024-10-25T02:36:04.287+0000] {logging_mixin.py:190} INFO - Registro sem campo 'id': o
[2024-10-25T02:36:04.287+0000] {logging_mixin.py:190} INFO - Registro sem campo 'id': '
[2024-10-25T02:36:04.288+0000] {logging_mixin.py:190} INFO - Registro sem campo 'id': ,
[2024-10-25T02:36:04.288+0000] {logging_mixin.py:190} INFO - Registro sem campo 'id':  
[2024-10-25T02:36:04.289+0000] {logging_mixin.py:190} INFO - Registro sem campo 'id': '
[2024-10-25T02:36:04.289+0000] {logging_mixin.py:190} INFO - Registro sem campo 'id': e
[2024-10-25T02:36:04.289+0000] {logging_mixin.py:190} INFO - Registro sem campo 'id': s
[2024-10-25T02:36:04.290+0000] {logging_mixin.py:190} INFO - Registro sem campo 'id': t
[2024-10-25T02:36:04.290+0000] {logging_mixin.py:190} INFO - Registro sem campo 'id': a
[2024-10-25T02:36:04.290+0000] {logging_mixin.py:190} INFO - Registro sem campo 'id': d
[2024-10-25T02:36:04.291+0000] {logging_mixin.py:190} INFO - Registro sem campo 'id': o
[2024-10-25T02:36:04.291+0000] {logging_mixin.py:190} INFO - Registro sem campo 'id': '
[2024-10-25T02:36:04.291+0000] {logging_mixin.py:190} INFO - Registro sem campo 'id': :
[2024-10-25T02:36:04.292+0000] {logging_mixin.py:190} INFO - Registro sem campo 'id':  
[2024-10-25T02:36:04.292+0000] {logging_mixin.py:190} INFO - Registro sem campo 'id': '
[2024-10-25T02:36:04.293+0000] {logging_mixin.py:190} INFO - Registro sem campo 'id': S
[2024-10-25T02:36:04.293+0000] {logging_mixin.py:190} INFO - Registro sem campo 'id': P
[2024-10-25T02:36:04.293+0000] {logging_mixin.py:190} INFO - Registro sem campo 'id': '
[2024-10-25T02:36:04.294+0000] {logging_mixin.py:190} INFO - Registro sem campo 'id': }
[2024-10-25T02:36:04.294+0000] {logging_mixin.py:190} INFO - Registro sem campo 'id': ,
[2024-10-25T02:36:04.294+0000] {logging_mixin.py:190} INFO - Registro sem campo 'id':  
[2024-10-25T02:36:04.295+0000] {logging_mixin.py:190} INFO - Registro sem campo 'id': {
[2024-10-25T02:36:04.295+0000] {logging_mixin.py:190} INFO - Registro sem campo 'id': '
[2024-10-25T02:36:04.295+0000] {logging_mixin.py:190} INFO - Registro sem campo 'id': i
[2024-10-25T02:36:04.296+0000] {logging_mixin.py:190} INFO - Registro sem campo 'id': d
[2024-10-25T02:36:04.297+0000] {logging_mixin.py:190} INFO - Registro sem campo 'id': '
[2024-10-25T02:36:04.297+0000] {logging_mixin.py:190} INFO - Registro sem campo 'id': :
[2024-10-25T02:36:04.298+0000] {logging_mixin.py:190} INFO - Registro sem campo 'id':  
[2024-10-25T02:36:04.298+0000] {logging_mixin.py:190} INFO - Registro sem campo 'id': 2
[2024-10-25T02:36:04.298+0000] {logging_mixin.py:190} INFO - Registro sem campo 'id': ,
[2024-10-25T02:36:04.299+0000] {logging_mixin.py:190} INFO - Registro sem campo 'id':  
[2024-10-25T02:36:04.299+0000] {logging_mixin.py:190} INFO - Registro sem campo 'id': '
[2024-10-25T02:36:04.300+0000] {logging_mixin.py:190} INFO - Registro sem campo 'id': n
[2024-10-25T02:36:04.300+0000] {logging_mixin.py:190} INFO - Registro sem campo 'id': o
[2024-10-25T02:36:04.300+0000] {logging_mixin.py:190} INFO - Registro sem campo 'id': m
[2024-10-25T02:36:04.301+0000] {logging_mixin.py:190} INFO - Registro sem campo 'id': e
[2024-10-25T02:36:04.301+0000] {logging_mixin.py:190} INFO - Registro sem campo 'id': '
[2024-10-25T02:36:04.302+0000] {logging_mixin.py:190} INFO - Registro sem campo 'id': :
[2024-10-25T02:36:04.302+0000] {logging_mixin.py:190} INFO - Registro sem campo 'id':  
[2024-10-25T02:36:04.302+0000] {logging_mixin.py:190} INFO - Registro sem campo 'id': '
[2024-10-25T02:36:04.303+0000] {logging_mixin.py:190} INFO - Registro sem campo 'id': B
[2024-10-25T02:36:04.303+0000] {logging_mixin.py:190} INFO - Registro sem campo 'id': o
[2024-10-25T02:36:04.303+0000] {logging_mixin.py:190} INFO - Registro sem campo 'id': b
[2024-10-25T02:36:04.304+0000] {logging_mixin.py:190} INFO - Registro sem campo 'id':  
[2024-10-25T02:36:04.304+0000] {logging_mixin.py:190} INFO - Registro sem campo 'id': O
[2024-10-25T02:36:04.304+0000] {logging_mixin.py:190} INFO - Registro sem campo 'id': l
[2024-10-25T02:36:04.305+0000] {logging_mixin.py:190} INFO - Registro sem campo 'id': i
[2024-10-25T02:36:04.305+0000] {logging_mixin.py:190} INFO - Registro sem campo 'id': v
[2024-10-25T02:36:04.305+0000] {logging_mixin.py:190} INFO - Registro sem campo 'id': e
[2024-10-25T02:36:04.306+0000] {logging_mixin.py:190} INFO - Registro sem campo 'id': i
[2024-10-25T02:36:04.306+0000] {logging_mixin.py:190} INFO - Registro sem campo 'id': r
[2024-10-25T02:36:04.306+0000] {logging_mixin.py:190} INFO - Registro sem campo 'id': a
[2024-10-25T02:36:04.307+0000] {logging_mixin.py:190} INFO - Registro sem campo 'id': '
[2024-10-25T02:36:04.307+0000] {logging_mixin.py:190} INFO - Registro sem campo 'id': ,
[2024-10-25T02:36:04.307+0000] {logging_mixin.py:190} INFO - Registro sem campo 'id':  
[2024-10-25T02:36:04.308+0000] {logging_mixin.py:190} INFO - Registro sem campo 'id': '
[2024-10-25T02:36:04.308+0000] {logging_mixin.py:190} INFO - Registro sem campo 'id': e
[2024-10-25T02:36:04.308+0000] {logging_mixin.py:190} INFO - Registro sem campo 'id': m
[2024-10-25T02:36:04.309+0000] {logging_mixin.py:190} INFO - Registro sem campo 'id': a
[2024-10-25T02:36:04.309+0000] {logging_mixin.py:190} INFO - Registro sem campo 'id': i
[2024-10-25T02:36:04.309+0000] {logging_mixin.py:190} INFO - Registro sem campo 'id': l
[2024-10-25T02:36:04.310+0000] {logging_mixin.py:190} INFO - Registro sem campo 'id': '
[2024-10-25T02:36:04.310+0000] {logging_mixin.py:190} INFO - Registro sem campo 'id': :
[2024-10-25T02:36:04.310+0000] {logging_mixin.py:190} INFO - Registro sem campo 'id':  
[2024-10-25T02:36:04.311+0000] {logging_mixin.py:190} INFO - Registro sem campo 'id': '
[2024-10-25T02:36:04.312+0000] {logging_mixin.py:190} INFO - Registro sem campo 'id': b
[2024-10-25T02:36:04.312+0000] {logging_mixin.py:190} INFO - Registro sem campo 'id': o
[2024-10-25T02:36:04.312+0000] {logging_mixin.py:190} INFO - Registro sem campo 'id': b
[2024-10-25T02:36:04.313+0000] {logging_mixin.py:190} INFO - Registro sem campo 'id': .
[2024-10-25T02:36:04.313+0000] {logging_mixin.py:190} INFO - Registro sem campo 'id': o
[2024-10-25T02:36:04.314+0000] {logging_mixin.py:190} INFO - Registro sem campo 'id': l
[2024-10-25T02:36:04.314+0000] {logging_mixin.py:190} INFO - Registro sem campo 'id': i
[2024-10-25T02:36:04.315+0000] {logging_mixin.py:190} INFO - Registro sem campo 'id': v
[2024-10-25T02:36:04.315+0000] {logging_mixin.py:190} INFO - Registro sem campo 'id': e
[2024-10-25T02:36:04.316+0000] {logging_mixin.py:190} INFO - Registro sem campo 'id': i
[2024-10-25T02:36:04.316+0000] {logging_mixin.py:190} INFO - Registro sem campo 'id': r
[2024-10-25T02:36:04.316+0000] {logging_mixin.py:190} INFO - Registro sem campo 'id': a
[2024-10-25T02:36:04.317+0000] {logging_mixin.py:190} INFO - Registro sem campo 'id': @
[2024-10-25T02:36:04.317+0000] {logging_mixin.py:190} INFO - Registro sem campo 'id': e
[2024-10-25T02:36:04.318+0000] {logging_mixin.py:190} INFO - Registro sem campo 'id': m
[2024-10-25T02:36:04.318+0000] {logging_mixin.py:190} INFO - Registro sem campo 'id': a
[2024-10-25T02:36:04.318+0000] {logging_mixin.py:190} INFO - Registro sem campo 'id': i
[2024-10-25T02:36:04.319+0000] {logging_mixin.py:190} INFO - Registro sem campo 'id': l
[2024-10-25T02:36:04.319+0000] {logging_mixin.py:190} INFO - Registro sem campo 'id': .
[2024-10-25T02:36:04.319+0000] {logging_mixin.py:190} INFO - Registro sem campo 'id': c
[2024-10-25T02:36:04.320+0000] {logging_mixin.py:190} INFO - Registro sem campo 'id': o
[2024-10-25T02:36:04.321+0000] {logging_mixin.py:190} INFO - Registro sem campo 'id': m
[2024-10-25T02:36:04.321+0000] {logging_mixin.py:190} INFO - Registro sem campo 'id': '
[2024-10-25T02:36:04.321+0000] {logging_mixin.py:190} INFO - Registro sem campo 'id': ,
[2024-10-25T02:36:04.322+0000] {logging_mixin.py:190} INFO - Registro sem campo 'id':  
[2024-10-25T02:36:04.322+0000] {logging_mixin.py:190} INFO - Registro sem campo 'id': '
[2024-10-25T02:36:04.322+0000] {logging_mixin.py:190} INFO - Registro sem campo 'id': t
[2024-10-25T02:36:04.323+0000] {logging_mixin.py:190} INFO - Registro sem campo 'id': e
[2024-10-25T02:36:04.323+0000] {logging_mixin.py:190} INFO - Registro sem campo 'id': l
[2024-10-25T02:36:04.323+0000] {logging_mixin.py:190} INFO - Registro sem campo 'id': e
[2024-10-25T02:36:04.324+0000] {logging_mixin.py:190} INFO - Registro sem campo 'id': f
[2024-10-25T02:36:04.324+0000] {logging_mixin.py:190} INFO - Registro sem campo 'id': o
[2024-10-25T02:36:04.324+0000] {logging_mixin.py:190} INFO - Registro sem campo 'id': n
[2024-10-25T02:36:04.325+0000] {logging_mixin.py:190} INFO - Registro sem campo 'id': e
[2024-10-25T02:36:04.325+0000] {logging_mixin.py:190} INFO - Registro sem campo 'id': '
[2024-10-25T02:36:04.325+0000] {logging_mixin.py:190} INFO - Registro sem campo 'id': :
[2024-10-25T02:36:04.326+0000] {logging_mixin.py:190} INFO - Registro sem campo 'id':  
[2024-10-25T02:36:04.327+0000] {logging_mixin.py:190} INFO - Registro sem campo 'id': '
[2024-10-25T02:36:04.328+0000] {logging_mixin.py:190} INFO - Registro sem campo 'id': (
[2024-10-25T02:36:04.329+0000] {logging_mixin.py:190} INFO - Registro sem campo 'id': 2
[2024-10-25T02:36:04.330+0000] {logging_mixin.py:190} INFO - Registro sem campo 'id': 1
[2024-10-25T02:36:04.330+0000] {logging_mixin.py:190} INFO - Registro sem campo 'id': )
[2024-10-25T02:36:04.331+0000] {logging_mixin.py:190} INFO - Registro sem campo 'id':  
[2024-10-25T02:36:04.331+0000] {logging_mixin.py:190} INFO - Registro sem campo 'id': 9
[2024-10-25T02:36:04.331+0000] {logging_mixin.py:190} INFO - Registro sem campo 'id': 7
[2024-10-25T02:36:04.332+0000] {logging_mixin.py:190} INFO - Registro sem campo 'id': 6
[2024-10-25T02:36:04.332+0000] {logging_mixin.py:190} INFO - Registro sem campo 'id': 5
[2024-10-25T02:36:04.332+0000] {logging_mixin.py:190} INFO - Registro sem campo 'id': 4
[2024-10-25T02:36:04.333+0000] {logging_mixin.py:190} INFO - Registro sem campo 'id': -
[2024-10-25T02:36:04.333+0000] {logging_mixin.py:190} INFO - Registro sem campo 'id': 3
[2024-10-25T02:36:04.333+0000] {logging_mixin.py:190} INFO - Registro sem campo 'id': 2
[2024-10-25T02:36:04.334+0000] {logging_mixin.py:190} INFO - Registro sem campo 'id': 1
[2024-10-25T02:36:04.334+0000] {logging_mixin.py:190} INFO - Registro sem campo 'id': 0
[2024-10-25T02:36:04.334+0000] {logging_mixin.py:190} INFO - Registro sem campo 'id': '
[2024-10-25T02:36:04.335+0000] {logging_mixin.py:190} INFO - Registro sem campo 'id': ,
[2024-10-25T02:36:04.335+0000] {logging_mixin.py:190} INFO - Registro sem campo 'id':  
[2024-10-25T02:36:04.336+0000] {logging_mixin.py:190} INFO - Registro sem campo 'id': '
[2024-10-25T02:36:04.336+0000] {logging_mixin.py:190} INFO - Registro sem campo 'id': d
[2024-10-25T02:36:04.337+0000] {logging_mixin.py:190} INFO - Registro sem campo 'id': a
[2024-10-25T02:36:04.337+0000] {logging_mixin.py:190} INFO - Registro sem campo 'id': t
[2024-10-25T02:36:04.338+0000] {logging_mixin.py:190} INFO - Registro sem campo 'id': a
[2024-10-25T02:36:04.338+0000] {logging_mixin.py:190} INFO - Registro sem campo 'id': _
[2024-10-25T02:36:04.339+0000] {logging_mixin.py:190} INFO - Registro sem campo 'id': n
[2024-10-25T02:36:04.339+0000] {logging_mixin.py:190} INFO - Registro sem campo 'id': a
[2024-10-25T02:36:04.340+0000] {logging_mixin.py:190} INFO - Registro sem campo 'id': s
[2024-10-25T02:36:04.340+0000] {logging_mixin.py:190} INFO - Registro sem campo 'id': c
[2024-10-25T02:36:04.341+0000] {logging_mixin.py:190} INFO - Registro sem campo 'id': i
[2024-10-25T02:36:04.341+0000] {logging_mixin.py:190} INFO - Registro sem campo 'id': m
[2024-10-25T02:36:04.341+0000] {logging_mixin.py:190} INFO - Registro sem campo 'id': e
[2024-10-25T02:36:04.342+0000] {logging_mixin.py:190} INFO - Registro sem campo 'id': n
[2024-10-25T02:36:04.342+0000] {logging_mixin.py:190} INFO - Registro sem campo 'id': t
[2024-10-25T02:36:04.343+0000] {logging_mixin.py:190} INFO - Registro sem campo 'id': o
[2024-10-25T02:36:04.344+0000] {logging_mixin.py:190} INFO - Registro sem campo 'id': '
[2024-10-25T02:36:04.344+0000] {logging_mixin.py:190} INFO - Registro sem campo 'id': :
[2024-10-25T02:36:04.345+0000] {logging_mixin.py:190} INFO - Registro sem campo 'id':  
[2024-10-25T02:36:04.345+0000] {logging_mixin.py:190} INFO - Registro sem campo 'id': '
[2024-10-25T02:36:04.346+0000] {logging_mixin.py:190} INFO - Registro sem campo 'id': 1
[2024-10-25T02:36:04.346+0000] {logging_mixin.py:190} INFO - Registro sem campo 'id': 9
[2024-10-25T02:36:04.346+0000] {logging_mixin.py:190} INFO - Registro sem campo 'id': 8
[2024-10-25T02:36:04.347+0000] {logging_mixin.py:190} INFO - Registro sem campo 'id': 5
[2024-10-25T02:36:04.347+0000] {logging_mixin.py:190} INFO - Registro sem campo 'id': -
[2024-10-25T02:36:04.347+0000] {logging_mixin.py:190} INFO - Registro sem campo 'id': 0
[2024-10-25T02:36:04.348+0000] {logging_mixin.py:190} INFO - Registro sem campo 'id': 8
[2024-10-25T02:36:04.348+0000] {logging_mixin.py:190} INFO - Registro sem campo 'id': -
[2024-10-25T02:36:04.348+0000] {logging_mixin.py:190} INFO - Registro sem campo 'id': 2
[2024-10-25T02:36:04.349+0000] {logging_mixin.py:190} INFO - Registro sem campo 'id': 3
[2024-10-25T02:36:04.349+0000] {logging_mixin.py:190} INFO - Registro sem campo 'id': '
[2024-10-25T02:36:04.349+0000] {logging_mixin.py:190} INFO - Registro sem campo 'id': ,
[2024-10-25T02:36:04.350+0000] {logging_mixin.py:190} INFO - Registro sem campo 'id':  
[2024-10-25T02:36:04.350+0000] {logging_mixin.py:190} INFO - Registro sem campo 'id': '
[2024-10-25T02:36:04.350+0000] {logging_mixin.py:190} INFO - Registro sem campo 'id': s
[2024-10-25T02:36:04.351+0000] {logging_mixin.py:190} INFO - Registro sem campo 'id': e
[2024-10-25T02:36:04.351+0000] {logging_mixin.py:190} INFO - Registro sem campo 'id': x
[2024-10-25T02:36:04.351+0000] {logging_mixin.py:190} INFO - Registro sem campo 'id': o
[2024-10-25T02:36:04.352+0000] {logging_mixin.py:190} INFO - Registro sem campo 'id': '
[2024-10-25T02:36:04.352+0000] {logging_mixin.py:190} INFO - Registro sem campo 'id': :
[2024-10-25T02:36:04.353+0000] {logging_mixin.py:190} INFO - Registro sem campo 'id':  
[2024-10-25T02:36:04.353+0000] {logging_mixin.py:190} INFO - Registro sem campo 'id': '
[2024-10-25T02:36:04.354+0000] {logging_mixin.py:190} INFO - Registro sem campo 'id': M
[2024-10-25T02:36:04.354+0000] {logging_mixin.py:190} INFO - Registro sem campo 'id': a
[2024-10-25T02:36:04.355+0000] {logging_mixin.py:190} INFO - Registro sem campo 'id': s
[2024-10-25T02:36:04.355+0000] {logging_mixin.py:190} INFO - Registro sem campo 'id': c
[2024-10-25T02:36:04.355+0000] {logging_mixin.py:190} INFO - Registro sem campo 'id': u
[2024-10-25T02:36:04.356+0000] {logging_mixin.py:190} INFO - Registro sem campo 'id': l
[2024-10-25T02:36:04.356+0000] {logging_mixin.py:190} INFO - Registro sem campo 'id': i
[2024-10-25T02:36:04.356+0000] {logging_mixin.py:190} INFO - Registro sem campo 'id': n
[2024-10-25T02:36:04.357+0000] {logging_mixin.py:190} INFO - Registro sem campo 'id': o
[2024-10-25T02:36:04.357+0000] {logging_mixin.py:190} INFO - Registro sem campo 'id': '
[2024-10-25T02:36:04.357+0000] {logging_mixin.py:190} INFO - Registro sem campo 'id': ,
[2024-10-25T02:36:04.358+0000] {logging_mixin.py:190} INFO - Registro sem campo 'id':  
[2024-10-25T02:36:04.358+0000] {logging_mixin.py:190} INFO - Registro sem campo 'id': '
[2024-10-25T02:36:04.359+0000] {logging_mixin.py:190} INFO - Registro sem campo 'id': c
[2024-10-25T02:36:04.360+0000] {logging_mixin.py:190} INFO - Registro sem campo 'id': i
[2024-10-25T02:36:04.361+0000] {logging_mixin.py:190} INFO - Registro sem campo 'id': d
[2024-10-25T02:36:04.361+0000] {logging_mixin.py:190} INFO - Registro sem campo 'id': a
[2024-10-25T02:36:04.362+0000] {logging_mixin.py:190} INFO - Registro sem campo 'id': d
[2024-10-25T02:36:04.362+0000] {logging_mixin.py:190} INFO - Registro sem campo 'id': e
[2024-10-25T02:36:04.363+0000] {logging_mixin.py:190} INFO - Registro sem campo 'id': '
[2024-10-25T02:36:04.363+0000] {logging_mixin.py:190} INFO - Registro sem campo 'id': :
[2024-10-25T02:36:04.363+0000] {logging_mixin.py:190} INFO - Registro sem campo 'id':  
[2024-10-25T02:36:04.364+0000] {logging_mixin.py:190} INFO - Registro sem campo 'id': '
[2024-10-25T02:36:04.364+0000] {logging_mixin.py:190} INFO - Registro sem campo 'id': R
[2024-10-25T02:36:04.364+0000] {logging_mixin.py:190} INFO - Registro sem campo 'id': i
[2024-10-25T02:36:04.365+0000] {logging_mixin.py:190} INFO - Registro sem campo 'id': o
[2024-10-25T02:36:04.365+0000] {logging_mixin.py:190} INFO - Registro sem campo 'id':  
[2024-10-25T02:36:04.365+0000] {logging_mixin.py:190} INFO - Registro sem campo 'id': d
[2024-10-25T02:36:04.366+0000] {logging_mixin.py:190} INFO - Registro sem campo 'id': e
[2024-10-25T02:36:04.366+0000] {logging_mixin.py:190} INFO - Registro sem campo 'id':  
[2024-10-25T02:36:04.366+0000] {logging_mixin.py:190} INFO - Registro sem campo 'id': J
[2024-10-25T02:36:04.367+0000] {logging_mixin.py:190} INFO - Registro sem campo 'id': a
[2024-10-25T02:36:04.367+0000] {logging_mixin.py:190} INFO - Registro sem campo 'id': n
[2024-10-25T02:36:04.367+0000] {logging_mixin.py:190} INFO - Registro sem campo 'id': e
[2024-10-25T02:36:04.368+0000] {logging_mixin.py:190} INFO - Registro sem campo 'id': i
[2024-10-25T02:36:04.368+0000] {logging_mixin.py:190} INFO - Registro sem campo 'id': r
[2024-10-25T02:36:04.368+0000] {logging_mixin.py:190} INFO - Registro sem campo 'id': o
[2024-10-25T02:36:04.369+0000] {logging_mixin.py:190} INFO - Registro sem campo 'id': '
[2024-10-25T02:36:04.370+0000] {logging_mixin.py:190} INFO - Registro sem campo 'id': ,
[2024-10-25T02:36:04.370+0000] {logging_mixin.py:190} INFO - Registro sem campo 'id':  
[2024-10-25T02:36:04.370+0000] {logging_mixin.py:190} INFO - Registro sem campo 'id': '
[2024-10-25T02:36:04.371+0000] {logging_mixin.py:190} INFO - Registro sem campo 'id': e
[2024-10-25T02:36:04.371+0000] {logging_mixin.py:190} INFO - Registro sem campo 'id': s
[2024-10-25T02:36:04.372+0000] {logging_mixin.py:190} INFO - Registro sem campo 'id': t
[2024-10-25T02:36:04.372+0000] {logging_mixin.py:190} INFO - Registro sem campo 'id': a
[2024-10-25T02:36:04.372+0000] {logging_mixin.py:190} INFO - Registro sem campo 'id': d
[2024-10-25T02:36:04.373+0000] {logging_mixin.py:190} INFO - Registro sem campo 'id': o
[2024-10-25T02:36:04.373+0000] {logging_mixin.py:190} INFO - Registro sem campo 'id': '
[2024-10-25T02:36:04.373+0000] {logging_mixin.py:190} INFO - Registro sem campo 'id': :
[2024-10-25T02:36:04.374+0000] {logging_mixin.py:190} INFO - Registro sem campo 'id':  
[2024-10-25T02:36:04.374+0000] {logging_mixin.py:190} INFO - Registro sem campo 'id': '
[2024-10-25T02:36:04.375+0000] {logging_mixin.py:190} INFO - Registro sem campo 'id': R
[2024-10-25T02:36:04.375+0000] {logging_mixin.py:190} INFO - Registro sem campo 'id': J
[2024-10-25T02:36:04.376+0000] {logging_mixin.py:190} INFO - Registro sem campo 'id': '
[2024-10-25T02:36:04.376+0000] {logging_mixin.py:190} INFO - Registro sem campo 'id': }
[2024-10-25T02:36:04.377+0000] {logging_mixin.py:190} INFO - Registro sem campo 'id': ,
[2024-10-25T02:36:04.377+0000] {logging_mixin.py:190} INFO - Registro sem campo 'id':  
[2024-10-25T02:36:04.378+0000] {logging_mixin.py:190} INFO - Registro sem campo 'id': {
[2024-10-25T02:36:04.378+0000] {logging_mixin.py:190} INFO - Registro sem campo 'id': '
[2024-10-25T02:36:04.378+0000] {logging_mixin.py:190} INFO - Registro sem campo 'id': i
[2024-10-25T02:36:04.379+0000] {logging_mixin.py:190} INFO - Registro sem campo 'id': d
[2024-10-25T02:36:04.379+0000] {logging_mixin.py:190} INFO - Registro sem campo 'id': '
[2024-10-25T02:36:04.380+0000] {logging_mixin.py:190} INFO - Registro sem campo 'id': :
[2024-10-25T02:36:04.380+0000] {logging_mixin.py:190} INFO - Registro sem campo 'id':  
[2024-10-25T02:36:04.380+0000] {logging_mixin.py:190} INFO - Registro sem campo 'id': 3
[2024-10-25T02:36:04.381+0000] {logging_mixin.py:190} INFO - Registro sem campo 'id': ,
[2024-10-25T02:36:04.381+0000] {logging_mixin.py:190} INFO - Registro sem campo 'id':  
[2024-10-25T02:36:04.381+0000] {logging_mixin.py:190} INFO - Registro sem campo 'id': '
[2024-10-25T02:36:04.382+0000] {logging_mixin.py:190} INFO - Registro sem campo 'id': n
[2024-10-25T02:36:04.382+0000] {logging_mixin.py:190} INFO - Registro sem campo 'id': o
[2024-10-25T02:36:04.382+0000] {logging_mixin.py:190} INFO - Registro sem campo 'id': m
[2024-10-25T02:36:04.383+0000] {logging_mixin.py:190} INFO - Registro sem campo 'id': e
[2024-10-25T02:36:04.383+0000] {logging_mixin.py:190} INFO - Registro sem campo 'id': '
[2024-10-25T02:36:04.383+0000] {logging_mixin.py:190} INFO - Registro sem campo 'id': :
[2024-10-25T02:36:04.384+0000] {logging_mixin.py:190} INFO - Registro sem campo 'id':  
[2024-10-25T02:36:04.384+0000] {logging_mixin.py:190} INFO - Registro sem campo 'id': '
[2024-10-25T02:36:04.384+0000] {logging_mixin.py:190} INFO - Registro sem campo 'id': C
[2024-10-25T02:36:04.384+0000] {logging_mixin.py:190} INFO - Registro sem campo 'id': a
[2024-10-25T02:36:04.385+0000] {logging_mixin.py:190} INFO - Registro sem campo 'id': r
[2024-10-25T02:36:04.385+0000] {logging_mixin.py:190} INFO - Registro sem campo 'id': l
[2024-10-25T02:36:04.386+0000] {logging_mixin.py:190} INFO - Registro sem campo 'id': a
[2024-10-25T02:36:04.386+0000] {logging_mixin.py:190} INFO - Registro sem campo 'id':  
[2024-10-25T02:36:04.387+0000] {logging_mixin.py:190} INFO - Registro sem campo 'id': S
[2024-10-25T02:36:04.387+0000] {logging_mixin.py:190} INFO - Registro sem campo 'id': a
[2024-10-25T02:36:04.388+0000] {logging_mixin.py:190} INFO - Registro sem campo 'id': n
[2024-10-25T02:36:04.388+0000] {logging_mixin.py:190} INFO - Registro sem campo 'id': t
[2024-10-25T02:36:04.389+0000] {logging_mixin.py:190} INFO - Registro sem campo 'id': o
[2024-10-25T02:36:04.389+0000] {logging_mixin.py:190} INFO - Registro sem campo 'id': s
[2024-10-25T02:36:04.389+0000] {logging_mixin.py:190} INFO - Registro sem campo 'id': '
[2024-10-25T02:36:04.390+0000] {logging_mixin.py:190} INFO - Registro sem campo 'id': ,
[2024-10-25T02:36:04.390+0000] {logging_mixin.py:190} INFO - Registro sem campo 'id':  
[2024-10-25T02:36:04.390+0000] {logging_mixin.py:190} INFO - Registro sem campo 'id': '
[2024-10-25T02:36:04.391+0000] {logging_mixin.py:190} INFO - Registro sem campo 'id': e
[2024-10-25T02:36:04.391+0000] {logging_mixin.py:190} INFO - Registro sem campo 'id': m
[2024-10-25T02:36:04.391+0000] {logging_mixin.py:190} INFO - Registro sem campo 'id': a
[2024-10-25T02:36:04.392+0000] {logging_mixin.py:190} INFO - Registro sem campo 'id': i
[2024-10-25T02:36:04.392+0000] {logging_mixin.py:190} INFO - Registro sem campo 'id': l
[2024-10-25T02:36:04.393+0000] {logging_mixin.py:190} INFO - Registro sem campo 'id': '
[2024-10-25T02:36:04.393+0000] {logging_mixin.py:190} INFO - Registro sem campo 'id': :
[2024-10-25T02:36:04.394+0000] {logging_mixin.py:190} INFO - Registro sem campo 'id':  
[2024-10-25T02:36:04.394+0000] {logging_mixin.py:190} INFO - Registro sem campo 'id': '
[2024-10-25T02:36:04.395+0000] {logging_mixin.py:190} INFO - Registro sem campo 'id': c
[2024-10-25T02:36:04.395+0000] {logging_mixin.py:190} INFO - Registro sem campo 'id': a
[2024-10-25T02:36:04.396+0000] {logging_mixin.py:190} INFO - Registro sem campo 'id': r
[2024-10-25T02:36:04.396+0000] {logging_mixin.py:190} INFO - Registro sem campo 'id': l
[2024-10-25T02:36:04.396+0000] {logging_mixin.py:190} INFO - Registro sem campo 'id': a
[2024-10-25T02:36:04.397+0000] {logging_mixin.py:190} INFO - Registro sem campo 'id': .
[2024-10-25T02:36:04.397+0000] {logging_mixin.py:190} INFO - Registro sem campo 'id': s
[2024-10-25T02:36:04.397+0000] {logging_mixin.py:190} INFO - Registro sem campo 'id': a
[2024-10-25T02:36:04.398+0000] {logging_mixin.py:190} INFO - Registro sem campo 'id': n
[2024-10-25T02:36:04.398+0000] {logging_mixin.py:190} INFO - Registro sem campo 'id': t
[2024-10-25T02:36:04.398+0000] {logging_mixin.py:190} INFO - Registro sem campo 'id': o
[2024-10-25T02:36:04.399+0000] {logging_mixin.py:190} INFO - Registro sem campo 'id': s
[2024-10-25T02:36:04.399+0000] {logging_mixin.py:190} INFO - Registro sem campo 'id': @
[2024-10-25T02:36:04.399+0000] {logging_mixin.py:190} INFO - Registro sem campo 'id': e
[2024-10-25T02:36:04.400+0000] {logging_mixin.py:190} INFO - Registro sem campo 'id': m
[2024-10-25T02:36:04.400+0000] {logging_mixin.py:190} INFO - Registro sem campo 'id': a
[2024-10-25T02:36:04.400+0000] {logging_mixin.py:190} INFO - Registro sem campo 'id': i
[2024-10-25T02:36:04.401+0000] {logging_mixin.py:190} INFO - Registro sem campo 'id': l
[2024-10-25T02:36:04.401+0000] {logging_mixin.py:190} INFO - Registro sem campo 'id': .
[2024-10-25T02:36:04.401+0000] {logging_mixin.py:190} INFO - Registro sem campo 'id': c
[2024-10-25T02:36:04.402+0000] {logging_mixin.py:190} INFO - Registro sem campo 'id': o
[2024-10-25T02:36:04.402+0000] {logging_mixin.py:190} INFO - Registro sem campo 'id': m
[2024-10-25T02:36:04.403+0000] {logging_mixin.py:190} INFO - Registro sem campo 'id': '
[2024-10-25T02:36:04.403+0000] {logging_mixin.py:190} INFO - Registro sem campo 'id': ,
[2024-10-25T02:36:04.404+0000] {logging_mixin.py:190} INFO - Registro sem campo 'id':  
[2024-10-25T02:36:04.404+0000] {logging_mixin.py:190} INFO - Registro sem campo 'id': '
[2024-10-25T02:36:04.405+0000] {logging_mixin.py:190} INFO - Registro sem campo 'id': t
[2024-10-25T02:36:04.405+0000] {logging_mixin.py:190} INFO - Registro sem campo 'id': e
[2024-10-25T02:36:04.405+0000] {logging_mixin.py:190} INFO - Registro sem campo 'id': l
[2024-10-25T02:36:04.406+0000] {logging_mixin.py:190} INFO - Registro sem campo 'id': e
[2024-10-25T02:36:04.406+0000] {logging_mixin.py:190} INFO - Registro sem campo 'id': f
[2024-10-25T02:36:04.406+0000] {logging_mixin.py:190} INFO - Registro sem campo 'id': o
[2024-10-25T02:36:04.407+0000] {logging_mixin.py:190} INFO - Registro sem campo 'id': n
[2024-10-25T02:36:04.407+0000] {logging_mixin.py:190} INFO - Registro sem campo 'id': e
[2024-10-25T02:36:04.407+0000] {logging_mixin.py:190} INFO - Registro sem campo 'id': '
[2024-10-25T02:36:04.408+0000] {logging_mixin.py:190} INFO - Registro sem campo 'id': :
[2024-10-25T02:36:04.408+0000] {logging_mixin.py:190} INFO - Registro sem campo 'id':  
[2024-10-25T02:36:04.409+0000] {logging_mixin.py:190} INFO - Registro sem campo 'id': '
[2024-10-25T02:36:04.409+0000] {logging_mixin.py:190} INFO - Registro sem campo 'id': (
[2024-10-25T02:36:04.410+0000] {logging_mixin.py:190} INFO - Registro sem campo 'id': 3
[2024-10-25T02:36:04.410+0000] {logging_mixin.py:190} INFO - Registro sem campo 'id': 1
[2024-10-25T02:36:04.411+0000] {logging_mixin.py:190} INFO - Registro sem campo 'id': )
[2024-10-25T02:36:04.411+0000] {logging_mixin.py:190} INFO - Registro sem campo 'id':  
[2024-10-25T02:36:04.412+0000] {logging_mixin.py:190} INFO - Registro sem campo 'id': 9
[2024-10-25T02:36:04.412+0000] {logging_mixin.py:190} INFO - Registro sem campo 'id': 6
[2024-10-25T02:36:04.413+0000] {logging_mixin.py:190} INFO - Registro sem campo 'id': 5
[2024-10-25T02:36:04.413+0000] {logging_mixin.py:190} INFO - Registro sem campo 'id': 4
[2024-10-25T02:36:04.413+0000] {logging_mixin.py:190} INFO - Registro sem campo 'id': 3
[2024-10-25T02:36:04.414+0000] {logging_mixin.py:190} INFO - Registro sem campo 'id': -
[2024-10-25T02:36:04.414+0000] {logging_mixin.py:190} INFO - Registro sem campo 'id': 2
[2024-10-25T02:36:04.414+0000] {logging_mixin.py:190} INFO - Registro sem campo 'id': 1
[2024-10-25T02:36:04.415+0000] {logging_mixin.py:190} INFO - Registro sem campo 'id': 0
[2024-10-25T02:36:04.415+0000] {logging_mixin.py:190} INFO - Registro sem campo 'id': 9
[2024-10-25T02:36:04.416+0000] {logging_mixin.py:190} INFO - Registro sem campo 'id': '
[2024-10-25T02:36:04.416+0000] {logging_mixin.py:190} INFO - Registro sem campo 'id': ,
[2024-10-25T02:36:04.417+0000] {logging_mixin.py:190} INFO - Registro sem campo 'id':  
[2024-10-25T02:36:04.417+0000] {logging_mixin.py:190} INFO - Registro sem campo 'id': '
[2024-10-25T02:36:04.417+0000] {logging_mixin.py:190} INFO - Registro sem campo 'id': d
[2024-10-25T02:36:04.418+0000] {logging_mixin.py:190} INFO - Registro sem campo 'id': a
[2024-10-25T02:36:04.418+0000] {logging_mixin.py:190} INFO - Registro sem campo 'id': t
[2024-10-25T02:36:04.419+0000] {logging_mixin.py:190} INFO - Registro sem campo 'id': a
[2024-10-25T02:36:04.419+0000] {logging_mixin.py:190} INFO - Registro sem campo 'id': _
[2024-10-25T02:36:04.421+0000] {logging_mixin.py:190} INFO - Registro sem campo 'id': n
[2024-10-25T02:36:04.422+0000] {logging_mixin.py:190} INFO - Registro sem campo 'id': a
[2024-10-25T02:36:04.423+0000] {logging_mixin.py:190} INFO - Registro sem campo 'id': s
[2024-10-25T02:36:04.423+0000] {logging_mixin.py:190} INFO - Registro sem campo 'id': c
[2024-10-25T02:36:04.424+0000] {logging_mixin.py:190} INFO - Registro sem campo 'id': i
[2024-10-25T02:36:04.424+0000] {logging_mixin.py:190} INFO - Registro sem campo 'id': m
[2024-10-25T02:36:04.425+0000] {logging_mixin.py:190} INFO - Registro sem campo 'id': e
[2024-10-25T02:36:04.426+0000] {logging_mixin.py:190} INFO - Registro sem campo 'id': n
[2024-10-25T02:36:04.427+0000] {logging_mixin.py:190} INFO - Registro sem campo 'id': t
[2024-10-25T02:36:04.427+0000] {logging_mixin.py:190} INFO - Registro sem campo 'id': o
[2024-10-25T02:36:04.428+0000] {logging_mixin.py:190} INFO - Registro sem campo 'id': '
[2024-10-25T02:36:04.429+0000] {logging_mixin.py:190} INFO - Registro sem campo 'id': :
[2024-10-25T02:36:04.430+0000] {logging_mixin.py:190} INFO - Registro sem campo 'id':  
[2024-10-25T02:36:04.430+0000] {logging_mixin.py:190} INFO - Registro sem campo 'id': '
[2024-10-25T02:36:04.431+0000] {logging_mixin.py:190} INFO - Registro sem campo 'id': 1
[2024-10-25T02:36:04.431+0000] {logging_mixin.py:190} INFO - Registro sem campo 'id': 9
[2024-10-25T02:36:04.432+0000] {logging_mixin.py:190} INFO - Registro sem campo 'id': 9
[2024-10-25T02:36:04.432+0000] {logging_mixin.py:190} INFO - Registro sem campo 'id': 2
[2024-10-25T02:36:04.433+0000] {logging_mixin.py:190} INFO - Registro sem campo 'id': -
[2024-10-25T02:36:04.433+0000] {logging_mixin.py:190} INFO - Registro sem campo 'id': 1
[2024-10-25T02:36:04.433+0000] {logging_mixin.py:190} INFO - Registro sem campo 'id': 2
[2024-10-25T02:36:04.434+0000] {logging_mixin.py:190} INFO - Registro sem campo 'id': -
[2024-10-25T02:36:04.434+0000] {logging_mixin.py:190} INFO - Registro sem campo 'id': 0
[2024-10-25T02:36:04.435+0000] {logging_mixin.py:190} INFO - Registro sem campo 'id': 1
[2024-10-25T02:36:04.435+0000] {logging_mixin.py:190} INFO - Registro sem campo 'id': '
[2024-10-25T02:36:04.436+0000] {logging_mixin.py:190} INFO - Registro sem campo 'id': ,
[2024-10-25T02:36:04.438+0000] {logging_mixin.py:190} INFO - Registro sem campo 'id':  
[2024-10-25T02:36:04.438+0000] {logging_mixin.py:190} INFO - Registro sem campo 'id': '
[2024-10-25T02:36:04.439+0000] {logging_mixin.py:190} INFO - Registro sem campo 'id': s
[2024-10-25T02:36:04.440+0000] {logging_mixin.py:190} INFO - Registro sem campo 'id': e
[2024-10-25T02:36:04.440+0000] {logging_mixin.py:190} INFO - Registro sem campo 'id': x
[2024-10-25T02:36:04.441+0000] {logging_mixin.py:190} INFO - Registro sem campo 'id': o
[2024-10-25T02:36:04.441+0000] {logging_mixin.py:190} INFO - Registro sem campo 'id': '
[2024-10-25T02:36:04.442+0000] {logging_mixin.py:190} INFO - Registro sem campo 'id': :
[2024-10-25T02:36:04.442+0000] {logging_mixin.py:190} INFO - Registro sem campo 'id':  
[2024-10-25T02:36:04.443+0000] {logging_mixin.py:190} INFO - Registro sem campo 'id': '
[2024-10-25T02:36:04.444+0000] {logging_mixin.py:190} INFO - Registro sem campo 'id': F
[2024-10-25T02:36:04.444+0000] {logging_mixin.py:190} INFO - Registro sem campo 'id': e
[2024-10-25T02:36:04.445+0000] {logging_mixin.py:190} INFO - Registro sem campo 'id': m
[2024-10-25T02:36:04.446+0000] {logging_mixin.py:190} INFO - Registro sem campo 'id': i
[2024-10-25T02:36:04.446+0000] {logging_mixin.py:190} INFO - Registro sem campo 'id': n
[2024-10-25T02:36:04.447+0000] {logging_mixin.py:190} INFO - Registro sem campo 'id': i
[2024-10-25T02:36:04.448+0000] {logging_mixin.py:190} INFO - Registro sem campo 'id': n
[2024-10-25T02:36:04.448+0000] {logging_mixin.py:190} INFO - Registro sem campo 'id': o
[2024-10-25T02:36:04.449+0000] {logging_mixin.py:190} INFO - Registro sem campo 'id': '
[2024-10-25T02:36:04.449+0000] {logging_mixin.py:190} INFO - Registro sem campo 'id': ,
[2024-10-25T02:36:04.450+0000] {logging_mixin.py:190} INFO - Registro sem campo 'id':  
[2024-10-25T02:36:04.450+0000] {logging_mixin.py:190} INFO - Registro sem campo 'id': '
[2024-10-25T02:36:04.450+0000] {logging_mixin.py:190} INFO - Registro sem campo 'id': c
[2024-10-25T02:36:04.451+0000] {logging_mixin.py:190} INFO - Registro sem campo 'id': i
[2024-10-25T02:36:04.451+0000] {logging_mixin.py:190} INFO - Registro sem campo 'id': d
[2024-10-25T02:36:04.452+0000] {logging_mixin.py:190} INFO - Registro sem campo 'id': a
[2024-10-25T02:36:04.453+0000] {logging_mixin.py:190} INFO - Registro sem campo 'id': d
[2024-10-25T02:36:04.453+0000] {logging_mixin.py:190} INFO - Registro sem campo 'id': e
[2024-10-25T02:36:04.454+0000] {logging_mixin.py:190} INFO - Registro sem campo 'id': '
[2024-10-25T02:36:04.455+0000] {logging_mixin.py:190} INFO - Registro sem campo 'id': :
[2024-10-25T02:36:04.455+0000] {logging_mixin.py:190} INFO - Registro sem campo 'id':  
[2024-10-25T02:36:04.456+0000] {logging_mixin.py:190} INFO - Registro sem campo 'id': '
[2024-10-25T02:36:04.456+0000] {logging_mixin.py:190} INFO - Registro sem campo 'id': B
[2024-10-25T02:36:04.457+0000] {logging_mixin.py:190} INFO - Registro sem campo 'id': e
[2024-10-25T02:36:04.457+0000] {logging_mixin.py:190} INFO - Registro sem campo 'id': l
[2024-10-25T02:36:04.458+0000] {logging_mixin.py:190} INFO - Registro sem campo 'id': o
[2024-10-25T02:36:04.458+0000] {logging_mixin.py:190} INFO - Registro sem campo 'id':  
[2024-10-25T02:36:04.458+0000] {logging_mixin.py:190} INFO - Registro sem campo 'id': H
[2024-10-25T02:36:04.459+0000] {logging_mixin.py:190} INFO - Registro sem campo 'id': o
[2024-10-25T02:36:04.460+0000] {logging_mixin.py:190} INFO - Registro sem campo 'id': r
[2024-10-25T02:36:04.460+0000] {logging_mixin.py:190} INFO - Registro sem campo 'id': i
[2024-10-25T02:36:04.461+0000] {logging_mixin.py:190} INFO - Registro sem campo 'id': z
[2024-10-25T02:36:04.461+0000] {logging_mixin.py:190} INFO - Registro sem campo 'id': o
[2024-10-25T02:36:04.462+0000] {logging_mixin.py:190} INFO - Registro sem campo 'id': n
[2024-10-25T02:36:04.462+0000] {logging_mixin.py:190} INFO - Registro sem campo 'id': t
[2024-10-25T02:36:04.463+0000] {logging_mixin.py:190} INFO - Registro sem campo 'id': e
[2024-10-25T02:36:04.463+0000] {logging_mixin.py:190} INFO - Registro sem campo 'id': '
[2024-10-25T02:36:04.464+0000] {logging_mixin.py:190} INFO - Registro sem campo 'id': ,
[2024-10-25T02:36:04.464+0000] {logging_mixin.py:190} INFO - Registro sem campo 'id':  
[2024-10-25T02:36:04.465+0000] {logging_mixin.py:190} INFO - Registro sem campo 'id': '
[2024-10-25T02:36:04.465+0000] {logging_mixin.py:190} INFO - Registro sem campo 'id': e
[2024-10-25T02:36:04.465+0000] {logging_mixin.py:190} INFO - Registro sem campo 'id': s
[2024-10-25T02:36:04.466+0000] {logging_mixin.py:190} INFO - Registro sem campo 'id': t
[2024-10-25T02:36:04.466+0000] {logging_mixin.py:190} INFO - Registro sem campo 'id': a
[2024-10-25T02:36:04.467+0000] {logging_mixin.py:190} INFO - Registro sem campo 'id': d
[2024-10-25T02:36:04.468+0000] {logging_mixin.py:190} INFO - Registro sem campo 'id': o
[2024-10-25T02:36:04.468+0000] {logging_mixin.py:190} INFO - Registro sem campo 'id': '
[2024-10-25T02:36:04.469+0000] {logging_mixin.py:190} INFO - Registro sem campo 'id': :
[2024-10-25T02:36:04.469+0000] {logging_mixin.py:190} INFO - Registro sem campo 'id':  
[2024-10-25T02:36:04.470+0000] {logging_mixin.py:190} INFO - Registro sem campo 'id': '
[2024-10-25T02:36:04.471+0000] {logging_mixin.py:190} INFO - Registro sem campo 'id': M
[2024-10-25T02:36:04.471+0000] {logging_mixin.py:190} INFO - Registro sem campo 'id': G
[2024-10-25T02:36:04.472+0000] {logging_mixin.py:190} INFO - Registro sem campo 'id': '
[2024-10-25T02:36:04.472+0000] {logging_mixin.py:190} INFO - Registro sem campo 'id': }
[2024-10-25T02:36:04.473+0000] {logging_mixin.py:190} INFO - Registro sem campo 'id': ,
[2024-10-25T02:36:04.473+0000] {logging_mixin.py:190} INFO - Registro sem campo 'id':  
[2024-10-25T02:36:04.474+0000] {logging_mixin.py:190} INFO - Registro sem campo 'id': {
[2024-10-25T02:36:04.474+0000] {logging_mixin.py:190} INFO - Registro sem campo 'id': '
[2024-10-25T02:36:04.474+0000] {logging_mixin.py:190} INFO - Registro sem campo 'id': i
[2024-10-25T02:36:04.475+0000] {logging_mixin.py:190} INFO - Registro sem campo 'id': d
[2024-10-25T02:36:04.475+0000] {logging_mixin.py:190} INFO - Registro sem campo 'id': '
[2024-10-25T02:36:04.476+0000] {logging_mixin.py:190} INFO - Registro sem campo 'id': :
[2024-10-25T02:36:04.476+0000] {logging_mixin.py:190} INFO - Registro sem campo 'id':  
[2024-10-25T02:36:04.477+0000] {logging_mixin.py:190} INFO - Registro sem campo 'id': 4
[2024-10-25T02:36:04.477+0000] {logging_mixin.py:190} INFO - Registro sem campo 'id': ,
[2024-10-25T02:36:04.478+0000] {logging_mixin.py:190} INFO - Registro sem campo 'id':  
[2024-10-25T02:36:04.479+0000] {logging_mixin.py:190} INFO - Registro sem campo 'id': '
[2024-10-25T02:36:04.479+0000] {logging_mixin.py:190} INFO - Registro sem campo 'id': n
[2024-10-25T02:36:04.480+0000] {logging_mixin.py:190} INFO - Registro sem campo 'id': o
[2024-10-25T02:36:04.480+0000] {logging_mixin.py:190} INFO - Registro sem campo 'id': m
[2024-10-25T02:36:04.480+0000] {logging_mixin.py:190} INFO - Registro sem campo 'id': e
[2024-10-25T02:36:04.481+0000] {logging_mixin.py:190} INFO - Registro sem campo 'id': '
[2024-10-25T02:36:04.481+0000] {logging_mixin.py:190} INFO - Registro sem campo 'id': :
[2024-10-25T02:36:04.482+0000] {logging_mixin.py:190} INFO - Registro sem campo 'id':  
[2024-10-25T02:36:04.482+0000] {logging_mixin.py:190} INFO - Registro sem campo 'id': '
[2024-10-25T02:36:04.482+0000] {logging_mixin.py:190} INFO - Registro sem campo 'id': D
[2024-10-25T02:36:04.483+0000] {logging_mixin.py:190} INFO - Registro sem campo 'id': a
[2024-10-25T02:36:04.483+0000] {logging_mixin.py:190} INFO - Registro sem campo 'id': n
[2024-10-25T02:36:04.484+0000] {logging_mixin.py:190} INFO - Registro sem campo 'id': i
[2024-10-25T02:36:04.484+0000] {logging_mixin.py:190} INFO - Registro sem campo 'id': e
[2024-10-25T02:36:04.485+0000] {logging_mixin.py:190} INFO - Registro sem campo 'id': l
[2024-10-25T02:36:04.485+0000] {logging_mixin.py:190} INFO - Registro sem campo 'id':  
[2024-10-25T02:36:04.486+0000] {logging_mixin.py:190} INFO - Registro sem campo 'id': C
[2024-10-25T02:36:04.487+0000] {logging_mixin.py:190} INFO - Registro sem campo 'id': o
[2024-10-25T02:36:04.487+0000] {logging_mixin.py:190} INFO - Registro sem campo 'id': s
[2024-10-25T02:36:04.488+0000] {logging_mixin.py:190} INFO - Registro sem campo 'id': t
[2024-10-25T02:36:04.488+0000] {logging_mixin.py:190} INFO - Registro sem campo 'id': a
[2024-10-25T02:36:04.488+0000] {logging_mixin.py:190} INFO - Registro sem campo 'id': '
[2024-10-25T02:36:04.489+0000] {logging_mixin.py:190} INFO - Registro sem campo 'id': ,
[2024-10-25T02:36:04.489+0000] {logging_mixin.py:190} INFO - Registro sem campo 'id':  
[2024-10-25T02:36:04.490+0000] {logging_mixin.py:190} INFO - Registro sem campo 'id': '
[2024-10-25T02:36:04.490+0000] {logging_mixin.py:190} INFO - Registro sem campo 'id': e
[2024-10-25T02:36:04.490+0000] {logging_mixin.py:190} INFO - Registro sem campo 'id': m
[2024-10-25T02:36:04.491+0000] {logging_mixin.py:190} INFO - Registro sem campo 'id': a
[2024-10-25T02:36:04.491+0000] {logging_mixin.py:190} INFO - Registro sem campo 'id': i
[2024-10-25T02:36:04.491+0000] {logging_mixin.py:190} INFO - Registro sem campo 'id': l
[2024-10-25T02:36:04.492+0000] {logging_mixin.py:190} INFO - Registro sem campo 'id': '
[2024-10-25T02:36:04.493+0000] {logging_mixin.py:190} INFO - Registro sem campo 'id': :
[2024-10-25T02:36:04.493+0000] {logging_mixin.py:190} INFO - Registro sem campo 'id':  
[2024-10-25T02:36:04.494+0000] {logging_mixin.py:190} INFO - Registro sem campo 'id': '
[2024-10-25T02:36:04.494+0000] {logging_mixin.py:190} INFO - Registro sem campo 'id': d
[2024-10-25T02:36:04.495+0000] {logging_mixin.py:190} INFO - Registro sem campo 'id': a
[2024-10-25T02:36:04.495+0000] {logging_mixin.py:190} INFO - Registro sem campo 'id': n
[2024-10-25T02:36:04.496+0000] {logging_mixin.py:190} INFO - Registro sem campo 'id': i
[2024-10-25T02:36:04.496+0000] {logging_mixin.py:190} INFO - Registro sem campo 'id': e
[2024-10-25T02:36:04.496+0000] {logging_mixin.py:190} INFO - Registro sem campo 'id': l
[2024-10-25T02:36:04.497+0000] {logging_mixin.py:190} INFO - Registro sem campo 'id': .
[2024-10-25T02:36:04.497+0000] {logging_mixin.py:190} INFO - Registro sem campo 'id': c
[2024-10-25T02:36:04.497+0000] {logging_mixin.py:190} INFO - Registro sem campo 'id': o
[2024-10-25T02:36:04.498+0000] {logging_mixin.py:190} INFO - Registro sem campo 'id': s
[2024-10-25T02:36:04.498+0000] {logging_mixin.py:190} INFO - Registro sem campo 'id': t
[2024-10-25T02:36:04.499+0000] {logging_mixin.py:190} INFO - Registro sem campo 'id': a
[2024-10-25T02:36:04.499+0000] {logging_mixin.py:190} INFO - Registro sem campo 'id': @
[2024-10-25T02:36:04.500+0000] {logging_mixin.py:190} INFO - Registro sem campo 'id': e
[2024-10-25T02:36:04.500+0000] {logging_mixin.py:190} INFO - Registro sem campo 'id': m
[2024-10-25T02:36:04.500+0000] {logging_mixin.py:190} INFO - Registro sem campo 'id': a
[2024-10-25T02:36:04.501+0000] {logging_mixin.py:190} INFO - Registro sem campo 'id': i
[2024-10-25T02:36:04.501+0000] {logging_mixin.py:190} INFO - Registro sem campo 'id': l
[2024-10-25T02:36:04.502+0000] {logging_mixin.py:190} INFO - Registro sem campo 'id': .
[2024-10-25T02:36:04.502+0000] {logging_mixin.py:190} INFO - Registro sem campo 'id': c
[2024-10-25T02:36:04.503+0000] {logging_mixin.py:190} INFO - Registro sem campo 'id': o
[2024-10-25T02:36:04.503+0000] {logging_mixin.py:190} INFO - Registro sem campo 'id': m
[2024-10-25T02:36:04.504+0000] {logging_mixin.py:190} INFO - Registro sem campo 'id': '
[2024-10-25T02:36:04.504+0000] {logging_mixin.py:190} INFO - Registro sem campo 'id': ,
[2024-10-25T02:36:04.505+0000] {logging_mixin.py:190} INFO - Registro sem campo 'id':  
[2024-10-25T02:36:04.505+0000] {logging_mixin.py:190} INFO - Registro sem campo 'id': '
[2024-10-25T02:36:04.506+0000] {logging_mixin.py:190} INFO - Registro sem campo 'id': t
[2024-10-25T02:36:04.506+0000] {logging_mixin.py:190} INFO - Registro sem campo 'id': e
[2024-10-25T02:36:04.506+0000] {logging_mixin.py:190} INFO - Registro sem campo 'id': l
[2024-10-25T02:36:04.507+0000] {logging_mixin.py:190} INFO - Registro sem campo 'id': e
[2024-10-25T02:36:04.507+0000] {logging_mixin.py:190} INFO - Registro sem campo 'id': f
[2024-10-25T02:36:04.507+0000] {logging_mixin.py:190} INFO - Registro sem campo 'id': o
[2024-10-25T02:36:04.508+0000] {logging_mixin.py:190} INFO - Registro sem campo 'id': n
[2024-10-25T02:36:04.508+0000] {logging_mixin.py:190} INFO - Registro sem campo 'id': e
[2024-10-25T02:36:04.509+0000] {logging_mixin.py:190} INFO - Registro sem campo 'id': '
[2024-10-25T02:36:04.509+0000] {logging_mixin.py:190} INFO - Registro sem campo 'id': :
[2024-10-25T02:36:04.510+0000] {logging_mixin.py:190} INFO - Registro sem campo 'id':  
[2024-10-25T02:36:04.510+0000] {logging_mixin.py:190} INFO - Registro sem campo 'id': '
[2024-10-25T02:36:04.511+0000] {logging_mixin.py:190} INFO - Registro sem campo 'id': (
[2024-10-25T02:36:04.511+0000] {logging_mixin.py:190} INFO - Registro sem campo 'id': 4
[2024-10-25T02:36:04.512+0000] {logging_mixin.py:190} INFO - Registro sem campo 'id': 1
[2024-10-25T02:36:04.512+0000] {logging_mixin.py:190} INFO - Registro sem campo 'id': )
[2024-10-25T02:36:04.513+0000] {logging_mixin.py:190} INFO - Registro sem campo 'id':  
[2024-10-25T02:36:04.514+0000] {logging_mixin.py:190} INFO - Registro sem campo 'id': 9
[2024-10-25T02:36:04.514+0000] {logging_mixin.py:190} INFO - Registro sem campo 'id': 5
[2024-10-25T02:36:04.515+0000] {logging_mixin.py:190} INFO - Registro sem campo 'id': 4
[2024-10-25T02:36:04.515+0000] {logging_mixin.py:190} INFO - Registro sem campo 'id': 3
[2024-10-25T02:36:04.515+0000] {logging_mixin.py:190} INFO - Registro sem campo 'id': 2
[2024-10-25T02:36:04.516+0000] {logging_mixin.py:190} INFO - Registro sem campo 'id': -
[2024-10-25T02:36:04.516+0000] {logging_mixin.py:190} INFO - Registro sem campo 'id': 1
[2024-10-25T02:36:04.517+0000] {logging_mixin.py:190} INFO - Registro sem campo 'id': 0
[2024-10-25T02:36:04.517+0000] {logging_mixin.py:190} INFO - Registro sem campo 'id': 9
[2024-10-25T02:36:04.518+0000] {logging_mixin.py:190} INFO - Registro sem campo 'id': 8
[2024-10-25T02:36:04.518+0000] {logging_mixin.py:190} INFO - Registro sem campo 'id': '
[2024-10-25T02:36:04.519+0000] {logging_mixin.py:190} INFO - Registro sem campo 'id': ,
[2024-10-25T02:36:04.519+0000] {logging_mixin.py:190} INFO - Registro sem campo 'id':  
[2024-10-25T02:36:04.520+0000] {logging_mixin.py:190} INFO - Registro sem campo 'id': '
[2024-10-25T02:36:04.521+0000] {logging_mixin.py:190} INFO - Registro sem campo 'id': d
[2024-10-25T02:36:04.521+0000] {logging_mixin.py:190} INFO - Registro sem campo 'id': a
[2024-10-25T02:36:04.522+0000] {logging_mixin.py:190} INFO - Registro sem campo 'id': t
[2024-10-25T02:36:04.522+0000] {logging_mixin.py:190} INFO - Registro sem campo 'id': a
[2024-10-25T02:36:04.523+0000] {logging_mixin.py:190} INFO - Registro sem campo 'id': _
[2024-10-25T02:36:04.523+0000] {logging_mixin.py:190} INFO - Registro sem campo 'id': n
[2024-10-25T02:36:04.524+0000] {logging_mixin.py:190} INFO - Registro sem campo 'id': a
[2024-10-25T02:36:04.524+0000] {logging_mixin.py:190} INFO - Registro sem campo 'id': s
[2024-10-25T02:36:04.525+0000] {logging_mixin.py:190} INFO - Registro sem campo 'id': c
[2024-10-25T02:36:04.525+0000] {logging_mixin.py:190} INFO - Registro sem campo 'id': i
[2024-10-25T02:36:04.526+0000] {logging_mixin.py:190} INFO - Registro sem campo 'id': m
[2024-10-25T02:36:04.527+0000] {logging_mixin.py:190} INFO - Registro sem campo 'id': e
[2024-10-25T02:36:04.527+0000] {logging_mixin.py:190} INFO - Registro sem campo 'id': n
[2024-10-25T02:36:04.528+0000] {logging_mixin.py:190} INFO - Registro sem campo 'id': t
[2024-10-25T02:36:04.529+0000] {logging_mixin.py:190} INFO - Registro sem campo 'id': o
[2024-10-25T02:36:04.529+0000] {logging_mixin.py:190} INFO - Registro sem campo 'id': '
[2024-10-25T02:36:04.530+0000] {logging_mixin.py:190} INFO - Registro sem campo 'id': :
[2024-10-25T02:36:04.530+0000] {logging_mixin.py:190} INFO - Registro sem campo 'id':  
[2024-10-25T02:36:04.531+0000] {logging_mixin.py:190} INFO - Registro sem campo 'id': '
[2024-10-25T02:36:04.531+0000] {logging_mixin.py:190} INFO - Registro sem campo 'id': 1
[2024-10-25T02:36:04.533+0000] {logging_mixin.py:190} INFO - Registro sem campo 'id': 9
[2024-10-25T02:36:04.538+0000] {logging_mixin.py:190} INFO - Registro sem campo 'id': 8
[2024-10-25T02:36:04.539+0000] {logging_mixin.py:190} INFO - Registro sem campo 'id': 8
[2024-10-25T02:36:04.539+0000] {logging_mixin.py:190} INFO - Registro sem campo 'id': -
[2024-10-25T02:36:04.543+0000] {logging_mixin.py:190} INFO - Registro sem campo 'id': 0
[2024-10-25T02:36:04.544+0000] {logging_mixin.py:190} INFO - Registro sem campo 'id': 3
[2024-10-25T02:36:04.545+0000] {logging_mixin.py:190} INFO - Registro sem campo 'id': -
[2024-10-25T02:36:04.546+0000] {logging_mixin.py:190} INFO - Registro sem campo 'id': 1
[2024-10-25T02:36:04.548+0000] {logging_mixin.py:190} INFO - Registro sem campo 'id': 5
[2024-10-25T02:36:04.548+0000] {logging_mixin.py:190} INFO - Registro sem campo 'id': '
[2024-10-25T02:36:04.550+0000] {logging_mixin.py:190} INFO - Registro sem campo 'id': ,
[2024-10-25T02:36:04.551+0000] {logging_mixin.py:190} INFO - Registro sem campo 'id':  
[2024-10-25T02:36:04.551+0000] {logging_mixin.py:190} INFO - Registro sem campo 'id': '
[2024-10-25T02:36:04.552+0000] {logging_mixin.py:190} INFO - Registro sem campo 'id': s
[2024-10-25T02:36:04.553+0000] {logging_mixin.py:190} INFO - Registro sem campo 'id': e
[2024-10-25T02:36:04.554+0000] {logging_mixin.py:190} INFO - Registro sem campo 'id': x
[2024-10-25T02:36:04.554+0000] {logging_mixin.py:190} INFO - Registro sem campo 'id': o
[2024-10-25T02:36:04.555+0000] {logging_mixin.py:190} INFO - Registro sem campo 'id': '
[2024-10-25T02:36:04.556+0000] {logging_mixin.py:190} INFO - Registro sem campo 'id': :
[2024-10-25T02:36:04.556+0000] {logging_mixin.py:190} INFO - Registro sem campo 'id':  
[2024-10-25T02:36:04.557+0000] {logging_mixin.py:190} INFO - Registro sem campo 'id': '
[2024-10-25T02:36:04.557+0000] {logging_mixin.py:190} INFO - Registro sem campo 'id': M
[2024-10-25T02:36:04.558+0000] {logging_mixin.py:190} INFO - Registro sem campo 'id': a
[2024-10-25T02:36:04.559+0000] {logging_mixin.py:190} INFO - Registro sem campo 'id': s
[2024-10-25T02:36:04.560+0000] {logging_mixin.py:190} INFO - Registro sem campo 'id': c
[2024-10-25T02:36:04.561+0000] {logging_mixin.py:190} INFO - Registro sem campo 'id': u
[2024-10-25T02:36:04.562+0000] {logging_mixin.py:190} INFO - Registro sem campo 'id': l
[2024-10-25T02:36:04.563+0000] {logging_mixin.py:190} INFO - Registro sem campo 'id': i
[2024-10-25T02:36:04.564+0000] {logging_mixin.py:190} INFO - Registro sem campo 'id': n
[2024-10-25T02:36:04.564+0000] {logging_mixin.py:190} INFO - Registro sem campo 'id': o
[2024-10-25T02:36:04.565+0000] {logging_mixin.py:190} INFO - Registro sem campo 'id': '
[2024-10-25T02:36:04.566+0000] {logging_mixin.py:190} INFO - Registro sem campo 'id': ,
[2024-10-25T02:36:04.566+0000] {logging_mixin.py:190} INFO - Registro sem campo 'id':  
[2024-10-25T02:36:04.567+0000] {logging_mixin.py:190} INFO - Registro sem campo 'id': '
[2024-10-25T02:36:04.568+0000] {logging_mixin.py:190} INFO - Registro sem campo 'id': c
[2024-10-25T02:36:04.568+0000] {logging_mixin.py:190} INFO - Registro sem campo 'id': i
[2024-10-25T02:36:04.568+0000] {logging_mixin.py:190} INFO - Registro sem campo 'id': d
[2024-10-25T02:36:04.572+0000] {logging_mixin.py:190} INFO - Registro sem campo 'id': a
[2024-10-25T02:36:04.575+0000] {logging_mixin.py:190} INFO - Registro sem campo 'id': d
[2024-10-25T02:36:04.576+0000] {logging_mixin.py:190} INFO - Registro sem campo 'id': e
[2024-10-25T02:36:04.577+0000] {logging_mixin.py:190} INFO - Registro sem campo 'id': '
[2024-10-25T02:36:04.578+0000] {logging_mixin.py:190} INFO - Registro sem campo 'id': :
[2024-10-25T02:36:04.581+0000] {logging_mixin.py:190} INFO - Registro sem campo 'id':  
[2024-10-25T02:36:04.581+0000] {logging_mixin.py:190} INFO - Registro sem campo 'id': '
[2024-10-25T02:36:04.582+0000] {logging_mixin.py:190} INFO - Registro sem campo 'id': C
[2024-10-25T02:36:04.583+0000] {logging_mixin.py:190} INFO - Registro sem campo 'id': u
[2024-10-25T02:36:04.583+0000] {logging_mixin.py:190} INFO - Registro sem campo 'id': r
[2024-10-25T02:36:04.584+0000] {logging_mixin.py:190} INFO - Registro sem campo 'id': i
[2024-10-25T02:36:04.584+0000] {logging_mixin.py:190} INFO - Registro sem campo 'id': t
[2024-10-25T02:36:04.585+0000] {logging_mixin.py:190} INFO - Registro sem campo 'id': i
[2024-10-25T02:36:04.585+0000] {logging_mixin.py:190} INFO - Registro sem campo 'id': b
[2024-10-25T02:36:04.586+0000] {logging_mixin.py:190} INFO - Registro sem campo 'id': a
[2024-10-25T02:36:04.586+0000] {logging_mixin.py:190} INFO - Registro sem campo 'id': '
[2024-10-25T02:36:04.587+0000] {logging_mixin.py:190} INFO - Registro sem campo 'id': ,
[2024-10-25T02:36:04.588+0000] {logging_mixin.py:190} INFO - Registro sem campo 'id':  
[2024-10-25T02:36:04.588+0000] {logging_mixin.py:190} INFO - Registro sem campo 'id': '
[2024-10-25T02:36:04.589+0000] {logging_mixin.py:190} INFO - Registro sem campo 'id': e
[2024-10-25T02:36:04.590+0000] {logging_mixin.py:190} INFO - Registro sem campo 'id': s
[2024-10-25T02:36:04.590+0000] {logging_mixin.py:190} INFO - Registro sem campo 'id': t
[2024-10-25T02:36:04.591+0000] {logging_mixin.py:190} INFO - Registro sem campo 'id': a
[2024-10-25T02:36:04.591+0000] {logging_mixin.py:190} INFO - Registro sem campo 'id': d
[2024-10-25T02:36:04.592+0000] {logging_mixin.py:190} INFO - Registro sem campo 'id': o
[2024-10-25T02:36:04.593+0000] {logging_mixin.py:190} INFO - Registro sem campo 'id': '
[2024-10-25T02:36:04.594+0000] {logging_mixin.py:190} INFO - Registro sem campo 'id': :
[2024-10-25T02:36:04.595+0000] {logging_mixin.py:190} INFO - Registro sem campo 'id':  
[2024-10-25T02:36:04.596+0000] {logging_mixin.py:190} INFO - Registro sem campo 'id': '
[2024-10-25T02:36:04.596+0000] {logging_mixin.py:190} INFO - Registro sem campo 'id': P
[2024-10-25T02:36:04.597+0000] {logging_mixin.py:190} INFO - Registro sem campo 'id': R
[2024-10-25T02:36:04.597+0000] {logging_mixin.py:190} INFO - Registro sem campo 'id': '
[2024-10-25T02:36:04.598+0000] {logging_mixin.py:190} INFO - Registro sem campo 'id': }
[2024-10-25T02:36:04.598+0000] {logging_mixin.py:190} INFO - Registro sem campo 'id': ,
[2024-10-25T02:36:04.599+0000] {logging_mixin.py:190} INFO - Registro sem campo 'id':  
[2024-10-25T02:36:04.599+0000] {logging_mixin.py:190} INFO - Registro sem campo 'id': {
[2024-10-25T02:36:04.600+0000] {logging_mixin.py:190} INFO - Registro sem campo 'id': '
[2024-10-25T02:36:04.600+0000] {logging_mixin.py:190} INFO - Registro sem campo 'id': i
[2024-10-25T02:36:04.601+0000] {logging_mixin.py:190} INFO - Registro sem campo 'id': d
[2024-10-25T02:36:04.601+0000] {logging_mixin.py:190} INFO - Registro sem campo 'id': '
[2024-10-25T02:36:04.601+0000] {logging_mixin.py:190} INFO - Registro sem campo 'id': :
[2024-10-25T02:36:04.602+0000] {logging_mixin.py:190} INFO - Registro sem campo 'id':  
[2024-10-25T02:36:04.602+0000] {logging_mixin.py:190} INFO - Registro sem campo 'id': 5
[2024-10-25T02:36:04.603+0000] {logging_mixin.py:190} INFO - Registro sem campo 'id': ,
[2024-10-25T02:36:04.604+0000] {logging_mixin.py:190} INFO - Registro sem campo 'id':  
[2024-10-25T02:36:04.604+0000] {logging_mixin.py:190} INFO - Registro sem campo 'id': '
[2024-10-25T02:36:04.605+0000] {logging_mixin.py:190} INFO - Registro sem campo 'id': n
[2024-10-25T02:36:04.605+0000] {logging_mixin.py:190} INFO - Registro sem campo 'id': o
[2024-10-25T02:36:04.606+0000] {logging_mixin.py:190} INFO - Registro sem campo 'id': m
[2024-10-25T02:36:04.606+0000] {logging_mixin.py:190} INFO - Registro sem campo 'id': e
[2024-10-25T02:36:04.607+0000] {logging_mixin.py:190} INFO - Registro sem campo 'id': '
[2024-10-25T02:36:04.607+0000] {logging_mixin.py:190} INFO - Registro sem campo 'id': :
[2024-10-25T02:36:04.609+0000] {logging_mixin.py:190} INFO - Registro sem campo 'id':  
[2024-10-25T02:36:04.610+0000] {logging_mixin.py:190} INFO - Registro sem campo 'id': '
[2024-10-25T02:36:04.610+0000] {logging_mixin.py:190} INFO - Registro sem campo 'id': E
[2024-10-25T02:36:04.611+0000] {logging_mixin.py:190} INFO - Registro sem campo 'id': l
[2024-10-25T02:36:04.612+0000] {logging_mixin.py:190} INFO - Registro sem campo 'id': e
[2024-10-25T02:36:04.612+0000] {logging_mixin.py:190} INFO - Registro sem campo 'id': n
[2024-10-25T02:36:04.613+0000] {logging_mixin.py:190} INFO - Registro sem campo 'id': a
[2024-10-25T02:36:04.613+0000] {logging_mixin.py:190} INFO - Registro sem campo 'id':  
[2024-10-25T02:36:04.614+0000] {logging_mixin.py:190} INFO - Registro sem campo 'id': M
[2024-10-25T02:36:04.614+0000] {logging_mixin.py:190} INFO - Registro sem campo 'id': a
[2024-10-25T02:36:04.614+0000] {logging_mixin.py:190} INFO - Registro sem campo 'id': r
[2024-10-25T02:36:04.615+0000] {logging_mixin.py:190} INFO - Registro sem campo 'id': t
[2024-10-25T02:36:04.615+0000] {logging_mixin.py:190} INFO - Registro sem campo 'id': i
[2024-10-25T02:36:04.616+0000] {logging_mixin.py:190} INFO - Registro sem campo 'id': n
[2024-10-25T02:36:04.616+0000] {logging_mixin.py:190} INFO - Registro sem campo 'id': s
[2024-10-25T02:36:04.616+0000] {logging_mixin.py:190} INFO - Registro sem campo 'id': '
[2024-10-25T02:36:04.617+0000] {logging_mixin.py:190} INFO - Registro sem campo 'id': ,
[2024-10-25T02:36:04.617+0000] {logging_mixin.py:190} INFO - Registro sem campo 'id':  
[2024-10-25T02:36:04.617+0000] {logging_mixin.py:190} INFO - Registro sem campo 'id': '
[2024-10-25T02:36:04.618+0000] {logging_mixin.py:190} INFO - Registro sem campo 'id': e
[2024-10-25T02:36:04.618+0000] {logging_mixin.py:190} INFO - Registro sem campo 'id': m
[2024-10-25T02:36:04.618+0000] {logging_mixin.py:190} INFO - Registro sem campo 'id': a
[2024-10-25T02:36:04.619+0000] {logging_mixin.py:190} INFO - Registro sem campo 'id': i
[2024-10-25T02:36:04.620+0000] {logging_mixin.py:190} INFO - Registro sem campo 'id': l
[2024-10-25T02:36:04.620+0000] {logging_mixin.py:190} INFO - Registro sem campo 'id': '
[2024-10-25T02:36:04.621+0000] {logging_mixin.py:190} INFO - Registro sem campo 'id': :
[2024-10-25T02:36:04.621+0000] {logging_mixin.py:190} INFO - Registro sem campo 'id':  
[2024-10-25T02:36:04.622+0000] {logging_mixin.py:190} INFO - Registro sem campo 'id': '
[2024-10-25T02:36:04.622+0000] {logging_mixin.py:190} INFO - Registro sem campo 'id': e
[2024-10-25T02:36:04.622+0000] {logging_mixin.py:190} INFO - Registro sem campo 'id': l
[2024-10-25T02:36:04.623+0000] {logging_mixin.py:190} INFO - Registro sem campo 'id': e
[2024-10-25T02:36:04.623+0000] {logging_mixin.py:190} INFO - Registro sem campo 'id': n
[2024-10-25T02:36:04.623+0000] {logging_mixin.py:190} INFO - Registro sem campo 'id': a
[2024-10-25T02:36:04.624+0000] {logging_mixin.py:190} INFO - Registro sem campo 'id': .
[2024-10-25T02:36:04.624+0000] {logging_mixin.py:190} INFO - Registro sem campo 'id': m
[2024-10-25T02:36:04.624+0000] {logging_mixin.py:190} INFO - Registro sem campo 'id': a
[2024-10-25T02:36:04.625+0000] {logging_mixin.py:190} INFO - Registro sem campo 'id': r
[2024-10-25T02:36:04.625+0000] {logging_mixin.py:190} INFO - Registro sem campo 'id': t
[2024-10-25T02:36:04.626+0000] {logging_mixin.py:190} INFO - Registro sem campo 'id': i
[2024-10-25T02:36:04.626+0000] {logging_mixin.py:190} INFO - Registro sem campo 'id': n
[2024-10-25T02:36:04.627+0000] {logging_mixin.py:190} INFO - Registro sem campo 'id': s
[2024-10-25T02:36:04.628+0000] {logging_mixin.py:190} INFO - Registro sem campo 'id': @
[2024-10-25T02:36:04.628+0000] {logging_mixin.py:190} INFO - Registro sem campo 'id': e
[2024-10-25T02:36:04.629+0000] {logging_mixin.py:190} INFO - Registro sem campo 'id': m
[2024-10-25T02:36:04.629+0000] {logging_mixin.py:190} INFO - Registro sem campo 'id': a
[2024-10-25T02:36:04.629+0000] {logging_mixin.py:190} INFO - Registro sem campo 'id': i
[2024-10-25T02:36:04.630+0000] {logging_mixin.py:190} INFO - Registro sem campo 'id': l
[2024-10-25T02:36:04.630+0000] {logging_mixin.py:190} INFO - Registro sem campo 'id': .
[2024-10-25T02:36:04.630+0000] {logging_mixin.py:190} INFO - Registro sem campo 'id': c
[2024-10-25T02:36:04.631+0000] {logging_mixin.py:190} INFO - Registro sem campo 'id': o
[2024-10-25T02:36:04.631+0000] {logging_mixin.py:190} INFO - Registro sem campo 'id': m
[2024-10-25T02:36:04.632+0000] {logging_mixin.py:190} INFO - Registro sem campo 'id': '
[2024-10-25T02:36:04.632+0000] {logging_mixin.py:190} INFO - Registro sem campo 'id': ,
[2024-10-25T02:36:04.632+0000] {logging_mixin.py:190} INFO - Registro sem campo 'id':  
[2024-10-25T02:36:04.633+0000] {logging_mixin.py:190} INFO - Registro sem campo 'id': '
[2024-10-25T02:36:04.633+0000] {logging_mixin.py:190} INFO - Registro sem campo 'id': t
[2024-10-25T02:36:04.634+0000] {logging_mixin.py:190} INFO - Registro sem campo 'id': e
[2024-10-25T02:36:04.634+0000] {logging_mixin.py:190} INFO - Registro sem campo 'id': l
[2024-10-25T02:36:04.634+0000] {logging_mixin.py:190} INFO - Registro sem campo 'id': e
[2024-10-25T02:36:04.635+0000] {logging_mixin.py:190} INFO - Registro sem campo 'id': f
[2024-10-25T02:36:04.635+0000] {logging_mixin.py:190} INFO - Registro sem campo 'id': o
[2024-10-25T02:36:04.635+0000] {logging_mixin.py:190} INFO - Registro sem campo 'id': n
[2024-10-25T02:36:04.636+0000] {logging_mixin.py:190} INFO - Registro sem campo 'id': e
[2024-10-25T02:36:04.637+0000] {logging_mixin.py:190} INFO - Registro sem campo 'id': '
[2024-10-25T02:36:04.637+0000] {logging_mixin.py:190} INFO - Registro sem campo 'id': :
[2024-10-25T02:36:04.638+0000] {logging_mixin.py:190} INFO - Registro sem campo 'id':  
[2024-10-25T02:36:04.638+0000] {logging_mixin.py:190} INFO - Registro sem campo 'id': '
[2024-10-25T02:36:04.638+0000] {logging_mixin.py:190} INFO - Registro sem campo 'id': (
[2024-10-25T02:36:04.639+0000] {logging_mixin.py:190} INFO - Registro sem campo 'id': 5
[2024-10-25T02:36:04.639+0000] {logging_mixin.py:190} INFO - Registro sem campo 'id': 1
[2024-10-25T02:36:04.640+0000] {logging_mixin.py:190} INFO - Registro sem campo 'id': )
[2024-10-25T02:36:04.640+0000] {logging_mixin.py:190} INFO - Registro sem campo 'id':  
[2024-10-25T02:36:04.641+0000] {logging_mixin.py:190} INFO - Registro sem campo 'id': 9
[2024-10-25T02:36:04.641+0000] {logging_mixin.py:190} INFO - Registro sem campo 'id': 4
[2024-10-25T02:36:04.641+0000] {logging_mixin.py:190} INFO - Registro sem campo 'id': 3
[2024-10-25T02:36:04.642+0000] {logging_mixin.py:190} INFO - Registro sem campo 'id': 2
[2024-10-25T02:36:04.644+0000] {logging_mixin.py:190} INFO - Registro sem campo 'id': 1
[2024-10-25T02:36:04.645+0000] {logging_mixin.py:190} INFO - Registro sem campo 'id': -
[2024-10-25T02:36:04.646+0000] {logging_mixin.py:190} INFO - Registro sem campo 'id': 0
[2024-10-25T02:36:04.647+0000] {logging_mixin.py:190} INFO - Registro sem campo 'id': 9
[2024-10-25T02:36:04.647+0000] {logging_mixin.py:190} INFO - Registro sem campo 'id': 8
[2024-10-25T02:36:04.648+0000] {logging_mixin.py:190} INFO - Registro sem campo 'id': 7
[2024-10-25T02:36:04.649+0000] {logging_mixin.py:190} INFO - Registro sem campo 'id': '
[2024-10-25T02:36:04.649+0000] {logging_mixin.py:190} INFO - Registro sem campo 'id': ,
[2024-10-25T02:36:04.650+0000] {logging_mixin.py:190} INFO - Registro sem campo 'id':  
[2024-10-25T02:36:04.650+0000] {logging_mixin.py:190} INFO - Registro sem campo 'id': '
[2024-10-25T02:36:04.651+0000] {logging_mixin.py:190} INFO - Registro sem campo 'id': d
[2024-10-25T02:36:04.651+0000] {logging_mixin.py:190} INFO - Registro sem campo 'id': a
[2024-10-25T02:36:04.652+0000] {logging_mixin.py:190} INFO - Registro sem campo 'id': t
[2024-10-25T02:36:04.657+0000] {logging_mixin.py:190} INFO - Registro sem campo 'id': a
[2024-10-25T02:36:04.658+0000] {logging_mixin.py:190} INFO - Registro sem campo 'id': _
[2024-10-25T02:36:04.659+0000] {logging_mixin.py:190} INFO - Registro sem campo 'id': n
[2024-10-25T02:36:04.660+0000] {logging_mixin.py:190} INFO - Registro sem campo 'id': a
[2024-10-25T02:36:04.660+0000] {logging_mixin.py:190} INFO - Registro sem campo 'id': s
[2024-10-25T02:36:04.661+0000] {logging_mixin.py:190} INFO - Registro sem campo 'id': c
[2024-10-25T02:36:04.662+0000] {logging_mixin.py:190} INFO - Registro sem campo 'id': i
[2024-10-25T02:36:04.662+0000] {logging_mixin.py:190} INFO - Registro sem campo 'id': m
[2024-10-25T02:36:04.663+0000] {logging_mixin.py:190} INFO - Registro sem campo 'id': e
[2024-10-25T02:36:04.663+0000] {logging_mixin.py:190} INFO - Registro sem campo 'id': n
[2024-10-25T02:36:04.664+0000] {logging_mixin.py:190} INFO - Registro sem campo 'id': t
[2024-10-25T02:36:04.664+0000] {logging_mixin.py:190} INFO - Registro sem campo 'id': o
[2024-10-25T02:36:04.665+0000] {logging_mixin.py:190} INFO - Registro sem campo 'id': '
[2024-10-25T02:36:04.665+0000] {logging_mixin.py:190} INFO - Registro sem campo 'id': :
[2024-10-25T02:36:04.665+0000] {logging_mixin.py:190} INFO - Registro sem campo 'id':  
[2024-10-25T02:36:04.666+0000] {logging_mixin.py:190} INFO - Registro sem campo 'id': '
[2024-10-25T02:36:04.666+0000] {logging_mixin.py:190} INFO - Registro sem campo 'id': 1
[2024-10-25T02:36:04.666+0000] {logging_mixin.py:190} INFO - Registro sem campo 'id': 9
[2024-10-25T02:36:04.667+0000] {logging_mixin.py:190} INFO - Registro sem campo 'id': 9
[2024-10-25T02:36:04.667+0000] {logging_mixin.py:190} INFO - Registro sem campo 'id': 5
[2024-10-25T02:36:04.667+0000] {logging_mixin.py:190} INFO - Registro sem campo 'id': -
[2024-10-25T02:36:04.668+0000] {logging_mixin.py:190} INFO - Registro sem campo 'id': 0
[2024-10-25T02:36:04.668+0000] {logging_mixin.py:190} INFO - Registro sem campo 'id': 7
[2024-10-25T02:36:04.669+0000] {logging_mixin.py:190} INFO - Registro sem campo 'id': -
[2024-10-25T02:36:04.670+0000] {logging_mixin.py:190} INFO - Registro sem campo 'id': 3
[2024-10-25T02:36:04.671+0000] {logging_mixin.py:190} INFO - Registro sem campo 'id': 0
[2024-10-25T02:36:04.671+0000] {logging_mixin.py:190} INFO - Registro sem campo 'id': '
[2024-10-25T02:36:04.672+0000] {logging_mixin.py:190} INFO - Registro sem campo 'id': ,
[2024-10-25T02:36:04.672+0000] {logging_mixin.py:190} INFO - Registro sem campo 'id':  
[2024-10-25T02:36:04.673+0000] {logging_mixin.py:190} INFO - Registro sem campo 'id': '
[2024-10-25T02:36:04.673+0000] {logging_mixin.py:190} INFO - Registro sem campo 'id': s
[2024-10-25T02:36:04.673+0000] {logging_mixin.py:190} INFO - Registro sem campo 'id': e
[2024-10-25T02:36:04.674+0000] {logging_mixin.py:190} INFO - Registro sem campo 'id': x
[2024-10-25T02:36:04.674+0000] {logging_mixin.py:190} INFO - Registro sem campo 'id': o
[2024-10-25T02:36:04.675+0000] {logging_mixin.py:190} INFO - Registro sem campo 'id': '
[2024-10-25T02:36:04.675+0000] {logging_mixin.py:190} INFO - Registro sem campo 'id': :
[2024-10-25T02:36:04.676+0000] {logging_mixin.py:190} INFO - Registro sem campo 'id':  
[2024-10-25T02:36:04.676+0000] {logging_mixin.py:190} INFO - Registro sem campo 'id': '
[2024-10-25T02:36:04.677+0000] {logging_mixin.py:190} INFO - Registro sem campo 'id': F
[2024-10-25T02:36:04.677+0000] {logging_mixin.py:190} INFO - Registro sem campo 'id': e
[2024-10-25T02:36:04.678+0000] {logging_mixin.py:190} INFO - Registro sem campo 'id': m
[2024-10-25T02:36:04.678+0000] {logging_mixin.py:190} INFO - Registro sem campo 'id': i
[2024-10-25T02:36:04.679+0000] {logging_mixin.py:190} INFO - Registro sem campo 'id': n
[2024-10-25T02:36:04.679+0000] {logging_mixin.py:190} INFO - Registro sem campo 'id': i
[2024-10-25T02:36:04.680+0000] {logging_mixin.py:190} INFO - Registro sem campo 'id': n
[2024-10-25T02:36:04.680+0000] {logging_mixin.py:190} INFO - Registro sem campo 'id': o
[2024-10-25T02:36:04.680+0000] {logging_mixin.py:190} INFO - Registro sem campo 'id': '
[2024-10-25T02:36:04.681+0000] {logging_mixin.py:190} INFO - Registro sem campo 'id': ,
[2024-10-25T02:36:04.681+0000] {logging_mixin.py:190} INFO - Registro sem campo 'id':  
[2024-10-25T02:36:04.681+0000] {logging_mixin.py:190} INFO - Registro sem campo 'id': '
[2024-10-25T02:36:04.682+0000] {logging_mixin.py:190} INFO - Registro sem campo 'id': c
[2024-10-25T02:36:04.682+0000] {logging_mixin.py:190} INFO - Registro sem campo 'id': i
[2024-10-25T02:36:04.682+0000] {logging_mixin.py:190} INFO - Registro sem campo 'id': d
[2024-10-25T02:36:04.683+0000] {logging_mixin.py:190} INFO - Registro sem campo 'id': a
[2024-10-25T02:36:04.683+0000] {logging_mixin.py:190} INFO - Registro sem campo 'id': d
[2024-10-25T02:36:04.683+0000] {logging_mixin.py:190} INFO - Registro sem campo 'id': e
[2024-10-25T02:36:04.684+0000] {logging_mixin.py:190} INFO - Registro sem campo 'id': '
[2024-10-25T02:36:04.684+0000] {logging_mixin.py:190} INFO - Registro sem campo 'id': :
[2024-10-25T02:36:04.684+0000] {logging_mixin.py:190} INFO - Registro sem campo 'id':  
[2024-10-25T02:36:04.685+0000] {logging_mixin.py:190} INFO - Registro sem campo 'id': '
[2024-10-25T02:36:04.685+0000] {logging_mixin.py:190} INFO - Registro sem campo 'id': P
[2024-10-25T02:36:04.686+0000] {logging_mixin.py:190} INFO - Registro sem campo 'id': o
[2024-10-25T02:36:04.686+0000] {logging_mixin.py:190} INFO - Registro sem campo 'id': r
[2024-10-25T02:36:04.687+0000] {logging_mixin.py:190} INFO - Registro sem campo 'id': t
[2024-10-25T02:36:04.687+0000] {logging_mixin.py:190} INFO - Registro sem campo 'id': o
[2024-10-25T02:36:04.688+0000] {logging_mixin.py:190} INFO - Registro sem campo 'id':  
[2024-10-25T02:36:04.688+0000] {logging_mixin.py:190} INFO - Registro sem campo 'id': A
[2024-10-25T02:36:04.688+0000] {logging_mixin.py:190} INFO - Registro sem campo 'id': l
[2024-10-25T02:36:04.689+0000] {logging_mixin.py:190} INFO - Registro sem campo 'id': e
[2024-10-25T02:36:04.689+0000] {logging_mixin.py:190} INFO - Registro sem campo 'id': g
[2024-10-25T02:36:04.689+0000] {logging_mixin.py:190} INFO - Registro sem campo 'id': r
[2024-10-25T02:36:04.690+0000] {logging_mixin.py:190} INFO - Registro sem campo 'id': e
[2024-10-25T02:36:04.690+0000] {logging_mixin.py:190} INFO - Registro sem campo 'id': '
[2024-10-25T02:36:04.691+0000] {logging_mixin.py:190} INFO - Registro sem campo 'id': ,
[2024-10-25T02:36:04.691+0000] {logging_mixin.py:190} INFO - Registro sem campo 'id':  
[2024-10-25T02:36:04.691+0000] {logging_mixin.py:190} INFO - Registro sem campo 'id': '
[2024-10-25T02:36:04.692+0000] {logging_mixin.py:190} INFO - Registro sem campo 'id': e
[2024-10-25T02:36:04.692+0000] {logging_mixin.py:190} INFO - Registro sem campo 'id': s
[2024-10-25T02:36:04.693+0000] {logging_mixin.py:190} INFO - Registro sem campo 'id': t
[2024-10-25T02:36:04.693+0000] {logging_mixin.py:190} INFO - Registro sem campo 'id': a
[2024-10-25T02:36:04.694+0000] {logging_mixin.py:190} INFO - Registro sem campo 'id': d
[2024-10-25T02:36:04.694+0000] {logging_mixin.py:190} INFO - Registro sem campo 'id': o
[2024-10-25T02:36:04.695+0000] {logging_mixin.py:190} INFO - Registro sem campo 'id': '
[2024-10-25T02:36:04.695+0000] {logging_mixin.py:190} INFO - Registro sem campo 'id': :
[2024-10-25T02:36:04.696+0000] {logging_mixin.py:190} INFO - Registro sem campo 'id':  
[2024-10-25T02:36:04.696+0000] {logging_mixin.py:190} INFO - Registro sem campo 'id': '
[2024-10-25T02:36:04.697+0000] {logging_mixin.py:190} INFO - Registro sem campo 'id': R
[2024-10-25T02:36:04.697+0000] {logging_mixin.py:190} INFO - Registro sem campo 'id': S
[2024-10-25T02:36:04.697+0000] {logging_mixin.py:190} INFO - Registro sem campo 'id': '
[2024-10-25T02:36:04.698+0000] {logging_mixin.py:190} INFO - Registro sem campo 'id': }
[2024-10-25T02:36:04.698+0000] {logging_mixin.py:190} INFO - Registro sem campo 'id': ]
[2024-10-25T02:36:04.698+0000] {python.py:240} INFO - Done. Returned value was: []
[2024-10-25T02:36:04.728+0000] {taskinstance.py:340} INFO - ::group::Post task execution logs
[2024-10-25T02:36:04.729+0000] {taskinstance.py:352} INFO - Marking task as SUCCESS. dag_id=inserir_dados_mongodb, task_id=check_existing_data, run_id=manual__2024-10-25T02:35:59.947014+00:00, execution_date=20241025T023559, start_date=20241025T023603, end_date=20241025T023604
[2024-10-25T02:36:04.769+0000] {local_task_job_runner.py:266} INFO - Task exited with return code 0
[2024-10-25T02:36:04.781+0000] {local_task_job_runner.py:245} INFO - ::endgroup::
