[2024-10-21T04:48:34.602+0000] {local_task_job_runner.py:123} INFO - ::group::Pre task execution logs
[2024-10-21T04:48:34.620+0000] {taskinstance.py:2612} INFO - Dependencies all met for dep_context=non-requeueable deps ti=<TaskInstance: insert_csv_to_mongo.insert_data_to_mongo manual__2024-10-21T04:48:32.770981+00:00 [queued]>
[2024-10-21T04:48:34.631+0000] {taskinstance.py:2612} INFO - Dependencies all met for dep_context=requeueable deps ti=<TaskInstance: insert_csv_to_mongo.insert_data_to_mongo manual__2024-10-21T04:48:32.770981+00:00 [queued]>
[2024-10-21T04:48:34.631+0000] {taskinstance.py:2865} INFO - Starting attempt 1 of 2
[2024-10-21T04:48:34.661+0000] {taskinstance.py:2888} INFO - Executing <Task(PythonOperator): insert_data_to_mongo> on 2024-10-21 04:48:32.770981+00:00
[2024-10-21T04:48:34.670+0000] {warnings.py:112} WARNING - /home/***/.local/lib/python3.12/site-packages/***/task/task_runner/standard_task_runner.py:70: DeprecationWarning: This process (pid=361) is multi-threaded, use of fork() may lead to deadlocks in the child.
  pid = os.fork()

[2024-10-21T04:48:34.672+0000] {standard_task_runner.py:72} INFO - Started process 363 to run task
[2024-10-21T04:48:34.685+0000] {standard_task_runner.py:104} INFO - Running: ['***', 'tasks', 'run', 'insert_csv_to_mongo', 'insert_data_to_mongo', 'manual__2024-10-21T04:48:32.770981+00:00', '--job-id', '19', '--raw', '--subdir', 'DAGS_FOLDER/dag_save_mongodb.py', '--cfg-path', '/tmp/tmps3ubd5ld']
[2024-10-21T04:48:34.691+0000] {standard_task_runner.py:105} INFO - Job 19: Subtask insert_data_to_mongo
[2024-10-21T04:48:34.804+0000] {task_command.py:467} INFO - Running <TaskInstance: insert_csv_to_mongo.insert_data_to_mongo manual__2024-10-21T04:48:32.770981+00:00 [running]> on host 72556ed7d270
[2024-10-21T04:48:35.002+0000] {taskinstance.py:3131} INFO - Exporting env vars: AIRFLOW_CTX_DAG_OWNER='user' AIRFLOW_CTX_DAG_ID='insert_csv_to_mongo' AIRFLOW_CTX_TASK_ID='insert_data_to_mongo' AIRFLOW_CTX_EXECUTION_DATE='2024-10-21T04:48:32.770981+00:00' AIRFLOW_CTX_TRY_NUMBER='1' AIRFLOW_CTX_DAG_RUN_ID='manual__2024-10-21T04:48:32.770981+00:00'
[2024-10-21T04:48:35.010+0000] {taskinstance.py:731} INFO - ::endgroup::
[2024-10-21T04:48:35.169+0000] {logging_mixin.py:190} INFO - Dados inseridos com sucesso!
[2024-10-21T04:48:35.180+0000] {python.py:240} INFO - Done. Returned value was: None
[2024-10-21T04:48:35.203+0000] {taskinstance.py:340} INFO - ::group::Post task execution logs
[2024-10-21T04:48:35.208+0000] {taskinstance.py:352} INFO - Marking task as SUCCESS. dag_id=insert_csv_to_mongo, task_id=insert_data_to_mongo, run_id=manual__2024-10-21T04:48:32.770981+00:00, execution_date=20241021T044832, start_date=20241021T044834, end_date=20241021T044835
[2024-10-21T04:48:35.253+0000] {local_task_job_runner.py:266} INFO - Task exited with return code 0
[2024-10-21T04:48:35.292+0000] {taskinstance.py:3900} INFO - 0 downstream tasks scheduled from follow-on schedule check
[2024-10-21T04:48:35.300+0000] {local_task_job_runner.py:245} INFO - ::endgroup::
