[2024-10-25T23:00:44.274+0000] {local_task_job_runner.py:123} INFO - ::group::Pre task execution logs
[2024-10-25T23:00:44.293+0000] {taskinstance.py:2612} INFO - Dependencies all met for dep_context=non-requeueable deps ti=<TaskInstance: inserir_dados_mongodb.connect_mongo manual__2024-10-25T23:00:39.605539+00:00 [queued]>
[2024-10-25T23:00:44.305+0000] {taskinstance.py:2612} INFO - Dependencies all met for dep_context=requeueable deps ti=<TaskInstance: inserir_dados_mongodb.connect_mongo manual__2024-10-25T23:00:39.605539+00:00 [queued]>
[2024-10-25T23:00:44.305+0000] {taskinstance.py:2865} INFO - Starting attempt 1 of 2
[2024-10-25T23:00:44.326+0000] {taskinstance.py:2888} INFO - Executing <Task(PythonOperator): connect_mongo> on 2024-10-25 23:00:39.605539+00:00
[2024-10-25T23:00:44.333+0000] {warnings.py:112} WARNING - /home/***/.local/lib/python3.12/site-packages/***/task/task_runner/standard_task_runner.py:70: DeprecationWarning: This process (pid=130) is multi-threaded, use of fork() may lead to deadlocks in the child.
  pid = os.fork()

[2024-10-25T23:00:44.335+0000] {standard_task_runner.py:72} INFO - Started process 132 to run task
[2024-10-25T23:00:44.336+0000] {standard_task_runner.py:104} INFO - Running: ['***', 'tasks', 'run', 'inserir_dados_mongodb', 'connect_mongo', 'manual__2024-10-25T23:00:39.605539+00:00', '--job-id', '67', '--raw', '--subdir', 'DAGS_FOLDER/dag_save_mongodb_v3.py', '--cfg-path', '/tmp/tmpm77fs2nf']
[2024-10-25T23:00:44.340+0000] {standard_task_runner.py:105} INFO - Job 67: Subtask connect_mongo
[2024-10-25T23:00:44.399+0000] {task_command.py:467} INFO - Running <TaskInstance: inserir_dados_mongodb.connect_mongo manual__2024-10-25T23:00:39.605539+00:00 [running]> on host 9e883d86a6d2
[2024-10-25T23:00:44.493+0000] {taskinstance.py:3131} INFO - Exporting env vars: AIRFLOW_CTX_DAG_OWNER='user' AIRFLOW_CTX_DAG_ID='inserir_dados_mongodb' AIRFLOW_CTX_TASK_ID='connect_mongo' AIRFLOW_CTX_EXECUTION_DATE='2024-10-25T23:00:39.605539+00:00' AIRFLOW_CTX_TRY_NUMBER='1' AIRFLOW_CTX_DAG_RUN_ID='manual__2024-10-25T23:00:39.605539+00:00'
[2024-10-25T23:00:44.494+0000] {taskinstance.py:731} INFO - ::endgroup::
[2024-10-25T23:00:44.566+0000] {logging_mixin.py:190} INFO - Conexão com MongoDB realizada com sucesso!
[2024-10-25T23:00:44.568+0000] {python.py:240} INFO - Done. Returned value was: None
[2024-10-25T23:00:44.583+0000] {taskinstance.py:340} INFO - ::group::Post task execution logs
[2024-10-25T23:00:44.584+0000] {taskinstance.py:352} INFO - Marking task as SUCCESS. dag_id=inserir_dados_mongodb, task_id=connect_mongo, run_id=manual__2024-10-25T23:00:39.605539+00:00, execution_date=20241025T230039, start_date=20241025T230044, end_date=20241025T230044
[2024-10-25T23:00:44.633+0000] {local_task_job_runner.py:266} INFO - Task exited with return code 0
[2024-10-25T23:00:44.659+0000] {taskinstance.py:3900} INFO - 1 downstream tasks scheduled from follow-on schedule check
[2024-10-25T23:00:44.662+0000] {local_task_job_runner.py:245} INFO - ::endgroup::
