[2024-10-25T02:36:05.955+0000] {local_task_job_runner.py:123} INFO - ::group::Pre task execution logs
[2024-10-25T02:36:05.975+0000] {taskinstance.py:2612} INFO - Dependencies all met for dep_context=non-requeueable deps ti=<TaskInstance: inserir_dados_mongodb.insert_data_to_mongo manual__2024-10-25T02:35:59.947014+00:00 [queued]>
[2024-10-25T02:36:05.985+0000] {taskinstance.py:2612} INFO - Dependencies all met for dep_context=requeueable deps ti=<TaskInstance: inserir_dados_mongodb.insert_data_to_mongo manual__2024-10-25T02:35:59.947014+00:00 [queued]>
[2024-10-25T02:36:05.986+0000] {taskinstance.py:2865} INFO - Starting attempt 1 of 2
[2024-10-25T02:36:06.004+0000] {taskinstance.py:2888} INFO - Executing <Task(PythonOperator): insert_data_to_mongo> on 2024-10-25 02:35:59.947014+00:00
[2024-10-25T02:36:06.011+0000] {warnings.py:112} WARNING - /home/***/.local/lib/python3.12/site-packages/***/task/task_runner/standard_task_runner.py:70: DeprecationWarning: This process (pid=5593) is multi-threaded, use of fork() may lead to deadlocks in the child.
  pid = os.fork()

[2024-10-25T02:36:06.013+0000] {standard_task_runner.py:72} INFO - Started process 5595 to run task
[2024-10-25T02:36:06.014+0000] {standard_task_runner.py:104} INFO - Running: ['***', 'tasks', 'run', 'inserir_dados_mongodb', 'insert_data_to_mongo', 'manual__2024-10-25T02:35:59.947014+00:00', '--job-id', '42', '--raw', '--subdir', 'DAGS_FOLDER/dag_save_mongodb_v3.py', '--cfg-path', '/tmp/tmpdj9nry6k']
[2024-10-25T02:36:06.017+0000] {standard_task_runner.py:105} INFO - Job 42: Subtask insert_data_to_mongo
[2024-10-25T02:36:06.068+0000] {task_command.py:467} INFO - Running <TaskInstance: inserir_dados_mongodb.insert_data_to_mongo manual__2024-10-25T02:35:59.947014+00:00 [running]> on host a0ed19d3458a
[2024-10-25T02:36:06.170+0000] {taskinstance.py:3131} INFO - Exporting env vars: AIRFLOW_CTX_DAG_OWNER='user' AIRFLOW_CTX_DAG_ID='inserir_dados_mongodb' AIRFLOW_CTX_TASK_ID='insert_data_to_mongo' AIRFLOW_CTX_EXECUTION_DATE='2024-10-25T02:35:59.947014+00:00' AIRFLOW_CTX_TRY_NUMBER='1' AIRFLOW_CTX_DAG_RUN_ID='manual__2024-10-25T02:35:59.947014+00:00'
[2024-10-25T02:36:06.172+0000] {taskinstance.py:731} INFO - ::endgroup::
[2024-10-25T02:36:06.212+0000] {logging_mixin.py:190} INFO - Nenhum novo registro para inserir.
[2024-10-25T02:36:06.238+0000] {logging_mixin.py:190} INFO - Total de documentos na coleção 'clientes': 0
[2024-10-25T02:36:06.239+0000] {python.py:240} INFO - Done. Returned value was: None
[2024-10-25T02:36:06.253+0000] {taskinstance.py:340} INFO - ::group::Post task execution logs
[2024-10-25T02:36:06.254+0000] {taskinstance.py:352} INFO - Marking task as SUCCESS. dag_id=inserir_dados_mongodb, task_id=insert_data_to_mongo, run_id=manual__2024-10-25T02:35:59.947014+00:00, execution_date=20241025T023559, start_date=20241025T023605, end_date=20241025T023606
[2024-10-25T02:36:06.322+0000] {local_task_job_runner.py:266} INFO - Task exited with return code 0
[2024-10-25T02:36:06.348+0000] {taskinstance.py:3900} INFO - 0 downstream tasks scheduled from follow-on schedule check
[2024-10-25T02:36:06.353+0000] {local_task_job_runner.py:245} INFO - ::endgroup::
