[2024-09-28T19:52:52.174+0000] {processor.py:186} INFO - Started process (PID=109) to work on /home/airflow/.local/lib/python3.12/site-packages/airflow/example_dags/example_skip_dag.py
[2024-09-28T19:52:52.175+0000] {processor.py:914} INFO - Processing file /home/airflow/.local/lib/python3.12/site-packages/airflow/example_dags/example_skip_dag.py for tasks to queue
[2024-09-28T19:52:52.176+0000] {logging_mixin.py:190} INFO - [2024-09-28T19:52:52.176+0000] {dagbag.py:588} INFO - Filling up the DagBag from /home/airflow/.local/lib/python3.12/site-packages/airflow/example_dags/example_skip_dag.py
[2024-09-28T19:52:52.182+0000] {processor.py:925} INFO - DAG(s) 'example_skip_dag' retrieved from /home/airflow/.local/lib/python3.12/site-packages/airflow/example_dags/example_skip_dag.py
[2024-09-28T19:52:52.245+0000] {logging_mixin.py:190} INFO - [2024-09-28T19:52:52.244+0000] {override.py:1900} INFO - Created Permission View: can edit on DAG:example_skip_dag
[2024-09-28T19:52:52.251+0000] {logging_mixin.py:190} INFO - [2024-09-28T19:52:52.251+0000] {override.py:1900} INFO - Created Permission View: can delete on DAG:example_skip_dag
[2024-09-28T19:52:52.256+0000] {logging_mixin.py:190} INFO - [2024-09-28T19:52:52.255+0000] {override.py:1900} INFO - Created Permission View: can read on DAG:example_skip_dag
[2024-09-28T19:52:52.260+0000] {logging_mixin.py:190} INFO - [2024-09-28T19:52:52.260+0000] {override.py:1900} INFO - Created Permission View: can delete on DAG Run:example_skip_dag
[2024-09-28T19:52:52.276+0000] {logging_mixin.py:190} INFO - [2024-09-28T19:52:52.276+0000] {override.py:1900} INFO - Created Permission View: can read on DAG Run:example_skip_dag
[2024-09-28T19:52:52.281+0000] {logging_mixin.py:190} INFO - [2024-09-28T19:52:52.281+0000] {override.py:1900} INFO - Created Permission View: can create on DAG Run:example_skip_dag
[2024-09-28T19:52:52.285+0000] {logging_mixin.py:190} INFO - [2024-09-28T19:52:52.285+0000] {override.py:1900} INFO - Created Permission View: menu access on DAG Run:example_skip_dag
[2024-09-28T19:52:52.290+0000] {logging_mixin.py:190} INFO - [2024-09-28T19:52:52.290+0000] {dag.py:3239} INFO - Sync 1 DAGs
[2024-09-28T19:52:52.298+0000] {logging_mixin.py:190} INFO - [2024-09-28T19:52:52.298+0000] {dag.py:3262} INFO - Creating ORM DAG for example_skip_dag
[2024-09-28T19:52:52.309+0000] {logging_mixin.py:190} INFO - [2024-09-28T19:52:52.308+0000] {dag.py:4180} INFO - Setting next_dagrun for example_skip_dag to 2024-09-27 00:00:00+00:00, run_after=2024-09-28 00:00:00+00:00
[2024-09-28T19:52:52.322+0000] {processor.py:208} INFO - Processing /home/airflow/.local/lib/python3.12/site-packages/airflow/example_dags/example_skip_dag.py took 0.152 seconds
[2024-09-28T19:53:22.902+0000] {processor.py:186} INFO - Started process (PID=175) to work on /home/airflow/.local/lib/python3.12/site-packages/airflow/example_dags/example_skip_dag.py
[2024-09-28T19:53:22.904+0000] {processor.py:914} INFO - Processing file /home/airflow/.local/lib/python3.12/site-packages/airflow/example_dags/example_skip_dag.py for tasks to queue
[2024-09-28T19:53:22.909+0000] {logging_mixin.py:190} INFO - [2024-09-28T19:53:22.908+0000] {dagbag.py:588} INFO - Filling up the DagBag from /home/airflow/.local/lib/python3.12/site-packages/airflow/example_dags/example_skip_dag.py
[2024-09-28T19:53:22.917+0000] {processor.py:925} INFO - DAG(s) 'example_skip_dag' retrieved from /home/airflow/.local/lib/python3.12/site-packages/airflow/example_dags/example_skip_dag.py
[2024-09-28T19:53:22.932+0000] {logging_mixin.py:190} INFO - [2024-09-28T19:53:22.932+0000] {dag.py:3239} INFO - Sync 1 DAGs
[2024-09-28T19:53:22.947+0000] {logging_mixin.py:190} INFO - [2024-09-28T19:53:22.947+0000] {dag.py:4180} INFO - Setting next_dagrun for example_skip_dag to 2024-09-27 00:00:00+00:00, run_after=2024-09-28 00:00:00+00:00
[2024-09-28T19:53:22.959+0000] {processor.py:208} INFO - Processing /home/airflow/.local/lib/python3.12/site-packages/airflow/example_dags/example_skip_dag.py took 0.061 seconds
[2024-09-28T19:53:53.092+0000] {processor.py:186} INFO - Started process (PID=239) to work on /home/airflow/.local/lib/python3.12/site-packages/airflow/example_dags/example_skip_dag.py
[2024-09-28T19:53:53.093+0000] {processor.py:914} INFO - Processing file /home/airflow/.local/lib/python3.12/site-packages/airflow/example_dags/example_skip_dag.py for tasks to queue
[2024-09-28T19:53:53.095+0000] {logging_mixin.py:190} INFO - [2024-09-28T19:53:53.095+0000] {dagbag.py:588} INFO - Filling up the DagBag from /home/airflow/.local/lib/python3.12/site-packages/airflow/example_dags/example_skip_dag.py
[2024-09-28T19:53:53.100+0000] {processor.py:925} INFO - DAG(s) 'example_skip_dag' retrieved from /home/airflow/.local/lib/python3.12/site-packages/airflow/example_dags/example_skip_dag.py
[2024-09-28T19:53:53.113+0000] {logging_mixin.py:190} INFO - [2024-09-28T19:53:53.113+0000] {dag.py:3239} INFO - Sync 1 DAGs
[2024-09-28T19:53:53.127+0000] {logging_mixin.py:190} INFO - [2024-09-28T19:53:53.127+0000] {dag.py:4180} INFO - Setting next_dagrun for example_skip_dag to 2024-09-27 00:00:00+00:00, run_after=2024-09-28 00:00:00+00:00
[2024-09-28T19:53:53.139+0000] {processor.py:208} INFO - Processing /home/airflow/.local/lib/python3.12/site-packages/airflow/example_dags/example_skip_dag.py took 0.051 seconds
[2024-09-28T19:54:23.530+0000] {processor.py:186} INFO - Started process (PID=304) to work on /home/airflow/.local/lib/python3.12/site-packages/airflow/example_dags/example_skip_dag.py
[2024-09-28T19:54:23.531+0000] {processor.py:914} INFO - Processing file /home/airflow/.local/lib/python3.12/site-packages/airflow/example_dags/example_skip_dag.py for tasks to queue
[2024-09-28T19:54:23.533+0000] {logging_mixin.py:190} INFO - [2024-09-28T19:54:23.532+0000] {dagbag.py:588} INFO - Filling up the DagBag from /home/airflow/.local/lib/python3.12/site-packages/airflow/example_dags/example_skip_dag.py
[2024-09-28T19:54:23.538+0000] {processor.py:925} INFO - DAG(s) 'example_skip_dag' retrieved from /home/airflow/.local/lib/python3.12/site-packages/airflow/example_dags/example_skip_dag.py
[2024-09-28T19:54:23.553+0000] {logging_mixin.py:190} INFO - [2024-09-28T19:54:23.553+0000] {dag.py:3239} INFO - Sync 1 DAGs
[2024-09-28T19:54:23.571+0000] {logging_mixin.py:190} INFO - [2024-09-28T19:54:23.570+0000] {dag.py:4180} INFO - Setting next_dagrun for example_skip_dag to 2024-09-27 00:00:00+00:00, run_after=2024-09-28 00:00:00+00:00
[2024-09-28T19:54:23.584+0000] {processor.py:208} INFO - Processing /home/airflow/.local/lib/python3.12/site-packages/airflow/example_dags/example_skip_dag.py took 0.058 seconds
[2024-09-28T19:54:53.922+0000] {processor.py:186} INFO - Started process (PID=369) to work on /home/airflow/.local/lib/python3.12/site-packages/airflow/example_dags/example_skip_dag.py
[2024-09-28T19:54:53.923+0000] {processor.py:914} INFO - Processing file /home/airflow/.local/lib/python3.12/site-packages/airflow/example_dags/example_skip_dag.py for tasks to queue
[2024-09-28T19:54:53.925+0000] {logging_mixin.py:190} INFO - [2024-09-28T19:54:53.924+0000] {dagbag.py:588} INFO - Filling up the DagBag from /home/airflow/.local/lib/python3.12/site-packages/airflow/example_dags/example_skip_dag.py
[2024-09-28T19:54:53.930+0000] {processor.py:925} INFO - DAG(s) 'example_skip_dag' retrieved from /home/airflow/.local/lib/python3.12/site-packages/airflow/example_dags/example_skip_dag.py
[2024-09-28T19:54:53.943+0000] {logging_mixin.py:190} INFO - [2024-09-28T19:54:53.943+0000] {dag.py:3239} INFO - Sync 1 DAGs
[2024-09-28T19:54:53.958+0000] {logging_mixin.py:190} INFO - [2024-09-28T19:54:53.957+0000] {dag.py:4180} INFO - Setting next_dagrun for example_skip_dag to 2024-09-27 00:00:00+00:00, run_after=2024-09-28 00:00:00+00:00
[2024-09-28T19:54:53.970+0000] {processor.py:208} INFO - Processing /home/airflow/.local/lib/python3.12/site-packages/airflow/example_dags/example_skip_dag.py took 0.051 seconds
[2024-09-28T19:55:24.275+0000] {processor.py:186} INFO - Started process (PID=434) to work on /home/airflow/.local/lib/python3.12/site-packages/airflow/example_dags/example_skip_dag.py
[2024-09-28T19:55:24.276+0000] {processor.py:914} INFO - Processing file /home/airflow/.local/lib/python3.12/site-packages/airflow/example_dags/example_skip_dag.py for tasks to queue
[2024-09-28T19:55:24.278+0000] {logging_mixin.py:190} INFO - [2024-09-28T19:55:24.278+0000] {dagbag.py:588} INFO - Filling up the DagBag from /home/airflow/.local/lib/python3.12/site-packages/airflow/example_dags/example_skip_dag.py
[2024-09-28T19:55:24.283+0000] {processor.py:925} INFO - DAG(s) 'example_skip_dag' retrieved from /home/airflow/.local/lib/python3.12/site-packages/airflow/example_dags/example_skip_dag.py
[2024-09-28T19:55:24.307+0000] {logging_mixin.py:190} INFO - [2024-09-28T19:55:24.307+0000] {dag.py:3239} INFO - Sync 1 DAGs
[2024-09-28T19:55:24.322+0000] {logging_mixin.py:190} INFO - [2024-09-28T19:55:24.322+0000] {dag.py:4180} INFO - Setting next_dagrun for example_skip_dag to 2024-09-27 00:00:00+00:00, run_after=2024-09-28 00:00:00+00:00
[2024-09-28T19:55:24.335+0000] {processor.py:208} INFO - Processing /home/airflow/.local/lib/python3.12/site-packages/airflow/example_dags/example_skip_dag.py took 0.063 seconds
[2024-09-28T19:55:54.694+0000] {processor.py:186} INFO - Started process (PID=500) to work on /home/airflow/.local/lib/python3.12/site-packages/airflow/example_dags/example_skip_dag.py
[2024-09-28T19:55:54.695+0000] {processor.py:914} INFO - Processing file /home/airflow/.local/lib/python3.12/site-packages/airflow/example_dags/example_skip_dag.py for tasks to queue
[2024-09-28T19:55:54.696+0000] {logging_mixin.py:190} INFO - [2024-09-28T19:55:54.696+0000] {dagbag.py:588} INFO - Filling up the DagBag from /home/airflow/.local/lib/python3.12/site-packages/airflow/example_dags/example_skip_dag.py
[2024-09-28T19:55:54.701+0000] {processor.py:925} INFO - DAG(s) 'example_skip_dag' retrieved from /home/airflow/.local/lib/python3.12/site-packages/airflow/example_dags/example_skip_dag.py
[2024-09-28T19:55:54.714+0000] {logging_mixin.py:190} INFO - [2024-09-28T19:55:54.714+0000] {dag.py:3239} INFO - Sync 1 DAGs
[2024-09-28T19:55:54.730+0000] {logging_mixin.py:190} INFO - [2024-09-28T19:55:54.730+0000] {dag.py:4180} INFO - Setting next_dagrun for example_skip_dag to 2024-09-27 00:00:00+00:00, run_after=2024-09-28 00:00:00+00:00
[2024-09-28T19:55:54.741+0000] {processor.py:208} INFO - Processing /home/airflow/.local/lib/python3.12/site-packages/airflow/example_dags/example_skip_dag.py took 0.051 seconds
[2024-09-28T19:56:25.110+0000] {processor.py:186} INFO - Started process (PID=565) to work on /home/airflow/.local/lib/python3.12/site-packages/airflow/example_dags/example_skip_dag.py
[2024-09-28T19:56:25.111+0000] {processor.py:914} INFO - Processing file /home/airflow/.local/lib/python3.12/site-packages/airflow/example_dags/example_skip_dag.py for tasks to queue
[2024-09-28T19:56:25.113+0000] {logging_mixin.py:190} INFO - [2024-09-28T19:56:25.113+0000] {dagbag.py:588} INFO - Filling up the DagBag from /home/airflow/.local/lib/python3.12/site-packages/airflow/example_dags/example_skip_dag.py
[2024-09-28T19:56:25.118+0000] {processor.py:925} INFO - DAG(s) 'example_skip_dag' retrieved from /home/airflow/.local/lib/python3.12/site-packages/airflow/example_dags/example_skip_dag.py
[2024-09-28T19:56:25.132+0000] {logging_mixin.py:190} INFO - [2024-09-28T19:56:25.132+0000] {dag.py:3239} INFO - Sync 1 DAGs
[2024-09-28T19:56:25.150+0000] {logging_mixin.py:190} INFO - [2024-09-28T19:56:25.150+0000] {dag.py:4180} INFO - Setting next_dagrun for example_skip_dag to 2024-09-27 00:00:00+00:00, run_after=2024-09-28 00:00:00+00:00
[2024-09-28T19:56:25.161+0000] {processor.py:208} INFO - Processing /home/airflow/.local/lib/python3.12/site-packages/airflow/example_dags/example_skip_dag.py took 0.055 seconds
[2024-09-28T19:56:55.463+0000] {processor.py:186} INFO - Started process (PID=630) to work on /home/airflow/.local/lib/python3.12/site-packages/airflow/example_dags/example_skip_dag.py
[2024-09-28T19:56:55.464+0000] {processor.py:914} INFO - Processing file /home/airflow/.local/lib/python3.12/site-packages/airflow/example_dags/example_skip_dag.py for tasks to queue
[2024-09-28T19:56:55.466+0000] {logging_mixin.py:190} INFO - [2024-09-28T19:56:55.466+0000] {dagbag.py:588} INFO - Filling up the DagBag from /home/airflow/.local/lib/python3.12/site-packages/airflow/example_dags/example_skip_dag.py
[2024-09-28T19:56:55.471+0000] {processor.py:925} INFO - DAG(s) 'example_skip_dag' retrieved from /home/airflow/.local/lib/python3.12/site-packages/airflow/example_dags/example_skip_dag.py
[2024-09-28T19:56:55.486+0000] {logging_mixin.py:190} INFO - [2024-09-28T19:56:55.486+0000] {dag.py:3239} INFO - Sync 1 DAGs
[2024-09-28T19:56:55.504+0000] {logging_mixin.py:190} INFO - [2024-09-28T19:56:55.504+0000] {dag.py:4180} INFO - Setting next_dagrun for example_skip_dag to 2024-09-27 00:00:00+00:00, run_after=2024-09-28 00:00:00+00:00
[2024-09-28T19:56:55.520+0000] {processor.py:208} INFO - Processing /home/airflow/.local/lib/python3.12/site-packages/airflow/example_dags/example_skip_dag.py took 0.061 seconds
[2024-09-28T19:57:25.623+0000] {processor.py:186} INFO - Started process (PID=695) to work on /home/airflow/.local/lib/python3.12/site-packages/airflow/example_dags/example_skip_dag.py
[2024-09-28T19:57:25.623+0000] {processor.py:914} INFO - Processing file /home/airflow/.local/lib/python3.12/site-packages/airflow/example_dags/example_skip_dag.py for tasks to queue
[2024-09-28T19:57:25.625+0000] {logging_mixin.py:190} INFO - [2024-09-28T19:57:25.625+0000] {dagbag.py:588} INFO - Filling up the DagBag from /home/airflow/.local/lib/python3.12/site-packages/airflow/example_dags/example_skip_dag.py
[2024-09-28T19:57:25.630+0000] {processor.py:925} INFO - DAG(s) 'example_skip_dag' retrieved from /home/airflow/.local/lib/python3.12/site-packages/airflow/example_dags/example_skip_dag.py
[2024-09-28T19:57:25.643+0000] {logging_mixin.py:190} INFO - [2024-09-28T19:57:25.643+0000] {dag.py:3239} INFO - Sync 1 DAGs
[2024-09-28T19:57:25.659+0000] {logging_mixin.py:190} INFO - [2024-09-28T19:57:25.658+0000] {dag.py:4180} INFO - Setting next_dagrun for example_skip_dag to 2024-09-27 00:00:00+00:00, run_after=2024-09-28 00:00:00+00:00
[2024-09-28T19:57:25.671+0000] {processor.py:208} INFO - Processing /home/airflow/.local/lib/python3.12/site-packages/airflow/example_dags/example_skip_dag.py took 0.052 seconds
[2024-09-28T19:57:56.359+0000] {processor.py:186} INFO - Started process (PID=760) to work on /home/airflow/.local/lib/python3.12/site-packages/airflow/example_dags/example_skip_dag.py
[2024-09-28T19:57:56.362+0000] {processor.py:914} INFO - Processing file /home/airflow/.local/lib/python3.12/site-packages/airflow/example_dags/example_skip_dag.py for tasks to queue
[2024-09-28T19:57:56.364+0000] {logging_mixin.py:190} INFO - [2024-09-28T19:57:56.364+0000] {dagbag.py:588} INFO - Filling up the DagBag from /home/airflow/.local/lib/python3.12/site-packages/airflow/example_dags/example_skip_dag.py
[2024-09-28T19:57:56.373+0000] {processor.py:925} INFO - DAG(s) 'example_skip_dag' retrieved from /home/airflow/.local/lib/python3.12/site-packages/airflow/example_dags/example_skip_dag.py
[2024-09-28T19:57:56.397+0000] {logging_mixin.py:190} INFO - [2024-09-28T19:57:56.397+0000] {dag.py:3239} INFO - Sync 1 DAGs
[2024-09-28T19:57:56.414+0000] {logging_mixin.py:190} INFO - [2024-09-28T19:57:56.414+0000] {dag.py:4180} INFO - Setting next_dagrun for example_skip_dag to 2024-09-27 00:00:00+00:00, run_after=2024-09-28 00:00:00+00:00
[2024-09-28T19:57:56.429+0000] {processor.py:208} INFO - Processing /home/airflow/.local/lib/python3.12/site-packages/airflow/example_dags/example_skip_dag.py took 0.076 seconds
[2024-09-28T19:58:26.693+0000] {processor.py:186} INFO - Started process (PID=825) to work on /home/airflow/.local/lib/python3.12/site-packages/airflow/example_dags/example_skip_dag.py
[2024-09-28T19:58:26.694+0000] {processor.py:914} INFO - Processing file /home/airflow/.local/lib/python3.12/site-packages/airflow/example_dags/example_skip_dag.py for tasks to queue
[2024-09-28T19:58:26.696+0000] {logging_mixin.py:190} INFO - [2024-09-28T19:58:26.696+0000] {dagbag.py:588} INFO - Filling up the DagBag from /home/airflow/.local/lib/python3.12/site-packages/airflow/example_dags/example_skip_dag.py
[2024-09-28T19:58:26.702+0000] {processor.py:925} INFO - DAG(s) 'example_skip_dag' retrieved from /home/airflow/.local/lib/python3.12/site-packages/airflow/example_dags/example_skip_dag.py
[2024-09-28T19:58:26.716+0000] {logging_mixin.py:190} INFO - [2024-09-28T19:58:26.715+0000] {dag.py:3239} INFO - Sync 1 DAGs
[2024-09-28T19:58:26.731+0000] {logging_mixin.py:190} INFO - [2024-09-28T19:58:26.731+0000] {dag.py:4180} INFO - Setting next_dagrun for example_skip_dag to 2024-09-27 00:00:00+00:00, run_after=2024-09-28 00:00:00+00:00
[2024-09-28T19:58:26.743+0000] {processor.py:208} INFO - Processing /home/airflow/.local/lib/python3.12/site-packages/airflow/example_dags/example_skip_dag.py took 0.053 seconds
[2024-09-28T19:58:56.917+0000] {processor.py:186} INFO - Started process (PID=890) to work on /home/airflow/.local/lib/python3.12/site-packages/airflow/example_dags/example_skip_dag.py
[2024-09-28T19:58:56.918+0000] {processor.py:914} INFO - Processing file /home/airflow/.local/lib/python3.12/site-packages/airflow/example_dags/example_skip_dag.py for tasks to queue
[2024-09-28T19:58:56.920+0000] {logging_mixin.py:190} INFO - [2024-09-28T19:58:56.920+0000] {dagbag.py:588} INFO - Filling up the DagBag from /home/airflow/.local/lib/python3.12/site-packages/airflow/example_dags/example_skip_dag.py
[2024-09-28T19:58:56.925+0000] {processor.py:925} INFO - DAG(s) 'example_skip_dag' retrieved from /home/airflow/.local/lib/python3.12/site-packages/airflow/example_dags/example_skip_dag.py
[2024-09-28T19:58:56.939+0000] {logging_mixin.py:190} INFO - [2024-09-28T19:58:56.939+0000] {dag.py:3239} INFO - Sync 1 DAGs
[2024-09-28T19:58:56.957+0000] {logging_mixin.py:190} INFO - [2024-09-28T19:58:56.957+0000] {dag.py:4180} INFO - Setting next_dagrun for example_skip_dag to 2024-09-27 00:00:00+00:00, run_after=2024-09-28 00:00:00+00:00
[2024-09-28T19:58:56.970+0000] {processor.py:208} INFO - Processing /home/airflow/.local/lib/python3.12/site-packages/airflow/example_dags/example_skip_dag.py took 0.056 seconds
[2024-09-28T19:59:27.315+0000] {processor.py:186} INFO - Started process (PID=955) to work on /home/airflow/.local/lib/python3.12/site-packages/airflow/example_dags/example_skip_dag.py
[2024-09-28T19:59:27.316+0000] {processor.py:914} INFO - Processing file /home/airflow/.local/lib/python3.12/site-packages/airflow/example_dags/example_skip_dag.py for tasks to queue
[2024-09-28T19:59:27.317+0000] {logging_mixin.py:190} INFO - [2024-09-28T19:59:27.317+0000] {dagbag.py:588} INFO - Filling up the DagBag from /home/airflow/.local/lib/python3.12/site-packages/airflow/example_dags/example_skip_dag.py
[2024-09-28T19:59:27.322+0000] {processor.py:925} INFO - DAG(s) 'example_skip_dag' retrieved from /home/airflow/.local/lib/python3.12/site-packages/airflow/example_dags/example_skip_dag.py
[2024-09-28T19:59:27.335+0000] {logging_mixin.py:190} INFO - [2024-09-28T19:59:27.335+0000] {dag.py:3239} INFO - Sync 1 DAGs
[2024-09-28T19:59:27.350+0000] {logging_mixin.py:190} INFO - [2024-09-28T19:59:27.350+0000] {dag.py:4180} INFO - Setting next_dagrun for example_skip_dag to 2024-09-27 00:00:00+00:00, run_after=2024-09-28 00:00:00+00:00
[2024-09-28T19:59:27.363+0000] {processor.py:208} INFO - Processing /home/airflow/.local/lib/python3.12/site-packages/airflow/example_dags/example_skip_dag.py took 0.051 seconds
[2024-09-28T19:59:57.945+0000] {processor.py:186} INFO - Started process (PID=1020) to work on /home/airflow/.local/lib/python3.12/site-packages/airflow/example_dags/example_skip_dag.py
[2024-09-28T19:59:57.946+0000] {processor.py:914} INFO - Processing file /home/airflow/.local/lib/python3.12/site-packages/airflow/example_dags/example_skip_dag.py for tasks to queue
[2024-09-28T19:59:57.948+0000] {logging_mixin.py:190} INFO - [2024-09-28T19:59:57.948+0000] {dagbag.py:588} INFO - Filling up the DagBag from /home/airflow/.local/lib/python3.12/site-packages/airflow/example_dags/example_skip_dag.py
[2024-09-28T19:59:57.953+0000] {processor.py:925} INFO - DAG(s) 'example_skip_dag' retrieved from /home/airflow/.local/lib/python3.12/site-packages/airflow/example_dags/example_skip_dag.py
[2024-09-28T19:59:57.967+0000] {logging_mixin.py:190} INFO - [2024-09-28T19:59:57.967+0000] {dag.py:3239} INFO - Sync 1 DAGs
[2024-09-28T19:59:57.981+0000] {logging_mixin.py:190} INFO - [2024-09-28T19:59:57.981+0000] {dag.py:4180} INFO - Setting next_dagrun for example_skip_dag to 2024-09-27 00:00:00+00:00, run_after=2024-09-28 00:00:00+00:00
[2024-09-28T19:59:57.992+0000] {processor.py:208} INFO - Processing /home/airflow/.local/lib/python3.12/site-packages/airflow/example_dags/example_skip_dag.py took 0.050 seconds
[2024-09-28T20:05:10.656+0000] {processor.py:186} INFO - Started process (PID=109) to work on /home/airflow/.local/lib/python3.12/site-packages/airflow/example_dags/example_skip_dag.py
[2024-09-28T20:05:10.657+0000] {processor.py:914} INFO - Processing file /home/airflow/.local/lib/python3.12/site-packages/airflow/example_dags/example_skip_dag.py for tasks to queue
[2024-09-28T20:05:10.659+0000] {logging_mixin.py:190} INFO - [2024-09-28T20:05:10.659+0000] {dagbag.py:588} INFO - Filling up the DagBag from /home/airflow/.local/lib/python3.12/site-packages/airflow/example_dags/example_skip_dag.py
[2024-09-28T20:05:10.666+0000] {processor.py:925} INFO - DAG(s) 'example_skip_dag' retrieved from /home/airflow/.local/lib/python3.12/site-packages/airflow/example_dags/example_skip_dag.py
[2024-09-28T20:05:10.679+0000] {logging_mixin.py:190} INFO - [2024-09-28T20:05:10.679+0000] {dag.py:3239} INFO - Sync 1 DAGs
[2024-09-28T20:05:10.695+0000] {logging_mixin.py:190} INFO - [2024-09-28T20:05:10.694+0000] {dag.py:4180} INFO - Setting next_dagrun for example_skip_dag to 2024-09-27 00:00:00+00:00, run_after=2024-09-28 00:00:00+00:00
[2024-09-28T20:05:10.708+0000] {processor.py:208} INFO - Processing /home/airflow/.local/lib/python3.12/site-packages/airflow/example_dags/example_skip_dag.py took 0.055 seconds
[2024-09-28T20:05:40.973+0000] {processor.py:186} INFO - Started process (PID=174) to work on /home/airflow/.local/lib/python3.12/site-packages/airflow/example_dags/example_skip_dag.py
[2024-09-28T20:05:40.974+0000] {processor.py:914} INFO - Processing file /home/airflow/.local/lib/python3.12/site-packages/airflow/example_dags/example_skip_dag.py for tasks to queue
[2024-09-28T20:05:40.975+0000] {logging_mixin.py:190} INFO - [2024-09-28T20:05:40.975+0000] {dagbag.py:588} INFO - Filling up the DagBag from /home/airflow/.local/lib/python3.12/site-packages/airflow/example_dags/example_skip_dag.py
[2024-09-28T20:05:40.980+0000] {processor.py:925} INFO - DAG(s) 'example_skip_dag' retrieved from /home/airflow/.local/lib/python3.12/site-packages/airflow/example_dags/example_skip_dag.py
[2024-09-28T20:05:40.995+0000] {logging_mixin.py:190} INFO - [2024-09-28T20:05:40.995+0000] {dag.py:3239} INFO - Sync 1 DAGs
[2024-09-28T20:05:41.010+0000] {logging_mixin.py:190} INFO - [2024-09-28T20:05:41.010+0000] {dag.py:4180} INFO - Setting next_dagrun for example_skip_dag to 2024-09-27 00:00:00+00:00, run_after=2024-09-28 00:00:00+00:00
[2024-09-28T20:05:41.023+0000] {processor.py:208} INFO - Processing /home/airflow/.local/lib/python3.12/site-packages/airflow/example_dags/example_skip_dag.py took 0.054 seconds
[2024-09-28T20:06:11.437+0000] {processor.py:186} INFO - Started process (PID=239) to work on /home/airflow/.local/lib/python3.12/site-packages/airflow/example_dags/example_skip_dag.py
[2024-09-28T20:06:11.438+0000] {processor.py:914} INFO - Processing file /home/airflow/.local/lib/python3.12/site-packages/airflow/example_dags/example_skip_dag.py for tasks to queue
[2024-09-28T20:06:11.439+0000] {logging_mixin.py:190} INFO - [2024-09-28T20:06:11.439+0000] {dagbag.py:588} INFO - Filling up the DagBag from /home/airflow/.local/lib/python3.12/site-packages/airflow/example_dags/example_skip_dag.py
[2024-09-28T20:06:11.444+0000] {processor.py:925} INFO - DAG(s) 'example_skip_dag' retrieved from /home/airflow/.local/lib/python3.12/site-packages/airflow/example_dags/example_skip_dag.py
[2024-09-28T20:06:11.458+0000] {logging_mixin.py:190} INFO - [2024-09-28T20:06:11.458+0000] {dag.py:3239} INFO - Sync 1 DAGs
[2024-09-28T20:06:11.472+0000] {logging_mixin.py:190} INFO - [2024-09-28T20:06:11.472+0000] {dag.py:4180} INFO - Setting next_dagrun for example_skip_dag to 2024-09-27 00:00:00+00:00, run_after=2024-09-28 00:00:00+00:00
[2024-09-28T20:06:11.486+0000] {processor.py:208} INFO - Processing /home/airflow/.local/lib/python3.12/site-packages/airflow/example_dags/example_skip_dag.py took 0.053 seconds
[2024-09-28T20:06:41.946+0000] {processor.py:186} INFO - Started process (PID=305) to work on /home/airflow/.local/lib/python3.12/site-packages/airflow/example_dags/example_skip_dag.py
[2024-09-28T20:06:41.947+0000] {processor.py:914} INFO - Processing file /home/airflow/.local/lib/python3.12/site-packages/airflow/example_dags/example_skip_dag.py for tasks to queue
[2024-09-28T20:06:41.948+0000] {logging_mixin.py:190} INFO - [2024-09-28T20:06:41.948+0000] {dagbag.py:588} INFO - Filling up the DagBag from /home/airflow/.local/lib/python3.12/site-packages/airflow/example_dags/example_skip_dag.py
[2024-09-28T20:06:41.955+0000] {processor.py:925} INFO - DAG(s) 'example_skip_dag' retrieved from /home/airflow/.local/lib/python3.12/site-packages/airflow/example_dags/example_skip_dag.py
[2024-09-28T20:06:41.970+0000] {logging_mixin.py:190} INFO - [2024-09-28T20:06:41.969+0000] {dag.py:3239} INFO - Sync 1 DAGs
[2024-09-28T20:06:41.989+0000] {logging_mixin.py:190} INFO - [2024-09-28T20:06:41.989+0000] {dag.py:4180} INFO - Setting next_dagrun for example_skip_dag to 2024-09-27 00:00:00+00:00, run_after=2024-09-28 00:00:00+00:00
[2024-09-28T20:06:42.006+0000] {processor.py:208} INFO - Processing /home/airflow/.local/lib/python3.12/site-packages/airflow/example_dags/example_skip_dag.py took 0.064 seconds
[2024-09-28T20:07:12.274+0000] {processor.py:186} INFO - Started process (PID=370) to work on /home/airflow/.local/lib/python3.12/site-packages/airflow/example_dags/example_skip_dag.py
[2024-09-28T20:07:12.275+0000] {processor.py:914} INFO - Processing file /home/airflow/.local/lib/python3.12/site-packages/airflow/example_dags/example_skip_dag.py for tasks to queue
[2024-09-28T20:07:12.277+0000] {logging_mixin.py:190} INFO - [2024-09-28T20:07:12.276+0000] {dagbag.py:588} INFO - Filling up the DagBag from /home/airflow/.local/lib/python3.12/site-packages/airflow/example_dags/example_skip_dag.py
[2024-09-28T20:07:12.281+0000] {processor.py:925} INFO - DAG(s) 'example_skip_dag' retrieved from /home/airflow/.local/lib/python3.12/site-packages/airflow/example_dags/example_skip_dag.py
[2024-09-28T20:07:12.295+0000] {logging_mixin.py:190} INFO - [2024-09-28T20:07:12.295+0000] {dag.py:3239} INFO - Sync 1 DAGs
[2024-09-28T20:07:12.310+0000] {logging_mixin.py:190} INFO - [2024-09-28T20:07:12.310+0000] {dag.py:4180} INFO - Setting next_dagrun for example_skip_dag to 2024-09-27 00:00:00+00:00, run_after=2024-09-28 00:00:00+00:00
[2024-09-28T20:07:12.321+0000] {processor.py:208} INFO - Processing /home/airflow/.local/lib/python3.12/site-packages/airflow/example_dags/example_skip_dag.py took 0.050 seconds
[2024-09-28T20:07:43.848+0000] {processor.py:186} INFO - Started process (PID=436) to work on /home/airflow/.local/lib/python3.12/site-packages/airflow/example_dags/example_skip_dag.py
[2024-09-28T20:07:43.849+0000] {processor.py:914} INFO - Processing file /home/airflow/.local/lib/python3.12/site-packages/airflow/example_dags/example_skip_dag.py for tasks to queue
[2024-09-28T20:07:43.850+0000] {logging_mixin.py:190} INFO - [2024-09-28T20:07:43.850+0000] {dagbag.py:588} INFO - Filling up the DagBag from /home/airflow/.local/lib/python3.12/site-packages/airflow/example_dags/example_skip_dag.py
[2024-09-28T20:07:43.857+0000] {processor.py:925} INFO - DAG(s) 'example_skip_dag' retrieved from /home/airflow/.local/lib/python3.12/site-packages/airflow/example_dags/example_skip_dag.py
[2024-09-28T20:07:43.873+0000] {logging_mixin.py:190} INFO - [2024-09-28T20:07:43.872+0000] {dag.py:3239} INFO - Sync 1 DAGs
[2024-09-28T20:07:43.888+0000] {logging_mixin.py:190} INFO - [2024-09-28T20:07:43.888+0000] {dag.py:4180} INFO - Setting next_dagrun for example_skip_dag to 2024-09-27 00:00:00+00:00, run_after=2024-09-28 00:00:00+00:00
[2024-09-28T20:07:43.899+0000] {processor.py:208} INFO - Processing /home/airflow/.local/lib/python3.12/site-packages/airflow/example_dags/example_skip_dag.py took 0.055 seconds
[2024-09-28T20:08:14.218+0000] {processor.py:186} INFO - Started process (PID=501) to work on /home/airflow/.local/lib/python3.12/site-packages/airflow/example_dags/example_skip_dag.py
[2024-09-28T20:08:14.219+0000] {processor.py:914} INFO - Processing file /home/airflow/.local/lib/python3.12/site-packages/airflow/example_dags/example_skip_dag.py for tasks to queue
[2024-09-28T20:08:14.223+0000] {logging_mixin.py:190} INFO - [2024-09-28T20:08:14.223+0000] {dagbag.py:588} INFO - Filling up the DagBag from /home/airflow/.local/lib/python3.12/site-packages/airflow/example_dags/example_skip_dag.py
[2024-09-28T20:08:14.230+0000] {processor.py:925} INFO - DAG(s) 'example_skip_dag' retrieved from /home/airflow/.local/lib/python3.12/site-packages/airflow/example_dags/example_skip_dag.py
[2024-09-28T20:08:14.254+0000] {logging_mixin.py:190} INFO - [2024-09-28T20:08:14.254+0000] {dag.py:3239} INFO - Sync 1 DAGs
[2024-09-28T20:08:14.271+0000] {logging_mixin.py:190} INFO - [2024-09-28T20:08:14.271+0000] {dag.py:4180} INFO - Setting next_dagrun for example_skip_dag to 2024-09-27 00:00:00+00:00, run_after=2024-09-28 00:00:00+00:00
[2024-09-28T20:08:14.285+0000] {processor.py:208} INFO - Processing /home/airflow/.local/lib/python3.12/site-packages/airflow/example_dags/example_skip_dag.py took 0.071 seconds
[2024-09-28T20:08:45.039+0000] {processor.py:186} INFO - Started process (PID=566) to work on /home/airflow/.local/lib/python3.12/site-packages/airflow/example_dags/example_skip_dag.py
[2024-09-28T20:08:45.040+0000] {processor.py:914} INFO - Processing file /home/airflow/.local/lib/python3.12/site-packages/airflow/example_dags/example_skip_dag.py for tasks to queue
[2024-09-28T20:08:45.042+0000] {logging_mixin.py:190} INFO - [2024-09-28T20:08:45.042+0000] {dagbag.py:588} INFO - Filling up the DagBag from /home/airflow/.local/lib/python3.12/site-packages/airflow/example_dags/example_skip_dag.py
[2024-09-28T20:08:45.048+0000] {processor.py:925} INFO - DAG(s) 'example_skip_dag' retrieved from /home/airflow/.local/lib/python3.12/site-packages/airflow/example_dags/example_skip_dag.py
[2024-09-28T20:08:45.062+0000] {logging_mixin.py:190} INFO - [2024-09-28T20:08:45.062+0000] {dag.py:3239} INFO - Sync 1 DAGs
[2024-09-28T20:08:45.085+0000] {logging_mixin.py:190} INFO - [2024-09-28T20:08:45.085+0000] {dag.py:4180} INFO - Setting next_dagrun for example_skip_dag to 2024-09-27 00:00:00+00:00, run_after=2024-09-28 00:00:00+00:00
[2024-09-28T20:08:45.099+0000] {processor.py:208} INFO - Processing /home/airflow/.local/lib/python3.12/site-packages/airflow/example_dags/example_skip_dag.py took 0.064 seconds
[2024-09-28T20:09:15.874+0000] {processor.py:186} INFO - Started process (PID=631) to work on /home/airflow/.local/lib/python3.12/site-packages/airflow/example_dags/example_skip_dag.py
[2024-09-28T20:09:15.875+0000] {processor.py:914} INFO - Processing file /home/airflow/.local/lib/python3.12/site-packages/airflow/example_dags/example_skip_dag.py for tasks to queue
[2024-09-28T20:09:15.876+0000] {logging_mixin.py:190} INFO - [2024-09-28T20:09:15.876+0000] {dagbag.py:588} INFO - Filling up the DagBag from /home/airflow/.local/lib/python3.12/site-packages/airflow/example_dags/example_skip_dag.py
[2024-09-28T20:09:15.882+0000] {processor.py:925} INFO - DAG(s) 'example_skip_dag' retrieved from /home/airflow/.local/lib/python3.12/site-packages/airflow/example_dags/example_skip_dag.py
[2024-09-28T20:09:15.908+0000] {logging_mixin.py:190} INFO - [2024-09-28T20:09:15.908+0000] {dag.py:3239} INFO - Sync 1 DAGs
[2024-09-28T20:09:15.925+0000] {logging_mixin.py:190} INFO - [2024-09-28T20:09:15.925+0000] {dag.py:4180} INFO - Setting next_dagrun for example_skip_dag to 2024-09-27 00:00:00+00:00, run_after=2024-09-28 00:00:00+00:00
[2024-09-28T20:09:15.938+0000] {processor.py:208} INFO - Processing /home/airflow/.local/lib/python3.12/site-packages/airflow/example_dags/example_skip_dag.py took 0.068 seconds
[2024-09-28T20:09:46.683+0000] {processor.py:186} INFO - Started process (PID=696) to work on /home/airflow/.local/lib/python3.12/site-packages/airflow/example_dags/example_skip_dag.py
[2024-09-28T20:09:46.684+0000] {processor.py:914} INFO - Processing file /home/airflow/.local/lib/python3.12/site-packages/airflow/example_dags/example_skip_dag.py for tasks to queue
[2024-09-28T20:09:46.686+0000] {logging_mixin.py:190} INFO - [2024-09-28T20:09:46.685+0000] {dagbag.py:588} INFO - Filling up the DagBag from /home/airflow/.local/lib/python3.12/site-packages/airflow/example_dags/example_skip_dag.py
[2024-09-28T20:09:46.690+0000] {processor.py:925} INFO - DAG(s) 'example_skip_dag' retrieved from /home/airflow/.local/lib/python3.12/site-packages/airflow/example_dags/example_skip_dag.py
[2024-09-28T20:09:46.704+0000] {logging_mixin.py:190} INFO - [2024-09-28T20:09:46.704+0000] {dag.py:3239} INFO - Sync 1 DAGs
[2024-09-28T20:09:46.724+0000] {logging_mixin.py:190} INFO - [2024-09-28T20:09:46.724+0000] {dag.py:4180} INFO - Setting next_dagrun for example_skip_dag to 2024-09-27 00:00:00+00:00, run_after=2024-09-28 00:00:00+00:00
[2024-09-28T20:09:46.737+0000] {processor.py:208} INFO - Processing /home/airflow/.local/lib/python3.12/site-packages/airflow/example_dags/example_skip_dag.py took 0.058 seconds
[2024-09-28T20:10:17.033+0000] {processor.py:186} INFO - Started process (PID=762) to work on /home/airflow/.local/lib/python3.12/site-packages/airflow/example_dags/example_skip_dag.py
[2024-09-28T20:10:17.033+0000] {processor.py:914} INFO - Processing file /home/airflow/.local/lib/python3.12/site-packages/airflow/example_dags/example_skip_dag.py for tasks to queue
[2024-09-28T20:10:17.035+0000] {logging_mixin.py:190} INFO - [2024-09-28T20:10:17.035+0000] {dagbag.py:588} INFO - Filling up the DagBag from /home/airflow/.local/lib/python3.12/site-packages/airflow/example_dags/example_skip_dag.py
[2024-09-28T20:10:17.040+0000] {processor.py:925} INFO - DAG(s) 'example_skip_dag' retrieved from /home/airflow/.local/lib/python3.12/site-packages/airflow/example_dags/example_skip_dag.py
[2024-09-28T20:10:17.054+0000] {logging_mixin.py:190} INFO - [2024-09-28T20:10:17.054+0000] {dag.py:3239} INFO - Sync 1 DAGs
[2024-09-28T20:10:17.069+0000] {logging_mixin.py:190} INFO - [2024-09-28T20:10:17.069+0000] {dag.py:4180} INFO - Setting next_dagrun for example_skip_dag to 2024-09-27 00:00:00+00:00, run_after=2024-09-28 00:00:00+00:00
[2024-09-28T20:10:17.081+0000] {processor.py:208} INFO - Processing /home/airflow/.local/lib/python3.12/site-packages/airflow/example_dags/example_skip_dag.py took 0.053 seconds
[2024-09-28T20:10:47.191+0000] {processor.py:186} INFO - Started process (PID=828) to work on /home/airflow/.local/lib/python3.12/site-packages/airflow/example_dags/example_skip_dag.py
[2024-09-28T20:10:47.192+0000] {processor.py:914} INFO - Processing file /home/airflow/.local/lib/python3.12/site-packages/airflow/example_dags/example_skip_dag.py for tasks to queue
[2024-09-28T20:10:47.193+0000] {logging_mixin.py:190} INFO - [2024-09-28T20:10:47.193+0000] {dagbag.py:588} INFO - Filling up the DagBag from /home/airflow/.local/lib/python3.12/site-packages/airflow/example_dags/example_skip_dag.py
[2024-09-28T20:10:47.200+0000] {processor.py:925} INFO - DAG(s) 'example_skip_dag' retrieved from /home/airflow/.local/lib/python3.12/site-packages/airflow/example_dags/example_skip_dag.py
[2024-09-28T20:10:47.215+0000] {logging_mixin.py:190} INFO - [2024-09-28T20:10:47.215+0000] {dag.py:3239} INFO - Sync 1 DAGs
[2024-09-28T20:10:47.230+0000] {logging_mixin.py:190} INFO - [2024-09-28T20:10:47.230+0000] {dag.py:4180} INFO - Setting next_dagrun for example_skip_dag to 2024-09-27 00:00:00+00:00, run_after=2024-09-28 00:00:00+00:00
[2024-09-28T20:10:47.243+0000] {processor.py:208} INFO - Processing /home/airflow/.local/lib/python3.12/site-packages/airflow/example_dags/example_skip_dag.py took 0.056 seconds
[2024-09-28T20:11:17.659+0000] {processor.py:186} INFO - Started process (PID=898) to work on /home/airflow/.local/lib/python3.12/site-packages/airflow/example_dags/example_skip_dag.py
[2024-09-28T20:11:17.661+0000] {processor.py:914} INFO - Processing file /home/airflow/.local/lib/python3.12/site-packages/airflow/example_dags/example_skip_dag.py for tasks to queue
[2024-09-28T20:11:17.663+0000] {logging_mixin.py:190} INFO - [2024-09-28T20:11:17.663+0000] {dagbag.py:588} INFO - Filling up the DagBag from /home/airflow/.local/lib/python3.12/site-packages/airflow/example_dags/example_skip_dag.py
[2024-09-28T20:11:17.674+0000] {processor.py:925} INFO - DAG(s) 'example_skip_dag' retrieved from /home/airflow/.local/lib/python3.12/site-packages/airflow/example_dags/example_skip_dag.py
[2024-09-28T20:11:17.694+0000] {logging_mixin.py:190} INFO - [2024-09-28T20:11:17.694+0000] {dag.py:3239} INFO - Sync 1 DAGs
[2024-09-28T20:11:17.718+0000] {logging_mixin.py:190} INFO - [2024-09-28T20:11:17.717+0000] {dag.py:4180} INFO - Setting next_dagrun for example_skip_dag to 2024-09-27 00:00:00+00:00, run_after=2024-09-28 00:00:00+00:00
[2024-09-28T20:11:17.739+0000] {processor.py:208} INFO - Processing /home/airflow/.local/lib/python3.12/site-packages/airflow/example_dags/example_skip_dag.py took 0.084 seconds
[2024-09-28T20:11:47.996+0000] {processor.py:186} INFO - Started process (PID=964) to work on /home/airflow/.local/lib/python3.12/site-packages/airflow/example_dags/example_skip_dag.py
[2024-09-28T20:11:47.997+0000] {processor.py:914} INFO - Processing file /home/airflow/.local/lib/python3.12/site-packages/airflow/example_dags/example_skip_dag.py for tasks to queue
[2024-09-28T20:11:47.999+0000] {logging_mixin.py:190} INFO - [2024-09-28T20:11:47.999+0000] {dagbag.py:588} INFO - Filling up the DagBag from /home/airflow/.local/lib/python3.12/site-packages/airflow/example_dags/example_skip_dag.py
[2024-09-28T20:11:48.004+0000] {processor.py:925} INFO - DAG(s) 'example_skip_dag' retrieved from /home/airflow/.local/lib/python3.12/site-packages/airflow/example_dags/example_skip_dag.py
[2024-09-28T20:11:48.019+0000] {logging_mixin.py:190} INFO - [2024-09-28T20:11:48.019+0000] {dag.py:3239} INFO - Sync 1 DAGs
[2024-09-28T20:11:48.036+0000] {logging_mixin.py:190} INFO - [2024-09-28T20:11:48.036+0000] {dag.py:4180} INFO - Setting next_dagrun for example_skip_dag to 2024-09-27 00:00:00+00:00, run_after=2024-09-28 00:00:00+00:00
[2024-09-28T20:11:48.048+0000] {processor.py:208} INFO - Processing /home/airflow/.local/lib/python3.12/site-packages/airflow/example_dags/example_skip_dag.py took 0.056 seconds
[2024-09-28T20:12:18.317+0000] {processor.py:186} INFO - Started process (PID=1030) to work on /home/airflow/.local/lib/python3.12/site-packages/airflow/example_dags/example_skip_dag.py
[2024-09-28T20:12:18.318+0000] {processor.py:914} INFO - Processing file /home/airflow/.local/lib/python3.12/site-packages/airflow/example_dags/example_skip_dag.py for tasks to queue
[2024-09-28T20:12:18.320+0000] {logging_mixin.py:190} INFO - [2024-09-28T20:12:18.320+0000] {dagbag.py:588} INFO - Filling up the DagBag from /home/airflow/.local/lib/python3.12/site-packages/airflow/example_dags/example_skip_dag.py
[2024-09-28T20:12:18.325+0000] {processor.py:925} INFO - DAG(s) 'example_skip_dag' retrieved from /home/airflow/.local/lib/python3.12/site-packages/airflow/example_dags/example_skip_dag.py
[2024-09-28T20:12:18.339+0000] {logging_mixin.py:190} INFO - [2024-09-28T20:12:18.339+0000] {dag.py:3239} INFO - Sync 1 DAGs
[2024-09-28T20:12:18.360+0000] {logging_mixin.py:190} INFO - [2024-09-28T20:12:18.360+0000] {dag.py:4180} INFO - Setting next_dagrun for example_skip_dag to 2024-09-27 00:00:00+00:00, run_after=2024-09-28 00:00:00+00:00
[2024-09-28T20:12:18.373+0000] {processor.py:208} INFO - Processing /home/airflow/.local/lib/python3.12/site-packages/airflow/example_dags/example_skip_dag.py took 0.059 seconds
[2024-09-28T20:12:49.281+0000] {processor.py:186} INFO - Started process (PID=1096) to work on /home/airflow/.local/lib/python3.12/site-packages/airflow/example_dags/example_skip_dag.py
[2024-09-28T20:12:49.282+0000] {processor.py:914} INFO - Processing file /home/airflow/.local/lib/python3.12/site-packages/airflow/example_dags/example_skip_dag.py for tasks to queue
[2024-09-28T20:12:49.283+0000] {logging_mixin.py:190} INFO - [2024-09-28T20:12:49.283+0000] {dagbag.py:588} INFO - Filling up the DagBag from /home/airflow/.local/lib/python3.12/site-packages/airflow/example_dags/example_skip_dag.py
[2024-09-28T20:12:49.288+0000] {processor.py:925} INFO - DAG(s) 'example_skip_dag' retrieved from /home/airflow/.local/lib/python3.12/site-packages/airflow/example_dags/example_skip_dag.py
[2024-09-28T20:12:49.302+0000] {logging_mixin.py:190} INFO - [2024-09-28T20:12:49.302+0000] {dag.py:3239} INFO - Sync 1 DAGs
[2024-09-28T20:12:49.316+0000] {logging_mixin.py:190} INFO - [2024-09-28T20:12:49.316+0000] {dag.py:4180} INFO - Setting next_dagrun for example_skip_dag to 2024-09-27 00:00:00+00:00, run_after=2024-09-28 00:00:00+00:00
[2024-09-28T20:12:49.328+0000] {processor.py:208} INFO - Processing /home/airflow/.local/lib/python3.12/site-packages/airflow/example_dags/example_skip_dag.py took 0.051 seconds
[2024-09-28T20:13:19.676+0000] {processor.py:186} INFO - Started process (PID=1162) to work on /home/airflow/.local/lib/python3.12/site-packages/airflow/example_dags/example_skip_dag.py
[2024-09-28T20:13:19.677+0000] {processor.py:914} INFO - Processing file /home/airflow/.local/lib/python3.12/site-packages/airflow/example_dags/example_skip_dag.py for tasks to queue
[2024-09-28T20:13:19.679+0000] {logging_mixin.py:190} INFO - [2024-09-28T20:13:19.678+0000] {dagbag.py:588} INFO - Filling up the DagBag from /home/airflow/.local/lib/python3.12/site-packages/airflow/example_dags/example_skip_dag.py
[2024-09-28T20:13:19.683+0000] {processor.py:925} INFO - DAG(s) 'example_skip_dag' retrieved from /home/airflow/.local/lib/python3.12/site-packages/airflow/example_dags/example_skip_dag.py
[2024-09-28T20:13:19.697+0000] {logging_mixin.py:190} INFO - [2024-09-28T20:13:19.696+0000] {dag.py:3239} INFO - Sync 1 DAGs
[2024-09-28T20:13:19.711+0000] {logging_mixin.py:190} INFO - [2024-09-28T20:13:19.711+0000] {dag.py:4180} INFO - Setting next_dagrun for example_skip_dag to 2024-09-27 00:00:00+00:00, run_after=2024-09-28 00:00:00+00:00
[2024-09-28T20:13:19.725+0000] {processor.py:208} INFO - Processing /home/airflow/.local/lib/python3.12/site-packages/airflow/example_dags/example_skip_dag.py took 0.052 seconds
[2024-09-28T20:13:49.918+0000] {processor.py:186} INFO - Started process (PID=1227) to work on /home/airflow/.local/lib/python3.12/site-packages/airflow/example_dags/example_skip_dag.py
[2024-09-28T20:13:49.919+0000] {processor.py:914} INFO - Processing file /home/airflow/.local/lib/python3.12/site-packages/airflow/example_dags/example_skip_dag.py for tasks to queue
[2024-09-28T20:13:49.920+0000] {logging_mixin.py:190} INFO - [2024-09-28T20:13:49.920+0000] {dagbag.py:588} INFO - Filling up the DagBag from /home/airflow/.local/lib/python3.12/site-packages/airflow/example_dags/example_skip_dag.py
[2024-09-28T20:13:49.925+0000] {processor.py:925} INFO - DAG(s) 'example_skip_dag' retrieved from /home/airflow/.local/lib/python3.12/site-packages/airflow/example_dags/example_skip_dag.py
[2024-09-28T20:13:49.939+0000] {logging_mixin.py:190} INFO - [2024-09-28T20:13:49.938+0000] {dag.py:3239} INFO - Sync 1 DAGs
[2024-09-28T20:13:49.953+0000] {logging_mixin.py:190} INFO - [2024-09-28T20:13:49.953+0000] {dag.py:4180} INFO - Setting next_dagrun for example_skip_dag to 2024-09-27 00:00:00+00:00, run_after=2024-09-28 00:00:00+00:00
[2024-09-28T20:13:49.967+0000] {processor.py:208} INFO - Processing /home/airflow/.local/lib/python3.12/site-packages/airflow/example_dags/example_skip_dag.py took 0.053 seconds
[2024-09-28T20:14:20.258+0000] {processor.py:186} INFO - Started process (PID=1293) to work on /home/airflow/.local/lib/python3.12/site-packages/airflow/example_dags/example_skip_dag.py
[2024-09-28T20:14:20.259+0000] {processor.py:914} INFO - Processing file /home/airflow/.local/lib/python3.12/site-packages/airflow/example_dags/example_skip_dag.py for tasks to queue
[2024-09-28T20:14:20.261+0000] {logging_mixin.py:190} INFO - [2024-09-28T20:14:20.260+0000] {dagbag.py:588} INFO - Filling up the DagBag from /home/airflow/.local/lib/python3.12/site-packages/airflow/example_dags/example_skip_dag.py
[2024-09-28T20:14:20.266+0000] {processor.py:925} INFO - DAG(s) 'example_skip_dag' retrieved from /home/airflow/.local/lib/python3.12/site-packages/airflow/example_dags/example_skip_dag.py
[2024-09-28T20:14:20.281+0000] {logging_mixin.py:190} INFO - [2024-09-28T20:14:20.280+0000] {dag.py:3239} INFO - Sync 1 DAGs
[2024-09-28T20:14:20.295+0000] {logging_mixin.py:190} INFO - [2024-09-28T20:14:20.295+0000] {dag.py:4180} INFO - Setting next_dagrun for example_skip_dag to 2024-09-27 00:00:00+00:00, run_after=2024-09-28 00:00:00+00:00
[2024-09-28T20:14:20.307+0000] {processor.py:208} INFO - Processing /home/airflow/.local/lib/python3.12/site-packages/airflow/example_dags/example_skip_dag.py took 0.053 seconds
[2024-09-28T20:14:50.673+0000] {processor.py:186} INFO - Started process (PID=1359) to work on /home/airflow/.local/lib/python3.12/site-packages/airflow/example_dags/example_skip_dag.py
[2024-09-28T20:14:50.673+0000] {processor.py:914} INFO - Processing file /home/airflow/.local/lib/python3.12/site-packages/airflow/example_dags/example_skip_dag.py for tasks to queue
[2024-09-28T20:14:50.675+0000] {logging_mixin.py:190} INFO - [2024-09-28T20:14:50.675+0000] {dagbag.py:588} INFO - Filling up the DagBag from /home/airflow/.local/lib/python3.12/site-packages/airflow/example_dags/example_skip_dag.py
[2024-09-28T20:14:50.680+0000] {processor.py:925} INFO - DAG(s) 'example_skip_dag' retrieved from /home/airflow/.local/lib/python3.12/site-packages/airflow/example_dags/example_skip_dag.py
[2024-09-28T20:14:50.694+0000] {logging_mixin.py:190} INFO - [2024-09-28T20:14:50.693+0000] {dag.py:3239} INFO - Sync 1 DAGs
[2024-09-28T20:14:50.708+0000] {logging_mixin.py:190} INFO - [2024-09-28T20:14:50.708+0000] {dag.py:4180} INFO - Setting next_dagrun for example_skip_dag to 2024-09-27 00:00:00+00:00, run_after=2024-09-28 00:00:00+00:00
[2024-09-28T20:14:50.720+0000] {processor.py:208} INFO - Processing /home/airflow/.local/lib/python3.12/site-packages/airflow/example_dags/example_skip_dag.py took 0.051 seconds
[2024-09-28T20:15:21.184+0000] {processor.py:186} INFO - Started process (PID=1425) to work on /home/airflow/.local/lib/python3.12/site-packages/airflow/example_dags/example_skip_dag.py
[2024-09-28T20:15:21.185+0000] {processor.py:914} INFO - Processing file /home/airflow/.local/lib/python3.12/site-packages/airflow/example_dags/example_skip_dag.py for tasks to queue
[2024-09-28T20:15:21.186+0000] {logging_mixin.py:190} INFO - [2024-09-28T20:15:21.186+0000] {dagbag.py:588} INFO - Filling up the DagBag from /home/airflow/.local/lib/python3.12/site-packages/airflow/example_dags/example_skip_dag.py
[2024-09-28T20:15:21.191+0000] {processor.py:925} INFO - DAG(s) 'example_skip_dag' retrieved from /home/airflow/.local/lib/python3.12/site-packages/airflow/example_dags/example_skip_dag.py
[2024-09-28T20:15:21.205+0000] {logging_mixin.py:190} INFO - [2024-09-28T20:15:21.204+0000] {dag.py:3239} INFO - Sync 1 DAGs
[2024-09-28T20:15:21.219+0000] {logging_mixin.py:190} INFO - [2024-09-28T20:15:21.219+0000] {dag.py:4180} INFO - Setting next_dagrun for example_skip_dag to 2024-09-27 00:00:00+00:00, run_after=2024-09-28 00:00:00+00:00
[2024-09-28T20:15:21.230+0000] {processor.py:208} INFO - Processing /home/airflow/.local/lib/python3.12/site-packages/airflow/example_dags/example_skip_dag.py took 0.050 seconds
[2024-09-28T20:16:31.341+0000] {processor.py:186} INFO - Started process (PID=130) to work on /home/airflow/.local/lib/python3.12/site-packages/airflow/example_dags/example_skip_dag.py
[2024-09-28T20:16:31.342+0000] {processor.py:914} INFO - Processing file /home/airflow/.local/lib/python3.12/site-packages/airflow/example_dags/example_skip_dag.py for tasks to queue
[2024-09-28T20:16:31.344+0000] {logging_mixin.py:190} INFO - [2024-09-28T20:16:31.344+0000] {dagbag.py:588} INFO - Filling up the DagBag from /home/airflow/.local/lib/python3.12/site-packages/airflow/example_dags/example_skip_dag.py
[2024-09-28T20:16:31.349+0000] {processor.py:925} INFO - DAG(s) 'example_skip_dag' retrieved from /home/airflow/.local/lib/python3.12/site-packages/airflow/example_dags/example_skip_dag.py
[2024-09-28T20:16:31.363+0000] {logging_mixin.py:190} INFO - [2024-09-28T20:16:31.363+0000] {dag.py:3239} INFO - Sync 1 DAGs
[2024-09-28T20:16:31.379+0000] {logging_mixin.py:190} INFO - [2024-09-28T20:16:31.379+0000] {dag.py:4180} INFO - Setting next_dagrun for example_skip_dag to 2024-09-27 00:00:00+00:00, run_after=2024-09-28 00:00:00+00:00
[2024-09-28T20:16:31.391+0000] {processor.py:208} INFO - Processing /home/airflow/.local/lib/python3.12/site-packages/airflow/example_dags/example_skip_dag.py took 0.055 seconds
[2024-09-28T20:17:01.656+0000] {processor.py:186} INFO - Started process (PID=204) to work on /home/airflow/.local/lib/python3.12/site-packages/airflow/example_dags/example_skip_dag.py
[2024-09-28T20:17:01.657+0000] {processor.py:914} INFO - Processing file /home/airflow/.local/lib/python3.12/site-packages/airflow/example_dags/example_skip_dag.py for tasks to queue
[2024-09-28T20:17:01.659+0000] {logging_mixin.py:190} INFO - [2024-09-28T20:17:01.659+0000] {dagbag.py:588} INFO - Filling up the DagBag from /home/airflow/.local/lib/python3.12/site-packages/airflow/example_dags/example_skip_dag.py
[2024-09-28T20:17:01.665+0000] {processor.py:925} INFO - DAG(s) 'example_skip_dag' retrieved from /home/airflow/.local/lib/python3.12/site-packages/airflow/example_dags/example_skip_dag.py
[2024-09-28T20:17:01.682+0000] {logging_mixin.py:190} INFO - [2024-09-28T20:17:01.681+0000] {dag.py:3239} INFO - Sync 1 DAGs
[2024-09-28T20:17:01.699+0000] {logging_mixin.py:190} INFO - [2024-09-28T20:17:01.699+0000] {dag.py:4180} INFO - Setting next_dagrun for example_skip_dag to 2024-09-27 00:00:00+00:00, run_after=2024-09-28 00:00:00+00:00
[2024-09-28T20:17:01.714+0000] {processor.py:208} INFO - Processing /home/airflow/.local/lib/python3.12/site-packages/airflow/example_dags/example_skip_dag.py took 0.062 seconds
[2024-09-28T20:17:32.155+0000] {processor.py:186} INFO - Started process (PID=272) to work on /home/airflow/.local/lib/python3.12/site-packages/airflow/example_dags/example_skip_dag.py
[2024-09-28T20:17:32.156+0000] {processor.py:914} INFO - Processing file /home/airflow/.local/lib/python3.12/site-packages/airflow/example_dags/example_skip_dag.py for tasks to queue
[2024-09-28T20:17:32.157+0000] {logging_mixin.py:190} INFO - [2024-09-28T20:17:32.157+0000] {dagbag.py:588} INFO - Filling up the DagBag from /home/airflow/.local/lib/python3.12/site-packages/airflow/example_dags/example_skip_dag.py
[2024-09-28T20:17:32.163+0000] {processor.py:925} INFO - DAG(s) 'example_skip_dag' retrieved from /home/airflow/.local/lib/python3.12/site-packages/airflow/example_dags/example_skip_dag.py
[2024-09-28T20:17:32.180+0000] {logging_mixin.py:190} INFO - [2024-09-28T20:17:32.180+0000] {dag.py:3239} INFO - Sync 1 DAGs
[2024-09-28T20:17:32.197+0000] {logging_mixin.py:190} INFO - [2024-09-28T20:17:32.197+0000] {dag.py:4180} INFO - Setting next_dagrun for example_skip_dag to 2024-09-27 00:00:00+00:00, run_after=2024-09-28 00:00:00+00:00
[2024-09-28T20:17:32.210+0000] {processor.py:208} INFO - Processing /home/airflow/.local/lib/python3.12/site-packages/airflow/example_dags/example_skip_dag.py took 0.059 seconds
[2024-09-28T20:18:02.542+0000] {processor.py:186} INFO - Started process (PID=340) to work on /home/airflow/.local/lib/python3.12/site-packages/airflow/example_dags/example_skip_dag.py
[2024-09-28T20:18:02.543+0000] {processor.py:914} INFO - Processing file /home/airflow/.local/lib/python3.12/site-packages/airflow/example_dags/example_skip_dag.py for tasks to queue
[2024-09-28T20:18:02.545+0000] {logging_mixin.py:190} INFO - [2024-09-28T20:18:02.545+0000] {dagbag.py:588} INFO - Filling up the DagBag from /home/airflow/.local/lib/python3.12/site-packages/airflow/example_dags/example_skip_dag.py
[2024-09-28T20:18:02.550+0000] {processor.py:925} INFO - DAG(s) 'example_skip_dag' retrieved from /home/airflow/.local/lib/python3.12/site-packages/airflow/example_dags/example_skip_dag.py
[2024-09-28T20:18:02.565+0000] {logging_mixin.py:190} INFO - [2024-09-28T20:18:02.565+0000] {dag.py:3239} INFO - Sync 1 DAGs
[2024-09-28T20:18:02.581+0000] {logging_mixin.py:190} INFO - [2024-09-28T20:18:02.581+0000] {dag.py:4180} INFO - Setting next_dagrun for example_skip_dag to 2024-09-27 00:00:00+00:00, run_after=2024-09-28 00:00:00+00:00
[2024-09-28T20:18:02.593+0000] {processor.py:208} INFO - Processing /home/airflow/.local/lib/python3.12/site-packages/airflow/example_dags/example_skip_dag.py took 0.055 seconds
[2024-09-28T20:18:32.743+0000] {processor.py:186} INFO - Started process (PID=406) to work on /home/airflow/.local/lib/python3.12/site-packages/airflow/example_dags/example_skip_dag.py
[2024-09-28T20:18:32.744+0000] {processor.py:914} INFO - Processing file /home/airflow/.local/lib/python3.12/site-packages/airflow/example_dags/example_skip_dag.py for tasks to queue
[2024-09-28T20:18:32.745+0000] {logging_mixin.py:190} INFO - [2024-09-28T20:18:32.744+0000] {dagbag.py:588} INFO - Filling up the DagBag from /home/airflow/.local/lib/python3.12/site-packages/airflow/example_dags/example_skip_dag.py
[2024-09-28T20:18:32.750+0000] {processor.py:925} INFO - DAG(s) 'example_skip_dag' retrieved from /home/airflow/.local/lib/python3.12/site-packages/airflow/example_dags/example_skip_dag.py
[2024-09-28T20:18:32.763+0000] {logging_mixin.py:190} INFO - [2024-09-28T20:18:32.763+0000] {dag.py:3239} INFO - Sync 1 DAGs
[2024-09-28T20:18:32.777+0000] {logging_mixin.py:190} INFO - [2024-09-28T20:18:32.777+0000] {dag.py:4180} INFO - Setting next_dagrun for example_skip_dag to 2024-09-27 00:00:00+00:00, run_after=2024-09-28 00:00:00+00:00
[2024-09-28T20:18:32.792+0000] {processor.py:208} INFO - Processing /home/airflow/.local/lib/python3.12/site-packages/airflow/example_dags/example_skip_dag.py took 0.053 seconds
[2024-09-28T20:19:03.217+0000] {processor.py:186} INFO - Started process (PID=472) to work on /home/airflow/.local/lib/python3.12/site-packages/airflow/example_dags/example_skip_dag.py
[2024-09-28T20:19:03.218+0000] {processor.py:914} INFO - Processing file /home/airflow/.local/lib/python3.12/site-packages/airflow/example_dags/example_skip_dag.py for tasks to queue
[2024-09-28T20:19:03.219+0000] {logging_mixin.py:190} INFO - [2024-09-28T20:19:03.219+0000] {dagbag.py:588} INFO - Filling up the DagBag from /home/airflow/.local/lib/python3.12/site-packages/airflow/example_dags/example_skip_dag.py
[2024-09-28T20:19:03.225+0000] {processor.py:925} INFO - DAG(s) 'example_skip_dag' retrieved from /home/airflow/.local/lib/python3.12/site-packages/airflow/example_dags/example_skip_dag.py
[2024-09-28T20:19:03.239+0000] {logging_mixin.py:190} INFO - [2024-09-28T20:19:03.239+0000] {dag.py:3239} INFO - Sync 1 DAGs
[2024-09-28T20:19:03.257+0000] {logging_mixin.py:190} INFO - [2024-09-28T20:19:03.257+0000] {dag.py:4180} INFO - Setting next_dagrun for example_skip_dag to 2024-09-27 00:00:00+00:00, run_after=2024-09-28 00:00:00+00:00
[2024-09-28T20:19:03.268+0000] {processor.py:208} INFO - Processing /home/airflow/.local/lib/python3.12/site-packages/airflow/example_dags/example_skip_dag.py took 0.055 seconds
[2024-09-28T20:19:33.555+0000] {processor.py:186} INFO - Started process (PID=538) to work on /home/airflow/.local/lib/python3.12/site-packages/airflow/example_dags/example_skip_dag.py
[2024-09-28T20:19:33.556+0000] {processor.py:914} INFO - Processing file /home/airflow/.local/lib/python3.12/site-packages/airflow/example_dags/example_skip_dag.py for tasks to queue
[2024-09-28T20:19:33.558+0000] {logging_mixin.py:190} INFO - [2024-09-28T20:19:33.557+0000] {dagbag.py:588} INFO - Filling up the DagBag from /home/airflow/.local/lib/python3.12/site-packages/airflow/example_dags/example_skip_dag.py
[2024-09-28T20:19:33.563+0000] {processor.py:925} INFO - DAG(s) 'example_skip_dag' retrieved from /home/airflow/.local/lib/python3.12/site-packages/airflow/example_dags/example_skip_dag.py
[2024-09-28T20:19:33.579+0000] {logging_mixin.py:190} INFO - [2024-09-28T20:19:33.579+0000] {dag.py:3239} INFO - Sync 1 DAGs
[2024-09-28T20:19:33.595+0000] {logging_mixin.py:190} INFO - [2024-09-28T20:19:33.595+0000] {dag.py:4180} INFO - Setting next_dagrun for example_skip_dag to 2024-09-27 00:00:00+00:00, run_after=2024-09-28 00:00:00+00:00
[2024-09-28T20:19:33.612+0000] {processor.py:208} INFO - Processing /home/airflow/.local/lib/python3.12/site-packages/airflow/example_dags/example_skip_dag.py took 0.060 seconds
[2024-09-28T20:20:03.863+0000] {processor.py:186} INFO - Started process (PID=605) to work on /home/airflow/.local/lib/python3.12/site-packages/airflow/example_dags/example_skip_dag.py
[2024-09-28T20:20:03.864+0000] {processor.py:914} INFO - Processing file /home/airflow/.local/lib/python3.12/site-packages/airflow/example_dags/example_skip_dag.py for tasks to queue
[2024-09-28T20:20:03.865+0000] {logging_mixin.py:190} INFO - [2024-09-28T20:20:03.865+0000] {dagbag.py:588} INFO - Filling up the DagBag from /home/airflow/.local/lib/python3.12/site-packages/airflow/example_dags/example_skip_dag.py
[2024-09-28T20:20:03.872+0000] {processor.py:925} INFO - DAG(s) 'example_skip_dag' retrieved from /home/airflow/.local/lib/python3.12/site-packages/airflow/example_dags/example_skip_dag.py
[2024-09-28T20:20:03.887+0000] {logging_mixin.py:190} INFO - [2024-09-28T20:20:03.886+0000] {dag.py:3239} INFO - Sync 1 DAGs
[2024-09-28T20:20:03.902+0000] {logging_mixin.py:190} INFO - [2024-09-28T20:20:03.902+0000] {dag.py:4180} INFO - Setting next_dagrun for example_skip_dag to 2024-09-27 00:00:00+00:00, run_after=2024-09-28 00:00:00+00:00
[2024-09-28T20:20:03.915+0000] {processor.py:208} INFO - Processing /home/airflow/.local/lib/python3.12/site-packages/airflow/example_dags/example_skip_dag.py took 0.057 seconds
[2024-09-28T20:20:34.291+0000] {processor.py:186} INFO - Started process (PID=671) to work on /home/airflow/.local/lib/python3.12/site-packages/airflow/example_dags/example_skip_dag.py
[2024-09-28T20:20:34.292+0000] {processor.py:914} INFO - Processing file /home/airflow/.local/lib/python3.12/site-packages/airflow/example_dags/example_skip_dag.py for tasks to queue
[2024-09-28T20:20:34.293+0000] {logging_mixin.py:190} INFO - [2024-09-28T20:20:34.293+0000] {dagbag.py:588} INFO - Filling up the DagBag from /home/airflow/.local/lib/python3.12/site-packages/airflow/example_dags/example_skip_dag.py
[2024-09-28T20:20:34.299+0000] {processor.py:925} INFO - DAG(s) 'example_skip_dag' retrieved from /home/airflow/.local/lib/python3.12/site-packages/airflow/example_dags/example_skip_dag.py
[2024-09-28T20:20:34.313+0000] {logging_mixin.py:190} INFO - [2024-09-28T20:20:34.313+0000] {dag.py:3239} INFO - Sync 1 DAGs
[2024-09-28T20:20:34.329+0000] {logging_mixin.py:190} INFO - [2024-09-28T20:20:34.329+0000] {dag.py:4180} INFO - Setting next_dagrun for example_skip_dag to 2024-09-27 00:00:00+00:00, run_after=2024-09-28 00:00:00+00:00
[2024-09-28T20:20:34.341+0000] {processor.py:208} INFO - Processing /home/airflow/.local/lib/python3.12/site-packages/airflow/example_dags/example_skip_dag.py took 0.054 seconds
