[2024-09-28T19:52:49.370+0000] {processor.py:186} INFO - Started process (PID=83) to work on /home/airflow/.local/lib/python3.12/site-packages/airflow/example_dags/example_branch_datetime_operator.py
[2024-09-28T19:52:49.371+0000] {processor.py:914} INFO - Processing file /home/airflow/.local/lib/python3.12/site-packages/airflow/example_dags/example_branch_datetime_operator.py for tasks to queue
[2024-09-28T19:52:49.373+0000] {logging_mixin.py:190} INFO - [2024-09-28T19:52:49.372+0000] {dagbag.py:588} INFO - Filling up the DagBag from /home/airflow/.local/lib/python3.12/site-packages/airflow/example_dags/example_branch_datetime_operator.py
[2024-09-28T19:52:49.381+0000] {processor.py:925} INFO - DAG(s) 'example_branch_datetime_operator_2', 'example_branch_datetime_operator', 'example_branch_datetime_operator_3' retrieved from /home/airflow/.local/lib/python3.12/site-packages/airflow/example_dags/example_branch_datetime_operator.py
[2024-09-28T19:52:49.443+0000] {logging_mixin.py:190} INFO - [2024-09-28T19:52:49.443+0000] {override.py:1900} INFO - Created Permission View: can edit on DAG:example_branch_datetime_operator_2
[2024-09-28T19:52:49.451+0000] {logging_mixin.py:190} INFO - [2024-09-28T19:52:49.450+0000] {override.py:1900} INFO - Created Permission View: can delete on DAG:example_branch_datetime_operator_2
[2024-09-28T19:52:49.455+0000] {logging_mixin.py:190} INFO - [2024-09-28T19:52:49.454+0000] {override.py:1900} INFO - Created Permission View: can read on DAG:example_branch_datetime_operator_2
[2024-09-28T19:52:49.459+0000] {logging_mixin.py:190} INFO - [2024-09-28T19:52:49.459+0000] {override.py:1900} INFO - Created Permission View: can delete on DAG Run:example_branch_datetime_operator_2
[2024-09-28T19:52:49.463+0000] {logging_mixin.py:190} INFO - [2024-09-28T19:52:49.463+0000] {override.py:1900} INFO - Created Permission View: can read on DAG Run:example_branch_datetime_operator_2
[2024-09-28T19:52:49.468+0000] {logging_mixin.py:190} INFO - [2024-09-28T19:52:49.468+0000] {override.py:1900} INFO - Created Permission View: can create on DAG Run:example_branch_datetime_operator_2
[2024-09-28T19:52:49.473+0000] {logging_mixin.py:190} INFO - [2024-09-28T19:52:49.473+0000] {override.py:1900} INFO - Created Permission View: menu access on DAG Run:example_branch_datetime_operator_2
[2024-09-28T19:52:49.482+0000] {logging_mixin.py:190} INFO - [2024-09-28T19:52:49.482+0000] {override.py:1900} INFO - Created Permission View: can edit on DAG:example_branch_datetime_operator
[2024-09-28T19:52:49.486+0000] {logging_mixin.py:190} INFO - [2024-09-28T19:52:49.486+0000] {override.py:1900} INFO - Created Permission View: can delete on DAG:example_branch_datetime_operator
[2024-09-28T19:52:49.491+0000] {logging_mixin.py:190} INFO - [2024-09-28T19:52:49.490+0000] {override.py:1900} INFO - Created Permission View: can read on DAG:example_branch_datetime_operator
[2024-09-28T19:52:49.496+0000] {logging_mixin.py:190} INFO - [2024-09-28T19:52:49.495+0000] {override.py:1900} INFO - Created Permission View: can delete on DAG Run:example_branch_datetime_operator
[2024-09-28T19:52:49.500+0000] {logging_mixin.py:190} INFO - [2024-09-28T19:52:49.500+0000] {override.py:1900} INFO - Created Permission View: can read on DAG Run:example_branch_datetime_operator
[2024-09-28T19:52:49.504+0000] {logging_mixin.py:190} INFO - [2024-09-28T19:52:49.504+0000] {override.py:1900} INFO - Created Permission View: can create on DAG Run:example_branch_datetime_operator
[2024-09-28T19:52:49.508+0000] {logging_mixin.py:190} INFO - [2024-09-28T19:52:49.508+0000] {override.py:1900} INFO - Created Permission View: menu access on DAG Run:example_branch_datetime_operator
[2024-09-28T19:52:49.516+0000] {logging_mixin.py:190} INFO - [2024-09-28T19:52:49.516+0000] {override.py:1900} INFO - Created Permission View: can edit on DAG:example_branch_datetime_operator_3
[2024-09-28T19:52:49.526+0000] {logging_mixin.py:190} INFO - [2024-09-28T19:52:49.526+0000] {override.py:1900} INFO - Created Permission View: can delete on DAG:example_branch_datetime_operator_3
[2024-09-28T19:52:49.535+0000] {logging_mixin.py:190} INFO - [2024-09-28T19:52:49.535+0000] {override.py:1900} INFO - Created Permission View: can read on DAG:example_branch_datetime_operator_3
[2024-09-28T19:52:49.574+0000] {logging_mixin.py:190} INFO - [2024-09-28T19:52:49.574+0000] {override.py:1900} INFO - Created Permission View: can delete on DAG Run:example_branch_datetime_operator_3
[2024-09-28T19:52:49.583+0000] {logging_mixin.py:190} INFO - [2024-09-28T19:52:49.583+0000] {override.py:1900} INFO - Created Permission View: can read on DAG Run:example_branch_datetime_operator_3
[2024-09-28T19:52:49.587+0000] {logging_mixin.py:190} INFO - [2024-09-28T19:52:49.587+0000] {override.py:1900} INFO - Created Permission View: can create on DAG Run:example_branch_datetime_operator_3
[2024-09-28T19:52:49.604+0000] {logging_mixin.py:190} INFO - [2024-09-28T19:52:49.604+0000] {override.py:1900} INFO - Created Permission View: menu access on DAG Run:example_branch_datetime_operator_3
[2024-09-28T19:52:49.605+0000] {logging_mixin.py:190} INFO - [2024-09-28T19:52:49.605+0000] {dag.py:3239} INFO - Sync 3 DAGs
[2024-09-28T19:52:49.626+0000] {logging_mixin.py:190} INFO - [2024-09-28T19:52:49.626+0000] {dag.py:3262} INFO - Creating ORM DAG for example_branch_datetime_operator_3
[2024-09-28T19:52:49.636+0000] {logging_mixin.py:190} INFO - [2024-09-28T19:52:49.636+0000] {dag.py:3262} INFO - Creating ORM DAG for example_branch_datetime_operator_2
[2024-09-28T19:52:49.637+0000] {logging_mixin.py:190} INFO - [2024-09-28T19:52:49.637+0000] {dag.py:3262} INFO - Creating ORM DAG for example_branch_datetime_operator
[2024-09-28T19:52:49.645+0000] {logging_mixin.py:190} INFO - [2024-09-28T19:52:49.645+0000] {dag.py:4180} INFO - Setting next_dagrun for example_branch_datetime_operator to 2024-09-27 00:00:00+00:00, run_after=2024-09-28 00:00:00+00:00
[2024-09-28T19:52:49.647+0000] {logging_mixin.py:190} INFO - [2024-09-28T19:52:49.647+0000] {dag.py:4180} INFO - Setting next_dagrun for example_branch_datetime_operator_2 to 2024-09-27 00:00:00+00:00, run_after=2024-09-28 00:00:00+00:00
[2024-09-28T19:52:49.649+0000] {logging_mixin.py:190} INFO - [2024-09-28T19:52:49.649+0000] {dag.py:4180} INFO - Setting next_dagrun for example_branch_datetime_operator_3 to 2024-09-27 00:00:00+00:00, run_after=2024-09-28 00:00:00+00:00
[2024-09-28T19:52:49.668+0000] {processor.py:208} INFO - Processing /home/airflow/.local/lib/python3.12/site-packages/airflow/example_dags/example_branch_datetime_operator.py took 0.301 seconds
[2024-09-28T19:53:20.167+0000] {processor.py:186} INFO - Started process (PID=149) to work on /home/airflow/.local/lib/python3.12/site-packages/airflow/example_dags/example_branch_datetime_operator.py
[2024-09-28T19:53:20.168+0000] {processor.py:914} INFO - Processing file /home/airflow/.local/lib/python3.12/site-packages/airflow/example_dags/example_branch_datetime_operator.py for tasks to queue
[2024-09-28T19:53:20.169+0000] {logging_mixin.py:190} INFO - [2024-09-28T19:53:20.169+0000] {dagbag.py:588} INFO - Filling up the DagBag from /home/airflow/.local/lib/python3.12/site-packages/airflow/example_dags/example_branch_datetime_operator.py
[2024-09-28T19:53:20.176+0000] {processor.py:925} INFO - DAG(s) 'example_branch_datetime_operator', 'example_branch_datetime_operator_2', 'example_branch_datetime_operator_3' retrieved from /home/airflow/.local/lib/python3.12/site-packages/airflow/example_dags/example_branch_datetime_operator.py
[2024-09-28T19:53:20.192+0000] {logging_mixin.py:190} INFO - [2024-09-28T19:53:20.192+0000] {dag.py:3239} INFO - Sync 3 DAGs
[2024-09-28T19:53:20.208+0000] {logging_mixin.py:190} INFO - [2024-09-28T19:53:20.208+0000] {dag.py:4180} INFO - Setting next_dagrun for example_branch_datetime_operator to 2024-09-27 00:00:00+00:00, run_after=2024-09-28 00:00:00+00:00
[2024-09-28T19:53:20.217+0000] {logging_mixin.py:190} INFO - [2024-09-28T19:53:20.217+0000] {dag.py:4180} INFO - Setting next_dagrun for example_branch_datetime_operator_2 to 2024-09-27 00:00:00+00:00, run_after=2024-09-28 00:00:00+00:00
[2024-09-28T19:53:20.219+0000] {logging_mixin.py:190} INFO - [2024-09-28T19:53:20.219+0000] {dag.py:4180} INFO - Setting next_dagrun for example_branch_datetime_operator_3 to 2024-09-27 00:00:00+00:00, run_after=2024-09-28 00:00:00+00:00
[2024-09-28T19:53:20.235+0000] {processor.py:208} INFO - Processing /home/airflow/.local/lib/python3.12/site-packages/airflow/example_dags/example_branch_datetime_operator.py took 0.072 seconds
[2024-09-28T19:53:50.729+0000] {processor.py:186} INFO - Started process (PID=213) to work on /home/airflow/.local/lib/python3.12/site-packages/airflow/example_dags/example_branch_datetime_operator.py
[2024-09-28T19:53:50.730+0000] {processor.py:914} INFO - Processing file /home/airflow/.local/lib/python3.12/site-packages/airflow/example_dags/example_branch_datetime_operator.py for tasks to queue
[2024-09-28T19:53:50.731+0000] {logging_mixin.py:190} INFO - [2024-09-28T19:53:50.731+0000] {dagbag.py:588} INFO - Filling up the DagBag from /home/airflow/.local/lib/python3.12/site-packages/airflow/example_dags/example_branch_datetime_operator.py
[2024-09-28T19:53:50.740+0000] {processor.py:925} INFO - DAG(s) 'example_branch_datetime_operator_3', 'example_branch_datetime_operator_2', 'example_branch_datetime_operator' retrieved from /home/airflow/.local/lib/python3.12/site-packages/airflow/example_dags/example_branch_datetime_operator.py
[2024-09-28T19:53:50.759+0000] {logging_mixin.py:190} INFO - [2024-09-28T19:53:50.759+0000] {dag.py:3239} INFO - Sync 3 DAGs
[2024-09-28T19:53:50.778+0000] {logging_mixin.py:190} INFO - [2024-09-28T19:53:50.778+0000] {dag.py:4180} INFO - Setting next_dagrun for example_branch_datetime_operator to 2024-09-27 00:00:00+00:00, run_after=2024-09-28 00:00:00+00:00
[2024-09-28T19:53:50.782+0000] {logging_mixin.py:190} INFO - [2024-09-28T19:53:50.782+0000] {dag.py:4180} INFO - Setting next_dagrun for example_branch_datetime_operator_2 to 2024-09-27 00:00:00+00:00, run_after=2024-09-28 00:00:00+00:00
[2024-09-28T19:53:50.784+0000] {logging_mixin.py:190} INFO - [2024-09-28T19:53:50.784+0000] {dag.py:4180} INFO - Setting next_dagrun for example_branch_datetime_operator_3 to 2024-09-27 00:00:00+00:00, run_after=2024-09-28 00:00:00+00:00
[2024-09-28T19:53:50.796+0000] {processor.py:208} INFO - Processing /home/airflow/.local/lib/python3.12/site-packages/airflow/example_dags/example_branch_datetime_operator.py took 0.070 seconds
[2024-09-28T19:54:20.921+0000] {processor.py:186} INFO - Started process (PID=277) to work on /home/airflow/.local/lib/python3.12/site-packages/airflow/example_dags/example_branch_datetime_operator.py
[2024-09-28T19:54:20.922+0000] {processor.py:914} INFO - Processing file /home/airflow/.local/lib/python3.12/site-packages/airflow/example_dags/example_branch_datetime_operator.py for tasks to queue
[2024-09-28T19:54:20.923+0000] {logging_mixin.py:190} INFO - [2024-09-28T19:54:20.923+0000] {dagbag.py:588} INFO - Filling up the DagBag from /home/airflow/.local/lib/python3.12/site-packages/airflow/example_dags/example_branch_datetime_operator.py
[2024-09-28T19:54:20.931+0000] {processor.py:925} INFO - DAG(s) 'example_branch_datetime_operator_2', 'example_branch_datetime_operator', 'example_branch_datetime_operator_3' retrieved from /home/airflow/.local/lib/python3.12/site-packages/airflow/example_dags/example_branch_datetime_operator.py
[2024-09-28T19:54:20.951+0000] {logging_mixin.py:190} INFO - [2024-09-28T19:54:20.950+0000] {dag.py:3239} INFO - Sync 3 DAGs
[2024-09-28T19:54:20.967+0000] {logging_mixin.py:190} INFO - [2024-09-28T19:54:20.967+0000] {dag.py:4180} INFO - Setting next_dagrun for example_branch_datetime_operator to 2024-09-27 00:00:00+00:00, run_after=2024-09-28 00:00:00+00:00
[2024-09-28T19:54:20.971+0000] {logging_mixin.py:190} INFO - [2024-09-28T19:54:20.970+0000] {dag.py:4180} INFO - Setting next_dagrun for example_branch_datetime_operator_2 to 2024-09-27 00:00:00+00:00, run_after=2024-09-28 00:00:00+00:00
[2024-09-28T19:54:20.973+0000] {logging_mixin.py:190} INFO - [2024-09-28T19:54:20.973+0000] {dag.py:4180} INFO - Setting next_dagrun for example_branch_datetime_operator_3 to 2024-09-27 00:00:00+00:00, run_after=2024-09-28 00:00:00+00:00
[2024-09-28T19:54:20.985+0000] {processor.py:208} INFO - Processing /home/airflow/.local/lib/python3.12/site-packages/airflow/example_dags/example_branch_datetime_operator.py took 0.068 seconds
[2024-09-28T19:54:51.248+0000] {processor.py:186} INFO - Started process (PID=343) to work on /home/airflow/.local/lib/python3.12/site-packages/airflow/example_dags/example_branch_datetime_operator.py
[2024-09-28T19:54:51.249+0000] {processor.py:914} INFO - Processing file /home/airflow/.local/lib/python3.12/site-packages/airflow/example_dags/example_branch_datetime_operator.py for tasks to queue
[2024-09-28T19:54:51.251+0000] {logging_mixin.py:190} INFO - [2024-09-28T19:54:51.250+0000] {dagbag.py:588} INFO - Filling up the DagBag from /home/airflow/.local/lib/python3.12/site-packages/airflow/example_dags/example_branch_datetime_operator.py
[2024-09-28T19:54:51.258+0000] {processor.py:925} INFO - DAG(s) 'example_branch_datetime_operator_3', 'example_branch_datetime_operator_2', 'example_branch_datetime_operator' retrieved from /home/airflow/.local/lib/python3.12/site-packages/airflow/example_dags/example_branch_datetime_operator.py
[2024-09-28T19:54:51.274+0000] {logging_mixin.py:190} INFO - [2024-09-28T19:54:51.274+0000] {dag.py:3239} INFO - Sync 3 DAGs
[2024-09-28T19:54:51.289+0000] {logging_mixin.py:190} INFO - [2024-09-28T19:54:51.289+0000] {dag.py:4180} INFO - Setting next_dagrun for example_branch_datetime_operator to 2024-09-27 00:00:00+00:00, run_after=2024-09-28 00:00:00+00:00
[2024-09-28T19:54:51.292+0000] {logging_mixin.py:190} INFO - [2024-09-28T19:54:51.292+0000] {dag.py:4180} INFO - Setting next_dagrun for example_branch_datetime_operator_2 to 2024-09-27 00:00:00+00:00, run_after=2024-09-28 00:00:00+00:00
[2024-09-28T19:54:51.294+0000] {logging_mixin.py:190} INFO - [2024-09-28T19:54:51.294+0000] {dag.py:4180} INFO - Setting next_dagrun for example_branch_datetime_operator_3 to 2024-09-27 00:00:00+00:00, run_after=2024-09-28 00:00:00+00:00
[2024-09-28T19:54:51.304+0000] {processor.py:208} INFO - Processing /home/airflow/.local/lib/python3.12/site-packages/airflow/example_dags/example_branch_datetime_operator.py took 0.059 seconds
[2024-09-28T19:55:21.822+0000] {processor.py:186} INFO - Started process (PID=408) to work on /home/airflow/.local/lib/python3.12/site-packages/airflow/example_dags/example_branch_datetime_operator.py
[2024-09-28T19:55:21.823+0000] {processor.py:914} INFO - Processing file /home/airflow/.local/lib/python3.12/site-packages/airflow/example_dags/example_branch_datetime_operator.py for tasks to queue
[2024-09-28T19:55:21.824+0000] {logging_mixin.py:190} INFO - [2024-09-28T19:55:21.824+0000] {dagbag.py:588} INFO - Filling up the DagBag from /home/airflow/.local/lib/python3.12/site-packages/airflow/example_dags/example_branch_datetime_operator.py
[2024-09-28T19:55:21.832+0000] {processor.py:925} INFO - DAG(s) 'example_branch_datetime_operator_3', 'example_branch_datetime_operator_2', 'example_branch_datetime_operator' retrieved from /home/airflow/.local/lib/python3.12/site-packages/airflow/example_dags/example_branch_datetime_operator.py
[2024-09-28T19:55:21.848+0000] {logging_mixin.py:190} INFO - [2024-09-28T19:55:21.848+0000] {dag.py:3239} INFO - Sync 3 DAGs
[2024-09-28T19:55:21.863+0000] {logging_mixin.py:190} INFO - [2024-09-28T19:55:21.863+0000] {dag.py:4180} INFO - Setting next_dagrun for example_branch_datetime_operator to 2024-09-27 00:00:00+00:00, run_after=2024-09-28 00:00:00+00:00
[2024-09-28T19:55:21.867+0000] {logging_mixin.py:190} INFO - [2024-09-28T19:55:21.867+0000] {dag.py:4180} INFO - Setting next_dagrun for example_branch_datetime_operator_2 to 2024-09-27 00:00:00+00:00, run_after=2024-09-28 00:00:00+00:00
[2024-09-28T19:55:21.869+0000] {logging_mixin.py:190} INFO - [2024-09-28T19:55:21.869+0000] {dag.py:4180} INFO - Setting next_dagrun for example_branch_datetime_operator_3 to 2024-09-27 00:00:00+00:00, run_after=2024-09-28 00:00:00+00:00
[2024-09-28T19:55:21.880+0000] {processor.py:208} INFO - Processing /home/airflow/.local/lib/python3.12/site-packages/airflow/example_dags/example_branch_datetime_operator.py took 0.062 seconds
[2024-09-28T19:55:52.105+0000] {processor.py:186} INFO - Started process (PID=474) to work on /home/airflow/.local/lib/python3.12/site-packages/airflow/example_dags/example_branch_datetime_operator.py
[2024-09-28T19:55:52.106+0000] {processor.py:914} INFO - Processing file /home/airflow/.local/lib/python3.12/site-packages/airflow/example_dags/example_branch_datetime_operator.py for tasks to queue
[2024-09-28T19:55:52.108+0000] {logging_mixin.py:190} INFO - [2024-09-28T19:55:52.108+0000] {dagbag.py:588} INFO - Filling up the DagBag from /home/airflow/.local/lib/python3.12/site-packages/airflow/example_dags/example_branch_datetime_operator.py
[2024-09-28T19:55:52.116+0000] {processor.py:925} INFO - DAG(s) 'example_branch_datetime_operator_3', 'example_branch_datetime_operator_2', 'example_branch_datetime_operator' retrieved from /home/airflow/.local/lib/python3.12/site-packages/airflow/example_dags/example_branch_datetime_operator.py
[2024-09-28T19:55:52.136+0000] {logging_mixin.py:190} INFO - [2024-09-28T19:55:52.136+0000] {dag.py:3239} INFO - Sync 3 DAGs
[2024-09-28T19:55:52.154+0000] {logging_mixin.py:190} INFO - [2024-09-28T19:55:52.153+0000] {dag.py:4180} INFO - Setting next_dagrun for example_branch_datetime_operator to 2024-09-27 00:00:00+00:00, run_after=2024-09-28 00:00:00+00:00
[2024-09-28T19:55:52.157+0000] {logging_mixin.py:190} INFO - [2024-09-28T19:55:52.157+0000] {dag.py:4180} INFO - Setting next_dagrun for example_branch_datetime_operator_2 to 2024-09-27 00:00:00+00:00, run_after=2024-09-28 00:00:00+00:00
[2024-09-28T19:55:52.159+0000] {logging_mixin.py:190} INFO - [2024-09-28T19:55:52.159+0000] {dag.py:4180} INFO - Setting next_dagrun for example_branch_datetime_operator_3 to 2024-09-27 00:00:00+00:00, run_after=2024-09-28 00:00:00+00:00
[2024-09-28T19:55:52.172+0000] {processor.py:208} INFO - Processing /home/airflow/.local/lib/python3.12/site-packages/airflow/example_dags/example_branch_datetime_operator.py took 0.071 seconds
[2024-09-28T19:56:22.681+0000] {processor.py:186} INFO - Started process (PID=539) to work on /home/airflow/.local/lib/python3.12/site-packages/airflow/example_dags/example_branch_datetime_operator.py
[2024-09-28T19:56:22.682+0000] {processor.py:914} INFO - Processing file /home/airflow/.local/lib/python3.12/site-packages/airflow/example_dags/example_branch_datetime_operator.py for tasks to queue
[2024-09-28T19:56:22.684+0000] {logging_mixin.py:190} INFO - [2024-09-28T19:56:22.683+0000] {dagbag.py:588} INFO - Filling up the DagBag from /home/airflow/.local/lib/python3.12/site-packages/airflow/example_dags/example_branch_datetime_operator.py
[2024-09-28T19:56:22.692+0000] {processor.py:925} INFO - DAG(s) 'example_branch_datetime_operator_2', 'example_branch_datetime_operator', 'example_branch_datetime_operator_3' retrieved from /home/airflow/.local/lib/python3.12/site-packages/airflow/example_dags/example_branch_datetime_operator.py
[2024-09-28T19:56:22.714+0000] {logging_mixin.py:190} INFO - [2024-09-28T19:56:22.714+0000] {dag.py:3239} INFO - Sync 3 DAGs
[2024-09-28T19:56:22.737+0000] {logging_mixin.py:190} INFO - [2024-09-28T19:56:22.737+0000] {dag.py:4180} INFO - Setting next_dagrun for example_branch_datetime_operator to 2024-09-27 00:00:00+00:00, run_after=2024-09-28 00:00:00+00:00
[2024-09-28T19:56:22.741+0000] {logging_mixin.py:190} INFO - [2024-09-28T19:56:22.741+0000] {dag.py:4180} INFO - Setting next_dagrun for example_branch_datetime_operator_2 to 2024-09-27 00:00:00+00:00, run_after=2024-09-28 00:00:00+00:00
[2024-09-28T19:56:22.743+0000] {logging_mixin.py:190} INFO - [2024-09-28T19:56:22.743+0000] {dag.py:4180} INFO - Setting next_dagrun for example_branch_datetime_operator_3 to 2024-09-27 00:00:00+00:00, run_after=2024-09-28 00:00:00+00:00
[2024-09-28T19:56:22.756+0000] {processor.py:208} INFO - Processing /home/airflow/.local/lib/python3.12/site-packages/airflow/example_dags/example_branch_datetime_operator.py took 0.080 seconds
[2024-09-28T19:56:53.007+0000] {processor.py:186} INFO - Started process (PID=604) to work on /home/airflow/.local/lib/python3.12/site-packages/airflow/example_dags/example_branch_datetime_operator.py
[2024-09-28T19:56:53.008+0000] {processor.py:914} INFO - Processing file /home/airflow/.local/lib/python3.12/site-packages/airflow/example_dags/example_branch_datetime_operator.py for tasks to queue
[2024-09-28T19:56:53.009+0000] {logging_mixin.py:190} INFO - [2024-09-28T19:56:53.009+0000] {dagbag.py:588} INFO - Filling up the DagBag from /home/airflow/.local/lib/python3.12/site-packages/airflow/example_dags/example_branch_datetime_operator.py
[2024-09-28T19:56:53.017+0000] {processor.py:925} INFO - DAG(s) 'example_branch_datetime_operator_2', 'example_branch_datetime_operator', 'example_branch_datetime_operator_3' retrieved from /home/airflow/.local/lib/python3.12/site-packages/airflow/example_dags/example_branch_datetime_operator.py
[2024-09-28T19:56:53.033+0000] {logging_mixin.py:190} INFO - [2024-09-28T19:56:53.033+0000] {dag.py:3239} INFO - Sync 3 DAGs
[2024-09-28T19:56:53.049+0000] {logging_mixin.py:190} INFO - [2024-09-28T19:56:53.049+0000] {dag.py:4180} INFO - Setting next_dagrun for example_branch_datetime_operator to 2024-09-27 00:00:00+00:00, run_after=2024-09-28 00:00:00+00:00
[2024-09-28T19:56:53.053+0000] {logging_mixin.py:190} INFO - [2024-09-28T19:56:53.053+0000] {dag.py:4180} INFO - Setting next_dagrun for example_branch_datetime_operator_2 to 2024-09-27 00:00:00+00:00, run_after=2024-09-28 00:00:00+00:00
[2024-09-28T19:56:53.055+0000] {logging_mixin.py:190} INFO - [2024-09-28T19:56:53.055+0000] {dag.py:4180} INFO - Setting next_dagrun for example_branch_datetime_operator_3 to 2024-09-27 00:00:00+00:00, run_after=2024-09-28 00:00:00+00:00
[2024-09-28T19:56:53.066+0000] {processor.py:208} INFO - Processing /home/airflow/.local/lib/python3.12/site-packages/airflow/example_dags/example_branch_datetime_operator.py took 0.063 seconds
[2024-09-28T19:57:23.196+0000] {processor.py:186} INFO - Started process (PID=669) to work on /home/airflow/.local/lib/python3.12/site-packages/airflow/example_dags/example_branch_datetime_operator.py
[2024-09-28T19:57:23.198+0000] {processor.py:914} INFO - Processing file /home/airflow/.local/lib/python3.12/site-packages/airflow/example_dags/example_branch_datetime_operator.py for tasks to queue
[2024-09-28T19:57:23.200+0000] {logging_mixin.py:190} INFO - [2024-09-28T19:57:23.200+0000] {dagbag.py:588} INFO - Filling up the DagBag from /home/airflow/.local/lib/python3.12/site-packages/airflow/example_dags/example_branch_datetime_operator.py
[2024-09-28T19:57:23.208+0000] {processor.py:925} INFO - DAG(s) 'example_branch_datetime_operator_3', 'example_branch_datetime_operator_2', 'example_branch_datetime_operator' retrieved from /home/airflow/.local/lib/python3.12/site-packages/airflow/example_dags/example_branch_datetime_operator.py
[2024-09-28T19:57:23.225+0000] {logging_mixin.py:190} INFO - [2024-09-28T19:57:23.225+0000] {dag.py:3239} INFO - Sync 3 DAGs
[2024-09-28T19:57:23.241+0000] {logging_mixin.py:190} INFO - [2024-09-28T19:57:23.240+0000] {dag.py:4180} INFO - Setting next_dagrun for example_branch_datetime_operator to 2024-09-27 00:00:00+00:00, run_after=2024-09-28 00:00:00+00:00
[2024-09-28T19:57:23.244+0000] {logging_mixin.py:190} INFO - [2024-09-28T19:57:23.244+0000] {dag.py:4180} INFO - Setting next_dagrun for example_branch_datetime_operator_2 to 2024-09-27 00:00:00+00:00, run_after=2024-09-28 00:00:00+00:00
[2024-09-28T19:57:23.246+0000] {logging_mixin.py:190} INFO - [2024-09-28T19:57:23.246+0000] {dag.py:4180} INFO - Setting next_dagrun for example_branch_datetime_operator_3 to 2024-09-27 00:00:00+00:00, run_after=2024-09-28 00:00:00+00:00
[2024-09-28T19:57:23.257+0000] {processor.py:208} INFO - Processing /home/airflow/.local/lib/python3.12/site-packages/airflow/example_dags/example_branch_datetime_operator.py took 0.066 seconds
[2024-09-28T19:57:53.799+0000] {processor.py:186} INFO - Started process (PID=734) to work on /home/airflow/.local/lib/python3.12/site-packages/airflow/example_dags/example_branch_datetime_operator.py
[2024-09-28T19:57:53.800+0000] {processor.py:914} INFO - Processing file /home/airflow/.local/lib/python3.12/site-packages/airflow/example_dags/example_branch_datetime_operator.py for tasks to queue
[2024-09-28T19:57:53.801+0000] {logging_mixin.py:190} INFO - [2024-09-28T19:57:53.801+0000] {dagbag.py:588} INFO - Filling up the DagBag from /home/airflow/.local/lib/python3.12/site-packages/airflow/example_dags/example_branch_datetime_operator.py
[2024-09-28T19:57:53.809+0000] {processor.py:925} INFO - DAG(s) 'example_branch_datetime_operator_3', 'example_branch_datetime_operator_2', 'example_branch_datetime_operator' retrieved from /home/airflow/.local/lib/python3.12/site-packages/airflow/example_dags/example_branch_datetime_operator.py
[2024-09-28T19:57:53.828+0000] {logging_mixin.py:190} INFO - [2024-09-28T19:57:53.828+0000] {dag.py:3239} INFO - Sync 3 DAGs
[2024-09-28T19:57:53.844+0000] {logging_mixin.py:190} INFO - [2024-09-28T19:57:53.843+0000] {dag.py:4180} INFO - Setting next_dagrun for example_branch_datetime_operator to 2024-09-27 00:00:00+00:00, run_after=2024-09-28 00:00:00+00:00
[2024-09-28T19:57:53.848+0000] {logging_mixin.py:190} INFO - [2024-09-28T19:57:53.847+0000] {dag.py:4180} INFO - Setting next_dagrun for example_branch_datetime_operator_2 to 2024-09-27 00:00:00+00:00, run_after=2024-09-28 00:00:00+00:00
[2024-09-28T19:57:53.850+0000] {logging_mixin.py:190} INFO - [2024-09-28T19:57:53.849+0000] {dag.py:4180} INFO - Setting next_dagrun for example_branch_datetime_operator_3 to 2024-09-27 00:00:00+00:00, run_after=2024-09-28 00:00:00+00:00
[2024-09-28T19:57:53.863+0000] {processor.py:208} INFO - Processing /home/airflow/.local/lib/python3.12/site-packages/airflow/example_dags/example_branch_datetime_operator.py took 0.068 seconds
[2024-09-28T19:58:24.260+0000] {processor.py:186} INFO - Started process (PID=799) to work on /home/airflow/.local/lib/python3.12/site-packages/airflow/example_dags/example_branch_datetime_operator.py
[2024-09-28T19:58:24.261+0000] {processor.py:914} INFO - Processing file /home/airflow/.local/lib/python3.12/site-packages/airflow/example_dags/example_branch_datetime_operator.py for tasks to queue
[2024-09-28T19:58:24.263+0000] {logging_mixin.py:190} INFO - [2024-09-28T19:58:24.262+0000] {dagbag.py:588} INFO - Filling up the DagBag from /home/airflow/.local/lib/python3.12/site-packages/airflow/example_dags/example_branch_datetime_operator.py
[2024-09-28T19:58:24.270+0000] {processor.py:925} INFO - DAG(s) 'example_branch_datetime_operator_3', 'example_branch_datetime_operator', 'example_branch_datetime_operator_2' retrieved from /home/airflow/.local/lib/python3.12/site-packages/airflow/example_dags/example_branch_datetime_operator.py
[2024-09-28T19:58:24.318+0000] {logging_mixin.py:190} INFO - [2024-09-28T19:58:24.318+0000] {dag.py:3239} INFO - Sync 3 DAGs
[2024-09-28T19:58:24.333+0000] {logging_mixin.py:190} INFO - [2024-09-28T19:58:24.333+0000] {dag.py:4180} INFO - Setting next_dagrun for example_branch_datetime_operator to 2024-09-27 00:00:00+00:00, run_after=2024-09-28 00:00:00+00:00
[2024-09-28T19:58:24.336+0000] {logging_mixin.py:190} INFO - [2024-09-28T19:58:24.336+0000] {dag.py:4180} INFO - Setting next_dagrun for example_branch_datetime_operator_2 to 2024-09-27 00:00:00+00:00, run_after=2024-09-28 00:00:00+00:00
[2024-09-28T19:58:24.338+0000] {logging_mixin.py:190} INFO - [2024-09-28T19:58:24.338+0000] {dag.py:4180} INFO - Setting next_dagrun for example_branch_datetime_operator_3 to 2024-09-27 00:00:00+00:00, run_after=2024-09-28 00:00:00+00:00
[2024-09-28T19:58:24.349+0000] {processor.py:208} INFO - Processing /home/airflow/.local/lib/python3.12/site-packages/airflow/example_dags/example_branch_datetime_operator.py took 0.093 seconds
[2024-09-28T19:58:54.477+0000] {processor.py:186} INFO - Started process (PID=864) to work on /home/airflow/.local/lib/python3.12/site-packages/airflow/example_dags/example_branch_datetime_operator.py
[2024-09-28T19:58:54.478+0000] {processor.py:914} INFO - Processing file /home/airflow/.local/lib/python3.12/site-packages/airflow/example_dags/example_branch_datetime_operator.py for tasks to queue
[2024-09-28T19:58:54.480+0000] {logging_mixin.py:190} INFO - [2024-09-28T19:58:54.480+0000] {dagbag.py:588} INFO - Filling up the DagBag from /home/airflow/.local/lib/python3.12/site-packages/airflow/example_dags/example_branch_datetime_operator.py
[2024-09-28T19:58:54.487+0000] {processor.py:925} INFO - DAG(s) 'example_branch_datetime_operator_3', 'example_branch_datetime_operator_2', 'example_branch_datetime_operator' retrieved from /home/airflow/.local/lib/python3.12/site-packages/airflow/example_dags/example_branch_datetime_operator.py
[2024-09-28T19:58:54.507+0000] {logging_mixin.py:190} INFO - [2024-09-28T19:58:54.507+0000] {dag.py:3239} INFO - Sync 3 DAGs
[2024-09-28T19:58:54.523+0000] {logging_mixin.py:190} INFO - [2024-09-28T19:58:54.522+0000] {dag.py:4180} INFO - Setting next_dagrun for example_branch_datetime_operator to 2024-09-27 00:00:00+00:00, run_after=2024-09-28 00:00:00+00:00
[2024-09-28T19:58:54.526+0000] {logging_mixin.py:190} INFO - [2024-09-28T19:58:54.526+0000] {dag.py:4180} INFO - Setting next_dagrun for example_branch_datetime_operator_2 to 2024-09-27 00:00:00+00:00, run_after=2024-09-28 00:00:00+00:00
[2024-09-28T19:58:54.528+0000] {logging_mixin.py:190} INFO - [2024-09-28T19:58:54.528+0000] {dag.py:4180} INFO - Setting next_dagrun for example_branch_datetime_operator_3 to 2024-09-27 00:00:00+00:00, run_after=2024-09-28 00:00:00+00:00
[2024-09-28T19:58:54.541+0000] {processor.py:208} INFO - Processing /home/airflow/.local/lib/python3.12/site-packages/airflow/example_dags/example_branch_datetime_operator.py took 0.067 seconds
[2024-09-28T19:59:25.036+0000] {processor.py:186} INFO - Started process (PID=929) to work on /home/airflow/.local/lib/python3.12/site-packages/airflow/example_dags/example_branch_datetime_operator.py
[2024-09-28T19:59:25.037+0000] {processor.py:914} INFO - Processing file /home/airflow/.local/lib/python3.12/site-packages/airflow/example_dags/example_branch_datetime_operator.py for tasks to queue
[2024-09-28T19:59:25.040+0000] {logging_mixin.py:190} INFO - [2024-09-28T19:59:25.040+0000] {dagbag.py:588} INFO - Filling up the DagBag from /home/airflow/.local/lib/python3.12/site-packages/airflow/example_dags/example_branch_datetime_operator.py
[2024-09-28T19:59:25.052+0000] {processor.py:925} INFO - DAG(s) 'example_branch_datetime_operator', 'example_branch_datetime_operator_2', 'example_branch_datetime_operator_3' retrieved from /home/airflow/.local/lib/python3.12/site-packages/airflow/example_dags/example_branch_datetime_operator.py
[2024-09-28T19:59:25.071+0000] {logging_mixin.py:190} INFO - [2024-09-28T19:59:25.071+0000] {dag.py:3239} INFO - Sync 3 DAGs
[2024-09-28T19:59:25.086+0000] {logging_mixin.py:190} INFO - [2024-09-28T19:59:25.086+0000] {dag.py:4180} INFO - Setting next_dagrun for example_branch_datetime_operator to 2024-09-27 00:00:00+00:00, run_after=2024-09-28 00:00:00+00:00
[2024-09-28T19:59:25.089+0000] {logging_mixin.py:190} INFO - [2024-09-28T19:59:25.089+0000] {dag.py:4180} INFO - Setting next_dagrun for example_branch_datetime_operator_2 to 2024-09-27 00:00:00+00:00, run_after=2024-09-28 00:00:00+00:00
[2024-09-28T19:59:25.092+0000] {logging_mixin.py:190} INFO - [2024-09-28T19:59:25.092+0000] {dag.py:4180} INFO - Setting next_dagrun for example_branch_datetime_operator_3 to 2024-09-27 00:00:00+00:00, run_after=2024-09-28 00:00:00+00:00
[2024-09-28T19:59:25.104+0000] {processor.py:208} INFO - Processing /home/airflow/.local/lib/python3.12/site-packages/airflow/example_dags/example_branch_datetime_operator.py took 0.071 seconds
[2024-09-28T19:59:55.235+0000] {processor.py:186} INFO - Started process (PID=994) to work on /home/airflow/.local/lib/python3.12/site-packages/airflow/example_dags/example_branch_datetime_operator.py
[2024-09-28T19:59:55.235+0000] {processor.py:914} INFO - Processing file /home/airflow/.local/lib/python3.12/site-packages/airflow/example_dags/example_branch_datetime_operator.py for tasks to queue
[2024-09-28T19:59:55.237+0000] {logging_mixin.py:190} INFO - [2024-09-28T19:59:55.237+0000] {dagbag.py:588} INFO - Filling up the DagBag from /home/airflow/.local/lib/python3.12/site-packages/airflow/example_dags/example_branch_datetime_operator.py
[2024-09-28T19:59:55.244+0000] {processor.py:925} INFO - DAG(s) 'example_branch_datetime_operator_3', 'example_branch_datetime_operator_2', 'example_branch_datetime_operator' retrieved from /home/airflow/.local/lib/python3.12/site-packages/airflow/example_dags/example_branch_datetime_operator.py
[2024-09-28T19:59:55.260+0000] {logging_mixin.py:190} INFO - [2024-09-28T19:59:55.260+0000] {dag.py:3239} INFO - Sync 3 DAGs
[2024-09-28T19:59:55.275+0000] {logging_mixin.py:190} INFO - [2024-09-28T19:59:55.275+0000] {dag.py:4180} INFO - Setting next_dagrun for example_branch_datetime_operator to 2024-09-27 00:00:00+00:00, run_after=2024-09-28 00:00:00+00:00
[2024-09-28T19:59:55.278+0000] {logging_mixin.py:190} INFO - [2024-09-28T19:59:55.278+0000] {dag.py:4180} INFO - Setting next_dagrun for example_branch_datetime_operator_2 to 2024-09-27 00:00:00+00:00, run_after=2024-09-28 00:00:00+00:00
[2024-09-28T19:59:55.280+0000] {logging_mixin.py:190} INFO - [2024-09-28T19:59:55.280+0000] {dag.py:4180} INFO - Setting next_dagrun for example_branch_datetime_operator_3 to 2024-09-27 00:00:00+00:00, run_after=2024-09-28 00:00:00+00:00
[2024-09-28T19:59:55.290+0000] {processor.py:208} INFO - Processing /home/airflow/.local/lib/python3.12/site-packages/airflow/example_dags/example_branch_datetime_operator.py took 0.059 seconds
[2024-09-28T20:05:09.041+0000] {processor.py:186} INFO - Started process (PID=83) to work on /home/airflow/.local/lib/python3.12/site-packages/airflow/example_dags/example_branch_datetime_operator.py
[2024-09-28T20:05:09.042+0000] {processor.py:914} INFO - Processing file /home/airflow/.local/lib/python3.12/site-packages/airflow/example_dags/example_branch_datetime_operator.py for tasks to queue
[2024-09-28T20:05:09.043+0000] {logging_mixin.py:190} INFO - [2024-09-28T20:05:09.043+0000] {dagbag.py:588} INFO - Filling up the DagBag from /home/airflow/.local/lib/python3.12/site-packages/airflow/example_dags/example_branch_datetime_operator.py
[2024-09-28T20:05:09.051+0000] {processor.py:925} INFO - DAG(s) 'example_branch_datetime_operator_3', 'example_branch_datetime_operator_2', 'example_branch_datetime_operator' retrieved from /home/airflow/.local/lib/python3.12/site-packages/airflow/example_dags/example_branch_datetime_operator.py
[2024-09-28T20:05:09.069+0000] {logging_mixin.py:190} INFO - [2024-09-28T20:05:09.068+0000] {dag.py:3239} INFO - Sync 3 DAGs
[2024-09-28T20:05:09.083+0000] {logging_mixin.py:190} INFO - [2024-09-28T20:05:09.083+0000] {dag.py:4180} INFO - Setting next_dagrun for example_branch_datetime_operator to 2024-09-27 00:00:00+00:00, run_after=2024-09-28 00:00:00+00:00
[2024-09-28T20:05:09.088+0000] {logging_mixin.py:190} INFO - [2024-09-28T20:05:09.088+0000] {dag.py:4180} INFO - Setting next_dagrun for example_branch_datetime_operator_2 to 2024-09-27 00:00:00+00:00, run_after=2024-09-28 00:00:00+00:00
[2024-09-28T20:05:09.098+0000] {logging_mixin.py:190} INFO - [2024-09-28T20:05:09.098+0000] {dag.py:4180} INFO - Setting next_dagrun for example_branch_datetime_operator_3 to 2024-09-27 00:00:00+00:00, run_after=2024-09-28 00:00:00+00:00
[2024-09-28T20:05:09.110+0000] {processor.py:208} INFO - Processing /home/airflow/.local/lib/python3.12/site-packages/airflow/example_dags/example_branch_datetime_operator.py took 0.072 seconds
[2024-09-28T20:05:39.427+0000] {processor.py:186} INFO - Started process (PID=148) to work on /home/airflow/.local/lib/python3.12/site-packages/airflow/example_dags/example_branch_datetime_operator.py
[2024-09-28T20:05:39.428+0000] {processor.py:914} INFO - Processing file /home/airflow/.local/lib/python3.12/site-packages/airflow/example_dags/example_branch_datetime_operator.py for tasks to queue
[2024-09-28T20:05:39.430+0000] {logging_mixin.py:190} INFO - [2024-09-28T20:05:39.430+0000] {dagbag.py:588} INFO - Filling up the DagBag from /home/airflow/.local/lib/python3.12/site-packages/airflow/example_dags/example_branch_datetime_operator.py
[2024-09-28T20:05:39.438+0000] {processor.py:925} INFO - DAG(s) 'example_branch_datetime_operator', 'example_branch_datetime_operator_3', 'example_branch_datetime_operator_2' retrieved from /home/airflow/.local/lib/python3.12/site-packages/airflow/example_dags/example_branch_datetime_operator.py
[2024-09-28T20:05:39.456+0000] {logging_mixin.py:190} INFO - [2024-09-28T20:05:39.456+0000] {dag.py:3239} INFO - Sync 3 DAGs
[2024-09-28T20:05:39.475+0000] {logging_mixin.py:190} INFO - [2024-09-28T20:05:39.475+0000] {dag.py:4180} INFO - Setting next_dagrun for example_branch_datetime_operator to 2024-09-27 00:00:00+00:00, run_after=2024-09-28 00:00:00+00:00
[2024-09-28T20:05:39.479+0000] {logging_mixin.py:190} INFO - [2024-09-28T20:05:39.479+0000] {dag.py:4180} INFO - Setting next_dagrun for example_branch_datetime_operator_2 to 2024-09-27 00:00:00+00:00, run_after=2024-09-28 00:00:00+00:00
[2024-09-28T20:05:39.481+0000] {logging_mixin.py:190} INFO - [2024-09-28T20:05:39.481+0000] {dag.py:4180} INFO - Setting next_dagrun for example_branch_datetime_operator_3 to 2024-09-27 00:00:00+00:00, run_after=2024-09-28 00:00:00+00:00
[2024-09-28T20:05:39.494+0000] {processor.py:208} INFO - Processing /home/airflow/.local/lib/python3.12/site-packages/airflow/example_dags/example_branch_datetime_operator.py took 0.070 seconds
[2024-09-28T20:06:09.934+0000] {processor.py:186} INFO - Started process (PID=213) to work on /home/airflow/.local/lib/python3.12/site-packages/airflow/example_dags/example_branch_datetime_operator.py
[2024-09-28T20:06:09.935+0000] {processor.py:914} INFO - Processing file /home/airflow/.local/lib/python3.12/site-packages/airflow/example_dags/example_branch_datetime_operator.py for tasks to queue
[2024-09-28T20:06:09.937+0000] {logging_mixin.py:190} INFO - [2024-09-28T20:06:09.937+0000] {dagbag.py:588} INFO - Filling up the DagBag from /home/airflow/.local/lib/python3.12/site-packages/airflow/example_dags/example_branch_datetime_operator.py
[2024-09-28T20:06:09.945+0000] {processor.py:925} INFO - DAG(s) 'example_branch_datetime_operator_3', 'example_branch_datetime_operator_2', 'example_branch_datetime_operator' retrieved from /home/airflow/.local/lib/python3.12/site-packages/airflow/example_dags/example_branch_datetime_operator.py
[2024-09-28T20:06:09.965+0000] {logging_mixin.py:190} INFO - [2024-09-28T20:06:09.964+0000] {dag.py:3239} INFO - Sync 3 DAGs
[2024-09-28T20:06:09.981+0000] {logging_mixin.py:190} INFO - [2024-09-28T20:06:09.980+0000] {dag.py:4180} INFO - Setting next_dagrun for example_branch_datetime_operator to 2024-09-27 00:00:00+00:00, run_after=2024-09-28 00:00:00+00:00
[2024-09-28T20:06:09.984+0000] {logging_mixin.py:190} INFO - [2024-09-28T20:06:09.984+0000] {dag.py:4180} INFO - Setting next_dagrun for example_branch_datetime_operator_2 to 2024-09-27 00:00:00+00:00, run_after=2024-09-28 00:00:00+00:00
[2024-09-28T20:06:09.986+0000] {logging_mixin.py:190} INFO - [2024-09-28T20:06:09.986+0000] {dag.py:4180} INFO - Setting next_dagrun for example_branch_datetime_operator_3 to 2024-09-27 00:00:00+00:00, run_after=2024-09-28 00:00:00+00:00
[2024-09-28T20:06:09.998+0000] {processor.py:208} INFO - Processing /home/airflow/.local/lib/python3.12/site-packages/airflow/example_dags/example_branch_datetime_operator.py took 0.067 seconds
[2024-09-28T20:06:40.477+0000] {processor.py:186} INFO - Started process (PID=279) to work on /home/airflow/.local/lib/python3.12/site-packages/airflow/example_dags/example_branch_datetime_operator.py
[2024-09-28T20:06:40.478+0000] {processor.py:914} INFO - Processing file /home/airflow/.local/lib/python3.12/site-packages/airflow/example_dags/example_branch_datetime_operator.py for tasks to queue
[2024-09-28T20:06:40.480+0000] {logging_mixin.py:190} INFO - [2024-09-28T20:06:40.480+0000] {dagbag.py:588} INFO - Filling up the DagBag from /home/airflow/.local/lib/python3.12/site-packages/airflow/example_dags/example_branch_datetime_operator.py
[2024-09-28T20:06:40.488+0000] {processor.py:925} INFO - DAG(s) 'example_branch_datetime_operator_3', 'example_branch_datetime_operator_2', 'example_branch_datetime_operator' retrieved from /home/airflow/.local/lib/python3.12/site-packages/airflow/example_dags/example_branch_datetime_operator.py
[2024-09-28T20:06:40.504+0000] {logging_mixin.py:190} INFO - [2024-09-28T20:06:40.504+0000] {dag.py:3239} INFO - Sync 3 DAGs
[2024-09-28T20:06:40.521+0000] {logging_mixin.py:190} INFO - [2024-09-28T20:06:40.521+0000] {dag.py:4180} INFO - Setting next_dagrun for example_branch_datetime_operator to 2024-09-27 00:00:00+00:00, run_after=2024-09-28 00:00:00+00:00
[2024-09-28T20:06:40.525+0000] {logging_mixin.py:190} INFO - [2024-09-28T20:06:40.525+0000] {dag.py:4180} INFO - Setting next_dagrun for example_branch_datetime_operator_2 to 2024-09-27 00:00:00+00:00, run_after=2024-09-28 00:00:00+00:00
[2024-09-28T20:06:40.526+0000] {logging_mixin.py:190} INFO - [2024-09-28T20:06:40.526+0000] {dag.py:4180} INFO - Setting next_dagrun for example_branch_datetime_operator_3 to 2024-09-27 00:00:00+00:00, run_after=2024-09-28 00:00:00+00:00
[2024-09-28T20:06:40.537+0000] {processor.py:208} INFO - Processing /home/airflow/.local/lib/python3.12/site-packages/airflow/example_dags/example_branch_datetime_operator.py took 0.064 seconds
[2024-09-28T20:07:10.607+0000] {processor.py:186} INFO - Started process (PID=344) to work on /home/airflow/.local/lib/python3.12/site-packages/airflow/example_dags/example_branch_datetime_operator.py
[2024-09-28T20:07:10.608+0000] {processor.py:914} INFO - Processing file /home/airflow/.local/lib/python3.12/site-packages/airflow/example_dags/example_branch_datetime_operator.py for tasks to queue
[2024-09-28T20:07:10.610+0000] {logging_mixin.py:190} INFO - [2024-09-28T20:07:10.609+0000] {dagbag.py:588} INFO - Filling up the DagBag from /home/airflow/.local/lib/python3.12/site-packages/airflow/example_dags/example_branch_datetime_operator.py
[2024-09-28T20:07:10.617+0000] {processor.py:925} INFO - DAG(s) 'example_branch_datetime_operator_3', 'example_branch_datetime_operator_2', 'example_branch_datetime_operator' retrieved from /home/airflow/.local/lib/python3.12/site-packages/airflow/example_dags/example_branch_datetime_operator.py
[2024-09-28T20:07:10.634+0000] {logging_mixin.py:190} INFO - [2024-09-28T20:07:10.634+0000] {dag.py:3239} INFO - Sync 3 DAGs
[2024-09-28T20:07:10.650+0000] {logging_mixin.py:190} INFO - [2024-09-28T20:07:10.650+0000] {dag.py:4180} INFO - Setting next_dagrun for example_branch_datetime_operator to 2024-09-27 00:00:00+00:00, run_after=2024-09-28 00:00:00+00:00
[2024-09-28T20:07:10.654+0000] {logging_mixin.py:190} INFO - [2024-09-28T20:07:10.653+0000] {dag.py:4180} INFO - Setting next_dagrun for example_branch_datetime_operator_2 to 2024-09-27 00:00:00+00:00, run_after=2024-09-28 00:00:00+00:00
[2024-09-28T20:07:10.660+0000] {logging_mixin.py:190} INFO - [2024-09-28T20:07:10.660+0000] {dag.py:4180} INFO - Setting next_dagrun for example_branch_datetime_operator_3 to 2024-09-27 00:00:00+00:00, run_after=2024-09-28 00:00:00+00:00
[2024-09-28T20:07:10.673+0000] {processor.py:208} INFO - Processing /home/airflow/.local/lib/python3.12/site-packages/airflow/example_dags/example_branch_datetime_operator.py took 0.069 seconds
[2024-09-28T20:07:41.636+0000] {processor.py:186} INFO - Started process (PID=410) to work on /home/airflow/.local/lib/python3.12/site-packages/airflow/example_dags/example_branch_datetime_operator.py
[2024-09-28T20:07:41.637+0000] {processor.py:914} INFO - Processing file /home/airflow/.local/lib/python3.12/site-packages/airflow/example_dags/example_branch_datetime_operator.py for tasks to queue
[2024-09-28T20:07:41.639+0000] {logging_mixin.py:190} INFO - [2024-09-28T20:07:41.638+0000] {dagbag.py:588} INFO - Filling up the DagBag from /home/airflow/.local/lib/python3.12/site-packages/airflow/example_dags/example_branch_datetime_operator.py
[2024-09-28T20:07:41.647+0000] {processor.py:925} INFO - DAG(s) 'example_branch_datetime_operator_3', 'example_branch_datetime_operator', 'example_branch_datetime_operator_2' retrieved from /home/airflow/.local/lib/python3.12/site-packages/airflow/example_dags/example_branch_datetime_operator.py
[2024-09-28T20:07:41.667+0000] {logging_mixin.py:190} INFO - [2024-09-28T20:07:41.667+0000] {dag.py:3239} INFO - Sync 3 DAGs
[2024-09-28T20:07:41.684+0000] {logging_mixin.py:190} INFO - [2024-09-28T20:07:41.683+0000] {dag.py:4180} INFO - Setting next_dagrun for example_branch_datetime_operator to 2024-09-27 00:00:00+00:00, run_after=2024-09-28 00:00:00+00:00
[2024-09-28T20:07:41.687+0000] {logging_mixin.py:190} INFO - [2024-09-28T20:07:41.687+0000] {dag.py:4180} INFO - Setting next_dagrun for example_branch_datetime_operator_2 to 2024-09-27 00:00:00+00:00, run_after=2024-09-28 00:00:00+00:00
[2024-09-28T20:07:41.697+0000] {logging_mixin.py:190} INFO - [2024-09-28T20:07:41.696+0000] {dag.py:4180} INFO - Setting next_dagrun for example_branch_datetime_operator_3 to 2024-09-27 00:00:00+00:00, run_after=2024-09-28 00:00:00+00:00
[2024-09-28T20:07:41.711+0000] {processor.py:208} INFO - Processing /home/airflow/.local/lib/python3.12/site-packages/airflow/example_dags/example_branch_datetime_operator.py took 0.080 seconds
[2024-09-28T20:08:12.282+0000] {processor.py:186} INFO - Started process (PID=475) to work on /home/airflow/.local/lib/python3.12/site-packages/airflow/example_dags/example_branch_datetime_operator.py
[2024-09-28T20:08:12.283+0000] {processor.py:914} INFO - Processing file /home/airflow/.local/lib/python3.12/site-packages/airflow/example_dags/example_branch_datetime_operator.py for tasks to queue
[2024-09-28T20:08:12.285+0000] {logging_mixin.py:190} INFO - [2024-09-28T20:08:12.285+0000] {dagbag.py:588} INFO - Filling up the DagBag from /home/airflow/.local/lib/python3.12/site-packages/airflow/example_dags/example_branch_datetime_operator.py
[2024-09-28T20:08:12.293+0000] {processor.py:925} INFO - DAG(s) 'example_branch_datetime_operator_3', 'example_branch_datetime_operator', 'example_branch_datetime_operator_2' retrieved from /home/airflow/.local/lib/python3.12/site-packages/airflow/example_dags/example_branch_datetime_operator.py
[2024-09-28T20:08:12.311+0000] {logging_mixin.py:190} INFO - [2024-09-28T20:08:12.311+0000] {dag.py:3239} INFO - Sync 3 DAGs
[2024-09-28T20:08:12.331+0000] {logging_mixin.py:190} INFO - [2024-09-28T20:08:12.331+0000] {dag.py:4180} INFO - Setting next_dagrun for example_branch_datetime_operator to 2024-09-27 00:00:00+00:00, run_after=2024-09-28 00:00:00+00:00
[2024-09-28T20:08:12.335+0000] {logging_mixin.py:190} INFO - [2024-09-28T20:08:12.334+0000] {dag.py:4180} INFO - Setting next_dagrun for example_branch_datetime_operator_2 to 2024-09-27 00:00:00+00:00, run_after=2024-09-28 00:00:00+00:00
[2024-09-28T20:08:12.337+0000] {logging_mixin.py:190} INFO - [2024-09-28T20:08:12.337+0000] {dag.py:4180} INFO - Setting next_dagrun for example_branch_datetime_operator_3 to 2024-09-27 00:00:00+00:00, run_after=2024-09-28 00:00:00+00:00
[2024-09-28T20:08:12.352+0000] {processor.py:208} INFO - Processing /home/airflow/.local/lib/python3.12/site-packages/airflow/example_dags/example_branch_datetime_operator.py took 0.074 seconds
[2024-09-28T20:08:43.222+0000] {processor.py:186} INFO - Started process (PID=540) to work on /home/airflow/.local/lib/python3.12/site-packages/airflow/example_dags/example_branch_datetime_operator.py
[2024-09-28T20:08:43.223+0000] {processor.py:914} INFO - Processing file /home/airflow/.local/lib/python3.12/site-packages/airflow/example_dags/example_branch_datetime_operator.py for tasks to queue
[2024-09-28T20:08:43.225+0000] {logging_mixin.py:190} INFO - [2024-09-28T20:08:43.225+0000] {dagbag.py:588} INFO - Filling up the DagBag from /home/airflow/.local/lib/python3.12/site-packages/airflow/example_dags/example_branch_datetime_operator.py
[2024-09-28T20:08:43.232+0000] {processor.py:925} INFO - DAG(s) 'example_branch_datetime_operator_3', 'example_branch_datetime_operator_2', 'example_branch_datetime_operator' retrieved from /home/airflow/.local/lib/python3.12/site-packages/airflow/example_dags/example_branch_datetime_operator.py
[2024-09-28T20:08:43.250+0000] {logging_mixin.py:190} INFO - [2024-09-28T20:08:43.249+0000] {dag.py:3239} INFO - Sync 3 DAGs
[2024-09-28T20:08:43.267+0000] {logging_mixin.py:190} INFO - [2024-09-28T20:08:43.267+0000] {dag.py:4180} INFO - Setting next_dagrun for example_branch_datetime_operator to 2024-09-27 00:00:00+00:00, run_after=2024-09-28 00:00:00+00:00
[2024-09-28T20:08:43.271+0000] {logging_mixin.py:190} INFO - [2024-09-28T20:08:43.271+0000] {dag.py:4180} INFO - Setting next_dagrun for example_branch_datetime_operator_2 to 2024-09-27 00:00:00+00:00, run_after=2024-09-28 00:00:00+00:00
[2024-09-28T20:08:43.274+0000] {logging_mixin.py:190} INFO - [2024-09-28T20:08:43.274+0000] {dag.py:4180} INFO - Setting next_dagrun for example_branch_datetime_operator_3 to 2024-09-27 00:00:00+00:00, run_after=2024-09-28 00:00:00+00:00
[2024-09-28T20:08:43.292+0000] {processor.py:208} INFO - Processing /home/airflow/.local/lib/python3.12/site-packages/airflow/example_dags/example_branch_datetime_operator.py took 0.073 seconds
[2024-09-28T20:09:14.038+0000] {processor.py:186} INFO - Started process (PID=605) to work on /home/airflow/.local/lib/python3.12/site-packages/airflow/example_dags/example_branch_datetime_operator.py
[2024-09-28T20:09:14.039+0000] {processor.py:914} INFO - Processing file /home/airflow/.local/lib/python3.12/site-packages/airflow/example_dags/example_branch_datetime_operator.py for tasks to queue
[2024-09-28T20:09:14.041+0000] {logging_mixin.py:190} INFO - [2024-09-28T20:09:14.041+0000] {dagbag.py:588} INFO - Filling up the DagBag from /home/airflow/.local/lib/python3.12/site-packages/airflow/example_dags/example_branch_datetime_operator.py
[2024-09-28T20:09:14.049+0000] {processor.py:925} INFO - DAG(s) 'example_branch_datetime_operator_2', 'example_branch_datetime_operator_3', 'example_branch_datetime_operator' retrieved from /home/airflow/.local/lib/python3.12/site-packages/airflow/example_dags/example_branch_datetime_operator.py
[2024-09-28T20:09:14.069+0000] {logging_mixin.py:190} INFO - [2024-09-28T20:09:14.069+0000] {dag.py:3239} INFO - Sync 3 DAGs
[2024-09-28T20:09:14.087+0000] {logging_mixin.py:190} INFO - [2024-09-28T20:09:14.087+0000] {dag.py:4180} INFO - Setting next_dagrun for example_branch_datetime_operator to 2024-09-27 00:00:00+00:00, run_after=2024-09-28 00:00:00+00:00
[2024-09-28T20:09:14.091+0000] {logging_mixin.py:190} INFO - [2024-09-28T20:09:14.091+0000] {dag.py:4180} INFO - Setting next_dagrun for example_branch_datetime_operator_2 to 2024-09-27 00:00:00+00:00, run_after=2024-09-28 00:00:00+00:00
[2024-09-28T20:09:14.093+0000] {logging_mixin.py:190} INFO - [2024-09-28T20:09:14.093+0000] {dag.py:4180} INFO - Setting next_dagrun for example_branch_datetime_operator_3 to 2024-09-27 00:00:00+00:00, run_after=2024-09-28 00:00:00+00:00
[2024-09-28T20:09:14.104+0000] {processor.py:208} INFO - Processing /home/airflow/.local/lib/python3.12/site-packages/airflow/example_dags/example_branch_datetime_operator.py took 0.070 seconds
[2024-09-28T20:09:44.164+0000] {processor.py:186} INFO - Started process (PID=670) to work on /home/airflow/.local/lib/python3.12/site-packages/airflow/example_dags/example_branch_datetime_operator.py
[2024-09-28T20:09:44.165+0000] {processor.py:914} INFO - Processing file /home/airflow/.local/lib/python3.12/site-packages/airflow/example_dags/example_branch_datetime_operator.py for tasks to queue
[2024-09-28T20:09:44.167+0000] {logging_mixin.py:190} INFO - [2024-09-28T20:09:44.166+0000] {dagbag.py:588} INFO - Filling up the DagBag from /home/airflow/.local/lib/python3.12/site-packages/airflow/example_dags/example_branch_datetime_operator.py
[2024-09-28T20:09:44.174+0000] {processor.py:925} INFO - DAG(s) 'example_branch_datetime_operator', 'example_branch_datetime_operator_2', 'example_branch_datetime_operator_3' retrieved from /home/airflow/.local/lib/python3.12/site-packages/airflow/example_dags/example_branch_datetime_operator.py
[2024-09-28T20:09:44.191+0000] {logging_mixin.py:190} INFO - [2024-09-28T20:09:44.191+0000] {dag.py:3239} INFO - Sync 3 DAGs
[2024-09-28T20:09:44.207+0000] {logging_mixin.py:190} INFO - [2024-09-28T20:09:44.207+0000] {dag.py:4180} INFO - Setting next_dagrun for example_branch_datetime_operator to 2024-09-27 00:00:00+00:00, run_after=2024-09-28 00:00:00+00:00
[2024-09-28T20:09:44.210+0000] {logging_mixin.py:190} INFO - [2024-09-28T20:09:44.210+0000] {dag.py:4180} INFO - Setting next_dagrun for example_branch_datetime_operator_2 to 2024-09-27 00:00:00+00:00, run_after=2024-09-28 00:00:00+00:00
[2024-09-28T20:09:44.212+0000] {logging_mixin.py:190} INFO - [2024-09-28T20:09:44.212+0000] {dag.py:4180} INFO - Setting next_dagrun for example_branch_datetime_operator_3 to 2024-09-27 00:00:00+00:00, run_after=2024-09-28 00:00:00+00:00
[2024-09-28T20:09:44.224+0000] {processor.py:208} INFO - Processing /home/airflow/.local/lib/python3.12/site-packages/airflow/example_dags/example_branch_datetime_operator.py took 0.063 seconds
[2024-09-28T20:10:14.503+0000] {processor.py:186} INFO - Started process (PID=736) to work on /home/airflow/.local/lib/python3.12/site-packages/airflow/example_dags/example_branch_datetime_operator.py
[2024-09-28T20:10:14.504+0000] {processor.py:914} INFO - Processing file /home/airflow/.local/lib/python3.12/site-packages/airflow/example_dags/example_branch_datetime_operator.py for tasks to queue
[2024-09-28T20:10:14.506+0000] {logging_mixin.py:190} INFO - [2024-09-28T20:10:14.505+0000] {dagbag.py:588} INFO - Filling up the DagBag from /home/airflow/.local/lib/python3.12/site-packages/airflow/example_dags/example_branch_datetime_operator.py
[2024-09-28T20:10:14.514+0000] {processor.py:925} INFO - DAG(s) 'example_branch_datetime_operator_2', 'example_branch_datetime_operator', 'example_branch_datetime_operator_3' retrieved from /home/airflow/.local/lib/python3.12/site-packages/airflow/example_dags/example_branch_datetime_operator.py
[2024-09-28T20:10:14.531+0000] {logging_mixin.py:190} INFO - [2024-09-28T20:10:14.531+0000] {dag.py:3239} INFO - Sync 3 DAGs
[2024-09-28T20:10:14.550+0000] {logging_mixin.py:190} INFO - [2024-09-28T20:10:14.550+0000] {dag.py:4180} INFO - Setting next_dagrun for example_branch_datetime_operator to 2024-09-27 00:00:00+00:00, run_after=2024-09-28 00:00:00+00:00
[2024-09-28T20:10:14.555+0000] {logging_mixin.py:190} INFO - [2024-09-28T20:10:14.555+0000] {dag.py:4180} INFO - Setting next_dagrun for example_branch_datetime_operator_2 to 2024-09-27 00:00:00+00:00, run_after=2024-09-28 00:00:00+00:00
[2024-09-28T20:10:14.557+0000] {logging_mixin.py:190} INFO - [2024-09-28T20:10:14.557+0000] {dag.py:4180} INFO - Setting next_dagrun for example_branch_datetime_operator_3 to 2024-09-27 00:00:00+00:00, run_after=2024-09-28 00:00:00+00:00
[2024-09-28T20:10:14.568+0000] {processor.py:208} INFO - Processing /home/airflow/.local/lib/python3.12/site-packages/airflow/example_dags/example_branch_datetime_operator.py took 0.068 seconds
[2024-09-28T20:10:44.852+0000] {processor.py:186} INFO - Started process (PID=802) to work on /home/airflow/.local/lib/python3.12/site-packages/airflow/example_dags/example_branch_datetime_operator.py
[2024-09-28T20:10:44.853+0000] {processor.py:914} INFO - Processing file /home/airflow/.local/lib/python3.12/site-packages/airflow/example_dags/example_branch_datetime_operator.py for tasks to queue
[2024-09-28T20:10:44.854+0000] {logging_mixin.py:190} INFO - [2024-09-28T20:10:44.854+0000] {dagbag.py:588} INFO - Filling up the DagBag from /home/airflow/.local/lib/python3.12/site-packages/airflow/example_dags/example_branch_datetime_operator.py
[2024-09-28T20:10:44.862+0000] {processor.py:925} INFO - DAG(s) 'example_branch_datetime_operator', 'example_branch_datetime_operator_2', 'example_branch_datetime_operator_3' retrieved from /home/airflow/.local/lib/python3.12/site-packages/airflow/example_dags/example_branch_datetime_operator.py
[2024-09-28T20:10:44.880+0000] {logging_mixin.py:190} INFO - [2024-09-28T20:10:44.880+0000] {dag.py:3239} INFO - Sync 3 DAGs
[2024-09-28T20:10:44.897+0000] {logging_mixin.py:190} INFO - [2024-09-28T20:10:44.897+0000] {dag.py:4180} INFO - Setting next_dagrun for example_branch_datetime_operator to 2024-09-27 00:00:00+00:00, run_after=2024-09-28 00:00:00+00:00
[2024-09-28T20:10:44.901+0000] {logging_mixin.py:190} INFO - [2024-09-28T20:10:44.901+0000] {dag.py:4180} INFO - Setting next_dagrun for example_branch_datetime_operator_2 to 2024-09-27 00:00:00+00:00, run_after=2024-09-28 00:00:00+00:00
[2024-09-28T20:10:44.903+0000] {logging_mixin.py:190} INFO - [2024-09-28T20:10:44.903+0000] {dag.py:4180} INFO - Setting next_dagrun for example_branch_datetime_operator_3 to 2024-09-27 00:00:00+00:00, run_after=2024-09-28 00:00:00+00:00
[2024-09-28T20:10:44.916+0000] {processor.py:208} INFO - Processing /home/airflow/.local/lib/python3.12/site-packages/airflow/example_dags/example_branch_datetime_operator.py took 0.068 seconds
[2024-09-28T20:11:15.091+0000] {processor.py:186} INFO - Started process (PID=872) to work on /home/airflow/.local/lib/python3.12/site-packages/airflow/example_dags/example_branch_datetime_operator.py
[2024-09-28T20:11:15.093+0000] {processor.py:914} INFO - Processing file /home/airflow/.local/lib/python3.12/site-packages/airflow/example_dags/example_branch_datetime_operator.py for tasks to queue
[2024-09-28T20:11:15.095+0000] {logging_mixin.py:190} INFO - [2024-09-28T20:11:15.094+0000] {dagbag.py:588} INFO - Filling up the DagBag from /home/airflow/.local/lib/python3.12/site-packages/airflow/example_dags/example_branch_datetime_operator.py
[2024-09-28T20:11:15.103+0000] {processor.py:925} INFO - DAG(s) 'example_branch_datetime_operator_2', 'example_branch_datetime_operator', 'example_branch_datetime_operator_3' retrieved from /home/airflow/.local/lib/python3.12/site-packages/airflow/example_dags/example_branch_datetime_operator.py
[2024-09-28T20:11:15.121+0000] {logging_mixin.py:190} INFO - [2024-09-28T20:11:15.121+0000] {dag.py:3239} INFO - Sync 3 DAGs
[2024-09-28T20:11:15.137+0000] {logging_mixin.py:190} INFO - [2024-09-28T20:11:15.137+0000] {dag.py:4180} INFO - Setting next_dagrun for example_branch_datetime_operator to 2024-09-27 00:00:00+00:00, run_after=2024-09-28 00:00:00+00:00
[2024-09-28T20:11:15.140+0000] {logging_mixin.py:190} INFO - [2024-09-28T20:11:15.140+0000] {dag.py:4180} INFO - Setting next_dagrun for example_branch_datetime_operator_2 to 2024-09-27 00:00:00+00:00, run_after=2024-09-28 00:00:00+00:00
[2024-09-28T20:11:15.142+0000] {logging_mixin.py:190} INFO - [2024-09-28T20:11:15.142+0000] {dag.py:4180} INFO - Setting next_dagrun for example_branch_datetime_operator_3 to 2024-09-27 00:00:00+00:00, run_after=2024-09-28 00:00:00+00:00
[2024-09-28T20:11:15.155+0000] {processor.py:208} INFO - Processing /home/airflow/.local/lib/python3.12/site-packages/airflow/example_dags/example_branch_datetime_operator.py took 0.067 seconds
[2024-09-28T20:11:45.602+0000] {processor.py:186} INFO - Started process (PID=938) to work on /home/airflow/.local/lib/python3.12/site-packages/airflow/example_dags/example_branch_datetime_operator.py
[2024-09-28T20:11:45.604+0000] {processor.py:914} INFO - Processing file /home/airflow/.local/lib/python3.12/site-packages/airflow/example_dags/example_branch_datetime_operator.py for tasks to queue
[2024-09-28T20:11:45.606+0000] {logging_mixin.py:190} INFO - [2024-09-28T20:11:45.605+0000] {dagbag.py:588} INFO - Filling up the DagBag from /home/airflow/.local/lib/python3.12/site-packages/airflow/example_dags/example_branch_datetime_operator.py
[2024-09-28T20:11:45.614+0000] {processor.py:925} INFO - DAG(s) 'example_branch_datetime_operator_2', 'example_branch_datetime_operator', 'example_branch_datetime_operator_3' retrieved from /home/airflow/.local/lib/python3.12/site-packages/airflow/example_dags/example_branch_datetime_operator.py
[2024-09-28T20:11:45.634+0000] {logging_mixin.py:190} INFO - [2024-09-28T20:11:45.633+0000] {dag.py:3239} INFO - Sync 3 DAGs
[2024-09-28T20:11:45.651+0000] {logging_mixin.py:190} INFO - [2024-09-28T20:11:45.650+0000] {dag.py:4180} INFO - Setting next_dagrun for example_branch_datetime_operator to 2024-09-27 00:00:00+00:00, run_after=2024-09-28 00:00:00+00:00
[2024-09-28T20:11:45.655+0000] {logging_mixin.py:190} INFO - [2024-09-28T20:11:45.655+0000] {dag.py:4180} INFO - Setting next_dagrun for example_branch_datetime_operator_2 to 2024-09-27 00:00:00+00:00, run_after=2024-09-28 00:00:00+00:00
[2024-09-28T20:11:45.658+0000] {logging_mixin.py:190} INFO - [2024-09-28T20:11:45.658+0000] {dag.py:4180} INFO - Setting next_dagrun for example_branch_datetime_operator_3 to 2024-09-27 00:00:00+00:00, run_after=2024-09-28 00:00:00+00:00
[2024-09-28T20:11:45.672+0000] {processor.py:208} INFO - Processing /home/airflow/.local/lib/python3.12/site-packages/airflow/example_dags/example_branch_datetime_operator.py took 0.074 seconds
[2024-09-28T20:12:15.878+0000] {processor.py:186} INFO - Started process (PID=1004) to work on /home/airflow/.local/lib/python3.12/site-packages/airflow/example_dags/example_branch_datetime_operator.py
[2024-09-28T20:12:15.879+0000] {processor.py:914} INFO - Processing file /home/airflow/.local/lib/python3.12/site-packages/airflow/example_dags/example_branch_datetime_operator.py for tasks to queue
[2024-09-28T20:12:15.880+0000] {logging_mixin.py:190} INFO - [2024-09-28T20:12:15.880+0000] {dagbag.py:588} INFO - Filling up the DagBag from /home/airflow/.local/lib/python3.12/site-packages/airflow/example_dags/example_branch_datetime_operator.py
[2024-09-28T20:12:15.888+0000] {processor.py:925} INFO - DAG(s) 'example_branch_datetime_operator', 'example_branch_datetime_operator_2', 'example_branch_datetime_operator_3' retrieved from /home/airflow/.local/lib/python3.12/site-packages/airflow/example_dags/example_branch_datetime_operator.py
[2024-09-28T20:12:15.905+0000] {logging_mixin.py:190} INFO - [2024-09-28T20:12:15.904+0000] {dag.py:3239} INFO - Sync 3 DAGs
[2024-09-28T20:12:15.919+0000] {logging_mixin.py:190} INFO - [2024-09-28T20:12:15.919+0000] {dag.py:4180} INFO - Setting next_dagrun for example_branch_datetime_operator to 2024-09-27 00:00:00+00:00, run_after=2024-09-28 00:00:00+00:00
[2024-09-28T20:12:15.922+0000] {logging_mixin.py:190} INFO - [2024-09-28T20:12:15.922+0000] {dag.py:4180} INFO - Setting next_dagrun for example_branch_datetime_operator_2 to 2024-09-27 00:00:00+00:00, run_after=2024-09-28 00:00:00+00:00
[2024-09-28T20:12:15.924+0000] {logging_mixin.py:190} INFO - [2024-09-28T20:12:15.924+0000] {dag.py:4180} INFO - Setting next_dagrun for example_branch_datetime_operator_3 to 2024-09-27 00:00:00+00:00, run_after=2024-09-28 00:00:00+00:00
[2024-09-28T20:12:15.937+0000] {processor.py:208} INFO - Processing /home/airflow/.local/lib/python3.12/site-packages/airflow/example_dags/example_branch_datetime_operator.py took 0.062 seconds
[2024-09-28T20:12:46.080+0000] {processor.py:186} INFO - Started process (PID=1071) to work on /home/airflow/.local/lib/python3.12/site-packages/airflow/example_dags/example_branch_datetime_operator.py
[2024-09-28T20:12:46.080+0000] {processor.py:914} INFO - Processing file /home/airflow/.local/lib/python3.12/site-packages/airflow/example_dags/example_branch_datetime_operator.py for tasks to queue
[2024-09-28T20:12:46.082+0000] {logging_mixin.py:190} INFO - [2024-09-28T20:12:46.082+0000] {dagbag.py:588} INFO - Filling up the DagBag from /home/airflow/.local/lib/python3.12/site-packages/airflow/example_dags/example_branch_datetime_operator.py
[2024-09-28T20:12:46.091+0000] {processor.py:925} INFO - DAG(s) 'example_branch_datetime_operator', 'example_branch_datetime_operator_2', 'example_branch_datetime_operator_3' retrieved from /home/airflow/.local/lib/python3.12/site-packages/airflow/example_dags/example_branch_datetime_operator.py
[2024-09-28T20:12:46.109+0000] {logging_mixin.py:190} INFO - [2024-09-28T20:12:46.109+0000] {dag.py:3239} INFO - Sync 3 DAGs
[2024-09-28T20:12:46.126+0000] {logging_mixin.py:190} INFO - [2024-09-28T20:12:46.126+0000] {dag.py:4180} INFO - Setting next_dagrun for example_branch_datetime_operator to 2024-09-27 00:00:00+00:00, run_after=2024-09-28 00:00:00+00:00
[2024-09-28T20:12:46.130+0000] {logging_mixin.py:190} INFO - [2024-09-28T20:12:46.130+0000] {dag.py:4180} INFO - Setting next_dagrun for example_branch_datetime_operator_2 to 2024-09-27 00:00:00+00:00, run_after=2024-09-28 00:00:00+00:00
[2024-09-28T20:12:46.132+0000] {logging_mixin.py:190} INFO - [2024-09-28T20:12:46.132+0000] {dag.py:4180} INFO - Setting next_dagrun for example_branch_datetime_operator_3 to 2024-09-27 00:00:00+00:00, run_after=2024-09-28 00:00:00+00:00
[2024-09-28T20:12:46.145+0000] {processor.py:208} INFO - Processing /home/airflow/.local/lib/python3.12/site-packages/airflow/example_dags/example_branch_datetime_operator.py took 0.069 seconds
[2024-09-28T20:13:16.327+0000] {processor.py:186} INFO - Started process (PID=1137) to work on /home/airflow/.local/lib/python3.12/site-packages/airflow/example_dags/example_branch_datetime_operator.py
[2024-09-28T20:13:16.329+0000] {processor.py:914} INFO - Processing file /home/airflow/.local/lib/python3.12/site-packages/airflow/example_dags/example_branch_datetime_operator.py for tasks to queue
[2024-09-28T20:13:16.332+0000] {logging_mixin.py:190} INFO - [2024-09-28T20:13:16.331+0000] {dagbag.py:588} INFO - Filling up the DagBag from /home/airflow/.local/lib/python3.12/site-packages/airflow/example_dags/example_branch_datetime_operator.py
[2024-09-28T20:13:16.341+0000] {processor.py:925} INFO - DAG(s) 'example_branch_datetime_operator_3', 'example_branch_datetime_operator', 'example_branch_datetime_operator_2' retrieved from /home/airflow/.local/lib/python3.12/site-packages/airflow/example_dags/example_branch_datetime_operator.py
[2024-09-28T20:13:16.360+0000] {logging_mixin.py:190} INFO - [2024-09-28T20:13:16.360+0000] {dag.py:3239} INFO - Sync 3 DAGs
[2024-09-28T20:13:16.376+0000] {logging_mixin.py:190} INFO - [2024-09-28T20:13:16.376+0000] {dag.py:4180} INFO - Setting next_dagrun for example_branch_datetime_operator to 2024-09-27 00:00:00+00:00, run_after=2024-09-28 00:00:00+00:00
[2024-09-28T20:13:16.380+0000] {logging_mixin.py:190} INFO - [2024-09-28T20:13:16.380+0000] {dag.py:4180} INFO - Setting next_dagrun for example_branch_datetime_operator_2 to 2024-09-27 00:00:00+00:00, run_after=2024-09-28 00:00:00+00:00
[2024-09-28T20:13:16.382+0000] {logging_mixin.py:190} INFO - [2024-09-28T20:13:16.382+0000] {dag.py:4180} INFO - Setting next_dagrun for example_branch_datetime_operator_3 to 2024-09-27 00:00:00+00:00, run_after=2024-09-28 00:00:00+00:00
[2024-09-28T20:13:16.394+0000] {processor.py:208} INFO - Processing /home/airflow/.local/lib/python3.12/site-packages/airflow/example_dags/example_branch_datetime_operator.py took 0.071 seconds
[2024-09-28T20:13:46.544+0000] {processor.py:186} INFO - Started process (PID=1202) to work on /home/airflow/.local/lib/python3.12/site-packages/airflow/example_dags/example_branch_datetime_operator.py
[2024-09-28T20:13:46.544+0000] {processor.py:914} INFO - Processing file /home/airflow/.local/lib/python3.12/site-packages/airflow/example_dags/example_branch_datetime_operator.py for tasks to queue
[2024-09-28T20:13:46.546+0000] {logging_mixin.py:190} INFO - [2024-09-28T20:13:46.546+0000] {dagbag.py:588} INFO - Filling up the DagBag from /home/airflow/.local/lib/python3.12/site-packages/airflow/example_dags/example_branch_datetime_operator.py
[2024-09-28T20:13:46.555+0000] {processor.py:925} INFO - DAG(s) 'example_branch_datetime_operator', 'example_branch_datetime_operator_2', 'example_branch_datetime_operator_3' retrieved from /home/airflow/.local/lib/python3.12/site-packages/airflow/example_dags/example_branch_datetime_operator.py
[2024-09-28T20:13:46.573+0000] {logging_mixin.py:190} INFO - [2024-09-28T20:13:46.573+0000] {dag.py:3239} INFO - Sync 3 DAGs
[2024-09-28T20:13:46.590+0000] {logging_mixin.py:190} INFO - [2024-09-28T20:13:46.589+0000] {dag.py:4180} INFO - Setting next_dagrun for example_branch_datetime_operator to 2024-09-27 00:00:00+00:00, run_after=2024-09-28 00:00:00+00:00
[2024-09-28T20:13:46.593+0000] {logging_mixin.py:190} INFO - [2024-09-28T20:13:46.593+0000] {dag.py:4180} INFO - Setting next_dagrun for example_branch_datetime_operator_2 to 2024-09-27 00:00:00+00:00, run_after=2024-09-28 00:00:00+00:00
[2024-09-28T20:13:46.595+0000] {logging_mixin.py:190} INFO - [2024-09-28T20:13:46.595+0000] {dag.py:4180} INFO - Setting next_dagrun for example_branch_datetime_operator_3 to 2024-09-27 00:00:00+00:00, run_after=2024-09-28 00:00:00+00:00
[2024-09-28T20:13:46.606+0000] {processor.py:208} INFO - Processing /home/airflow/.local/lib/python3.12/site-packages/airflow/example_dags/example_branch_datetime_operator.py took 0.067 seconds
[2024-09-28T20:14:16.794+0000] {processor.py:186} INFO - Started process (PID=1268) to work on /home/airflow/.local/lib/python3.12/site-packages/airflow/example_dags/example_branch_datetime_operator.py
[2024-09-28T20:14:16.795+0000] {processor.py:914} INFO - Processing file /home/airflow/.local/lib/python3.12/site-packages/airflow/example_dags/example_branch_datetime_operator.py for tasks to queue
[2024-09-28T20:14:16.797+0000] {logging_mixin.py:190} INFO - [2024-09-28T20:14:16.796+0000] {dagbag.py:588} INFO - Filling up the DagBag from /home/airflow/.local/lib/python3.12/site-packages/airflow/example_dags/example_branch_datetime_operator.py
[2024-09-28T20:14:16.804+0000] {processor.py:925} INFO - DAG(s) 'example_branch_datetime_operator_2', 'example_branch_datetime_operator', 'example_branch_datetime_operator_3' retrieved from /home/airflow/.local/lib/python3.12/site-packages/airflow/example_dags/example_branch_datetime_operator.py
[2024-09-28T20:14:16.823+0000] {logging_mixin.py:190} INFO - [2024-09-28T20:14:16.822+0000] {dag.py:3239} INFO - Sync 3 DAGs
[2024-09-28T20:14:16.839+0000] {logging_mixin.py:190} INFO - [2024-09-28T20:14:16.839+0000] {dag.py:4180} INFO - Setting next_dagrun for example_branch_datetime_operator to 2024-09-27 00:00:00+00:00, run_after=2024-09-28 00:00:00+00:00
[2024-09-28T20:14:16.842+0000] {logging_mixin.py:190} INFO - [2024-09-28T20:14:16.842+0000] {dag.py:4180} INFO - Setting next_dagrun for example_branch_datetime_operator_2 to 2024-09-27 00:00:00+00:00, run_after=2024-09-28 00:00:00+00:00
[2024-09-28T20:14:16.844+0000] {logging_mixin.py:190} INFO - [2024-09-28T20:14:16.844+0000] {dag.py:4180} INFO - Setting next_dagrun for example_branch_datetime_operator_3 to 2024-09-27 00:00:00+00:00, run_after=2024-09-28 00:00:00+00:00
[2024-09-28T20:14:16.855+0000] {processor.py:208} INFO - Processing /home/airflow/.local/lib/python3.12/site-packages/airflow/example_dags/example_branch_datetime_operator.py took 0.065 seconds
[2024-09-28T20:14:47.291+0000] {processor.py:186} INFO - Started process (PID=1334) to work on /home/airflow/.local/lib/python3.12/site-packages/airflow/example_dags/example_branch_datetime_operator.py
[2024-09-28T20:14:47.291+0000] {processor.py:914} INFO - Processing file /home/airflow/.local/lib/python3.12/site-packages/airflow/example_dags/example_branch_datetime_operator.py for tasks to queue
[2024-09-28T20:14:47.293+0000] {logging_mixin.py:190} INFO - [2024-09-28T20:14:47.293+0000] {dagbag.py:588} INFO - Filling up the DagBag from /home/airflow/.local/lib/python3.12/site-packages/airflow/example_dags/example_branch_datetime_operator.py
[2024-09-28T20:14:47.302+0000] {processor.py:925} INFO - DAG(s) 'example_branch_datetime_operator_3', 'example_branch_datetime_operator_2', 'example_branch_datetime_operator' retrieved from /home/airflow/.local/lib/python3.12/site-packages/airflow/example_dags/example_branch_datetime_operator.py
[2024-09-28T20:14:47.318+0000] {logging_mixin.py:190} INFO - [2024-09-28T20:14:47.318+0000] {dag.py:3239} INFO - Sync 3 DAGs
[2024-09-28T20:14:47.334+0000] {logging_mixin.py:190} INFO - [2024-09-28T20:14:47.333+0000] {dag.py:4180} INFO - Setting next_dagrun for example_branch_datetime_operator to 2024-09-27 00:00:00+00:00, run_after=2024-09-28 00:00:00+00:00
[2024-09-28T20:14:47.337+0000] {logging_mixin.py:190} INFO - [2024-09-28T20:14:47.337+0000] {dag.py:4180} INFO - Setting next_dagrun for example_branch_datetime_operator_2 to 2024-09-27 00:00:00+00:00, run_after=2024-09-28 00:00:00+00:00
[2024-09-28T20:14:47.339+0000] {logging_mixin.py:190} INFO - [2024-09-28T20:14:47.339+0000] {dag.py:4180} INFO - Setting next_dagrun for example_branch_datetime_operator_3 to 2024-09-27 00:00:00+00:00, run_after=2024-09-28 00:00:00+00:00
[2024-09-28T20:14:47.350+0000] {processor.py:208} INFO - Processing /home/airflow/.local/lib/python3.12/site-packages/airflow/example_dags/example_branch_datetime_operator.py took 0.064 seconds
[2024-09-28T20:15:17.418+0000] {processor.py:186} INFO - Started process (PID=1399) to work on /home/airflow/.local/lib/python3.12/site-packages/airflow/example_dags/example_branch_datetime_operator.py
[2024-09-28T20:15:17.419+0000] {processor.py:914} INFO - Processing file /home/airflow/.local/lib/python3.12/site-packages/airflow/example_dags/example_branch_datetime_operator.py for tasks to queue
[2024-09-28T20:15:17.421+0000] {logging_mixin.py:190} INFO - [2024-09-28T20:15:17.420+0000] {dagbag.py:588} INFO - Filling up the DagBag from /home/airflow/.local/lib/python3.12/site-packages/airflow/example_dags/example_branch_datetime_operator.py
[2024-09-28T20:15:17.429+0000] {processor.py:925} INFO - DAG(s) 'example_branch_datetime_operator', 'example_branch_datetime_operator_3', 'example_branch_datetime_operator_2' retrieved from /home/airflow/.local/lib/python3.12/site-packages/airflow/example_dags/example_branch_datetime_operator.py
[2024-09-28T20:15:17.448+0000] {logging_mixin.py:190} INFO - [2024-09-28T20:15:17.448+0000] {dag.py:3239} INFO - Sync 3 DAGs
[2024-09-28T20:15:17.465+0000] {logging_mixin.py:190} INFO - [2024-09-28T20:15:17.465+0000] {dag.py:4180} INFO - Setting next_dagrun for example_branch_datetime_operator to 2024-09-27 00:00:00+00:00, run_after=2024-09-28 00:00:00+00:00
[2024-09-28T20:15:17.469+0000] {logging_mixin.py:190} INFO - [2024-09-28T20:15:17.469+0000] {dag.py:4180} INFO - Setting next_dagrun for example_branch_datetime_operator_2 to 2024-09-27 00:00:00+00:00, run_after=2024-09-28 00:00:00+00:00
[2024-09-28T20:15:17.471+0000] {logging_mixin.py:190} INFO - [2024-09-28T20:15:17.471+0000] {dag.py:4180} INFO - Setting next_dagrun for example_branch_datetime_operator_3 to 2024-09-27 00:00:00+00:00, run_after=2024-09-28 00:00:00+00:00
[2024-09-28T20:15:17.483+0000] {processor.py:208} INFO - Processing /home/airflow/.local/lib/python3.12/site-packages/airflow/example_dags/example_branch_datetime_operator.py took 0.068 seconds
[2024-09-28T20:16:29.778+0000] {processor.py:186} INFO - Started process (PID=104) to work on /home/airflow/.local/lib/python3.12/site-packages/airflow/example_dags/example_branch_datetime_operator.py
[2024-09-28T20:16:29.779+0000] {processor.py:914} INFO - Processing file /home/airflow/.local/lib/python3.12/site-packages/airflow/example_dags/example_branch_datetime_operator.py for tasks to queue
[2024-09-28T20:16:29.781+0000] {logging_mixin.py:190} INFO - [2024-09-28T20:16:29.780+0000] {dagbag.py:588} INFO - Filling up the DagBag from /home/airflow/.local/lib/python3.12/site-packages/airflow/example_dags/example_branch_datetime_operator.py
[2024-09-28T20:16:29.788+0000] {processor.py:925} INFO - DAG(s) 'example_branch_datetime_operator', 'example_branch_datetime_operator_3', 'example_branch_datetime_operator_2' retrieved from /home/airflow/.local/lib/python3.12/site-packages/airflow/example_dags/example_branch_datetime_operator.py
[2024-09-28T20:16:29.807+0000] {logging_mixin.py:190} INFO - [2024-09-28T20:16:29.807+0000] {dag.py:3239} INFO - Sync 3 DAGs
[2024-09-28T20:16:29.824+0000] {logging_mixin.py:190} INFO - [2024-09-28T20:16:29.824+0000] {dag.py:4180} INFO - Setting next_dagrun for example_branch_datetime_operator to 2024-09-27 00:00:00+00:00, run_after=2024-09-28 00:00:00+00:00
[2024-09-28T20:16:29.828+0000] {logging_mixin.py:190} INFO - [2024-09-28T20:16:29.828+0000] {dag.py:4180} INFO - Setting next_dagrun for example_branch_datetime_operator_2 to 2024-09-27 00:00:00+00:00, run_after=2024-09-28 00:00:00+00:00
[2024-09-28T20:16:29.830+0000] {logging_mixin.py:190} INFO - [2024-09-28T20:16:29.830+0000] {dag.py:4180} INFO - Setting next_dagrun for example_branch_datetime_operator_3 to 2024-09-27 00:00:00+00:00, run_after=2024-09-28 00:00:00+00:00
[2024-09-28T20:16:29.843+0000] {processor.py:208} INFO - Processing /home/airflow/.local/lib/python3.12/site-packages/airflow/example_dags/example_branch_datetime_operator.py took 0.068 seconds
[2024-09-28T20:17:00.336+0000] {processor.py:186} INFO - Started process (PID=172) to work on /home/airflow/.local/lib/python3.12/site-packages/airflow/example_dags/example_branch_datetime_operator.py
[2024-09-28T20:17:00.337+0000] {processor.py:914} INFO - Processing file /home/airflow/.local/lib/python3.12/site-packages/airflow/example_dags/example_branch_datetime_operator.py for tasks to queue
[2024-09-28T20:17:00.339+0000] {logging_mixin.py:190} INFO - [2024-09-28T20:17:00.339+0000] {dagbag.py:588} INFO - Filling up the DagBag from /home/airflow/.local/lib/python3.12/site-packages/airflow/example_dags/example_branch_datetime_operator.py
[2024-09-28T20:17:00.348+0000] {processor.py:925} INFO - DAG(s) 'example_branch_datetime_operator_2', 'example_branch_datetime_operator_3', 'example_branch_datetime_operator' retrieved from /home/airflow/.local/lib/python3.12/site-packages/airflow/example_dags/example_branch_datetime_operator.py
[2024-09-28T20:17:00.366+0000] {logging_mixin.py:190} INFO - [2024-09-28T20:17:00.366+0000] {dag.py:3239} INFO - Sync 3 DAGs
[2024-09-28T20:17:00.383+0000] {logging_mixin.py:190} INFO - [2024-09-28T20:17:00.383+0000] {dag.py:4180} INFO - Setting next_dagrun for example_branch_datetime_operator to 2024-09-27 00:00:00+00:00, run_after=2024-09-28 00:00:00+00:00
[2024-09-28T20:17:00.387+0000] {logging_mixin.py:190} INFO - [2024-09-28T20:17:00.386+0000] {dag.py:4180} INFO - Setting next_dagrun for example_branch_datetime_operator_2 to 2024-09-27 00:00:00+00:00, run_after=2024-09-28 00:00:00+00:00
[2024-09-28T20:17:00.388+0000] {logging_mixin.py:190} INFO - [2024-09-28T20:17:00.388+0000] {dag.py:4180} INFO - Setting next_dagrun for example_branch_datetime_operator_3 to 2024-09-27 00:00:00+00:00, run_after=2024-09-28 00:00:00+00:00
[2024-09-28T20:17:00.400+0000] {processor.py:208} INFO - Processing /home/airflow/.local/lib/python3.12/site-packages/airflow/example_dags/example_branch_datetime_operator.py took 0.069 seconds
[2024-09-28T20:17:30.598+0000] {processor.py:186} INFO - Started process (PID=240) to work on /home/airflow/.local/lib/python3.12/site-packages/airflow/example_dags/example_branch_datetime_operator.py
[2024-09-28T20:17:30.599+0000] {processor.py:914} INFO - Processing file /home/airflow/.local/lib/python3.12/site-packages/airflow/example_dags/example_branch_datetime_operator.py for tasks to queue
[2024-09-28T20:17:30.606+0000] {logging_mixin.py:190} INFO - [2024-09-28T20:17:30.606+0000] {dagbag.py:588} INFO - Filling up the DagBag from /home/airflow/.local/lib/python3.12/site-packages/airflow/example_dags/example_branch_datetime_operator.py
[2024-09-28T20:17:30.614+0000] {processor.py:925} INFO - DAG(s) 'example_branch_datetime_operator_3', 'example_branch_datetime_operator_2', 'example_branch_datetime_operator' retrieved from /home/airflow/.local/lib/python3.12/site-packages/airflow/example_dags/example_branch_datetime_operator.py
[2024-09-28T20:17:30.631+0000] {logging_mixin.py:190} INFO - [2024-09-28T20:17:30.631+0000] {dag.py:3239} INFO - Sync 3 DAGs
[2024-09-28T20:17:30.648+0000] {logging_mixin.py:190} INFO - [2024-09-28T20:17:30.648+0000] {dag.py:4180} INFO - Setting next_dagrun for example_branch_datetime_operator to 2024-09-27 00:00:00+00:00, run_after=2024-09-28 00:00:00+00:00
[2024-09-28T20:17:30.652+0000] {logging_mixin.py:190} INFO - [2024-09-28T20:17:30.652+0000] {dag.py:4180} INFO - Setting next_dagrun for example_branch_datetime_operator_2 to 2024-09-27 00:00:00+00:00, run_after=2024-09-28 00:00:00+00:00
[2024-09-28T20:17:30.654+0000] {logging_mixin.py:190} INFO - [2024-09-28T20:17:30.654+0000] {dag.py:4180} INFO - Setting next_dagrun for example_branch_datetime_operator_3 to 2024-09-27 00:00:00+00:00, run_after=2024-09-28 00:00:00+00:00
[2024-09-28T20:17:30.665+0000] {processor.py:208} INFO - Processing /home/airflow/.local/lib/python3.12/site-packages/airflow/example_dags/example_branch_datetime_operator.py took 0.071 seconds
[2024-09-28T20:18:00.936+0000] {processor.py:186} INFO - Started process (PID=308) to work on /home/airflow/.local/lib/python3.12/site-packages/airflow/example_dags/example_branch_datetime_operator.py
[2024-09-28T20:18:00.937+0000] {processor.py:914} INFO - Processing file /home/airflow/.local/lib/python3.12/site-packages/airflow/example_dags/example_branch_datetime_operator.py for tasks to queue
[2024-09-28T20:18:00.939+0000] {logging_mixin.py:190} INFO - [2024-09-28T20:18:00.939+0000] {dagbag.py:588} INFO - Filling up the DagBag from /home/airflow/.local/lib/python3.12/site-packages/airflow/example_dags/example_branch_datetime_operator.py
[2024-09-28T20:18:00.947+0000] {processor.py:925} INFO - DAG(s) 'example_branch_datetime_operator', 'example_branch_datetime_operator_2', 'example_branch_datetime_operator_3' retrieved from /home/airflow/.local/lib/python3.12/site-packages/airflow/example_dags/example_branch_datetime_operator.py
[2024-09-28T20:18:00.966+0000] {logging_mixin.py:190} INFO - [2024-09-28T20:18:00.966+0000] {dag.py:3239} INFO - Sync 3 DAGs
[2024-09-28T20:18:00.982+0000] {logging_mixin.py:190} INFO - [2024-09-28T20:18:00.982+0000] {dag.py:4180} INFO - Setting next_dagrun for example_branch_datetime_operator to 2024-09-27 00:00:00+00:00, run_after=2024-09-28 00:00:00+00:00
[2024-09-28T20:18:00.985+0000] {logging_mixin.py:190} INFO - [2024-09-28T20:18:00.985+0000] {dag.py:4180} INFO - Setting next_dagrun for example_branch_datetime_operator_2 to 2024-09-27 00:00:00+00:00, run_after=2024-09-28 00:00:00+00:00
[2024-09-28T20:18:00.987+0000] {logging_mixin.py:190} INFO - [2024-09-28T20:18:00.987+0000] {dag.py:4180} INFO - Setting next_dagrun for example_branch_datetime_operator_3 to 2024-09-27 00:00:00+00:00, run_after=2024-09-28 00:00:00+00:00
[2024-09-28T20:18:00.997+0000] {processor.py:208} INFO - Processing /home/airflow/.local/lib/python3.12/site-packages/airflow/example_dags/example_branch_datetime_operator.py took 0.065 seconds
[2024-09-28T20:18:31.461+0000] {processor.py:186} INFO - Started process (PID=380) to work on /home/airflow/.local/lib/python3.12/site-packages/airflow/example_dags/example_branch_datetime_operator.py
[2024-09-28T20:18:31.462+0000] {processor.py:914} INFO - Processing file /home/airflow/.local/lib/python3.12/site-packages/airflow/example_dags/example_branch_datetime_operator.py for tasks to queue
[2024-09-28T20:18:31.464+0000] {logging_mixin.py:190} INFO - [2024-09-28T20:18:31.463+0000] {dagbag.py:588} INFO - Filling up the DagBag from /home/airflow/.local/lib/python3.12/site-packages/airflow/example_dags/example_branch_datetime_operator.py
[2024-09-28T20:18:31.471+0000] {processor.py:925} INFO - DAG(s) 'example_branch_datetime_operator_3', 'example_branch_datetime_operator', 'example_branch_datetime_operator_2' retrieved from /home/airflow/.local/lib/python3.12/site-packages/airflow/example_dags/example_branch_datetime_operator.py
[2024-09-28T20:18:31.491+0000] {logging_mixin.py:190} INFO - [2024-09-28T20:18:31.491+0000] {dag.py:3239} INFO - Sync 3 DAGs
[2024-09-28T20:18:31.508+0000] {logging_mixin.py:190} INFO - [2024-09-28T20:18:31.508+0000] {dag.py:4180} INFO - Setting next_dagrun for example_branch_datetime_operator to 2024-09-27 00:00:00+00:00, run_after=2024-09-28 00:00:00+00:00
[2024-09-28T20:18:31.512+0000] {logging_mixin.py:190} INFO - [2024-09-28T20:18:31.512+0000] {dag.py:4180} INFO - Setting next_dagrun for example_branch_datetime_operator_2 to 2024-09-27 00:00:00+00:00, run_after=2024-09-28 00:00:00+00:00
[2024-09-28T20:18:31.514+0000] {logging_mixin.py:190} INFO - [2024-09-28T20:18:31.514+0000] {dag.py:4180} INFO - Setting next_dagrun for example_branch_datetime_operator_3 to 2024-09-27 00:00:00+00:00, run_after=2024-09-28 00:00:00+00:00
[2024-09-28T20:18:31.526+0000] {processor.py:208} INFO - Processing /home/airflow/.local/lib/python3.12/site-packages/airflow/example_dags/example_branch_datetime_operator.py took 0.069 seconds
[2024-09-28T20:19:01.740+0000] {processor.py:186} INFO - Started process (PID=446) to work on /home/airflow/.local/lib/python3.12/site-packages/airflow/example_dags/example_branch_datetime_operator.py
[2024-09-28T20:19:01.741+0000] {processor.py:914} INFO - Processing file /home/airflow/.local/lib/python3.12/site-packages/airflow/example_dags/example_branch_datetime_operator.py for tasks to queue
[2024-09-28T20:19:01.742+0000] {logging_mixin.py:190} INFO - [2024-09-28T20:19:01.741+0000] {dagbag.py:588} INFO - Filling up the DagBag from /home/airflow/.local/lib/python3.12/site-packages/airflow/example_dags/example_branch_datetime_operator.py
[2024-09-28T20:19:01.750+0000] {processor.py:925} INFO - DAG(s) 'example_branch_datetime_operator', 'example_branch_datetime_operator_3', 'example_branch_datetime_operator_2' retrieved from /home/airflow/.local/lib/python3.12/site-packages/airflow/example_dags/example_branch_datetime_operator.py
[2024-09-28T20:19:01.772+0000] {logging_mixin.py:190} INFO - [2024-09-28T20:19:01.772+0000] {dag.py:3239} INFO - Sync 3 DAGs
[2024-09-28T20:19:01.790+0000] {logging_mixin.py:190} INFO - [2024-09-28T20:19:01.789+0000] {dag.py:4180} INFO - Setting next_dagrun for example_branch_datetime_operator to 2024-09-27 00:00:00+00:00, run_after=2024-09-28 00:00:00+00:00
[2024-09-28T20:19:01.793+0000] {logging_mixin.py:190} INFO - [2024-09-28T20:19:01.793+0000] {dag.py:4180} INFO - Setting next_dagrun for example_branch_datetime_operator_2 to 2024-09-27 00:00:00+00:00, run_after=2024-09-28 00:00:00+00:00
[2024-09-28T20:19:01.795+0000] {logging_mixin.py:190} INFO - [2024-09-28T20:19:01.794+0000] {dag.py:4180} INFO - Setting next_dagrun for example_branch_datetime_operator_3 to 2024-09-27 00:00:00+00:00, run_after=2024-09-28 00:00:00+00:00
[2024-09-28T20:19:01.806+0000] {processor.py:208} INFO - Processing /home/airflow/.local/lib/python3.12/site-packages/airflow/example_dags/example_branch_datetime_operator.py took 0.070 seconds
[2024-09-28T20:19:31.928+0000] {processor.py:186} INFO - Started process (PID=512) to work on /home/airflow/.local/lib/python3.12/site-packages/airflow/example_dags/example_branch_datetime_operator.py
[2024-09-28T20:19:31.930+0000] {processor.py:914} INFO - Processing file /home/airflow/.local/lib/python3.12/site-packages/airflow/example_dags/example_branch_datetime_operator.py for tasks to queue
[2024-09-28T20:19:31.931+0000] {logging_mixin.py:190} INFO - [2024-09-28T20:19:31.931+0000] {dagbag.py:588} INFO - Filling up the DagBag from /home/airflow/.local/lib/python3.12/site-packages/airflow/example_dags/example_branch_datetime_operator.py
[2024-09-28T20:19:31.939+0000] {processor.py:925} INFO - DAG(s) 'example_branch_datetime_operator', 'example_branch_datetime_operator_2', 'example_branch_datetime_operator_3' retrieved from /home/airflow/.local/lib/python3.12/site-packages/airflow/example_dags/example_branch_datetime_operator.py
[2024-09-28T20:19:31.957+0000] {logging_mixin.py:190} INFO - [2024-09-28T20:19:31.957+0000] {dag.py:3239} INFO - Sync 3 DAGs
[2024-09-28T20:19:31.976+0000] {logging_mixin.py:190} INFO - [2024-09-28T20:19:31.976+0000] {dag.py:4180} INFO - Setting next_dagrun for example_branch_datetime_operator to 2024-09-27 00:00:00+00:00, run_after=2024-09-28 00:00:00+00:00
[2024-09-28T20:19:31.980+0000] {logging_mixin.py:190} INFO - [2024-09-28T20:19:31.980+0000] {dag.py:4180} INFO - Setting next_dagrun for example_branch_datetime_operator_2 to 2024-09-27 00:00:00+00:00, run_after=2024-09-28 00:00:00+00:00
[2024-09-28T20:19:31.982+0000] {logging_mixin.py:190} INFO - [2024-09-28T20:19:31.982+0000] {dag.py:4180} INFO - Setting next_dagrun for example_branch_datetime_operator_3 to 2024-09-27 00:00:00+00:00, run_after=2024-09-28 00:00:00+00:00
[2024-09-28T20:19:31.994+0000] {processor.py:208} INFO - Processing /home/airflow/.local/lib/python3.12/site-packages/airflow/example_dags/example_branch_datetime_operator.py took 0.070 seconds
[2024-09-28T20:20:02.293+0000] {processor.py:186} INFO - Started process (PID=579) to work on /home/airflow/.local/lib/python3.12/site-packages/airflow/example_dags/example_branch_datetime_operator.py
[2024-09-28T20:20:02.294+0000] {processor.py:914} INFO - Processing file /home/airflow/.local/lib/python3.12/site-packages/airflow/example_dags/example_branch_datetime_operator.py for tasks to queue
[2024-09-28T20:20:02.296+0000] {logging_mixin.py:190} INFO - [2024-09-28T20:20:02.295+0000] {dagbag.py:588} INFO - Filling up the DagBag from /home/airflow/.local/lib/python3.12/site-packages/airflow/example_dags/example_branch_datetime_operator.py
[2024-09-28T20:20:02.303+0000] {processor.py:925} INFO - DAG(s) 'example_branch_datetime_operator', 'example_branch_datetime_operator_3', 'example_branch_datetime_operator_2' retrieved from /home/airflow/.local/lib/python3.12/site-packages/airflow/example_dags/example_branch_datetime_operator.py
[2024-09-28T20:20:02.322+0000] {logging_mixin.py:190} INFO - [2024-09-28T20:20:02.321+0000] {dag.py:3239} INFO - Sync 3 DAGs
[2024-09-28T20:20:02.337+0000] {logging_mixin.py:190} INFO - [2024-09-28T20:20:02.337+0000] {dag.py:4180} INFO - Setting next_dagrun for example_branch_datetime_operator to 2024-09-27 00:00:00+00:00, run_after=2024-09-28 00:00:00+00:00
[2024-09-28T20:20:02.341+0000] {logging_mixin.py:190} INFO - [2024-09-28T20:20:02.341+0000] {dag.py:4180} INFO - Setting next_dagrun for example_branch_datetime_operator_2 to 2024-09-27 00:00:00+00:00, run_after=2024-09-28 00:00:00+00:00
[2024-09-28T20:20:02.342+0000] {logging_mixin.py:190} INFO - [2024-09-28T20:20:02.342+0000] {dag.py:4180} INFO - Setting next_dagrun for example_branch_datetime_operator_3 to 2024-09-27 00:00:00+00:00, run_after=2024-09-28 00:00:00+00:00
[2024-09-28T20:20:02.355+0000] {processor.py:208} INFO - Processing /home/airflow/.local/lib/python3.12/site-packages/airflow/example_dags/example_branch_datetime_operator.py took 0.065 seconds
[2024-09-28T20:20:32.724+0000] {processor.py:186} INFO - Started process (PID=645) to work on /home/airflow/.local/lib/python3.12/site-packages/airflow/example_dags/example_branch_datetime_operator.py
[2024-09-28T20:20:32.725+0000] {processor.py:914} INFO - Processing file /home/airflow/.local/lib/python3.12/site-packages/airflow/example_dags/example_branch_datetime_operator.py for tasks to queue
[2024-09-28T20:20:32.726+0000] {logging_mixin.py:190} INFO - [2024-09-28T20:20:32.726+0000] {dagbag.py:588} INFO - Filling up the DagBag from /home/airflow/.local/lib/python3.12/site-packages/airflow/example_dags/example_branch_datetime_operator.py
[2024-09-28T20:20:32.734+0000] {processor.py:925} INFO - DAG(s) 'example_branch_datetime_operator', 'example_branch_datetime_operator_2', 'example_branch_datetime_operator_3' retrieved from /home/airflow/.local/lib/python3.12/site-packages/airflow/example_dags/example_branch_datetime_operator.py
[2024-09-28T20:20:32.751+0000] {logging_mixin.py:190} INFO - [2024-09-28T20:20:32.751+0000] {dag.py:3239} INFO - Sync 3 DAGs
[2024-09-28T20:20:32.768+0000] {logging_mixin.py:190} INFO - [2024-09-28T20:20:32.767+0000] {dag.py:4180} INFO - Setting next_dagrun for example_branch_datetime_operator to 2024-09-27 00:00:00+00:00, run_after=2024-09-28 00:00:00+00:00
[2024-09-28T20:20:32.771+0000] {logging_mixin.py:190} INFO - [2024-09-28T20:20:32.771+0000] {dag.py:4180} INFO - Setting next_dagrun for example_branch_datetime_operator_2 to 2024-09-27 00:00:00+00:00, run_after=2024-09-28 00:00:00+00:00
[2024-09-28T20:20:32.774+0000] {logging_mixin.py:190} INFO - [2024-09-28T20:20:32.773+0000] {dag.py:4180} INFO - Setting next_dagrun for example_branch_datetime_operator_3 to 2024-09-27 00:00:00+00:00, run_after=2024-09-28 00:00:00+00:00
[2024-09-28T20:20:32.784+0000] {processor.py:208} INFO - Processing /home/airflow/.local/lib/python3.12/site-packages/airflow/example_dags/example_branch_datetime_operator.py took 0.064 seconds
