[2024-09-28T19:52:49.424+0000] {processor.py:186} INFO - Started process (PID=84) to work on /home/airflow/.local/lib/python3.12/site-packages/airflow/example_dags/example_nested_branch_dag.py
[2024-09-28T19:52:49.425+0000] {processor.py:914} INFO - Processing file /home/airflow/.local/lib/python3.12/site-packages/airflow/example_dags/example_nested_branch_dag.py for tasks to queue
[2024-09-28T19:52:49.427+0000] {logging_mixin.py:190} INFO - [2024-09-28T19:52:49.427+0000] {dagbag.py:588} INFO - Filling up the DagBag from /home/airflow/.local/lib/python3.12/site-packages/airflow/example_dags/example_nested_branch_dag.py
[2024-09-28T19:52:49.435+0000] {processor.py:925} INFO - DAG(s) 'example_nested_branch_dag' retrieved from /home/airflow/.local/lib/python3.12/site-packages/airflow/example_dags/example_nested_branch_dag.py
[2024-09-28T19:52:49.497+0000] {logging_mixin.py:190} INFO - [2024-09-28T19:52:49.496+0000] {override.py:1900} INFO - Created Permission View: can edit on DAG:example_nested_branch_dag
[2024-09-28T19:52:49.503+0000] {logging_mixin.py:190} INFO - [2024-09-28T19:52:49.503+0000] {override.py:1900} INFO - Created Permission View: can delete on DAG:example_nested_branch_dag
[2024-09-28T19:52:49.507+0000] {logging_mixin.py:190} INFO - [2024-09-28T19:52:49.507+0000] {override.py:1900} INFO - Created Permission View: can read on DAG:example_nested_branch_dag
[2024-09-28T19:52:49.511+0000] {logging_mixin.py:190} INFO - [2024-09-28T19:52:49.511+0000] {override.py:1900} INFO - Created Permission View: can delete on DAG Run:example_nested_branch_dag
[2024-09-28T19:52:49.515+0000] {logging_mixin.py:190} INFO - [2024-09-28T19:52:49.515+0000] {override.py:1900} INFO - Created Permission View: can read on DAG Run:example_nested_branch_dag
[2024-09-28T19:52:49.527+0000] {logging_mixin.py:190} INFO - [2024-09-28T19:52:49.527+0000] {override.py:1900} INFO - Created Permission View: can create on DAG Run:example_nested_branch_dag
[2024-09-28T19:52:49.536+0000] {logging_mixin.py:190} INFO - [2024-09-28T19:52:49.536+0000] {override.py:1900} INFO - Created Permission View: menu access on DAG Run:example_nested_branch_dag
[2024-09-28T19:52:49.569+0000] {logging_mixin.py:190} INFO - [2024-09-28T19:52:49.569+0000] {dag.py:3239} INFO - Sync 1 DAGs
[2024-09-28T19:52:49.577+0000] {logging_mixin.py:190} INFO - [2024-09-28T19:52:49.577+0000] {dag.py:3262} INFO - Creating ORM DAG for example_nested_branch_dag
[2024-09-28T19:52:49.585+0000] {logging_mixin.py:190} INFO - [2024-09-28T19:52:49.585+0000] {dag.py:4180} INFO - Setting next_dagrun for example_nested_branch_dag to 2024-09-27 00:00:00+00:00, run_after=2024-09-28 00:00:00+00:00
[2024-09-28T19:52:49.611+0000] {processor.py:208} INFO - Processing /home/airflow/.local/lib/python3.12/site-packages/airflow/example_dags/example_nested_branch_dag.py took 0.190 seconds
[2024-09-28T19:53:20.266+0000] {processor.py:186} INFO - Started process (PID=150) to work on /home/airflow/.local/lib/python3.12/site-packages/airflow/example_dags/example_nested_branch_dag.py
[2024-09-28T19:53:20.267+0000] {processor.py:914} INFO - Processing file /home/airflow/.local/lib/python3.12/site-packages/airflow/example_dags/example_nested_branch_dag.py for tasks to queue
[2024-09-28T19:53:20.271+0000] {logging_mixin.py:190} INFO - [2024-09-28T19:53:20.271+0000] {dagbag.py:588} INFO - Filling up the DagBag from /home/airflow/.local/lib/python3.12/site-packages/airflow/example_dags/example_nested_branch_dag.py
[2024-09-28T19:53:20.282+0000] {processor.py:925} INFO - DAG(s) 'example_nested_branch_dag' retrieved from /home/airflow/.local/lib/python3.12/site-packages/airflow/example_dags/example_nested_branch_dag.py
[2024-09-28T19:53:20.298+0000] {logging_mixin.py:190} INFO - [2024-09-28T19:53:20.298+0000] {dag.py:3239} INFO - Sync 1 DAGs
[2024-09-28T19:53:20.315+0000] {logging_mixin.py:190} INFO - [2024-09-28T19:53:20.315+0000] {dag.py:4180} INFO - Setting next_dagrun for example_nested_branch_dag to 2024-09-27 00:00:00+00:00, run_after=2024-09-28 00:00:00+00:00
[2024-09-28T19:53:20.329+0000] {processor.py:208} INFO - Processing /home/airflow/.local/lib/python3.12/site-packages/airflow/example_dags/example_nested_branch_dag.py took 0.068 seconds
[2024-09-28T19:53:50.823+0000] {processor.py:186} INFO - Started process (PID=214) to work on /home/airflow/.local/lib/python3.12/site-packages/airflow/example_dags/example_nested_branch_dag.py
[2024-09-28T19:53:50.824+0000] {processor.py:914} INFO - Processing file /home/airflow/.local/lib/python3.12/site-packages/airflow/example_dags/example_nested_branch_dag.py for tasks to queue
[2024-09-28T19:53:50.825+0000] {logging_mixin.py:190} INFO - [2024-09-28T19:53:50.825+0000] {dagbag.py:588} INFO - Filling up the DagBag from /home/airflow/.local/lib/python3.12/site-packages/airflow/example_dags/example_nested_branch_dag.py
[2024-09-28T19:53:50.834+0000] {processor.py:925} INFO - DAG(s) 'example_nested_branch_dag' retrieved from /home/airflow/.local/lib/python3.12/site-packages/airflow/example_dags/example_nested_branch_dag.py
[2024-09-28T19:53:50.849+0000] {logging_mixin.py:190} INFO - [2024-09-28T19:53:50.849+0000] {dag.py:3239} INFO - Sync 1 DAGs
[2024-09-28T19:53:50.866+0000] {logging_mixin.py:190} INFO - [2024-09-28T19:53:50.866+0000] {dag.py:4180} INFO - Setting next_dagrun for example_nested_branch_dag to 2024-09-27 00:00:00+00:00, run_after=2024-09-28 00:00:00+00:00
[2024-09-28T19:53:50.879+0000] {processor.py:208} INFO - Processing /home/airflow/.local/lib/python3.12/site-packages/airflow/example_dags/example_nested_branch_dag.py took 0.060 seconds
[2024-09-28T19:54:21.159+0000] {processor.py:186} INFO - Started process (PID=279) to work on /home/airflow/.local/lib/python3.12/site-packages/airflow/example_dags/example_nested_branch_dag.py
[2024-09-28T19:54:21.160+0000] {processor.py:914} INFO - Processing file /home/airflow/.local/lib/python3.12/site-packages/airflow/example_dags/example_nested_branch_dag.py for tasks to queue
[2024-09-28T19:54:21.162+0000] {logging_mixin.py:190} INFO - [2024-09-28T19:54:21.162+0000] {dagbag.py:588} INFO - Filling up the DagBag from /home/airflow/.local/lib/python3.12/site-packages/airflow/example_dags/example_nested_branch_dag.py
[2024-09-28T19:54:21.170+0000] {processor.py:925} INFO - DAG(s) 'example_nested_branch_dag' retrieved from /home/airflow/.local/lib/python3.12/site-packages/airflow/example_dags/example_nested_branch_dag.py
[2024-09-28T19:54:21.183+0000] {logging_mixin.py:190} INFO - [2024-09-28T19:54:21.183+0000] {dag.py:3239} INFO - Sync 1 DAGs
[2024-09-28T19:54:21.199+0000] {logging_mixin.py:190} INFO - [2024-09-28T19:54:21.198+0000] {dag.py:4180} INFO - Setting next_dagrun for example_nested_branch_dag to 2024-09-27 00:00:00+00:00, run_after=2024-09-28 00:00:00+00:00
[2024-09-28T19:54:21.211+0000] {processor.py:208} INFO - Processing /home/airflow/.local/lib/python3.12/site-packages/airflow/example_dags/example_nested_branch_dag.py took 0.055 seconds
[2024-09-28T19:54:51.328+0000] {processor.py:186} INFO - Started process (PID=344) to work on /home/airflow/.local/lib/python3.12/site-packages/airflow/example_dags/example_nested_branch_dag.py
[2024-09-28T19:54:51.329+0000] {processor.py:914} INFO - Processing file /home/airflow/.local/lib/python3.12/site-packages/airflow/example_dags/example_nested_branch_dag.py for tasks to queue
[2024-09-28T19:54:51.330+0000] {logging_mixin.py:190} INFO - [2024-09-28T19:54:51.330+0000] {dagbag.py:588} INFO - Filling up the DagBag from /home/airflow/.local/lib/python3.12/site-packages/airflow/example_dags/example_nested_branch_dag.py
[2024-09-28T19:54:51.338+0000] {processor.py:925} INFO - DAG(s) 'example_nested_branch_dag' retrieved from /home/airflow/.local/lib/python3.12/site-packages/airflow/example_dags/example_nested_branch_dag.py
[2024-09-28T19:54:51.351+0000] {logging_mixin.py:190} INFO - [2024-09-28T19:54:51.351+0000] {dag.py:3239} INFO - Sync 1 DAGs
[2024-09-28T19:54:51.365+0000] {logging_mixin.py:190} INFO - [2024-09-28T19:54:51.365+0000] {dag.py:4180} INFO - Setting next_dagrun for example_nested_branch_dag to 2024-09-27 00:00:00+00:00, run_after=2024-09-28 00:00:00+00:00
[2024-09-28T19:54:51.375+0000] {processor.py:208} INFO - Processing /home/airflow/.local/lib/python3.12/site-packages/airflow/example_dags/example_nested_branch_dag.py took 0.051 seconds
[2024-09-28T19:55:21.822+0000] {processor.py:186} INFO - Started process (PID=409) to work on /home/airflow/.local/lib/python3.12/site-packages/airflow/example_dags/example_nested_branch_dag.py
[2024-09-28T19:55:21.823+0000] {processor.py:914} INFO - Processing file /home/airflow/.local/lib/python3.12/site-packages/airflow/example_dags/example_nested_branch_dag.py for tasks to queue
[2024-09-28T19:55:21.824+0000] {logging_mixin.py:190} INFO - [2024-09-28T19:55:21.824+0000] {dagbag.py:588} INFO - Filling up the DagBag from /home/airflow/.local/lib/python3.12/site-packages/airflow/example_dags/example_nested_branch_dag.py
[2024-09-28T19:55:21.831+0000] {processor.py:925} INFO - DAG(s) 'example_nested_branch_dag' retrieved from /home/airflow/.local/lib/python3.12/site-packages/airflow/example_dags/example_nested_branch_dag.py
[2024-09-28T19:55:21.845+0000] {logging_mixin.py:190} INFO - [2024-09-28T19:55:21.845+0000] {dag.py:3239} INFO - Sync 1 DAGs
[2024-09-28T19:55:21.860+0000] {logging_mixin.py:190} INFO - [2024-09-28T19:55:21.860+0000] {dag.py:4180} INFO - Setting next_dagrun for example_nested_branch_dag to 2024-09-27 00:00:00+00:00, run_after=2024-09-28 00:00:00+00:00
[2024-09-28T19:55:21.873+0000] {processor.py:208} INFO - Processing /home/airflow/.local/lib/python3.12/site-packages/airflow/example_dags/example_nested_branch_dag.py took 0.054 seconds
[2024-09-28T19:55:52.106+0000] {processor.py:186} INFO - Started process (PID=475) to work on /home/airflow/.local/lib/python3.12/site-packages/airflow/example_dags/example_nested_branch_dag.py
[2024-09-28T19:55:52.107+0000] {processor.py:914} INFO - Processing file /home/airflow/.local/lib/python3.12/site-packages/airflow/example_dags/example_nested_branch_dag.py for tasks to queue
[2024-09-28T19:55:52.108+0000] {logging_mixin.py:190} INFO - [2024-09-28T19:55:52.108+0000] {dagbag.py:588} INFO - Filling up the DagBag from /home/airflow/.local/lib/python3.12/site-packages/airflow/example_dags/example_nested_branch_dag.py
[2024-09-28T19:55:52.115+0000] {processor.py:925} INFO - DAG(s) 'example_nested_branch_dag' retrieved from /home/airflow/.local/lib/python3.12/site-packages/airflow/example_dags/example_nested_branch_dag.py
[2024-09-28T19:55:52.131+0000] {logging_mixin.py:190} INFO - [2024-09-28T19:55:52.131+0000] {dag.py:3239} INFO - Sync 1 DAGs
[2024-09-28T19:55:52.148+0000] {logging_mixin.py:190} INFO - [2024-09-28T19:55:52.147+0000] {dag.py:4180} INFO - Setting next_dagrun for example_nested_branch_dag to 2024-09-27 00:00:00+00:00, run_after=2024-09-28 00:00:00+00:00
[2024-09-28T19:55:52.161+0000] {processor.py:208} INFO - Processing /home/airflow/.local/lib/python3.12/site-packages/airflow/example_dags/example_nested_branch_dag.py took 0.058 seconds
[2024-09-28T19:56:22.718+0000] {processor.py:186} INFO - Started process (PID=540) to work on /home/airflow/.local/lib/python3.12/site-packages/airflow/example_dags/example_nested_branch_dag.py
[2024-09-28T19:56:22.719+0000] {processor.py:914} INFO - Processing file /home/airflow/.local/lib/python3.12/site-packages/airflow/example_dags/example_nested_branch_dag.py for tasks to queue
[2024-09-28T19:56:22.724+0000] {logging_mixin.py:190} INFO - [2024-09-28T19:56:22.724+0000] {dagbag.py:588} INFO - Filling up the DagBag from /home/airflow/.local/lib/python3.12/site-packages/airflow/example_dags/example_nested_branch_dag.py
[2024-09-28T19:56:22.736+0000] {processor.py:925} INFO - DAG(s) 'example_nested_branch_dag' retrieved from /home/airflow/.local/lib/python3.12/site-packages/airflow/example_dags/example_nested_branch_dag.py
[2024-09-28T19:56:22.752+0000] {logging_mixin.py:190} INFO - [2024-09-28T19:56:22.752+0000] {dag.py:3239} INFO - Sync 1 DAGs
[2024-09-28T19:56:22.771+0000] {logging_mixin.py:190} INFO - [2024-09-28T19:56:22.770+0000] {dag.py:4180} INFO - Setting next_dagrun for example_nested_branch_dag to 2024-09-27 00:00:00+00:00, run_after=2024-09-28 00:00:00+00:00
[2024-09-28T19:56:22.785+0000] {processor.py:208} INFO - Processing /home/airflow/.local/lib/python3.12/site-packages/airflow/example_dags/example_nested_branch_dag.py took 0.071 seconds
[2024-09-28T19:56:53.007+0000] {processor.py:186} INFO - Started process (PID=605) to work on /home/airflow/.local/lib/python3.12/site-packages/airflow/example_dags/example_nested_branch_dag.py
[2024-09-28T19:56:53.008+0000] {processor.py:914} INFO - Processing file /home/airflow/.local/lib/python3.12/site-packages/airflow/example_dags/example_nested_branch_dag.py for tasks to queue
[2024-09-28T19:56:53.009+0000] {logging_mixin.py:190} INFO - [2024-09-28T19:56:53.009+0000] {dagbag.py:588} INFO - Filling up the DagBag from /home/airflow/.local/lib/python3.12/site-packages/airflow/example_dags/example_nested_branch_dag.py
[2024-09-28T19:56:53.016+0000] {processor.py:925} INFO - DAG(s) 'example_nested_branch_dag' retrieved from /home/airflow/.local/lib/python3.12/site-packages/airflow/example_dags/example_nested_branch_dag.py
[2024-09-28T19:56:53.029+0000] {logging_mixin.py:190} INFO - [2024-09-28T19:56:53.029+0000] {dag.py:3239} INFO - Sync 1 DAGs
[2024-09-28T19:56:53.046+0000] {logging_mixin.py:190} INFO - [2024-09-28T19:56:53.046+0000] {dag.py:4180} INFO - Setting next_dagrun for example_nested_branch_dag to 2024-09-27 00:00:00+00:00, run_after=2024-09-28 00:00:00+00:00
[2024-09-28T19:56:53.058+0000] {processor.py:208} INFO - Processing /home/airflow/.local/lib/python3.12/site-packages/airflow/example_dags/example_nested_branch_dag.py took 0.055 seconds
[2024-09-28T19:57:23.290+0000] {processor.py:186} INFO - Started process (PID=670) to work on /home/airflow/.local/lib/python3.12/site-packages/airflow/example_dags/example_nested_branch_dag.py
[2024-09-28T19:57:23.291+0000] {processor.py:914} INFO - Processing file /home/airflow/.local/lib/python3.12/site-packages/airflow/example_dags/example_nested_branch_dag.py for tasks to queue
[2024-09-28T19:57:23.293+0000] {logging_mixin.py:190} INFO - [2024-09-28T19:57:23.293+0000] {dagbag.py:588} INFO - Filling up the DagBag from /home/airflow/.local/lib/python3.12/site-packages/airflow/example_dags/example_nested_branch_dag.py
[2024-09-28T19:57:23.300+0000] {processor.py:925} INFO - DAG(s) 'example_nested_branch_dag' retrieved from /home/airflow/.local/lib/python3.12/site-packages/airflow/example_dags/example_nested_branch_dag.py
[2024-09-28T19:57:23.313+0000] {logging_mixin.py:190} INFO - [2024-09-28T19:57:23.313+0000] {dag.py:3239} INFO - Sync 1 DAGs
[2024-09-28T19:57:23.329+0000] {logging_mixin.py:190} INFO - [2024-09-28T19:57:23.328+0000] {dag.py:4180} INFO - Setting next_dagrun for example_nested_branch_dag to 2024-09-27 00:00:00+00:00, run_after=2024-09-28 00:00:00+00:00
[2024-09-28T19:57:23.340+0000] {processor.py:208} INFO - Processing /home/airflow/.local/lib/python3.12/site-packages/airflow/example_dags/example_nested_branch_dag.py took 0.053 seconds
[2024-09-28T19:57:53.800+0000] {processor.py:186} INFO - Started process (PID=735) to work on /home/airflow/.local/lib/python3.12/site-packages/airflow/example_dags/example_nested_branch_dag.py
[2024-09-28T19:57:53.801+0000] {processor.py:914} INFO - Processing file /home/airflow/.local/lib/python3.12/site-packages/airflow/example_dags/example_nested_branch_dag.py for tasks to queue
[2024-09-28T19:57:53.802+0000] {logging_mixin.py:190} INFO - [2024-09-28T19:57:53.802+0000] {dagbag.py:588} INFO - Filling up the DagBag from /home/airflow/.local/lib/python3.12/site-packages/airflow/example_dags/example_nested_branch_dag.py
[2024-09-28T19:57:53.810+0000] {processor.py:925} INFO - DAG(s) 'example_nested_branch_dag' retrieved from /home/airflow/.local/lib/python3.12/site-packages/airflow/example_dags/example_nested_branch_dag.py
[2024-09-28T19:57:53.825+0000] {logging_mixin.py:190} INFO - [2024-09-28T19:57:53.825+0000] {dag.py:3239} INFO - Sync 1 DAGs
[2024-09-28T19:57:53.841+0000] {logging_mixin.py:190} INFO - [2024-09-28T19:57:53.841+0000] {dag.py:4180} INFO - Setting next_dagrun for example_nested_branch_dag to 2024-09-27 00:00:00+00:00, run_after=2024-09-28 00:00:00+00:00
[2024-09-28T19:57:53.856+0000] {processor.py:208} INFO - Processing /home/airflow/.local/lib/python3.12/site-packages/airflow/example_dags/example_nested_branch_dag.py took 0.060 seconds
[2024-09-28T19:58:24.382+0000] {processor.py:186} INFO - Started process (PID=800) to work on /home/airflow/.local/lib/python3.12/site-packages/airflow/example_dags/example_nested_branch_dag.py
[2024-09-28T19:58:24.382+0000] {processor.py:914} INFO - Processing file /home/airflow/.local/lib/python3.12/site-packages/airflow/example_dags/example_nested_branch_dag.py for tasks to queue
[2024-09-28T19:58:24.384+0000] {logging_mixin.py:190} INFO - [2024-09-28T19:58:24.384+0000] {dagbag.py:588} INFO - Filling up the DagBag from /home/airflow/.local/lib/python3.12/site-packages/airflow/example_dags/example_nested_branch_dag.py
[2024-09-28T19:58:24.391+0000] {processor.py:925} INFO - DAG(s) 'example_nested_branch_dag' retrieved from /home/airflow/.local/lib/python3.12/site-packages/airflow/example_dags/example_nested_branch_dag.py
[2024-09-28T19:58:24.405+0000] {logging_mixin.py:190} INFO - [2024-09-28T19:58:24.405+0000] {dag.py:3239} INFO - Sync 1 DAGs
[2024-09-28T19:58:24.420+0000] {logging_mixin.py:190} INFO - [2024-09-28T19:58:24.420+0000] {dag.py:4180} INFO - Setting next_dagrun for example_nested_branch_dag to 2024-09-27 00:00:00+00:00, run_after=2024-09-28 00:00:00+00:00
[2024-09-28T19:58:24.432+0000] {processor.py:208} INFO - Processing /home/airflow/.local/lib/python3.12/site-packages/airflow/example_dags/example_nested_branch_dag.py took 0.054 seconds
[2024-09-28T19:58:54.574+0000] {processor.py:186} INFO - Started process (PID=865) to work on /home/airflow/.local/lib/python3.12/site-packages/airflow/example_dags/example_nested_branch_dag.py
[2024-09-28T19:58:54.575+0000] {processor.py:914} INFO - Processing file /home/airflow/.local/lib/python3.12/site-packages/airflow/example_dags/example_nested_branch_dag.py for tasks to queue
[2024-09-28T19:58:54.577+0000] {logging_mixin.py:190} INFO - [2024-09-28T19:58:54.576+0000] {dagbag.py:588} INFO - Filling up the DagBag from /home/airflow/.local/lib/python3.12/site-packages/airflow/example_dags/example_nested_branch_dag.py
[2024-09-28T19:58:54.584+0000] {processor.py:925} INFO - DAG(s) 'example_nested_branch_dag' retrieved from /home/airflow/.local/lib/python3.12/site-packages/airflow/example_dags/example_nested_branch_dag.py
[2024-09-28T19:58:54.599+0000] {logging_mixin.py:190} INFO - [2024-09-28T19:58:54.599+0000] {dag.py:3239} INFO - Sync 1 DAGs
[2024-09-28T19:58:54.623+0000] {logging_mixin.py:190} INFO - [2024-09-28T19:58:54.623+0000] {dag.py:4180} INFO - Setting next_dagrun for example_nested_branch_dag to 2024-09-27 00:00:00+00:00, run_after=2024-09-28 00:00:00+00:00
[2024-09-28T19:58:54.639+0000] {processor.py:208} INFO - Processing /home/airflow/.local/lib/python3.12/site-packages/airflow/example_dags/example_nested_branch_dag.py took 0.068 seconds
[2024-09-28T19:59:25.036+0000] {processor.py:186} INFO - Started process (PID=930) to work on /home/airflow/.local/lib/python3.12/site-packages/airflow/example_dags/example_nested_branch_dag.py
[2024-09-28T19:59:25.037+0000] {processor.py:914} INFO - Processing file /home/airflow/.local/lib/python3.12/site-packages/airflow/example_dags/example_nested_branch_dag.py for tasks to queue
[2024-09-28T19:59:25.040+0000] {logging_mixin.py:190} INFO - [2024-09-28T19:59:25.040+0000] {dagbag.py:588} INFO - Filling up the DagBag from /home/airflow/.local/lib/python3.12/site-packages/airflow/example_dags/example_nested_branch_dag.py
[2024-09-28T19:59:25.053+0000] {processor.py:925} INFO - DAG(s) 'example_nested_branch_dag' retrieved from /home/airflow/.local/lib/python3.12/site-packages/airflow/example_dags/example_nested_branch_dag.py
[2024-09-28T19:59:25.068+0000] {logging_mixin.py:190} INFO - [2024-09-28T19:59:25.067+0000] {dag.py:3239} INFO - Sync 1 DAGs
[2024-09-28T19:59:25.082+0000] {logging_mixin.py:190} INFO - [2024-09-28T19:59:25.082+0000] {dag.py:4180} INFO - Setting next_dagrun for example_nested_branch_dag to 2024-09-27 00:00:00+00:00, run_after=2024-09-28 00:00:00+00:00
[2024-09-28T19:59:25.094+0000] {processor.py:208} INFO - Processing /home/airflow/.local/lib/python3.12/site-packages/airflow/example_dags/example_nested_branch_dag.py took 0.061 seconds
[2024-09-28T19:59:55.312+0000] {processor.py:186} INFO - Started process (PID=995) to work on /home/airflow/.local/lib/python3.12/site-packages/airflow/example_dags/example_nested_branch_dag.py
[2024-09-28T19:59:55.313+0000] {processor.py:914} INFO - Processing file /home/airflow/.local/lib/python3.12/site-packages/airflow/example_dags/example_nested_branch_dag.py for tasks to queue
[2024-09-28T19:59:55.314+0000] {logging_mixin.py:190} INFO - [2024-09-28T19:59:55.314+0000] {dagbag.py:588} INFO - Filling up the DagBag from /home/airflow/.local/lib/python3.12/site-packages/airflow/example_dags/example_nested_branch_dag.py
[2024-09-28T19:59:55.321+0000] {processor.py:925} INFO - DAG(s) 'example_nested_branch_dag' retrieved from /home/airflow/.local/lib/python3.12/site-packages/airflow/example_dags/example_nested_branch_dag.py
[2024-09-28T19:59:55.334+0000] {logging_mixin.py:190} INFO - [2024-09-28T19:59:55.334+0000] {dag.py:3239} INFO - Sync 1 DAGs
[2024-09-28T19:59:55.349+0000] {logging_mixin.py:190} INFO - [2024-09-28T19:59:55.349+0000] {dag.py:4180} INFO - Setting next_dagrun for example_nested_branch_dag to 2024-09-27 00:00:00+00:00, run_after=2024-09-28 00:00:00+00:00
[2024-09-28T19:59:55.361+0000] {processor.py:208} INFO - Processing /home/airflow/.local/lib/python3.12/site-packages/airflow/example_dags/example_nested_branch_dag.py took 0.053 seconds
[2024-09-28T20:05:09.161+0000] {processor.py:186} INFO - Started process (PID=84) to work on /home/airflow/.local/lib/python3.12/site-packages/airflow/example_dags/example_nested_branch_dag.py
[2024-09-28T20:05:09.163+0000] {processor.py:914} INFO - Processing file /home/airflow/.local/lib/python3.12/site-packages/airflow/example_dags/example_nested_branch_dag.py for tasks to queue
[2024-09-28T20:05:09.165+0000] {logging_mixin.py:190} INFO - [2024-09-28T20:05:09.164+0000] {dagbag.py:588} INFO - Filling up the DagBag from /home/airflow/.local/lib/python3.12/site-packages/airflow/example_dags/example_nested_branch_dag.py
[2024-09-28T20:05:09.175+0000] {processor.py:925} INFO - DAG(s) 'example_nested_branch_dag' retrieved from /home/airflow/.local/lib/python3.12/site-packages/airflow/example_dags/example_nested_branch_dag.py
[2024-09-28T20:05:09.194+0000] {logging_mixin.py:190} INFO - [2024-09-28T20:05:09.193+0000] {dag.py:3239} INFO - Sync 1 DAGs
[2024-09-28T20:05:09.212+0000] {logging_mixin.py:190} INFO - [2024-09-28T20:05:09.212+0000] {dag.py:4180} INFO - Setting next_dagrun for example_nested_branch_dag to 2024-09-27 00:00:00+00:00, run_after=2024-09-28 00:00:00+00:00
[2024-09-28T20:05:09.232+0000] {processor.py:208} INFO - Processing /home/airflow/.local/lib/python3.12/site-packages/airflow/example_dags/example_nested_branch_dag.py took 0.075 seconds
[2024-09-28T20:05:39.531+0000] {processor.py:186} INFO - Started process (PID=150) to work on /home/airflow/.local/lib/python3.12/site-packages/airflow/example_dags/example_nested_branch_dag.py
[2024-09-28T20:05:39.532+0000] {processor.py:914} INFO - Processing file /home/airflow/.local/lib/python3.12/site-packages/airflow/example_dags/example_nested_branch_dag.py for tasks to queue
[2024-09-28T20:05:39.534+0000] {logging_mixin.py:190} INFO - [2024-09-28T20:05:39.533+0000] {dagbag.py:588} INFO - Filling up the DagBag from /home/airflow/.local/lib/python3.12/site-packages/airflow/example_dags/example_nested_branch_dag.py
[2024-09-28T20:05:39.541+0000] {processor.py:925} INFO - DAG(s) 'example_nested_branch_dag' retrieved from /home/airflow/.local/lib/python3.12/site-packages/airflow/example_dags/example_nested_branch_dag.py
[2024-09-28T20:05:39.554+0000] {logging_mixin.py:190} INFO - [2024-09-28T20:05:39.554+0000] {dag.py:3239} INFO - Sync 1 DAGs
[2024-09-28T20:05:39.570+0000] {logging_mixin.py:190} INFO - [2024-09-28T20:05:39.570+0000] {dag.py:4180} INFO - Setting next_dagrun for example_nested_branch_dag to 2024-09-27 00:00:00+00:00, run_after=2024-09-28 00:00:00+00:00
[2024-09-28T20:05:39.583+0000] {processor.py:208} INFO - Processing /home/airflow/.local/lib/python3.12/site-packages/airflow/example_dags/example_nested_branch_dag.py took 0.056 seconds
[2024-09-28T20:06:10.027+0000] {processor.py:186} INFO - Started process (PID=214) to work on /home/airflow/.local/lib/python3.12/site-packages/airflow/example_dags/example_nested_branch_dag.py
[2024-09-28T20:06:10.028+0000] {processor.py:914} INFO - Processing file /home/airflow/.local/lib/python3.12/site-packages/airflow/example_dags/example_nested_branch_dag.py for tasks to queue
[2024-09-28T20:06:10.030+0000] {logging_mixin.py:190} INFO - [2024-09-28T20:06:10.030+0000] {dagbag.py:588} INFO - Filling up the DagBag from /home/airflow/.local/lib/python3.12/site-packages/airflow/example_dags/example_nested_branch_dag.py
[2024-09-28T20:06:10.038+0000] {processor.py:925} INFO - DAG(s) 'example_nested_branch_dag' retrieved from /home/airflow/.local/lib/python3.12/site-packages/airflow/example_dags/example_nested_branch_dag.py
[2024-09-28T20:06:10.051+0000] {logging_mixin.py:190} INFO - [2024-09-28T20:06:10.051+0000] {dag.py:3239} INFO - Sync 1 DAGs
[2024-09-28T20:06:10.067+0000] {logging_mixin.py:190} INFO - [2024-09-28T20:06:10.067+0000] {dag.py:4180} INFO - Setting next_dagrun for example_nested_branch_dag to 2024-09-27 00:00:00+00:00, run_after=2024-09-28 00:00:00+00:00
[2024-09-28T20:06:10.079+0000] {processor.py:208} INFO - Processing /home/airflow/.local/lib/python3.12/site-packages/airflow/example_dags/example_nested_branch_dag.py took 0.055 seconds
[2024-09-28T20:06:40.529+0000] {processor.py:186} INFO - Started process (PID=280) to work on /home/airflow/.local/lib/python3.12/site-packages/airflow/example_dags/example_nested_branch_dag.py
[2024-09-28T20:06:40.530+0000] {processor.py:914} INFO - Processing file /home/airflow/.local/lib/python3.12/site-packages/airflow/example_dags/example_nested_branch_dag.py for tasks to queue
[2024-09-28T20:06:40.532+0000] {logging_mixin.py:190} INFO - [2024-09-28T20:06:40.532+0000] {dagbag.py:588} INFO - Filling up the DagBag from /home/airflow/.local/lib/python3.12/site-packages/airflow/example_dags/example_nested_branch_dag.py
[2024-09-28T20:06:40.539+0000] {processor.py:925} INFO - DAG(s) 'example_nested_branch_dag' retrieved from /home/airflow/.local/lib/python3.12/site-packages/airflow/example_dags/example_nested_branch_dag.py
[2024-09-28T20:06:40.553+0000] {logging_mixin.py:190} INFO - [2024-09-28T20:06:40.553+0000] {dag.py:3239} INFO - Sync 1 DAGs
[2024-09-28T20:06:40.569+0000] {logging_mixin.py:190} INFO - [2024-09-28T20:06:40.568+0000] {dag.py:4180} INFO - Setting next_dagrun for example_nested_branch_dag to 2024-09-27 00:00:00+00:00, run_after=2024-09-28 00:00:00+00:00
[2024-09-28T20:06:40.580+0000] {processor.py:208} INFO - Processing /home/airflow/.local/lib/python3.12/site-packages/airflow/example_dags/example_nested_branch_dag.py took 0.055 seconds
[2024-09-28T20:07:10.687+0000] {processor.py:186} INFO - Started process (PID=345) to work on /home/airflow/.local/lib/python3.12/site-packages/airflow/example_dags/example_nested_branch_dag.py
[2024-09-28T20:07:10.688+0000] {processor.py:914} INFO - Processing file /home/airflow/.local/lib/python3.12/site-packages/airflow/example_dags/example_nested_branch_dag.py for tasks to queue
[2024-09-28T20:07:10.692+0000] {logging_mixin.py:190} INFO - [2024-09-28T20:07:10.691+0000] {dagbag.py:588} INFO - Filling up the DagBag from /home/airflow/.local/lib/python3.12/site-packages/airflow/example_dags/example_nested_branch_dag.py
[2024-09-28T20:07:10.701+0000] {processor.py:925} INFO - DAG(s) 'example_nested_branch_dag' retrieved from /home/airflow/.local/lib/python3.12/site-packages/airflow/example_dags/example_nested_branch_dag.py
[2024-09-28T20:07:10.713+0000] {logging_mixin.py:190} INFO - [2024-09-28T20:07:10.713+0000] {dag.py:3239} INFO - Sync 1 DAGs
[2024-09-28T20:07:10.729+0000] {logging_mixin.py:190} INFO - [2024-09-28T20:07:10.729+0000] {dag.py:4180} INFO - Setting next_dagrun for example_nested_branch_dag to 2024-09-27 00:00:00+00:00, run_after=2024-09-28 00:00:00+00:00
[2024-09-28T20:07:10.741+0000] {processor.py:208} INFO - Processing /home/airflow/.local/lib/python3.12/site-packages/airflow/example_dags/example_nested_branch_dag.py took 0.058 seconds
[2024-09-28T20:07:41.719+0000] {processor.py:186} INFO - Started process (PID=411) to work on /home/airflow/.local/lib/python3.12/site-packages/airflow/example_dags/example_nested_branch_dag.py
[2024-09-28T20:07:41.720+0000] {processor.py:914} INFO - Processing file /home/airflow/.local/lib/python3.12/site-packages/airflow/example_dags/example_nested_branch_dag.py for tasks to queue
[2024-09-28T20:07:41.722+0000] {logging_mixin.py:190} INFO - [2024-09-28T20:07:41.722+0000] {dagbag.py:588} INFO - Filling up the DagBag from /home/airflow/.local/lib/python3.12/site-packages/airflow/example_dags/example_nested_branch_dag.py
[2024-09-28T20:07:41.730+0000] {processor.py:925} INFO - DAG(s) 'example_nested_branch_dag' retrieved from /home/airflow/.local/lib/python3.12/site-packages/airflow/example_dags/example_nested_branch_dag.py
[2024-09-28T20:07:41.744+0000] {logging_mixin.py:190} INFO - [2024-09-28T20:07:41.744+0000] {dag.py:3239} INFO - Sync 1 DAGs
[2024-09-28T20:07:41.759+0000] {logging_mixin.py:190} INFO - [2024-09-28T20:07:41.758+0000] {dag.py:4180} INFO - Setting next_dagrun for example_nested_branch_dag to 2024-09-27 00:00:00+00:00, run_after=2024-09-28 00:00:00+00:00
[2024-09-28T20:07:41.770+0000] {processor.py:208} INFO - Processing /home/airflow/.local/lib/python3.12/site-packages/airflow/example_dags/example_nested_branch_dag.py took 0.055 seconds
[2024-09-28T20:08:12.335+0000] {processor.py:186} INFO - Started process (PID=476) to work on /home/airflow/.local/lib/python3.12/site-packages/airflow/example_dags/example_nested_branch_dag.py
[2024-09-28T20:08:12.342+0000] {processor.py:914} INFO - Processing file /home/airflow/.local/lib/python3.12/site-packages/airflow/example_dags/example_nested_branch_dag.py for tasks to queue
[2024-09-28T20:08:12.344+0000] {logging_mixin.py:190} INFO - [2024-09-28T20:08:12.344+0000] {dagbag.py:588} INFO - Filling up the DagBag from /home/airflow/.local/lib/python3.12/site-packages/airflow/example_dags/example_nested_branch_dag.py
[2024-09-28T20:08:12.352+0000] {processor.py:925} INFO - DAG(s) 'example_nested_branch_dag' retrieved from /home/airflow/.local/lib/python3.12/site-packages/airflow/example_dags/example_nested_branch_dag.py
[2024-09-28T20:08:12.371+0000] {logging_mixin.py:190} INFO - [2024-09-28T20:08:12.371+0000] {dag.py:3239} INFO - Sync 1 DAGs
[2024-09-28T20:08:12.388+0000] {logging_mixin.py:190} INFO - [2024-09-28T20:08:12.388+0000] {dag.py:4180} INFO - Setting next_dagrun for example_nested_branch_dag to 2024-09-27 00:00:00+00:00, run_after=2024-09-28 00:00:00+00:00
[2024-09-28T20:08:12.406+0000] {processor.py:208} INFO - Processing /home/airflow/.local/lib/python3.12/site-packages/airflow/example_dags/example_nested_branch_dag.py took 0.075 seconds
[2024-09-28T20:08:43.318+0000] {processor.py:186} INFO - Started process (PID=541) to work on /home/airflow/.local/lib/python3.12/site-packages/airflow/example_dags/example_nested_branch_dag.py
[2024-09-28T20:08:43.319+0000] {processor.py:914} INFO - Processing file /home/airflow/.local/lib/python3.12/site-packages/airflow/example_dags/example_nested_branch_dag.py for tasks to queue
[2024-09-28T20:08:43.321+0000] {logging_mixin.py:190} INFO - [2024-09-28T20:08:43.321+0000] {dagbag.py:588} INFO - Filling up the DagBag from /home/airflow/.local/lib/python3.12/site-packages/airflow/example_dags/example_nested_branch_dag.py
[2024-09-28T20:08:43.328+0000] {processor.py:925} INFO - DAG(s) 'example_nested_branch_dag' retrieved from /home/airflow/.local/lib/python3.12/site-packages/airflow/example_dags/example_nested_branch_dag.py
[2024-09-28T20:08:43.342+0000] {logging_mixin.py:190} INFO - [2024-09-28T20:08:43.342+0000] {dag.py:3239} INFO - Sync 1 DAGs
[2024-09-28T20:08:43.359+0000] {logging_mixin.py:190} INFO - [2024-09-28T20:08:43.359+0000] {dag.py:4180} INFO - Setting next_dagrun for example_nested_branch_dag to 2024-09-27 00:00:00+00:00, run_after=2024-09-28 00:00:00+00:00
[2024-09-28T20:08:43.372+0000] {processor.py:208} INFO - Processing /home/airflow/.local/lib/python3.12/site-packages/airflow/example_dags/example_nested_branch_dag.py took 0.058 seconds
[2024-09-28T20:09:14.094+0000] {processor.py:186} INFO - Started process (PID=606) to work on /home/airflow/.local/lib/python3.12/site-packages/airflow/example_dags/example_nested_branch_dag.py
[2024-09-28T20:09:14.095+0000] {processor.py:914} INFO - Processing file /home/airflow/.local/lib/python3.12/site-packages/airflow/example_dags/example_nested_branch_dag.py for tasks to queue
[2024-09-28T20:09:14.097+0000] {logging_mixin.py:190} INFO - [2024-09-28T20:09:14.097+0000] {dagbag.py:588} INFO - Filling up the DagBag from /home/airflow/.local/lib/python3.12/site-packages/airflow/example_dags/example_nested_branch_dag.py
[2024-09-28T20:09:14.104+0000] {processor.py:925} INFO - DAG(s) 'example_nested_branch_dag' retrieved from /home/airflow/.local/lib/python3.12/site-packages/airflow/example_dags/example_nested_branch_dag.py
[2024-09-28T20:09:14.119+0000] {logging_mixin.py:190} INFO - [2024-09-28T20:09:14.118+0000] {dag.py:3239} INFO - Sync 1 DAGs
[2024-09-28T20:09:14.136+0000] {logging_mixin.py:190} INFO - [2024-09-28T20:09:14.136+0000] {dag.py:4180} INFO - Setting next_dagrun for example_nested_branch_dag to 2024-09-27 00:00:00+00:00, run_after=2024-09-28 00:00:00+00:00
[2024-09-28T20:09:14.150+0000] {processor.py:208} INFO - Processing /home/airflow/.local/lib/python3.12/site-packages/airflow/example_dags/example_nested_branch_dag.py took 0.059 seconds
[2024-09-28T20:09:44.264+0000] {processor.py:186} INFO - Started process (PID=671) to work on /home/airflow/.local/lib/python3.12/site-packages/airflow/example_dags/example_nested_branch_dag.py
[2024-09-28T20:09:44.266+0000] {processor.py:914} INFO - Processing file /home/airflow/.local/lib/python3.12/site-packages/airflow/example_dags/example_nested_branch_dag.py for tasks to queue
[2024-09-28T20:09:44.269+0000] {logging_mixin.py:190} INFO - [2024-09-28T20:09:44.269+0000] {dagbag.py:588} INFO - Filling up the DagBag from /home/airflow/.local/lib/python3.12/site-packages/airflow/example_dags/example_nested_branch_dag.py
[2024-09-28T20:09:44.277+0000] {processor.py:925} INFO - DAG(s) 'example_nested_branch_dag' retrieved from /home/airflow/.local/lib/python3.12/site-packages/airflow/example_dags/example_nested_branch_dag.py
[2024-09-28T20:09:44.294+0000] {logging_mixin.py:190} INFO - [2024-09-28T20:09:44.294+0000] {dag.py:3239} INFO - Sync 1 DAGs
[2024-09-28T20:09:44.314+0000] {logging_mixin.py:190} INFO - [2024-09-28T20:09:44.314+0000] {dag.py:4180} INFO - Setting next_dagrun for example_nested_branch_dag to 2024-09-27 00:00:00+00:00, run_after=2024-09-28 00:00:00+00:00
[2024-09-28T20:09:44.327+0000] {processor.py:208} INFO - Processing /home/airflow/.local/lib/python3.12/site-packages/airflow/example_dags/example_nested_branch_dag.py took 0.067 seconds
[2024-09-28T20:10:14.614+0000] {processor.py:186} INFO - Started process (PID=737) to work on /home/airflow/.local/lib/python3.12/site-packages/airflow/example_dags/example_nested_branch_dag.py
[2024-09-28T20:10:14.619+0000] {processor.py:914} INFO - Processing file /home/airflow/.local/lib/python3.12/site-packages/airflow/example_dags/example_nested_branch_dag.py for tasks to queue
[2024-09-28T20:10:14.622+0000] {logging_mixin.py:190} INFO - [2024-09-28T20:10:14.622+0000] {dagbag.py:588} INFO - Filling up the DagBag from /home/airflow/.local/lib/python3.12/site-packages/airflow/example_dags/example_nested_branch_dag.py
[2024-09-28T20:10:14.629+0000] {processor.py:925} INFO - DAG(s) 'example_nested_branch_dag' retrieved from /home/airflow/.local/lib/python3.12/site-packages/airflow/example_dags/example_nested_branch_dag.py
[2024-09-28T20:10:14.642+0000] {logging_mixin.py:190} INFO - [2024-09-28T20:10:14.642+0000] {dag.py:3239} INFO - Sync 1 DAGs
[2024-09-28T20:10:14.657+0000] {logging_mixin.py:190} INFO - [2024-09-28T20:10:14.657+0000] {dag.py:4180} INFO - Setting next_dagrun for example_nested_branch_dag to 2024-09-27 00:00:00+00:00, run_after=2024-09-28 00:00:00+00:00
[2024-09-28T20:10:14.669+0000] {processor.py:208} INFO - Processing /home/airflow/.local/lib/python3.12/site-packages/airflow/example_dags/example_nested_branch_dag.py took 0.059 seconds
[2024-09-28T20:10:44.927+0000] {processor.py:186} INFO - Started process (PID=803) to work on /home/airflow/.local/lib/python3.12/site-packages/airflow/example_dags/example_nested_branch_dag.py
[2024-09-28T20:10:44.930+0000] {processor.py:914} INFO - Processing file /home/airflow/.local/lib/python3.12/site-packages/airflow/example_dags/example_nested_branch_dag.py for tasks to queue
[2024-09-28T20:10:44.936+0000] {logging_mixin.py:190} INFO - [2024-09-28T20:10:44.936+0000] {dagbag.py:588} INFO - Filling up the DagBag from /home/airflow/.local/lib/python3.12/site-packages/airflow/example_dags/example_nested_branch_dag.py
[2024-09-28T20:10:44.946+0000] {processor.py:925} INFO - DAG(s) 'example_nested_branch_dag' retrieved from /home/airflow/.local/lib/python3.12/site-packages/airflow/example_dags/example_nested_branch_dag.py
[2024-09-28T20:10:44.960+0000] {logging_mixin.py:190} INFO - [2024-09-28T20:10:44.960+0000] {dag.py:3239} INFO - Sync 1 DAGs
[2024-09-28T20:10:44.977+0000] {logging_mixin.py:190} INFO - [2024-09-28T20:10:44.977+0000] {dag.py:4180} INFO - Setting next_dagrun for example_nested_branch_dag to 2024-09-27 00:00:00+00:00, run_after=2024-09-28 00:00:00+00:00
[2024-09-28T20:10:44.991+0000] {processor.py:208} INFO - Processing /home/airflow/.local/lib/python3.12/site-packages/airflow/example_dags/example_nested_branch_dag.py took 0.068 seconds
[2024-09-28T20:11:15.180+0000] {processor.py:186} INFO - Started process (PID=873) to work on /home/airflow/.local/lib/python3.12/site-packages/airflow/example_dags/example_nested_branch_dag.py
[2024-09-28T20:11:15.181+0000] {processor.py:914} INFO - Processing file /home/airflow/.local/lib/python3.12/site-packages/airflow/example_dags/example_nested_branch_dag.py for tasks to queue
[2024-09-28T20:11:15.188+0000] {logging_mixin.py:190} INFO - [2024-09-28T20:11:15.188+0000] {dagbag.py:588} INFO - Filling up the DagBag from /home/airflow/.local/lib/python3.12/site-packages/airflow/example_dags/example_nested_branch_dag.py
[2024-09-28T20:11:15.199+0000] {processor.py:925} INFO - DAG(s) 'example_nested_branch_dag' retrieved from /home/airflow/.local/lib/python3.12/site-packages/airflow/example_dags/example_nested_branch_dag.py
[2024-09-28T20:11:15.214+0000] {logging_mixin.py:190} INFO - [2024-09-28T20:11:15.214+0000] {dag.py:3239} INFO - Sync 1 DAGs
[2024-09-28T20:11:15.229+0000] {logging_mixin.py:190} INFO - [2024-09-28T20:11:15.229+0000] {dag.py:4180} INFO - Setting next_dagrun for example_nested_branch_dag to 2024-09-27 00:00:00+00:00, run_after=2024-09-28 00:00:00+00:00
[2024-09-28T20:11:15.241+0000] {processor.py:208} INFO - Processing /home/airflow/.local/lib/python3.12/site-packages/airflow/example_dags/example_nested_branch_dag.py took 0.065 seconds
[2024-09-28T20:11:45.602+0000] {processor.py:186} INFO - Started process (PID=939) to work on /home/airflow/.local/lib/python3.12/site-packages/airflow/example_dags/example_nested_branch_dag.py
[2024-09-28T20:11:45.604+0000] {processor.py:914} INFO - Processing file /home/airflow/.local/lib/python3.12/site-packages/airflow/example_dags/example_nested_branch_dag.py for tasks to queue
[2024-09-28T20:11:45.606+0000] {logging_mixin.py:190} INFO - [2024-09-28T20:11:45.606+0000] {dagbag.py:588} INFO - Filling up the DagBag from /home/airflow/.local/lib/python3.12/site-packages/airflow/example_dags/example_nested_branch_dag.py
[2024-09-28T20:11:45.614+0000] {processor.py:925} INFO - DAG(s) 'example_nested_branch_dag' retrieved from /home/airflow/.local/lib/python3.12/site-packages/airflow/example_dags/example_nested_branch_dag.py
[2024-09-28T20:11:45.629+0000] {logging_mixin.py:190} INFO - [2024-09-28T20:11:45.629+0000] {dag.py:3239} INFO - Sync 1 DAGs
[2024-09-28T20:11:45.647+0000] {logging_mixin.py:190} INFO - [2024-09-28T20:11:45.646+0000] {dag.py:4180} INFO - Setting next_dagrun for example_nested_branch_dag to 2024-09-27 00:00:00+00:00, run_after=2024-09-28 00:00:00+00:00
[2024-09-28T20:11:45.661+0000] {processor.py:208} INFO - Processing /home/airflow/.local/lib/python3.12/site-packages/airflow/example_dags/example_nested_branch_dag.py took 0.063 seconds
[2024-09-28T20:12:15.878+0000] {processor.py:186} INFO - Started process (PID=1005) to work on /home/airflow/.local/lib/python3.12/site-packages/airflow/example_dags/example_nested_branch_dag.py
[2024-09-28T20:12:15.879+0000] {processor.py:914} INFO - Processing file /home/airflow/.local/lib/python3.12/site-packages/airflow/example_dags/example_nested_branch_dag.py for tasks to queue
[2024-09-28T20:12:15.880+0000] {logging_mixin.py:190} INFO - [2024-09-28T20:12:15.880+0000] {dagbag.py:588} INFO - Filling up the DagBag from /home/airflow/.local/lib/python3.12/site-packages/airflow/example_dags/example_nested_branch_dag.py
[2024-09-28T20:12:15.887+0000] {processor.py:925} INFO - DAG(s) 'example_nested_branch_dag' retrieved from /home/airflow/.local/lib/python3.12/site-packages/airflow/example_dags/example_nested_branch_dag.py
[2024-09-28T20:12:15.901+0000] {logging_mixin.py:190} INFO - [2024-09-28T20:12:15.901+0000] {dag.py:3239} INFO - Sync 1 DAGs
[2024-09-28T20:12:15.916+0000] {logging_mixin.py:190} INFO - [2024-09-28T20:12:15.916+0000] {dag.py:4180} INFO - Setting next_dagrun for example_nested_branch_dag to 2024-09-27 00:00:00+00:00, run_after=2024-09-28 00:00:00+00:00
[2024-09-28T20:12:15.932+0000] {processor.py:208} INFO - Processing /home/airflow/.local/lib/python3.12/site-packages/airflow/example_dags/example_nested_branch_dag.py took 0.057 seconds
[2024-09-28T20:12:45.992+0000] {processor.py:186} INFO - Started process (PID=1070) to work on /home/airflow/.local/lib/python3.12/site-packages/airflow/example_dags/example_nested_branch_dag.py
[2024-09-28T20:12:45.993+0000] {processor.py:914} INFO - Processing file /home/airflow/.local/lib/python3.12/site-packages/airflow/example_dags/example_nested_branch_dag.py for tasks to queue
[2024-09-28T20:12:45.994+0000] {logging_mixin.py:190} INFO - [2024-09-28T20:12:45.994+0000] {dagbag.py:588} INFO - Filling up the DagBag from /home/airflow/.local/lib/python3.12/site-packages/airflow/example_dags/example_nested_branch_dag.py
[2024-09-28T20:12:46.002+0000] {processor.py:925} INFO - DAG(s) 'example_nested_branch_dag' retrieved from /home/airflow/.local/lib/python3.12/site-packages/airflow/example_dags/example_nested_branch_dag.py
[2024-09-28T20:12:46.017+0000] {logging_mixin.py:190} INFO - [2024-09-28T20:12:46.017+0000] {dag.py:3239} INFO - Sync 1 DAGs
[2024-09-28T20:12:46.034+0000] {logging_mixin.py:190} INFO - [2024-09-28T20:12:46.034+0000] {dag.py:4180} INFO - Setting next_dagrun for example_nested_branch_dag to 2024-09-27 00:00:00+00:00, run_after=2024-09-28 00:00:00+00:00
[2024-09-28T20:12:46.048+0000] {processor.py:208} INFO - Processing /home/airflow/.local/lib/python3.12/site-packages/airflow/example_dags/example_nested_branch_dag.py took 0.060 seconds
[2024-09-28T20:13:16.263+0000] {processor.py:186} INFO - Started process (PID=1136) to work on /home/airflow/.local/lib/python3.12/site-packages/airflow/example_dags/example_nested_branch_dag.py
[2024-09-28T20:13:16.264+0000] {processor.py:914} INFO - Processing file /home/airflow/.local/lib/python3.12/site-packages/airflow/example_dags/example_nested_branch_dag.py for tasks to queue
[2024-09-28T20:13:16.266+0000] {logging_mixin.py:190} INFO - [2024-09-28T20:13:16.266+0000] {dagbag.py:588} INFO - Filling up the DagBag from /home/airflow/.local/lib/python3.12/site-packages/airflow/example_dags/example_nested_branch_dag.py
[2024-09-28T20:13:16.274+0000] {processor.py:925} INFO - DAG(s) 'example_nested_branch_dag' retrieved from /home/airflow/.local/lib/python3.12/site-packages/airflow/example_dags/example_nested_branch_dag.py
[2024-09-28T20:13:16.290+0000] {logging_mixin.py:190} INFO - [2024-09-28T20:13:16.289+0000] {dag.py:3239} INFO - Sync 1 DAGs
[2024-09-28T20:13:16.307+0000] {logging_mixin.py:190} INFO - [2024-09-28T20:13:16.306+0000] {dag.py:4180} INFO - Setting next_dagrun for example_nested_branch_dag to 2024-09-27 00:00:00+00:00, run_after=2024-09-28 00:00:00+00:00
[2024-09-28T20:13:16.322+0000] {processor.py:208} INFO - Processing /home/airflow/.local/lib/python3.12/site-packages/airflow/example_dags/example_nested_branch_dag.py took 0.063 seconds
[2024-09-28T20:13:46.478+0000] {processor.py:186} INFO - Started process (PID=1201) to work on /home/airflow/.local/lib/python3.12/site-packages/airflow/example_dags/example_nested_branch_dag.py
[2024-09-28T20:13:46.479+0000] {processor.py:914} INFO - Processing file /home/airflow/.local/lib/python3.12/site-packages/airflow/example_dags/example_nested_branch_dag.py for tasks to queue
[2024-09-28T20:13:46.482+0000] {logging_mixin.py:190} INFO - [2024-09-28T20:13:46.481+0000] {dagbag.py:588} INFO - Filling up the DagBag from /home/airflow/.local/lib/python3.12/site-packages/airflow/example_dags/example_nested_branch_dag.py
[2024-09-28T20:13:46.493+0000] {processor.py:925} INFO - DAG(s) 'example_nested_branch_dag' retrieved from /home/airflow/.local/lib/python3.12/site-packages/airflow/example_dags/example_nested_branch_dag.py
[2024-09-28T20:13:46.508+0000] {logging_mixin.py:190} INFO - [2024-09-28T20:13:46.508+0000] {dag.py:3239} INFO - Sync 1 DAGs
[2024-09-28T20:13:46.524+0000] {logging_mixin.py:190} INFO - [2024-09-28T20:13:46.524+0000] {dag.py:4180} INFO - Setting next_dagrun for example_nested_branch_dag to 2024-09-27 00:00:00+00:00, run_after=2024-09-28 00:00:00+00:00
[2024-09-28T20:13:46.538+0000] {processor.py:208} INFO - Processing /home/airflow/.local/lib/python3.12/site-packages/airflow/example_dags/example_nested_branch_dag.py took 0.065 seconds
[2024-09-28T20:14:16.671+0000] {processor.py:186} INFO - Started process (PID=1267) to work on /home/airflow/.local/lib/python3.12/site-packages/airflow/example_dags/example_nested_branch_dag.py
[2024-09-28T20:14:16.671+0000] {processor.py:914} INFO - Processing file /home/airflow/.local/lib/python3.12/site-packages/airflow/example_dags/example_nested_branch_dag.py for tasks to queue
[2024-09-28T20:14:16.673+0000] {logging_mixin.py:190} INFO - [2024-09-28T20:14:16.673+0000] {dagbag.py:588} INFO - Filling up the DagBag from /home/airflow/.local/lib/python3.12/site-packages/airflow/example_dags/example_nested_branch_dag.py
[2024-09-28T20:14:16.680+0000] {processor.py:925} INFO - DAG(s) 'example_nested_branch_dag' retrieved from /home/airflow/.local/lib/python3.12/site-packages/airflow/example_dags/example_nested_branch_dag.py
[2024-09-28T20:14:16.694+0000] {logging_mixin.py:190} INFO - [2024-09-28T20:14:16.693+0000] {dag.py:3239} INFO - Sync 1 DAGs
[2024-09-28T20:14:16.708+0000] {logging_mixin.py:190} INFO - [2024-09-28T20:14:16.708+0000] {dag.py:4180} INFO - Setting next_dagrun for example_nested_branch_dag to 2024-09-27 00:00:00+00:00, run_after=2024-09-28 00:00:00+00:00
[2024-09-28T20:14:16.721+0000] {processor.py:208} INFO - Processing /home/airflow/.local/lib/python3.12/site-packages/airflow/example_dags/example_nested_branch_dag.py took 0.054 seconds
[2024-09-28T20:14:47.204+0000] {processor.py:186} INFO - Started process (PID=1333) to work on /home/airflow/.local/lib/python3.12/site-packages/airflow/example_dags/example_nested_branch_dag.py
[2024-09-28T20:14:47.205+0000] {processor.py:914} INFO - Processing file /home/airflow/.local/lib/python3.12/site-packages/airflow/example_dags/example_nested_branch_dag.py for tasks to queue
[2024-09-28T20:14:47.207+0000] {logging_mixin.py:190} INFO - [2024-09-28T20:14:47.206+0000] {dagbag.py:588} INFO - Filling up the DagBag from /home/airflow/.local/lib/python3.12/site-packages/airflow/example_dags/example_nested_branch_dag.py
[2024-09-28T20:14:47.214+0000] {processor.py:925} INFO - DAG(s) 'example_nested_branch_dag' retrieved from /home/airflow/.local/lib/python3.12/site-packages/airflow/example_dags/example_nested_branch_dag.py
[2024-09-28T20:14:47.228+0000] {logging_mixin.py:190} INFO - [2024-09-28T20:14:47.228+0000] {dag.py:3239} INFO - Sync 1 DAGs
[2024-09-28T20:14:47.243+0000] {logging_mixin.py:190} INFO - [2024-09-28T20:14:47.242+0000] {dag.py:4180} INFO - Setting next_dagrun for example_nested_branch_dag to 2024-09-27 00:00:00+00:00, run_after=2024-09-28 00:00:00+00:00
[2024-09-28T20:14:47.254+0000] {processor.py:208} INFO - Processing /home/airflow/.local/lib/python3.12/site-packages/airflow/example_dags/example_nested_branch_dag.py took 0.053 seconds
[2024-09-28T20:15:17.508+0000] {processor.py:186} INFO - Started process (PID=1400) to work on /home/airflow/.local/lib/python3.12/site-packages/airflow/example_dags/example_nested_branch_dag.py
[2024-09-28T20:15:17.509+0000] {processor.py:914} INFO - Processing file /home/airflow/.local/lib/python3.12/site-packages/airflow/example_dags/example_nested_branch_dag.py for tasks to queue
[2024-09-28T20:15:17.511+0000] {logging_mixin.py:190} INFO - [2024-09-28T20:15:17.511+0000] {dagbag.py:588} INFO - Filling up the DagBag from /home/airflow/.local/lib/python3.12/site-packages/airflow/example_dags/example_nested_branch_dag.py
[2024-09-28T20:15:17.520+0000] {processor.py:925} INFO - DAG(s) 'example_nested_branch_dag' retrieved from /home/airflow/.local/lib/python3.12/site-packages/airflow/example_dags/example_nested_branch_dag.py
[2024-09-28T20:15:17.535+0000] {logging_mixin.py:190} INFO - [2024-09-28T20:15:17.535+0000] {dag.py:3239} INFO - Sync 1 DAGs
[2024-09-28T20:15:17.551+0000] {logging_mixin.py:190} INFO - [2024-09-28T20:15:17.551+0000] {dag.py:4180} INFO - Setting next_dagrun for example_nested_branch_dag to 2024-09-27 00:00:00+00:00, run_after=2024-09-28 00:00:00+00:00
[2024-09-28T20:15:17.566+0000] {processor.py:208} INFO - Processing /home/airflow/.local/lib/python3.12/site-packages/airflow/example_dags/example_nested_branch_dag.py took 0.062 seconds
[2024-09-28T20:16:29.850+0000] {processor.py:186} INFO - Started process (PID=105) to work on /home/airflow/.local/lib/python3.12/site-packages/airflow/example_dags/example_nested_branch_dag.py
[2024-09-28T20:16:29.851+0000] {processor.py:914} INFO - Processing file /home/airflow/.local/lib/python3.12/site-packages/airflow/example_dags/example_nested_branch_dag.py for tasks to queue
[2024-09-28T20:16:29.853+0000] {logging_mixin.py:190} INFO - [2024-09-28T20:16:29.853+0000] {dagbag.py:588} INFO - Filling up the DagBag from /home/airflow/.local/lib/python3.12/site-packages/airflow/example_dags/example_nested_branch_dag.py
[2024-09-28T20:16:29.862+0000] {processor.py:925} INFO - DAG(s) 'example_nested_branch_dag' retrieved from /home/airflow/.local/lib/python3.12/site-packages/airflow/example_dags/example_nested_branch_dag.py
[2024-09-28T20:16:29.876+0000] {logging_mixin.py:190} INFO - [2024-09-28T20:16:29.876+0000] {dag.py:3239} INFO - Sync 1 DAGs
[2024-09-28T20:16:29.891+0000] {logging_mixin.py:190} INFO - [2024-09-28T20:16:29.891+0000] {dag.py:4180} INFO - Setting next_dagrun for example_nested_branch_dag to 2024-09-27 00:00:00+00:00, run_after=2024-09-28 00:00:00+00:00
[2024-09-28T20:16:29.903+0000] {processor.py:208} INFO - Processing /home/airflow/.local/lib/python3.12/site-packages/airflow/example_dags/example_nested_branch_dag.py took 0.057 seconds
[2024-09-28T20:17:00.383+0000] {processor.py:186} INFO - Started process (PID=173) to work on /home/airflow/.local/lib/python3.12/site-packages/airflow/example_dags/example_nested_branch_dag.py
[2024-09-28T20:17:00.384+0000] {processor.py:914} INFO - Processing file /home/airflow/.local/lib/python3.12/site-packages/airflow/example_dags/example_nested_branch_dag.py for tasks to queue
[2024-09-28T20:17:00.386+0000] {logging_mixin.py:190} INFO - [2024-09-28T20:17:00.385+0000] {dagbag.py:588} INFO - Filling up the DagBag from /home/airflow/.local/lib/python3.12/site-packages/airflow/example_dags/example_nested_branch_dag.py
[2024-09-28T20:17:00.393+0000] {processor.py:925} INFO - DAG(s) 'example_nested_branch_dag' retrieved from /home/airflow/.local/lib/python3.12/site-packages/airflow/example_dags/example_nested_branch_dag.py
[2024-09-28T20:17:00.407+0000] {logging_mixin.py:190} INFO - [2024-09-28T20:17:00.406+0000] {dag.py:3239} INFO - Sync 1 DAGs
[2024-09-28T20:17:00.422+0000] {logging_mixin.py:190} INFO - [2024-09-28T20:17:00.422+0000] {dag.py:4180} INFO - Setting next_dagrun for example_nested_branch_dag to 2024-09-27 00:00:00+00:00, run_after=2024-09-28 00:00:00+00:00
[2024-09-28T20:17:00.436+0000] {processor.py:208} INFO - Processing /home/airflow/.local/lib/python3.12/site-packages/airflow/example_dags/example_nested_branch_dag.py took 0.056 seconds
[2024-09-28T20:17:30.693+0000] {processor.py:186} INFO - Started process (PID=241) to work on /home/airflow/.local/lib/python3.12/site-packages/airflow/example_dags/example_nested_branch_dag.py
[2024-09-28T20:17:30.694+0000] {processor.py:914} INFO - Processing file /home/airflow/.local/lib/python3.12/site-packages/airflow/example_dags/example_nested_branch_dag.py for tasks to queue
[2024-09-28T20:17:30.696+0000] {logging_mixin.py:190} INFO - [2024-09-28T20:17:30.696+0000] {dagbag.py:588} INFO - Filling up the DagBag from /home/airflow/.local/lib/python3.12/site-packages/airflow/example_dags/example_nested_branch_dag.py
[2024-09-28T20:17:30.703+0000] {processor.py:925} INFO - DAG(s) 'example_nested_branch_dag' retrieved from /home/airflow/.local/lib/python3.12/site-packages/airflow/example_dags/example_nested_branch_dag.py
[2024-09-28T20:17:30.717+0000] {logging_mixin.py:190} INFO - [2024-09-28T20:17:30.717+0000] {dag.py:3239} INFO - Sync 1 DAGs
[2024-09-28T20:17:30.734+0000] {logging_mixin.py:190} INFO - [2024-09-28T20:17:30.734+0000] {dag.py:4180} INFO - Setting next_dagrun for example_nested_branch_dag to 2024-09-27 00:00:00+00:00, run_after=2024-09-28 00:00:00+00:00
[2024-09-28T20:17:30.746+0000] {processor.py:208} INFO - Processing /home/airflow/.local/lib/python3.12/site-packages/airflow/example_dags/example_nested_branch_dag.py took 0.057 seconds
[2024-09-28T20:18:01.031+0000] {processor.py:186} INFO - Started process (PID=309) to work on /home/airflow/.local/lib/python3.12/site-packages/airflow/example_dags/example_nested_branch_dag.py
[2024-09-28T20:18:01.032+0000] {processor.py:914} INFO - Processing file /home/airflow/.local/lib/python3.12/site-packages/airflow/example_dags/example_nested_branch_dag.py for tasks to queue
[2024-09-28T20:18:01.034+0000] {logging_mixin.py:190} INFO - [2024-09-28T20:18:01.033+0000] {dagbag.py:588} INFO - Filling up the DagBag from /home/airflow/.local/lib/python3.12/site-packages/airflow/example_dags/example_nested_branch_dag.py
[2024-09-28T20:18:01.042+0000] {processor.py:925} INFO - DAG(s) 'example_nested_branch_dag' retrieved from /home/airflow/.local/lib/python3.12/site-packages/airflow/example_dags/example_nested_branch_dag.py
[2024-09-28T20:18:01.056+0000] {logging_mixin.py:190} INFO - [2024-09-28T20:18:01.056+0000] {dag.py:3239} INFO - Sync 1 DAGs
[2024-09-28T20:18:01.072+0000] {logging_mixin.py:190} INFO - [2024-09-28T20:18:01.072+0000] {dag.py:4180} INFO - Setting next_dagrun for example_nested_branch_dag to 2024-09-27 00:00:00+00:00, run_after=2024-09-28 00:00:00+00:00
[2024-09-28T20:18:01.084+0000] {processor.py:208} INFO - Processing /home/airflow/.local/lib/python3.12/site-packages/airflow/example_dags/example_nested_branch_dag.py took 0.057 seconds
[2024-09-28T20:18:31.523+0000] {processor.py:186} INFO - Started process (PID=381) to work on /home/airflow/.local/lib/python3.12/site-packages/airflow/example_dags/example_nested_branch_dag.py
[2024-09-28T20:18:31.524+0000] {processor.py:914} INFO - Processing file /home/airflow/.local/lib/python3.12/site-packages/airflow/example_dags/example_nested_branch_dag.py for tasks to queue
[2024-09-28T20:18:31.526+0000] {logging_mixin.py:190} INFO - [2024-09-28T20:18:31.526+0000] {dagbag.py:588} INFO - Filling up the DagBag from /home/airflow/.local/lib/python3.12/site-packages/airflow/example_dags/example_nested_branch_dag.py
[2024-09-28T20:18:31.534+0000] {processor.py:925} INFO - DAG(s) 'example_nested_branch_dag' retrieved from /home/airflow/.local/lib/python3.12/site-packages/airflow/example_dags/example_nested_branch_dag.py
[2024-09-28T20:18:31.551+0000] {logging_mixin.py:190} INFO - [2024-09-28T20:18:31.550+0000] {dag.py:3239} INFO - Sync 1 DAGs
[2024-09-28T20:18:31.581+0000] {logging_mixin.py:190} INFO - [2024-09-28T20:18:31.581+0000] {dag.py:4180} INFO - Setting next_dagrun for example_nested_branch_dag to 2024-09-27 00:00:00+00:00, run_after=2024-09-28 00:00:00+00:00
[2024-09-28T20:18:31.595+0000] {processor.py:208} INFO - Processing /home/airflow/.local/lib/python3.12/site-packages/airflow/example_dags/example_nested_branch_dag.py took 0.075 seconds
[2024-09-28T20:19:01.740+0000] {processor.py:186} INFO - Started process (PID=447) to work on /home/airflow/.local/lib/python3.12/site-packages/airflow/example_dags/example_nested_branch_dag.py
[2024-09-28T20:19:01.741+0000] {processor.py:914} INFO - Processing file /home/airflow/.local/lib/python3.12/site-packages/airflow/example_dags/example_nested_branch_dag.py for tasks to queue
[2024-09-28T20:19:01.742+0000] {logging_mixin.py:190} INFO - [2024-09-28T20:19:01.741+0000] {dagbag.py:588} INFO - Filling up the DagBag from /home/airflow/.local/lib/python3.12/site-packages/airflow/example_dags/example_nested_branch_dag.py
[2024-09-28T20:19:01.749+0000] {processor.py:925} INFO - DAG(s) 'example_nested_branch_dag' retrieved from /home/airflow/.local/lib/python3.12/site-packages/airflow/example_dags/example_nested_branch_dag.py
[2024-09-28T20:19:01.767+0000] {logging_mixin.py:190} INFO - [2024-09-28T20:19:01.767+0000] {dag.py:3239} INFO - Sync 1 DAGs
[2024-09-28T20:19:01.784+0000] {logging_mixin.py:190} INFO - [2024-09-28T20:19:01.784+0000] {dag.py:4180} INFO - Setting next_dagrun for example_nested_branch_dag to 2024-09-27 00:00:00+00:00, run_after=2024-09-28 00:00:00+00:00
[2024-09-28T20:19:01.795+0000] {processor.py:208} INFO - Processing /home/airflow/.local/lib/python3.12/site-packages/airflow/example_dags/example_nested_branch_dag.py took 0.059 seconds
[2024-09-28T20:19:32.024+0000] {processor.py:186} INFO - Started process (PID=513) to work on /home/airflow/.local/lib/python3.12/site-packages/airflow/example_dags/example_nested_branch_dag.py
[2024-09-28T20:19:32.031+0000] {processor.py:914} INFO - Processing file /home/airflow/.local/lib/python3.12/site-packages/airflow/example_dags/example_nested_branch_dag.py for tasks to queue
[2024-09-28T20:19:32.032+0000] {logging_mixin.py:190} INFO - [2024-09-28T20:19:32.032+0000] {dagbag.py:588} INFO - Filling up the DagBag from /home/airflow/.local/lib/python3.12/site-packages/airflow/example_dags/example_nested_branch_dag.py
[2024-09-28T20:19:32.040+0000] {processor.py:925} INFO - DAG(s) 'example_nested_branch_dag' retrieved from /home/airflow/.local/lib/python3.12/site-packages/airflow/example_dags/example_nested_branch_dag.py
[2024-09-28T20:19:32.053+0000] {logging_mixin.py:190} INFO - [2024-09-28T20:19:32.053+0000] {dag.py:3239} INFO - Sync 1 DAGs
[2024-09-28T20:19:32.069+0000] {logging_mixin.py:190} INFO - [2024-09-28T20:19:32.069+0000] {dag.py:4180} INFO - Setting next_dagrun for example_nested_branch_dag to 2024-09-27 00:00:00+00:00, run_after=2024-09-28 00:00:00+00:00
[2024-09-28T20:19:32.081+0000] {processor.py:208} INFO - Processing /home/airflow/.local/lib/python3.12/site-packages/airflow/example_dags/example_nested_branch_dag.py took 0.061 seconds
[2024-09-28T20:20:02.295+0000] {processor.py:186} INFO - Started process (PID=580) to work on /home/airflow/.local/lib/python3.12/site-packages/airflow/example_dags/example_nested_branch_dag.py
[2024-09-28T20:20:02.296+0000] {processor.py:914} INFO - Processing file /home/airflow/.local/lib/python3.12/site-packages/airflow/example_dags/example_nested_branch_dag.py for tasks to queue
[2024-09-28T20:20:02.297+0000] {logging_mixin.py:190} INFO - [2024-09-28T20:20:02.297+0000] {dagbag.py:588} INFO - Filling up the DagBag from /home/airflow/.local/lib/python3.12/site-packages/airflow/example_dags/example_nested_branch_dag.py
[2024-09-28T20:20:02.304+0000] {processor.py:925} INFO - DAG(s) 'example_nested_branch_dag' retrieved from /home/airflow/.local/lib/python3.12/site-packages/airflow/example_dags/example_nested_branch_dag.py
[2024-09-28T20:20:02.318+0000] {logging_mixin.py:190} INFO - [2024-09-28T20:20:02.318+0000] {dag.py:3239} INFO - Sync 1 DAGs
[2024-09-28T20:20:02.334+0000] {logging_mixin.py:190} INFO - [2024-09-28T20:20:02.334+0000] {dag.py:4180} INFO - Setting next_dagrun for example_nested_branch_dag to 2024-09-27 00:00:00+00:00, run_after=2024-09-28 00:00:00+00:00
[2024-09-28T20:20:02.348+0000] {processor.py:208} INFO - Processing /home/airflow/.local/lib/python3.12/site-packages/airflow/example_dags/example_nested_branch_dag.py took 0.056 seconds
[2024-09-28T20:20:32.787+0000] {processor.py:186} INFO - Started process (PID=646) to work on /home/airflow/.local/lib/python3.12/site-packages/airflow/example_dags/example_nested_branch_dag.py
[2024-09-28T20:20:32.788+0000] {processor.py:914} INFO - Processing file /home/airflow/.local/lib/python3.12/site-packages/airflow/example_dags/example_nested_branch_dag.py for tasks to queue
[2024-09-28T20:20:32.788+0000] {logging_mixin.py:190} INFO - [2024-09-28T20:20:32.788+0000] {dagbag.py:588} INFO - Filling up the DagBag from /home/airflow/.local/lib/python3.12/site-packages/airflow/example_dags/example_nested_branch_dag.py
[2024-09-28T20:20:32.796+0000] {processor.py:925} INFO - DAG(s) 'example_nested_branch_dag' retrieved from /home/airflow/.local/lib/python3.12/site-packages/airflow/example_dags/example_nested_branch_dag.py
[2024-09-28T20:20:32.811+0000] {logging_mixin.py:190} INFO - [2024-09-28T20:20:32.810+0000] {dag.py:3239} INFO - Sync 1 DAGs
[2024-09-28T20:20:32.827+0000] {logging_mixin.py:190} INFO - [2024-09-28T20:20:32.827+0000] {dag.py:4180} INFO - Setting next_dagrun for example_nested_branch_dag to 2024-09-27 00:00:00+00:00, run_after=2024-09-28 00:00:00+00:00
[2024-09-28T20:20:32.840+0000] {processor.py:208} INFO - Processing /home/airflow/.local/lib/python3.12/site-packages/airflow/example_dags/example_nested_branch_dag.py took 0.057 seconds
