[2024-09-28T19:52:51.043+0000] {processor.py:186} INFO - Started process (PID=99) to work on /home/airflow/.local/lib/python3.12/site-packages/airflow/example_dags/example_bash_operator.py
[2024-09-28T19:52:51.044+0000] {processor.py:914} INFO - Processing file /home/airflow/.local/lib/python3.12/site-packages/airflow/example_dags/example_bash_operator.py for tasks to queue
[2024-09-28T19:52:51.046+0000] {logging_mixin.py:190} INFO - [2024-09-28T19:52:51.045+0000] {dagbag.py:588} INFO - Filling up the DagBag from /home/airflow/.local/lib/python3.12/site-packages/airflow/example_dags/example_bash_operator.py
[2024-09-28T19:52:51.054+0000] {processor.py:925} INFO - DAG(s) 'example_bash_operator' retrieved from /home/airflow/.local/lib/python3.12/site-packages/airflow/example_dags/example_bash_operator.py
[2024-09-28T19:52:51.123+0000] {logging_mixin.py:190} INFO - [2024-09-28T19:52:51.122+0000] {override.py:1900} INFO - Created Permission View: can edit on DAG:example_bash_operator
[2024-09-28T19:52:51.129+0000] {logging_mixin.py:190} INFO - [2024-09-28T19:52:51.129+0000] {override.py:1900} INFO - Created Permission View: can delete on DAG:example_bash_operator
[2024-09-28T19:52:51.134+0000] {logging_mixin.py:190} INFO - [2024-09-28T19:52:51.134+0000] {override.py:1900} INFO - Created Permission View: can read on DAG:example_bash_operator
[2024-09-28T19:52:51.139+0000] {logging_mixin.py:190} INFO - [2024-09-28T19:52:51.139+0000] {override.py:1900} INFO - Created Permission View: can delete on DAG Run:example_bash_operator
[2024-09-28T19:52:51.144+0000] {logging_mixin.py:190} INFO - [2024-09-28T19:52:51.144+0000] {override.py:1900} INFO - Created Permission View: can read on DAG Run:example_bash_operator
[2024-09-28T19:52:51.149+0000] {logging_mixin.py:190} INFO - [2024-09-28T19:52:51.149+0000] {override.py:1900} INFO - Created Permission View: can create on DAG Run:example_bash_operator
[2024-09-28T19:52:51.155+0000] {logging_mixin.py:190} INFO - [2024-09-28T19:52:51.155+0000] {override.py:1900} INFO - Created Permission View: menu access on DAG Run:example_bash_operator
[2024-09-28T19:52:51.156+0000] {logging_mixin.py:190} INFO - [2024-09-28T19:52:51.156+0000] {dag.py:3239} INFO - Sync 1 DAGs
[2024-09-28T19:52:51.165+0000] {logging_mixin.py:190} INFO - [2024-09-28T19:52:51.165+0000] {dag.py:3262} INFO - Creating ORM DAG for example_bash_operator
[2024-09-28T19:52:51.171+0000] {logging_mixin.py:190} INFO - [2024-09-28T19:52:51.171+0000] {dag.py:4180} INFO - Setting next_dagrun for example_bash_operator to 2024-09-27 00:00:00+00:00, run_after=2024-09-28 00:00:00+00:00
[2024-09-28T19:52:51.182+0000] {processor.py:208} INFO - Processing /home/airflow/.local/lib/python3.12/site-packages/airflow/example_dags/example_bash_operator.py took 0.143 seconds
[2024-09-28T19:53:21.252+0000] {processor.py:186} INFO - Started process (PID=165) to work on /home/airflow/.local/lib/python3.12/site-packages/airflow/example_dags/example_bash_operator.py
[2024-09-28T19:53:21.253+0000] {processor.py:914} INFO - Processing file /home/airflow/.local/lib/python3.12/site-packages/airflow/example_dags/example_bash_operator.py for tasks to queue
[2024-09-28T19:53:21.255+0000] {logging_mixin.py:190} INFO - [2024-09-28T19:53:21.254+0000] {dagbag.py:588} INFO - Filling up the DagBag from /home/airflow/.local/lib/python3.12/site-packages/airflow/example_dags/example_bash_operator.py
[2024-09-28T19:53:21.263+0000] {processor.py:925} INFO - DAG(s) 'example_bash_operator' retrieved from /home/airflow/.local/lib/python3.12/site-packages/airflow/example_dags/example_bash_operator.py
[2024-09-28T19:53:21.279+0000] {logging_mixin.py:190} INFO - [2024-09-28T19:53:21.279+0000] {dag.py:3239} INFO - Sync 1 DAGs
[2024-09-28T19:53:21.294+0000] {logging_mixin.py:190} INFO - [2024-09-28T19:53:21.294+0000] {dag.py:4180} INFO - Setting next_dagrun for example_bash_operator to 2024-09-27 00:00:00+00:00, run_after=2024-09-28 00:00:00+00:00
[2024-09-28T19:53:21.307+0000] {processor.py:208} INFO - Processing /home/airflow/.local/lib/python3.12/site-packages/airflow/example_dags/example_bash_operator.py took 0.058 seconds
[2024-09-28T19:53:51.546+0000] {processor.py:186} INFO - Started process (PID=229) to work on /home/airflow/.local/lib/python3.12/site-packages/airflow/example_dags/example_bash_operator.py
[2024-09-28T19:53:51.547+0000] {processor.py:914} INFO - Processing file /home/airflow/.local/lib/python3.12/site-packages/airflow/example_dags/example_bash_operator.py for tasks to queue
[2024-09-28T19:53:51.549+0000] {logging_mixin.py:190} INFO - [2024-09-28T19:53:51.549+0000] {dagbag.py:588} INFO - Filling up the DagBag from /home/airflow/.local/lib/python3.12/site-packages/airflow/example_dags/example_bash_operator.py
[2024-09-28T19:53:51.559+0000] {processor.py:925} INFO - DAG(s) 'example_bash_operator' retrieved from /home/airflow/.local/lib/python3.12/site-packages/airflow/example_dags/example_bash_operator.py
[2024-09-28T19:53:51.590+0000] {logging_mixin.py:190} INFO - [2024-09-28T19:53:51.590+0000] {dag.py:3239} INFO - Sync 1 DAGs
[2024-09-28T19:53:51.606+0000] {logging_mixin.py:190} INFO - [2024-09-28T19:53:51.606+0000] {dag.py:4180} INFO - Setting next_dagrun for example_bash_operator to 2024-09-27 00:00:00+00:00, run_after=2024-09-28 00:00:00+00:00
[2024-09-28T19:53:51.618+0000] {processor.py:208} INFO - Processing /home/airflow/.local/lib/python3.12/site-packages/airflow/example_dags/example_bash_operator.py took 0.075 seconds
[2024-09-28T19:54:22.044+0000] {processor.py:186} INFO - Started process (PID=294) to work on /home/airflow/.local/lib/python3.12/site-packages/airflow/example_dags/example_bash_operator.py
[2024-09-28T19:54:22.045+0000] {processor.py:914} INFO - Processing file /home/airflow/.local/lib/python3.12/site-packages/airflow/example_dags/example_bash_operator.py for tasks to queue
[2024-09-28T19:54:22.047+0000] {logging_mixin.py:190} INFO - [2024-09-28T19:54:22.047+0000] {dagbag.py:588} INFO - Filling up the DagBag from /home/airflow/.local/lib/python3.12/site-packages/airflow/example_dags/example_bash_operator.py
[2024-09-28T19:54:22.055+0000] {processor.py:925} INFO - DAG(s) 'example_bash_operator' retrieved from /home/airflow/.local/lib/python3.12/site-packages/airflow/example_dags/example_bash_operator.py
[2024-09-28T19:54:22.073+0000] {logging_mixin.py:190} INFO - [2024-09-28T19:54:22.073+0000] {dag.py:3239} INFO - Sync 1 DAGs
[2024-09-28T19:54:22.088+0000] {logging_mixin.py:190} INFO - [2024-09-28T19:54:22.088+0000] {dag.py:4180} INFO - Setting next_dagrun for example_bash_operator to 2024-09-27 00:00:00+00:00, run_after=2024-09-28 00:00:00+00:00
[2024-09-28T19:54:22.101+0000] {processor.py:208} INFO - Processing /home/airflow/.local/lib/python3.12/site-packages/airflow/example_dags/example_bash_operator.py took 0.060 seconds
[2024-09-28T19:54:52.261+0000] {processor.py:186} INFO - Started process (PID=359) to work on /home/airflow/.local/lib/python3.12/site-packages/airflow/example_dags/example_bash_operator.py
[2024-09-28T19:54:52.262+0000] {processor.py:914} INFO - Processing file /home/airflow/.local/lib/python3.12/site-packages/airflow/example_dags/example_bash_operator.py for tasks to queue
[2024-09-28T19:54:52.267+0000] {logging_mixin.py:190} INFO - [2024-09-28T19:54:52.266+0000] {dagbag.py:588} INFO - Filling up the DagBag from /home/airflow/.local/lib/python3.12/site-packages/airflow/example_dags/example_bash_operator.py
[2024-09-28T19:54:52.280+0000] {processor.py:925} INFO - DAG(s) 'example_bash_operator' retrieved from /home/airflow/.local/lib/python3.12/site-packages/airflow/example_dags/example_bash_operator.py
[2024-09-28T19:54:52.297+0000] {logging_mixin.py:190} INFO - [2024-09-28T19:54:52.297+0000] {dag.py:3239} INFO - Sync 1 DAGs
[2024-09-28T19:54:52.311+0000] {logging_mixin.py:190} INFO - [2024-09-28T19:54:52.311+0000] {dag.py:4180} INFO - Setting next_dagrun for example_bash_operator to 2024-09-27 00:00:00+00:00, run_after=2024-09-28 00:00:00+00:00
[2024-09-28T19:54:52.322+0000] {processor.py:208} INFO - Processing /home/airflow/.local/lib/python3.12/site-packages/airflow/example_dags/example_bash_operator.py took 0.065 seconds
[2024-09-28T19:55:22.811+0000] {processor.py:186} INFO - Started process (PID=424) to work on /home/airflow/.local/lib/python3.12/site-packages/airflow/example_dags/example_bash_operator.py
[2024-09-28T19:55:22.816+0000] {processor.py:914} INFO - Processing file /home/airflow/.local/lib/python3.12/site-packages/airflow/example_dags/example_bash_operator.py for tasks to queue
[2024-09-28T19:55:22.824+0000] {logging_mixin.py:190} INFO - [2024-09-28T19:55:22.824+0000] {dagbag.py:588} INFO - Filling up the DagBag from /home/airflow/.local/lib/python3.12/site-packages/airflow/example_dags/example_bash_operator.py
[2024-09-28T19:55:22.832+0000] {processor.py:925} INFO - DAG(s) 'example_bash_operator' retrieved from /home/airflow/.local/lib/python3.12/site-packages/airflow/example_dags/example_bash_operator.py
[2024-09-28T19:55:22.849+0000] {logging_mixin.py:190} INFO - [2024-09-28T19:55:22.848+0000] {dag.py:3239} INFO - Sync 1 DAGs
[2024-09-28T19:55:22.863+0000] {logging_mixin.py:190} INFO - [2024-09-28T19:55:22.862+0000] {dag.py:4180} INFO - Setting next_dagrun for example_bash_operator to 2024-09-27 00:00:00+00:00, run_after=2024-09-28 00:00:00+00:00
[2024-09-28T19:55:22.874+0000] {processor.py:208} INFO - Processing /home/airflow/.local/lib/python3.12/site-packages/airflow/example_dags/example_bash_operator.py took 0.067 seconds
[2024-09-28T19:55:53.198+0000] {processor.py:186} INFO - Started process (PID=490) to work on /home/airflow/.local/lib/python3.12/site-packages/airflow/example_dags/example_bash_operator.py
[2024-09-28T19:55:53.199+0000] {processor.py:914} INFO - Processing file /home/airflow/.local/lib/python3.12/site-packages/airflow/example_dags/example_bash_operator.py for tasks to queue
[2024-09-28T19:55:53.201+0000] {logging_mixin.py:190} INFO - [2024-09-28T19:55:53.201+0000] {dagbag.py:588} INFO - Filling up the DagBag from /home/airflow/.local/lib/python3.12/site-packages/airflow/example_dags/example_bash_operator.py
[2024-09-28T19:55:53.210+0000] {processor.py:925} INFO - DAG(s) 'example_bash_operator' retrieved from /home/airflow/.local/lib/python3.12/site-packages/airflow/example_dags/example_bash_operator.py
[2024-09-28T19:55:53.228+0000] {logging_mixin.py:190} INFO - [2024-09-28T19:55:53.228+0000] {dag.py:3239} INFO - Sync 1 DAGs
[2024-09-28T19:55:53.245+0000] {logging_mixin.py:190} INFO - [2024-09-28T19:55:53.244+0000] {dag.py:4180} INFO - Setting next_dagrun for example_bash_operator to 2024-09-27 00:00:00+00:00, run_after=2024-09-28 00:00:00+00:00
[2024-09-28T19:55:53.257+0000] {processor.py:208} INFO - Processing /home/airflow/.local/lib/python3.12/site-packages/airflow/example_dags/example_bash_operator.py took 0.063 seconds
[2024-09-28T19:56:23.464+0000] {processor.py:186} INFO - Started process (PID=555) to work on /home/airflow/.local/lib/python3.12/site-packages/airflow/example_dags/example_bash_operator.py
[2024-09-28T19:56:23.465+0000] {processor.py:914} INFO - Processing file /home/airflow/.local/lib/python3.12/site-packages/airflow/example_dags/example_bash_operator.py for tasks to queue
[2024-09-28T19:56:23.467+0000] {logging_mixin.py:190} INFO - [2024-09-28T19:56:23.466+0000] {dagbag.py:588} INFO - Filling up the DagBag from /home/airflow/.local/lib/python3.12/site-packages/airflow/example_dags/example_bash_operator.py
[2024-09-28T19:56:23.475+0000] {processor.py:925} INFO - DAG(s) 'example_bash_operator' retrieved from /home/airflow/.local/lib/python3.12/site-packages/airflow/example_dags/example_bash_operator.py
[2024-09-28T19:56:23.494+0000] {logging_mixin.py:190} INFO - [2024-09-28T19:56:23.493+0000] {dag.py:3239} INFO - Sync 1 DAGs
[2024-09-28T19:56:23.510+0000] {logging_mixin.py:190} INFO - [2024-09-28T19:56:23.509+0000] {dag.py:4180} INFO - Setting next_dagrun for example_bash_operator to 2024-09-27 00:00:00+00:00, run_after=2024-09-28 00:00:00+00:00
[2024-09-28T19:56:23.521+0000] {processor.py:208} INFO - Processing /home/airflow/.local/lib/python3.12/site-packages/airflow/example_dags/example_bash_operator.py took 0.061 seconds
[2024-09-28T19:56:53.958+0000] {processor.py:186} INFO - Started process (PID=620) to work on /home/airflow/.local/lib/python3.12/site-packages/airflow/example_dags/example_bash_operator.py
[2024-09-28T19:56:53.959+0000] {processor.py:914} INFO - Processing file /home/airflow/.local/lib/python3.12/site-packages/airflow/example_dags/example_bash_operator.py for tasks to queue
[2024-09-28T19:56:53.961+0000] {logging_mixin.py:190} INFO - [2024-09-28T19:56:53.960+0000] {dagbag.py:588} INFO - Filling up the DagBag from /home/airflow/.local/lib/python3.12/site-packages/airflow/example_dags/example_bash_operator.py
[2024-09-28T19:56:53.970+0000] {processor.py:925} INFO - DAG(s) 'example_bash_operator' retrieved from /home/airflow/.local/lib/python3.12/site-packages/airflow/example_dags/example_bash_operator.py
[2024-09-28T19:56:53.990+0000] {logging_mixin.py:190} INFO - [2024-09-28T19:56:53.990+0000] {dag.py:3239} INFO - Sync 1 DAGs
[2024-09-28T19:56:54.006+0000] {logging_mixin.py:190} INFO - [2024-09-28T19:56:54.006+0000] {dag.py:4180} INFO - Setting next_dagrun for example_bash_operator to 2024-09-27 00:00:00+00:00, run_after=2024-09-28 00:00:00+00:00
[2024-09-28T19:56:54.020+0000] {processor.py:208} INFO - Processing /home/airflow/.local/lib/python3.12/site-packages/airflow/example_dags/example_bash_operator.py took 0.066 seconds
[2024-09-28T19:57:24.146+0000] {processor.py:186} INFO - Started process (PID=685) to work on /home/airflow/.local/lib/python3.12/site-packages/airflow/example_dags/example_bash_operator.py
[2024-09-28T19:57:24.146+0000] {processor.py:914} INFO - Processing file /home/airflow/.local/lib/python3.12/site-packages/airflow/example_dags/example_bash_operator.py for tasks to queue
[2024-09-28T19:57:24.148+0000] {logging_mixin.py:190} INFO - [2024-09-28T19:57:24.148+0000] {dagbag.py:588} INFO - Filling up the DagBag from /home/airflow/.local/lib/python3.12/site-packages/airflow/example_dags/example_bash_operator.py
[2024-09-28T19:57:24.156+0000] {processor.py:925} INFO - DAG(s) 'example_bash_operator' retrieved from /home/airflow/.local/lib/python3.12/site-packages/airflow/example_dags/example_bash_operator.py
[2024-09-28T19:57:24.173+0000] {logging_mixin.py:190} INFO - [2024-09-28T19:57:24.173+0000] {dag.py:3239} INFO - Sync 1 DAGs
[2024-09-28T19:57:24.187+0000] {logging_mixin.py:190} INFO - [2024-09-28T19:57:24.187+0000] {dag.py:4180} INFO - Setting next_dagrun for example_bash_operator to 2024-09-27 00:00:00+00:00, run_after=2024-09-28 00:00:00+00:00
[2024-09-28T19:57:24.198+0000] {processor.py:208} INFO - Processing /home/airflow/.local/lib/python3.12/site-packages/airflow/example_dags/example_bash_operator.py took 0.057 seconds
[2024-09-28T19:57:54.756+0000] {processor.py:186} INFO - Started process (PID=750) to work on /home/airflow/.local/lib/python3.12/site-packages/airflow/example_dags/example_bash_operator.py
[2024-09-28T19:57:54.757+0000] {processor.py:914} INFO - Processing file /home/airflow/.local/lib/python3.12/site-packages/airflow/example_dags/example_bash_operator.py for tasks to queue
[2024-09-28T19:57:54.759+0000] {logging_mixin.py:190} INFO - [2024-09-28T19:57:54.758+0000] {dagbag.py:588} INFO - Filling up the DagBag from /home/airflow/.local/lib/python3.12/site-packages/airflow/example_dags/example_bash_operator.py
[2024-09-28T19:57:54.769+0000] {processor.py:925} INFO - DAG(s) 'example_bash_operator' retrieved from /home/airflow/.local/lib/python3.12/site-packages/airflow/example_dags/example_bash_operator.py
[2024-09-28T19:57:54.788+0000] {logging_mixin.py:190} INFO - [2024-09-28T19:57:54.788+0000] {dag.py:3239} INFO - Sync 1 DAGs
[2024-09-28T19:57:54.805+0000] {logging_mixin.py:190} INFO - [2024-09-28T19:57:54.805+0000] {dag.py:4180} INFO - Setting next_dagrun for example_bash_operator to 2024-09-27 00:00:00+00:00, run_after=2024-09-28 00:00:00+00:00
[2024-09-28T19:57:54.819+0000] {processor.py:208} INFO - Processing /home/airflow/.local/lib/python3.12/site-packages/airflow/example_dags/example_bash_operator.py took 0.066 seconds
[2024-09-28T19:58:25.198+0000] {processor.py:186} INFO - Started process (PID=815) to work on /home/airflow/.local/lib/python3.12/site-packages/airflow/example_dags/example_bash_operator.py
[2024-09-28T19:58:25.199+0000] {processor.py:914} INFO - Processing file /home/airflow/.local/lib/python3.12/site-packages/airflow/example_dags/example_bash_operator.py for tasks to queue
[2024-09-28T19:58:25.201+0000] {logging_mixin.py:190} INFO - [2024-09-28T19:58:25.200+0000] {dagbag.py:588} INFO - Filling up the DagBag from /home/airflow/.local/lib/python3.12/site-packages/airflow/example_dags/example_bash_operator.py
[2024-09-28T19:58:25.209+0000] {processor.py:925} INFO - DAG(s) 'example_bash_operator' retrieved from /home/airflow/.local/lib/python3.12/site-packages/airflow/example_dags/example_bash_operator.py
[2024-09-28T19:58:25.225+0000] {logging_mixin.py:190} INFO - [2024-09-28T19:58:25.225+0000] {dag.py:3239} INFO - Sync 1 DAGs
[2024-09-28T19:58:25.249+0000] {logging_mixin.py:190} INFO - [2024-09-28T19:58:25.248+0000] {dag.py:4180} INFO - Setting next_dagrun for example_bash_operator to 2024-09-27 00:00:00+00:00, run_after=2024-09-28 00:00:00+00:00
[2024-09-28T19:58:25.260+0000] {processor.py:208} INFO - Processing /home/airflow/.local/lib/python3.12/site-packages/airflow/example_dags/example_bash_operator.py took 0.066 seconds
[2024-09-28T19:58:55.448+0000] {processor.py:186} INFO - Started process (PID=880) to work on /home/airflow/.local/lib/python3.12/site-packages/airflow/example_dags/example_bash_operator.py
[2024-09-28T19:58:55.449+0000] {processor.py:914} INFO - Processing file /home/airflow/.local/lib/python3.12/site-packages/airflow/example_dags/example_bash_operator.py for tasks to queue
[2024-09-28T19:58:55.450+0000] {logging_mixin.py:190} INFO - [2024-09-28T19:58:55.450+0000] {dagbag.py:588} INFO - Filling up the DagBag from /home/airflow/.local/lib/python3.12/site-packages/airflow/example_dags/example_bash_operator.py
[2024-09-28T19:58:55.459+0000] {processor.py:925} INFO - DAG(s) 'example_bash_operator' retrieved from /home/airflow/.local/lib/python3.12/site-packages/airflow/example_dags/example_bash_operator.py
[2024-09-28T19:58:55.476+0000] {logging_mixin.py:190} INFO - [2024-09-28T19:58:55.476+0000] {dag.py:3239} INFO - Sync 1 DAGs
[2024-09-28T19:58:55.491+0000] {logging_mixin.py:190} INFO - [2024-09-28T19:58:55.491+0000] {dag.py:4180} INFO - Setting next_dagrun for example_bash_operator to 2024-09-27 00:00:00+00:00, run_after=2024-09-28 00:00:00+00:00
[2024-09-28T19:58:55.505+0000] {processor.py:208} INFO - Processing /home/airflow/.local/lib/python3.12/site-packages/airflow/example_dags/example_bash_operator.py took 0.061 seconds
[2024-09-28T19:59:25.858+0000] {processor.py:186} INFO - Started process (PID=945) to work on /home/airflow/.local/lib/python3.12/site-packages/airflow/example_dags/example_bash_operator.py
[2024-09-28T19:59:25.859+0000] {processor.py:914} INFO - Processing file /home/airflow/.local/lib/python3.12/site-packages/airflow/example_dags/example_bash_operator.py for tasks to queue
[2024-09-28T19:59:25.860+0000] {logging_mixin.py:190} INFO - [2024-09-28T19:59:25.860+0000] {dagbag.py:588} INFO - Filling up the DagBag from /home/airflow/.local/lib/python3.12/site-packages/airflow/example_dags/example_bash_operator.py
[2024-09-28T19:59:25.868+0000] {processor.py:925} INFO - DAG(s) 'example_bash_operator' retrieved from /home/airflow/.local/lib/python3.12/site-packages/airflow/example_dags/example_bash_operator.py
[2024-09-28T19:59:25.884+0000] {logging_mixin.py:190} INFO - [2024-09-28T19:59:25.884+0000] {dag.py:3239} INFO - Sync 1 DAGs
[2024-09-28T19:59:25.899+0000] {logging_mixin.py:190} INFO - [2024-09-28T19:59:25.899+0000] {dag.py:4180} INFO - Setting next_dagrun for example_bash_operator to 2024-09-27 00:00:00+00:00, run_after=2024-09-28 00:00:00+00:00
[2024-09-28T19:59:25.911+0000] {processor.py:208} INFO - Processing /home/airflow/.local/lib/python3.12/site-packages/airflow/example_dags/example_bash_operator.py took 0.057 seconds
[2024-09-28T19:59:56.304+0000] {processor.py:186} INFO - Started process (PID=1010) to work on /home/airflow/.local/lib/python3.12/site-packages/airflow/example_dags/example_bash_operator.py
[2024-09-28T19:59:56.305+0000] {processor.py:914} INFO - Processing file /home/airflow/.local/lib/python3.12/site-packages/airflow/example_dags/example_bash_operator.py for tasks to queue
[2024-09-28T19:59:56.306+0000] {logging_mixin.py:190} INFO - [2024-09-28T19:59:56.306+0000] {dagbag.py:588} INFO - Filling up the DagBag from /home/airflow/.local/lib/python3.12/site-packages/airflow/example_dags/example_bash_operator.py
[2024-09-28T19:59:56.314+0000] {processor.py:925} INFO - DAG(s) 'example_bash_operator' retrieved from /home/airflow/.local/lib/python3.12/site-packages/airflow/example_dags/example_bash_operator.py
[2024-09-28T19:59:56.330+0000] {logging_mixin.py:190} INFO - [2024-09-28T19:59:56.330+0000] {dag.py:3239} INFO - Sync 1 DAGs
[2024-09-28T19:59:56.346+0000] {logging_mixin.py:190} INFO - [2024-09-28T19:59:56.345+0000] {dag.py:4180} INFO - Setting next_dagrun for example_bash_operator to 2024-09-27 00:00:00+00:00, run_after=2024-09-28 00:00:00+00:00
[2024-09-28T19:59:56.359+0000] {processor.py:208} INFO - Processing /home/airflow/.local/lib/python3.12/site-packages/airflow/example_dags/example_bash_operator.py took 0.058 seconds
[2024-09-28T20:05:10.119+0000] {processor.py:186} INFO - Started process (PID=99) to work on /home/airflow/.local/lib/python3.12/site-packages/airflow/example_dags/example_bash_operator.py
[2024-09-28T20:05:10.120+0000] {processor.py:914} INFO - Processing file /home/airflow/.local/lib/python3.12/site-packages/airflow/example_dags/example_bash_operator.py for tasks to queue
[2024-09-28T20:05:10.122+0000] {logging_mixin.py:190} INFO - [2024-09-28T20:05:10.121+0000] {dagbag.py:588} INFO - Filling up the DagBag from /home/airflow/.local/lib/python3.12/site-packages/airflow/example_dags/example_bash_operator.py
[2024-09-28T20:05:10.132+0000] {processor.py:925} INFO - DAG(s) 'example_bash_operator' retrieved from /home/airflow/.local/lib/python3.12/site-packages/airflow/example_dags/example_bash_operator.py
[2024-09-28T20:05:10.149+0000] {logging_mixin.py:190} INFO - [2024-09-28T20:05:10.149+0000] {dag.py:3239} INFO - Sync 1 DAGs
[2024-09-28T20:05:10.165+0000] {logging_mixin.py:190} INFO - [2024-09-28T20:05:10.164+0000] {dag.py:4180} INFO - Setting next_dagrun for example_bash_operator to 2024-09-27 00:00:00+00:00, run_after=2024-09-28 00:00:00+00:00
[2024-09-28T20:05:10.176+0000] {processor.py:208} INFO - Processing /home/airflow/.local/lib/python3.12/site-packages/airflow/example_dags/example_bash_operator.py took 0.061 seconds
[2024-09-28T20:05:40.417+0000] {processor.py:186} INFO - Started process (PID=164) to work on /home/airflow/.local/lib/python3.12/site-packages/airflow/example_dags/example_bash_operator.py
[2024-09-28T20:05:40.418+0000] {processor.py:914} INFO - Processing file /home/airflow/.local/lib/python3.12/site-packages/airflow/example_dags/example_bash_operator.py for tasks to queue
[2024-09-28T20:05:40.420+0000] {logging_mixin.py:190} INFO - [2024-09-28T20:05:40.420+0000] {dagbag.py:588} INFO - Filling up the DagBag from /home/airflow/.local/lib/python3.12/site-packages/airflow/example_dags/example_bash_operator.py
[2024-09-28T20:05:40.428+0000] {processor.py:925} INFO - DAG(s) 'example_bash_operator' retrieved from /home/airflow/.local/lib/python3.12/site-packages/airflow/example_dags/example_bash_operator.py
[2024-09-28T20:05:40.446+0000] {logging_mixin.py:190} INFO - [2024-09-28T20:05:40.446+0000] {dag.py:3239} INFO - Sync 1 DAGs
[2024-09-28T20:05:40.463+0000] {logging_mixin.py:190} INFO - [2024-09-28T20:05:40.462+0000] {dag.py:4180} INFO - Setting next_dagrun for example_bash_operator to 2024-09-27 00:00:00+00:00, run_after=2024-09-28 00:00:00+00:00
[2024-09-28T20:05:40.474+0000] {processor.py:208} INFO - Processing /home/airflow/.local/lib/python3.12/site-packages/airflow/example_dags/example_bash_operator.py took 0.060 seconds
[2024-09-28T20:06:10.874+0000] {processor.py:186} INFO - Started process (PID=229) to work on /home/airflow/.local/lib/python3.12/site-packages/airflow/example_dags/example_bash_operator.py
[2024-09-28T20:06:10.875+0000] {processor.py:914} INFO - Processing file /home/airflow/.local/lib/python3.12/site-packages/airflow/example_dags/example_bash_operator.py for tasks to queue
[2024-09-28T20:06:10.877+0000] {logging_mixin.py:190} INFO - [2024-09-28T20:06:10.877+0000] {dagbag.py:588} INFO - Filling up the DagBag from /home/airflow/.local/lib/python3.12/site-packages/airflow/example_dags/example_bash_operator.py
[2024-09-28T20:06:10.886+0000] {processor.py:925} INFO - DAG(s) 'example_bash_operator' retrieved from /home/airflow/.local/lib/python3.12/site-packages/airflow/example_dags/example_bash_operator.py
[2024-09-28T20:06:10.904+0000] {logging_mixin.py:190} INFO - [2024-09-28T20:06:10.904+0000] {dag.py:3239} INFO - Sync 1 DAGs
[2024-09-28T20:06:10.921+0000] {logging_mixin.py:190} INFO - [2024-09-28T20:06:10.921+0000] {dag.py:4180} INFO - Setting next_dagrun for example_bash_operator to 2024-09-27 00:00:00+00:00, run_after=2024-09-28 00:00:00+00:00
[2024-09-28T20:06:10.935+0000] {processor.py:208} INFO - Processing /home/airflow/.local/lib/python3.12/site-packages/airflow/example_dags/example_bash_operator.py took 0.064 seconds
[2024-09-28T20:06:41.368+0000] {processor.py:186} INFO - Started process (PID=295) to work on /home/airflow/.local/lib/python3.12/site-packages/airflow/example_dags/example_bash_operator.py
[2024-09-28T20:06:41.369+0000] {processor.py:914} INFO - Processing file /home/airflow/.local/lib/python3.12/site-packages/airflow/example_dags/example_bash_operator.py for tasks to queue
[2024-09-28T20:06:41.377+0000] {logging_mixin.py:190} INFO - [2024-09-28T20:06:41.377+0000] {dagbag.py:588} INFO - Filling up the DagBag from /home/airflow/.local/lib/python3.12/site-packages/airflow/example_dags/example_bash_operator.py
[2024-09-28T20:06:41.389+0000] {processor.py:925} INFO - DAG(s) 'example_bash_operator' retrieved from /home/airflow/.local/lib/python3.12/site-packages/airflow/example_dags/example_bash_operator.py
[2024-09-28T20:06:41.406+0000] {logging_mixin.py:190} INFO - [2024-09-28T20:06:41.406+0000] {dag.py:3239} INFO - Sync 1 DAGs
[2024-09-28T20:06:41.425+0000] {logging_mixin.py:190} INFO - [2024-09-28T20:06:41.425+0000] {dag.py:4180} INFO - Setting next_dagrun for example_bash_operator to 2024-09-27 00:00:00+00:00, run_after=2024-09-28 00:00:00+00:00
[2024-09-28T20:06:41.437+0000] {processor.py:208} INFO - Processing /home/airflow/.local/lib/python3.12/site-packages/airflow/example_dags/example_bash_operator.py took 0.073 seconds
[2024-09-28T20:07:11.727+0000] {processor.py:186} INFO - Started process (PID=360) to work on /home/airflow/.local/lib/python3.12/site-packages/airflow/example_dags/example_bash_operator.py
[2024-09-28T20:07:11.727+0000] {processor.py:914} INFO - Processing file /home/airflow/.local/lib/python3.12/site-packages/airflow/example_dags/example_bash_operator.py for tasks to queue
[2024-09-28T20:07:11.729+0000] {logging_mixin.py:190} INFO - [2024-09-28T20:07:11.729+0000] {dagbag.py:588} INFO - Filling up the DagBag from /home/airflow/.local/lib/python3.12/site-packages/airflow/example_dags/example_bash_operator.py
[2024-09-28T20:07:11.737+0000] {processor.py:925} INFO - DAG(s) 'example_bash_operator' retrieved from /home/airflow/.local/lib/python3.12/site-packages/airflow/example_dags/example_bash_operator.py
[2024-09-28T20:07:11.755+0000] {logging_mixin.py:190} INFO - [2024-09-28T20:07:11.755+0000] {dag.py:3239} INFO - Sync 1 DAGs
[2024-09-28T20:07:11.770+0000] {logging_mixin.py:190} INFO - [2024-09-28T20:07:11.769+0000] {dag.py:4180} INFO - Setting next_dagrun for example_bash_operator to 2024-09-27 00:00:00+00:00, run_after=2024-09-28 00:00:00+00:00
[2024-09-28T20:07:11.781+0000] {processor.py:208} INFO - Processing /home/airflow/.local/lib/python3.12/site-packages/airflow/example_dags/example_bash_operator.py took 0.058 seconds
[2024-09-28T20:07:43.071+0000] {processor.py:186} INFO - Started process (PID=426) to work on /home/airflow/.local/lib/python3.12/site-packages/airflow/example_dags/example_bash_operator.py
[2024-09-28T20:07:43.072+0000] {processor.py:914} INFO - Processing file /home/airflow/.local/lib/python3.12/site-packages/airflow/example_dags/example_bash_operator.py for tasks to queue
[2024-09-28T20:07:43.074+0000] {logging_mixin.py:190} INFO - [2024-09-28T20:07:43.074+0000] {dagbag.py:588} INFO - Filling up the DagBag from /home/airflow/.local/lib/python3.12/site-packages/airflow/example_dags/example_bash_operator.py
[2024-09-28T20:07:43.082+0000] {processor.py:925} INFO - DAG(s) 'example_bash_operator' retrieved from /home/airflow/.local/lib/python3.12/site-packages/airflow/example_dags/example_bash_operator.py
[2024-09-28T20:07:43.099+0000] {logging_mixin.py:190} INFO - [2024-09-28T20:07:43.098+0000] {dag.py:3239} INFO - Sync 1 DAGs
[2024-09-28T20:07:43.114+0000] {logging_mixin.py:190} INFO - [2024-09-28T20:07:43.113+0000] {dag.py:4180} INFO - Setting next_dagrun for example_bash_operator to 2024-09-27 00:00:00+00:00, run_after=2024-09-28 00:00:00+00:00
[2024-09-28T20:07:43.137+0000] {processor.py:208} INFO - Processing /home/airflow/.local/lib/python3.12/site-packages/airflow/example_dags/example_bash_operator.py took 0.069 seconds
[2024-09-28T20:08:13.266+0000] {processor.py:186} INFO - Started process (PID=491) to work on /home/airflow/.local/lib/python3.12/site-packages/airflow/example_dags/example_bash_operator.py
[2024-09-28T20:08:13.267+0000] {processor.py:914} INFO - Processing file /home/airflow/.local/lib/python3.12/site-packages/airflow/example_dags/example_bash_operator.py for tasks to queue
[2024-09-28T20:08:13.269+0000] {logging_mixin.py:190} INFO - [2024-09-28T20:08:13.268+0000] {dagbag.py:588} INFO - Filling up the DagBag from /home/airflow/.local/lib/python3.12/site-packages/airflow/example_dags/example_bash_operator.py
[2024-09-28T20:08:13.277+0000] {processor.py:925} INFO - DAG(s) 'example_bash_operator' retrieved from /home/airflow/.local/lib/python3.12/site-packages/airflow/example_dags/example_bash_operator.py
[2024-09-28T20:08:13.293+0000] {logging_mixin.py:190} INFO - [2024-09-28T20:08:13.293+0000] {dag.py:3239} INFO - Sync 1 DAGs
[2024-09-28T20:08:13.309+0000] {logging_mixin.py:190} INFO - [2024-09-28T20:08:13.309+0000] {dag.py:4180} INFO - Setting next_dagrun for example_bash_operator to 2024-09-27 00:00:00+00:00, run_after=2024-09-28 00:00:00+00:00
[2024-09-28T20:08:13.326+0000] {processor.py:208} INFO - Processing /home/airflow/.local/lib/python3.12/site-packages/airflow/example_dags/example_bash_operator.py took 0.063 seconds
[2024-09-28T20:08:44.136+0000] {processor.py:186} INFO - Started process (PID=556) to work on /home/airflow/.local/lib/python3.12/site-packages/airflow/example_dags/example_bash_operator.py
[2024-09-28T20:08:44.137+0000] {processor.py:914} INFO - Processing file /home/airflow/.local/lib/python3.12/site-packages/airflow/example_dags/example_bash_operator.py for tasks to queue
[2024-09-28T20:08:44.139+0000] {logging_mixin.py:190} INFO - [2024-09-28T20:08:44.139+0000] {dagbag.py:588} INFO - Filling up the DagBag from /home/airflow/.local/lib/python3.12/site-packages/airflow/example_dags/example_bash_operator.py
[2024-09-28T20:08:44.148+0000] {processor.py:925} INFO - DAG(s) 'example_bash_operator' retrieved from /home/airflow/.local/lib/python3.12/site-packages/airflow/example_dags/example_bash_operator.py
[2024-09-28T20:08:44.167+0000] {logging_mixin.py:190} INFO - [2024-09-28T20:08:44.167+0000] {dag.py:3239} INFO - Sync 1 DAGs
[2024-09-28T20:08:44.183+0000] {logging_mixin.py:190} INFO - [2024-09-28T20:08:44.183+0000] {dag.py:4180} INFO - Setting next_dagrun for example_bash_operator to 2024-09-27 00:00:00+00:00, run_after=2024-09-28 00:00:00+00:00
[2024-09-28T20:08:44.197+0000] {processor.py:208} INFO - Processing /home/airflow/.local/lib/python3.12/site-packages/airflow/example_dags/example_bash_operator.py took 0.065 seconds
[2024-09-28T20:09:15.061+0000] {processor.py:186} INFO - Started process (PID=621) to work on /home/airflow/.local/lib/python3.12/site-packages/airflow/example_dags/example_bash_operator.py
[2024-09-28T20:09:15.062+0000] {processor.py:914} INFO - Processing file /home/airflow/.local/lib/python3.12/site-packages/airflow/example_dags/example_bash_operator.py for tasks to queue
[2024-09-28T20:09:15.064+0000] {logging_mixin.py:190} INFO - [2024-09-28T20:09:15.064+0000] {dagbag.py:588} INFO - Filling up the DagBag from /home/airflow/.local/lib/python3.12/site-packages/airflow/example_dags/example_bash_operator.py
[2024-09-28T20:09:15.073+0000] {processor.py:925} INFO - DAG(s) 'example_bash_operator' retrieved from /home/airflow/.local/lib/python3.12/site-packages/airflow/example_dags/example_bash_operator.py
[2024-09-28T20:09:15.092+0000] {logging_mixin.py:190} INFO - [2024-09-28T20:09:15.092+0000] {dag.py:3239} INFO - Sync 1 DAGs
[2024-09-28T20:09:15.110+0000] {logging_mixin.py:190} INFO - [2024-09-28T20:09:15.110+0000] {dag.py:4180} INFO - Setting next_dagrun for example_bash_operator to 2024-09-27 00:00:00+00:00, run_after=2024-09-28 00:00:00+00:00
[2024-09-28T20:09:15.123+0000] {processor.py:208} INFO - Processing /home/airflow/.local/lib/python3.12/site-packages/airflow/example_dags/example_bash_operator.py took 0.066 seconds
[2024-09-28T20:09:46.171+0000] {processor.py:186} INFO - Started process (PID=686) to work on /home/airflow/.local/lib/python3.12/site-packages/airflow/example_dags/example_bash_operator.py
[2024-09-28T20:09:46.172+0000] {processor.py:914} INFO - Processing file /home/airflow/.local/lib/python3.12/site-packages/airflow/example_dags/example_bash_operator.py for tasks to queue
[2024-09-28T20:09:46.174+0000] {logging_mixin.py:190} INFO - [2024-09-28T20:09:46.173+0000] {dagbag.py:588} INFO - Filling up the DagBag from /home/airflow/.local/lib/python3.12/site-packages/airflow/example_dags/example_bash_operator.py
[2024-09-28T20:09:46.182+0000] {processor.py:925} INFO - DAG(s) 'example_bash_operator' retrieved from /home/airflow/.local/lib/python3.12/site-packages/airflow/example_dags/example_bash_operator.py
[2024-09-28T20:09:46.204+0000] {logging_mixin.py:190} INFO - [2024-09-28T20:09:46.204+0000] {dag.py:3239} INFO - Sync 1 DAGs
[2024-09-28T20:09:46.221+0000] {logging_mixin.py:190} INFO - [2024-09-28T20:09:46.220+0000] {dag.py:4180} INFO - Setting next_dagrun for example_bash_operator to 2024-09-27 00:00:00+00:00, run_after=2024-09-28 00:00:00+00:00
[2024-09-28T20:09:46.233+0000] {processor.py:208} INFO - Processing /home/airflow/.local/lib/python3.12/site-packages/airflow/example_dags/example_bash_operator.py took 0.066 seconds
[2024-09-28T20:10:16.479+0000] {processor.py:186} INFO - Started process (PID=752) to work on /home/airflow/.local/lib/python3.12/site-packages/airflow/example_dags/example_bash_operator.py
[2024-09-28T20:10:16.480+0000] {processor.py:914} INFO - Processing file /home/airflow/.local/lib/python3.12/site-packages/airflow/example_dags/example_bash_operator.py for tasks to queue
[2024-09-28T20:10:16.482+0000] {logging_mixin.py:190} INFO - [2024-09-28T20:10:16.481+0000] {dagbag.py:588} INFO - Filling up the DagBag from /home/airflow/.local/lib/python3.12/site-packages/airflow/example_dags/example_bash_operator.py
[2024-09-28T20:10:16.491+0000] {processor.py:925} INFO - DAG(s) 'example_bash_operator' retrieved from /home/airflow/.local/lib/python3.12/site-packages/airflow/example_dags/example_bash_operator.py
[2024-09-28T20:10:16.510+0000] {logging_mixin.py:190} INFO - [2024-09-28T20:10:16.509+0000] {dag.py:3239} INFO - Sync 1 DAGs
[2024-09-28T20:10:16.527+0000] {logging_mixin.py:190} INFO - [2024-09-28T20:10:16.527+0000] {dag.py:4180} INFO - Setting next_dagrun for example_bash_operator to 2024-09-27 00:00:00+00:00, run_after=2024-09-28 00:00:00+00:00
[2024-09-28T20:10:16.542+0000] {processor.py:208} INFO - Processing /home/airflow/.local/lib/python3.12/site-packages/airflow/example_dags/example_bash_operator.py took 0.067 seconds
[2024-09-28T20:10:46.713+0000] {processor.py:186} INFO - Started process (PID=818) to work on /home/airflow/.local/lib/python3.12/site-packages/airflow/example_dags/example_bash_operator.py
[2024-09-28T20:10:46.714+0000] {processor.py:914} INFO - Processing file /home/airflow/.local/lib/python3.12/site-packages/airflow/example_dags/example_bash_operator.py for tasks to queue
[2024-09-28T20:10:46.716+0000] {logging_mixin.py:190} INFO - [2024-09-28T20:10:46.716+0000] {dagbag.py:588} INFO - Filling up the DagBag from /home/airflow/.local/lib/python3.12/site-packages/airflow/example_dags/example_bash_operator.py
[2024-09-28T20:10:46.725+0000] {processor.py:925} INFO - DAG(s) 'example_bash_operator' retrieved from /home/airflow/.local/lib/python3.12/site-packages/airflow/example_dags/example_bash_operator.py
[2024-09-28T20:10:46.743+0000] {logging_mixin.py:190} INFO - [2024-09-28T20:10:46.743+0000] {dag.py:3239} INFO - Sync 1 DAGs
[2024-09-28T20:10:46.760+0000] {logging_mixin.py:190} INFO - [2024-09-28T20:10:46.760+0000] {dag.py:4180} INFO - Setting next_dagrun for example_bash_operator to 2024-09-27 00:00:00+00:00, run_after=2024-09-28 00:00:00+00:00
[2024-09-28T20:10:46.773+0000] {processor.py:208} INFO - Processing /home/airflow/.local/lib/python3.12/site-packages/airflow/example_dags/example_bash_operator.py took 0.063 seconds
[2024-09-28T20:11:17.007+0000] {processor.py:186} INFO - Started process (PID=888) to work on /home/airflow/.local/lib/python3.12/site-packages/airflow/example_dags/example_bash_operator.py
[2024-09-28T20:11:17.009+0000] {processor.py:914} INFO - Processing file /home/airflow/.local/lib/python3.12/site-packages/airflow/example_dags/example_bash_operator.py for tasks to queue
[2024-09-28T20:11:17.011+0000] {logging_mixin.py:190} INFO - [2024-09-28T20:11:17.011+0000] {dagbag.py:588} INFO - Filling up the DagBag from /home/airflow/.local/lib/python3.12/site-packages/airflow/example_dags/example_bash_operator.py
[2024-09-28T20:11:17.022+0000] {processor.py:925} INFO - DAG(s) 'example_bash_operator' retrieved from /home/airflow/.local/lib/python3.12/site-packages/airflow/example_dags/example_bash_operator.py
[2024-09-28T20:11:17.048+0000] {logging_mixin.py:190} INFO - [2024-09-28T20:11:17.047+0000] {dag.py:3239} INFO - Sync 1 DAGs
[2024-09-28T20:11:17.070+0000] {logging_mixin.py:190} INFO - [2024-09-28T20:11:17.070+0000] {dag.py:4180} INFO - Setting next_dagrun for example_bash_operator to 2024-09-27 00:00:00+00:00, run_after=2024-09-28 00:00:00+00:00
[2024-09-28T20:11:17.085+0000] {processor.py:208} INFO - Processing /home/airflow/.local/lib/python3.12/site-packages/airflow/example_dags/example_bash_operator.py took 0.084 seconds
[2024-09-28T20:11:47.451+0000] {processor.py:186} INFO - Started process (PID=954) to work on /home/airflow/.local/lib/python3.12/site-packages/airflow/example_dags/example_bash_operator.py
[2024-09-28T20:11:47.452+0000] {processor.py:914} INFO - Processing file /home/airflow/.local/lib/python3.12/site-packages/airflow/example_dags/example_bash_operator.py for tasks to queue
[2024-09-28T20:11:47.454+0000] {logging_mixin.py:190} INFO - [2024-09-28T20:11:47.454+0000] {dagbag.py:588} INFO - Filling up the DagBag from /home/airflow/.local/lib/python3.12/site-packages/airflow/example_dags/example_bash_operator.py
[2024-09-28T20:11:47.463+0000] {processor.py:925} INFO - DAG(s) 'example_bash_operator' retrieved from /home/airflow/.local/lib/python3.12/site-packages/airflow/example_dags/example_bash_operator.py
[2024-09-28T20:11:47.482+0000] {logging_mixin.py:190} INFO - [2024-09-28T20:11:47.482+0000] {dag.py:3239} INFO - Sync 1 DAGs
[2024-09-28T20:11:47.498+0000] {logging_mixin.py:190} INFO - [2024-09-28T20:11:47.498+0000] {dag.py:4180} INFO - Setting next_dagrun for example_bash_operator to 2024-09-27 00:00:00+00:00, run_after=2024-09-28 00:00:00+00:00
[2024-09-28T20:11:47.511+0000] {processor.py:208} INFO - Processing /home/airflow/.local/lib/python3.12/site-packages/airflow/example_dags/example_bash_operator.py took 0.065 seconds
[2024-09-28T20:12:17.821+0000] {processor.py:186} INFO - Started process (PID=1020) to work on /home/airflow/.local/lib/python3.12/site-packages/airflow/example_dags/example_bash_operator.py
[2024-09-28T20:12:17.822+0000] {processor.py:914} INFO - Processing file /home/airflow/.local/lib/python3.12/site-packages/airflow/example_dags/example_bash_operator.py for tasks to queue
[2024-09-28T20:12:17.824+0000] {logging_mixin.py:190} INFO - [2024-09-28T20:12:17.824+0000] {dagbag.py:588} INFO - Filling up the DagBag from /home/airflow/.local/lib/python3.12/site-packages/airflow/example_dags/example_bash_operator.py
[2024-09-28T20:12:17.832+0000] {processor.py:925} INFO - DAG(s) 'example_bash_operator' retrieved from /home/airflow/.local/lib/python3.12/site-packages/airflow/example_dags/example_bash_operator.py
[2024-09-28T20:12:17.847+0000] {logging_mixin.py:190} INFO - [2024-09-28T20:12:17.847+0000] {dag.py:3239} INFO - Sync 1 DAGs
[2024-09-28T20:12:17.863+0000] {logging_mixin.py:190} INFO - [2024-09-28T20:12:17.862+0000] {dag.py:4180} INFO - Setting next_dagrun for example_bash_operator to 2024-09-27 00:00:00+00:00, run_after=2024-09-28 00:00:00+00:00
[2024-09-28T20:12:17.874+0000] {processor.py:208} INFO - Processing /home/airflow/.local/lib/python3.12/site-packages/airflow/example_dags/example_bash_operator.py took 0.056 seconds
[2024-09-28T20:12:48.836+0000] {processor.py:186} INFO - Started process (PID=1086) to work on /home/airflow/.local/lib/python3.12/site-packages/airflow/example_dags/example_bash_operator.py
[2024-09-28T20:12:48.837+0000] {processor.py:914} INFO - Processing file /home/airflow/.local/lib/python3.12/site-packages/airflow/example_dags/example_bash_operator.py for tasks to queue
[2024-09-28T20:12:48.839+0000] {logging_mixin.py:190} INFO - [2024-09-28T20:12:48.839+0000] {dagbag.py:588} INFO - Filling up the DagBag from /home/airflow/.local/lib/python3.12/site-packages/airflow/example_dags/example_bash_operator.py
[2024-09-28T20:12:48.847+0000] {processor.py:925} INFO - DAG(s) 'example_bash_operator' retrieved from /home/airflow/.local/lib/python3.12/site-packages/airflow/example_dags/example_bash_operator.py
[2024-09-28T20:12:48.864+0000] {logging_mixin.py:190} INFO - [2024-09-28T20:12:48.864+0000] {dag.py:3239} INFO - Sync 1 DAGs
[2024-09-28T20:12:48.880+0000] {logging_mixin.py:190} INFO - [2024-09-28T20:12:48.880+0000] {dag.py:4180} INFO - Setting next_dagrun for example_bash_operator to 2024-09-27 00:00:00+00:00, run_after=2024-09-28 00:00:00+00:00
[2024-09-28T20:12:48.891+0000] {processor.py:208} INFO - Processing /home/airflow/.local/lib/python3.12/site-packages/airflow/example_dags/example_bash_operator.py took 0.058 seconds
[2024-09-28T20:13:19.087+0000] {processor.py:186} INFO - Started process (PID=1152) to work on /home/airflow/.local/lib/python3.12/site-packages/airflow/example_dags/example_bash_operator.py
[2024-09-28T20:13:19.088+0000] {processor.py:914} INFO - Processing file /home/airflow/.local/lib/python3.12/site-packages/airflow/example_dags/example_bash_operator.py for tasks to queue
[2024-09-28T20:13:19.090+0000] {logging_mixin.py:190} INFO - [2024-09-28T20:13:19.090+0000] {dagbag.py:588} INFO - Filling up the DagBag from /home/airflow/.local/lib/python3.12/site-packages/airflow/example_dags/example_bash_operator.py
[2024-09-28T20:13:19.098+0000] {processor.py:925} INFO - DAG(s) 'example_bash_operator' retrieved from /home/airflow/.local/lib/python3.12/site-packages/airflow/example_dags/example_bash_operator.py
[2024-09-28T20:13:19.117+0000] {logging_mixin.py:190} INFO - [2024-09-28T20:13:19.117+0000] {dag.py:3239} INFO - Sync 1 DAGs
[2024-09-28T20:13:19.134+0000] {logging_mixin.py:190} INFO - [2024-09-28T20:13:19.134+0000] {dag.py:4180} INFO - Setting next_dagrun for example_bash_operator to 2024-09-27 00:00:00+00:00, run_after=2024-09-28 00:00:00+00:00
[2024-09-28T20:13:19.148+0000] {processor.py:208} INFO - Processing /home/airflow/.local/lib/python3.12/site-packages/airflow/example_dags/example_bash_operator.py took 0.065 seconds
[2024-09-28T20:13:49.442+0000] {processor.py:186} INFO - Started process (PID=1217) to work on /home/airflow/.local/lib/python3.12/site-packages/airflow/example_dags/example_bash_operator.py
[2024-09-28T20:13:49.442+0000] {processor.py:914} INFO - Processing file /home/airflow/.local/lib/python3.12/site-packages/airflow/example_dags/example_bash_operator.py for tasks to queue
[2024-09-28T20:13:49.444+0000] {logging_mixin.py:190} INFO - [2024-09-28T20:13:49.444+0000] {dagbag.py:588} INFO - Filling up the DagBag from /home/airflow/.local/lib/python3.12/site-packages/airflow/example_dags/example_bash_operator.py
[2024-09-28T20:13:49.452+0000] {processor.py:925} INFO - DAG(s) 'example_bash_operator' retrieved from /home/airflow/.local/lib/python3.12/site-packages/airflow/example_dags/example_bash_operator.py
[2024-09-28T20:13:49.470+0000] {logging_mixin.py:190} INFO - [2024-09-28T20:13:49.470+0000] {dag.py:3239} INFO - Sync 1 DAGs
[2024-09-28T20:13:49.488+0000] {logging_mixin.py:190} INFO - [2024-09-28T20:13:49.487+0000] {dag.py:4180} INFO - Setting next_dagrun for example_bash_operator to 2024-09-27 00:00:00+00:00, run_after=2024-09-28 00:00:00+00:00
[2024-09-28T20:13:49.501+0000] {processor.py:208} INFO - Processing /home/airflow/.local/lib/python3.12/site-packages/airflow/example_dags/example_bash_operator.py took 0.063 seconds
[2024-09-28T20:14:19.677+0000] {processor.py:186} INFO - Started process (PID=1283) to work on /home/airflow/.local/lib/python3.12/site-packages/airflow/example_dags/example_bash_operator.py
[2024-09-28T20:14:19.680+0000] {processor.py:914} INFO - Processing file /home/airflow/.local/lib/python3.12/site-packages/airflow/example_dags/example_bash_operator.py for tasks to queue
[2024-09-28T20:14:19.682+0000] {logging_mixin.py:190} INFO - [2024-09-28T20:14:19.681+0000] {dagbag.py:588} INFO - Filling up the DagBag from /home/airflow/.local/lib/python3.12/site-packages/airflow/example_dags/example_bash_operator.py
[2024-09-28T20:14:19.691+0000] {processor.py:925} INFO - DAG(s) 'example_bash_operator' retrieved from /home/airflow/.local/lib/python3.12/site-packages/airflow/example_dags/example_bash_operator.py
[2024-09-28T20:14:19.709+0000] {logging_mixin.py:190} INFO - [2024-09-28T20:14:19.709+0000] {dag.py:3239} INFO - Sync 1 DAGs
[2024-09-28T20:14:19.725+0000] {logging_mixin.py:190} INFO - [2024-09-28T20:14:19.725+0000] {dag.py:4180} INFO - Setting next_dagrun for example_bash_operator to 2024-09-27 00:00:00+00:00, run_after=2024-09-28 00:00:00+00:00
[2024-09-28T20:14:19.738+0000] {processor.py:208} INFO - Processing /home/airflow/.local/lib/python3.12/site-packages/airflow/example_dags/example_bash_operator.py took 0.065 seconds
[2024-09-28T20:14:50.092+0000] {processor.py:186} INFO - Started process (PID=1349) to work on /home/airflow/.local/lib/python3.12/site-packages/airflow/example_dags/example_bash_operator.py
[2024-09-28T20:14:50.092+0000] {processor.py:914} INFO - Processing file /home/airflow/.local/lib/python3.12/site-packages/airflow/example_dags/example_bash_operator.py for tasks to queue
[2024-09-28T20:14:50.094+0000] {logging_mixin.py:190} INFO - [2024-09-28T20:14:50.094+0000] {dagbag.py:588} INFO - Filling up the DagBag from /home/airflow/.local/lib/python3.12/site-packages/airflow/example_dags/example_bash_operator.py
[2024-09-28T20:14:50.103+0000] {processor.py:925} INFO - DAG(s) 'example_bash_operator' retrieved from /home/airflow/.local/lib/python3.12/site-packages/airflow/example_dags/example_bash_operator.py
[2024-09-28T20:14:50.120+0000] {logging_mixin.py:190} INFO - [2024-09-28T20:14:50.120+0000] {dag.py:3239} INFO - Sync 1 DAGs
[2024-09-28T20:14:50.136+0000] {logging_mixin.py:190} INFO - [2024-09-28T20:14:50.135+0000] {dag.py:4180} INFO - Setting next_dagrun for example_bash_operator to 2024-09-27 00:00:00+00:00, run_after=2024-09-28 00:00:00+00:00
[2024-09-28T20:14:50.147+0000] {processor.py:208} INFO - Processing /home/airflow/.local/lib/python3.12/site-packages/airflow/example_dags/example_bash_operator.py took 0.059 seconds
[2024-09-28T20:15:20.407+0000] {processor.py:186} INFO - Started process (PID=1415) to work on /home/airflow/.local/lib/python3.12/site-packages/airflow/example_dags/example_bash_operator.py
[2024-09-28T20:15:20.408+0000] {processor.py:914} INFO - Processing file /home/airflow/.local/lib/python3.12/site-packages/airflow/example_dags/example_bash_operator.py for tasks to queue
[2024-09-28T20:15:20.410+0000] {logging_mixin.py:190} INFO - [2024-09-28T20:15:20.410+0000] {dagbag.py:588} INFO - Filling up the DagBag from /home/airflow/.local/lib/python3.12/site-packages/airflow/example_dags/example_bash_operator.py
[2024-09-28T20:15:20.418+0000] {processor.py:925} INFO - DAG(s) 'example_bash_operator' retrieved from /home/airflow/.local/lib/python3.12/site-packages/airflow/example_dags/example_bash_operator.py
[2024-09-28T20:15:20.435+0000] {logging_mixin.py:190} INFO - [2024-09-28T20:15:20.435+0000] {dag.py:3239} INFO - Sync 1 DAGs
[2024-09-28T20:15:20.450+0000] {logging_mixin.py:190} INFO - [2024-09-28T20:15:20.450+0000] {dag.py:4180} INFO - Setting next_dagrun for example_bash_operator to 2024-09-27 00:00:00+00:00, run_after=2024-09-28 00:00:00+00:00
[2024-09-28T20:15:20.462+0000] {processor.py:208} INFO - Processing /home/airflow/.local/lib/python3.12/site-packages/airflow/example_dags/example_bash_operator.py took 0.059 seconds
[2024-09-28T20:16:30.704+0000] {processor.py:186} INFO - Started process (PID=120) to work on /home/airflow/.local/lib/python3.12/site-packages/airflow/example_dags/example_bash_operator.py
[2024-09-28T20:16:30.705+0000] {processor.py:914} INFO - Processing file /home/airflow/.local/lib/python3.12/site-packages/airflow/example_dags/example_bash_operator.py for tasks to queue
[2024-09-28T20:16:30.706+0000] {logging_mixin.py:190} INFO - [2024-09-28T20:16:30.706+0000] {dagbag.py:588} INFO - Filling up the DagBag from /home/airflow/.local/lib/python3.12/site-packages/airflow/example_dags/example_bash_operator.py
[2024-09-28T20:16:30.714+0000] {processor.py:925} INFO - DAG(s) 'example_bash_operator' retrieved from /home/airflow/.local/lib/python3.12/site-packages/airflow/example_dags/example_bash_operator.py
[2024-09-28T20:16:30.736+0000] {logging_mixin.py:190} INFO - [2024-09-28T20:16:30.736+0000] {dag.py:3239} INFO - Sync 1 DAGs
[2024-09-28T20:16:30.751+0000] {logging_mixin.py:190} INFO - [2024-09-28T20:16:30.751+0000] {dag.py:4180} INFO - Setting next_dagrun for example_bash_operator to 2024-09-27 00:00:00+00:00, run_after=2024-09-28 00:00:00+00:00
[2024-09-28T20:16:30.763+0000] {processor.py:208} INFO - Processing /home/airflow/.local/lib/python3.12/site-packages/airflow/example_dags/example_bash_operator.py took 0.063 seconds
[2024-09-28T20:17:01.160+0000] {processor.py:186} INFO - Started process (PID=188) to work on /home/airflow/.local/lib/python3.12/site-packages/airflow/example_dags/example_bash_operator.py
[2024-09-28T20:17:01.161+0000] {processor.py:914} INFO - Processing file /home/airflow/.local/lib/python3.12/site-packages/airflow/example_dags/example_bash_operator.py for tasks to queue
[2024-09-28T20:17:01.163+0000] {logging_mixin.py:190} INFO - [2024-09-28T20:17:01.163+0000] {dagbag.py:588} INFO - Filling up the DagBag from /home/airflow/.local/lib/python3.12/site-packages/airflow/example_dags/example_bash_operator.py
[2024-09-28T20:17:01.172+0000] {processor.py:925} INFO - DAG(s) 'example_bash_operator' retrieved from /home/airflow/.local/lib/python3.12/site-packages/airflow/example_dags/example_bash_operator.py
[2024-09-28T20:17:01.188+0000] {logging_mixin.py:190} INFO - [2024-09-28T20:17:01.188+0000] {dag.py:3239} INFO - Sync 1 DAGs
[2024-09-28T20:17:01.203+0000] {logging_mixin.py:190} INFO - [2024-09-28T20:17:01.203+0000] {dag.py:4180} INFO - Setting next_dagrun for example_bash_operator to 2024-09-27 00:00:00+00:00, run_after=2024-09-28 00:00:00+00:00
[2024-09-28T20:17:01.216+0000] {processor.py:208} INFO - Processing /home/airflow/.local/lib/python3.12/site-packages/airflow/example_dags/example_bash_operator.py took 0.059 seconds
[2024-09-28T20:17:31.682+0000] {processor.py:186} INFO - Started process (PID=262) to work on /home/airflow/.local/lib/python3.12/site-packages/airflow/example_dags/example_bash_operator.py
[2024-09-28T20:17:31.683+0000] {processor.py:914} INFO - Processing file /home/airflow/.local/lib/python3.12/site-packages/airflow/example_dags/example_bash_operator.py for tasks to queue
[2024-09-28T20:17:31.684+0000] {logging_mixin.py:190} INFO - [2024-09-28T20:17:31.684+0000] {dagbag.py:588} INFO - Filling up the DagBag from /home/airflow/.local/lib/python3.12/site-packages/airflow/example_dags/example_bash_operator.py
[2024-09-28T20:17:31.692+0000] {processor.py:925} INFO - DAG(s) 'example_bash_operator' retrieved from /home/airflow/.local/lib/python3.12/site-packages/airflow/example_dags/example_bash_operator.py
[2024-09-28T20:17:31.709+0000] {logging_mixin.py:190} INFO - [2024-09-28T20:17:31.709+0000] {dag.py:3239} INFO - Sync 1 DAGs
[2024-09-28T20:17:31.729+0000] {logging_mixin.py:190} INFO - [2024-09-28T20:17:31.729+0000] {dag.py:4180} INFO - Setting next_dagrun for example_bash_operator to 2024-09-27 00:00:00+00:00, run_after=2024-09-28 00:00:00+00:00
[2024-09-28T20:17:31.742+0000] {processor.py:208} INFO - Processing /home/airflow/.local/lib/python3.12/site-packages/airflow/example_dags/example_bash_operator.py took 0.064 seconds
[2024-09-28T20:18:02.071+0000] {processor.py:186} INFO - Started process (PID=330) to work on /home/airflow/.local/lib/python3.12/site-packages/airflow/example_dags/example_bash_operator.py
[2024-09-28T20:18:02.072+0000] {processor.py:914} INFO - Processing file /home/airflow/.local/lib/python3.12/site-packages/airflow/example_dags/example_bash_operator.py for tasks to queue
[2024-09-28T20:18:02.074+0000] {logging_mixin.py:190} INFO - [2024-09-28T20:18:02.073+0000] {dagbag.py:588} INFO - Filling up the DagBag from /home/airflow/.local/lib/python3.12/site-packages/airflow/example_dags/example_bash_operator.py
[2024-09-28T20:18:02.082+0000] {processor.py:925} INFO - DAG(s) 'example_bash_operator' retrieved from /home/airflow/.local/lib/python3.12/site-packages/airflow/example_dags/example_bash_operator.py
[2024-09-28T20:18:02.098+0000] {logging_mixin.py:190} INFO - [2024-09-28T20:18:02.098+0000] {dag.py:3239} INFO - Sync 1 DAGs
[2024-09-28T20:18:02.113+0000] {logging_mixin.py:190} INFO - [2024-09-28T20:18:02.113+0000] {dag.py:4180} INFO - Setting next_dagrun for example_bash_operator to 2024-09-27 00:00:00+00:00, run_after=2024-09-28 00:00:00+00:00
[2024-09-28T20:18:02.125+0000] {processor.py:208} INFO - Processing /home/airflow/.local/lib/python3.12/site-packages/airflow/example_dags/example_bash_operator.py took 0.058 seconds
[2024-09-28T20:18:32.285+0000] {processor.py:186} INFO - Started process (PID=396) to work on /home/airflow/.local/lib/python3.12/site-packages/airflow/example_dags/example_bash_operator.py
[2024-09-28T20:18:32.289+0000] {processor.py:914} INFO - Processing file /home/airflow/.local/lib/python3.12/site-packages/airflow/example_dags/example_bash_operator.py for tasks to queue
[2024-09-28T20:18:32.290+0000] {logging_mixin.py:190} INFO - [2024-09-28T20:18:32.290+0000] {dagbag.py:588} INFO - Filling up the DagBag from /home/airflow/.local/lib/python3.12/site-packages/airflow/example_dags/example_bash_operator.py
[2024-09-28T20:18:32.302+0000] {processor.py:925} INFO - DAG(s) 'example_bash_operator' retrieved from /home/airflow/.local/lib/python3.12/site-packages/airflow/example_dags/example_bash_operator.py
[2024-09-28T20:18:32.322+0000] {logging_mixin.py:190} INFO - [2024-09-28T20:18:32.322+0000] {dag.py:3239} INFO - Sync 1 DAGs
[2024-09-28T20:18:32.341+0000] {logging_mixin.py:190} INFO - [2024-09-28T20:18:32.341+0000] {dag.py:4180} INFO - Setting next_dagrun for example_bash_operator to 2024-09-27 00:00:00+00:00, run_after=2024-09-28 00:00:00+00:00
[2024-09-28T20:18:32.355+0000] {processor.py:208} INFO - Processing /home/airflow/.local/lib/python3.12/site-packages/airflow/example_dags/example_bash_operator.py took 0.073 seconds
[2024-09-28T20:19:02.671+0000] {processor.py:186} INFO - Started process (PID=462) to work on /home/airflow/.local/lib/python3.12/site-packages/airflow/example_dags/example_bash_operator.py
[2024-09-28T20:19:02.672+0000] {processor.py:914} INFO - Processing file /home/airflow/.local/lib/python3.12/site-packages/airflow/example_dags/example_bash_operator.py for tasks to queue
[2024-09-28T20:19:02.673+0000] {logging_mixin.py:190} INFO - [2024-09-28T20:19:02.673+0000] {dagbag.py:588} INFO - Filling up the DagBag from /home/airflow/.local/lib/python3.12/site-packages/airflow/example_dags/example_bash_operator.py
[2024-09-28T20:19:02.681+0000] {processor.py:925} INFO - DAG(s) 'example_bash_operator' retrieved from /home/airflow/.local/lib/python3.12/site-packages/airflow/example_dags/example_bash_operator.py
[2024-09-28T20:19:02.698+0000] {logging_mixin.py:190} INFO - [2024-09-28T20:19:02.698+0000] {dag.py:3239} INFO - Sync 1 DAGs
[2024-09-28T20:19:02.714+0000] {logging_mixin.py:190} INFO - [2024-09-28T20:19:02.714+0000] {dag.py:4180} INFO - Setting next_dagrun for example_bash_operator to 2024-09-27 00:00:00+00:00, run_after=2024-09-28 00:00:00+00:00
[2024-09-28T20:19:02.727+0000] {processor.py:208} INFO - Processing /home/airflow/.local/lib/python3.12/site-packages/airflow/example_dags/example_bash_operator.py took 0.059 seconds
[2024-09-28T20:19:32.888+0000] {processor.py:186} INFO - Started process (PID=528) to work on /home/airflow/.local/lib/python3.12/site-packages/airflow/example_dags/example_bash_operator.py
[2024-09-28T20:19:32.888+0000] {processor.py:914} INFO - Processing file /home/airflow/.local/lib/python3.12/site-packages/airflow/example_dags/example_bash_operator.py for tasks to queue
[2024-09-28T20:19:32.889+0000] {logging_mixin.py:190} INFO - [2024-09-28T20:19:32.889+0000] {dagbag.py:588} INFO - Filling up the DagBag from /home/airflow/.local/lib/python3.12/site-packages/airflow/example_dags/example_bash_operator.py
[2024-09-28T20:19:32.897+0000] {processor.py:925} INFO - DAG(s) 'example_bash_operator' retrieved from /home/airflow/.local/lib/python3.12/site-packages/airflow/example_dags/example_bash_operator.py
[2024-09-28T20:19:32.915+0000] {logging_mixin.py:190} INFO - [2024-09-28T20:19:32.915+0000] {dag.py:3239} INFO - Sync 1 DAGs
[2024-09-28T20:19:32.931+0000] {logging_mixin.py:190} INFO - [2024-09-28T20:19:32.931+0000] {dag.py:4180} INFO - Setting next_dagrun for example_bash_operator to 2024-09-27 00:00:00+00:00, run_after=2024-09-28 00:00:00+00:00
[2024-09-28T20:19:32.943+0000] {processor.py:208} INFO - Processing /home/airflow/.local/lib/python3.12/site-packages/airflow/example_dags/example_bash_operator.py took 0.060 seconds
[2024-09-28T20:20:03.268+0000] {processor.py:186} INFO - Started process (PID=595) to work on /home/airflow/.local/lib/python3.12/site-packages/airflow/example_dags/example_bash_operator.py
[2024-09-28T20:20:03.270+0000] {processor.py:914} INFO - Processing file /home/airflow/.local/lib/python3.12/site-packages/airflow/example_dags/example_bash_operator.py for tasks to queue
[2024-09-28T20:20:03.271+0000] {logging_mixin.py:190} INFO - [2024-09-28T20:20:03.271+0000] {dagbag.py:588} INFO - Filling up the DagBag from /home/airflow/.local/lib/python3.12/site-packages/airflow/example_dags/example_bash_operator.py
[2024-09-28T20:20:03.281+0000] {processor.py:925} INFO - DAG(s) 'example_bash_operator' retrieved from /home/airflow/.local/lib/python3.12/site-packages/airflow/example_dags/example_bash_operator.py
[2024-09-28T20:20:03.302+0000] {logging_mixin.py:190} INFO - [2024-09-28T20:20:03.302+0000] {dag.py:3239} INFO - Sync 1 DAGs
[2024-09-28T20:20:03.320+0000] {logging_mixin.py:190} INFO - [2024-09-28T20:20:03.320+0000] {dag.py:4180} INFO - Setting next_dagrun for example_bash_operator to 2024-09-27 00:00:00+00:00, run_after=2024-09-28 00:00:00+00:00
[2024-09-28T20:20:03.332+0000] {processor.py:208} INFO - Processing /home/airflow/.local/lib/python3.12/site-packages/airflow/example_dags/example_bash_operator.py took 0.068 seconds
[2024-09-28T20:20:33.699+0000] {processor.py:186} INFO - Started process (PID=661) to work on /home/airflow/.local/lib/python3.12/site-packages/airflow/example_dags/example_bash_operator.py
[2024-09-28T20:20:33.700+0000] {processor.py:914} INFO - Processing file /home/airflow/.local/lib/python3.12/site-packages/airflow/example_dags/example_bash_operator.py for tasks to queue
[2024-09-28T20:20:33.701+0000] {logging_mixin.py:190} INFO - [2024-09-28T20:20:33.701+0000] {dagbag.py:588} INFO - Filling up the DagBag from /home/airflow/.local/lib/python3.12/site-packages/airflow/example_dags/example_bash_operator.py
[2024-09-28T20:20:33.712+0000] {processor.py:925} INFO - DAG(s) 'example_bash_operator' retrieved from /home/airflow/.local/lib/python3.12/site-packages/airflow/example_dags/example_bash_operator.py
[2024-09-28T20:20:33.735+0000] {logging_mixin.py:190} INFO - [2024-09-28T20:20:33.734+0000] {dag.py:3239} INFO - Sync 1 DAGs
[2024-09-28T20:20:33.754+0000] {logging_mixin.py:190} INFO - [2024-09-28T20:20:33.754+0000] {dag.py:4180} INFO - Setting next_dagrun for example_bash_operator to 2024-09-27 00:00:00+00:00, run_after=2024-09-28 00:00:00+00:00
[2024-09-28T20:20:33.768+0000] {processor.py:208} INFO - Processing /home/airflow/.local/lib/python3.12/site-packages/airflow/example_dags/example_bash_operator.py took 0.073 seconds
