[2024-09-28T19:52:49.680+0000] {processor.py:186} INFO - Started process (PID=85) to work on /home/airflow/.local/lib/python3.12/site-packages/airflow/example_dags/example_display_name.py
[2024-09-28T19:52:49.685+0000] {processor.py:914} INFO - Processing file /home/airflow/.local/lib/python3.12/site-packages/airflow/example_dags/example_display_name.py for tasks to queue
[2024-09-28T19:52:49.693+0000] {logging_mixin.py:190} INFO - [2024-09-28T19:52:49.693+0000] {dagbag.py:588} INFO - Filling up the DagBag from /home/airflow/.local/lib/python3.12/site-packages/airflow/example_dags/example_display_name.py
[2024-09-28T19:52:49.699+0000] {processor.py:925} INFO - DAG(s) 'example_display_name' retrieved from /home/airflow/.local/lib/python3.12/site-packages/airflow/example_dags/example_display_name.py
[2024-09-28T19:52:49.766+0000] {logging_mixin.py:190} INFO - [2024-09-28T19:52:49.766+0000] {override.py:1900} INFO - Created Permission View: can edit on DAG:example_display_name
[2024-09-28T19:52:49.774+0000] {logging_mixin.py:190} INFO - [2024-09-28T19:52:49.773+0000] {override.py:1900} INFO - Created Permission View: can delete on DAG:example_display_name
[2024-09-28T19:52:49.779+0000] {logging_mixin.py:190} INFO - [2024-09-28T19:52:49.779+0000] {override.py:1900} INFO - Created Permission View: can read on DAG:example_display_name
[2024-09-28T19:52:49.786+0000] {logging_mixin.py:190} INFO - [2024-09-28T19:52:49.786+0000] {override.py:1900} INFO - Created Permission View: can delete on DAG Run:example_display_name
[2024-09-28T19:52:49.792+0000] {logging_mixin.py:190} INFO - [2024-09-28T19:52:49.791+0000] {override.py:1900} INFO - Created Permission View: can read on DAG Run:example_display_name
[2024-09-28T19:52:49.796+0000] {logging_mixin.py:190} INFO - [2024-09-28T19:52:49.796+0000] {override.py:1900} INFO - Created Permission View: can create on DAG Run:example_display_name
[2024-09-28T19:52:49.801+0000] {logging_mixin.py:190} INFO - [2024-09-28T19:52:49.801+0000] {override.py:1900} INFO - Created Permission View: menu access on DAG Run:example_display_name
[2024-09-28T19:52:49.802+0000] {logging_mixin.py:190} INFO - [2024-09-28T19:52:49.802+0000] {dag.py:3239} INFO - Sync 1 DAGs
[2024-09-28T19:52:49.810+0000] {logging_mixin.py:190} INFO - [2024-09-28T19:52:49.810+0000] {dag.py:3262} INFO - Creating ORM DAG for example_display_name
[2024-09-28T19:52:49.811+0000] {logging_mixin.py:190} INFO - [2024-09-28T19:52:49.811+0000] {dag.py:4180} INFO - Setting next_dagrun for example_display_name to None, run_after=None
[2024-09-28T19:52:49.821+0000] {processor.py:208} INFO - Processing /home/airflow/.local/lib/python3.12/site-packages/airflow/example_dags/example_display_name.py took 0.145 seconds
[2024-09-28T19:53:20.301+0000] {processor.py:186} INFO - Started process (PID=151) to work on /home/airflow/.local/lib/python3.12/site-packages/airflow/example_dags/example_display_name.py
[2024-09-28T19:53:20.301+0000] {processor.py:914} INFO - Processing file /home/airflow/.local/lib/python3.12/site-packages/airflow/example_dags/example_display_name.py for tasks to queue
[2024-09-28T19:53:20.303+0000] {logging_mixin.py:190} INFO - [2024-09-28T19:53:20.303+0000] {dagbag.py:588} INFO - Filling up the DagBag from /home/airflow/.local/lib/python3.12/site-packages/airflow/example_dags/example_display_name.py
[2024-09-28T19:53:20.308+0000] {processor.py:925} INFO - DAG(s) 'example_display_name' retrieved from /home/airflow/.local/lib/python3.12/site-packages/airflow/example_dags/example_display_name.py
[2024-09-28T19:53:20.320+0000] {logging_mixin.py:190} INFO - [2024-09-28T19:53:20.320+0000] {dag.py:3239} INFO - Sync 1 DAGs
[2024-09-28T19:53:20.329+0000] {logging_mixin.py:190} INFO - [2024-09-28T19:53:20.329+0000] {dag.py:4180} INFO - Setting next_dagrun for example_display_name to None, run_after=None
[2024-09-28T19:53:20.344+0000] {processor.py:208} INFO - Processing /home/airflow/.local/lib/python3.12/site-packages/airflow/example_dags/example_display_name.py took 0.046 seconds
[2024-09-28T19:53:50.868+0000] {processor.py:186} INFO - Started process (PID=215) to work on /home/airflow/.local/lib/python3.12/site-packages/airflow/example_dags/example_display_name.py
[2024-09-28T19:53:50.869+0000] {processor.py:914} INFO - Processing file /home/airflow/.local/lib/python3.12/site-packages/airflow/example_dags/example_display_name.py for tasks to queue
[2024-09-28T19:53:50.870+0000] {logging_mixin.py:190} INFO - [2024-09-28T19:53:50.870+0000] {dagbag.py:588} INFO - Filling up the DagBag from /home/airflow/.local/lib/python3.12/site-packages/airflow/example_dags/example_display_name.py
[2024-09-28T19:53:50.875+0000] {processor.py:925} INFO - DAG(s) 'example_display_name' retrieved from /home/airflow/.local/lib/python3.12/site-packages/airflow/example_dags/example_display_name.py
[2024-09-28T19:53:50.887+0000] {logging_mixin.py:190} INFO - [2024-09-28T19:53:50.887+0000] {dag.py:3239} INFO - Sync 1 DAGs
[2024-09-28T19:53:50.896+0000] {logging_mixin.py:190} INFO - [2024-09-28T19:53:50.896+0000] {dag.py:4180} INFO - Setting next_dagrun for example_display_name to None, run_after=None
[2024-09-28T19:53:50.907+0000] {processor.py:208} INFO - Processing /home/airflow/.local/lib/python3.12/site-packages/airflow/example_dags/example_display_name.py took 0.043 seconds
[2024-09-28T19:54:21.159+0000] {processor.py:186} INFO - Started process (PID=280) to work on /home/airflow/.local/lib/python3.12/site-packages/airflow/example_dags/example_display_name.py
[2024-09-28T19:54:21.160+0000] {processor.py:914} INFO - Processing file /home/airflow/.local/lib/python3.12/site-packages/airflow/example_dags/example_display_name.py for tasks to queue
[2024-09-28T19:54:21.162+0000] {logging_mixin.py:190} INFO - [2024-09-28T19:54:21.162+0000] {dagbag.py:588} INFO - Filling up the DagBag from /home/airflow/.local/lib/python3.12/site-packages/airflow/example_dags/example_display_name.py
[2024-09-28T19:54:21.167+0000] {processor.py:925} INFO - DAG(s) 'example_display_name' retrieved from /home/airflow/.local/lib/python3.12/site-packages/airflow/example_dags/example_display_name.py
[2024-09-28T19:54:21.179+0000] {logging_mixin.py:190} INFO - [2024-09-28T19:54:21.179+0000] {dag.py:3239} INFO - Sync 1 DAGs
[2024-09-28T19:54:21.189+0000] {logging_mixin.py:190} INFO - [2024-09-28T19:54:21.189+0000] {dag.py:4180} INFO - Setting next_dagrun for example_display_name to None, run_after=None
[2024-09-28T19:54:21.202+0000] {processor.py:208} INFO - Processing /home/airflow/.local/lib/python3.12/site-packages/airflow/example_dags/example_display_name.py took 0.046 seconds
[2024-09-28T19:54:51.400+0000] {processor.py:186} INFO - Started process (PID=345) to work on /home/airflow/.local/lib/python3.12/site-packages/airflow/example_dags/example_display_name.py
[2024-09-28T19:54:51.401+0000] {processor.py:914} INFO - Processing file /home/airflow/.local/lib/python3.12/site-packages/airflow/example_dags/example_display_name.py for tasks to queue
[2024-09-28T19:54:51.403+0000] {logging_mixin.py:190} INFO - [2024-09-28T19:54:51.403+0000] {dagbag.py:588} INFO - Filling up the DagBag from /home/airflow/.local/lib/python3.12/site-packages/airflow/example_dags/example_display_name.py
[2024-09-28T19:54:51.407+0000] {processor.py:925} INFO - DAG(s) 'example_display_name' retrieved from /home/airflow/.local/lib/python3.12/site-packages/airflow/example_dags/example_display_name.py
[2024-09-28T19:54:51.418+0000] {logging_mixin.py:190} INFO - [2024-09-28T19:54:51.418+0000] {dag.py:3239} INFO - Sync 1 DAGs
[2024-09-28T19:54:51.426+0000] {logging_mixin.py:190} INFO - [2024-09-28T19:54:51.426+0000] {dag.py:4180} INFO - Setting next_dagrun for example_display_name to None, run_after=None
[2024-09-28T19:54:51.437+0000] {processor.py:208} INFO - Processing /home/airflow/.local/lib/python3.12/site-packages/airflow/example_dags/example_display_name.py took 0.041 seconds
[2024-09-28T19:55:21.916+0000] {processor.py:186} INFO - Started process (PID=410) to work on /home/airflow/.local/lib/python3.12/site-packages/airflow/example_dags/example_display_name.py
[2024-09-28T19:55:21.916+0000] {processor.py:914} INFO - Processing file /home/airflow/.local/lib/python3.12/site-packages/airflow/example_dags/example_display_name.py for tasks to queue
[2024-09-28T19:55:21.918+0000] {logging_mixin.py:190} INFO - [2024-09-28T19:55:21.918+0000] {dagbag.py:588} INFO - Filling up the DagBag from /home/airflow/.local/lib/python3.12/site-packages/airflow/example_dags/example_display_name.py
[2024-09-28T19:55:21.923+0000] {processor.py:925} INFO - DAG(s) 'example_display_name' retrieved from /home/airflow/.local/lib/python3.12/site-packages/airflow/example_dags/example_display_name.py
[2024-09-28T19:55:21.935+0000] {logging_mixin.py:190} INFO - [2024-09-28T19:55:21.935+0000] {dag.py:3239} INFO - Sync 1 DAGs
[2024-09-28T19:55:21.944+0000] {logging_mixin.py:190} INFO - [2024-09-28T19:55:21.944+0000] {dag.py:4180} INFO - Setting next_dagrun for example_display_name to None, run_after=None
[2024-09-28T19:55:21.955+0000] {processor.py:208} INFO - Processing /home/airflow/.local/lib/python3.12/site-packages/airflow/example_dags/example_display_name.py took 0.043 seconds
[2024-09-28T19:55:52.187+0000] {processor.py:186} INFO - Started process (PID=476) to work on /home/airflow/.local/lib/python3.12/site-packages/airflow/example_dags/example_display_name.py
[2024-09-28T19:55:52.187+0000] {processor.py:914} INFO - Processing file /home/airflow/.local/lib/python3.12/site-packages/airflow/example_dags/example_display_name.py for tasks to queue
[2024-09-28T19:55:52.189+0000] {logging_mixin.py:190} INFO - [2024-09-28T19:55:52.189+0000] {dagbag.py:588} INFO - Filling up the DagBag from /home/airflow/.local/lib/python3.12/site-packages/airflow/example_dags/example_display_name.py
[2024-09-28T19:55:52.194+0000] {processor.py:925} INFO - DAG(s) 'example_display_name' retrieved from /home/airflow/.local/lib/python3.12/site-packages/airflow/example_dags/example_display_name.py
[2024-09-28T19:55:52.207+0000] {logging_mixin.py:190} INFO - [2024-09-28T19:55:52.207+0000] {dag.py:3239} INFO - Sync 1 DAGs
[2024-09-28T19:55:52.217+0000] {logging_mixin.py:190} INFO - [2024-09-28T19:55:52.217+0000] {dag.py:4180} INFO - Setting next_dagrun for example_display_name to None, run_after=None
[2024-09-28T19:55:52.230+0000] {processor.py:208} INFO - Processing /home/airflow/.local/lib/python3.12/site-packages/airflow/example_dags/example_display_name.py took 0.048 seconds
[2024-09-28T19:56:22.785+0000] {processor.py:186} INFO - Started process (PID=541) to work on /home/airflow/.local/lib/python3.12/site-packages/airflow/example_dags/example_display_name.py
[2024-09-28T19:56:22.786+0000] {processor.py:914} INFO - Processing file /home/airflow/.local/lib/python3.12/site-packages/airflow/example_dags/example_display_name.py for tasks to queue
[2024-09-28T19:56:22.788+0000] {logging_mixin.py:190} INFO - [2024-09-28T19:56:22.788+0000] {dagbag.py:588} INFO - Filling up the DagBag from /home/airflow/.local/lib/python3.12/site-packages/airflow/example_dags/example_display_name.py
[2024-09-28T19:56:22.793+0000] {processor.py:925} INFO - DAG(s) 'example_display_name' retrieved from /home/airflow/.local/lib/python3.12/site-packages/airflow/example_dags/example_display_name.py
[2024-09-28T19:56:22.806+0000] {logging_mixin.py:190} INFO - [2024-09-28T19:56:22.805+0000] {dag.py:3239} INFO - Sync 1 DAGs
[2024-09-28T19:56:22.815+0000] {logging_mixin.py:190} INFO - [2024-09-28T19:56:22.815+0000] {dag.py:4180} INFO - Setting next_dagrun for example_display_name to None, run_after=None
[2024-09-28T19:56:22.829+0000] {processor.py:208} INFO - Processing /home/airflow/.local/lib/python3.12/site-packages/airflow/example_dags/example_display_name.py took 0.048 seconds
[2024-09-28T19:56:53.098+0000] {processor.py:186} INFO - Started process (PID=606) to work on /home/airflow/.local/lib/python3.12/site-packages/airflow/example_dags/example_display_name.py
[2024-09-28T19:56:53.099+0000] {processor.py:914} INFO - Processing file /home/airflow/.local/lib/python3.12/site-packages/airflow/example_dags/example_display_name.py for tasks to queue
[2024-09-28T19:56:53.100+0000] {logging_mixin.py:190} INFO - [2024-09-28T19:56:53.100+0000] {dagbag.py:588} INFO - Filling up the DagBag from /home/airflow/.local/lib/python3.12/site-packages/airflow/example_dags/example_display_name.py
[2024-09-28T19:56:53.105+0000] {processor.py:925} INFO - DAG(s) 'example_display_name' retrieved from /home/airflow/.local/lib/python3.12/site-packages/airflow/example_dags/example_display_name.py
[2024-09-28T19:56:53.118+0000] {logging_mixin.py:190} INFO - [2024-09-28T19:56:53.118+0000] {dag.py:3239} INFO - Sync 1 DAGs
[2024-09-28T19:56:53.127+0000] {logging_mixin.py:190} INFO - [2024-09-28T19:56:53.127+0000] {dag.py:4180} INFO - Setting next_dagrun for example_display_name to None, run_after=None
[2024-09-28T19:56:53.138+0000] {processor.py:208} INFO - Processing /home/airflow/.local/lib/python3.12/site-packages/airflow/example_dags/example_display_name.py took 0.043 seconds
[2024-09-28T19:57:23.370+0000] {processor.py:186} INFO - Started process (PID=671) to work on /home/airflow/.local/lib/python3.12/site-packages/airflow/example_dags/example_display_name.py
[2024-09-28T19:57:23.370+0000] {processor.py:914} INFO - Processing file /home/airflow/.local/lib/python3.12/site-packages/airflow/example_dags/example_display_name.py for tasks to queue
[2024-09-28T19:57:23.372+0000] {logging_mixin.py:190} INFO - [2024-09-28T19:57:23.372+0000] {dagbag.py:588} INFO - Filling up the DagBag from /home/airflow/.local/lib/python3.12/site-packages/airflow/example_dags/example_display_name.py
[2024-09-28T19:57:23.377+0000] {processor.py:925} INFO - DAG(s) 'example_display_name' retrieved from /home/airflow/.local/lib/python3.12/site-packages/airflow/example_dags/example_display_name.py
[2024-09-28T19:57:23.388+0000] {logging_mixin.py:190} INFO - [2024-09-28T19:57:23.388+0000] {dag.py:3239} INFO - Sync 1 DAGs
[2024-09-28T19:57:23.397+0000] {logging_mixin.py:190} INFO - [2024-09-28T19:57:23.397+0000] {dag.py:4180} INFO - Setting next_dagrun for example_display_name to None, run_after=None
[2024-09-28T19:57:23.410+0000] {processor.py:208} INFO - Processing /home/airflow/.local/lib/python3.12/site-packages/airflow/example_dags/example_display_name.py took 0.044 seconds
[2024-09-28T19:57:53.888+0000] {processor.py:186} INFO - Started process (PID=736) to work on /home/airflow/.local/lib/python3.12/site-packages/airflow/example_dags/example_display_name.py
[2024-09-28T19:57:53.889+0000] {processor.py:914} INFO - Processing file /home/airflow/.local/lib/python3.12/site-packages/airflow/example_dags/example_display_name.py for tasks to queue
[2024-09-28T19:57:53.891+0000] {logging_mixin.py:190} INFO - [2024-09-28T19:57:53.891+0000] {dagbag.py:588} INFO - Filling up the DagBag from /home/airflow/.local/lib/python3.12/site-packages/airflow/example_dags/example_display_name.py
[2024-09-28T19:57:53.896+0000] {processor.py:925} INFO - DAG(s) 'example_display_name' retrieved from /home/airflow/.local/lib/python3.12/site-packages/airflow/example_dags/example_display_name.py
[2024-09-28T19:57:53.909+0000] {logging_mixin.py:190} INFO - [2024-09-28T19:57:53.909+0000] {dag.py:3239} INFO - Sync 1 DAGs
[2024-09-28T19:57:53.931+0000] {logging_mixin.py:190} INFO - [2024-09-28T19:57:53.930+0000] {dag.py:4180} INFO - Setting next_dagrun for example_display_name to None, run_after=None
[2024-09-28T19:57:53.952+0000] {processor.py:208} INFO - Processing /home/airflow/.local/lib/python3.12/site-packages/airflow/example_dags/example_display_name.py took 0.068 seconds
[2024-09-28T19:58:24.420+0000] {processor.py:186} INFO - Started process (PID=801) to work on /home/airflow/.local/lib/python3.12/site-packages/airflow/example_dags/example_display_name.py
[2024-09-28T19:58:24.421+0000] {processor.py:914} INFO - Processing file /home/airflow/.local/lib/python3.12/site-packages/airflow/example_dags/example_display_name.py for tasks to queue
[2024-09-28T19:58:24.423+0000] {logging_mixin.py:190} INFO - [2024-09-28T19:58:24.422+0000] {dagbag.py:588} INFO - Filling up the DagBag from /home/airflow/.local/lib/python3.12/site-packages/airflow/example_dags/example_display_name.py
[2024-09-28T19:58:24.427+0000] {processor.py:925} INFO - DAG(s) 'example_display_name' retrieved from /home/airflow/.local/lib/python3.12/site-packages/airflow/example_dags/example_display_name.py
[2024-09-28T19:58:24.440+0000] {logging_mixin.py:190} INFO - [2024-09-28T19:58:24.439+0000] {dag.py:3239} INFO - Sync 1 DAGs
[2024-09-28T19:58:24.449+0000] {logging_mixin.py:190} INFO - [2024-09-28T19:58:24.449+0000] {dag.py:4180} INFO - Setting next_dagrun for example_display_name to None, run_after=None
[2024-09-28T19:58:24.463+0000] {processor.py:208} INFO - Processing /home/airflow/.local/lib/python3.12/site-packages/airflow/example_dags/example_display_name.py took 0.047 seconds
[2024-09-28T19:58:54.620+0000] {processor.py:186} INFO - Started process (PID=866) to work on /home/airflow/.local/lib/python3.12/site-packages/airflow/example_dags/example_display_name.py
[2024-09-28T19:58:54.621+0000] {processor.py:914} INFO - Processing file /home/airflow/.local/lib/python3.12/site-packages/airflow/example_dags/example_display_name.py for tasks to queue
[2024-09-28T19:58:54.622+0000] {logging_mixin.py:190} INFO - [2024-09-28T19:58:54.622+0000] {dagbag.py:588} INFO - Filling up the DagBag from /home/airflow/.local/lib/python3.12/site-packages/airflow/example_dags/example_display_name.py
[2024-09-28T19:58:54.629+0000] {processor.py:925} INFO - DAG(s) 'example_display_name' retrieved from /home/airflow/.local/lib/python3.12/site-packages/airflow/example_dags/example_display_name.py
[2024-09-28T19:58:54.642+0000] {logging_mixin.py:190} INFO - [2024-09-28T19:58:54.642+0000] {dag.py:3239} INFO - Sync 1 DAGs
[2024-09-28T19:58:54.652+0000] {logging_mixin.py:190} INFO - [2024-09-28T19:58:54.651+0000] {dag.py:4180} INFO - Setting next_dagrun for example_display_name to None, run_after=None
[2024-09-28T19:58:54.662+0000] {processor.py:208} INFO - Processing /home/airflow/.local/lib/python3.12/site-packages/airflow/example_dags/example_display_name.py took 0.047 seconds
[2024-09-28T19:59:25.138+0000] {processor.py:186} INFO - Started process (PID=931) to work on /home/airflow/.local/lib/python3.12/site-packages/airflow/example_dags/example_display_name.py
[2024-09-28T19:59:25.139+0000] {processor.py:914} INFO - Processing file /home/airflow/.local/lib/python3.12/site-packages/airflow/example_dags/example_display_name.py for tasks to queue
[2024-09-28T19:59:25.141+0000] {logging_mixin.py:190} INFO - [2024-09-28T19:59:25.141+0000] {dagbag.py:588} INFO - Filling up the DagBag from /home/airflow/.local/lib/python3.12/site-packages/airflow/example_dags/example_display_name.py
[2024-09-28T19:59:25.146+0000] {processor.py:925} INFO - DAG(s) 'example_display_name' retrieved from /home/airflow/.local/lib/python3.12/site-packages/airflow/example_dags/example_display_name.py
[2024-09-28T19:59:25.158+0000] {logging_mixin.py:190} INFO - [2024-09-28T19:59:25.157+0000] {dag.py:3239} INFO - Sync 1 DAGs
[2024-09-28T19:59:25.168+0000] {logging_mixin.py:190} INFO - [2024-09-28T19:59:25.168+0000] {dag.py:4180} INFO - Setting next_dagrun for example_display_name to None, run_after=None
[2024-09-28T19:59:25.179+0000] {processor.py:208} INFO - Processing /home/airflow/.local/lib/python3.12/site-packages/airflow/example_dags/example_display_name.py took 0.044 seconds
[2024-09-28T19:59:55.350+0000] {processor.py:186} INFO - Started process (PID=996) to work on /home/airflow/.local/lib/python3.12/site-packages/airflow/example_dags/example_display_name.py
[2024-09-28T19:59:55.350+0000] {processor.py:914} INFO - Processing file /home/airflow/.local/lib/python3.12/site-packages/airflow/example_dags/example_display_name.py for tasks to queue
[2024-09-28T19:59:55.352+0000] {logging_mixin.py:190} INFO - [2024-09-28T19:59:55.352+0000] {dagbag.py:588} INFO - Filling up the DagBag from /home/airflow/.local/lib/python3.12/site-packages/airflow/example_dags/example_display_name.py
[2024-09-28T19:59:55.357+0000] {processor.py:925} INFO - DAG(s) 'example_display_name' retrieved from /home/airflow/.local/lib/python3.12/site-packages/airflow/example_dags/example_display_name.py
[2024-09-28T19:59:55.368+0000] {logging_mixin.py:190} INFO - [2024-09-28T19:59:55.368+0000] {dag.py:3239} INFO - Sync 1 DAGs
[2024-09-28T19:59:55.377+0000] {logging_mixin.py:190} INFO - [2024-09-28T19:59:55.377+0000] {dag.py:4180} INFO - Setting next_dagrun for example_display_name to None, run_after=None
[2024-09-28T19:59:55.388+0000] {processor.py:208} INFO - Processing /home/airflow/.local/lib/python3.12/site-packages/airflow/example_dags/example_display_name.py took 0.042 seconds
[2024-09-28T20:05:09.162+0000] {processor.py:186} INFO - Started process (PID=85) to work on /home/airflow/.local/lib/python3.12/site-packages/airflow/example_dags/example_display_name.py
[2024-09-28T20:05:09.163+0000] {processor.py:914} INFO - Processing file /home/airflow/.local/lib/python3.12/site-packages/airflow/example_dags/example_display_name.py for tasks to queue
[2024-09-28T20:05:09.165+0000] {logging_mixin.py:190} INFO - [2024-09-28T20:05:09.165+0000] {dagbag.py:588} INFO - Filling up the DagBag from /home/airflow/.local/lib/python3.12/site-packages/airflow/example_dags/example_display_name.py
[2024-09-28T20:05:09.171+0000] {processor.py:925} INFO - DAG(s) 'example_display_name' retrieved from /home/airflow/.local/lib/python3.12/site-packages/airflow/example_dags/example_display_name.py
[2024-09-28T20:05:09.187+0000] {logging_mixin.py:190} INFO - [2024-09-28T20:05:09.186+0000] {dag.py:3239} INFO - Sync 1 DAGs
[2024-09-28T20:05:09.199+0000] {logging_mixin.py:190} INFO - [2024-09-28T20:05:09.199+0000] {dag.py:4180} INFO - Setting next_dagrun for example_display_name to None, run_after=None
[2024-09-28T20:05:09.216+0000] {processor.py:208} INFO - Processing /home/airflow/.local/lib/python3.12/site-packages/airflow/example_dags/example_display_name.py took 0.058 seconds
[2024-09-28T20:05:39.459+0000] {processor.py:186} INFO - Started process (PID=149) to work on /home/airflow/.local/lib/python3.12/site-packages/airflow/example_dags/example_display_name.py
[2024-09-28T20:05:39.460+0000] {processor.py:914} INFO - Processing file /home/airflow/.local/lib/python3.12/site-packages/airflow/example_dags/example_display_name.py for tasks to queue
[2024-09-28T20:05:39.462+0000] {logging_mixin.py:190} INFO - [2024-09-28T20:05:39.462+0000] {dagbag.py:588} INFO - Filling up the DagBag from /home/airflow/.local/lib/python3.12/site-packages/airflow/example_dags/example_display_name.py
[2024-09-28T20:05:39.468+0000] {processor.py:925} INFO - DAG(s) 'example_display_name' retrieved from /home/airflow/.local/lib/python3.12/site-packages/airflow/example_dags/example_display_name.py
[2024-09-28T20:05:39.481+0000] {logging_mixin.py:190} INFO - [2024-09-28T20:05:39.481+0000] {dag.py:3239} INFO - Sync 1 DAGs
[2024-09-28T20:05:39.491+0000] {logging_mixin.py:190} INFO - [2024-09-28T20:05:39.491+0000] {dag.py:4180} INFO - Setting next_dagrun for example_display_name to None, run_after=None
[2024-09-28T20:05:39.506+0000] {processor.py:208} INFO - Processing /home/airflow/.local/lib/python3.12/site-packages/airflow/example_dags/example_display_name.py took 0.050 seconds
[2024-09-28T20:06:10.046+0000] {processor.py:186} INFO - Started process (PID=215) to work on /home/airflow/.local/lib/python3.12/site-packages/airflow/example_dags/example_display_name.py
[2024-09-28T20:06:10.047+0000] {processor.py:914} INFO - Processing file /home/airflow/.local/lib/python3.12/site-packages/airflow/example_dags/example_display_name.py for tasks to queue
[2024-09-28T20:06:10.049+0000] {logging_mixin.py:190} INFO - [2024-09-28T20:06:10.049+0000] {dagbag.py:588} INFO - Filling up the DagBag from /home/airflow/.local/lib/python3.12/site-packages/airflow/example_dags/example_display_name.py
[2024-09-28T20:06:10.055+0000] {processor.py:925} INFO - DAG(s) 'example_display_name' retrieved from /home/airflow/.local/lib/python3.12/site-packages/airflow/example_dags/example_display_name.py
[2024-09-28T20:06:10.067+0000] {logging_mixin.py:190} INFO - [2024-09-28T20:06:10.067+0000] {dag.py:3239} INFO - Sync 1 DAGs
[2024-09-28T20:06:10.076+0000] {logging_mixin.py:190} INFO - [2024-09-28T20:06:10.076+0000] {dag.py:4180} INFO - Setting next_dagrun for example_display_name to None, run_after=None
[2024-09-28T20:06:10.089+0000] {processor.py:208} INFO - Processing /home/airflow/.local/lib/python3.12/site-packages/airflow/example_dags/example_display_name.py took 0.047 seconds
[2024-09-28T20:06:40.561+0000] {processor.py:186} INFO - Started process (PID=281) to work on /home/airflow/.local/lib/python3.12/site-packages/airflow/example_dags/example_display_name.py
[2024-09-28T20:06:40.562+0000] {processor.py:914} INFO - Processing file /home/airflow/.local/lib/python3.12/site-packages/airflow/example_dags/example_display_name.py for tasks to queue
[2024-09-28T20:06:40.564+0000] {logging_mixin.py:190} INFO - [2024-09-28T20:06:40.564+0000] {dagbag.py:588} INFO - Filling up the DagBag from /home/airflow/.local/lib/python3.12/site-packages/airflow/example_dags/example_display_name.py
[2024-09-28T20:06:40.569+0000] {processor.py:925} INFO - DAG(s) 'example_display_name' retrieved from /home/airflow/.local/lib/python3.12/site-packages/airflow/example_dags/example_display_name.py
[2024-09-28T20:06:40.581+0000] {logging_mixin.py:190} INFO - [2024-09-28T20:06:40.581+0000] {dag.py:3239} INFO - Sync 1 DAGs
[2024-09-28T20:06:40.590+0000] {logging_mixin.py:190} INFO - [2024-09-28T20:06:40.590+0000] {dag.py:4180} INFO - Setting next_dagrun for example_display_name to None, run_after=None
[2024-09-28T20:06:40.602+0000] {processor.py:208} INFO - Processing /home/airflow/.local/lib/python3.12/site-packages/airflow/example_dags/example_display_name.py took 0.045 seconds
[2024-09-28T20:07:10.720+0000] {processor.py:186} INFO - Started process (PID=346) to work on /home/airflow/.local/lib/python3.12/site-packages/airflow/example_dags/example_display_name.py
[2024-09-28T20:07:10.724+0000] {processor.py:914} INFO - Processing file /home/airflow/.local/lib/python3.12/site-packages/airflow/example_dags/example_display_name.py for tasks to queue
[2024-09-28T20:07:10.726+0000] {logging_mixin.py:190} INFO - [2024-09-28T20:07:10.725+0000] {dagbag.py:588} INFO - Filling up the DagBag from /home/airflow/.local/lib/python3.12/site-packages/airflow/example_dags/example_display_name.py
[2024-09-28T20:07:10.730+0000] {processor.py:925} INFO - DAG(s) 'example_display_name' retrieved from /home/airflow/.local/lib/python3.12/site-packages/airflow/example_dags/example_display_name.py
[2024-09-28T20:07:10.743+0000] {logging_mixin.py:190} INFO - [2024-09-28T20:07:10.742+0000] {dag.py:3239} INFO - Sync 1 DAGs
[2024-09-28T20:07:10.756+0000] {logging_mixin.py:190} INFO - [2024-09-28T20:07:10.756+0000] {dag.py:4180} INFO - Setting next_dagrun for example_display_name to None, run_after=None
[2024-09-28T20:07:10.769+0000] {processor.py:208} INFO - Processing /home/airflow/.local/lib/python3.12/site-packages/airflow/example_dags/example_display_name.py took 0.052 seconds
[2024-09-28T20:07:41.737+0000] {processor.py:186} INFO - Started process (PID=412) to work on /home/airflow/.local/lib/python3.12/site-packages/airflow/example_dags/example_display_name.py
[2024-09-28T20:07:41.738+0000] {processor.py:914} INFO - Processing file /home/airflow/.local/lib/python3.12/site-packages/airflow/example_dags/example_display_name.py for tasks to queue
[2024-09-28T20:07:41.740+0000] {logging_mixin.py:190} INFO - [2024-09-28T20:07:41.740+0000] {dagbag.py:588} INFO - Filling up the DagBag from /home/airflow/.local/lib/python3.12/site-packages/airflow/example_dags/example_display_name.py
[2024-09-28T20:07:41.745+0000] {processor.py:925} INFO - DAG(s) 'example_display_name' retrieved from /home/airflow/.local/lib/python3.12/site-packages/airflow/example_dags/example_display_name.py
[2024-09-28T20:07:41.757+0000] {logging_mixin.py:190} INFO - [2024-09-28T20:07:41.757+0000] {dag.py:3239} INFO - Sync 1 DAGs
[2024-09-28T20:07:41.766+0000] {logging_mixin.py:190} INFO - [2024-09-28T20:07:41.766+0000] {dag.py:4180} INFO - Setting next_dagrun for example_display_name to None, run_after=None
[2024-09-28T20:07:41.778+0000] {processor.py:208} INFO - Processing /home/airflow/.local/lib/python3.12/site-packages/airflow/example_dags/example_display_name.py took 0.044 seconds
[2024-09-28T20:08:12.404+0000] {processor.py:186} INFO - Started process (PID=477) to work on /home/airflow/.local/lib/python3.12/site-packages/airflow/example_dags/example_display_name.py
[2024-09-28T20:08:12.405+0000] {processor.py:914} INFO - Processing file /home/airflow/.local/lib/python3.12/site-packages/airflow/example_dags/example_display_name.py for tasks to queue
[2024-09-28T20:08:12.407+0000] {logging_mixin.py:190} INFO - [2024-09-28T20:08:12.407+0000] {dagbag.py:588} INFO - Filling up the DagBag from /home/airflow/.local/lib/python3.12/site-packages/airflow/example_dags/example_display_name.py
[2024-09-28T20:08:12.412+0000] {processor.py:925} INFO - DAG(s) 'example_display_name' retrieved from /home/airflow/.local/lib/python3.12/site-packages/airflow/example_dags/example_display_name.py
[2024-09-28T20:08:12.429+0000] {logging_mixin.py:190} INFO - [2024-09-28T20:08:12.429+0000] {dag.py:3239} INFO - Sync 1 DAGs
[2024-09-28T20:08:12.439+0000] {logging_mixin.py:190} INFO - [2024-09-28T20:08:12.439+0000] {dag.py:4180} INFO - Setting next_dagrun for example_display_name to None, run_after=None
[2024-09-28T20:08:12.454+0000] {processor.py:208} INFO - Processing /home/airflow/.local/lib/python3.12/site-packages/airflow/example_dags/example_display_name.py took 0.054 seconds
[2024-09-28T20:08:43.352+0000] {processor.py:186} INFO - Started process (PID=542) to work on /home/airflow/.local/lib/python3.12/site-packages/airflow/example_dags/example_display_name.py
[2024-09-28T20:08:43.353+0000] {processor.py:914} INFO - Processing file /home/airflow/.local/lib/python3.12/site-packages/airflow/example_dags/example_display_name.py for tasks to queue
[2024-09-28T20:08:43.355+0000] {logging_mixin.py:190} INFO - [2024-09-28T20:08:43.355+0000] {dagbag.py:588} INFO - Filling up the DagBag from /home/airflow/.local/lib/python3.12/site-packages/airflow/example_dags/example_display_name.py
[2024-09-28T20:08:43.360+0000] {processor.py:925} INFO - DAG(s) 'example_display_name' retrieved from /home/airflow/.local/lib/python3.12/site-packages/airflow/example_dags/example_display_name.py
[2024-09-28T20:08:43.373+0000] {logging_mixin.py:190} INFO - [2024-09-28T20:08:43.373+0000] {dag.py:3239} INFO - Sync 1 DAGs
[2024-09-28T20:08:43.383+0000] {logging_mixin.py:190} INFO - [2024-09-28T20:08:43.383+0000] {dag.py:4180} INFO - Setting next_dagrun for example_display_name to None, run_after=None
[2024-09-28T20:08:43.396+0000] {processor.py:208} INFO - Processing /home/airflow/.local/lib/python3.12/site-packages/airflow/example_dags/example_display_name.py took 0.047 seconds
[2024-09-28T20:09:14.130+0000] {processor.py:186} INFO - Started process (PID=607) to work on /home/airflow/.local/lib/python3.12/site-packages/airflow/example_dags/example_display_name.py
[2024-09-28T20:09:14.131+0000] {processor.py:914} INFO - Processing file /home/airflow/.local/lib/python3.12/site-packages/airflow/example_dags/example_display_name.py for tasks to queue
[2024-09-28T20:09:14.133+0000] {logging_mixin.py:190} INFO - [2024-09-28T20:09:14.133+0000] {dagbag.py:588} INFO - Filling up the DagBag from /home/airflow/.local/lib/python3.12/site-packages/airflow/example_dags/example_display_name.py
[2024-09-28T20:09:14.138+0000] {processor.py:925} INFO - DAG(s) 'example_display_name' retrieved from /home/airflow/.local/lib/python3.12/site-packages/airflow/example_dags/example_display_name.py
[2024-09-28T20:09:14.151+0000] {logging_mixin.py:190} INFO - [2024-09-28T20:09:14.151+0000] {dag.py:3239} INFO - Sync 1 DAGs
[2024-09-28T20:09:14.161+0000] {logging_mixin.py:190} INFO - [2024-09-28T20:09:14.161+0000] {dag.py:4180} INFO - Setting next_dagrun for example_display_name to None, run_after=None
[2024-09-28T20:09:14.174+0000] {processor.py:208} INFO - Processing /home/airflow/.local/lib/python3.12/site-packages/airflow/example_dags/example_display_name.py took 0.048 seconds
[2024-09-28T20:09:44.309+0000] {processor.py:186} INFO - Started process (PID=672) to work on /home/airflow/.local/lib/python3.12/site-packages/airflow/example_dags/example_display_name.py
[2024-09-28T20:09:44.310+0000] {processor.py:914} INFO - Processing file /home/airflow/.local/lib/python3.12/site-packages/airflow/example_dags/example_display_name.py for tasks to queue
[2024-09-28T20:09:44.312+0000] {logging_mixin.py:190} INFO - [2024-09-28T20:09:44.312+0000] {dagbag.py:588} INFO - Filling up the DagBag from /home/airflow/.local/lib/python3.12/site-packages/airflow/example_dags/example_display_name.py
[2024-09-28T20:09:44.317+0000] {processor.py:925} INFO - DAG(s) 'example_display_name' retrieved from /home/airflow/.local/lib/python3.12/site-packages/airflow/example_dags/example_display_name.py
[2024-09-28T20:09:44.329+0000] {logging_mixin.py:190} INFO - [2024-09-28T20:09:44.329+0000] {dag.py:3239} INFO - Sync 1 DAGs
[2024-09-28T20:09:44.338+0000] {logging_mixin.py:190} INFO - [2024-09-28T20:09:44.338+0000] {dag.py:4180} INFO - Setting next_dagrun for example_display_name to None, run_after=None
[2024-09-28T20:09:44.350+0000] {processor.py:208} INFO - Processing /home/airflow/.local/lib/python3.12/site-packages/airflow/example_dags/example_display_name.py took 0.045 seconds
[2024-09-28T20:10:14.639+0000] {processor.py:186} INFO - Started process (PID=738) to work on /home/airflow/.local/lib/python3.12/site-packages/airflow/example_dags/example_display_name.py
[2024-09-28T20:10:14.640+0000] {processor.py:914} INFO - Processing file /home/airflow/.local/lib/python3.12/site-packages/airflow/example_dags/example_display_name.py for tasks to queue
[2024-09-28T20:10:14.641+0000] {logging_mixin.py:190} INFO - [2024-09-28T20:10:14.641+0000] {dagbag.py:588} INFO - Filling up the DagBag from /home/airflow/.local/lib/python3.12/site-packages/airflow/example_dags/example_display_name.py
[2024-09-28T20:10:14.646+0000] {processor.py:925} INFO - DAG(s) 'example_display_name' retrieved from /home/airflow/.local/lib/python3.12/site-packages/airflow/example_dags/example_display_name.py
[2024-09-28T20:10:14.659+0000] {logging_mixin.py:190} INFO - [2024-09-28T20:10:14.658+0000] {dag.py:3239} INFO - Sync 1 DAGs
[2024-09-28T20:10:14.667+0000] {logging_mixin.py:190} INFO - [2024-09-28T20:10:14.667+0000] {dag.py:4180} INFO - Setting next_dagrun for example_display_name to None, run_after=None
[2024-09-28T20:10:14.680+0000] {processor.py:208} INFO - Processing /home/airflow/.local/lib/python3.12/site-packages/airflow/example_dags/example_display_name.py took 0.045 seconds
[2024-09-28T20:10:44.948+0000] {processor.py:186} INFO - Started process (PID=804) to work on /home/airflow/.local/lib/python3.12/site-packages/airflow/example_dags/example_display_name.py
[2024-09-28T20:10:44.949+0000] {processor.py:914} INFO - Processing file /home/airflow/.local/lib/python3.12/site-packages/airflow/example_dags/example_display_name.py for tasks to queue
[2024-09-28T20:10:44.951+0000] {logging_mixin.py:190} INFO - [2024-09-28T20:10:44.951+0000] {dagbag.py:588} INFO - Filling up the DagBag from /home/airflow/.local/lib/python3.12/site-packages/airflow/example_dags/example_display_name.py
[2024-09-28T20:10:44.956+0000] {processor.py:925} INFO - DAG(s) 'example_display_name' retrieved from /home/airflow/.local/lib/python3.12/site-packages/airflow/example_dags/example_display_name.py
[2024-09-28T20:10:44.969+0000] {logging_mixin.py:190} INFO - [2024-09-28T20:10:44.969+0000] {dag.py:3239} INFO - Sync 1 DAGs
[2024-09-28T20:10:44.979+0000] {logging_mixin.py:190} INFO - [2024-09-28T20:10:44.979+0000] {dag.py:4180} INFO - Setting next_dagrun for example_display_name to None, run_after=None
[2024-09-28T20:10:44.991+0000] {processor.py:208} INFO - Processing /home/airflow/.local/lib/python3.12/site-packages/airflow/example_dags/example_display_name.py took 0.046 seconds
[2024-09-28T20:11:15.234+0000] {processor.py:186} INFO - Started process (PID=874) to work on /home/airflow/.local/lib/python3.12/site-packages/airflow/example_dags/example_display_name.py
[2024-09-28T20:11:15.235+0000] {processor.py:914} INFO - Processing file /home/airflow/.local/lib/python3.12/site-packages/airflow/example_dags/example_display_name.py for tasks to queue
[2024-09-28T20:11:15.238+0000] {logging_mixin.py:190} INFO - [2024-09-28T20:11:15.238+0000] {dagbag.py:588} INFO - Filling up the DagBag from /home/airflow/.local/lib/python3.12/site-packages/airflow/example_dags/example_display_name.py
[2024-09-28T20:11:15.243+0000] {processor.py:925} INFO - DAG(s) 'example_display_name' retrieved from /home/airflow/.local/lib/python3.12/site-packages/airflow/example_dags/example_display_name.py
[2024-09-28T20:11:15.256+0000] {logging_mixin.py:190} INFO - [2024-09-28T20:11:15.256+0000] {dag.py:3239} INFO - Sync 1 DAGs
[2024-09-28T20:11:15.266+0000] {logging_mixin.py:190} INFO - [2024-09-28T20:11:15.266+0000] {dag.py:4180} INFO - Setting next_dagrun for example_display_name to None, run_after=None
[2024-09-28T20:11:15.279+0000] {processor.py:208} INFO - Processing /home/airflow/.local/lib/python3.12/site-packages/airflow/example_dags/example_display_name.py took 0.049 seconds
[2024-09-28T20:11:45.689+0000] {processor.py:186} INFO - Started process (PID=940) to work on /home/airflow/.local/lib/python3.12/site-packages/airflow/example_dags/example_display_name.py
[2024-09-28T20:11:45.690+0000] {processor.py:914} INFO - Processing file /home/airflow/.local/lib/python3.12/site-packages/airflow/example_dags/example_display_name.py for tasks to queue
[2024-09-28T20:11:45.692+0000] {logging_mixin.py:190} INFO - [2024-09-28T20:11:45.692+0000] {dagbag.py:588} INFO - Filling up the DagBag from /home/airflow/.local/lib/python3.12/site-packages/airflow/example_dags/example_display_name.py
[2024-09-28T20:11:45.698+0000] {processor.py:925} INFO - DAG(s) 'example_display_name' retrieved from /home/airflow/.local/lib/python3.12/site-packages/airflow/example_dags/example_display_name.py
[2024-09-28T20:11:45.713+0000] {logging_mixin.py:190} INFO - [2024-09-28T20:11:45.712+0000] {dag.py:3239} INFO - Sync 1 DAGs
[2024-09-28T20:11:45.724+0000] {logging_mixin.py:190} INFO - [2024-09-28T20:11:45.724+0000] {dag.py:4180} INFO - Setting next_dagrun for example_display_name to None, run_after=None
[2024-09-28T20:11:45.738+0000] {processor.py:208} INFO - Processing /home/airflow/.local/lib/python3.12/site-packages/airflow/example_dags/example_display_name.py took 0.053 seconds
[2024-09-28T20:12:15.979+0000] {processor.py:186} INFO - Started process (PID=1006) to work on /home/airflow/.local/lib/python3.12/site-packages/airflow/example_dags/example_display_name.py
[2024-09-28T20:12:15.980+0000] {processor.py:914} INFO - Processing file /home/airflow/.local/lib/python3.12/site-packages/airflow/example_dags/example_display_name.py for tasks to queue
[2024-09-28T20:12:15.982+0000] {logging_mixin.py:190} INFO - [2024-09-28T20:12:15.982+0000] {dagbag.py:588} INFO - Filling up the DagBag from /home/airflow/.local/lib/python3.12/site-packages/airflow/example_dags/example_display_name.py
[2024-09-28T20:12:15.987+0000] {processor.py:925} INFO - DAG(s) 'example_display_name' retrieved from /home/airflow/.local/lib/python3.12/site-packages/airflow/example_dags/example_display_name.py
[2024-09-28T20:12:16.000+0000] {logging_mixin.py:190} INFO - [2024-09-28T20:12:15.999+0000] {dag.py:3239} INFO - Sync 1 DAGs
[2024-09-28T20:12:16.010+0000] {logging_mixin.py:190} INFO - [2024-09-28T20:12:16.009+0000] {dag.py:4180} INFO - Setting next_dagrun for example_display_name to None, run_after=None
[2024-09-28T20:12:16.022+0000] {processor.py:208} INFO - Processing /home/airflow/.local/lib/python3.12/site-packages/airflow/example_dags/example_display_name.py took 0.046 seconds
[2024-09-28T20:12:46.126+0000] {processor.py:186} INFO - Started process (PID=1072) to work on /home/airflow/.local/lib/python3.12/site-packages/airflow/example_dags/example_display_name.py
[2024-09-28T20:12:46.127+0000] {processor.py:914} INFO - Processing file /home/airflow/.local/lib/python3.12/site-packages/airflow/example_dags/example_display_name.py for tasks to queue
[2024-09-28T20:12:46.129+0000] {logging_mixin.py:190} INFO - [2024-09-28T20:12:46.128+0000] {dagbag.py:588} INFO - Filling up the DagBag from /home/airflow/.local/lib/python3.12/site-packages/airflow/example_dags/example_display_name.py
[2024-09-28T20:12:46.134+0000] {processor.py:925} INFO - DAG(s) 'example_display_name' retrieved from /home/airflow/.local/lib/python3.12/site-packages/airflow/example_dags/example_display_name.py
[2024-09-28T20:12:46.147+0000] {logging_mixin.py:190} INFO - [2024-09-28T20:12:46.147+0000] {dag.py:3239} INFO - Sync 1 DAGs
[2024-09-28T20:12:46.157+0000] {logging_mixin.py:190} INFO - [2024-09-28T20:12:46.156+0000] {dag.py:4180} INFO - Setting next_dagrun for example_display_name to None, run_after=None
[2024-09-28T20:12:46.168+0000] {processor.py:208} INFO - Processing /home/airflow/.local/lib/python3.12/site-packages/airflow/example_dags/example_display_name.py took 0.046 seconds
[2024-09-28T20:13:16.351+0000] {processor.py:186} INFO - Started process (PID=1138) to work on /home/airflow/.local/lib/python3.12/site-packages/airflow/example_dags/example_display_name.py
[2024-09-28T20:13:16.352+0000] {processor.py:914} INFO - Processing file /home/airflow/.local/lib/python3.12/site-packages/airflow/example_dags/example_display_name.py for tasks to queue
[2024-09-28T20:13:16.354+0000] {logging_mixin.py:190} INFO - [2024-09-28T20:13:16.354+0000] {dagbag.py:588} INFO - Filling up the DagBag from /home/airflow/.local/lib/python3.12/site-packages/airflow/example_dags/example_display_name.py
[2024-09-28T20:13:16.359+0000] {processor.py:925} INFO - DAG(s) 'example_display_name' retrieved from /home/airflow/.local/lib/python3.12/site-packages/airflow/example_dags/example_display_name.py
[2024-09-28T20:13:16.372+0000] {logging_mixin.py:190} INFO - [2024-09-28T20:13:16.372+0000] {dag.py:3239} INFO - Sync 1 DAGs
[2024-09-28T20:13:16.382+0000] {logging_mixin.py:190} INFO - [2024-09-28T20:13:16.381+0000] {dag.py:4180} INFO - Setting next_dagrun for example_display_name to None, run_after=None
[2024-09-28T20:13:16.394+0000] {processor.py:208} INFO - Processing /home/airflow/.local/lib/python3.12/site-packages/airflow/example_dags/example_display_name.py took 0.047 seconds
[2024-09-28T20:13:46.564+0000] {processor.py:186} INFO - Started process (PID=1203) to work on /home/airflow/.local/lib/python3.12/site-packages/airflow/example_dags/example_display_name.py
[2024-09-28T20:13:46.565+0000] {processor.py:914} INFO - Processing file /home/airflow/.local/lib/python3.12/site-packages/airflow/example_dags/example_display_name.py for tasks to queue
[2024-09-28T20:13:46.567+0000] {logging_mixin.py:190} INFO - [2024-09-28T20:13:46.567+0000] {dagbag.py:588} INFO - Filling up the DagBag from /home/airflow/.local/lib/python3.12/site-packages/airflow/example_dags/example_display_name.py
[2024-09-28T20:13:46.573+0000] {processor.py:925} INFO - DAG(s) 'example_display_name' retrieved from /home/airflow/.local/lib/python3.12/site-packages/airflow/example_dags/example_display_name.py
[2024-09-28T20:13:46.586+0000] {logging_mixin.py:190} INFO - [2024-09-28T20:13:46.586+0000] {dag.py:3239} INFO - Sync 1 DAGs
[2024-09-28T20:13:46.595+0000] {logging_mixin.py:190} INFO - [2024-09-28T20:13:46.595+0000] {dag.py:4180} INFO - Setting next_dagrun for example_display_name to None, run_after=None
[2024-09-28T20:13:46.607+0000] {processor.py:208} INFO - Processing /home/airflow/.local/lib/python3.12/site-packages/airflow/example_dags/example_display_name.py took 0.048 seconds
[2024-09-28T20:14:16.889+0000] {processor.py:186} INFO - Started process (PID=1269) to work on /home/airflow/.local/lib/python3.12/site-packages/airflow/example_dags/example_display_name.py
[2024-09-28T20:14:16.889+0000] {processor.py:914} INFO - Processing file /home/airflow/.local/lib/python3.12/site-packages/airflow/example_dags/example_display_name.py for tasks to queue
[2024-09-28T20:14:16.891+0000] {logging_mixin.py:190} INFO - [2024-09-28T20:14:16.891+0000] {dagbag.py:588} INFO - Filling up the DagBag from /home/airflow/.local/lib/python3.12/site-packages/airflow/example_dags/example_display_name.py
[2024-09-28T20:14:16.896+0000] {processor.py:925} INFO - DAG(s) 'example_display_name' retrieved from /home/airflow/.local/lib/python3.12/site-packages/airflow/example_dags/example_display_name.py
[2024-09-28T20:14:16.907+0000] {logging_mixin.py:190} INFO - [2024-09-28T20:14:16.907+0000] {dag.py:3239} INFO - Sync 1 DAGs
[2024-09-28T20:14:16.916+0000] {logging_mixin.py:190} INFO - [2024-09-28T20:14:16.916+0000] {dag.py:4180} INFO - Setting next_dagrun for example_display_name to None, run_after=None
[2024-09-28T20:14:16.928+0000] {processor.py:208} INFO - Processing /home/airflow/.local/lib/python3.12/site-packages/airflow/example_dags/example_display_name.py took 0.043 seconds
[2024-09-28T20:14:47.291+0000] {processor.py:186} INFO - Started process (PID=1335) to work on /home/airflow/.local/lib/python3.12/site-packages/airflow/example_dags/example_display_name.py
[2024-09-28T20:14:47.292+0000] {processor.py:914} INFO - Processing file /home/airflow/.local/lib/python3.12/site-packages/airflow/example_dags/example_display_name.py for tasks to queue
[2024-09-28T20:14:47.294+0000] {logging_mixin.py:190} INFO - [2024-09-28T20:14:47.293+0000] {dagbag.py:588} INFO - Filling up the DagBag from /home/airflow/.local/lib/python3.12/site-packages/airflow/example_dags/example_display_name.py
[2024-09-28T20:14:47.299+0000] {processor.py:925} INFO - DAG(s) 'example_display_name' retrieved from /home/airflow/.local/lib/python3.12/site-packages/airflow/example_dags/example_display_name.py
[2024-09-28T20:14:47.311+0000] {logging_mixin.py:190} INFO - [2024-09-28T20:14:47.311+0000] {dag.py:3239} INFO - Sync 1 DAGs
[2024-09-28T20:14:47.320+0000] {logging_mixin.py:190} INFO - [2024-09-28T20:14:47.320+0000] {dag.py:4180} INFO - Setting next_dagrun for example_display_name to None, run_after=None
[2024-09-28T20:14:47.332+0000] {processor.py:208} INFO - Processing /home/airflow/.local/lib/python3.12/site-packages/airflow/example_dags/example_display_name.py took 0.045 seconds
[2024-09-28T20:15:17.556+0000] {processor.py:186} INFO - Started process (PID=1401) to work on /home/airflow/.local/lib/python3.12/site-packages/airflow/example_dags/example_display_name.py
[2024-09-28T20:15:17.557+0000] {processor.py:914} INFO - Processing file /home/airflow/.local/lib/python3.12/site-packages/airflow/example_dags/example_display_name.py for tasks to queue
[2024-09-28T20:15:17.559+0000] {logging_mixin.py:190} INFO - [2024-09-28T20:15:17.558+0000] {dagbag.py:588} INFO - Filling up the DagBag from /home/airflow/.local/lib/python3.12/site-packages/airflow/example_dags/example_display_name.py
[2024-09-28T20:15:17.564+0000] {processor.py:925} INFO - DAG(s) 'example_display_name' retrieved from /home/airflow/.local/lib/python3.12/site-packages/airflow/example_dags/example_display_name.py
[2024-09-28T20:15:17.578+0000] {logging_mixin.py:190} INFO - [2024-09-28T20:15:17.578+0000] {dag.py:3239} INFO - Sync 1 DAGs
[2024-09-28T20:15:17.589+0000] {logging_mixin.py:190} INFO - [2024-09-28T20:15:17.589+0000] {dag.py:4180} INFO - Setting next_dagrun for example_display_name to None, run_after=None
[2024-09-28T20:15:17.602+0000] {processor.py:208} INFO - Processing /home/airflow/.local/lib/python3.12/site-packages/airflow/example_dags/example_display_name.py took 0.051 seconds
[2024-09-28T20:16:29.869+0000] {processor.py:186} INFO - Started process (PID=106) to work on /home/airflow/.local/lib/python3.12/site-packages/airflow/example_dags/example_display_name.py
[2024-09-28T20:16:29.870+0000] {processor.py:914} INFO - Processing file /home/airflow/.local/lib/python3.12/site-packages/airflow/example_dags/example_display_name.py for tasks to queue
[2024-09-28T20:16:29.872+0000] {logging_mixin.py:190} INFO - [2024-09-28T20:16:29.872+0000] {dagbag.py:588} INFO - Filling up the DagBag from /home/airflow/.local/lib/python3.12/site-packages/airflow/example_dags/example_display_name.py
[2024-09-28T20:16:29.877+0000] {processor.py:925} INFO - DAG(s) 'example_display_name' retrieved from /home/airflow/.local/lib/python3.12/site-packages/airflow/example_dags/example_display_name.py
[2024-09-28T20:16:29.889+0000] {logging_mixin.py:190} INFO - [2024-09-28T20:16:29.889+0000] {dag.py:3239} INFO - Sync 1 DAGs
[2024-09-28T20:16:29.898+0000] {logging_mixin.py:190} INFO - [2024-09-28T20:16:29.898+0000] {dag.py:4180} INFO - Setting next_dagrun for example_display_name to None, run_after=None
[2024-09-28T20:16:29.910+0000] {processor.py:208} INFO - Processing /home/airflow/.local/lib/python3.12/site-packages/airflow/example_dags/example_display_name.py took 0.045 seconds
[2024-09-28T20:17:00.429+0000] {processor.py:186} INFO - Started process (PID=174) to work on /home/airflow/.local/lib/python3.12/site-packages/airflow/example_dags/example_display_name.py
[2024-09-28T20:17:00.430+0000] {processor.py:914} INFO - Processing file /home/airflow/.local/lib/python3.12/site-packages/airflow/example_dags/example_display_name.py for tasks to queue
[2024-09-28T20:17:00.431+0000] {logging_mixin.py:190} INFO - [2024-09-28T20:17:00.431+0000] {dagbag.py:588} INFO - Filling up the DagBag from /home/airflow/.local/lib/python3.12/site-packages/airflow/example_dags/example_display_name.py
[2024-09-28T20:17:00.436+0000] {processor.py:925} INFO - DAG(s) 'example_display_name' retrieved from /home/airflow/.local/lib/python3.12/site-packages/airflow/example_dags/example_display_name.py
[2024-09-28T20:17:00.450+0000] {logging_mixin.py:190} INFO - [2024-09-28T20:17:00.450+0000] {dag.py:3239} INFO - Sync 1 DAGs
[2024-09-28T20:17:00.461+0000] {logging_mixin.py:190} INFO - [2024-09-28T20:17:00.461+0000] {dag.py:4180} INFO - Setting next_dagrun for example_display_name to None, run_after=None
[2024-09-28T20:17:00.475+0000] {processor.py:208} INFO - Processing /home/airflow/.local/lib/python3.12/site-packages/airflow/example_dags/example_display_name.py took 0.050 seconds
[2024-09-28T20:17:30.713+0000] {processor.py:186} INFO - Started process (PID=242) to work on /home/airflow/.local/lib/python3.12/site-packages/airflow/example_dags/example_display_name.py
[2024-09-28T20:17:30.714+0000] {processor.py:914} INFO - Processing file /home/airflow/.local/lib/python3.12/site-packages/airflow/example_dags/example_display_name.py for tasks to queue
[2024-09-28T20:17:30.716+0000] {logging_mixin.py:190} INFO - [2024-09-28T20:17:30.716+0000] {dagbag.py:588} INFO - Filling up the DagBag from /home/airflow/.local/lib/python3.12/site-packages/airflow/example_dags/example_display_name.py
[2024-09-28T20:17:30.721+0000] {processor.py:925} INFO - DAG(s) 'example_display_name' retrieved from /home/airflow/.local/lib/python3.12/site-packages/airflow/example_dags/example_display_name.py
[2024-09-28T20:17:30.736+0000] {logging_mixin.py:190} INFO - [2024-09-28T20:17:30.735+0000] {dag.py:3239} INFO - Sync 1 DAGs
[2024-09-28T20:17:30.745+0000] {logging_mixin.py:190} INFO - [2024-09-28T20:17:30.745+0000] {dag.py:4180} INFO - Setting next_dagrun for example_display_name to None, run_after=None
[2024-09-28T20:17:30.758+0000] {processor.py:208} INFO - Processing /home/airflow/.local/lib/python3.12/site-packages/airflow/example_dags/example_display_name.py took 0.049 seconds
[2024-09-28T20:18:01.120+0000] {processor.py:186} INFO - Started process (PID=310) to work on /home/airflow/.local/lib/python3.12/site-packages/airflow/example_dags/example_display_name.py
[2024-09-28T20:18:01.121+0000] {processor.py:914} INFO - Processing file /home/airflow/.local/lib/python3.12/site-packages/airflow/example_dags/example_display_name.py for tasks to queue
[2024-09-28T20:18:01.122+0000] {logging_mixin.py:190} INFO - [2024-09-28T20:18:01.122+0000] {dagbag.py:588} INFO - Filling up the DagBag from /home/airflow/.local/lib/python3.12/site-packages/airflow/example_dags/example_display_name.py
[2024-09-28T20:18:01.128+0000] {processor.py:925} INFO - DAG(s) 'example_display_name' retrieved from /home/airflow/.local/lib/python3.12/site-packages/airflow/example_dags/example_display_name.py
[2024-09-28T20:18:01.141+0000] {logging_mixin.py:190} INFO - [2024-09-28T20:18:01.141+0000] {dag.py:3239} INFO - Sync 1 DAGs
[2024-09-28T20:18:01.151+0000] {logging_mixin.py:190} INFO - [2024-09-28T20:18:01.151+0000] {dag.py:4180} INFO - Setting next_dagrun for example_display_name to None, run_after=None
[2024-09-28T20:18:01.166+0000] {processor.py:208} INFO - Processing /home/airflow/.local/lib/python3.12/site-packages/airflow/example_dags/example_display_name.py took 0.050 seconds
[2024-09-28T20:18:31.583+0000] {processor.py:186} INFO - Started process (PID=382) to work on /home/airflow/.local/lib/python3.12/site-packages/airflow/example_dags/example_display_name.py
[2024-09-28T20:18:31.584+0000] {processor.py:914} INFO - Processing file /home/airflow/.local/lib/python3.12/site-packages/airflow/example_dags/example_display_name.py for tasks to queue
[2024-09-28T20:18:31.586+0000] {logging_mixin.py:190} INFO - [2024-09-28T20:18:31.586+0000] {dagbag.py:588} INFO - Filling up the DagBag from /home/airflow/.local/lib/python3.12/site-packages/airflow/example_dags/example_display_name.py
[2024-09-28T20:18:31.594+0000] {processor.py:925} INFO - DAG(s) 'example_display_name' retrieved from /home/airflow/.local/lib/python3.12/site-packages/airflow/example_dags/example_display_name.py
[2024-09-28T20:18:31.608+0000] {logging_mixin.py:190} INFO - [2024-09-28T20:18:31.608+0000] {dag.py:3239} INFO - Sync 1 DAGs
[2024-09-28T20:18:31.619+0000] {logging_mixin.py:190} INFO - [2024-09-28T20:18:31.618+0000] {dag.py:4180} INFO - Setting next_dagrun for example_display_name to None, run_after=None
[2024-09-28T20:18:31.631+0000] {processor.py:208} INFO - Processing /home/airflow/.local/lib/python3.12/site-packages/airflow/example_dags/example_display_name.py took 0.051 seconds
[2024-09-28T20:19:01.845+0000] {processor.py:186} INFO - Started process (PID=448) to work on /home/airflow/.local/lib/python3.12/site-packages/airflow/example_dags/example_display_name.py
[2024-09-28T20:19:01.847+0000] {processor.py:914} INFO - Processing file /home/airflow/.local/lib/python3.12/site-packages/airflow/example_dags/example_display_name.py for tasks to queue
[2024-09-28T20:19:01.848+0000] {logging_mixin.py:190} INFO - [2024-09-28T20:19:01.848+0000] {dagbag.py:588} INFO - Filling up the DagBag from /home/airflow/.local/lib/python3.12/site-packages/airflow/example_dags/example_display_name.py
[2024-09-28T20:19:01.853+0000] {processor.py:925} INFO - DAG(s) 'example_display_name' retrieved from /home/airflow/.local/lib/python3.12/site-packages/airflow/example_dags/example_display_name.py
[2024-09-28T20:19:01.865+0000] {logging_mixin.py:190} INFO - [2024-09-28T20:19:01.865+0000] {dag.py:3239} INFO - Sync 1 DAGs
[2024-09-28T20:19:01.874+0000] {logging_mixin.py:190} INFO - [2024-09-28T20:19:01.874+0000] {dag.py:4180} INFO - Setting next_dagrun for example_display_name to None, run_after=None
[2024-09-28T20:19:01.886+0000] {processor.py:208} INFO - Processing /home/airflow/.local/lib/python3.12/site-packages/airflow/example_dags/example_display_name.py took 0.045 seconds
[2024-09-28T20:19:32.047+0000] {processor.py:186} INFO - Started process (PID=514) to work on /home/airflow/.local/lib/python3.12/site-packages/airflow/example_dags/example_display_name.py
[2024-09-28T20:19:32.048+0000] {processor.py:914} INFO - Processing file /home/airflow/.local/lib/python3.12/site-packages/airflow/example_dags/example_display_name.py for tasks to queue
[2024-09-28T20:19:32.049+0000] {logging_mixin.py:190} INFO - [2024-09-28T20:19:32.049+0000] {dagbag.py:588} INFO - Filling up the DagBag from /home/airflow/.local/lib/python3.12/site-packages/airflow/example_dags/example_display_name.py
[2024-09-28T20:19:32.054+0000] {processor.py:925} INFO - DAG(s) 'example_display_name' retrieved from /home/airflow/.local/lib/python3.12/site-packages/airflow/example_dags/example_display_name.py
[2024-09-28T20:19:32.067+0000] {logging_mixin.py:190} INFO - [2024-09-28T20:19:32.067+0000] {dag.py:3239} INFO - Sync 1 DAGs
[2024-09-28T20:19:32.076+0000] {logging_mixin.py:190} INFO - [2024-09-28T20:19:32.076+0000] {dag.py:4180} INFO - Setting next_dagrun for example_display_name to None, run_after=None
[2024-09-28T20:19:32.089+0000] {processor.py:208} INFO - Processing /home/airflow/.local/lib/python3.12/site-packages/airflow/example_dags/example_display_name.py took 0.045 seconds
[2024-09-28T20:20:02.391+0000] {processor.py:186} INFO - Started process (PID=581) to work on /home/airflow/.local/lib/python3.12/site-packages/airflow/example_dags/example_display_name.py
[2024-09-28T20:20:02.392+0000] {processor.py:914} INFO - Processing file /home/airflow/.local/lib/python3.12/site-packages/airflow/example_dags/example_display_name.py for tasks to queue
[2024-09-28T20:20:02.393+0000] {logging_mixin.py:190} INFO - [2024-09-28T20:20:02.393+0000] {dagbag.py:588} INFO - Filling up the DagBag from /home/airflow/.local/lib/python3.12/site-packages/airflow/example_dags/example_display_name.py
[2024-09-28T20:20:02.398+0000] {processor.py:925} INFO - DAG(s) 'example_display_name' retrieved from /home/airflow/.local/lib/python3.12/site-packages/airflow/example_dags/example_display_name.py
[2024-09-28T20:20:02.411+0000] {logging_mixin.py:190} INFO - [2024-09-28T20:20:02.411+0000] {dag.py:3239} INFO - Sync 1 DAGs
[2024-09-28T20:20:02.422+0000] {logging_mixin.py:190} INFO - [2024-09-28T20:20:02.422+0000] {dag.py:4180} INFO - Setting next_dagrun for example_display_name to None, run_after=None
[2024-09-28T20:20:02.435+0000] {processor.py:208} INFO - Processing /home/airflow/.local/lib/python3.12/site-packages/airflow/example_dags/example_display_name.py took 0.047 seconds
[2024-09-28T20:20:32.812+0000] {processor.py:186} INFO - Started process (PID=647) to work on /home/airflow/.local/lib/python3.12/site-packages/airflow/example_dags/example_display_name.py
[2024-09-28T20:20:32.813+0000] {processor.py:914} INFO - Processing file /home/airflow/.local/lib/python3.12/site-packages/airflow/example_dags/example_display_name.py for tasks to queue
[2024-09-28T20:20:32.814+0000] {logging_mixin.py:190} INFO - [2024-09-28T20:20:32.814+0000] {dagbag.py:588} INFO - Filling up the DagBag from /home/airflow/.local/lib/python3.12/site-packages/airflow/example_dags/example_display_name.py
[2024-09-28T20:20:32.820+0000] {processor.py:925} INFO - DAG(s) 'example_display_name' retrieved from /home/airflow/.local/lib/python3.12/site-packages/airflow/example_dags/example_display_name.py
[2024-09-28T20:20:32.832+0000] {logging_mixin.py:190} INFO - [2024-09-28T20:20:32.832+0000] {dag.py:3239} INFO - Sync 1 DAGs
[2024-09-28T20:20:32.842+0000] {logging_mixin.py:190} INFO - [2024-09-28T20:20:32.842+0000] {dag.py:4180} INFO - Setting next_dagrun for example_display_name to None, run_after=None
[2024-09-28T20:20:32.854+0000] {processor.py:208} INFO - Processing /home/airflow/.local/lib/python3.12/site-packages/airflow/example_dags/example_display_name.py took 0.046 seconds
