[2024-09-28T19:52:47.755+0000] {processor.py:186} INFO - Started process (PID=62) to work on /home/airflow/.local/lib/python3.12/site-packages/airflow/example_dags/example_python_decorator.py
[2024-09-28T19:52:47.756+0000] {processor.py:914} INFO - Processing file /home/airflow/.local/lib/python3.12/site-packages/airflow/example_dags/example_python_decorator.py for tasks to queue
[2024-09-28T19:52:47.757+0000] {logging_mixin.py:190} INFO - [2024-09-28T19:52:47.757+0000] {dagbag.py:588} INFO - Filling up the DagBag from /home/airflow/.local/lib/python3.12/site-packages/airflow/example_dags/example_python_decorator.py
[2024-09-28T19:52:47.773+0000] {processor.py:925} INFO - DAG(s) 'example_python_decorator' retrieved from /home/airflow/.local/lib/python3.12/site-packages/airflow/example_dags/example_python_decorator.py
[2024-09-28T19:52:47.834+0000] {logging_mixin.py:190} INFO - [2024-09-28T19:52:47.834+0000] {override.py:1900} INFO - Created Permission View: can edit on DAG:example_python_decorator
[2024-09-28T19:52:47.840+0000] {logging_mixin.py:190} INFO - [2024-09-28T19:52:47.840+0000] {override.py:1900} INFO - Created Permission View: can delete on DAG:example_python_decorator
[2024-09-28T19:52:47.844+0000] {logging_mixin.py:190} INFO - [2024-09-28T19:52:47.844+0000] {override.py:1900} INFO - Created Permission View: can read on DAG:example_python_decorator
[2024-09-28T19:52:47.849+0000] {logging_mixin.py:190} INFO - [2024-09-28T19:52:47.849+0000] {override.py:1900} INFO - Created Permission View: can delete on DAG Run:example_python_decorator
[2024-09-28T19:52:47.852+0000] {logging_mixin.py:190} INFO - [2024-09-28T19:52:47.852+0000] {override.py:1900} INFO - Created Permission View: can read on DAG Run:example_python_decorator
[2024-09-28T19:52:47.856+0000] {logging_mixin.py:190} INFO - [2024-09-28T19:52:47.856+0000] {override.py:1900} INFO - Created Permission View: can create on DAG Run:example_python_decorator
[2024-09-28T19:52:47.861+0000] {logging_mixin.py:190} INFO - [2024-09-28T19:52:47.860+0000] {override.py:1900} INFO - Created Permission View: menu access on DAG Run:example_python_decorator
[2024-09-28T19:52:47.861+0000] {logging_mixin.py:190} INFO - [2024-09-28T19:52:47.861+0000] {dag.py:3239} INFO - Sync 1 DAGs
[2024-09-28T19:52:47.868+0000] {logging_mixin.py:190} INFO - [2024-09-28T19:52:47.868+0000] {dag.py:3262} INFO - Creating ORM DAG for example_python_decorator
[2024-09-28T19:52:47.869+0000] {logging_mixin.py:190} INFO - [2024-09-28T19:52:47.869+0000] {dag.py:4180} INFO - Setting next_dagrun for example_python_decorator to None, run_after=None
[2024-09-28T19:52:47.879+0000] {processor.py:208} INFO - Processing /home/airflow/.local/lib/python3.12/site-packages/airflow/example_dags/example_python_decorator.py took 0.128 seconds
[2024-09-28T19:53:17.948+0000] {processor.py:186} INFO - Started process (PID=126) to work on /home/airflow/.local/lib/python3.12/site-packages/airflow/example_dags/example_python_decorator.py
[2024-09-28T19:53:17.950+0000] {processor.py:914} INFO - Processing file /home/airflow/.local/lib/python3.12/site-packages/airflow/example_dags/example_python_decorator.py for tasks to queue
[2024-09-28T19:53:17.953+0000] {logging_mixin.py:190} INFO - [2024-09-28T19:53:17.952+0000] {dagbag.py:588} INFO - Filling up the DagBag from /home/airflow/.local/lib/python3.12/site-packages/airflow/example_dags/example_python_decorator.py
[2024-09-28T19:53:17.968+0000] {processor.py:925} INFO - DAG(s) 'example_python_decorator' retrieved from /home/airflow/.local/lib/python3.12/site-packages/airflow/example_dags/example_python_decorator.py
[2024-09-28T19:53:17.987+0000] {logging_mixin.py:190} INFO - [2024-09-28T19:53:17.987+0000] {dag.py:3239} INFO - Sync 1 DAGs
[2024-09-28T19:53:17.996+0000] {logging_mixin.py:190} INFO - [2024-09-28T19:53:17.996+0000] {dag.py:4180} INFO - Setting next_dagrun for example_python_decorator to None, run_after=None
[2024-09-28T19:53:18.008+0000] {processor.py:208} INFO - Processing /home/airflow/.local/lib/python3.12/site-packages/airflow/example_dags/example_python_decorator.py took 0.066 seconds
[2024-09-28T19:53:49.004+0000] {processor.py:186} INFO - Started process (PID=198) to work on /home/airflow/.local/lib/python3.12/site-packages/airflow/example_dags/example_python_decorator.py
[2024-09-28T19:53:49.005+0000] {processor.py:914} INFO - Processing file /home/airflow/.local/lib/python3.12/site-packages/airflow/example_dags/example_python_decorator.py for tasks to queue
[2024-09-28T19:53:49.007+0000] {logging_mixin.py:190} INFO - [2024-09-28T19:53:49.006+0000] {dagbag.py:588} INFO - Filling up the DagBag from /home/airflow/.local/lib/python3.12/site-packages/airflow/example_dags/example_python_decorator.py
[2024-09-28T19:53:49.017+0000] {processor.py:925} INFO - DAG(s) 'example_python_decorator' retrieved from /home/airflow/.local/lib/python3.12/site-packages/airflow/example_dags/example_python_decorator.py
[2024-09-28T19:53:49.032+0000] {logging_mixin.py:190} INFO - [2024-09-28T19:53:49.032+0000] {dag.py:3239} INFO - Sync 1 DAGs
[2024-09-28T19:53:49.042+0000] {logging_mixin.py:190} INFO - [2024-09-28T19:53:49.041+0000] {dag.py:4180} INFO - Setting next_dagrun for example_python_decorator to None, run_after=None
[2024-09-28T19:53:49.059+0000] {processor.py:208} INFO - Processing /home/airflow/.local/lib/python3.12/site-packages/airflow/example_dags/example_python_decorator.py took 0.060 seconds
[2024-09-28T19:54:19.326+0000] {processor.py:186} INFO - Started process (PID=263) to work on /home/airflow/.local/lib/python3.12/site-packages/airflow/example_dags/example_python_decorator.py
[2024-09-28T19:54:19.327+0000] {processor.py:914} INFO - Processing file /home/airflow/.local/lib/python3.12/site-packages/airflow/example_dags/example_python_decorator.py for tasks to queue
[2024-09-28T19:54:19.329+0000] {logging_mixin.py:190} INFO - [2024-09-28T19:54:19.329+0000] {dagbag.py:588} INFO - Filling up the DagBag from /home/airflow/.local/lib/python3.12/site-packages/airflow/example_dags/example_python_decorator.py
[2024-09-28T19:54:19.338+0000] {processor.py:925} INFO - DAG(s) 'example_python_decorator' retrieved from /home/airflow/.local/lib/python3.12/site-packages/airflow/example_dags/example_python_decorator.py
[2024-09-28T19:54:19.353+0000] {logging_mixin.py:190} INFO - [2024-09-28T19:54:19.353+0000] {dag.py:3239} INFO - Sync 1 DAGs
[2024-09-28T19:54:19.362+0000] {logging_mixin.py:190} INFO - [2024-09-28T19:54:19.362+0000] {dag.py:4180} INFO - Setting next_dagrun for example_python_decorator to None, run_after=None
[2024-09-28T19:54:19.375+0000] {processor.py:208} INFO - Processing /home/airflow/.local/lib/python3.12/site-packages/airflow/example_dags/example_python_decorator.py took 0.052 seconds
[2024-09-28T19:54:49.619+0000] {processor.py:186} INFO - Started process (PID=328) to work on /home/airflow/.local/lib/python3.12/site-packages/airflow/example_dags/example_python_decorator.py
[2024-09-28T19:54:49.621+0000] {processor.py:914} INFO - Processing file /home/airflow/.local/lib/python3.12/site-packages/airflow/example_dags/example_python_decorator.py for tasks to queue
[2024-09-28T19:54:49.623+0000] {logging_mixin.py:190} INFO - [2024-09-28T19:54:49.623+0000] {dagbag.py:588} INFO - Filling up the DagBag from /home/airflow/.local/lib/python3.12/site-packages/airflow/example_dags/example_python_decorator.py
[2024-09-28T19:54:49.642+0000] {processor.py:925} INFO - DAG(s) 'example_python_decorator' retrieved from /home/airflow/.local/lib/python3.12/site-packages/airflow/example_dags/example_python_decorator.py
[2024-09-28T19:54:49.655+0000] {logging_mixin.py:190} INFO - [2024-09-28T19:54:49.655+0000] {dag.py:3239} INFO - Sync 1 DAGs
[2024-09-28T19:54:49.664+0000] {logging_mixin.py:190} INFO - [2024-09-28T19:54:49.664+0000] {dag.py:4180} INFO - Setting next_dagrun for example_python_decorator to None, run_after=None
[2024-09-28T19:54:49.676+0000] {processor.py:208} INFO - Processing /home/airflow/.local/lib/python3.12/site-packages/airflow/example_dags/example_python_decorator.py took 0.062 seconds
[2024-09-28T19:55:19.896+0000] {processor.py:186} INFO - Started process (PID=393) to work on /home/airflow/.local/lib/python3.12/site-packages/airflow/example_dags/example_python_decorator.py
[2024-09-28T19:55:19.897+0000] {processor.py:914} INFO - Processing file /home/airflow/.local/lib/python3.12/site-packages/airflow/example_dags/example_python_decorator.py for tasks to queue
[2024-09-28T19:55:19.898+0000] {logging_mixin.py:190} INFO - [2024-09-28T19:55:19.898+0000] {dagbag.py:588} INFO - Filling up the DagBag from /home/airflow/.local/lib/python3.12/site-packages/airflow/example_dags/example_python_decorator.py
[2024-09-28T19:55:19.907+0000] {processor.py:925} INFO - DAG(s) 'example_python_decorator' retrieved from /home/airflow/.local/lib/python3.12/site-packages/airflow/example_dags/example_python_decorator.py
[2024-09-28T19:55:19.921+0000] {logging_mixin.py:190} INFO - [2024-09-28T19:55:19.921+0000] {dag.py:3239} INFO - Sync 1 DAGs
[2024-09-28T19:55:19.931+0000] {logging_mixin.py:190} INFO - [2024-09-28T19:55:19.931+0000] {dag.py:4180} INFO - Setting next_dagrun for example_python_decorator to None, run_after=None
[2024-09-28T19:55:19.943+0000] {processor.py:208} INFO - Processing /home/airflow/.local/lib/python3.12/site-packages/airflow/example_dags/example_python_decorator.py took 0.052 seconds
[2024-09-28T19:55:50.305+0000] {processor.py:186} INFO - Started process (PID=459) to work on /home/airflow/.local/lib/python3.12/site-packages/airflow/example_dags/example_python_decorator.py
[2024-09-28T19:55:50.306+0000] {processor.py:914} INFO - Processing file /home/airflow/.local/lib/python3.12/site-packages/airflow/example_dags/example_python_decorator.py for tasks to queue
[2024-09-28T19:55:50.307+0000] {logging_mixin.py:190} INFO - [2024-09-28T19:55:50.307+0000] {dagbag.py:588} INFO - Filling up the DagBag from /home/airflow/.local/lib/python3.12/site-packages/airflow/example_dags/example_python_decorator.py
[2024-09-28T19:55:50.319+0000] {processor.py:925} INFO - DAG(s) 'example_python_decorator' retrieved from /home/airflow/.local/lib/python3.12/site-packages/airflow/example_dags/example_python_decorator.py
[2024-09-28T19:55:50.334+0000] {logging_mixin.py:190} INFO - [2024-09-28T19:55:50.334+0000] {dag.py:3239} INFO - Sync 1 DAGs
[2024-09-28T19:55:50.344+0000] {logging_mixin.py:190} INFO - [2024-09-28T19:55:50.343+0000] {dag.py:4180} INFO - Setting next_dagrun for example_python_decorator to None, run_after=None
[2024-09-28T19:55:50.356+0000] {processor.py:208} INFO - Processing /home/airflow/.local/lib/python3.12/site-packages/airflow/example_dags/example_python_decorator.py took 0.055 seconds
[2024-09-28T19:56:20.984+0000] {processor.py:186} INFO - Started process (PID=524) to work on /home/airflow/.local/lib/python3.12/site-packages/airflow/example_dags/example_python_decorator.py
[2024-09-28T19:56:20.985+0000] {processor.py:914} INFO - Processing file /home/airflow/.local/lib/python3.12/site-packages/airflow/example_dags/example_python_decorator.py for tasks to queue
[2024-09-28T19:56:20.986+0000] {logging_mixin.py:190} INFO - [2024-09-28T19:56:20.986+0000] {dagbag.py:588} INFO - Filling up the DagBag from /home/airflow/.local/lib/python3.12/site-packages/airflow/example_dags/example_python_decorator.py
[2024-09-28T19:56:20.995+0000] {processor.py:925} INFO - DAG(s) 'example_python_decorator' retrieved from /home/airflow/.local/lib/python3.12/site-packages/airflow/example_dags/example_python_decorator.py
[2024-09-28T19:56:21.009+0000] {logging_mixin.py:190} INFO - [2024-09-28T19:56:21.009+0000] {dag.py:3239} INFO - Sync 1 DAGs
[2024-09-28T19:56:21.018+0000] {logging_mixin.py:190} INFO - [2024-09-28T19:56:21.018+0000] {dag.py:4180} INFO - Setting next_dagrun for example_python_decorator to None, run_after=None
[2024-09-28T19:56:21.031+0000] {processor.py:208} INFO - Processing /home/airflow/.local/lib/python3.12/site-packages/airflow/example_dags/example_python_decorator.py took 0.050 seconds
[2024-09-28T19:56:51.112+0000] {processor.py:186} INFO - Started process (PID=589) to work on /home/airflow/.local/lib/python3.12/site-packages/airflow/example_dags/example_python_decorator.py
[2024-09-28T19:56:51.113+0000] {processor.py:914} INFO - Processing file /home/airflow/.local/lib/python3.12/site-packages/airflow/example_dags/example_python_decorator.py for tasks to queue
[2024-09-28T19:56:51.115+0000] {logging_mixin.py:190} INFO - [2024-09-28T19:56:51.115+0000] {dagbag.py:588} INFO - Filling up the DagBag from /home/airflow/.local/lib/python3.12/site-packages/airflow/example_dags/example_python_decorator.py
[2024-09-28T19:56:51.127+0000] {processor.py:925} INFO - DAG(s) 'example_python_decorator' retrieved from /home/airflow/.local/lib/python3.12/site-packages/airflow/example_dags/example_python_decorator.py
[2024-09-28T19:56:51.146+0000] {logging_mixin.py:190} INFO - [2024-09-28T19:56:51.146+0000] {dag.py:3239} INFO - Sync 1 DAGs
[2024-09-28T19:56:51.159+0000] {logging_mixin.py:190} INFO - [2024-09-28T19:56:51.159+0000] {dag.py:4180} INFO - Setting next_dagrun for example_python_decorator to None, run_after=None
[2024-09-28T19:56:51.177+0000] {processor.py:208} INFO - Processing /home/airflow/.local/lib/python3.12/site-packages/airflow/example_dags/example_python_decorator.py took 0.069 seconds
[2024-09-28T19:57:21.474+0000] {processor.py:186} INFO - Started process (PID=654) to work on /home/airflow/.local/lib/python3.12/site-packages/airflow/example_dags/example_python_decorator.py
[2024-09-28T19:57:21.475+0000] {processor.py:914} INFO - Processing file /home/airflow/.local/lib/python3.12/site-packages/airflow/example_dags/example_python_decorator.py for tasks to queue
[2024-09-28T19:57:21.477+0000] {logging_mixin.py:190} INFO - [2024-09-28T19:57:21.476+0000] {dagbag.py:588} INFO - Filling up the DagBag from /home/airflow/.local/lib/python3.12/site-packages/airflow/example_dags/example_python_decorator.py
[2024-09-28T19:57:21.485+0000] {processor.py:925} INFO - DAG(s) 'example_python_decorator' retrieved from /home/airflow/.local/lib/python3.12/site-packages/airflow/example_dags/example_python_decorator.py
[2024-09-28T19:57:21.500+0000] {logging_mixin.py:190} INFO - [2024-09-28T19:57:21.500+0000] {dag.py:3239} INFO - Sync 1 DAGs
[2024-09-28T19:57:21.509+0000] {logging_mixin.py:190} INFO - [2024-09-28T19:57:21.509+0000] {dag.py:4180} INFO - Setting next_dagrun for example_python_decorator to None, run_after=None
[2024-09-28T19:57:21.521+0000] {processor.py:208} INFO - Processing /home/airflow/.local/lib/python3.12/site-packages/airflow/example_dags/example_python_decorator.py took 0.051 seconds
[2024-09-28T19:57:51.785+0000] {processor.py:186} INFO - Started process (PID=719) to work on /home/airflow/.local/lib/python3.12/site-packages/airflow/example_dags/example_python_decorator.py
[2024-09-28T19:57:51.786+0000] {processor.py:914} INFO - Processing file /home/airflow/.local/lib/python3.12/site-packages/airflow/example_dags/example_python_decorator.py for tasks to queue
[2024-09-28T19:57:51.788+0000] {logging_mixin.py:190} INFO - [2024-09-28T19:57:51.788+0000] {dagbag.py:588} INFO - Filling up the DagBag from /home/airflow/.local/lib/python3.12/site-packages/airflow/example_dags/example_python_decorator.py
[2024-09-28T19:57:51.797+0000] {processor.py:925} INFO - DAG(s) 'example_python_decorator' retrieved from /home/airflow/.local/lib/python3.12/site-packages/airflow/example_dags/example_python_decorator.py
[2024-09-28T19:57:51.811+0000] {logging_mixin.py:190} INFO - [2024-09-28T19:57:51.811+0000] {dag.py:3239} INFO - Sync 1 DAGs
[2024-09-28T19:57:51.820+0000] {logging_mixin.py:190} INFO - [2024-09-28T19:57:51.820+0000] {dag.py:4180} INFO - Setting next_dagrun for example_python_decorator to None, run_after=None
[2024-09-28T19:57:51.832+0000] {processor.py:208} INFO - Processing /home/airflow/.local/lib/python3.12/site-packages/airflow/example_dags/example_python_decorator.py took 0.053 seconds
[2024-09-28T19:58:22.591+0000] {processor.py:186} INFO - Started process (PID=784) to work on /home/airflow/.local/lib/python3.12/site-packages/airflow/example_dags/example_python_decorator.py
[2024-09-28T19:58:22.592+0000] {processor.py:914} INFO - Processing file /home/airflow/.local/lib/python3.12/site-packages/airflow/example_dags/example_python_decorator.py for tasks to queue
[2024-09-28T19:58:22.594+0000] {logging_mixin.py:190} INFO - [2024-09-28T19:58:22.593+0000] {dagbag.py:588} INFO - Filling up the DagBag from /home/airflow/.local/lib/python3.12/site-packages/airflow/example_dags/example_python_decorator.py
[2024-09-28T19:58:22.602+0000] {processor.py:925} INFO - DAG(s) 'example_python_decorator' retrieved from /home/airflow/.local/lib/python3.12/site-packages/airflow/example_dags/example_python_decorator.py
[2024-09-28T19:58:22.616+0000] {logging_mixin.py:190} INFO - [2024-09-28T19:58:22.615+0000] {dag.py:3239} INFO - Sync 1 DAGs
[2024-09-28T19:58:22.624+0000] {logging_mixin.py:190} INFO - [2024-09-28T19:58:22.624+0000] {dag.py:4180} INFO - Setting next_dagrun for example_python_decorator to None, run_after=None
[2024-09-28T19:58:22.636+0000] {processor.py:208} INFO - Processing /home/airflow/.local/lib/python3.12/site-packages/airflow/example_dags/example_python_decorator.py took 0.048 seconds
[2024-09-28T19:58:52.730+0000] {processor.py:186} INFO - Started process (PID=849) to work on /home/airflow/.local/lib/python3.12/site-packages/airflow/example_dags/example_python_decorator.py
[2024-09-28T19:58:52.731+0000] {processor.py:914} INFO - Processing file /home/airflow/.local/lib/python3.12/site-packages/airflow/example_dags/example_python_decorator.py for tasks to queue
[2024-09-28T19:58:52.733+0000] {logging_mixin.py:190} INFO - [2024-09-28T19:58:52.733+0000] {dagbag.py:588} INFO - Filling up the DagBag from /home/airflow/.local/lib/python3.12/site-packages/airflow/example_dags/example_python_decorator.py
[2024-09-28T19:58:52.742+0000] {processor.py:925} INFO - DAG(s) 'example_python_decorator' retrieved from /home/airflow/.local/lib/python3.12/site-packages/airflow/example_dags/example_python_decorator.py
[2024-09-28T19:58:52.757+0000] {logging_mixin.py:190} INFO - [2024-09-28T19:58:52.757+0000] {dag.py:3239} INFO - Sync 1 DAGs
[2024-09-28T19:58:52.765+0000] {logging_mixin.py:190} INFO - [2024-09-28T19:58:52.765+0000] {dag.py:4180} INFO - Setting next_dagrun for example_python_decorator to None, run_after=None
[2024-09-28T19:58:52.777+0000] {processor.py:208} INFO - Processing /home/airflow/.local/lib/python3.12/site-packages/airflow/example_dags/example_python_decorator.py took 0.050 seconds
[2024-09-28T19:59:23.226+0000] {processor.py:186} INFO - Started process (PID=914) to work on /home/airflow/.local/lib/python3.12/site-packages/airflow/example_dags/example_python_decorator.py
[2024-09-28T19:59:23.226+0000] {processor.py:914} INFO - Processing file /home/airflow/.local/lib/python3.12/site-packages/airflow/example_dags/example_python_decorator.py for tasks to queue
[2024-09-28T19:59:23.228+0000] {logging_mixin.py:190} INFO - [2024-09-28T19:59:23.228+0000] {dagbag.py:588} INFO - Filling up the DagBag from /home/airflow/.local/lib/python3.12/site-packages/airflow/example_dags/example_python_decorator.py
[2024-09-28T19:59:23.237+0000] {processor.py:925} INFO - DAG(s) 'example_python_decorator' retrieved from /home/airflow/.local/lib/python3.12/site-packages/airflow/example_dags/example_python_decorator.py
[2024-09-28T19:59:23.251+0000] {logging_mixin.py:190} INFO - [2024-09-28T19:59:23.251+0000] {dag.py:3239} INFO - Sync 1 DAGs
[2024-09-28T19:59:23.260+0000] {logging_mixin.py:190} INFO - [2024-09-28T19:59:23.260+0000] {dag.py:4180} INFO - Setting next_dagrun for example_python_decorator to None, run_after=None
[2024-09-28T19:59:23.272+0000] {processor.py:208} INFO - Processing /home/airflow/.local/lib/python3.12/site-packages/airflow/example_dags/example_python_decorator.py took 0.050 seconds
[2024-09-28T19:59:53.524+0000] {processor.py:186} INFO - Started process (PID=979) to work on /home/airflow/.local/lib/python3.12/site-packages/airflow/example_dags/example_python_decorator.py
[2024-09-28T19:59:53.531+0000] {processor.py:914} INFO - Processing file /home/airflow/.local/lib/python3.12/site-packages/airflow/example_dags/example_python_decorator.py for tasks to queue
[2024-09-28T19:59:53.541+0000] {logging_mixin.py:190} INFO - [2024-09-28T19:59:53.541+0000] {dagbag.py:588} INFO - Filling up the DagBag from /home/airflow/.local/lib/python3.12/site-packages/airflow/example_dags/example_python_decorator.py
[2024-09-28T19:59:53.560+0000] {processor.py:925} INFO - DAG(s) 'example_python_decorator' retrieved from /home/airflow/.local/lib/python3.12/site-packages/airflow/example_dags/example_python_decorator.py
[2024-09-28T19:59:53.577+0000] {logging_mixin.py:190} INFO - [2024-09-28T19:59:53.577+0000] {dag.py:3239} INFO - Sync 1 DAGs
[2024-09-28T19:59:53.586+0000] {logging_mixin.py:190} INFO - [2024-09-28T19:59:53.586+0000] {dag.py:4180} INFO - Setting next_dagrun for example_python_decorator to None, run_after=None
[2024-09-28T19:59:53.600+0000] {processor.py:208} INFO - Processing /home/airflow/.local/lib/python3.12/site-packages/airflow/example_dags/example_python_decorator.py took 0.085 seconds
[2024-09-28T20:05:08.064+0000] {processor.py:186} INFO - Started process (PID=62) to work on /home/airflow/.local/lib/python3.12/site-packages/airflow/example_dags/example_python_decorator.py
[2024-09-28T20:05:08.065+0000] {processor.py:914} INFO - Processing file /home/airflow/.local/lib/python3.12/site-packages/airflow/example_dags/example_python_decorator.py for tasks to queue
[2024-09-28T20:05:08.067+0000] {logging_mixin.py:190} INFO - [2024-09-28T20:05:08.066+0000] {dagbag.py:588} INFO - Filling up the DagBag from /home/airflow/.local/lib/python3.12/site-packages/airflow/example_dags/example_python_decorator.py
[2024-09-28T20:05:08.081+0000] {processor.py:925} INFO - DAG(s) 'example_python_decorator' retrieved from /home/airflow/.local/lib/python3.12/site-packages/airflow/example_dags/example_python_decorator.py
[2024-09-28T20:05:08.218+0000] {logging_mixin.py:190} INFO - [2024-09-28T20:05:08.218+0000] {dag.py:3239} INFO - Sync 1 DAGs
[2024-09-28T20:05:08.227+0000] {logging_mixin.py:190} INFO - [2024-09-28T20:05:08.227+0000] {dag.py:4180} INFO - Setting next_dagrun for example_python_decorator to None, run_after=None
[2024-09-28T20:05:08.241+0000] {processor.py:208} INFO - Processing /home/airflow/.local/lib/python3.12/site-packages/airflow/example_dags/example_python_decorator.py took 0.181 seconds
[2024-09-28T20:05:38.697+0000] {processor.py:186} INFO - Started process (PID=127) to work on /home/airflow/.local/lib/python3.12/site-packages/airflow/example_dags/example_python_decorator.py
[2024-09-28T20:05:38.698+0000] {processor.py:914} INFO - Processing file /home/airflow/.local/lib/python3.12/site-packages/airflow/example_dags/example_python_decorator.py for tasks to queue
[2024-09-28T20:05:38.701+0000] {logging_mixin.py:190} INFO - [2024-09-28T20:05:38.701+0000] {dagbag.py:588} INFO - Filling up the DagBag from /home/airflow/.local/lib/python3.12/site-packages/airflow/example_dags/example_python_decorator.py
[2024-09-28T20:05:38.712+0000] {processor.py:925} INFO - DAG(s) 'example_python_decorator' retrieved from /home/airflow/.local/lib/python3.12/site-packages/airflow/example_dags/example_python_decorator.py
[2024-09-28T20:05:38.734+0000] {logging_mixin.py:190} INFO - [2024-09-28T20:05:38.734+0000] {dag.py:3239} INFO - Sync 1 DAGs
[2024-09-28T20:05:38.746+0000] {logging_mixin.py:190} INFO - [2024-09-28T20:05:38.746+0000] {dag.py:4180} INFO - Setting next_dagrun for example_python_decorator to None, run_after=None
[2024-09-28T20:05:38.763+0000] {processor.py:208} INFO - Processing /home/airflow/.local/lib/python3.12/site-packages/airflow/example_dags/example_python_decorator.py took 0.070 seconds
[2024-09-28T20:06:09.125+0000] {processor.py:186} INFO - Started process (PID=198) to work on /home/airflow/.local/lib/python3.12/site-packages/airflow/example_dags/example_python_decorator.py
[2024-09-28T20:06:09.126+0000] {processor.py:914} INFO - Processing file /home/airflow/.local/lib/python3.12/site-packages/airflow/example_dags/example_python_decorator.py for tasks to queue
[2024-09-28T20:06:09.127+0000] {logging_mixin.py:190} INFO - [2024-09-28T20:06:09.127+0000] {dagbag.py:588} INFO - Filling up the DagBag from /home/airflow/.local/lib/python3.12/site-packages/airflow/example_dags/example_python_decorator.py
[2024-09-28T20:06:09.136+0000] {processor.py:925} INFO - DAG(s) 'example_python_decorator' retrieved from /home/airflow/.local/lib/python3.12/site-packages/airflow/example_dags/example_python_decorator.py
[2024-09-28T20:06:09.151+0000] {logging_mixin.py:190} INFO - [2024-09-28T20:06:09.151+0000] {dag.py:3239} INFO - Sync 1 DAGs
[2024-09-28T20:06:09.160+0000] {logging_mixin.py:190} INFO - [2024-09-28T20:06:09.160+0000] {dag.py:4180} INFO - Setting next_dagrun for example_python_decorator to None, run_after=None
[2024-09-28T20:06:09.172+0000] {processor.py:208} INFO - Processing /home/airflow/.local/lib/python3.12/site-packages/airflow/example_dags/example_python_decorator.py took 0.051 seconds
[2024-09-28T20:06:39.684+0000] {processor.py:186} INFO - Started process (PID=264) to work on /home/airflow/.local/lib/python3.12/site-packages/airflow/example_dags/example_python_decorator.py
[2024-09-28T20:06:39.685+0000] {processor.py:914} INFO - Processing file /home/airflow/.local/lib/python3.12/site-packages/airflow/example_dags/example_python_decorator.py for tasks to queue
[2024-09-28T20:06:39.687+0000] {logging_mixin.py:190} INFO - [2024-09-28T20:06:39.686+0000] {dagbag.py:588} INFO - Filling up the DagBag from /home/airflow/.local/lib/python3.12/site-packages/airflow/example_dags/example_python_decorator.py
[2024-09-28T20:06:39.697+0000] {processor.py:925} INFO - DAG(s) 'example_python_decorator' retrieved from /home/airflow/.local/lib/python3.12/site-packages/airflow/example_dags/example_python_decorator.py
[2024-09-28T20:06:39.713+0000] {logging_mixin.py:190} INFO - [2024-09-28T20:06:39.713+0000] {dag.py:3239} INFO - Sync 1 DAGs
[2024-09-28T20:06:39.722+0000] {logging_mixin.py:190} INFO - [2024-09-28T20:06:39.722+0000] {dag.py:4180} INFO - Setting next_dagrun for example_python_decorator to None, run_after=None
[2024-09-28T20:06:39.733+0000] {processor.py:208} INFO - Processing /home/airflow/.local/lib/python3.12/site-packages/airflow/example_dags/example_python_decorator.py took 0.053 seconds
[2024-09-28T20:07:09.880+0000] {processor.py:186} INFO - Started process (PID=329) to work on /home/airflow/.local/lib/python3.12/site-packages/airflow/example_dags/example_python_decorator.py
[2024-09-28T20:07:09.881+0000] {processor.py:914} INFO - Processing file /home/airflow/.local/lib/python3.12/site-packages/airflow/example_dags/example_python_decorator.py for tasks to queue
[2024-09-28T20:07:09.883+0000] {logging_mixin.py:190} INFO - [2024-09-28T20:07:09.882+0000] {dagbag.py:588} INFO - Filling up the DagBag from /home/airflow/.local/lib/python3.12/site-packages/airflow/example_dags/example_python_decorator.py
[2024-09-28T20:07:09.892+0000] {processor.py:925} INFO - DAG(s) 'example_python_decorator' retrieved from /home/airflow/.local/lib/python3.12/site-packages/airflow/example_dags/example_python_decorator.py
[2024-09-28T20:07:09.904+0000] {logging_mixin.py:190} INFO - [2024-09-28T20:07:09.904+0000] {dag.py:3239} INFO - Sync 1 DAGs
[2024-09-28T20:07:09.913+0000] {logging_mixin.py:190} INFO - [2024-09-28T20:07:09.913+0000] {dag.py:4180} INFO - Setting next_dagrun for example_python_decorator to None, run_after=None
[2024-09-28T20:07:09.924+0000] {processor.py:208} INFO - Processing /home/airflow/.local/lib/python3.12/site-packages/airflow/example_dags/example_python_decorator.py took 0.047 seconds
[2024-09-28T20:07:40.766+0000] {processor.py:186} INFO - Started process (PID=394) to work on /home/airflow/.local/lib/python3.12/site-packages/airflow/example_dags/example_python_decorator.py
[2024-09-28T20:07:40.768+0000] {processor.py:914} INFO - Processing file /home/airflow/.local/lib/python3.12/site-packages/airflow/example_dags/example_python_decorator.py for tasks to queue
[2024-09-28T20:07:40.769+0000] {logging_mixin.py:190} INFO - [2024-09-28T20:07:40.769+0000] {dagbag.py:588} INFO - Filling up the DagBag from /home/airflow/.local/lib/python3.12/site-packages/airflow/example_dags/example_python_decorator.py
[2024-09-28T20:07:40.779+0000] {processor.py:925} INFO - DAG(s) 'example_python_decorator' retrieved from /home/airflow/.local/lib/python3.12/site-packages/airflow/example_dags/example_python_decorator.py
[2024-09-28T20:07:40.797+0000] {logging_mixin.py:190} INFO - [2024-09-28T20:07:40.797+0000] {dag.py:3239} INFO - Sync 1 DAGs
[2024-09-28T20:07:40.810+0000] {logging_mixin.py:190} INFO - [2024-09-28T20:07:40.810+0000] {dag.py:4180} INFO - Setting next_dagrun for example_python_decorator to None, run_after=None
[2024-09-28T20:07:40.827+0000] {processor.py:208} INFO - Processing /home/airflow/.local/lib/python3.12/site-packages/airflow/example_dags/example_python_decorator.py took 0.066 seconds
[2024-09-28T20:08:11.149+0000] {processor.py:186} INFO - Started process (PID=459) to work on /home/airflow/.local/lib/python3.12/site-packages/airflow/example_dags/example_python_decorator.py
[2024-09-28T20:08:11.150+0000] {processor.py:914} INFO - Processing file /home/airflow/.local/lib/python3.12/site-packages/airflow/example_dags/example_python_decorator.py for tasks to queue
[2024-09-28T20:08:11.151+0000] {logging_mixin.py:190} INFO - [2024-09-28T20:08:11.151+0000] {dagbag.py:588} INFO - Filling up the DagBag from /home/airflow/.local/lib/python3.12/site-packages/airflow/example_dags/example_python_decorator.py
[2024-09-28T20:08:11.160+0000] {processor.py:925} INFO - DAG(s) 'example_python_decorator' retrieved from /home/airflow/.local/lib/python3.12/site-packages/airflow/example_dags/example_python_decorator.py
[2024-09-28T20:08:11.175+0000] {logging_mixin.py:190} INFO - [2024-09-28T20:08:11.175+0000] {dag.py:3239} INFO - Sync 1 DAGs
[2024-09-28T20:08:11.185+0000] {logging_mixin.py:190} INFO - [2024-09-28T20:08:11.185+0000] {dag.py:4180} INFO - Setting next_dagrun for example_python_decorator to None, run_after=None
[2024-09-28T20:08:11.211+0000] {processor.py:208} INFO - Processing /home/airflow/.local/lib/python3.12/site-packages/airflow/example_dags/example_python_decorator.py took 0.066 seconds
[2024-09-28T20:08:41.667+0000] {processor.py:186} INFO - Started process (PID=524) to work on /home/airflow/.local/lib/python3.12/site-packages/airflow/example_dags/example_python_decorator.py
[2024-09-28T20:08:41.675+0000] {processor.py:914} INFO - Processing file /home/airflow/.local/lib/python3.12/site-packages/airflow/example_dags/example_python_decorator.py for tasks to queue
[2024-09-28T20:08:41.678+0000] {logging_mixin.py:190} INFO - [2024-09-28T20:08:41.678+0000] {dagbag.py:588} INFO - Filling up the DagBag from /home/airflow/.local/lib/python3.12/site-packages/airflow/example_dags/example_python_decorator.py
[2024-09-28T20:08:41.688+0000] {processor.py:925} INFO - DAG(s) 'example_python_decorator' retrieved from /home/airflow/.local/lib/python3.12/site-packages/airflow/example_dags/example_python_decorator.py
[2024-09-28T20:08:41.707+0000] {logging_mixin.py:190} INFO - [2024-09-28T20:08:41.707+0000] {dag.py:3239} INFO - Sync 1 DAGs
[2024-09-28T20:08:41.717+0000] {logging_mixin.py:190} INFO - [2024-09-28T20:08:41.716+0000] {dag.py:4180} INFO - Setting next_dagrun for example_python_decorator to None, run_after=None
[2024-09-28T20:08:41.728+0000] {processor.py:208} INFO - Processing /home/airflow/.local/lib/python3.12/site-packages/airflow/example_dags/example_python_decorator.py took 0.067 seconds
[2024-09-28T20:09:11.948+0000] {processor.py:186} INFO - Started process (PID=589) to work on /home/airflow/.local/lib/python3.12/site-packages/airflow/example_dags/example_python_decorator.py
[2024-09-28T20:09:11.949+0000] {processor.py:914} INFO - Processing file /home/airflow/.local/lib/python3.12/site-packages/airflow/example_dags/example_python_decorator.py for tasks to queue
[2024-09-28T20:09:11.951+0000] {logging_mixin.py:190} INFO - [2024-09-28T20:09:11.950+0000] {dagbag.py:588} INFO - Filling up the DagBag from /home/airflow/.local/lib/python3.12/site-packages/airflow/example_dags/example_python_decorator.py
[2024-09-28T20:09:11.961+0000] {processor.py:925} INFO - DAG(s) 'example_python_decorator' retrieved from /home/airflow/.local/lib/python3.12/site-packages/airflow/example_dags/example_python_decorator.py
[2024-09-28T20:09:11.979+0000] {logging_mixin.py:190} INFO - [2024-09-28T20:09:11.979+0000] {dag.py:3239} INFO - Sync 1 DAGs
[2024-09-28T20:09:11.989+0000] {logging_mixin.py:190} INFO - [2024-09-28T20:09:11.989+0000] {dag.py:4180} INFO - Setting next_dagrun for example_python_decorator to None, run_after=None
[2024-09-28T20:09:12.002+0000] {processor.py:208} INFO - Processing /home/airflow/.local/lib/python3.12/site-packages/airflow/example_dags/example_python_decorator.py took 0.059 seconds
[2024-09-28T20:09:42.438+0000] {processor.py:186} INFO - Started process (PID=654) to work on /home/airflow/.local/lib/python3.12/site-packages/airflow/example_dags/example_python_decorator.py
[2024-09-28T20:09:42.439+0000] {processor.py:914} INFO - Processing file /home/airflow/.local/lib/python3.12/site-packages/airflow/example_dags/example_python_decorator.py for tasks to queue
[2024-09-28T20:09:42.441+0000] {logging_mixin.py:190} INFO - [2024-09-28T20:09:42.440+0000] {dagbag.py:588} INFO - Filling up the DagBag from /home/airflow/.local/lib/python3.12/site-packages/airflow/example_dags/example_python_decorator.py
[2024-09-28T20:09:42.452+0000] {processor.py:925} INFO - DAG(s) 'example_python_decorator' retrieved from /home/airflow/.local/lib/python3.12/site-packages/airflow/example_dags/example_python_decorator.py
[2024-09-28T20:09:42.468+0000] {logging_mixin.py:190} INFO - [2024-09-28T20:09:42.468+0000] {dag.py:3239} INFO - Sync 1 DAGs
[2024-09-28T20:09:42.478+0000] {logging_mixin.py:190} INFO - [2024-09-28T20:09:42.478+0000] {dag.py:4180} INFO - Setting next_dagrun for example_python_decorator to None, run_after=None
[2024-09-28T20:09:42.491+0000] {processor.py:208} INFO - Processing /home/airflow/.local/lib/python3.12/site-packages/airflow/example_dags/example_python_decorator.py took 0.057 seconds
[2024-09-28T20:10:12.763+0000] {processor.py:186} INFO - Started process (PID=721) to work on /home/airflow/.local/lib/python3.12/site-packages/airflow/example_dags/example_python_decorator.py
[2024-09-28T20:10:12.764+0000] {processor.py:914} INFO - Processing file /home/airflow/.local/lib/python3.12/site-packages/airflow/example_dags/example_python_decorator.py for tasks to queue
[2024-09-28T20:10:12.766+0000] {logging_mixin.py:190} INFO - [2024-09-28T20:10:12.765+0000] {dagbag.py:588} INFO - Filling up the DagBag from /home/airflow/.local/lib/python3.12/site-packages/airflow/example_dags/example_python_decorator.py
[2024-09-28T20:10:12.775+0000] {processor.py:925} INFO - DAG(s) 'example_python_decorator' retrieved from /home/airflow/.local/lib/python3.12/site-packages/airflow/example_dags/example_python_decorator.py
[2024-09-28T20:10:12.789+0000] {logging_mixin.py:190} INFO - [2024-09-28T20:10:12.789+0000] {dag.py:3239} INFO - Sync 1 DAGs
[2024-09-28T20:10:12.798+0000] {logging_mixin.py:190} INFO - [2024-09-28T20:10:12.798+0000] {dag.py:4180} INFO - Setting next_dagrun for example_python_decorator to None, run_after=None
[2024-09-28T20:10:12.810+0000] {processor.py:208} INFO - Processing /home/airflow/.local/lib/python3.12/site-packages/airflow/example_dags/example_python_decorator.py took 0.050 seconds
[2024-09-28T20:10:43.095+0000] {processor.py:186} INFO - Started process (PID=787) to work on /home/airflow/.local/lib/python3.12/site-packages/airflow/example_dags/example_python_decorator.py
[2024-09-28T20:10:43.097+0000] {processor.py:914} INFO - Processing file /home/airflow/.local/lib/python3.12/site-packages/airflow/example_dags/example_python_decorator.py for tasks to queue
[2024-09-28T20:10:43.099+0000] {logging_mixin.py:190} INFO - [2024-09-28T20:10:43.099+0000] {dagbag.py:588} INFO - Filling up the DagBag from /home/airflow/.local/lib/python3.12/site-packages/airflow/example_dags/example_python_decorator.py
[2024-09-28T20:10:43.113+0000] {processor.py:925} INFO - DAG(s) 'example_python_decorator' retrieved from /home/airflow/.local/lib/python3.12/site-packages/airflow/example_dags/example_python_decorator.py
[2024-09-28T20:10:43.131+0000] {logging_mixin.py:190} INFO - [2024-09-28T20:10:43.131+0000] {dag.py:3239} INFO - Sync 1 DAGs
[2024-09-28T20:10:43.143+0000] {logging_mixin.py:190} INFO - [2024-09-28T20:10:43.143+0000] {dag.py:4180} INFO - Setting next_dagrun for example_python_decorator to None, run_after=None
[2024-09-28T20:10:43.165+0000] {processor.py:208} INFO - Processing /home/airflow/.local/lib/python3.12/site-packages/airflow/example_dags/example_python_decorator.py took 0.074 seconds
[2024-09-28T20:11:13.300+0000] {processor.py:186} INFO - Started process (PID=857) to work on /home/airflow/.local/lib/python3.12/site-packages/airflow/example_dags/example_python_decorator.py
[2024-09-28T20:11:13.301+0000] {processor.py:914} INFO - Processing file /home/airflow/.local/lib/python3.12/site-packages/airflow/example_dags/example_python_decorator.py for tasks to queue
[2024-09-28T20:11:13.303+0000] {logging_mixin.py:190} INFO - [2024-09-28T20:11:13.303+0000] {dagbag.py:588} INFO - Filling up the DagBag from /home/airflow/.local/lib/python3.12/site-packages/airflow/example_dags/example_python_decorator.py
[2024-09-28T20:11:13.317+0000] {processor.py:925} INFO - DAG(s) 'example_python_decorator' retrieved from /home/airflow/.local/lib/python3.12/site-packages/airflow/example_dags/example_python_decorator.py
[2024-09-28T20:11:13.340+0000] {logging_mixin.py:190} INFO - [2024-09-28T20:11:13.340+0000] {dag.py:3239} INFO - Sync 1 DAGs
[2024-09-28T20:11:13.357+0000] {logging_mixin.py:190} INFO - [2024-09-28T20:11:13.356+0000] {dag.py:4180} INFO - Setting next_dagrun for example_python_decorator to None, run_after=None
[2024-09-28T20:11:13.378+0000] {processor.py:208} INFO - Processing /home/airflow/.local/lib/python3.12/site-packages/airflow/example_dags/example_python_decorator.py took 0.083 seconds
[2024-09-28T20:11:43.736+0000] {processor.py:186} INFO - Started process (PID=923) to work on /home/airflow/.local/lib/python3.12/site-packages/airflow/example_dags/example_python_decorator.py
[2024-09-28T20:11:43.737+0000] {processor.py:914} INFO - Processing file /home/airflow/.local/lib/python3.12/site-packages/airflow/example_dags/example_python_decorator.py for tasks to queue
[2024-09-28T20:11:43.738+0000] {logging_mixin.py:190} INFO - [2024-09-28T20:11:43.738+0000] {dagbag.py:588} INFO - Filling up the DagBag from /home/airflow/.local/lib/python3.12/site-packages/airflow/example_dags/example_python_decorator.py
[2024-09-28T20:11:43.747+0000] {processor.py:925} INFO - DAG(s) 'example_python_decorator' retrieved from /home/airflow/.local/lib/python3.12/site-packages/airflow/example_dags/example_python_decorator.py
[2024-09-28T20:11:43.764+0000] {logging_mixin.py:190} INFO - [2024-09-28T20:11:43.764+0000] {dag.py:3239} INFO - Sync 1 DAGs
[2024-09-28T20:11:43.774+0000] {logging_mixin.py:190} INFO - [2024-09-28T20:11:43.774+0000] {dag.py:4180} INFO - Setting next_dagrun for example_python_decorator to None, run_after=None
[2024-09-28T20:11:43.786+0000] {processor.py:208} INFO - Processing /home/airflow/.local/lib/python3.12/site-packages/airflow/example_dags/example_python_decorator.py took 0.054 seconds
[2024-09-28T20:12:14.015+0000] {processor.py:186} INFO - Started process (PID=989) to work on /home/airflow/.local/lib/python3.12/site-packages/airflow/example_dags/example_python_decorator.py
[2024-09-28T20:12:14.016+0000] {processor.py:914} INFO - Processing file /home/airflow/.local/lib/python3.12/site-packages/airflow/example_dags/example_python_decorator.py for tasks to queue
[2024-09-28T20:12:14.018+0000] {logging_mixin.py:190} INFO - [2024-09-28T20:12:14.018+0000] {dagbag.py:588} INFO - Filling up the DagBag from /home/airflow/.local/lib/python3.12/site-packages/airflow/example_dags/example_python_decorator.py
[2024-09-28T20:12:14.028+0000] {processor.py:925} INFO - DAG(s) 'example_python_decorator' retrieved from /home/airflow/.local/lib/python3.12/site-packages/airflow/example_dags/example_python_decorator.py
[2024-09-28T20:12:14.042+0000] {logging_mixin.py:190} INFO - [2024-09-28T20:12:14.042+0000] {dag.py:3239} INFO - Sync 1 DAGs
[2024-09-28T20:12:14.052+0000] {logging_mixin.py:190} INFO - [2024-09-28T20:12:14.051+0000] {dag.py:4180} INFO - Setting next_dagrun for example_python_decorator to None, run_after=None
[2024-09-28T20:12:14.063+0000] {processor.py:208} INFO - Processing /home/airflow/.local/lib/python3.12/site-packages/airflow/example_dags/example_python_decorator.py took 0.052 seconds
[2024-09-28T20:12:44.260+0000] {processor.py:186} INFO - Started process (PID=1055) to work on /home/airflow/.local/lib/python3.12/site-packages/airflow/example_dags/example_python_decorator.py
[2024-09-28T20:12:44.260+0000] {processor.py:914} INFO - Processing file /home/airflow/.local/lib/python3.12/site-packages/airflow/example_dags/example_python_decorator.py for tasks to queue
[2024-09-28T20:12:44.262+0000] {logging_mixin.py:190} INFO - [2024-09-28T20:12:44.262+0000] {dagbag.py:588} INFO - Filling up the DagBag from /home/airflow/.local/lib/python3.12/site-packages/airflow/example_dags/example_python_decorator.py
[2024-09-28T20:12:44.271+0000] {processor.py:925} INFO - DAG(s) 'example_python_decorator' retrieved from /home/airflow/.local/lib/python3.12/site-packages/airflow/example_dags/example_python_decorator.py
[2024-09-28T20:12:44.285+0000] {logging_mixin.py:190} INFO - [2024-09-28T20:12:44.285+0000] {dag.py:3239} INFO - Sync 1 DAGs
[2024-09-28T20:12:44.296+0000] {logging_mixin.py:190} INFO - [2024-09-28T20:12:44.296+0000] {dag.py:4180} INFO - Setting next_dagrun for example_python_decorator to None, run_after=None
[2024-09-28T20:12:44.310+0000] {processor.py:208} INFO - Processing /home/airflow/.local/lib/python3.12/site-packages/airflow/example_dags/example_python_decorator.py took 0.054 seconds
[2024-09-28T20:13:14.420+0000] {processor.py:186} INFO - Started process (PID=1121) to work on /home/airflow/.local/lib/python3.12/site-packages/airflow/example_dags/example_python_decorator.py
[2024-09-28T20:13:14.420+0000] {processor.py:914} INFO - Processing file /home/airflow/.local/lib/python3.12/site-packages/airflow/example_dags/example_python_decorator.py for tasks to queue
[2024-09-28T20:13:14.422+0000] {logging_mixin.py:190} INFO - [2024-09-28T20:13:14.422+0000] {dagbag.py:588} INFO - Filling up the DagBag from /home/airflow/.local/lib/python3.12/site-packages/airflow/example_dags/example_python_decorator.py
[2024-09-28T20:13:14.432+0000] {processor.py:925} INFO - DAG(s) 'example_python_decorator' retrieved from /home/airflow/.local/lib/python3.12/site-packages/airflow/example_dags/example_python_decorator.py
[2024-09-28T20:13:14.446+0000] {logging_mixin.py:190} INFO - [2024-09-28T20:13:14.446+0000] {dag.py:3239} INFO - Sync 1 DAGs
[2024-09-28T20:13:14.455+0000] {logging_mixin.py:190} INFO - [2024-09-28T20:13:14.455+0000] {dag.py:4180} INFO - Setting next_dagrun for example_python_decorator to None, run_after=None
[2024-09-28T20:13:14.467+0000] {processor.py:208} INFO - Processing /home/airflow/.local/lib/python3.12/site-packages/airflow/example_dags/example_python_decorator.py took 0.051 seconds
[2024-09-28T20:13:44.688+0000] {processor.py:186} INFO - Started process (PID=1186) to work on /home/airflow/.local/lib/python3.12/site-packages/airflow/example_dags/example_python_decorator.py
[2024-09-28T20:13:44.688+0000] {processor.py:914} INFO - Processing file /home/airflow/.local/lib/python3.12/site-packages/airflow/example_dags/example_python_decorator.py for tasks to queue
[2024-09-28T20:13:44.690+0000] {logging_mixin.py:190} INFO - [2024-09-28T20:13:44.690+0000] {dagbag.py:588} INFO - Filling up the DagBag from /home/airflow/.local/lib/python3.12/site-packages/airflow/example_dags/example_python_decorator.py
[2024-09-28T20:13:44.699+0000] {processor.py:925} INFO - DAG(s) 'example_python_decorator' retrieved from /home/airflow/.local/lib/python3.12/site-packages/airflow/example_dags/example_python_decorator.py
[2024-09-28T20:13:44.714+0000] {logging_mixin.py:190} INFO - [2024-09-28T20:13:44.714+0000] {dag.py:3239} INFO - Sync 1 DAGs
[2024-09-28T20:13:44.723+0000] {logging_mixin.py:190} INFO - [2024-09-28T20:13:44.723+0000] {dag.py:4180} INFO - Setting next_dagrun for example_python_decorator to None, run_after=None
[2024-09-28T20:13:44.736+0000] {processor.py:208} INFO - Processing /home/airflow/.local/lib/python3.12/site-packages/airflow/example_dags/example_python_decorator.py took 0.052 seconds
[2024-09-28T20:14:15.036+0000] {processor.py:186} INFO - Started process (PID=1252) to work on /home/airflow/.local/lib/python3.12/site-packages/airflow/example_dags/example_python_decorator.py
[2024-09-28T20:14:15.037+0000] {processor.py:914} INFO - Processing file /home/airflow/.local/lib/python3.12/site-packages/airflow/example_dags/example_python_decorator.py for tasks to queue
[2024-09-28T20:14:15.039+0000] {logging_mixin.py:190} INFO - [2024-09-28T20:14:15.038+0000] {dagbag.py:588} INFO - Filling up the DagBag from /home/airflow/.local/lib/python3.12/site-packages/airflow/example_dags/example_python_decorator.py
[2024-09-28T20:14:15.048+0000] {processor.py:925} INFO - DAG(s) 'example_python_decorator' retrieved from /home/airflow/.local/lib/python3.12/site-packages/airflow/example_dags/example_python_decorator.py
[2024-09-28T20:14:15.065+0000] {logging_mixin.py:190} INFO - [2024-09-28T20:14:15.065+0000] {dag.py:3239} INFO - Sync 1 DAGs
[2024-09-28T20:14:15.075+0000] {logging_mixin.py:190} INFO - [2024-09-28T20:14:15.074+0000] {dag.py:4180} INFO - Setting next_dagrun for example_python_decorator to None, run_after=None
[2024-09-28T20:14:15.086+0000] {processor.py:208} INFO - Processing /home/airflow/.local/lib/python3.12/site-packages/airflow/example_dags/example_python_decorator.py took 0.054 seconds
[2024-09-28T20:14:45.400+0000] {processor.py:186} INFO - Started process (PID=1318) to work on /home/airflow/.local/lib/python3.12/site-packages/airflow/example_dags/example_python_decorator.py
[2024-09-28T20:14:45.401+0000] {processor.py:914} INFO - Processing file /home/airflow/.local/lib/python3.12/site-packages/airflow/example_dags/example_python_decorator.py for tasks to queue
[2024-09-28T20:14:45.403+0000] {logging_mixin.py:190} INFO - [2024-09-28T20:14:45.403+0000] {dagbag.py:588} INFO - Filling up the DagBag from /home/airflow/.local/lib/python3.12/site-packages/airflow/example_dags/example_python_decorator.py
[2024-09-28T20:14:45.413+0000] {processor.py:925} INFO - DAG(s) 'example_python_decorator' retrieved from /home/airflow/.local/lib/python3.12/site-packages/airflow/example_dags/example_python_decorator.py
[2024-09-28T20:14:45.427+0000] {logging_mixin.py:190} INFO - [2024-09-28T20:14:45.427+0000] {dag.py:3239} INFO - Sync 1 DAGs
[2024-09-28T20:14:45.436+0000] {logging_mixin.py:190} INFO - [2024-09-28T20:14:45.436+0000] {dag.py:4180} INFO - Setting next_dagrun for example_python_decorator to None, run_after=None
[2024-09-28T20:14:45.450+0000] {processor.py:208} INFO - Processing /home/airflow/.local/lib/python3.12/site-packages/airflow/example_dags/example_python_decorator.py took 0.054 seconds
[2024-09-28T20:15:15.728+0000] {processor.py:186} INFO - Started process (PID=1384) to work on /home/airflow/.local/lib/python3.12/site-packages/airflow/example_dags/example_python_decorator.py
[2024-09-28T20:15:15.729+0000] {processor.py:914} INFO - Processing file /home/airflow/.local/lib/python3.12/site-packages/airflow/example_dags/example_python_decorator.py for tasks to queue
[2024-09-28T20:15:15.731+0000] {logging_mixin.py:190} INFO - [2024-09-28T20:15:15.731+0000] {dagbag.py:588} INFO - Filling up the DagBag from /home/airflow/.local/lib/python3.12/site-packages/airflow/example_dags/example_python_decorator.py
[2024-09-28T20:15:15.740+0000] {processor.py:925} INFO - DAG(s) 'example_python_decorator' retrieved from /home/airflow/.local/lib/python3.12/site-packages/airflow/example_dags/example_python_decorator.py
[2024-09-28T20:15:15.756+0000] {logging_mixin.py:190} INFO - [2024-09-28T20:15:15.756+0000] {dag.py:3239} INFO - Sync 1 DAGs
[2024-09-28T20:15:15.766+0000] {logging_mixin.py:190} INFO - [2024-09-28T20:15:15.765+0000] {dag.py:4180} INFO - Setting next_dagrun for example_python_decorator to None, run_after=None
[2024-09-28T20:15:15.779+0000] {processor.py:208} INFO - Processing /home/airflow/.local/lib/python3.12/site-packages/airflow/example_dags/example_python_decorator.py took 0.054 seconds
[2024-09-28T20:15:46.268+0000] {processor.py:186} INFO - Started process (PID=1450) to work on /home/airflow/.local/lib/python3.12/site-packages/airflow/example_dags/example_python_decorator.py
[2024-09-28T20:15:46.270+0000] {processor.py:914} INFO - Processing file /home/airflow/.local/lib/python3.12/site-packages/airflow/example_dags/example_python_decorator.py for tasks to queue
[2024-09-28T20:15:46.272+0000] {logging_mixin.py:190} INFO - [2024-09-28T20:15:46.271+0000] {dagbag.py:588} INFO - Filling up the DagBag from /home/airflow/.local/lib/python3.12/site-packages/airflow/example_dags/example_python_decorator.py
[2024-09-28T20:15:46.285+0000] {processor.py:925} INFO - DAG(s) 'example_python_decorator' retrieved from /home/airflow/.local/lib/python3.12/site-packages/airflow/example_dags/example_python_decorator.py
[2024-09-28T20:15:46.303+0000] {logging_mixin.py:190} INFO - [2024-09-28T20:15:46.302+0000] {dag.py:3239} INFO - Sync 1 DAGs
[2024-09-28T20:15:46.314+0000] {logging_mixin.py:190} INFO - [2024-09-28T20:15:46.314+0000] {dag.py:4180} INFO - Setting next_dagrun for example_python_decorator to None, run_after=None
[2024-09-28T20:15:46.329+0000] {processor.py:208} INFO - Processing /home/airflow/.local/lib/python3.12/site-packages/airflow/example_dags/example_python_decorator.py took 0.066 seconds
[2024-09-28T20:16:28.816+0000] {processor.py:186} INFO - Started process (PID=89) to work on /home/airflow/.local/lib/python3.12/site-packages/airflow/example_dags/example_python_decorator.py
[2024-09-28T20:16:28.817+0000] {processor.py:914} INFO - Processing file /home/airflow/.local/lib/python3.12/site-packages/airflow/example_dags/example_python_decorator.py for tasks to queue
[2024-09-28T20:16:28.818+0000] {logging_mixin.py:190} INFO - [2024-09-28T20:16:28.818+0000] {dagbag.py:588} INFO - Filling up the DagBag from /home/airflow/.local/lib/python3.12/site-packages/airflow/example_dags/example_python_decorator.py
[2024-09-28T20:16:28.833+0000] {processor.py:925} INFO - DAG(s) 'example_python_decorator' retrieved from /home/airflow/.local/lib/python3.12/site-packages/airflow/example_dags/example_python_decorator.py
[2024-09-28T20:16:28.906+0000] {logging_mixin.py:190} INFO - [2024-09-28T20:16:28.906+0000] {dag.py:3239} INFO - Sync 1 DAGs
[2024-09-28T20:16:28.916+0000] {logging_mixin.py:190} INFO - [2024-09-28T20:16:28.916+0000] {dag.py:4180} INFO - Setting next_dagrun for example_python_decorator to None, run_after=None
[2024-09-28T20:16:28.930+0000] {processor.py:208} INFO - Processing /home/airflow/.local/lib/python3.12/site-packages/airflow/example_dags/example_python_decorator.py took 0.117 seconds
[2024-09-28T20:16:59.399+0000] {processor.py:186} INFO - Started process (PID=157) to work on /home/airflow/.local/lib/python3.12/site-packages/airflow/example_dags/example_python_decorator.py
[2024-09-28T20:16:59.400+0000] {processor.py:914} INFO - Processing file /home/airflow/.local/lib/python3.12/site-packages/airflow/example_dags/example_python_decorator.py for tasks to queue
[2024-09-28T20:16:59.401+0000] {logging_mixin.py:190} INFO - [2024-09-28T20:16:59.401+0000] {dagbag.py:588} INFO - Filling up the DagBag from /home/airflow/.local/lib/python3.12/site-packages/airflow/example_dags/example_python_decorator.py
[2024-09-28T20:16:59.410+0000] {processor.py:925} INFO - DAG(s) 'example_python_decorator' retrieved from /home/airflow/.local/lib/python3.12/site-packages/airflow/example_dags/example_python_decorator.py
[2024-09-28T20:16:59.424+0000] {logging_mixin.py:190} INFO - [2024-09-28T20:16:59.424+0000] {dag.py:3239} INFO - Sync 1 DAGs
[2024-09-28T20:16:59.433+0000] {logging_mixin.py:190} INFO - [2024-09-28T20:16:59.433+0000] {dag.py:4180} INFO - Setting next_dagrun for example_python_decorator to None, run_after=None
[2024-09-28T20:16:59.445+0000] {processor.py:208} INFO - Processing /home/airflow/.local/lib/python3.12/site-packages/airflow/example_dags/example_python_decorator.py took 0.049 seconds
[2024-09-28T20:17:29.809+0000] {processor.py:186} INFO - Started process (PID=225) to work on /home/airflow/.local/lib/python3.12/site-packages/airflow/example_dags/example_python_decorator.py
[2024-09-28T20:17:29.810+0000] {processor.py:914} INFO - Processing file /home/airflow/.local/lib/python3.12/site-packages/airflow/example_dags/example_python_decorator.py for tasks to queue
[2024-09-28T20:17:29.813+0000] {logging_mixin.py:190} INFO - [2024-09-28T20:17:29.813+0000] {dagbag.py:588} INFO - Filling up the DagBag from /home/airflow/.local/lib/python3.12/site-packages/airflow/example_dags/example_python_decorator.py
[2024-09-28T20:17:29.827+0000] {processor.py:925} INFO - DAG(s) 'example_python_decorator' retrieved from /home/airflow/.local/lib/python3.12/site-packages/airflow/example_dags/example_python_decorator.py
[2024-09-28T20:17:29.847+0000] {logging_mixin.py:190} INFO - [2024-09-28T20:17:29.847+0000] {dag.py:3239} INFO - Sync 1 DAGs
[2024-09-28T20:17:29.860+0000] {logging_mixin.py:190} INFO - [2024-09-28T20:17:29.860+0000] {dag.py:4180} INFO - Setting next_dagrun for example_python_decorator to None, run_after=None
[2024-09-28T20:17:29.877+0000] {processor.py:208} INFO - Processing /home/airflow/.local/lib/python3.12/site-packages/airflow/example_dags/example_python_decorator.py took 0.073 seconds
[2024-09-28T20:18:00.216+0000] {processor.py:186} INFO - Started process (PID=293) to work on /home/airflow/.local/lib/python3.12/site-packages/airflow/example_dags/example_python_decorator.py
[2024-09-28T20:18:00.217+0000] {processor.py:914} INFO - Processing file /home/airflow/.local/lib/python3.12/site-packages/airflow/example_dags/example_python_decorator.py for tasks to queue
[2024-09-28T20:18:00.220+0000] {logging_mixin.py:190} INFO - [2024-09-28T20:18:00.219+0000] {dagbag.py:588} INFO - Filling up the DagBag from /home/airflow/.local/lib/python3.12/site-packages/airflow/example_dags/example_python_decorator.py
[2024-09-28T20:18:00.231+0000] {processor.py:925} INFO - DAG(s) 'example_python_decorator' retrieved from /home/airflow/.local/lib/python3.12/site-packages/airflow/example_dags/example_python_decorator.py
[2024-09-28T20:18:00.247+0000] {logging_mixin.py:190} INFO - [2024-09-28T20:18:00.246+0000] {dag.py:3239} INFO - Sync 1 DAGs
[2024-09-28T20:18:00.257+0000] {logging_mixin.py:190} INFO - [2024-09-28T20:18:00.257+0000] {dag.py:4180} INFO - Setting next_dagrun for example_python_decorator to None, run_after=None
[2024-09-28T20:18:00.273+0000] {processor.py:208} INFO - Processing /home/airflow/.local/lib/python3.12/site-packages/airflow/example_dags/example_python_decorator.py took 0.062 seconds
[2024-09-28T20:18:30.603+0000] {processor.py:186} INFO - Started process (PID=359) to work on /home/airflow/.local/lib/python3.12/site-packages/airflow/example_dags/example_python_decorator.py
[2024-09-28T20:18:30.603+0000] {processor.py:914} INFO - Processing file /home/airflow/.local/lib/python3.12/site-packages/airflow/example_dags/example_python_decorator.py for tasks to queue
[2024-09-28T20:18:30.604+0000] {logging_mixin.py:190} INFO - [2024-09-28T20:18:30.604+0000] {dagbag.py:588} INFO - Filling up the DagBag from /home/airflow/.local/lib/python3.12/site-packages/airflow/example_dags/example_python_decorator.py
[2024-09-28T20:18:30.614+0000] {processor.py:925} INFO - DAG(s) 'example_python_decorator' retrieved from /home/airflow/.local/lib/python3.12/site-packages/airflow/example_dags/example_python_decorator.py
[2024-09-28T20:18:30.628+0000] {logging_mixin.py:190} INFO - [2024-09-28T20:18:30.628+0000] {dag.py:3239} INFO - Sync 1 DAGs
[2024-09-28T20:18:30.638+0000] {logging_mixin.py:190} INFO - [2024-09-28T20:18:30.637+0000] {dag.py:4180} INFO - Setting next_dagrun for example_python_decorator to None, run_after=None
[2024-09-28T20:18:30.650+0000] {processor.py:208} INFO - Processing /home/airflow/.local/lib/python3.12/site-packages/airflow/example_dags/example_python_decorator.py took 0.051 seconds
[2024-09-28T20:19:00.862+0000] {processor.py:186} INFO - Started process (PID=425) to work on /home/airflow/.local/lib/python3.12/site-packages/airflow/example_dags/example_python_decorator.py
[2024-09-28T20:19:00.863+0000] {processor.py:914} INFO - Processing file /home/airflow/.local/lib/python3.12/site-packages/airflow/example_dags/example_python_decorator.py for tasks to queue
[2024-09-28T20:19:00.864+0000] {logging_mixin.py:190} INFO - [2024-09-28T20:19:00.864+0000] {dagbag.py:588} INFO - Filling up the DagBag from /home/airflow/.local/lib/python3.12/site-packages/airflow/example_dags/example_python_decorator.py
[2024-09-28T20:19:00.873+0000] {processor.py:925} INFO - DAG(s) 'example_python_decorator' retrieved from /home/airflow/.local/lib/python3.12/site-packages/airflow/example_dags/example_python_decorator.py
[2024-09-28T20:19:00.887+0000] {logging_mixin.py:190} INFO - [2024-09-28T20:19:00.886+0000] {dag.py:3239} INFO - Sync 1 DAGs
[2024-09-28T20:19:00.896+0000] {logging_mixin.py:190} INFO - [2024-09-28T20:19:00.895+0000] {dag.py:4180} INFO - Setting next_dagrun for example_python_decorator to None, run_after=None
[2024-09-28T20:19:00.909+0000] {processor.py:208} INFO - Processing /home/airflow/.local/lib/python3.12/site-packages/airflow/example_dags/example_python_decorator.py took 0.050 seconds
[2024-09-28T20:19:31.124+0000] {processor.py:186} INFO - Started process (PID=491) to work on /home/airflow/.local/lib/python3.12/site-packages/airflow/example_dags/example_python_decorator.py
[2024-09-28T20:19:31.125+0000] {processor.py:914} INFO - Processing file /home/airflow/.local/lib/python3.12/site-packages/airflow/example_dags/example_python_decorator.py for tasks to queue
[2024-09-28T20:19:31.126+0000] {logging_mixin.py:190} INFO - [2024-09-28T20:19:31.126+0000] {dagbag.py:588} INFO - Filling up the DagBag from /home/airflow/.local/lib/python3.12/site-packages/airflow/example_dags/example_python_decorator.py
[2024-09-28T20:19:31.135+0000] {processor.py:925} INFO - DAG(s) 'example_python_decorator' retrieved from /home/airflow/.local/lib/python3.12/site-packages/airflow/example_dags/example_python_decorator.py
[2024-09-28T20:19:31.149+0000] {logging_mixin.py:190} INFO - [2024-09-28T20:19:31.149+0000] {dag.py:3239} INFO - Sync 1 DAGs
[2024-09-28T20:19:31.158+0000] {logging_mixin.py:190} INFO - [2024-09-28T20:19:31.158+0000] {dag.py:4180} INFO - Setting next_dagrun for example_python_decorator to None, run_after=None
[2024-09-28T20:19:31.171+0000] {processor.py:208} INFO - Processing /home/airflow/.local/lib/python3.12/site-packages/airflow/example_dags/example_python_decorator.py took 0.051 seconds
[2024-09-28T20:20:01.568+0000] {processor.py:186} INFO - Started process (PID=564) to work on /home/airflow/.local/lib/python3.12/site-packages/airflow/example_dags/example_python_decorator.py
[2024-09-28T20:20:01.569+0000] {processor.py:914} INFO - Processing file /home/airflow/.local/lib/python3.12/site-packages/airflow/example_dags/example_python_decorator.py for tasks to queue
[2024-09-28T20:20:01.570+0000] {logging_mixin.py:190} INFO - [2024-09-28T20:20:01.570+0000] {dagbag.py:588} INFO - Filling up the DagBag from /home/airflow/.local/lib/python3.12/site-packages/airflow/example_dags/example_python_decorator.py
[2024-09-28T20:20:01.580+0000] {processor.py:925} INFO - DAG(s) 'example_python_decorator' retrieved from /home/airflow/.local/lib/python3.12/site-packages/airflow/example_dags/example_python_decorator.py
[2024-09-28T20:20:01.594+0000] {logging_mixin.py:190} INFO - [2024-09-28T20:20:01.594+0000] {dag.py:3239} INFO - Sync 1 DAGs
[2024-09-28T20:20:01.604+0000] {logging_mixin.py:190} INFO - [2024-09-28T20:20:01.604+0000] {dag.py:4180} INFO - Setting next_dagrun for example_python_decorator to None, run_after=None
[2024-09-28T20:20:01.617+0000] {processor.py:208} INFO - Processing /home/airflow/.local/lib/python3.12/site-packages/airflow/example_dags/example_python_decorator.py took 0.053 seconds
[2024-09-28T20:20:31.914+0000] {processor.py:186} INFO - Started process (PID=630) to work on /home/airflow/.local/lib/python3.12/site-packages/airflow/example_dags/example_python_decorator.py
[2024-09-28T20:20:31.915+0000] {processor.py:914} INFO - Processing file /home/airflow/.local/lib/python3.12/site-packages/airflow/example_dags/example_python_decorator.py for tasks to queue
[2024-09-28T20:20:31.916+0000] {logging_mixin.py:190} INFO - [2024-09-28T20:20:31.916+0000] {dagbag.py:588} INFO - Filling up the DagBag from /home/airflow/.local/lib/python3.12/site-packages/airflow/example_dags/example_python_decorator.py
[2024-09-28T20:20:31.926+0000] {processor.py:925} INFO - DAG(s) 'example_python_decorator' retrieved from /home/airflow/.local/lib/python3.12/site-packages/airflow/example_dags/example_python_decorator.py
[2024-09-28T20:20:31.942+0000] {logging_mixin.py:190} INFO - [2024-09-28T20:20:31.941+0000] {dag.py:3239} INFO - Sync 1 DAGs
[2024-09-28T20:20:31.953+0000] {logging_mixin.py:190} INFO - [2024-09-28T20:20:31.953+0000] {dag.py:4180} INFO - Setting next_dagrun for example_python_decorator to None, run_after=None
[2024-09-28T20:20:31.966+0000] {processor.py:208} INFO - Processing /home/airflow/.local/lib/python3.12/site-packages/airflow/example_dags/example_python_decorator.py took 0.056 seconds
