[2024-09-28T19:52:49.068+0000] {processor.py:186} INFO - Started process (PID=80) to work on /home/airflow/.local/lib/python3.12/site-packages/airflow/example_dags/example_sensors.py
[2024-09-28T19:52:49.069+0000] {processor.py:914} INFO - Processing file /home/airflow/.local/lib/python3.12/site-packages/airflow/example_dags/example_sensors.py for tasks to queue
[2024-09-28T19:52:49.071+0000] {logging_mixin.py:190} INFO - [2024-09-28T19:52:49.071+0000] {dagbag.py:588} INFO - Filling up the DagBag from /home/airflow/.local/lib/python3.12/site-packages/airflow/example_dags/example_sensors.py
[2024-09-28T19:52:49.080+0000] {processor.py:925} INFO - DAG(s) 'example_sensors' retrieved from /home/airflow/.local/lib/python3.12/site-packages/airflow/example_dags/example_sensors.py
[2024-09-28T19:52:49.160+0000] {logging_mixin.py:190} INFO - [2024-09-28T19:52:49.159+0000] {override.py:1900} INFO - Created Permission View: can edit on DAG:example_sensors
[2024-09-28T19:52:49.175+0000] {logging_mixin.py:190} INFO - [2024-09-28T19:52:49.175+0000] {override.py:1900} INFO - Created Permission View: can delete on DAG:example_sensors
[2024-09-28T19:52:49.181+0000] {logging_mixin.py:190} INFO - [2024-09-28T19:52:49.181+0000] {override.py:1900} INFO - Created Permission View: can read on DAG:example_sensors
[2024-09-28T19:52:49.186+0000] {logging_mixin.py:190} INFO - [2024-09-28T19:52:49.185+0000] {override.py:1900} INFO - Created Permission View: can delete on DAG Run:example_sensors
[2024-09-28T19:52:49.199+0000] {logging_mixin.py:190} INFO - [2024-09-28T19:52:49.199+0000] {override.py:1900} INFO - Created Permission View: can read on DAG Run:example_sensors
[2024-09-28T19:52:49.211+0000] {logging_mixin.py:190} INFO - [2024-09-28T19:52:49.210+0000] {override.py:1900} INFO - Created Permission View: can create on DAG Run:example_sensors
[2024-09-28T19:52:49.217+0000] {logging_mixin.py:190} INFO - [2024-09-28T19:52:49.216+0000] {override.py:1900} INFO - Created Permission View: menu access on DAG Run:example_sensors
[2024-09-28T19:52:49.217+0000] {logging_mixin.py:190} INFO - [2024-09-28T19:52:49.217+0000] {dag.py:3239} INFO - Sync 1 DAGs
[2024-09-28T19:52:49.225+0000] {logging_mixin.py:190} INFO - [2024-09-28T19:52:49.225+0000] {dag.py:3262} INFO - Creating ORM DAG for example_sensors
[2024-09-28T19:52:49.226+0000] {logging_mixin.py:190} INFO - [2024-09-28T19:52:49.226+0000] {dag.py:4180} INFO - Setting next_dagrun for example_sensors to None, run_after=None
[2024-09-28T19:52:49.236+0000] {processor.py:208} INFO - Processing /home/airflow/.local/lib/python3.12/site-packages/airflow/example_dags/example_sensors.py took 0.172 seconds
[2024-09-28T19:53:19.829+0000] {processor.py:186} INFO - Started process (PID=146) to work on /home/airflow/.local/lib/python3.12/site-packages/airflow/example_dags/example_sensors.py
[2024-09-28T19:53:19.831+0000] {processor.py:914} INFO - Processing file /home/airflow/.local/lib/python3.12/site-packages/airflow/example_dags/example_sensors.py for tasks to queue
[2024-09-28T19:53:19.833+0000] {logging_mixin.py:190} INFO - [2024-09-28T19:53:19.832+0000] {dagbag.py:588} INFO - Filling up the DagBag from /home/airflow/.local/lib/python3.12/site-packages/airflow/example_dags/example_sensors.py
[2024-09-28T19:53:19.839+0000] {processor.py:925} INFO - DAG(s) 'example_sensors' retrieved from /home/airflow/.local/lib/python3.12/site-packages/airflow/example_dags/example_sensors.py
[2024-09-28T19:53:19.856+0000] {logging_mixin.py:190} INFO - [2024-09-28T19:53:19.856+0000] {dag.py:3239} INFO - Sync 1 DAGs
[2024-09-28T19:53:19.864+0000] {logging_mixin.py:190} INFO - [2024-09-28T19:53:19.864+0000] {dag.py:4180} INFO - Setting next_dagrun for example_sensors to None, run_after=None
[2024-09-28T19:53:19.876+0000] {processor.py:208} INFO - Processing /home/airflow/.local/lib/python3.12/site-packages/airflow/example_dags/example_sensors.py took 0.050 seconds
[2024-09-28T19:53:50.645+0000] {processor.py:186} INFO - Started process (PID=210) to work on /home/airflow/.local/lib/python3.12/site-packages/airflow/example_dags/example_sensors.py
[2024-09-28T19:53:50.646+0000] {processor.py:914} INFO - Processing file /home/airflow/.local/lib/python3.12/site-packages/airflow/example_dags/example_sensors.py for tasks to queue
[2024-09-28T19:53:50.648+0000] {logging_mixin.py:190} INFO - [2024-09-28T19:53:50.648+0000] {dagbag.py:588} INFO - Filling up the DagBag from /home/airflow/.local/lib/python3.12/site-packages/airflow/example_dags/example_sensors.py
[2024-09-28T19:53:50.655+0000] {processor.py:925} INFO - DAG(s) 'example_sensors' retrieved from /home/airflow/.local/lib/python3.12/site-packages/airflow/example_dags/example_sensors.py
[2024-09-28T19:53:50.671+0000] {logging_mixin.py:190} INFO - [2024-09-28T19:53:50.671+0000] {dag.py:3239} INFO - Sync 1 DAGs
[2024-09-28T19:53:50.681+0000] {logging_mixin.py:190} INFO - [2024-09-28T19:53:50.680+0000] {dag.py:4180} INFO - Setting next_dagrun for example_sensors to None, run_after=None
[2024-09-28T19:53:50.694+0000] {processor.py:208} INFO - Processing /home/airflow/.local/lib/python3.12/site-packages/airflow/example_dags/example_sensors.py took 0.052 seconds
[2024-09-28T19:54:20.838+0000] {processor.py:186} INFO - Started process (PID=275) to work on /home/airflow/.local/lib/python3.12/site-packages/airflow/example_dags/example_sensors.py
[2024-09-28T19:54:20.839+0000] {processor.py:914} INFO - Processing file /home/airflow/.local/lib/python3.12/site-packages/airflow/example_dags/example_sensors.py for tasks to queue
[2024-09-28T19:54:20.840+0000] {logging_mixin.py:190} INFO - [2024-09-28T19:54:20.840+0000] {dagbag.py:588} INFO - Filling up the DagBag from /home/airflow/.local/lib/python3.12/site-packages/airflow/example_dags/example_sensors.py
[2024-09-28T19:54:20.847+0000] {processor.py:925} INFO - DAG(s) 'example_sensors' retrieved from /home/airflow/.local/lib/python3.12/site-packages/airflow/example_dags/example_sensors.py
[2024-09-28T19:54:20.864+0000] {logging_mixin.py:190} INFO - [2024-09-28T19:54:20.864+0000] {dag.py:3239} INFO - Sync 1 DAGs
[2024-09-28T19:54:20.878+0000] {logging_mixin.py:190} INFO - [2024-09-28T19:54:20.878+0000] {dag.py:4180} INFO - Setting next_dagrun for example_sensors to None, run_after=None
[2024-09-28T19:54:20.890+0000] {processor.py:208} INFO - Processing /home/airflow/.local/lib/python3.12/site-packages/airflow/example_dags/example_sensors.py took 0.056 seconds
[2024-09-28T19:54:51.133+0000] {processor.py:186} INFO - Started process (PID=340) to work on /home/airflow/.local/lib/python3.12/site-packages/airflow/example_dags/example_sensors.py
[2024-09-28T19:54:51.134+0000] {processor.py:914} INFO - Processing file /home/airflow/.local/lib/python3.12/site-packages/airflow/example_dags/example_sensors.py for tasks to queue
[2024-09-28T19:54:51.136+0000] {logging_mixin.py:190} INFO - [2024-09-28T19:54:51.136+0000] {dagbag.py:588} INFO - Filling up the DagBag from /home/airflow/.local/lib/python3.12/site-packages/airflow/example_dags/example_sensors.py
[2024-09-28T19:54:51.143+0000] {processor.py:925} INFO - DAG(s) 'example_sensors' retrieved from /home/airflow/.local/lib/python3.12/site-packages/airflow/example_dags/example_sensors.py
[2024-09-28T19:54:51.159+0000] {logging_mixin.py:190} INFO - [2024-09-28T19:54:51.159+0000] {dag.py:3239} INFO - Sync 1 DAGs
[2024-09-28T19:54:51.168+0000] {logging_mixin.py:190} INFO - [2024-09-28T19:54:51.168+0000] {dag.py:4180} INFO - Setting next_dagrun for example_sensors to None, run_after=None
[2024-09-28T19:54:51.180+0000] {processor.py:208} INFO - Processing /home/airflow/.local/lib/python3.12/site-packages/airflow/example_dags/example_sensors.py took 0.051 seconds
[2024-09-28T19:55:21.623+0000] {processor.py:186} INFO - Started process (PID=405) to work on /home/airflow/.local/lib/python3.12/site-packages/airflow/example_dags/example_sensors.py
[2024-09-28T19:55:21.624+0000] {processor.py:914} INFO - Processing file /home/airflow/.local/lib/python3.12/site-packages/airflow/example_dags/example_sensors.py for tasks to queue
[2024-09-28T19:55:21.625+0000] {logging_mixin.py:190} INFO - [2024-09-28T19:55:21.625+0000] {dagbag.py:588} INFO - Filling up the DagBag from /home/airflow/.local/lib/python3.12/site-packages/airflow/example_dags/example_sensors.py
[2024-09-28T19:55:21.632+0000] {processor.py:925} INFO - DAG(s) 'example_sensors' retrieved from /home/airflow/.local/lib/python3.12/site-packages/airflow/example_dags/example_sensors.py
[2024-09-28T19:55:21.648+0000] {logging_mixin.py:190} INFO - [2024-09-28T19:55:21.648+0000] {dag.py:3239} INFO - Sync 1 DAGs
[2024-09-28T19:55:21.657+0000] {logging_mixin.py:190} INFO - [2024-09-28T19:55:21.656+0000] {dag.py:4180} INFO - Setting next_dagrun for example_sensors to None, run_after=None
[2024-09-28T19:55:21.668+0000] {processor.py:208} INFO - Processing /home/airflow/.local/lib/python3.12/site-packages/airflow/example_dags/example_sensors.py took 0.049 seconds
[2024-09-28T19:55:51.875+0000] {processor.py:186} INFO - Started process (PID=471) to work on /home/airflow/.local/lib/python3.12/site-packages/airflow/example_dags/example_sensors.py
[2024-09-28T19:55:51.876+0000] {processor.py:914} INFO - Processing file /home/airflow/.local/lib/python3.12/site-packages/airflow/example_dags/example_sensors.py for tasks to queue
[2024-09-28T19:55:51.878+0000] {logging_mixin.py:190} INFO - [2024-09-28T19:55:51.878+0000] {dagbag.py:588} INFO - Filling up the DagBag from /home/airflow/.local/lib/python3.12/site-packages/airflow/example_dags/example_sensors.py
[2024-09-28T19:55:51.888+0000] {processor.py:925} INFO - DAG(s) 'example_sensors' retrieved from /home/airflow/.local/lib/python3.12/site-packages/airflow/example_dags/example_sensors.py
[2024-09-28T19:55:51.906+0000] {logging_mixin.py:190} INFO - [2024-09-28T19:55:51.906+0000] {dag.py:3239} INFO - Sync 1 DAGs
[2024-09-28T19:55:51.915+0000] {logging_mixin.py:190} INFO - [2024-09-28T19:55:51.915+0000] {dag.py:4180} INFO - Setting next_dagrun for example_sensors to None, run_after=None
[2024-09-28T19:55:51.928+0000] {processor.py:208} INFO - Processing /home/airflow/.local/lib/python3.12/site-packages/airflow/example_dags/example_sensors.py took 0.057 seconds
[2024-09-28T19:56:22.490+0000] {processor.py:186} INFO - Started process (PID=536) to work on /home/airflow/.local/lib/python3.12/site-packages/airflow/example_dags/example_sensors.py
[2024-09-28T19:56:22.491+0000] {processor.py:914} INFO - Processing file /home/airflow/.local/lib/python3.12/site-packages/airflow/example_dags/example_sensors.py for tasks to queue
[2024-09-28T19:56:22.493+0000] {logging_mixin.py:190} INFO - [2024-09-28T19:56:22.492+0000] {dagbag.py:588} INFO - Filling up the DagBag from /home/airflow/.local/lib/python3.12/site-packages/airflow/example_dags/example_sensors.py
[2024-09-28T19:56:22.500+0000] {processor.py:925} INFO - DAG(s) 'example_sensors' retrieved from /home/airflow/.local/lib/python3.12/site-packages/airflow/example_dags/example_sensors.py
[2024-09-28T19:56:22.516+0000] {logging_mixin.py:190} INFO - [2024-09-28T19:56:22.516+0000] {dag.py:3239} INFO - Sync 1 DAGs
[2024-09-28T19:56:22.525+0000] {logging_mixin.py:190} INFO - [2024-09-28T19:56:22.525+0000] {dag.py:4180} INFO - Setting next_dagrun for example_sensors to None, run_after=None
[2024-09-28T19:56:22.538+0000] {processor.py:208} INFO - Processing /home/airflow/.local/lib/python3.12/site-packages/airflow/example_dags/example_sensors.py took 0.051 seconds
[2024-09-28T19:56:52.680+0000] {processor.py:186} INFO - Started process (PID=601) to work on /home/airflow/.local/lib/python3.12/site-packages/airflow/example_dags/example_sensors.py
[2024-09-28T19:56:52.681+0000] {processor.py:914} INFO - Processing file /home/airflow/.local/lib/python3.12/site-packages/airflow/example_dags/example_sensors.py for tasks to queue
[2024-09-28T19:56:52.682+0000] {logging_mixin.py:190} INFO - [2024-09-28T19:56:52.682+0000] {dagbag.py:588} INFO - Filling up the DagBag from /home/airflow/.local/lib/python3.12/site-packages/airflow/example_dags/example_sensors.py
[2024-09-28T19:56:52.689+0000] {processor.py:925} INFO - DAG(s) 'example_sensors' retrieved from /home/airflow/.local/lib/python3.12/site-packages/airflow/example_dags/example_sensors.py
[2024-09-28T19:56:52.706+0000] {logging_mixin.py:190} INFO - [2024-09-28T19:56:52.706+0000] {dag.py:3239} INFO - Sync 1 DAGs
[2024-09-28T19:56:52.716+0000] {logging_mixin.py:190} INFO - [2024-09-28T19:56:52.715+0000] {dag.py:4180} INFO - Setting next_dagrun for example_sensors to None, run_after=None
[2024-09-28T19:56:52.728+0000] {processor.py:208} INFO - Processing /home/airflow/.local/lib/python3.12/site-packages/airflow/example_dags/example_sensors.py took 0.052 seconds
[2024-09-28T19:57:23.018+0000] {processor.py:186} INFO - Started process (PID=666) to work on /home/airflow/.local/lib/python3.12/site-packages/airflow/example_dags/example_sensors.py
[2024-09-28T19:57:23.019+0000] {processor.py:914} INFO - Processing file /home/airflow/.local/lib/python3.12/site-packages/airflow/example_dags/example_sensors.py for tasks to queue
[2024-09-28T19:57:23.021+0000] {logging_mixin.py:190} INFO - [2024-09-28T19:57:23.021+0000] {dagbag.py:588} INFO - Filling up the DagBag from /home/airflow/.local/lib/python3.12/site-packages/airflow/example_dags/example_sensors.py
[2024-09-28T19:57:23.028+0000] {processor.py:925} INFO - DAG(s) 'example_sensors' retrieved from /home/airflow/.local/lib/python3.12/site-packages/airflow/example_dags/example_sensors.py
[2024-09-28T19:57:23.045+0000] {logging_mixin.py:190} INFO - [2024-09-28T19:57:23.044+0000] {dag.py:3239} INFO - Sync 1 DAGs
[2024-09-28T19:57:23.053+0000] {logging_mixin.py:190} INFO - [2024-09-28T19:57:23.053+0000] {dag.py:4180} INFO - Setting next_dagrun for example_sensors to None, run_after=None
[2024-09-28T19:57:23.067+0000] {processor.py:208} INFO - Processing /home/airflow/.local/lib/python3.12/site-packages/airflow/example_dags/example_sensors.py took 0.053 seconds
[2024-09-28T19:57:53.581+0000] {processor.py:186} INFO - Started process (PID=731) to work on /home/airflow/.local/lib/python3.12/site-packages/airflow/example_dags/example_sensors.py
[2024-09-28T19:57:53.582+0000] {processor.py:914} INFO - Processing file /home/airflow/.local/lib/python3.12/site-packages/airflow/example_dags/example_sensors.py for tasks to queue
[2024-09-28T19:57:53.583+0000] {logging_mixin.py:190} INFO - [2024-09-28T19:57:53.583+0000] {dagbag.py:588} INFO - Filling up the DagBag from /home/airflow/.local/lib/python3.12/site-packages/airflow/example_dags/example_sensors.py
[2024-09-28T19:57:53.591+0000] {processor.py:925} INFO - DAG(s) 'example_sensors' retrieved from /home/airflow/.local/lib/python3.12/site-packages/airflow/example_dags/example_sensors.py
[2024-09-28T19:57:53.608+0000] {logging_mixin.py:190} INFO - [2024-09-28T19:57:53.608+0000] {dag.py:3239} INFO - Sync 1 DAGs
[2024-09-28T19:57:53.617+0000] {logging_mixin.py:190} INFO - [2024-09-28T19:57:53.617+0000] {dag.py:4180} INFO - Setting next_dagrun for example_sensors to None, run_after=None
[2024-09-28T19:57:53.630+0000] {processor.py:208} INFO - Processing /home/airflow/.local/lib/python3.12/site-packages/airflow/example_dags/example_sensors.py took 0.054 seconds
[2024-09-28T19:58:24.061+0000] {processor.py:186} INFO - Started process (PID=796) to work on /home/airflow/.local/lib/python3.12/site-packages/airflow/example_dags/example_sensors.py
[2024-09-28T19:58:24.062+0000] {processor.py:914} INFO - Processing file /home/airflow/.local/lib/python3.12/site-packages/airflow/example_dags/example_sensors.py for tasks to queue
[2024-09-28T19:58:24.064+0000] {logging_mixin.py:190} INFO - [2024-09-28T19:58:24.064+0000] {dagbag.py:588} INFO - Filling up the DagBag from /home/airflow/.local/lib/python3.12/site-packages/airflow/example_dags/example_sensors.py
[2024-09-28T19:58:24.072+0000] {processor.py:925} INFO - DAG(s) 'example_sensors' retrieved from /home/airflow/.local/lib/python3.12/site-packages/airflow/example_dags/example_sensors.py
[2024-09-28T19:58:24.088+0000] {logging_mixin.py:190} INFO - [2024-09-28T19:58:24.088+0000] {dag.py:3239} INFO - Sync 1 DAGs
[2024-09-28T19:58:24.097+0000] {logging_mixin.py:190} INFO - [2024-09-28T19:58:24.096+0000] {dag.py:4180} INFO - Setting next_dagrun for example_sensors to None, run_after=None
[2024-09-28T19:58:24.109+0000] {processor.py:208} INFO - Processing /home/airflow/.local/lib/python3.12/site-packages/airflow/example_dags/example_sensors.py took 0.051 seconds
[2024-09-28T19:58:54.301+0000] {processor.py:186} INFO - Started process (PID=861) to work on /home/airflow/.local/lib/python3.12/site-packages/airflow/example_dags/example_sensors.py
[2024-09-28T19:58:54.302+0000] {processor.py:914} INFO - Processing file /home/airflow/.local/lib/python3.12/site-packages/airflow/example_dags/example_sensors.py for tasks to queue
[2024-09-28T19:58:54.304+0000] {logging_mixin.py:190} INFO - [2024-09-28T19:58:54.303+0000] {dagbag.py:588} INFO - Filling up the DagBag from /home/airflow/.local/lib/python3.12/site-packages/airflow/example_dags/example_sensors.py
[2024-09-28T19:58:54.310+0000] {processor.py:925} INFO - DAG(s) 'example_sensors' retrieved from /home/airflow/.local/lib/python3.12/site-packages/airflow/example_dags/example_sensors.py
[2024-09-28T19:58:54.328+0000] {logging_mixin.py:190} INFO - [2024-09-28T19:58:54.328+0000] {dag.py:3239} INFO - Sync 1 DAGs
[2024-09-28T19:58:54.337+0000] {logging_mixin.py:190} INFO - [2024-09-28T19:58:54.336+0000] {dag.py:4180} INFO - Setting next_dagrun for example_sensors to None, run_after=None
[2024-09-28T19:58:54.348+0000] {processor.py:208} INFO - Processing /home/airflow/.local/lib/python3.12/site-packages/airflow/example_dags/example_sensors.py took 0.051 seconds
[2024-09-28T19:59:24.831+0000] {processor.py:186} INFO - Started process (PID=926) to work on /home/airflow/.local/lib/python3.12/site-packages/airflow/example_dags/example_sensors.py
[2024-09-28T19:59:24.832+0000] {processor.py:914} INFO - Processing file /home/airflow/.local/lib/python3.12/site-packages/airflow/example_dags/example_sensors.py for tasks to queue
[2024-09-28T19:59:24.833+0000] {logging_mixin.py:190} INFO - [2024-09-28T19:59:24.833+0000] {dagbag.py:588} INFO - Filling up the DagBag from /home/airflow/.local/lib/python3.12/site-packages/airflow/example_dags/example_sensors.py
[2024-09-28T19:59:24.839+0000] {processor.py:925} INFO - DAG(s) 'example_sensors' retrieved from /home/airflow/.local/lib/python3.12/site-packages/airflow/example_dags/example_sensors.py
[2024-09-28T19:59:24.856+0000] {logging_mixin.py:190} INFO - [2024-09-28T19:59:24.856+0000] {dag.py:3239} INFO - Sync 1 DAGs
[2024-09-28T19:59:24.864+0000] {logging_mixin.py:190} INFO - [2024-09-28T19:59:24.864+0000] {dag.py:4180} INFO - Setting next_dagrun for example_sensors to None, run_after=None
[2024-09-28T19:59:24.876+0000] {processor.py:208} INFO - Processing /home/airflow/.local/lib/python3.12/site-packages/airflow/example_dags/example_sensors.py took 0.049 seconds
[2024-09-28T19:59:55.079+0000] {processor.py:186} INFO - Started process (PID=991) to work on /home/airflow/.local/lib/python3.12/site-packages/airflow/example_dags/example_sensors.py
[2024-09-28T19:59:55.080+0000] {processor.py:914} INFO - Processing file /home/airflow/.local/lib/python3.12/site-packages/airflow/example_dags/example_sensors.py for tasks to queue
[2024-09-28T19:59:55.082+0000] {logging_mixin.py:190} INFO - [2024-09-28T19:59:55.081+0000] {dagbag.py:588} INFO - Filling up the DagBag from /home/airflow/.local/lib/python3.12/site-packages/airflow/example_dags/example_sensors.py
[2024-09-28T19:59:55.088+0000] {processor.py:925} INFO - DAG(s) 'example_sensors' retrieved from /home/airflow/.local/lib/python3.12/site-packages/airflow/example_dags/example_sensors.py
[2024-09-28T19:59:55.104+0000] {logging_mixin.py:190} INFO - [2024-09-28T19:59:55.104+0000] {dag.py:3239} INFO - Sync 1 DAGs
[2024-09-28T19:59:55.113+0000] {logging_mixin.py:190} INFO - [2024-09-28T19:59:55.113+0000] {dag.py:4180} INFO - Setting next_dagrun for example_sensors to None, run_after=None
[2024-09-28T19:59:55.124+0000] {processor.py:208} INFO - Processing /home/airflow/.local/lib/python3.12/site-packages/airflow/example_dags/example_sensors.py took 0.049 seconds
[2024-09-28T20:05:08.907+0000] {processor.py:186} INFO - Started process (PID=80) to work on /home/airflow/.local/lib/python3.12/site-packages/airflow/example_dags/example_sensors.py
[2024-09-28T20:05:08.908+0000] {processor.py:914} INFO - Processing file /home/airflow/.local/lib/python3.12/site-packages/airflow/example_dags/example_sensors.py for tasks to queue
[2024-09-28T20:05:08.911+0000] {logging_mixin.py:190} INFO - [2024-09-28T20:05:08.910+0000] {dagbag.py:588} INFO - Filling up the DagBag from /home/airflow/.local/lib/python3.12/site-packages/airflow/example_dags/example_sensors.py
[2024-09-28T20:05:08.918+0000] {processor.py:925} INFO - DAG(s) 'example_sensors' retrieved from /home/airflow/.local/lib/python3.12/site-packages/airflow/example_dags/example_sensors.py
[2024-09-28T20:05:08.936+0000] {logging_mixin.py:190} INFO - [2024-09-28T20:05:08.936+0000] {dag.py:3239} INFO - Sync 1 DAGs
[2024-09-28T20:05:08.947+0000] {logging_mixin.py:190} INFO - [2024-09-28T20:05:08.947+0000] {dag.py:4180} INFO - Setting next_dagrun for example_sensors to None, run_after=None
[2024-09-28T20:05:08.963+0000] {processor.py:208} INFO - Processing /home/airflow/.local/lib/python3.12/site-packages/airflow/example_dags/example_sensors.py took 0.060 seconds
[2024-09-28T20:05:39.301+0000] {processor.py:186} INFO - Started process (PID=145) to work on /home/airflow/.local/lib/python3.12/site-packages/airflow/example_dags/example_sensors.py
[2024-09-28T20:05:39.302+0000] {processor.py:914} INFO - Processing file /home/airflow/.local/lib/python3.12/site-packages/airflow/example_dags/example_sensors.py for tasks to queue
[2024-09-28T20:05:39.303+0000] {logging_mixin.py:190} INFO - [2024-09-28T20:05:39.303+0000] {dagbag.py:588} INFO - Filling up the DagBag from /home/airflow/.local/lib/python3.12/site-packages/airflow/example_dags/example_sensors.py
[2024-09-28T20:05:39.311+0000] {processor.py:925} INFO - DAG(s) 'example_sensors' retrieved from /home/airflow/.local/lib/python3.12/site-packages/airflow/example_dags/example_sensors.py
[2024-09-28T20:05:39.330+0000] {logging_mixin.py:190} INFO - [2024-09-28T20:05:39.330+0000] {dag.py:3239} INFO - Sync 1 DAGs
[2024-09-28T20:05:39.341+0000] {logging_mixin.py:190} INFO - [2024-09-28T20:05:39.340+0000] {dag.py:4180} INFO - Setting next_dagrun for example_sensors to None, run_after=None
[2024-09-28T20:05:39.355+0000] {processor.py:208} INFO - Processing /home/airflow/.local/lib/python3.12/site-packages/airflow/example_dags/example_sensors.py took 0.058 seconds
[2024-09-28T20:06:09.797+0000] {processor.py:186} INFO - Started process (PID=210) to work on /home/airflow/.local/lib/python3.12/site-packages/airflow/example_dags/example_sensors.py
[2024-09-28T20:06:09.797+0000] {processor.py:914} INFO - Processing file /home/airflow/.local/lib/python3.12/site-packages/airflow/example_dags/example_sensors.py for tasks to queue
[2024-09-28T20:06:09.799+0000] {logging_mixin.py:190} INFO - [2024-09-28T20:06:09.799+0000] {dagbag.py:588} INFO - Filling up the DagBag from /home/airflow/.local/lib/python3.12/site-packages/airflow/example_dags/example_sensors.py
[2024-09-28T20:06:09.806+0000] {processor.py:925} INFO - DAG(s) 'example_sensors' retrieved from /home/airflow/.local/lib/python3.12/site-packages/airflow/example_dags/example_sensors.py
[2024-09-28T20:06:09.822+0000] {logging_mixin.py:190} INFO - [2024-09-28T20:06:09.822+0000] {dag.py:3239} INFO - Sync 1 DAGs
[2024-09-28T20:06:09.831+0000] {logging_mixin.py:190} INFO - [2024-09-28T20:06:09.831+0000] {dag.py:4180} INFO - Setting next_dagrun for example_sensors to None, run_after=None
[2024-09-28T20:06:09.843+0000] {processor.py:208} INFO - Processing /home/airflow/.local/lib/python3.12/site-packages/airflow/example_dags/example_sensors.py took 0.050 seconds
[2024-09-28T20:06:40.306+0000] {processor.py:186} INFO - Started process (PID=276) to work on /home/airflow/.local/lib/python3.12/site-packages/airflow/example_dags/example_sensors.py
[2024-09-28T20:06:40.307+0000] {processor.py:914} INFO - Processing file /home/airflow/.local/lib/python3.12/site-packages/airflow/example_dags/example_sensors.py for tasks to queue
[2024-09-28T20:06:40.309+0000] {logging_mixin.py:190} INFO - [2024-09-28T20:06:40.309+0000] {dagbag.py:588} INFO - Filling up the DagBag from /home/airflow/.local/lib/python3.12/site-packages/airflow/example_dags/example_sensors.py
[2024-09-28T20:06:40.317+0000] {processor.py:925} INFO - DAG(s) 'example_sensors' retrieved from /home/airflow/.local/lib/python3.12/site-packages/airflow/example_dags/example_sensors.py
[2024-09-28T20:06:40.335+0000] {logging_mixin.py:190} INFO - [2024-09-28T20:06:40.335+0000] {dag.py:3239} INFO - Sync 1 DAGs
[2024-09-28T20:06:40.345+0000] {logging_mixin.py:190} INFO - [2024-09-28T20:06:40.345+0000] {dag.py:4180} INFO - Setting next_dagrun for example_sensors to None, run_after=None
[2024-09-28T20:06:40.360+0000] {processor.py:208} INFO - Processing /home/airflow/.local/lib/python3.12/site-packages/airflow/example_dags/example_sensors.py took 0.057 seconds
[2024-09-28T20:07:10.477+0000] {processor.py:186} INFO - Started process (PID=341) to work on /home/airflow/.local/lib/python3.12/site-packages/airflow/example_dags/example_sensors.py
[2024-09-28T20:07:10.478+0000] {processor.py:914} INFO - Processing file /home/airflow/.local/lib/python3.12/site-packages/airflow/example_dags/example_sensors.py for tasks to queue
[2024-09-28T20:07:10.480+0000] {logging_mixin.py:190} INFO - [2024-09-28T20:07:10.480+0000] {dagbag.py:588} INFO - Filling up the DagBag from /home/airflow/.local/lib/python3.12/site-packages/airflow/example_dags/example_sensors.py
[2024-09-28T20:07:10.487+0000] {processor.py:925} INFO - DAG(s) 'example_sensors' retrieved from /home/airflow/.local/lib/python3.12/site-packages/airflow/example_dags/example_sensors.py
[2024-09-28T20:07:10.503+0000] {logging_mixin.py:190} INFO - [2024-09-28T20:07:10.503+0000] {dag.py:3239} INFO - Sync 1 DAGs
[2024-09-28T20:07:10.512+0000] {logging_mixin.py:190} INFO - [2024-09-28T20:07:10.511+0000] {dag.py:4180} INFO - Setting next_dagrun for example_sensors to None, run_after=None
[2024-09-28T20:07:10.525+0000] {processor.py:208} INFO - Processing /home/airflow/.local/lib/python3.12/site-packages/airflow/example_dags/example_sensors.py took 0.051 seconds
[2024-09-28T20:07:41.488+0000] {processor.py:186} INFO - Started process (PID=407) to work on /home/airflow/.local/lib/python3.12/site-packages/airflow/example_dags/example_sensors.py
[2024-09-28T20:07:41.489+0000] {processor.py:914} INFO - Processing file /home/airflow/.local/lib/python3.12/site-packages/airflow/example_dags/example_sensors.py for tasks to queue
[2024-09-28T20:07:41.491+0000] {logging_mixin.py:190} INFO - [2024-09-28T20:07:41.491+0000] {dagbag.py:588} INFO - Filling up the DagBag from /home/airflow/.local/lib/python3.12/site-packages/airflow/example_dags/example_sensors.py
[2024-09-28T20:07:41.499+0000] {processor.py:925} INFO - DAG(s) 'example_sensors' retrieved from /home/airflow/.local/lib/python3.12/site-packages/airflow/example_dags/example_sensors.py
[2024-09-28T20:07:41.518+0000] {logging_mixin.py:190} INFO - [2024-09-28T20:07:41.517+0000] {dag.py:3239} INFO - Sync 1 DAGs
[2024-09-28T20:07:41.527+0000] {logging_mixin.py:190} INFO - [2024-09-28T20:07:41.527+0000] {dag.py:4180} INFO - Setting next_dagrun for example_sensors to None, run_after=None
[2024-09-28T20:07:41.541+0000] {processor.py:208} INFO - Processing /home/airflow/.local/lib/python3.12/site-packages/airflow/example_dags/example_sensors.py took 0.058 seconds
[2024-09-28T20:08:12.076+0000] {processor.py:186} INFO - Started process (PID=472) to work on /home/airflow/.local/lib/python3.12/site-packages/airflow/example_dags/example_sensors.py
[2024-09-28T20:08:12.077+0000] {processor.py:914} INFO - Processing file /home/airflow/.local/lib/python3.12/site-packages/airflow/example_dags/example_sensors.py for tasks to queue
[2024-09-28T20:08:12.086+0000] {logging_mixin.py:190} INFO - [2024-09-28T20:08:12.086+0000] {dagbag.py:588} INFO - Filling up the DagBag from /home/airflow/.local/lib/python3.12/site-packages/airflow/example_dags/example_sensors.py
[2024-09-28T20:08:12.093+0000] {processor.py:925} INFO - DAG(s) 'example_sensors' retrieved from /home/airflow/.local/lib/python3.12/site-packages/airflow/example_dags/example_sensors.py
[2024-09-28T20:08:12.120+0000] {logging_mixin.py:190} INFO - [2024-09-28T20:08:12.120+0000] {dag.py:3239} INFO - Sync 1 DAGs
[2024-09-28T20:08:12.131+0000] {logging_mixin.py:190} INFO - [2024-09-28T20:08:12.131+0000] {dag.py:4180} INFO - Setting next_dagrun for example_sensors to None, run_after=None
[2024-09-28T20:08:12.143+0000] {processor.py:208} INFO - Processing /home/airflow/.local/lib/python3.12/site-packages/airflow/example_dags/example_sensors.py took 0.071 seconds
[2024-09-28T20:08:42.978+0000] {processor.py:186} INFO - Started process (PID=537) to work on /home/airflow/.local/lib/python3.12/site-packages/airflow/example_dags/example_sensors.py
[2024-09-28T20:08:42.979+0000] {processor.py:914} INFO - Processing file /home/airflow/.local/lib/python3.12/site-packages/airflow/example_dags/example_sensors.py for tasks to queue
[2024-09-28T20:08:42.981+0000] {logging_mixin.py:190} INFO - [2024-09-28T20:08:42.981+0000] {dagbag.py:588} INFO - Filling up the DagBag from /home/airflow/.local/lib/python3.12/site-packages/airflow/example_dags/example_sensors.py
[2024-09-28T20:08:42.987+0000] {processor.py:925} INFO - DAG(s) 'example_sensors' retrieved from /home/airflow/.local/lib/python3.12/site-packages/airflow/example_dags/example_sensors.py
[2024-09-28T20:08:43.005+0000] {logging_mixin.py:190} INFO - [2024-09-28T20:08:43.005+0000] {dag.py:3239} INFO - Sync 1 DAGs
[2024-09-28T20:08:43.014+0000] {logging_mixin.py:190} INFO - [2024-09-28T20:08:43.014+0000] {dag.py:4180} INFO - Setting next_dagrun for example_sensors to None, run_after=None
[2024-09-28T20:08:43.028+0000] {processor.py:208} INFO - Processing /home/airflow/.local/lib/python3.12/site-packages/airflow/example_dags/example_sensors.py took 0.054 seconds
[2024-09-28T20:09:13.713+0000] {processor.py:186} INFO - Started process (PID=602) to work on /home/airflow/.local/lib/python3.12/site-packages/airflow/example_dags/example_sensors.py
[2024-09-28T20:09:13.714+0000] {processor.py:914} INFO - Processing file /home/airflow/.local/lib/python3.12/site-packages/airflow/example_dags/example_sensors.py for tasks to queue
[2024-09-28T20:09:13.743+0000] {logging_mixin.py:190} INFO - [2024-09-28T20:09:13.742+0000] {dagbag.py:588} INFO - Filling up the DagBag from /home/airflow/.local/lib/python3.12/site-packages/airflow/example_dags/example_sensors.py
[2024-09-28T20:09:13.764+0000] {processor.py:925} INFO - DAG(s) 'example_sensors' retrieved from /home/airflow/.local/lib/python3.12/site-packages/airflow/example_dags/example_sensors.py
[2024-09-28T20:09:13.790+0000] {logging_mixin.py:190} INFO - [2024-09-28T20:09:13.790+0000] {dag.py:3239} INFO - Sync 1 DAGs
[2024-09-28T20:09:13.799+0000] {logging_mixin.py:190} INFO - [2024-09-28T20:09:13.799+0000] {dag.py:4180} INFO - Setting next_dagrun for example_sensors to None, run_after=None
[2024-09-28T20:09:13.818+0000] {processor.py:208} INFO - Processing /home/airflow/.local/lib/python3.12/site-packages/airflow/example_dags/example_sensors.py took 0.109 seconds
[2024-09-28T20:09:43.992+0000] {processor.py:186} INFO - Started process (PID=667) to work on /home/airflow/.local/lib/python3.12/site-packages/airflow/example_dags/example_sensors.py
[2024-09-28T20:09:43.993+0000] {processor.py:914} INFO - Processing file /home/airflow/.local/lib/python3.12/site-packages/airflow/example_dags/example_sensors.py for tasks to queue
[2024-09-28T20:09:43.994+0000] {logging_mixin.py:190} INFO - [2024-09-28T20:09:43.994+0000] {dagbag.py:588} INFO - Filling up the DagBag from /home/airflow/.local/lib/python3.12/site-packages/airflow/example_dags/example_sensors.py
[2024-09-28T20:09:44.001+0000] {processor.py:925} INFO - DAG(s) 'example_sensors' retrieved from /home/airflow/.local/lib/python3.12/site-packages/airflow/example_dags/example_sensors.py
[2024-09-28T20:09:44.019+0000] {logging_mixin.py:190} INFO - [2024-09-28T20:09:44.019+0000] {dag.py:3239} INFO - Sync 1 DAGs
[2024-09-28T20:09:44.029+0000] {logging_mixin.py:190} INFO - [2024-09-28T20:09:44.028+0000] {dag.py:4180} INFO - Setting next_dagrun for example_sensors to None, run_after=None
[2024-09-28T20:09:44.042+0000] {processor.py:208} INFO - Processing /home/airflow/.local/lib/python3.12/site-packages/airflow/example_dags/example_sensors.py took 0.054 seconds
[2024-09-28T20:10:14.346+0000] {processor.py:186} INFO - Started process (PID=733) to work on /home/airflow/.local/lib/python3.12/site-packages/airflow/example_dags/example_sensors.py
[2024-09-28T20:10:14.347+0000] {processor.py:914} INFO - Processing file /home/airflow/.local/lib/python3.12/site-packages/airflow/example_dags/example_sensors.py for tasks to queue
[2024-09-28T20:10:14.348+0000] {logging_mixin.py:190} INFO - [2024-09-28T20:10:14.348+0000] {dagbag.py:588} INFO - Filling up the DagBag from /home/airflow/.local/lib/python3.12/site-packages/airflow/example_dags/example_sensors.py
[2024-09-28T20:10:14.357+0000] {processor.py:925} INFO - DAG(s) 'example_sensors' retrieved from /home/airflow/.local/lib/python3.12/site-packages/airflow/example_dags/example_sensors.py
[2024-09-28T20:10:14.373+0000] {logging_mixin.py:190} INFO - [2024-09-28T20:10:14.373+0000] {dag.py:3239} INFO - Sync 1 DAGs
[2024-09-28T20:10:14.382+0000] {logging_mixin.py:190} INFO - [2024-09-28T20:10:14.382+0000] {dag.py:4180} INFO - Setting next_dagrun for example_sensors to None, run_after=None
[2024-09-28T20:10:14.395+0000] {processor.py:208} INFO - Processing /home/airflow/.local/lib/python3.12/site-packages/airflow/example_dags/example_sensors.py took 0.052 seconds
[2024-09-28T20:10:44.687+0000] {processor.py:186} INFO - Started process (PID=799) to work on /home/airflow/.local/lib/python3.12/site-packages/airflow/example_dags/example_sensors.py
[2024-09-28T20:10:44.688+0000] {processor.py:914} INFO - Processing file /home/airflow/.local/lib/python3.12/site-packages/airflow/example_dags/example_sensors.py for tasks to queue
[2024-09-28T20:10:44.690+0000] {logging_mixin.py:190} INFO - [2024-09-28T20:10:44.690+0000] {dagbag.py:588} INFO - Filling up the DagBag from /home/airflow/.local/lib/python3.12/site-packages/airflow/example_dags/example_sensors.py
[2024-09-28T20:10:44.696+0000] {processor.py:925} INFO - DAG(s) 'example_sensors' retrieved from /home/airflow/.local/lib/python3.12/site-packages/airflow/example_dags/example_sensors.py
[2024-09-28T20:10:44.712+0000] {logging_mixin.py:190} INFO - [2024-09-28T20:10:44.712+0000] {dag.py:3239} INFO - Sync 1 DAGs
[2024-09-28T20:10:44.721+0000] {logging_mixin.py:190} INFO - [2024-09-28T20:10:44.721+0000] {dag.py:4180} INFO - Setting next_dagrun for example_sensors to None, run_after=None
[2024-09-28T20:10:44.733+0000] {processor.py:208} INFO - Processing /home/airflow/.local/lib/python3.12/site-packages/airflow/example_dags/example_sensors.py took 0.049 seconds
[2024-09-28T20:11:14.919+0000] {processor.py:186} INFO - Started process (PID=869) to work on /home/airflow/.local/lib/python3.12/site-packages/airflow/example_dags/example_sensors.py
[2024-09-28T20:11:14.920+0000] {processor.py:914} INFO - Processing file /home/airflow/.local/lib/python3.12/site-packages/airflow/example_dags/example_sensors.py for tasks to queue
[2024-09-28T20:11:14.922+0000] {logging_mixin.py:190} INFO - [2024-09-28T20:11:14.922+0000] {dagbag.py:588} INFO - Filling up the DagBag from /home/airflow/.local/lib/python3.12/site-packages/airflow/example_dags/example_sensors.py
[2024-09-28T20:11:14.930+0000] {processor.py:925} INFO - DAG(s) 'example_sensors' retrieved from /home/airflow/.local/lib/python3.12/site-packages/airflow/example_dags/example_sensors.py
[2024-09-28T20:11:14.947+0000] {logging_mixin.py:190} INFO - [2024-09-28T20:11:14.946+0000] {dag.py:3239} INFO - Sync 1 DAGs
[2024-09-28T20:11:14.956+0000] {logging_mixin.py:190} INFO - [2024-09-28T20:11:14.956+0000] {dag.py:4180} INFO - Setting next_dagrun for example_sensors to None, run_after=None
[2024-09-28T20:11:14.968+0000] {processor.py:208} INFO - Processing /home/airflow/.local/lib/python3.12/site-packages/airflow/example_dags/example_sensors.py took 0.053 seconds
[2024-09-28T20:11:45.361+0000] {processor.py:186} INFO - Started process (PID=935) to work on /home/airflow/.local/lib/python3.12/site-packages/airflow/example_dags/example_sensors.py
[2024-09-28T20:11:45.362+0000] {processor.py:914} INFO - Processing file /home/airflow/.local/lib/python3.12/site-packages/airflow/example_dags/example_sensors.py for tasks to queue
[2024-09-28T20:11:45.364+0000] {logging_mixin.py:190} INFO - [2024-09-28T20:11:45.363+0000] {dagbag.py:588} INFO - Filling up the DagBag from /home/airflow/.local/lib/python3.12/site-packages/airflow/example_dags/example_sensors.py
[2024-09-28T20:11:45.370+0000] {processor.py:925} INFO - DAG(s) 'example_sensors' retrieved from /home/airflow/.local/lib/python3.12/site-packages/airflow/example_dags/example_sensors.py
[2024-09-28T20:11:45.388+0000] {logging_mixin.py:190} INFO - [2024-09-28T20:11:45.388+0000] {dag.py:3239} INFO - Sync 1 DAGs
[2024-09-28T20:11:45.400+0000] {logging_mixin.py:190} INFO - [2024-09-28T20:11:45.399+0000] {dag.py:4180} INFO - Setting next_dagrun for example_sensors to None, run_after=None
[2024-09-28T20:11:45.413+0000] {processor.py:208} INFO - Processing /home/airflow/.local/lib/python3.12/site-packages/airflow/example_dags/example_sensors.py took 0.056 seconds
[2024-09-28T20:12:15.631+0000] {processor.py:186} INFO - Started process (PID=1001) to work on /home/airflow/.local/lib/python3.12/site-packages/airflow/example_dags/example_sensors.py
[2024-09-28T20:12:15.632+0000] {processor.py:914} INFO - Processing file /home/airflow/.local/lib/python3.12/site-packages/airflow/example_dags/example_sensors.py for tasks to queue
[2024-09-28T20:12:15.634+0000] {logging_mixin.py:190} INFO - [2024-09-28T20:12:15.634+0000] {dagbag.py:588} INFO - Filling up the DagBag from /home/airflow/.local/lib/python3.12/site-packages/airflow/example_dags/example_sensors.py
[2024-09-28T20:12:15.641+0000] {processor.py:925} INFO - DAG(s) 'example_sensors' retrieved from /home/airflow/.local/lib/python3.12/site-packages/airflow/example_dags/example_sensors.py
[2024-09-28T20:12:15.665+0000] {logging_mixin.py:190} INFO - [2024-09-28T20:12:15.665+0000] {dag.py:3239} INFO - Sync 1 DAGs
[2024-09-28T20:12:15.674+0000] {logging_mixin.py:190} INFO - [2024-09-28T20:12:15.674+0000] {dag.py:4180} INFO - Setting next_dagrun for example_sensors to None, run_after=None
[2024-09-28T20:12:15.688+0000] {processor.py:208} INFO - Processing /home/airflow/.local/lib/python3.12/site-packages/airflow/example_dags/example_sensors.py took 0.061 seconds
[2024-09-28T20:12:45.812+0000] {processor.py:186} INFO - Started process (PID=1067) to work on /home/airflow/.local/lib/python3.12/site-packages/airflow/example_dags/example_sensors.py
[2024-09-28T20:12:45.813+0000] {processor.py:914} INFO - Processing file /home/airflow/.local/lib/python3.12/site-packages/airflow/example_dags/example_sensors.py for tasks to queue
[2024-09-28T20:12:45.815+0000] {logging_mixin.py:190} INFO - [2024-09-28T20:12:45.815+0000] {dagbag.py:588} INFO - Filling up the DagBag from /home/airflow/.local/lib/python3.12/site-packages/airflow/example_dags/example_sensors.py
[2024-09-28T20:12:45.823+0000] {processor.py:925} INFO - DAG(s) 'example_sensors' retrieved from /home/airflow/.local/lib/python3.12/site-packages/airflow/example_dags/example_sensors.py
[2024-09-28T20:12:45.840+0000] {logging_mixin.py:190} INFO - [2024-09-28T20:12:45.840+0000] {dag.py:3239} INFO - Sync 1 DAGs
[2024-09-28T20:12:45.849+0000] {logging_mixin.py:190} INFO - [2024-09-28T20:12:45.849+0000] {dag.py:4180} INFO - Setting next_dagrun for example_sensors to None, run_after=None
[2024-09-28T20:12:45.863+0000] {processor.py:208} INFO - Processing /home/airflow/.local/lib/python3.12/site-packages/airflow/example_dags/example_sensors.py took 0.055 seconds
[2024-09-28T20:13:16.075+0000] {processor.py:186} INFO - Started process (PID=1133) to work on /home/airflow/.local/lib/python3.12/site-packages/airflow/example_dags/example_sensors.py
[2024-09-28T20:13:16.076+0000] {processor.py:914} INFO - Processing file /home/airflow/.local/lib/python3.12/site-packages/airflow/example_dags/example_sensors.py for tasks to queue
[2024-09-28T20:13:16.078+0000] {logging_mixin.py:190} INFO - [2024-09-28T20:13:16.077+0000] {dagbag.py:588} INFO - Filling up the DagBag from /home/airflow/.local/lib/python3.12/site-packages/airflow/example_dags/example_sensors.py
[2024-09-28T20:13:16.085+0000] {processor.py:925} INFO - DAG(s) 'example_sensors' retrieved from /home/airflow/.local/lib/python3.12/site-packages/airflow/example_dags/example_sensors.py
[2024-09-28T20:13:16.105+0000] {logging_mixin.py:190} INFO - [2024-09-28T20:13:16.105+0000] {dag.py:3239} INFO - Sync 1 DAGs
[2024-09-28T20:13:16.115+0000] {logging_mixin.py:190} INFO - [2024-09-28T20:13:16.115+0000] {dag.py:4180} INFO - Setting next_dagrun for example_sensors to None, run_after=None
[2024-09-28T20:13:16.130+0000] {processor.py:208} INFO - Processing /home/airflow/.local/lib/python3.12/site-packages/airflow/example_dags/example_sensors.py took 0.059 seconds
[2024-09-28T20:13:46.289+0000] {processor.py:186} INFO - Started process (PID=1198) to work on /home/airflow/.local/lib/python3.12/site-packages/airflow/example_dags/example_sensors.py
[2024-09-28T20:13:46.290+0000] {processor.py:914} INFO - Processing file /home/airflow/.local/lib/python3.12/site-packages/airflow/example_dags/example_sensors.py for tasks to queue
[2024-09-28T20:13:46.292+0000] {logging_mixin.py:190} INFO - [2024-09-28T20:13:46.292+0000] {dagbag.py:588} INFO - Filling up the DagBag from /home/airflow/.local/lib/python3.12/site-packages/airflow/example_dags/example_sensors.py
[2024-09-28T20:13:46.299+0000] {processor.py:925} INFO - DAG(s) 'example_sensors' retrieved from /home/airflow/.local/lib/python3.12/site-packages/airflow/example_dags/example_sensors.py
[2024-09-28T20:13:46.315+0000] {logging_mixin.py:190} INFO - [2024-09-28T20:13:46.315+0000] {dag.py:3239} INFO - Sync 1 DAGs
[2024-09-28T20:13:46.324+0000] {logging_mixin.py:190} INFO - [2024-09-28T20:13:46.324+0000] {dag.py:4180} INFO - Setting next_dagrun for example_sensors to None, run_after=None
[2024-09-28T20:13:46.341+0000] {processor.py:208} INFO - Processing /home/airflow/.local/lib/python3.12/site-packages/airflow/example_dags/example_sensors.py took 0.055 seconds
[2024-09-28T20:14:16.556+0000] {processor.py:186} INFO - Started process (PID=1264) to work on /home/airflow/.local/lib/python3.12/site-packages/airflow/example_dags/example_sensors.py
[2024-09-28T20:14:16.557+0000] {processor.py:914} INFO - Processing file /home/airflow/.local/lib/python3.12/site-packages/airflow/example_dags/example_sensors.py for tasks to queue
[2024-09-28T20:14:16.558+0000] {logging_mixin.py:190} INFO - [2024-09-28T20:14:16.558+0000] {dagbag.py:588} INFO - Filling up the DagBag from /home/airflow/.local/lib/python3.12/site-packages/airflow/example_dags/example_sensors.py
[2024-09-28T20:14:16.565+0000] {processor.py:925} INFO - DAG(s) 'example_sensors' retrieved from /home/airflow/.local/lib/python3.12/site-packages/airflow/example_dags/example_sensors.py
[2024-09-28T20:14:16.580+0000] {logging_mixin.py:190} INFO - [2024-09-28T20:14:16.580+0000] {dag.py:3239} INFO - Sync 1 DAGs
[2024-09-28T20:14:16.590+0000] {logging_mixin.py:190} INFO - [2024-09-28T20:14:16.589+0000] {dag.py:4180} INFO - Setting next_dagrun for example_sensors to None, run_after=None
[2024-09-28T20:14:16.603+0000] {processor.py:208} INFO - Processing /home/airflow/.local/lib/python3.12/site-packages/airflow/example_dags/example_sensors.py took 0.051 seconds
[2024-09-28T20:14:46.987+0000] {processor.py:186} INFO - Started process (PID=1330) to work on /home/airflow/.local/lib/python3.12/site-packages/airflow/example_dags/example_sensors.py
[2024-09-28T20:14:46.988+0000] {processor.py:914} INFO - Processing file /home/airflow/.local/lib/python3.12/site-packages/airflow/example_dags/example_sensors.py for tasks to queue
[2024-09-28T20:14:46.989+0000] {logging_mixin.py:190} INFO - [2024-09-28T20:14:46.989+0000] {dagbag.py:588} INFO - Filling up the DagBag from /home/airflow/.local/lib/python3.12/site-packages/airflow/example_dags/example_sensors.py
[2024-09-28T20:14:46.997+0000] {processor.py:925} INFO - DAG(s) 'example_sensors' retrieved from /home/airflow/.local/lib/python3.12/site-packages/airflow/example_dags/example_sensors.py
[2024-09-28T20:14:47.014+0000] {logging_mixin.py:190} INFO - [2024-09-28T20:14:47.014+0000] {dag.py:3239} INFO - Sync 1 DAGs
[2024-09-28T20:14:47.023+0000] {logging_mixin.py:190} INFO - [2024-09-28T20:14:47.023+0000] {dag.py:4180} INFO - Setting next_dagrun for example_sensors to None, run_after=None
[2024-09-28T20:14:47.037+0000] {processor.py:208} INFO - Processing /home/airflow/.local/lib/python3.12/site-packages/airflow/example_dags/example_sensors.py took 0.054 seconds
[2024-09-28T20:15:17.250+0000] {processor.py:186} INFO - Started process (PID=1396) to work on /home/airflow/.local/lib/python3.12/site-packages/airflow/example_dags/example_sensors.py
[2024-09-28T20:15:17.251+0000] {processor.py:914} INFO - Processing file /home/airflow/.local/lib/python3.12/site-packages/airflow/example_dags/example_sensors.py for tasks to queue
[2024-09-28T20:15:17.253+0000] {logging_mixin.py:190} INFO - [2024-09-28T20:15:17.252+0000] {dagbag.py:588} INFO - Filling up the DagBag from /home/airflow/.local/lib/python3.12/site-packages/airflow/example_dags/example_sensors.py
[2024-09-28T20:15:17.260+0000] {processor.py:925} INFO - DAG(s) 'example_sensors' retrieved from /home/airflow/.local/lib/python3.12/site-packages/airflow/example_dags/example_sensors.py
[2024-09-28T20:15:17.276+0000] {logging_mixin.py:190} INFO - [2024-09-28T20:15:17.276+0000] {dag.py:3239} INFO - Sync 1 DAGs
[2024-09-28T20:15:17.285+0000] {logging_mixin.py:190} INFO - [2024-09-28T20:15:17.285+0000] {dag.py:4180} INFO - Setting next_dagrun for example_sensors to None, run_after=None
[2024-09-28T20:15:17.298+0000] {processor.py:208} INFO - Processing /home/airflow/.local/lib/python3.12/site-packages/airflow/example_dags/example_sensors.py took 0.052 seconds
[2024-09-28T20:16:29.638+0000] {processor.py:186} INFO - Started process (PID=101) to work on /home/airflow/.local/lib/python3.12/site-packages/airflow/example_dags/example_sensors.py
[2024-09-28T20:16:29.638+0000] {processor.py:914} INFO - Processing file /home/airflow/.local/lib/python3.12/site-packages/airflow/example_dags/example_sensors.py for tasks to queue
[2024-09-28T20:16:29.640+0000] {logging_mixin.py:190} INFO - [2024-09-28T20:16:29.640+0000] {dagbag.py:588} INFO - Filling up the DagBag from /home/airflow/.local/lib/python3.12/site-packages/airflow/example_dags/example_sensors.py
[2024-09-28T20:16:29.647+0000] {processor.py:925} INFO - DAG(s) 'example_sensors' retrieved from /home/airflow/.local/lib/python3.12/site-packages/airflow/example_dags/example_sensors.py
[2024-09-28T20:16:29.664+0000] {logging_mixin.py:190} INFO - [2024-09-28T20:16:29.664+0000] {dag.py:3239} INFO - Sync 1 DAGs
[2024-09-28T20:16:29.674+0000] {logging_mixin.py:190} INFO - [2024-09-28T20:16:29.674+0000] {dag.py:4180} INFO - Setting next_dagrun for example_sensors to None, run_after=None
[2024-09-28T20:16:29.688+0000] {processor.py:208} INFO - Processing /home/airflow/.local/lib/python3.12/site-packages/airflow/example_dags/example_sensors.py took 0.054 seconds
[2024-09-28T20:17:00.168+0000] {processor.py:186} INFO - Started process (PID=169) to work on /home/airflow/.local/lib/python3.12/site-packages/airflow/example_dags/example_sensors.py
[2024-09-28T20:17:00.169+0000] {processor.py:914} INFO - Processing file /home/airflow/.local/lib/python3.12/site-packages/airflow/example_dags/example_sensors.py for tasks to queue
[2024-09-28T20:17:00.171+0000] {logging_mixin.py:190} INFO - [2024-09-28T20:17:00.171+0000] {dagbag.py:588} INFO - Filling up the DagBag from /home/airflow/.local/lib/python3.12/site-packages/airflow/example_dags/example_sensors.py
[2024-09-28T20:17:00.179+0000] {processor.py:925} INFO - DAG(s) 'example_sensors' retrieved from /home/airflow/.local/lib/python3.12/site-packages/airflow/example_dags/example_sensors.py
[2024-09-28T20:17:00.195+0000] {logging_mixin.py:190} INFO - [2024-09-28T20:17:00.194+0000] {dag.py:3239} INFO - Sync 1 DAGs
[2024-09-28T20:17:00.204+0000] {logging_mixin.py:190} INFO - [2024-09-28T20:17:00.204+0000] {dag.py:4180} INFO - Setting next_dagrun for example_sensors to None, run_after=None
[2024-09-28T20:17:00.216+0000] {processor.py:208} INFO - Processing /home/airflow/.local/lib/python3.12/site-packages/airflow/example_dags/example_sensors.py took 0.052 seconds
[2024-09-28T20:17:30.504+0000] {processor.py:186} INFO - Started process (PID=237) to work on /home/airflow/.local/lib/python3.12/site-packages/airflow/example_dags/example_sensors.py
[2024-09-28T20:17:30.505+0000] {processor.py:914} INFO - Processing file /home/airflow/.local/lib/python3.12/site-packages/airflow/example_dags/example_sensors.py for tasks to queue
[2024-09-28T20:17:30.506+0000] {logging_mixin.py:190} INFO - [2024-09-28T20:17:30.506+0000] {dagbag.py:588} INFO - Filling up the DagBag from /home/airflow/.local/lib/python3.12/site-packages/airflow/example_dags/example_sensors.py
[2024-09-28T20:17:30.514+0000] {processor.py:925} INFO - DAG(s) 'example_sensors' retrieved from /home/airflow/.local/lib/python3.12/site-packages/airflow/example_dags/example_sensors.py
[2024-09-28T20:17:30.530+0000] {logging_mixin.py:190} INFO - [2024-09-28T20:17:30.530+0000] {dag.py:3239} INFO - Sync 1 DAGs
[2024-09-28T20:17:30.540+0000] {logging_mixin.py:190} INFO - [2024-09-28T20:17:30.539+0000] {dag.py:4180} INFO - Setting next_dagrun for example_sensors to None, run_after=None
[2024-09-28T20:17:30.552+0000] {processor.py:208} INFO - Processing /home/airflow/.local/lib/python3.12/site-packages/airflow/example_dags/example_sensors.py took 0.052 seconds
[2024-09-28T20:18:00.782+0000] {processor.py:186} INFO - Started process (PID=305) to work on /home/airflow/.local/lib/python3.12/site-packages/airflow/example_dags/example_sensors.py
[2024-09-28T20:18:00.783+0000] {processor.py:914} INFO - Processing file /home/airflow/.local/lib/python3.12/site-packages/airflow/example_dags/example_sensors.py for tasks to queue
[2024-09-28T20:18:00.786+0000] {logging_mixin.py:190} INFO - [2024-09-28T20:18:00.785+0000] {dagbag.py:588} INFO - Filling up the DagBag from /home/airflow/.local/lib/python3.12/site-packages/airflow/example_dags/example_sensors.py
[2024-09-28T20:18:00.794+0000] {processor.py:925} INFO - DAG(s) 'example_sensors' retrieved from /home/airflow/.local/lib/python3.12/site-packages/airflow/example_dags/example_sensors.py
[2024-09-28T20:18:00.816+0000] {logging_mixin.py:190} INFO - [2024-09-28T20:18:00.815+0000] {dag.py:3239} INFO - Sync 1 DAGs
[2024-09-28T20:18:00.830+0000] {logging_mixin.py:190} INFO - [2024-09-28T20:18:00.830+0000] {dag.py:4180} INFO - Setting next_dagrun for example_sensors to None, run_after=None
[2024-09-28T20:18:00.848+0000] {processor.py:208} INFO - Processing /home/airflow/.local/lib/python3.12/site-packages/airflow/example_dags/example_sensors.py took 0.070 seconds
[2024-09-28T20:18:31.301+0000] {processor.py:186} INFO - Started process (PID=371) to work on /home/airflow/.local/lib/python3.12/site-packages/airflow/example_dags/example_sensors.py
[2024-09-28T20:18:31.302+0000] {processor.py:914} INFO - Processing file /home/airflow/.local/lib/python3.12/site-packages/airflow/example_dags/example_sensors.py for tasks to queue
[2024-09-28T20:18:31.303+0000] {logging_mixin.py:190} INFO - [2024-09-28T20:18:31.303+0000] {dagbag.py:588} INFO - Filling up the DagBag from /home/airflow/.local/lib/python3.12/site-packages/airflow/example_dags/example_sensors.py
[2024-09-28T20:18:31.310+0000] {processor.py:925} INFO - DAG(s) 'example_sensors' retrieved from /home/airflow/.local/lib/python3.12/site-packages/airflow/example_dags/example_sensors.py
[2024-09-28T20:18:31.329+0000] {logging_mixin.py:190} INFO - [2024-09-28T20:18:31.329+0000] {dag.py:3239} INFO - Sync 1 DAGs
[2024-09-28T20:18:31.339+0000] {logging_mixin.py:190} INFO - [2024-09-28T20:18:31.339+0000] {dag.py:4180} INFO - Setting next_dagrun for example_sensors to None, run_after=None
[2024-09-28T20:18:31.352+0000] {processor.py:208} INFO - Processing /home/airflow/.local/lib/python3.12/site-packages/airflow/example_dags/example_sensors.py took 0.055 seconds
[2024-09-28T20:19:01.526+0000] {processor.py:186} INFO - Started process (PID=443) to work on /home/airflow/.local/lib/python3.12/site-packages/airflow/example_dags/example_sensors.py
[2024-09-28T20:19:01.527+0000] {processor.py:914} INFO - Processing file /home/airflow/.local/lib/python3.12/site-packages/airflow/example_dags/example_sensors.py for tasks to queue
[2024-09-28T20:19:01.528+0000] {logging_mixin.py:190} INFO - [2024-09-28T20:19:01.528+0000] {dagbag.py:588} INFO - Filling up the DagBag from /home/airflow/.local/lib/python3.12/site-packages/airflow/example_dags/example_sensors.py
[2024-09-28T20:19:01.535+0000] {processor.py:925} INFO - DAG(s) 'example_sensors' retrieved from /home/airflow/.local/lib/python3.12/site-packages/airflow/example_dags/example_sensors.py
[2024-09-28T20:19:01.551+0000] {logging_mixin.py:190} INFO - [2024-09-28T20:19:01.551+0000] {dag.py:3239} INFO - Sync 1 DAGs
[2024-09-28T20:19:01.560+0000] {logging_mixin.py:190} INFO - [2024-09-28T20:19:01.560+0000] {dag.py:4180} INFO - Setting next_dagrun for example_sensors to None, run_after=None
[2024-09-28T20:19:01.574+0000] {processor.py:208} INFO - Processing /home/airflow/.local/lib/python3.12/site-packages/airflow/example_dags/example_sensors.py took 0.051 seconds
[2024-09-28T20:19:31.816+0000] {processor.py:186} INFO - Started process (PID=509) to work on /home/airflow/.local/lib/python3.12/site-packages/airflow/example_dags/example_sensors.py
[2024-09-28T20:19:31.817+0000] {processor.py:914} INFO - Processing file /home/airflow/.local/lib/python3.12/site-packages/airflow/example_dags/example_sensors.py for tasks to queue
[2024-09-28T20:19:31.818+0000] {logging_mixin.py:190} INFO - [2024-09-28T20:19:31.817+0000] {dagbag.py:588} INFO - Filling up the DagBag from /home/airflow/.local/lib/python3.12/site-packages/airflow/example_dags/example_sensors.py
[2024-09-28T20:19:31.825+0000] {processor.py:925} INFO - DAG(s) 'example_sensors' retrieved from /home/airflow/.local/lib/python3.12/site-packages/airflow/example_dags/example_sensors.py
[2024-09-28T20:19:31.846+0000] {logging_mixin.py:190} INFO - [2024-09-28T20:19:31.845+0000] {dag.py:3239} INFO - Sync 1 DAGs
[2024-09-28T20:19:31.856+0000] {logging_mixin.py:190} INFO - [2024-09-28T20:19:31.856+0000] {dag.py:4180} INFO - Setting next_dagrun for example_sensors to None, run_after=None
[2024-09-28T20:19:31.870+0000] {processor.py:208} INFO - Processing /home/airflow/.local/lib/python3.12/site-packages/airflow/example_dags/example_sensors.py took 0.058 seconds
[2024-09-28T20:20:02.121+0000] {processor.py:186} INFO - Started process (PID=576) to work on /home/airflow/.local/lib/python3.12/site-packages/airflow/example_dags/example_sensors.py
[2024-09-28T20:20:02.122+0000] {processor.py:914} INFO - Processing file /home/airflow/.local/lib/python3.12/site-packages/airflow/example_dags/example_sensors.py for tasks to queue
[2024-09-28T20:20:02.123+0000] {logging_mixin.py:190} INFO - [2024-09-28T20:20:02.123+0000] {dagbag.py:588} INFO - Filling up the DagBag from /home/airflow/.local/lib/python3.12/site-packages/airflow/example_dags/example_sensors.py
[2024-09-28T20:20:02.131+0000] {processor.py:925} INFO - DAG(s) 'example_sensors' retrieved from /home/airflow/.local/lib/python3.12/site-packages/airflow/example_dags/example_sensors.py
[2024-09-28T20:20:02.150+0000] {logging_mixin.py:190} INFO - [2024-09-28T20:20:02.150+0000] {dag.py:3239} INFO - Sync 1 DAGs
[2024-09-28T20:20:02.159+0000] {logging_mixin.py:190} INFO - [2024-09-28T20:20:02.159+0000] {dag.py:4180} INFO - Setting next_dagrun for example_sensors to None, run_after=None
[2024-09-28T20:20:02.174+0000] {processor.py:208} INFO - Processing /home/airflow/.local/lib/python3.12/site-packages/airflow/example_dags/example_sensors.py took 0.056 seconds
[2024-09-28T20:20:32.556+0000] {processor.py:186} INFO - Started process (PID=642) to work on /home/airflow/.local/lib/python3.12/site-packages/airflow/example_dags/example_sensors.py
[2024-09-28T20:20:32.556+0000] {processor.py:914} INFO - Processing file /home/airflow/.local/lib/python3.12/site-packages/airflow/example_dags/example_sensors.py for tasks to queue
[2024-09-28T20:20:32.557+0000] {logging_mixin.py:190} INFO - [2024-09-28T20:20:32.557+0000] {dagbag.py:588} INFO - Filling up the DagBag from /home/airflow/.local/lib/python3.12/site-packages/airflow/example_dags/example_sensors.py
[2024-09-28T20:20:32.565+0000] {processor.py:925} INFO - DAG(s) 'example_sensors' retrieved from /home/airflow/.local/lib/python3.12/site-packages/airflow/example_dags/example_sensors.py
[2024-09-28T20:20:32.583+0000] {logging_mixin.py:190} INFO - [2024-09-28T20:20:32.583+0000] {dag.py:3239} INFO - Sync 1 DAGs
[2024-09-28T20:20:32.593+0000] {logging_mixin.py:190} INFO - [2024-09-28T20:20:32.593+0000] {dag.py:4180} INFO - Setting next_dagrun for example_sensors to None, run_after=None
[2024-09-28T20:20:32.608+0000] {processor.py:208} INFO - Processing /home/airflow/.local/lib/python3.12/site-packages/airflow/example_dags/example_sensors.py took 0.056 seconds
