[2024-09-28T19:52:48.892+0000] {processor.py:186} INFO - Started process (PID=78) to work on /home/airflow/.local/lib/python3.12/site-packages/airflow/example_dags/example_latest_only_with_trigger.py
[2024-09-28T19:52:48.893+0000] {processor.py:914} INFO - Processing file /home/airflow/.local/lib/python3.12/site-packages/airflow/example_dags/example_latest_only_with_trigger.py for tasks to queue
[2024-09-28T19:52:48.895+0000] {logging_mixin.py:190} INFO - [2024-09-28T19:52:48.895+0000] {dagbag.py:588} INFO - Filling up the DagBag from /home/airflow/.local/lib/python3.12/site-packages/airflow/example_dags/example_latest_only_with_trigger.py
[2024-09-28T19:52:48.900+0000] {processor.py:925} INFO - DAG(s) 'latest_only_with_trigger' retrieved from /home/airflow/.local/lib/python3.12/site-packages/airflow/example_dags/example_latest_only_with_trigger.py
[2024-09-28T19:52:48.965+0000] {logging_mixin.py:190} INFO - [2024-09-28T19:52:48.965+0000] {override.py:1900} INFO - Created Permission View: can edit on DAG:latest_only_with_trigger
[2024-09-28T19:52:48.972+0000] {logging_mixin.py:190} INFO - [2024-09-28T19:52:48.972+0000] {override.py:1900} INFO - Created Permission View: can delete on DAG:latest_only_with_trigger
[2024-09-28T19:52:48.980+0000] {logging_mixin.py:190} INFO - [2024-09-28T19:52:48.980+0000] {override.py:1900} INFO - Created Permission View: can read on DAG:latest_only_with_trigger
[2024-09-28T19:52:48.988+0000] {logging_mixin.py:190} INFO - [2024-09-28T19:52:48.988+0000] {override.py:1900} INFO - Created Permission View: can delete on DAG Run:latest_only_with_trigger
[2024-09-28T19:52:48.993+0000] {logging_mixin.py:190} INFO - [2024-09-28T19:52:48.993+0000] {override.py:1900} INFO - Created Permission View: can read on DAG Run:latest_only_with_trigger
[2024-09-28T19:52:48.997+0000] {logging_mixin.py:190} INFO - [2024-09-28T19:52:48.997+0000] {override.py:1900} INFO - Created Permission View: can create on DAG Run:latest_only_with_trigger
[2024-09-28T19:52:49.001+0000] {logging_mixin.py:190} INFO - [2024-09-28T19:52:49.001+0000] {override.py:1900} INFO - Created Permission View: menu access on DAG Run:latest_only_with_trigger
[2024-09-28T19:52:49.005+0000] {logging_mixin.py:190} INFO - [2024-09-28T19:52:49.005+0000] {dag.py:3239} INFO - Sync 1 DAGs
[2024-09-28T19:52:49.013+0000] {logging_mixin.py:190} INFO - [2024-09-28T19:52:49.013+0000] {dag.py:3262} INFO - Creating ORM DAG for latest_only_with_trigger
[2024-09-28T19:52:49.020+0000] {logging_mixin.py:190} INFO - [2024-09-28T19:52:49.020+0000] {dag.py:4180} INFO - Setting next_dagrun for latest_only_with_trigger to 2024-09-28 12:00:00+00:00, run_after=2024-09-28 16:00:00+00:00
[2024-09-28T19:52:49.031+0000] {processor.py:208} INFO - Processing /home/airflow/.local/lib/python3.12/site-packages/airflow/example_dags/example_latest_only_with_trigger.py took 0.143 seconds
[2024-09-28T19:53:19.737+0000] {processor.py:186} INFO - Started process (PID=144) to work on /home/airflow/.local/lib/python3.12/site-packages/airflow/example_dags/example_latest_only_with_trigger.py
[2024-09-28T19:53:19.738+0000] {processor.py:914} INFO - Processing file /home/airflow/.local/lib/python3.12/site-packages/airflow/example_dags/example_latest_only_with_trigger.py for tasks to queue
[2024-09-28T19:53:19.740+0000] {logging_mixin.py:190} INFO - [2024-09-28T19:53:19.739+0000] {dagbag.py:588} INFO - Filling up the DagBag from /home/airflow/.local/lib/python3.12/site-packages/airflow/example_dags/example_latest_only_with_trigger.py
[2024-09-28T19:53:19.744+0000] {processor.py:925} INFO - DAG(s) 'latest_only_with_trigger' retrieved from /home/airflow/.local/lib/python3.12/site-packages/airflow/example_dags/example_latest_only_with_trigger.py
[2024-09-28T19:53:19.760+0000] {logging_mixin.py:190} INFO - [2024-09-28T19:53:19.760+0000] {dag.py:3239} INFO - Sync 1 DAGs
[2024-09-28T19:53:19.773+0000] {logging_mixin.py:190} INFO - [2024-09-28T19:53:19.773+0000] {dag.py:4180} INFO - Setting next_dagrun for latest_only_with_trigger to 2024-09-28 12:00:00+00:00, run_after=2024-09-28 16:00:00+00:00
[2024-09-28T19:53:19.785+0000] {processor.py:208} INFO - Processing /home/airflow/.local/lib/python3.12/site-packages/airflow/example_dags/example_latest_only_with_trigger.py took 0.051 seconds
[2024-09-28T19:53:50.472+0000] {processor.py:186} INFO - Started process (PID=208) to work on /home/airflow/.local/lib/python3.12/site-packages/airflow/example_dags/example_latest_only_with_trigger.py
[2024-09-28T19:53:50.473+0000] {processor.py:914} INFO - Processing file /home/airflow/.local/lib/python3.12/site-packages/airflow/example_dags/example_latest_only_with_trigger.py for tasks to queue
[2024-09-28T19:53:50.475+0000] {logging_mixin.py:190} INFO - [2024-09-28T19:53:50.474+0000] {dagbag.py:588} INFO - Filling up the DagBag from /home/airflow/.local/lib/python3.12/site-packages/airflow/example_dags/example_latest_only_with_trigger.py
[2024-09-28T19:53:50.479+0000] {processor.py:925} INFO - DAG(s) 'latest_only_with_trigger' retrieved from /home/airflow/.local/lib/python3.12/site-packages/airflow/example_dags/example_latest_only_with_trigger.py
[2024-09-28T19:53:50.492+0000] {logging_mixin.py:190} INFO - [2024-09-28T19:53:50.492+0000] {dag.py:3239} INFO - Sync 1 DAGs
[2024-09-28T19:53:50.506+0000] {logging_mixin.py:190} INFO - [2024-09-28T19:53:50.506+0000] {dag.py:4180} INFO - Setting next_dagrun for latest_only_with_trigger to 2024-09-28 12:00:00+00:00, run_after=2024-09-28 16:00:00+00:00
[2024-09-28T19:53:50.518+0000] {processor.py:208} INFO - Processing /home/airflow/.local/lib/python3.12/site-packages/airflow/example_dags/example_latest_only_with_trigger.py took 0.050 seconds
[2024-09-28T19:54:20.758+0000] {processor.py:186} INFO - Started process (PID=273) to work on /home/airflow/.local/lib/python3.12/site-packages/airflow/example_dags/example_latest_only_with_trigger.py
[2024-09-28T19:54:20.759+0000] {processor.py:914} INFO - Processing file /home/airflow/.local/lib/python3.12/site-packages/airflow/example_dags/example_latest_only_with_trigger.py for tasks to queue
[2024-09-28T19:54:20.761+0000] {logging_mixin.py:190} INFO - [2024-09-28T19:54:20.761+0000] {dagbag.py:588} INFO - Filling up the DagBag from /home/airflow/.local/lib/python3.12/site-packages/airflow/example_dags/example_latest_only_with_trigger.py
[2024-09-28T19:54:20.767+0000] {processor.py:925} INFO - DAG(s) 'latest_only_with_trigger' retrieved from /home/airflow/.local/lib/python3.12/site-packages/airflow/example_dags/example_latest_only_with_trigger.py
[2024-09-28T19:54:20.781+0000] {logging_mixin.py:190} INFO - [2024-09-28T19:54:20.780+0000] {dag.py:3239} INFO - Sync 1 DAGs
[2024-09-28T19:54:20.795+0000] {logging_mixin.py:190} INFO - [2024-09-28T19:54:20.795+0000] {dag.py:4180} INFO - Setting next_dagrun for latest_only_with_trigger to 2024-09-28 12:00:00+00:00, run_after=2024-09-28 16:00:00+00:00
[2024-09-28T19:54:20.807+0000] {processor.py:208} INFO - Processing /home/airflow/.local/lib/python3.12/site-packages/airflow/example_dags/example_latest_only_with_trigger.py took 0.053 seconds
[2024-09-28T19:54:51.061+0000] {processor.py:186} INFO - Started process (PID=338) to work on /home/airflow/.local/lib/python3.12/site-packages/airflow/example_dags/example_latest_only_with_trigger.py
[2024-09-28T19:54:51.062+0000] {processor.py:914} INFO - Processing file /home/airflow/.local/lib/python3.12/site-packages/airflow/example_dags/example_latest_only_with_trigger.py for tasks to queue
[2024-09-28T19:54:51.064+0000] {logging_mixin.py:190} INFO - [2024-09-28T19:54:51.064+0000] {dagbag.py:588} INFO - Filling up the DagBag from /home/airflow/.local/lib/python3.12/site-packages/airflow/example_dags/example_latest_only_with_trigger.py
[2024-09-28T19:54:51.071+0000] {processor.py:925} INFO - DAG(s) 'latest_only_with_trigger' retrieved from /home/airflow/.local/lib/python3.12/site-packages/airflow/example_dags/example_latest_only_with_trigger.py
[2024-09-28T19:54:51.085+0000] {logging_mixin.py:190} INFO - [2024-09-28T19:54:51.085+0000] {dag.py:3239} INFO - Sync 1 DAGs
[2024-09-28T19:54:51.100+0000] {logging_mixin.py:190} INFO - [2024-09-28T19:54:51.099+0000] {dag.py:4180} INFO - Setting next_dagrun for latest_only_with_trigger to 2024-09-28 12:00:00+00:00, run_after=2024-09-28 16:00:00+00:00
[2024-09-28T19:54:51.111+0000] {processor.py:208} INFO - Processing /home/airflow/.local/lib/python3.12/site-packages/airflow/example_dags/example_latest_only_with_trigger.py took 0.054 seconds
[2024-09-28T19:55:21.433+0000] {processor.py:186} INFO - Started process (PID=403) to work on /home/airflow/.local/lib/python3.12/site-packages/airflow/example_dags/example_latest_only_with_trigger.py
[2024-09-28T19:55:21.434+0000] {processor.py:914} INFO - Processing file /home/airflow/.local/lib/python3.12/site-packages/airflow/example_dags/example_latest_only_with_trigger.py for tasks to queue
[2024-09-28T19:55:21.436+0000] {logging_mixin.py:190} INFO - [2024-09-28T19:55:21.436+0000] {dagbag.py:588} INFO - Filling up the DagBag from /home/airflow/.local/lib/python3.12/site-packages/airflow/example_dags/example_latest_only_with_trigger.py
[2024-09-28T19:55:21.440+0000] {processor.py:925} INFO - DAG(s) 'latest_only_with_trigger' retrieved from /home/airflow/.local/lib/python3.12/site-packages/airflow/example_dags/example_latest_only_with_trigger.py
[2024-09-28T19:55:21.455+0000] {logging_mixin.py:190} INFO - [2024-09-28T19:55:21.455+0000] {dag.py:3239} INFO - Sync 1 DAGs
[2024-09-28T19:55:21.468+0000] {logging_mixin.py:190} INFO - [2024-09-28T19:55:21.468+0000] {dag.py:4180} INFO - Setting next_dagrun for latest_only_with_trigger to 2024-09-28 12:00:00+00:00, run_after=2024-09-28 16:00:00+00:00
[2024-09-28T19:55:21.481+0000] {processor.py:208} INFO - Processing /home/airflow/.local/lib/python3.12/site-packages/airflow/example_dags/example_latest_only_with_trigger.py took 0.052 seconds
[2024-09-28T19:55:51.697+0000] {processor.py:186} INFO - Started process (PID=469) to work on /home/airflow/.local/lib/python3.12/site-packages/airflow/example_dags/example_latest_only_with_trigger.py
[2024-09-28T19:55:51.698+0000] {processor.py:914} INFO - Processing file /home/airflow/.local/lib/python3.12/site-packages/airflow/example_dags/example_latest_only_with_trigger.py for tasks to queue
[2024-09-28T19:55:51.700+0000] {logging_mixin.py:190} INFO - [2024-09-28T19:55:51.700+0000] {dagbag.py:588} INFO - Filling up the DagBag from /home/airflow/.local/lib/python3.12/site-packages/airflow/example_dags/example_latest_only_with_trigger.py
[2024-09-28T19:55:51.704+0000] {processor.py:925} INFO - DAG(s) 'latest_only_with_trigger' retrieved from /home/airflow/.local/lib/python3.12/site-packages/airflow/example_dags/example_latest_only_with_trigger.py
[2024-09-28T19:55:51.719+0000] {logging_mixin.py:190} INFO - [2024-09-28T19:55:51.719+0000] {dag.py:3239} INFO - Sync 1 DAGs
[2024-09-28T19:55:51.733+0000] {logging_mixin.py:190} INFO - [2024-09-28T19:55:51.733+0000] {dag.py:4180} INFO - Setting next_dagrun for latest_only_with_trigger to 2024-09-28 12:00:00+00:00, run_after=2024-09-28 16:00:00+00:00
[2024-09-28T19:55:51.744+0000] {processor.py:208} INFO - Processing /home/airflow/.local/lib/python3.12/site-packages/airflow/example_dags/example_latest_only_with_trigger.py took 0.050 seconds
[2024-09-28T19:56:22.415+0000] {processor.py:186} INFO - Started process (PID=534) to work on /home/airflow/.local/lib/python3.12/site-packages/airflow/example_dags/example_latest_only_with_trigger.py
[2024-09-28T19:56:22.416+0000] {processor.py:914} INFO - Processing file /home/airflow/.local/lib/python3.12/site-packages/airflow/example_dags/example_latest_only_with_trigger.py for tasks to queue
[2024-09-28T19:56:22.417+0000] {logging_mixin.py:190} INFO - [2024-09-28T19:56:22.417+0000] {dagbag.py:588} INFO - Filling up the DagBag from /home/airflow/.local/lib/python3.12/site-packages/airflow/example_dags/example_latest_only_with_trigger.py
[2024-09-28T19:56:22.422+0000] {processor.py:925} INFO - DAG(s) 'latest_only_with_trigger' retrieved from /home/airflow/.local/lib/python3.12/site-packages/airflow/example_dags/example_latest_only_with_trigger.py
[2024-09-28T19:56:22.435+0000] {logging_mixin.py:190} INFO - [2024-09-28T19:56:22.435+0000] {dag.py:3239} INFO - Sync 1 DAGs
[2024-09-28T19:56:22.449+0000] {logging_mixin.py:190} INFO - [2024-09-28T19:56:22.448+0000] {dag.py:4180} INFO - Setting next_dagrun for latest_only_with_trigger to 2024-09-28 12:00:00+00:00, run_after=2024-09-28 16:00:00+00:00
[2024-09-28T19:56:22.461+0000] {processor.py:208} INFO - Processing /home/airflow/.local/lib/python3.12/site-packages/airflow/example_dags/example_latest_only_with_trigger.py took 0.049 seconds
[2024-09-28T19:56:52.599+0000] {processor.py:186} INFO - Started process (PID=599) to work on /home/airflow/.local/lib/python3.12/site-packages/airflow/example_dags/example_latest_only_with_trigger.py
[2024-09-28T19:56:52.600+0000] {processor.py:914} INFO - Processing file /home/airflow/.local/lib/python3.12/site-packages/airflow/example_dags/example_latest_only_with_trigger.py for tasks to queue
[2024-09-28T19:56:52.602+0000] {logging_mixin.py:190} INFO - [2024-09-28T19:56:52.601+0000] {dagbag.py:588} INFO - Filling up the DagBag from /home/airflow/.local/lib/python3.12/site-packages/airflow/example_dags/example_latest_only_with_trigger.py
[2024-09-28T19:56:52.608+0000] {processor.py:925} INFO - DAG(s) 'latest_only_with_trigger' retrieved from /home/airflow/.local/lib/python3.12/site-packages/airflow/example_dags/example_latest_only_with_trigger.py
[2024-09-28T19:56:52.622+0000] {logging_mixin.py:190} INFO - [2024-09-28T19:56:52.621+0000] {dag.py:3239} INFO - Sync 1 DAGs
[2024-09-28T19:56:52.637+0000] {logging_mixin.py:190} INFO - [2024-09-28T19:56:52.637+0000] {dag.py:4180} INFO - Setting next_dagrun for latest_only_with_trigger to 2024-09-28 12:00:00+00:00, run_after=2024-09-28 16:00:00+00:00
[2024-09-28T19:56:52.652+0000] {processor.py:208} INFO - Processing /home/airflow/.local/lib/python3.12/site-packages/airflow/example_dags/example_latest_only_with_trigger.py took 0.057 seconds
[2024-09-28T19:57:22.935+0000] {processor.py:186} INFO - Started process (PID=664) to work on /home/airflow/.local/lib/python3.12/site-packages/airflow/example_dags/example_latest_only_with_trigger.py
[2024-09-28T19:57:22.942+0000] {processor.py:914} INFO - Processing file /home/airflow/.local/lib/python3.12/site-packages/airflow/example_dags/example_latest_only_with_trigger.py for tasks to queue
[2024-09-28T19:57:22.943+0000] {logging_mixin.py:190} INFO - [2024-09-28T19:57:22.943+0000] {dagbag.py:588} INFO - Filling up the DagBag from /home/airflow/.local/lib/python3.12/site-packages/airflow/example_dags/example_latest_only_with_trigger.py
[2024-09-28T19:57:22.950+0000] {processor.py:925} INFO - DAG(s) 'latest_only_with_trigger' retrieved from /home/airflow/.local/lib/python3.12/site-packages/airflow/example_dags/example_latest_only_with_trigger.py
[2024-09-28T19:57:22.964+0000] {logging_mixin.py:190} INFO - [2024-09-28T19:57:22.964+0000] {dag.py:3239} INFO - Sync 1 DAGs
[2024-09-28T19:57:22.980+0000] {logging_mixin.py:190} INFO - [2024-09-28T19:57:22.980+0000] {dag.py:4180} INFO - Setting next_dagrun for latest_only_with_trigger to 2024-09-28 12:00:00+00:00, run_after=2024-09-28 16:00:00+00:00
[2024-09-28T19:57:22.992+0000] {processor.py:208} INFO - Processing /home/airflow/.local/lib/python3.12/site-packages/airflow/example_dags/example_latest_only_with_trigger.py took 0.061 seconds
[2024-09-28T19:57:53.473+0000] {processor.py:186} INFO - Started process (PID=729) to work on /home/airflow/.local/lib/python3.12/site-packages/airflow/example_dags/example_latest_only_with_trigger.py
[2024-09-28T19:57:53.474+0000] {processor.py:914} INFO - Processing file /home/airflow/.local/lib/python3.12/site-packages/airflow/example_dags/example_latest_only_with_trigger.py for tasks to queue
[2024-09-28T19:57:53.476+0000] {logging_mixin.py:190} INFO - [2024-09-28T19:57:53.476+0000] {dagbag.py:588} INFO - Filling up the DagBag from /home/airflow/.local/lib/python3.12/site-packages/airflow/example_dags/example_latest_only_with_trigger.py
[2024-09-28T19:57:53.481+0000] {processor.py:925} INFO - DAG(s) 'latest_only_with_trigger' retrieved from /home/airflow/.local/lib/python3.12/site-packages/airflow/example_dags/example_latest_only_with_trigger.py
[2024-09-28T19:57:53.495+0000] {logging_mixin.py:190} INFO - [2024-09-28T19:57:53.495+0000] {dag.py:3239} INFO - Sync 1 DAGs
[2024-09-28T19:57:53.511+0000] {logging_mixin.py:190} INFO - [2024-09-28T19:57:53.511+0000] {dag.py:4180} INFO - Setting next_dagrun for latest_only_with_trigger to 2024-09-28 12:00:00+00:00, run_after=2024-09-28 16:00:00+00:00
[2024-09-28T19:57:53.524+0000] {processor.py:208} INFO - Processing /home/airflow/.local/lib/python3.12/site-packages/airflow/example_dags/example_latest_only_with_trigger.py took 0.054 seconds
[2024-09-28T19:58:23.986+0000] {processor.py:186} INFO - Started process (PID=794) to work on /home/airflow/.local/lib/python3.12/site-packages/airflow/example_dags/example_latest_only_with_trigger.py
[2024-09-28T19:58:23.987+0000] {processor.py:914} INFO - Processing file /home/airflow/.local/lib/python3.12/site-packages/airflow/example_dags/example_latest_only_with_trigger.py for tasks to queue
[2024-09-28T19:58:23.989+0000] {logging_mixin.py:190} INFO - [2024-09-28T19:58:23.989+0000] {dagbag.py:588} INFO - Filling up the DagBag from /home/airflow/.local/lib/python3.12/site-packages/airflow/example_dags/example_latest_only_with_trigger.py
[2024-09-28T19:58:23.994+0000] {processor.py:925} INFO - DAG(s) 'latest_only_with_trigger' retrieved from /home/airflow/.local/lib/python3.12/site-packages/airflow/example_dags/example_latest_only_with_trigger.py
[2024-09-28T19:58:24.009+0000] {logging_mixin.py:190} INFO - [2024-09-28T19:58:24.008+0000] {dag.py:3239} INFO - Sync 1 DAGs
[2024-09-28T19:58:24.024+0000] {logging_mixin.py:190} INFO - [2024-09-28T19:58:24.024+0000] {dag.py:4180} INFO - Setting next_dagrun for latest_only_with_trigger to 2024-09-28 12:00:00+00:00, run_after=2024-09-28 16:00:00+00:00
[2024-09-28T19:58:24.037+0000] {processor.py:208} INFO - Processing /home/airflow/.local/lib/python3.12/site-packages/airflow/example_dags/example_latest_only_with_trigger.py took 0.055 seconds
[2024-09-28T19:58:54.218+0000] {processor.py:186} INFO - Started process (PID=859) to work on /home/airflow/.local/lib/python3.12/site-packages/airflow/example_dags/example_latest_only_with_trigger.py
[2024-09-28T19:58:54.219+0000] {processor.py:914} INFO - Processing file /home/airflow/.local/lib/python3.12/site-packages/airflow/example_dags/example_latest_only_with_trigger.py for tasks to queue
[2024-09-28T19:58:54.221+0000] {logging_mixin.py:190} INFO - [2024-09-28T19:58:54.221+0000] {dagbag.py:588} INFO - Filling up the DagBag from /home/airflow/.local/lib/python3.12/site-packages/airflow/example_dags/example_latest_only_with_trigger.py
[2024-09-28T19:58:54.226+0000] {processor.py:925} INFO - DAG(s) 'latest_only_with_trigger' retrieved from /home/airflow/.local/lib/python3.12/site-packages/airflow/example_dags/example_latest_only_with_trigger.py
[2024-09-28T19:58:54.240+0000] {logging_mixin.py:190} INFO - [2024-09-28T19:58:54.240+0000] {dag.py:3239} INFO - Sync 1 DAGs
[2024-09-28T19:58:54.255+0000] {logging_mixin.py:190} INFO - [2024-09-28T19:58:54.255+0000] {dag.py:4180} INFO - Setting next_dagrun for latest_only_with_trigger to 2024-09-28 12:00:00+00:00, run_after=2024-09-28 16:00:00+00:00
[2024-09-28T19:58:54.267+0000] {processor.py:208} INFO - Processing /home/airflow/.local/lib/python3.12/site-packages/airflow/example_dags/example_latest_only_with_trigger.py took 0.052 seconds
[2024-09-28T19:59:24.647+0000] {processor.py:186} INFO - Started process (PID=924) to work on /home/airflow/.local/lib/python3.12/site-packages/airflow/example_dags/example_latest_only_with_trigger.py
[2024-09-28T19:59:24.647+0000] {processor.py:914} INFO - Processing file /home/airflow/.local/lib/python3.12/site-packages/airflow/example_dags/example_latest_only_with_trigger.py for tasks to queue
[2024-09-28T19:59:24.649+0000] {logging_mixin.py:190} INFO - [2024-09-28T19:59:24.649+0000] {dagbag.py:588} INFO - Filling up the DagBag from /home/airflow/.local/lib/python3.12/site-packages/airflow/example_dags/example_latest_only_with_trigger.py
[2024-09-28T19:59:24.654+0000] {processor.py:925} INFO - DAG(s) 'latest_only_with_trigger' retrieved from /home/airflow/.local/lib/python3.12/site-packages/airflow/example_dags/example_latest_only_with_trigger.py
[2024-09-28T19:59:24.668+0000] {logging_mixin.py:190} INFO - [2024-09-28T19:59:24.667+0000] {dag.py:3239} INFO - Sync 1 DAGs
[2024-09-28T19:59:24.683+0000] {logging_mixin.py:190} INFO - [2024-09-28T19:59:24.683+0000] {dag.py:4180} INFO - Setting next_dagrun for latest_only_with_trigger to 2024-09-28 12:00:00+00:00, run_after=2024-09-28 16:00:00+00:00
[2024-09-28T19:59:24.696+0000] {processor.py:208} INFO - Processing /home/airflow/.local/lib/python3.12/site-packages/airflow/example_dags/example_latest_only_with_trigger.py took 0.054 seconds
[2024-09-28T19:59:54.996+0000] {processor.py:186} INFO - Started process (PID=989) to work on /home/airflow/.local/lib/python3.12/site-packages/airflow/example_dags/example_latest_only_with_trigger.py
[2024-09-28T19:59:54.998+0000] {processor.py:914} INFO - Processing file /home/airflow/.local/lib/python3.12/site-packages/airflow/example_dags/example_latest_only_with_trigger.py for tasks to queue
[2024-09-28T19:59:55.001+0000] {logging_mixin.py:190} INFO - [2024-09-28T19:59:55.001+0000] {dagbag.py:588} INFO - Filling up the DagBag from /home/airflow/.local/lib/python3.12/site-packages/airflow/example_dags/example_latest_only_with_trigger.py
[2024-09-28T19:59:55.006+0000] {processor.py:925} INFO - DAG(s) 'latest_only_with_trigger' retrieved from /home/airflow/.local/lib/python3.12/site-packages/airflow/example_dags/example_latest_only_with_trigger.py
[2024-09-28T19:59:55.019+0000] {logging_mixin.py:190} INFO - [2024-09-28T19:59:55.018+0000] {dag.py:3239} INFO - Sync 1 DAGs
[2024-09-28T19:59:55.036+0000] {logging_mixin.py:190} INFO - [2024-09-28T19:59:55.036+0000] {dag.py:4180} INFO - Setting next_dagrun for latest_only_with_trigger to 2024-09-28 12:00:00+00:00, run_after=2024-09-28 16:00:00+00:00
[2024-09-28T19:59:55.048+0000] {processor.py:208} INFO - Processing /home/airflow/.local/lib/python3.12/site-packages/airflow/example_dags/example_latest_only_with_trigger.py took 0.056 seconds
[2024-09-28T20:05:08.655+0000] {processor.py:186} INFO - Started process (PID=72) to work on /home/airflow/.local/lib/python3.12/site-packages/airflow/example_dags/example_latest_only_with_trigger.py
[2024-09-28T20:05:08.656+0000] {processor.py:914} INFO - Processing file /home/airflow/.local/lib/python3.12/site-packages/airflow/example_dags/example_latest_only_with_trigger.py for tasks to queue
[2024-09-28T20:05:08.658+0000] {logging_mixin.py:190} INFO - [2024-09-28T20:05:08.658+0000] {dagbag.py:588} INFO - Filling up the DagBag from /home/airflow/.local/lib/python3.12/site-packages/airflow/example_dags/example_latest_only_with_trigger.py
[2024-09-28T20:05:08.663+0000] {processor.py:925} INFO - DAG(s) 'latest_only_with_trigger' retrieved from /home/airflow/.local/lib/python3.12/site-packages/airflow/example_dags/example_latest_only_with_trigger.py
[2024-09-28T20:05:08.676+0000] {logging_mixin.py:190} INFO - [2024-09-28T20:05:08.675+0000] {dag.py:3239} INFO - Sync 1 DAGs
[2024-09-28T20:05:08.693+0000] {logging_mixin.py:190} INFO - [2024-09-28T20:05:08.692+0000] {dag.py:4180} INFO - Setting next_dagrun for latest_only_with_trigger to 2024-09-28 16:00:00+00:00, run_after=2024-09-28 20:00:00+00:00
[2024-09-28T20:05:08.710+0000] {processor.py:208} INFO - Processing /home/airflow/.local/lib/python3.12/site-packages/airflow/example_dags/example_latest_only_with_trigger.py took 0.058 seconds
[2024-09-28T20:05:39.222+0000] {processor.py:186} INFO - Started process (PID=143) to work on /home/airflow/.local/lib/python3.12/site-packages/airflow/example_dags/example_latest_only_with_trigger.py
[2024-09-28T20:05:39.224+0000] {processor.py:914} INFO - Processing file /home/airflow/.local/lib/python3.12/site-packages/airflow/example_dags/example_latest_only_with_trigger.py for tasks to queue
[2024-09-28T20:05:39.226+0000] {logging_mixin.py:190} INFO - [2024-09-28T20:05:39.225+0000] {dagbag.py:588} INFO - Filling up the DagBag from /home/airflow/.local/lib/python3.12/site-packages/airflow/example_dags/example_latest_only_with_trigger.py
[2024-09-28T20:05:39.231+0000] {processor.py:925} INFO - DAG(s) 'latest_only_with_trigger' retrieved from /home/airflow/.local/lib/python3.12/site-packages/airflow/example_dags/example_latest_only_with_trigger.py
[2024-09-28T20:05:39.245+0000] {logging_mixin.py:190} INFO - [2024-09-28T20:05:39.245+0000] {dag.py:3239} INFO - Sync 1 DAGs
[2024-09-28T20:05:39.260+0000] {logging_mixin.py:190} INFO - [2024-09-28T20:05:39.260+0000] {dag.py:4180} INFO - Setting next_dagrun for latest_only_with_trigger to 2024-09-28 16:00:00+00:00, run_after=2024-09-28 20:00:00+00:00
[2024-09-28T20:05:39.274+0000] {processor.py:208} INFO - Processing /home/airflow/.local/lib/python3.12/site-packages/airflow/example_dags/example_latest_only_with_trigger.py took 0.056 seconds
[2024-09-28T20:06:09.719+0000] {processor.py:186} INFO - Started process (PID=208) to work on /home/airflow/.local/lib/python3.12/site-packages/airflow/example_dags/example_latest_only_with_trigger.py
[2024-09-28T20:06:09.720+0000] {processor.py:914} INFO - Processing file /home/airflow/.local/lib/python3.12/site-packages/airflow/example_dags/example_latest_only_with_trigger.py for tasks to queue
[2024-09-28T20:06:09.722+0000] {logging_mixin.py:190} INFO - [2024-09-28T20:06:09.721+0000] {dagbag.py:588} INFO - Filling up the DagBag from /home/airflow/.local/lib/python3.12/site-packages/airflow/example_dags/example_latest_only_with_trigger.py
[2024-09-28T20:06:09.735+0000] {processor.py:925} INFO - DAG(s) 'latest_only_with_trigger' retrieved from /home/airflow/.local/lib/python3.12/site-packages/airflow/example_dags/example_latest_only_with_trigger.py
[2024-09-28T20:06:09.747+0000] {logging_mixin.py:190} INFO - [2024-09-28T20:06:09.747+0000] {dag.py:3239} INFO - Sync 1 DAGs
[2024-09-28T20:06:09.762+0000] {logging_mixin.py:190} INFO - [2024-09-28T20:06:09.762+0000] {dag.py:4180} INFO - Setting next_dagrun for latest_only_with_trigger to 2024-09-28 16:00:00+00:00, run_after=2024-09-28 20:00:00+00:00
[2024-09-28T20:06:09.773+0000] {processor.py:208} INFO - Processing /home/airflow/.local/lib/python3.12/site-packages/airflow/example_dags/example_latest_only_with_trigger.py took 0.057 seconds
[2024-09-28T20:06:40.211+0000] {processor.py:186} INFO - Started process (PID=274) to work on /home/airflow/.local/lib/python3.12/site-packages/airflow/example_dags/example_latest_only_with_trigger.py
[2024-09-28T20:06:40.213+0000] {processor.py:914} INFO - Processing file /home/airflow/.local/lib/python3.12/site-packages/airflow/example_dags/example_latest_only_with_trigger.py for tasks to queue
[2024-09-28T20:06:40.215+0000] {logging_mixin.py:190} INFO - [2024-09-28T20:06:40.214+0000] {dagbag.py:588} INFO - Filling up the DagBag from /home/airflow/.local/lib/python3.12/site-packages/airflow/example_dags/example_latest_only_with_trigger.py
[2024-09-28T20:06:40.222+0000] {processor.py:925} INFO - DAG(s) 'latest_only_with_trigger' retrieved from /home/airflow/.local/lib/python3.12/site-packages/airflow/example_dags/example_latest_only_with_trigger.py
[2024-09-28T20:06:40.239+0000] {logging_mixin.py:190} INFO - [2024-09-28T20:06:40.239+0000] {dag.py:3239} INFO - Sync 1 DAGs
[2024-09-28T20:06:40.255+0000] {logging_mixin.py:190} INFO - [2024-09-28T20:06:40.255+0000] {dag.py:4180} INFO - Setting next_dagrun for latest_only_with_trigger to 2024-09-28 16:00:00+00:00, run_after=2024-09-28 20:00:00+00:00
[2024-09-28T20:06:40.271+0000] {processor.py:208} INFO - Processing /home/airflow/.local/lib/python3.12/site-packages/airflow/example_dags/example_latest_only_with_trigger.py took 0.063 seconds
[2024-09-28T20:07:10.399+0000] {processor.py:186} INFO - Started process (PID=339) to work on /home/airflow/.local/lib/python3.12/site-packages/airflow/example_dags/example_latest_only_with_trigger.py
[2024-09-28T20:07:10.400+0000] {processor.py:914} INFO - Processing file /home/airflow/.local/lib/python3.12/site-packages/airflow/example_dags/example_latest_only_with_trigger.py for tasks to queue
[2024-09-28T20:07:10.401+0000] {logging_mixin.py:190} INFO - [2024-09-28T20:07:10.401+0000] {dagbag.py:588} INFO - Filling up the DagBag from /home/airflow/.local/lib/python3.12/site-packages/airflow/example_dags/example_latest_only_with_trigger.py
[2024-09-28T20:07:10.407+0000] {processor.py:925} INFO - DAG(s) 'latest_only_with_trigger' retrieved from /home/airflow/.local/lib/python3.12/site-packages/airflow/example_dags/example_latest_only_with_trigger.py
[2024-09-28T20:07:10.422+0000] {logging_mixin.py:190} INFO - [2024-09-28T20:07:10.422+0000] {dag.py:3239} INFO - Sync 1 DAGs
[2024-09-28T20:07:10.439+0000] {logging_mixin.py:190} INFO - [2024-09-28T20:07:10.439+0000] {dag.py:4180} INFO - Setting next_dagrun for latest_only_with_trigger to 2024-09-28 16:00:00+00:00, run_after=2024-09-28 20:00:00+00:00
[2024-09-28T20:07:10.450+0000] {processor.py:208} INFO - Processing /home/airflow/.local/lib/python3.12/site-packages/airflow/example_dags/example_latest_only_with_trigger.py took 0.056 seconds
[2024-09-28T20:07:41.379+0000] {processor.py:186} INFO - Started process (PID=405) to work on /home/airflow/.local/lib/python3.12/site-packages/airflow/example_dags/example_latest_only_with_trigger.py
[2024-09-28T20:07:41.380+0000] {processor.py:914} INFO - Processing file /home/airflow/.local/lib/python3.12/site-packages/airflow/example_dags/example_latest_only_with_trigger.py for tasks to queue
[2024-09-28T20:07:41.382+0000] {logging_mixin.py:190} INFO - [2024-09-28T20:07:41.382+0000] {dagbag.py:588} INFO - Filling up the DagBag from /home/airflow/.local/lib/python3.12/site-packages/airflow/example_dags/example_latest_only_with_trigger.py
[2024-09-28T20:07:41.387+0000] {processor.py:925} INFO - DAG(s) 'latest_only_with_trigger' retrieved from /home/airflow/.local/lib/python3.12/site-packages/airflow/example_dags/example_latest_only_with_trigger.py
[2024-09-28T20:07:41.403+0000] {logging_mixin.py:190} INFO - [2024-09-28T20:07:41.403+0000] {dag.py:3239} INFO - Sync 1 DAGs
[2024-09-28T20:07:41.419+0000] {logging_mixin.py:190} INFO - [2024-09-28T20:07:41.419+0000] {dag.py:4180} INFO - Setting next_dagrun for latest_only_with_trigger to 2024-09-28 16:00:00+00:00, run_after=2024-09-28 20:00:00+00:00
[2024-09-28T20:07:41.433+0000] {processor.py:208} INFO - Processing /home/airflow/.local/lib/python3.12/site-packages/airflow/example_dags/example_latest_only_with_trigger.py took 0.058 seconds
[2024-09-28T20:08:11.984+0000] {processor.py:186} INFO - Started process (PID=470) to work on /home/airflow/.local/lib/python3.12/site-packages/airflow/example_dags/example_latest_only_with_trigger.py
[2024-09-28T20:08:11.985+0000] {processor.py:914} INFO - Processing file /home/airflow/.local/lib/python3.12/site-packages/airflow/example_dags/example_latest_only_with_trigger.py for tasks to queue
[2024-09-28T20:08:11.987+0000] {logging_mixin.py:190} INFO - [2024-09-28T20:08:11.987+0000] {dagbag.py:588} INFO - Filling up the DagBag from /home/airflow/.local/lib/python3.12/site-packages/airflow/example_dags/example_latest_only_with_trigger.py
[2024-09-28T20:08:11.992+0000] {processor.py:925} INFO - DAG(s) 'latest_only_with_trigger' retrieved from /home/airflow/.local/lib/python3.12/site-packages/airflow/example_dags/example_latest_only_with_trigger.py
[2024-09-28T20:08:12.009+0000] {logging_mixin.py:190} INFO - [2024-09-28T20:08:12.009+0000] {dag.py:3239} INFO - Sync 1 DAGs
[2024-09-28T20:08:12.026+0000] {logging_mixin.py:190} INFO - [2024-09-28T20:08:12.026+0000] {dag.py:4180} INFO - Setting next_dagrun for latest_only_with_trigger to 2024-09-28 16:00:00+00:00, run_after=2024-09-28 20:00:00+00:00
[2024-09-28T20:08:12.039+0000] {processor.py:208} INFO - Processing /home/airflow/.local/lib/python3.12/site-packages/airflow/example_dags/example_latest_only_with_trigger.py took 0.059 seconds
[2024-09-28T20:08:42.822+0000] {processor.py:186} INFO - Started process (PID=535) to work on /home/airflow/.local/lib/python3.12/site-packages/airflow/example_dags/example_latest_only_with_trigger.py
[2024-09-28T20:08:42.831+0000] {processor.py:914} INFO - Processing file /home/airflow/.local/lib/python3.12/site-packages/airflow/example_dags/example_latest_only_with_trigger.py for tasks to queue
[2024-09-28T20:08:42.835+0000] {logging_mixin.py:190} INFO - [2024-09-28T20:08:42.834+0000] {dagbag.py:588} INFO - Filling up the DagBag from /home/airflow/.local/lib/python3.12/site-packages/airflow/example_dags/example_latest_only_with_trigger.py
[2024-09-28T20:08:42.848+0000] {processor.py:925} INFO - DAG(s) 'latest_only_with_trigger' retrieved from /home/airflow/.local/lib/python3.12/site-packages/airflow/example_dags/example_latest_only_with_trigger.py
[2024-09-28T20:08:42.860+0000] {logging_mixin.py:190} INFO - [2024-09-28T20:08:42.860+0000] {dag.py:3239} INFO - Sync 1 DAGs
[2024-09-28T20:08:42.875+0000] {logging_mixin.py:190} INFO - [2024-09-28T20:08:42.875+0000] {dag.py:4180} INFO - Setting next_dagrun for latest_only_with_trigger to 2024-09-28 16:00:00+00:00, run_after=2024-09-28 20:00:00+00:00
[2024-09-28T20:08:42.890+0000] {processor.py:208} INFO - Processing /home/airflow/.local/lib/python3.12/site-packages/airflow/example_dags/example_latest_only_with_trigger.py took 0.076 seconds
[2024-09-28T20:09:13.568+0000] {processor.py:186} INFO - Started process (PID=600) to work on /home/airflow/.local/lib/python3.12/site-packages/airflow/example_dags/example_latest_only_with_trigger.py
[2024-09-28T20:09:13.569+0000] {processor.py:914} INFO - Processing file /home/airflow/.local/lib/python3.12/site-packages/airflow/example_dags/example_latest_only_with_trigger.py for tasks to queue
[2024-09-28T20:09:13.579+0000] {logging_mixin.py:190} INFO - [2024-09-28T20:09:13.578+0000] {dagbag.py:588} INFO - Filling up the DagBag from /home/airflow/.local/lib/python3.12/site-packages/airflow/example_dags/example_latest_only_with_trigger.py
[2024-09-28T20:09:13.590+0000] {processor.py:925} INFO - DAG(s) 'latest_only_with_trigger' retrieved from /home/airflow/.local/lib/python3.12/site-packages/airflow/example_dags/example_latest_only_with_trigger.py
[2024-09-28T20:09:13.607+0000] {logging_mixin.py:190} INFO - [2024-09-28T20:09:13.607+0000] {dag.py:3239} INFO - Sync 1 DAGs
[2024-09-28T20:09:13.623+0000] {logging_mixin.py:190} INFO - [2024-09-28T20:09:13.623+0000] {dag.py:4180} INFO - Setting next_dagrun for latest_only_with_trigger to 2024-09-28 16:00:00+00:00, run_after=2024-09-28 20:00:00+00:00
[2024-09-28T20:09:13.643+0000] {processor.py:208} INFO - Processing /home/airflow/.local/lib/python3.12/site-packages/airflow/example_dags/example_latest_only_with_trigger.py took 0.079 seconds
[2024-09-28T20:09:43.916+0000] {processor.py:186} INFO - Started process (PID=665) to work on /home/airflow/.local/lib/python3.12/site-packages/airflow/example_dags/example_latest_only_with_trigger.py
[2024-09-28T20:09:43.917+0000] {processor.py:914} INFO - Processing file /home/airflow/.local/lib/python3.12/site-packages/airflow/example_dags/example_latest_only_with_trigger.py for tasks to queue
[2024-09-28T20:09:43.919+0000] {logging_mixin.py:190} INFO - [2024-09-28T20:09:43.919+0000] {dagbag.py:588} INFO - Filling up the DagBag from /home/airflow/.local/lib/python3.12/site-packages/airflow/example_dags/example_latest_only_with_trigger.py
[2024-09-28T20:09:43.924+0000] {processor.py:925} INFO - DAG(s) 'latest_only_with_trigger' retrieved from /home/airflow/.local/lib/python3.12/site-packages/airflow/example_dags/example_latest_only_with_trigger.py
[2024-09-28T20:09:43.936+0000] {logging_mixin.py:190} INFO - [2024-09-28T20:09:43.936+0000] {dag.py:3239} INFO - Sync 1 DAGs
[2024-09-28T20:09:43.950+0000] {logging_mixin.py:190} INFO - [2024-09-28T20:09:43.950+0000] {dag.py:4180} INFO - Setting next_dagrun for latest_only_with_trigger to 2024-09-28 16:00:00+00:00, run_after=2024-09-28 20:00:00+00:00
[2024-09-28T20:09:43.963+0000] {processor.py:208} INFO - Processing /home/airflow/.local/lib/python3.12/site-packages/airflow/example_dags/example_latest_only_with_trigger.py took 0.050 seconds
[2024-09-28T20:10:14.238+0000] {processor.py:186} INFO - Started process (PID=731) to work on /home/airflow/.local/lib/python3.12/site-packages/airflow/example_dags/example_latest_only_with_trigger.py
[2024-09-28T20:10:14.239+0000] {processor.py:914} INFO - Processing file /home/airflow/.local/lib/python3.12/site-packages/airflow/example_dags/example_latest_only_with_trigger.py for tasks to queue
[2024-09-28T20:10:14.241+0000] {logging_mixin.py:190} INFO - [2024-09-28T20:10:14.241+0000] {dagbag.py:588} INFO - Filling up the DagBag from /home/airflow/.local/lib/python3.12/site-packages/airflow/example_dags/example_latest_only_with_trigger.py
[2024-09-28T20:10:14.245+0000] {processor.py:925} INFO - DAG(s) 'latest_only_with_trigger' retrieved from /home/airflow/.local/lib/python3.12/site-packages/airflow/example_dags/example_latest_only_with_trigger.py
[2024-09-28T20:10:14.257+0000] {logging_mixin.py:190} INFO - [2024-09-28T20:10:14.257+0000] {dag.py:3239} INFO - Sync 1 DAGs
[2024-09-28T20:10:14.271+0000] {logging_mixin.py:190} INFO - [2024-09-28T20:10:14.271+0000] {dag.py:4180} INFO - Setting next_dagrun for latest_only_with_trigger to 2024-09-28 16:00:00+00:00, run_after=2024-09-28 20:00:00+00:00
[2024-09-28T20:10:14.284+0000] {processor.py:208} INFO - Processing /home/airflow/.local/lib/python3.12/site-packages/airflow/example_dags/example_latest_only_with_trigger.py took 0.049 seconds
[2024-09-28T20:10:44.588+0000] {processor.py:186} INFO - Started process (PID=797) to work on /home/airflow/.local/lib/python3.12/site-packages/airflow/example_dags/example_latest_only_with_trigger.py
[2024-09-28T20:10:44.588+0000] {processor.py:914} INFO - Processing file /home/airflow/.local/lib/python3.12/site-packages/airflow/example_dags/example_latest_only_with_trigger.py for tasks to queue
[2024-09-28T20:10:44.590+0000] {logging_mixin.py:190} INFO - [2024-09-28T20:10:44.590+0000] {dagbag.py:588} INFO - Filling up the DagBag from /home/airflow/.local/lib/python3.12/site-packages/airflow/example_dags/example_latest_only_with_trigger.py
[2024-09-28T20:10:44.595+0000] {processor.py:925} INFO - DAG(s) 'latest_only_with_trigger' retrieved from /home/airflow/.local/lib/python3.12/site-packages/airflow/example_dags/example_latest_only_with_trigger.py
[2024-09-28T20:10:44.607+0000] {logging_mixin.py:190} INFO - [2024-09-28T20:10:44.607+0000] {dag.py:3239} INFO - Sync 1 DAGs
[2024-09-28T20:10:44.621+0000] {logging_mixin.py:190} INFO - [2024-09-28T20:10:44.621+0000] {dag.py:4180} INFO - Setting next_dagrun for latest_only_with_trigger to 2024-09-28 16:00:00+00:00, run_after=2024-09-28 20:00:00+00:00
[2024-09-28T20:10:44.634+0000] {processor.py:208} INFO - Processing /home/airflow/.local/lib/python3.12/site-packages/airflow/example_dags/example_latest_only_with_trigger.py took 0.050 seconds
[2024-09-28T20:11:14.842+0000] {processor.py:186} INFO - Started process (PID=867) to work on /home/airflow/.local/lib/python3.12/site-packages/airflow/example_dags/example_latest_only_with_trigger.py
[2024-09-28T20:11:14.843+0000] {processor.py:914} INFO - Processing file /home/airflow/.local/lib/python3.12/site-packages/airflow/example_dags/example_latest_only_with_trigger.py for tasks to queue
[2024-09-28T20:11:14.845+0000] {logging_mixin.py:190} INFO - [2024-09-28T20:11:14.844+0000] {dagbag.py:588} INFO - Filling up the DagBag from /home/airflow/.local/lib/python3.12/site-packages/airflow/example_dags/example_latest_only_with_trigger.py
[2024-09-28T20:11:14.850+0000] {processor.py:925} INFO - DAG(s) 'latest_only_with_trigger' retrieved from /home/airflow/.local/lib/python3.12/site-packages/airflow/example_dags/example_latest_only_with_trigger.py
[2024-09-28T20:11:14.864+0000] {logging_mixin.py:190} INFO - [2024-09-28T20:11:14.863+0000] {dag.py:3239} INFO - Sync 1 DAGs
[2024-09-28T20:11:14.879+0000] {logging_mixin.py:190} INFO - [2024-09-28T20:11:14.879+0000] {dag.py:4180} INFO - Setting next_dagrun for latest_only_with_trigger to 2024-09-28 16:00:00+00:00, run_after=2024-09-28 20:00:00+00:00
[2024-09-28T20:11:14.893+0000] {processor.py:208} INFO - Processing /home/airflow/.local/lib/python3.12/site-packages/airflow/example_dags/example_latest_only_with_trigger.py took 0.055 seconds
[2024-09-28T20:11:45.189+0000] {processor.py:186} INFO - Started process (PID=933) to work on /home/airflow/.local/lib/python3.12/site-packages/airflow/example_dags/example_latest_only_with_trigger.py
[2024-09-28T20:11:45.190+0000] {processor.py:914} INFO - Processing file /home/airflow/.local/lib/python3.12/site-packages/airflow/example_dags/example_latest_only_with_trigger.py for tasks to queue
[2024-09-28T20:11:45.193+0000] {logging_mixin.py:190} INFO - [2024-09-28T20:11:45.192+0000] {dagbag.py:588} INFO - Filling up the DagBag from /home/airflow/.local/lib/python3.12/site-packages/airflow/example_dags/example_latest_only_with_trigger.py
[2024-09-28T20:11:45.198+0000] {processor.py:925} INFO - DAG(s) 'latest_only_with_trigger' retrieved from /home/airflow/.local/lib/python3.12/site-packages/airflow/example_dags/example_latest_only_with_trigger.py
[2024-09-28T20:11:45.211+0000] {logging_mixin.py:190} INFO - [2024-09-28T20:11:45.211+0000] {dag.py:3239} INFO - Sync 1 DAGs
[2024-09-28T20:11:45.226+0000] {logging_mixin.py:190} INFO - [2024-09-28T20:11:45.226+0000] {dag.py:4180} INFO - Setting next_dagrun for latest_only_with_trigger to 2024-09-28 16:00:00+00:00, run_after=2024-09-28 20:00:00+00:00
[2024-09-28T20:11:45.238+0000] {processor.py:208} INFO - Processing /home/airflow/.local/lib/python3.12/site-packages/airflow/example_dags/example_latest_only_with_trigger.py took 0.052 seconds
[2024-09-28T20:12:15.436+0000] {processor.py:186} INFO - Started process (PID=999) to work on /home/airflow/.local/lib/python3.12/site-packages/airflow/example_dags/example_latest_only_with_trigger.py
[2024-09-28T20:12:15.437+0000] {processor.py:914} INFO - Processing file /home/airflow/.local/lib/python3.12/site-packages/airflow/example_dags/example_latest_only_with_trigger.py for tasks to queue
[2024-09-28T20:12:15.439+0000] {logging_mixin.py:190} INFO - [2024-09-28T20:12:15.439+0000] {dagbag.py:588} INFO - Filling up the DagBag from /home/airflow/.local/lib/python3.12/site-packages/airflow/example_dags/example_latest_only_with_trigger.py
[2024-09-28T20:12:15.444+0000] {processor.py:925} INFO - DAG(s) 'latest_only_with_trigger' retrieved from /home/airflow/.local/lib/python3.12/site-packages/airflow/example_dags/example_latest_only_with_trigger.py
[2024-09-28T20:12:15.459+0000] {logging_mixin.py:190} INFO - [2024-09-28T20:12:15.459+0000] {dag.py:3239} INFO - Sync 1 DAGs
[2024-09-28T20:12:15.474+0000] {logging_mixin.py:190} INFO - [2024-09-28T20:12:15.474+0000] {dag.py:4180} INFO - Setting next_dagrun for latest_only_with_trigger to 2024-09-28 16:00:00+00:00, run_after=2024-09-28 20:00:00+00:00
[2024-09-28T20:12:15.485+0000] {processor.py:208} INFO - Processing /home/airflow/.local/lib/python3.12/site-packages/airflow/example_dags/example_latest_only_with_trigger.py took 0.053 seconds
[2024-09-28T20:12:45.725+0000] {processor.py:186} INFO - Started process (PID=1065) to work on /home/airflow/.local/lib/python3.12/site-packages/airflow/example_dags/example_latest_only_with_trigger.py
[2024-09-28T20:12:45.727+0000] {processor.py:914} INFO - Processing file /home/airflow/.local/lib/python3.12/site-packages/airflow/example_dags/example_latest_only_with_trigger.py for tasks to queue
[2024-09-28T20:12:45.729+0000] {logging_mixin.py:190} INFO - [2024-09-28T20:12:45.728+0000] {dagbag.py:588} INFO - Filling up the DagBag from /home/airflow/.local/lib/python3.12/site-packages/airflow/example_dags/example_latest_only_with_trigger.py
[2024-09-28T20:12:45.736+0000] {processor.py:925} INFO - DAG(s) 'latest_only_with_trigger' retrieved from /home/airflow/.local/lib/python3.12/site-packages/airflow/example_dags/example_latest_only_with_trigger.py
[2024-09-28T20:12:45.755+0000] {logging_mixin.py:190} INFO - [2024-09-28T20:12:45.754+0000] {dag.py:3239} INFO - Sync 1 DAGs
[2024-09-28T20:12:45.772+0000] {logging_mixin.py:190} INFO - [2024-09-28T20:12:45.772+0000] {dag.py:4180} INFO - Setting next_dagrun for latest_only_with_trigger to 2024-09-28 16:00:00+00:00, run_after=2024-09-28 20:00:00+00:00
[2024-09-28T20:12:45.786+0000] {processor.py:208} INFO - Processing /home/airflow/.local/lib/python3.12/site-packages/airflow/example_dags/example_latest_only_with_trigger.py took 0.066 seconds
[2024-09-28T20:13:15.878+0000] {processor.py:186} INFO - Started process (PID=1131) to work on /home/airflow/.local/lib/python3.12/site-packages/airflow/example_dags/example_latest_only_with_trigger.py
[2024-09-28T20:13:15.879+0000] {processor.py:914} INFO - Processing file /home/airflow/.local/lib/python3.12/site-packages/airflow/example_dags/example_latest_only_with_trigger.py for tasks to queue
[2024-09-28T20:13:15.881+0000] {logging_mixin.py:190} INFO - [2024-09-28T20:13:15.881+0000] {dagbag.py:588} INFO - Filling up the DagBag from /home/airflow/.local/lib/python3.12/site-packages/airflow/example_dags/example_latest_only_with_trigger.py
[2024-09-28T20:13:15.886+0000] {processor.py:925} INFO - DAG(s) 'latest_only_with_trigger' retrieved from /home/airflow/.local/lib/python3.12/site-packages/airflow/example_dags/example_latest_only_with_trigger.py
[2024-09-28T20:13:15.901+0000] {logging_mixin.py:190} INFO - [2024-09-28T20:13:15.901+0000] {dag.py:3239} INFO - Sync 1 DAGs
[2024-09-28T20:13:15.918+0000] {logging_mixin.py:190} INFO - [2024-09-28T20:13:15.917+0000] {dag.py:4180} INFO - Setting next_dagrun for latest_only_with_trigger to 2024-09-28 16:00:00+00:00, run_after=2024-09-28 20:00:00+00:00
[2024-09-28T20:13:15.929+0000] {processor.py:208} INFO - Processing /home/airflow/.local/lib/python3.12/site-packages/airflow/example_dags/example_latest_only_with_trigger.py took 0.055 seconds
[2024-09-28T20:13:46.126+0000] {processor.py:186} INFO - Started process (PID=1196) to work on /home/airflow/.local/lib/python3.12/site-packages/airflow/example_dags/example_latest_only_with_trigger.py
[2024-09-28T20:13:46.127+0000] {processor.py:914} INFO - Processing file /home/airflow/.local/lib/python3.12/site-packages/airflow/example_dags/example_latest_only_with_trigger.py for tasks to queue
[2024-09-28T20:13:46.129+0000] {logging_mixin.py:190} INFO - [2024-09-28T20:13:46.128+0000] {dagbag.py:588} INFO - Filling up the DagBag from /home/airflow/.local/lib/python3.12/site-packages/airflow/example_dags/example_latest_only_with_trigger.py
[2024-09-28T20:13:46.133+0000] {processor.py:925} INFO - DAG(s) 'latest_only_with_trigger' retrieved from /home/airflow/.local/lib/python3.12/site-packages/airflow/example_dags/example_latest_only_with_trigger.py
[2024-09-28T20:13:46.147+0000] {logging_mixin.py:190} INFO - [2024-09-28T20:13:46.147+0000] {dag.py:3239} INFO - Sync 1 DAGs
[2024-09-28T20:13:46.162+0000] {logging_mixin.py:190} INFO - [2024-09-28T20:13:46.161+0000] {dag.py:4180} INFO - Setting next_dagrun for latest_only_with_trigger to 2024-09-28 16:00:00+00:00, run_after=2024-09-28 20:00:00+00:00
[2024-09-28T20:13:46.174+0000] {processor.py:208} INFO - Processing /home/airflow/.local/lib/python3.12/site-packages/airflow/example_dags/example_latest_only_with_trigger.py took 0.051 seconds
[2024-09-28T20:14:16.486+0000] {processor.py:186} INFO - Started process (PID=1262) to work on /home/airflow/.local/lib/python3.12/site-packages/airflow/example_dags/example_latest_only_with_trigger.py
[2024-09-28T20:14:16.487+0000] {processor.py:914} INFO - Processing file /home/airflow/.local/lib/python3.12/site-packages/airflow/example_dags/example_latest_only_with_trigger.py for tasks to queue
[2024-09-28T20:14:16.489+0000] {logging_mixin.py:190} INFO - [2024-09-28T20:14:16.488+0000] {dagbag.py:588} INFO - Filling up the DagBag from /home/airflow/.local/lib/python3.12/site-packages/airflow/example_dags/example_latest_only_with_trigger.py
[2024-09-28T20:14:16.493+0000] {processor.py:925} INFO - DAG(s) 'latest_only_with_trigger' retrieved from /home/airflow/.local/lib/python3.12/site-packages/airflow/example_dags/example_latest_only_with_trigger.py
[2024-09-28T20:14:16.506+0000] {logging_mixin.py:190} INFO - [2024-09-28T20:14:16.506+0000] {dag.py:3239} INFO - Sync 1 DAGs
[2024-09-28T20:14:16.521+0000] {logging_mixin.py:190} INFO - [2024-09-28T20:14:16.521+0000] {dag.py:4180} INFO - Setting next_dagrun for latest_only_with_trigger to 2024-09-28 16:00:00+00:00, run_after=2024-09-28 20:00:00+00:00
[2024-09-28T20:14:16.532+0000] {processor.py:208} INFO - Processing /home/airflow/.local/lib/python3.12/site-packages/airflow/example_dags/example_latest_only_with_trigger.py took 0.050 seconds
[2024-09-28T20:14:46.819+0000] {processor.py:186} INFO - Started process (PID=1328) to work on /home/airflow/.local/lib/python3.12/site-packages/airflow/example_dags/example_latest_only_with_trigger.py
[2024-09-28T20:14:46.820+0000] {processor.py:914} INFO - Processing file /home/airflow/.local/lib/python3.12/site-packages/airflow/example_dags/example_latest_only_with_trigger.py for tasks to queue
[2024-09-28T20:14:46.822+0000] {logging_mixin.py:190} INFO - [2024-09-28T20:14:46.821+0000] {dagbag.py:588} INFO - Filling up the DagBag from /home/airflow/.local/lib/python3.12/site-packages/airflow/example_dags/example_latest_only_with_trigger.py
[2024-09-28T20:14:46.827+0000] {processor.py:925} INFO - DAG(s) 'latest_only_with_trigger' retrieved from /home/airflow/.local/lib/python3.12/site-packages/airflow/example_dags/example_latest_only_with_trigger.py
[2024-09-28T20:14:46.841+0000] {logging_mixin.py:190} INFO - [2024-09-28T20:14:46.841+0000] {dag.py:3239} INFO - Sync 1 DAGs
[2024-09-28T20:14:46.858+0000] {logging_mixin.py:190} INFO - [2024-09-28T20:14:46.858+0000] {dag.py:4180} INFO - Setting next_dagrun for latest_only_with_trigger to 2024-09-28 16:00:00+00:00, run_after=2024-09-28 20:00:00+00:00
[2024-09-28T20:14:46.869+0000] {processor.py:208} INFO - Processing /home/airflow/.local/lib/python3.12/site-packages/airflow/example_dags/example_latest_only_with_trigger.py took 0.054 seconds
[2024-09-28T20:15:17.171+0000] {processor.py:186} INFO - Started process (PID=1394) to work on /home/airflow/.local/lib/python3.12/site-packages/airflow/example_dags/example_latest_only_with_trigger.py
[2024-09-28T20:15:17.172+0000] {processor.py:914} INFO - Processing file /home/airflow/.local/lib/python3.12/site-packages/airflow/example_dags/example_latest_only_with_trigger.py for tasks to queue
[2024-09-28T20:15:17.173+0000] {logging_mixin.py:190} INFO - [2024-09-28T20:15:17.173+0000] {dagbag.py:588} INFO - Filling up the DagBag from /home/airflow/.local/lib/python3.12/site-packages/airflow/example_dags/example_latest_only_with_trigger.py
[2024-09-28T20:15:17.179+0000] {processor.py:925} INFO - DAG(s) 'latest_only_with_trigger' retrieved from /home/airflow/.local/lib/python3.12/site-packages/airflow/example_dags/example_latest_only_with_trigger.py
[2024-09-28T20:15:17.193+0000] {logging_mixin.py:190} INFO - [2024-09-28T20:15:17.193+0000] {dag.py:3239} INFO - Sync 1 DAGs
[2024-09-28T20:15:17.209+0000] {logging_mixin.py:190} INFO - [2024-09-28T20:15:17.209+0000] {dag.py:4180} INFO - Setting next_dagrun for latest_only_with_trigger to 2024-09-28 16:00:00+00:00, run_after=2024-09-28 20:00:00+00:00
[2024-09-28T20:15:17.227+0000] {processor.py:208} INFO - Processing /home/airflow/.local/lib/python3.12/site-packages/airflow/example_dags/example_latest_only_with_trigger.py took 0.060 seconds
[2024-09-28T20:16:29.415+0000] {processor.py:186} INFO - Started process (PID=99) to work on /home/airflow/.local/lib/python3.12/site-packages/airflow/example_dags/example_latest_only_with_trigger.py
[2024-09-28T20:16:29.416+0000] {processor.py:914} INFO - Processing file /home/airflow/.local/lib/python3.12/site-packages/airflow/example_dags/example_latest_only_with_trigger.py for tasks to queue
[2024-09-28T20:16:29.419+0000] {logging_mixin.py:190} INFO - [2024-09-28T20:16:29.418+0000] {dagbag.py:588} INFO - Filling up the DagBag from /home/airflow/.local/lib/python3.12/site-packages/airflow/example_dags/example_latest_only_with_trigger.py
[2024-09-28T20:16:29.423+0000] {processor.py:925} INFO - DAG(s) 'latest_only_with_trigger' retrieved from /home/airflow/.local/lib/python3.12/site-packages/airflow/example_dags/example_latest_only_with_trigger.py
[2024-09-28T20:16:29.438+0000] {logging_mixin.py:190} INFO - [2024-09-28T20:16:29.437+0000] {dag.py:3239} INFO - Sync 1 DAGs
[2024-09-28T20:16:29.452+0000] {logging_mixin.py:190} INFO - [2024-09-28T20:16:29.452+0000] {dag.py:4180} INFO - Setting next_dagrun for latest_only_with_trigger to 2024-09-28 16:00:00+00:00, run_after=2024-09-28 20:00:00+00:00
[2024-09-28T20:16:29.465+0000] {processor.py:208} INFO - Processing /home/airflow/.local/lib/python3.12/site-packages/airflow/example_dags/example_latest_only_with_trigger.py took 0.053 seconds
[2024-09-28T20:17:00.080+0000] {processor.py:186} INFO - Started process (PID=167) to work on /home/airflow/.local/lib/python3.12/site-packages/airflow/example_dags/example_latest_only_with_trigger.py
[2024-09-28T20:17:00.081+0000] {processor.py:914} INFO - Processing file /home/airflow/.local/lib/python3.12/site-packages/airflow/example_dags/example_latest_only_with_trigger.py for tasks to queue
[2024-09-28T20:17:00.083+0000] {logging_mixin.py:190} INFO - [2024-09-28T20:17:00.082+0000] {dagbag.py:588} INFO - Filling up the DagBag from /home/airflow/.local/lib/python3.12/site-packages/airflow/example_dags/example_latest_only_with_trigger.py
[2024-09-28T20:17:00.087+0000] {processor.py:925} INFO - DAG(s) 'latest_only_with_trigger' retrieved from /home/airflow/.local/lib/python3.12/site-packages/airflow/example_dags/example_latest_only_with_trigger.py
[2024-09-28T20:17:00.101+0000] {logging_mixin.py:190} INFO - [2024-09-28T20:17:00.101+0000] {dag.py:3239} INFO - Sync 1 DAGs
[2024-09-28T20:17:00.117+0000] {logging_mixin.py:190} INFO - [2024-09-28T20:17:00.117+0000] {dag.py:4180} INFO - Setting next_dagrun for latest_only_with_trigger to 2024-09-28 16:00:00+00:00, run_after=2024-09-28 20:00:00+00:00
[2024-09-28T20:17:00.130+0000] {processor.py:208} INFO - Processing /home/airflow/.local/lib/python3.12/site-packages/airflow/example_dags/example_latest_only_with_trigger.py took 0.054 seconds
[2024-09-28T20:17:30.428+0000] {processor.py:186} INFO - Started process (PID=235) to work on /home/airflow/.local/lib/python3.12/site-packages/airflow/example_dags/example_latest_only_with_trigger.py
[2024-09-28T20:17:30.429+0000] {processor.py:914} INFO - Processing file /home/airflow/.local/lib/python3.12/site-packages/airflow/example_dags/example_latest_only_with_trigger.py for tasks to queue
[2024-09-28T20:17:30.431+0000] {logging_mixin.py:190} INFO - [2024-09-28T20:17:30.431+0000] {dagbag.py:588} INFO - Filling up the DagBag from /home/airflow/.local/lib/python3.12/site-packages/airflow/example_dags/example_latest_only_with_trigger.py
[2024-09-28T20:17:30.436+0000] {processor.py:925} INFO - DAG(s) 'latest_only_with_trigger' retrieved from /home/airflow/.local/lib/python3.12/site-packages/airflow/example_dags/example_latest_only_with_trigger.py
[2024-09-28T20:17:30.449+0000] {logging_mixin.py:190} INFO - [2024-09-28T20:17:30.449+0000] {dag.py:3239} INFO - Sync 1 DAGs
[2024-09-28T20:17:30.465+0000] {logging_mixin.py:190} INFO - [2024-09-28T20:17:30.465+0000] {dag.py:4180} INFO - Setting next_dagrun for latest_only_with_trigger to 2024-09-28 16:00:00+00:00, run_after=2024-09-28 20:00:00+00:00
[2024-09-28T20:17:30.479+0000] {processor.py:208} INFO - Processing /home/airflow/.local/lib/python3.12/site-packages/airflow/example_dags/example_latest_only_with_trigger.py took 0.055 seconds
[2024-09-28T20:18:00.692+0000] {processor.py:186} INFO - Started process (PID=303) to work on /home/airflow/.local/lib/python3.12/site-packages/airflow/example_dags/example_latest_only_with_trigger.py
[2024-09-28T20:18:00.694+0000] {processor.py:914} INFO - Processing file /home/airflow/.local/lib/python3.12/site-packages/airflow/example_dags/example_latest_only_with_trigger.py for tasks to queue
[2024-09-28T20:18:00.698+0000] {logging_mixin.py:190} INFO - [2024-09-28T20:18:00.697+0000] {dagbag.py:588} INFO - Filling up the DagBag from /home/airflow/.local/lib/python3.12/site-packages/airflow/example_dags/example_latest_only_with_trigger.py
[2024-09-28T20:18:00.707+0000] {processor.py:925} INFO - DAG(s) 'latest_only_with_trigger' retrieved from /home/airflow/.local/lib/python3.12/site-packages/airflow/example_dags/example_latest_only_with_trigger.py
[2024-09-28T20:18:00.724+0000] {logging_mixin.py:190} INFO - [2024-09-28T20:18:00.724+0000] {dag.py:3239} INFO - Sync 1 DAGs
[2024-09-28T20:18:00.741+0000] {logging_mixin.py:190} INFO - [2024-09-28T20:18:00.741+0000] {dag.py:4180} INFO - Setting next_dagrun for latest_only_with_trigger to 2024-09-28 16:00:00+00:00, run_after=2024-09-28 20:00:00+00:00
[2024-09-28T20:18:00.755+0000] {processor.py:208} INFO - Processing /home/airflow/.local/lib/python3.12/site-packages/airflow/example_dags/example_latest_only_with_trigger.py took 0.068 seconds
[2024-09-28T20:18:31.117+0000] {processor.py:186} INFO - Started process (PID=369) to work on /home/airflow/.local/lib/python3.12/site-packages/airflow/example_dags/example_latest_only_with_trigger.py
[2024-09-28T20:18:31.118+0000] {processor.py:914} INFO - Processing file /home/airflow/.local/lib/python3.12/site-packages/airflow/example_dags/example_latest_only_with_trigger.py for tasks to queue
[2024-09-28T20:18:31.119+0000] {logging_mixin.py:190} INFO - [2024-09-28T20:18:31.119+0000] {dagbag.py:588} INFO - Filling up the DagBag from /home/airflow/.local/lib/python3.12/site-packages/airflow/example_dags/example_latest_only_with_trigger.py
[2024-09-28T20:18:31.124+0000] {processor.py:925} INFO - DAG(s) 'latest_only_with_trigger' retrieved from /home/airflow/.local/lib/python3.12/site-packages/airflow/example_dags/example_latest_only_with_trigger.py
[2024-09-28T20:18:31.137+0000] {logging_mixin.py:190} INFO - [2024-09-28T20:18:31.137+0000] {dag.py:3239} INFO - Sync 1 DAGs
[2024-09-28T20:18:31.152+0000] {logging_mixin.py:190} INFO - [2024-09-28T20:18:31.152+0000] {dag.py:4180} INFO - Setting next_dagrun for latest_only_with_trigger to 2024-09-28 16:00:00+00:00, run_after=2024-09-28 20:00:00+00:00
[2024-09-28T20:18:31.164+0000] {processor.py:208} INFO - Processing /home/airflow/.local/lib/python3.12/site-packages/airflow/example_dags/example_latest_only_with_trigger.py took 0.050 seconds
[2024-09-28T20:19:01.355+0000] {processor.py:186} INFO - Started process (PID=435) to work on /home/airflow/.local/lib/python3.12/site-packages/airflow/example_dags/example_latest_only_with_trigger.py
[2024-09-28T20:19:01.356+0000] {processor.py:914} INFO - Processing file /home/airflow/.local/lib/python3.12/site-packages/airflow/example_dags/example_latest_only_with_trigger.py for tasks to queue
[2024-09-28T20:19:01.357+0000] {logging_mixin.py:190} INFO - [2024-09-28T20:19:01.356+0000] {dagbag.py:588} INFO - Filling up the DagBag from /home/airflow/.local/lib/python3.12/site-packages/airflow/example_dags/example_latest_only_with_trigger.py
[2024-09-28T20:19:01.362+0000] {processor.py:925} INFO - DAG(s) 'latest_only_with_trigger' retrieved from /home/airflow/.local/lib/python3.12/site-packages/airflow/example_dags/example_latest_only_with_trigger.py
[2024-09-28T20:19:01.375+0000] {logging_mixin.py:190} INFO - [2024-09-28T20:19:01.375+0000] {dag.py:3239} INFO - Sync 1 DAGs
[2024-09-28T20:19:01.389+0000] {logging_mixin.py:190} INFO - [2024-09-28T20:19:01.389+0000] {dag.py:4180} INFO - Setting next_dagrun for latest_only_with_trigger to 2024-09-28 16:00:00+00:00, run_after=2024-09-28 20:00:00+00:00
[2024-09-28T20:19:01.401+0000] {processor.py:208} INFO - Processing /home/airflow/.local/lib/python3.12/site-packages/airflow/example_dags/example_latest_only_with_trigger.py took 0.050 seconds
[2024-09-28T20:19:31.746+0000] {processor.py:186} INFO - Started process (PID=507) to work on /home/airflow/.local/lib/python3.12/site-packages/airflow/example_dags/example_latest_only_with_trigger.py
[2024-09-28T20:19:31.747+0000] {processor.py:914} INFO - Processing file /home/airflow/.local/lib/python3.12/site-packages/airflow/example_dags/example_latest_only_with_trigger.py for tasks to queue
[2024-09-28T20:19:31.748+0000] {logging_mixin.py:190} INFO - [2024-09-28T20:19:31.747+0000] {dagbag.py:588} INFO - Filling up the DagBag from /home/airflow/.local/lib/python3.12/site-packages/airflow/example_dags/example_latest_only_with_trigger.py
[2024-09-28T20:19:31.753+0000] {processor.py:925} INFO - DAG(s) 'latest_only_with_trigger' retrieved from /home/airflow/.local/lib/python3.12/site-packages/airflow/example_dags/example_latest_only_with_trigger.py
[2024-09-28T20:19:31.766+0000] {logging_mixin.py:190} INFO - [2024-09-28T20:19:31.765+0000] {dag.py:3239} INFO - Sync 1 DAGs
[2024-09-28T20:19:31.780+0000] {logging_mixin.py:190} INFO - [2024-09-28T20:19:31.780+0000] {dag.py:4180} INFO - Setting next_dagrun for latest_only_with_trigger to 2024-09-28 16:00:00+00:00, run_after=2024-09-28 20:00:00+00:00
[2024-09-28T20:19:31.793+0000] {processor.py:208} INFO - Processing /home/airflow/.local/lib/python3.12/site-packages/airflow/example_dags/example_latest_only_with_trigger.py took 0.050 seconds
[2024-09-28T20:20:02.034+0000] {processor.py:186} INFO - Started process (PID=574) to work on /home/airflow/.local/lib/python3.12/site-packages/airflow/example_dags/example_latest_only_with_trigger.py
[2024-09-28T20:20:02.035+0000] {processor.py:914} INFO - Processing file /home/airflow/.local/lib/python3.12/site-packages/airflow/example_dags/example_latest_only_with_trigger.py for tasks to queue
[2024-09-28T20:20:02.035+0000] {logging_mixin.py:190} INFO - [2024-09-28T20:20:02.035+0000] {dagbag.py:588} INFO - Filling up the DagBag from /home/airflow/.local/lib/python3.12/site-packages/airflow/example_dags/example_latest_only_with_trigger.py
[2024-09-28T20:20:02.041+0000] {processor.py:925} INFO - DAG(s) 'latest_only_with_trigger' retrieved from /home/airflow/.local/lib/python3.12/site-packages/airflow/example_dags/example_latest_only_with_trigger.py
[2024-09-28T20:20:02.056+0000] {logging_mixin.py:190} INFO - [2024-09-28T20:20:02.055+0000] {dag.py:3239} INFO - Sync 1 DAGs
[2024-09-28T20:20:02.072+0000] {logging_mixin.py:190} INFO - [2024-09-28T20:20:02.072+0000] {dag.py:4180} INFO - Setting next_dagrun for latest_only_with_trigger to 2024-09-28 16:00:00+00:00, run_after=2024-09-28 20:00:00+00:00
[2024-09-28T20:20:02.088+0000] {processor.py:208} INFO - Processing /home/airflow/.local/lib/python3.12/site-packages/airflow/example_dags/example_latest_only_with_trigger.py took 0.058 seconds
[2024-09-28T20:20:32.471+0000] {processor.py:186} INFO - Started process (PID=640) to work on /home/airflow/.local/lib/python3.12/site-packages/airflow/example_dags/example_latest_only_with_trigger.py
[2024-09-28T20:20:32.471+0000] {processor.py:914} INFO - Processing file /home/airflow/.local/lib/python3.12/site-packages/airflow/example_dags/example_latest_only_with_trigger.py for tasks to queue
[2024-09-28T20:20:32.472+0000] {logging_mixin.py:190} INFO - [2024-09-28T20:20:32.472+0000] {dagbag.py:588} INFO - Filling up the DagBag from /home/airflow/.local/lib/python3.12/site-packages/airflow/example_dags/example_latest_only_with_trigger.py
[2024-09-28T20:20:32.478+0000] {processor.py:925} INFO - DAG(s) 'latest_only_with_trigger' retrieved from /home/airflow/.local/lib/python3.12/site-packages/airflow/example_dags/example_latest_only_with_trigger.py
[2024-09-28T20:20:32.492+0000] {logging_mixin.py:190} INFO - [2024-09-28T20:20:32.492+0000] {dag.py:3239} INFO - Sync 1 DAGs
[2024-09-28T20:20:32.507+0000] {logging_mixin.py:190} INFO - [2024-09-28T20:20:32.507+0000] {dag.py:4180} INFO - Setting next_dagrun for latest_only_with_trigger to 2024-09-28 16:00:00+00:00, run_after=2024-09-28 20:00:00+00:00
[2024-09-28T20:20:32.520+0000] {processor.py:208} INFO - Processing /home/airflow/.local/lib/python3.12/site-packages/airflow/example_dags/example_latest_only_with_trigger.py took 0.053 seconds
