[2024-09-28T19:52:52.625+0000] {processor.py:186} INFO - Started process (PID=114) to work on /home/airflow/.local/lib/python3.12/site-packages/airflow/example_dags/example_branch_python_dop_operator_3.py
[2024-09-28T19:52:52.626+0000] {processor.py:914} INFO - Processing file /home/airflow/.local/lib/python3.12/site-packages/airflow/example_dags/example_branch_python_dop_operator_3.py for tasks to queue
[2024-09-28T19:52:52.627+0000] {logging_mixin.py:190} INFO - [2024-09-28T19:52:52.627+0000] {dagbag.py:588} INFO - Filling up the DagBag from /home/airflow/.local/lib/python3.12/site-packages/airflow/example_dags/example_branch_python_dop_operator_3.py
[2024-09-28T19:52:52.634+0000] {processor.py:925} INFO - DAG(s) 'example_branch_dop_operator_v3' retrieved from /home/airflow/.local/lib/python3.12/site-packages/airflow/example_dags/example_branch_python_dop_operator_3.py
[2024-09-28T19:52:52.695+0000] {logging_mixin.py:190} INFO - [2024-09-28T19:52:52.695+0000] {override.py:1900} INFO - Created Permission View: can edit on DAG:example_branch_dop_operator_v3
[2024-09-28T19:52:52.703+0000] {logging_mixin.py:190} INFO - [2024-09-28T19:52:52.703+0000] {override.py:1900} INFO - Created Permission View: can delete on DAG:example_branch_dop_operator_v3
[2024-09-28T19:52:52.709+0000] {logging_mixin.py:190} INFO - [2024-09-28T19:52:52.709+0000] {override.py:1900} INFO - Created Permission View: can read on DAG:example_branch_dop_operator_v3
[2024-09-28T19:52:52.715+0000] {logging_mixin.py:190} INFO - [2024-09-28T19:52:52.714+0000] {override.py:1900} INFO - Created Permission View: can delete on DAG Run:example_branch_dop_operator_v3
[2024-09-28T19:52:52.719+0000] {logging_mixin.py:190} INFO - [2024-09-28T19:52:52.719+0000] {override.py:1900} INFO - Created Permission View: can read on DAG Run:example_branch_dop_operator_v3
[2024-09-28T19:52:52.724+0000] {logging_mixin.py:190} INFO - [2024-09-28T19:52:52.724+0000] {override.py:1900} INFO - Created Permission View: can create on DAG Run:example_branch_dop_operator_v3
[2024-09-28T19:52:52.729+0000] {logging_mixin.py:190} INFO - [2024-09-28T19:52:52.729+0000] {override.py:1900} INFO - Created Permission View: menu access on DAG Run:example_branch_dop_operator_v3
[2024-09-28T19:52:52.729+0000] {logging_mixin.py:190} INFO - [2024-09-28T19:52:52.729+0000] {dag.py:3239} INFO - Sync 1 DAGs
[2024-09-28T19:52:52.737+0000] {logging_mixin.py:190} INFO - [2024-09-28T19:52:52.737+0000] {dag.py:3262} INFO - Creating ORM DAG for example_branch_dop_operator_v3
[2024-09-28T19:52:52.746+0000] {logging_mixin.py:190} INFO - [2024-09-28T19:52:52.746+0000] {dag.py:4180} INFO - Setting next_dagrun for example_branch_dop_operator_v3 to 2024-09-28 19:51:00+00:00, run_after=2024-09-28 19:52:00+00:00
[2024-09-28T19:52:52.757+0000] {processor.py:208} INFO - Processing /home/airflow/.local/lib/python3.12/site-packages/airflow/example_dags/example_branch_python_dop_operator_3.py took 0.136 seconds
[2024-09-28T19:53:23.170+0000] {processor.py:186} INFO - Started process (PID=180) to work on /home/airflow/.local/lib/python3.12/site-packages/airflow/example_dags/example_branch_python_dop_operator_3.py
[2024-09-28T19:53:23.171+0000] {processor.py:914} INFO - Processing file /home/airflow/.local/lib/python3.12/site-packages/airflow/example_dags/example_branch_python_dop_operator_3.py for tasks to queue
[2024-09-28T19:53:23.173+0000] {logging_mixin.py:190} INFO - [2024-09-28T19:53:23.173+0000] {dagbag.py:588} INFO - Filling up the DagBag from /home/airflow/.local/lib/python3.12/site-packages/airflow/example_dags/example_branch_python_dop_operator_3.py
[2024-09-28T19:53:23.179+0000] {processor.py:925} INFO - DAG(s) 'example_branch_dop_operator_v3' retrieved from /home/airflow/.local/lib/python3.12/site-packages/airflow/example_dags/example_branch_python_dop_operator_3.py
[2024-09-28T19:53:23.191+0000] {logging_mixin.py:190} INFO - [2024-09-28T19:53:23.191+0000] {dag.py:3239} INFO - Sync 1 DAGs
[2024-09-28T19:53:23.208+0000] {logging_mixin.py:190} INFO - [2024-09-28T19:53:23.207+0000] {dag.py:4180} INFO - Setting next_dagrun for example_branch_dop_operator_v3 to 2024-09-28 19:52:00+00:00, run_after=2024-09-28 19:53:00+00:00
[2024-09-28T19:53:23.223+0000] {processor.py:208} INFO - Processing /home/airflow/.local/lib/python3.12/site-packages/airflow/example_dags/example_branch_python_dop_operator_3.py took 0.057 seconds
[2024-09-28T19:53:53.281+0000] {processor.py:186} INFO - Started process (PID=244) to work on /home/airflow/.local/lib/python3.12/site-packages/airflow/example_dags/example_branch_python_dop_operator_3.py
[2024-09-28T19:53:53.282+0000] {processor.py:914} INFO - Processing file /home/airflow/.local/lib/python3.12/site-packages/airflow/example_dags/example_branch_python_dop_operator_3.py for tasks to queue
[2024-09-28T19:53:53.284+0000] {logging_mixin.py:190} INFO - [2024-09-28T19:53:53.284+0000] {dagbag.py:588} INFO - Filling up the DagBag from /home/airflow/.local/lib/python3.12/site-packages/airflow/example_dags/example_branch_python_dop_operator_3.py
[2024-09-28T19:53:53.290+0000] {processor.py:925} INFO - DAG(s) 'example_branch_dop_operator_v3' retrieved from /home/airflow/.local/lib/python3.12/site-packages/airflow/example_dags/example_branch_python_dop_operator_3.py
[2024-09-28T19:53:53.303+0000] {logging_mixin.py:190} INFO - [2024-09-28T19:53:53.303+0000] {dag.py:3239} INFO - Sync 1 DAGs
[2024-09-28T19:53:53.320+0000] {logging_mixin.py:190} INFO - [2024-09-28T19:53:53.320+0000] {dag.py:4180} INFO - Setting next_dagrun for example_branch_dop_operator_v3 to 2024-09-28 19:52:00+00:00, run_after=2024-09-28 19:53:00+00:00
[2024-09-28T19:53:53.332+0000] {processor.py:208} INFO - Processing /home/airflow/.local/lib/python3.12/site-packages/airflow/example_dags/example_branch_python_dop_operator_3.py took 0.054 seconds
[2024-09-28T19:54:23.903+0000] {processor.py:186} INFO - Started process (PID=309) to work on /home/airflow/.local/lib/python3.12/site-packages/airflow/example_dags/example_branch_python_dop_operator_3.py
[2024-09-28T19:54:23.904+0000] {processor.py:914} INFO - Processing file /home/airflow/.local/lib/python3.12/site-packages/airflow/example_dags/example_branch_python_dop_operator_3.py for tasks to queue
[2024-09-28T19:54:23.906+0000] {logging_mixin.py:190} INFO - [2024-09-28T19:54:23.906+0000] {dagbag.py:588} INFO - Filling up the DagBag from /home/airflow/.local/lib/python3.12/site-packages/airflow/example_dags/example_branch_python_dop_operator_3.py
[2024-09-28T19:54:23.915+0000] {processor.py:925} INFO - DAG(s) 'example_branch_dop_operator_v3' retrieved from /home/airflow/.local/lib/python3.12/site-packages/airflow/example_dags/example_branch_python_dop_operator_3.py
[2024-09-28T19:54:23.929+0000] {logging_mixin.py:190} INFO - [2024-09-28T19:54:23.929+0000] {dag.py:3239} INFO - Sync 1 DAGs
[2024-09-28T19:54:23.946+0000] {logging_mixin.py:190} INFO - [2024-09-28T19:54:23.946+0000] {dag.py:4180} INFO - Setting next_dagrun for example_branch_dop_operator_v3 to 2024-09-28 19:53:00+00:00, run_after=2024-09-28 19:54:00+00:00
[2024-09-28T19:54:23.959+0000] {processor.py:208} INFO - Processing /home/airflow/.local/lib/python3.12/site-packages/airflow/example_dags/example_branch_python_dop_operator_3.py took 0.060 seconds
[2024-09-28T19:54:54.091+0000] {processor.py:186} INFO - Started process (PID=374) to work on /home/airflow/.local/lib/python3.12/site-packages/airflow/example_dags/example_branch_python_dop_operator_3.py
[2024-09-28T19:54:54.092+0000] {processor.py:914} INFO - Processing file /home/airflow/.local/lib/python3.12/site-packages/airflow/example_dags/example_branch_python_dop_operator_3.py for tasks to queue
[2024-09-28T19:54:54.093+0000] {logging_mixin.py:190} INFO - [2024-09-28T19:54:54.093+0000] {dagbag.py:588} INFO - Filling up the DagBag from /home/airflow/.local/lib/python3.12/site-packages/airflow/example_dags/example_branch_python_dop_operator_3.py
[2024-09-28T19:54:54.100+0000] {processor.py:925} INFO - DAG(s) 'example_branch_dop_operator_v3' retrieved from /home/airflow/.local/lib/python3.12/site-packages/airflow/example_dags/example_branch_python_dop_operator_3.py
[2024-09-28T19:54:54.112+0000] {logging_mixin.py:190} INFO - [2024-09-28T19:54:54.112+0000] {dag.py:3239} INFO - Sync 1 DAGs
[2024-09-28T19:54:54.129+0000] {logging_mixin.py:190} INFO - [2024-09-28T19:54:54.129+0000] {dag.py:4180} INFO - Setting next_dagrun for example_branch_dop_operator_v3 to 2024-09-28 19:53:00+00:00, run_after=2024-09-28 19:54:00+00:00
[2024-09-28T19:54:54.141+0000] {processor.py:208} INFO - Processing /home/airflow/.local/lib/python3.12/site-packages/airflow/example_dags/example_branch_python_dop_operator_3.py took 0.054 seconds
[2024-09-28T19:55:24.462+0000] {processor.py:186} INFO - Started process (PID=439) to work on /home/airflow/.local/lib/python3.12/site-packages/airflow/example_dags/example_branch_python_dop_operator_3.py
[2024-09-28T19:55:24.463+0000] {processor.py:914} INFO - Processing file /home/airflow/.local/lib/python3.12/site-packages/airflow/example_dags/example_branch_python_dop_operator_3.py for tasks to queue
[2024-09-28T19:55:24.465+0000] {logging_mixin.py:190} INFO - [2024-09-28T19:55:24.464+0000] {dagbag.py:588} INFO - Filling up the DagBag from /home/airflow/.local/lib/python3.12/site-packages/airflow/example_dags/example_branch_python_dop_operator_3.py
[2024-09-28T19:55:24.471+0000] {processor.py:925} INFO - DAG(s) 'example_branch_dop_operator_v3' retrieved from /home/airflow/.local/lib/python3.12/site-packages/airflow/example_dags/example_branch_python_dop_operator_3.py
[2024-09-28T19:55:24.482+0000] {logging_mixin.py:190} INFO - [2024-09-28T19:55:24.482+0000] {dag.py:3239} INFO - Sync 1 DAGs
[2024-09-28T19:55:24.498+0000] {logging_mixin.py:190} INFO - [2024-09-28T19:55:24.497+0000] {dag.py:4180} INFO - Setting next_dagrun for example_branch_dop_operator_v3 to 2024-09-28 19:54:00+00:00, run_after=2024-09-28 19:55:00+00:00
[2024-09-28T19:55:24.510+0000] {processor.py:208} INFO - Processing /home/airflow/.local/lib/python3.12/site-packages/airflow/example_dags/example_branch_python_dop_operator_3.py took 0.052 seconds
[2024-09-28T19:55:54.862+0000] {processor.py:186} INFO - Started process (PID=505) to work on /home/airflow/.local/lib/python3.12/site-packages/airflow/example_dags/example_branch_python_dop_operator_3.py
[2024-09-28T19:55:54.864+0000] {processor.py:914} INFO - Processing file /home/airflow/.local/lib/python3.12/site-packages/airflow/example_dags/example_branch_python_dop_operator_3.py for tasks to queue
[2024-09-28T19:55:54.865+0000] {logging_mixin.py:190} INFO - [2024-09-28T19:55:54.865+0000] {dagbag.py:588} INFO - Filling up the DagBag from /home/airflow/.local/lib/python3.12/site-packages/airflow/example_dags/example_branch_python_dop_operator_3.py
[2024-09-28T19:55:54.872+0000] {processor.py:925} INFO - DAG(s) 'example_branch_dop_operator_v3' retrieved from /home/airflow/.local/lib/python3.12/site-packages/airflow/example_dags/example_branch_python_dop_operator_3.py
[2024-09-28T19:55:54.884+0000] {logging_mixin.py:190} INFO - [2024-09-28T19:55:54.884+0000] {dag.py:3239} INFO - Sync 1 DAGs
[2024-09-28T19:55:54.899+0000] {logging_mixin.py:190} INFO - [2024-09-28T19:55:54.899+0000] {dag.py:4180} INFO - Setting next_dagrun for example_branch_dop_operator_v3 to 2024-09-28 19:54:00+00:00, run_after=2024-09-28 19:55:00+00:00
[2024-09-28T19:55:54.912+0000] {processor.py:208} INFO - Processing /home/airflow/.local/lib/python3.12/site-packages/airflow/example_dags/example_branch_python_dop_operator_3.py took 0.053 seconds
[2024-09-28T19:56:25.323+0000] {processor.py:186} INFO - Started process (PID=570) to work on /home/airflow/.local/lib/python3.12/site-packages/airflow/example_dags/example_branch_python_dop_operator_3.py
[2024-09-28T19:56:25.324+0000] {processor.py:914} INFO - Processing file /home/airflow/.local/lib/python3.12/site-packages/airflow/example_dags/example_branch_python_dop_operator_3.py for tasks to queue
[2024-09-28T19:56:25.326+0000] {logging_mixin.py:190} INFO - [2024-09-28T19:56:25.326+0000] {dagbag.py:588} INFO - Filling up the DagBag from /home/airflow/.local/lib/python3.12/site-packages/airflow/example_dags/example_branch_python_dop_operator_3.py
[2024-09-28T19:56:25.333+0000] {processor.py:925} INFO - DAG(s) 'example_branch_dop_operator_v3' retrieved from /home/airflow/.local/lib/python3.12/site-packages/airflow/example_dags/example_branch_python_dop_operator_3.py
[2024-09-28T19:56:25.346+0000] {logging_mixin.py:190} INFO - [2024-09-28T19:56:25.346+0000] {dag.py:3239} INFO - Sync 1 DAGs
[2024-09-28T19:56:25.363+0000] {logging_mixin.py:190} INFO - [2024-09-28T19:56:25.363+0000] {dag.py:4180} INFO - Setting next_dagrun for example_branch_dop_operator_v3 to 2024-09-28 19:55:00+00:00, run_after=2024-09-28 19:56:00+00:00
[2024-09-28T19:56:25.375+0000] {processor.py:208} INFO - Processing /home/airflow/.local/lib/python3.12/site-packages/airflow/example_dags/example_branch_python_dop_operator_3.py took 0.056 seconds
[2024-09-28T19:56:55.683+0000] {processor.py:186} INFO - Started process (PID=635) to work on /home/airflow/.local/lib/python3.12/site-packages/airflow/example_dags/example_branch_python_dop_operator_3.py
[2024-09-28T19:56:55.684+0000] {processor.py:914} INFO - Processing file /home/airflow/.local/lib/python3.12/site-packages/airflow/example_dags/example_branch_python_dop_operator_3.py for tasks to queue
[2024-09-28T19:56:55.685+0000] {logging_mixin.py:190} INFO - [2024-09-28T19:56:55.685+0000] {dagbag.py:588} INFO - Filling up the DagBag from /home/airflow/.local/lib/python3.12/site-packages/airflow/example_dags/example_branch_python_dop_operator_3.py
[2024-09-28T19:56:55.691+0000] {processor.py:925} INFO - DAG(s) 'example_branch_dop_operator_v3' retrieved from /home/airflow/.local/lib/python3.12/site-packages/airflow/example_dags/example_branch_python_dop_operator_3.py
[2024-09-28T19:56:55.704+0000] {logging_mixin.py:190} INFO - [2024-09-28T19:56:55.704+0000] {dag.py:3239} INFO - Sync 1 DAGs
[2024-09-28T19:56:55.721+0000] {logging_mixin.py:190} INFO - [2024-09-28T19:56:55.721+0000] {dag.py:4180} INFO - Setting next_dagrun for example_branch_dop_operator_v3 to 2024-09-28 19:55:00+00:00, run_after=2024-09-28 19:56:00+00:00
[2024-09-28T19:56:55.735+0000] {processor.py:208} INFO - Processing /home/airflow/.local/lib/python3.12/site-packages/airflow/example_dags/example_branch_python_dop_operator_3.py took 0.056 seconds
[2024-09-28T19:57:25.850+0000] {processor.py:186} INFO - Started process (PID=700) to work on /home/airflow/.local/lib/python3.12/site-packages/airflow/example_dags/example_branch_python_dop_operator_3.py
[2024-09-28T19:57:25.851+0000] {processor.py:914} INFO - Processing file /home/airflow/.local/lib/python3.12/site-packages/airflow/example_dags/example_branch_python_dop_operator_3.py for tasks to queue
[2024-09-28T19:57:25.853+0000] {logging_mixin.py:190} INFO - [2024-09-28T19:57:25.853+0000] {dagbag.py:588} INFO - Filling up the DagBag from /home/airflow/.local/lib/python3.12/site-packages/airflow/example_dags/example_branch_python_dop_operator_3.py
[2024-09-28T19:57:25.859+0000] {processor.py:925} INFO - DAG(s) 'example_branch_dop_operator_v3' retrieved from /home/airflow/.local/lib/python3.12/site-packages/airflow/example_dags/example_branch_python_dop_operator_3.py
[2024-09-28T19:57:25.873+0000] {logging_mixin.py:190} INFO - [2024-09-28T19:57:25.873+0000] {dag.py:3239} INFO - Sync 1 DAGs
[2024-09-28T19:57:25.889+0000] {logging_mixin.py:190} INFO - [2024-09-28T19:57:25.889+0000] {dag.py:4180} INFO - Setting next_dagrun for example_branch_dop_operator_v3 to 2024-09-28 19:56:00+00:00, run_after=2024-09-28 19:57:00+00:00
[2024-09-28T19:57:25.902+0000] {processor.py:208} INFO - Processing /home/airflow/.local/lib/python3.12/site-packages/airflow/example_dags/example_branch_python_dop_operator_3.py took 0.055 seconds
[2024-09-28T19:57:56.688+0000] {processor.py:186} INFO - Started process (PID=765) to work on /home/airflow/.local/lib/python3.12/site-packages/airflow/example_dags/example_branch_python_dop_operator_3.py
[2024-09-28T19:57:56.689+0000] {processor.py:914} INFO - Processing file /home/airflow/.local/lib/python3.12/site-packages/airflow/example_dags/example_branch_python_dop_operator_3.py for tasks to queue
[2024-09-28T19:57:56.690+0000] {logging_mixin.py:190} INFO - [2024-09-28T19:57:56.690+0000] {dagbag.py:588} INFO - Filling up the DagBag from /home/airflow/.local/lib/python3.12/site-packages/airflow/example_dags/example_branch_python_dop_operator_3.py
[2024-09-28T19:57:56.696+0000] {processor.py:925} INFO - DAG(s) 'example_branch_dop_operator_v3' retrieved from /home/airflow/.local/lib/python3.12/site-packages/airflow/example_dags/example_branch_python_dop_operator_3.py
[2024-09-28T19:57:56.708+0000] {logging_mixin.py:190} INFO - [2024-09-28T19:57:56.708+0000] {dag.py:3239} INFO - Sync 1 DAGs
[2024-09-28T19:57:56.724+0000] {logging_mixin.py:190} INFO - [2024-09-28T19:57:56.724+0000] {dag.py:4180} INFO - Setting next_dagrun for example_branch_dop_operator_v3 to 2024-09-28 19:56:00+00:00, run_after=2024-09-28 19:57:00+00:00
[2024-09-28T19:57:56.737+0000] {processor.py:208} INFO - Processing /home/airflow/.local/lib/python3.12/site-packages/airflow/example_dags/example_branch_python_dop_operator_3.py took 0.053 seconds
[2024-09-28T19:58:26.876+0000] {processor.py:186} INFO - Started process (PID=830) to work on /home/airflow/.local/lib/python3.12/site-packages/airflow/example_dags/example_branch_python_dop_operator_3.py
[2024-09-28T19:58:26.877+0000] {processor.py:914} INFO - Processing file /home/airflow/.local/lib/python3.12/site-packages/airflow/example_dags/example_branch_python_dop_operator_3.py for tasks to queue
[2024-09-28T19:58:26.878+0000] {logging_mixin.py:190} INFO - [2024-09-28T19:58:26.878+0000] {dagbag.py:588} INFO - Filling up the DagBag from /home/airflow/.local/lib/python3.12/site-packages/airflow/example_dags/example_branch_python_dop_operator_3.py
[2024-09-28T19:58:26.884+0000] {processor.py:925} INFO - DAG(s) 'example_branch_dop_operator_v3' retrieved from /home/airflow/.local/lib/python3.12/site-packages/airflow/example_dags/example_branch_python_dop_operator_3.py
[2024-09-28T19:58:26.898+0000] {logging_mixin.py:190} INFO - [2024-09-28T19:58:26.898+0000] {dag.py:3239} INFO - Sync 1 DAGs
[2024-09-28T19:58:26.914+0000] {logging_mixin.py:190} INFO - [2024-09-28T19:58:26.914+0000] {dag.py:4180} INFO - Setting next_dagrun for example_branch_dop_operator_v3 to 2024-09-28 19:57:00+00:00, run_after=2024-09-28 19:58:00+00:00
[2024-09-28T19:58:26.926+0000] {processor.py:208} INFO - Processing /home/airflow/.local/lib/python3.12/site-packages/airflow/example_dags/example_branch_python_dop_operator_3.py took 0.054 seconds
[2024-09-28T19:58:57.134+0000] {processor.py:186} INFO - Started process (PID=895) to work on /home/airflow/.local/lib/python3.12/site-packages/airflow/example_dags/example_branch_python_dop_operator_3.py
[2024-09-28T19:58:57.135+0000] {processor.py:914} INFO - Processing file /home/airflow/.local/lib/python3.12/site-packages/airflow/example_dags/example_branch_python_dop_operator_3.py for tasks to queue
[2024-09-28T19:58:57.136+0000] {logging_mixin.py:190} INFO - [2024-09-28T19:58:57.136+0000] {dagbag.py:588} INFO - Filling up the DagBag from /home/airflow/.local/lib/python3.12/site-packages/airflow/example_dags/example_branch_python_dop_operator_3.py
[2024-09-28T19:58:57.143+0000] {processor.py:925} INFO - DAG(s) 'example_branch_dop_operator_v3' retrieved from /home/airflow/.local/lib/python3.12/site-packages/airflow/example_dags/example_branch_python_dop_operator_3.py
[2024-09-28T19:58:57.156+0000] {logging_mixin.py:190} INFO - [2024-09-28T19:58:57.156+0000] {dag.py:3239} INFO - Sync 1 DAGs
[2024-09-28T19:58:57.173+0000] {logging_mixin.py:190} INFO - [2024-09-28T19:58:57.173+0000] {dag.py:4180} INFO - Setting next_dagrun for example_branch_dop_operator_v3 to 2024-09-28 19:57:00+00:00, run_after=2024-09-28 19:58:00+00:00
[2024-09-28T19:58:57.188+0000] {processor.py:208} INFO - Processing /home/airflow/.local/lib/python3.12/site-packages/airflow/example_dags/example_branch_python_dop_operator_3.py took 0.058 seconds
[2024-09-28T19:59:27.504+0000] {processor.py:186} INFO - Started process (PID=960) to work on /home/airflow/.local/lib/python3.12/site-packages/airflow/example_dags/example_branch_python_dop_operator_3.py
[2024-09-28T19:59:27.505+0000] {processor.py:914} INFO - Processing file /home/airflow/.local/lib/python3.12/site-packages/airflow/example_dags/example_branch_python_dop_operator_3.py for tasks to queue
[2024-09-28T19:59:27.506+0000] {logging_mixin.py:190} INFO - [2024-09-28T19:59:27.506+0000] {dagbag.py:588} INFO - Filling up the DagBag from /home/airflow/.local/lib/python3.12/site-packages/airflow/example_dags/example_branch_python_dop_operator_3.py
[2024-09-28T19:59:27.512+0000] {processor.py:925} INFO - DAG(s) 'example_branch_dop_operator_v3' retrieved from /home/airflow/.local/lib/python3.12/site-packages/airflow/example_dags/example_branch_python_dop_operator_3.py
[2024-09-28T19:59:27.525+0000] {logging_mixin.py:190} INFO - [2024-09-28T19:59:27.525+0000] {dag.py:3239} INFO - Sync 1 DAGs
[2024-09-28T19:59:27.542+0000] {logging_mixin.py:190} INFO - [2024-09-28T19:59:27.542+0000] {dag.py:4180} INFO - Setting next_dagrun for example_branch_dop_operator_v3 to 2024-09-28 19:58:00+00:00, run_after=2024-09-28 19:59:00+00:00
[2024-09-28T19:59:27.564+0000] {processor.py:208} INFO - Processing /home/airflow/.local/lib/python3.12/site-packages/airflow/example_dags/example_branch_python_dop_operator_3.py took 0.064 seconds
[2024-09-28T19:59:58.116+0000] {processor.py:186} INFO - Started process (PID=1025) to work on /home/airflow/.local/lib/python3.12/site-packages/airflow/example_dags/example_branch_python_dop_operator_3.py
[2024-09-28T19:59:58.117+0000] {processor.py:914} INFO - Processing file /home/airflow/.local/lib/python3.12/site-packages/airflow/example_dags/example_branch_python_dop_operator_3.py for tasks to queue
[2024-09-28T19:59:58.119+0000] {logging_mixin.py:190} INFO - [2024-09-28T19:59:58.119+0000] {dagbag.py:588} INFO - Filling up the DagBag from /home/airflow/.local/lib/python3.12/site-packages/airflow/example_dags/example_branch_python_dop_operator_3.py
[2024-09-28T19:59:58.125+0000] {processor.py:925} INFO - DAG(s) 'example_branch_dop_operator_v3' retrieved from /home/airflow/.local/lib/python3.12/site-packages/airflow/example_dags/example_branch_python_dop_operator_3.py
[2024-09-28T19:59:58.136+0000] {logging_mixin.py:190} INFO - [2024-09-28T19:59:58.136+0000] {dag.py:3239} INFO - Sync 1 DAGs
[2024-09-28T19:59:58.154+0000] {logging_mixin.py:190} INFO - [2024-09-28T19:59:58.154+0000] {dag.py:4180} INFO - Setting next_dagrun for example_branch_dop_operator_v3 to 2024-09-28 19:58:00+00:00, run_after=2024-09-28 19:59:00+00:00
[2024-09-28T19:59:58.167+0000] {processor.py:208} INFO - Processing /home/airflow/.local/lib/python3.12/site-packages/airflow/example_dags/example_branch_python_dop_operator_3.py took 0.054 seconds
[2024-09-28T20:05:10.925+0000] {processor.py:186} INFO - Started process (PID=114) to work on /home/airflow/.local/lib/python3.12/site-packages/airflow/example_dags/example_branch_python_dop_operator_3.py
[2024-09-28T20:05:10.927+0000] {processor.py:914} INFO - Processing file /home/airflow/.local/lib/python3.12/site-packages/airflow/example_dags/example_branch_python_dop_operator_3.py for tasks to queue
[2024-09-28T20:05:10.929+0000] {logging_mixin.py:190} INFO - [2024-09-28T20:05:10.929+0000] {dagbag.py:588} INFO - Filling up the DagBag from /home/airflow/.local/lib/python3.12/site-packages/airflow/example_dags/example_branch_python_dop_operator_3.py
[2024-09-28T20:05:10.936+0000] {processor.py:925} INFO - DAG(s) 'example_branch_dop_operator_v3' retrieved from /home/airflow/.local/lib/python3.12/site-packages/airflow/example_dags/example_branch_python_dop_operator_3.py
[2024-09-28T20:05:10.952+0000] {logging_mixin.py:190} INFO - [2024-09-28T20:05:10.951+0000] {dag.py:3239} INFO - Sync 1 DAGs
[2024-09-28T20:05:10.972+0000] {logging_mixin.py:190} INFO - [2024-09-28T20:05:10.972+0000] {dag.py:4180} INFO - Setting next_dagrun for example_branch_dop_operator_v3 to 2024-09-28 20:04:00+00:00, run_after=2024-09-28 20:05:00+00:00
[2024-09-28T20:05:10.986+0000] {processor.py:208} INFO - Processing /home/airflow/.local/lib/python3.12/site-packages/airflow/example_dags/example_branch_python_dop_operator_3.py took 0.064 seconds
[2024-09-28T20:05:41.279+0000] {processor.py:186} INFO - Started process (PID=179) to work on /home/airflow/.local/lib/python3.12/site-packages/airflow/example_dags/example_branch_python_dop_operator_3.py
[2024-09-28T20:05:41.280+0000] {processor.py:914} INFO - Processing file /home/airflow/.local/lib/python3.12/site-packages/airflow/example_dags/example_branch_python_dop_operator_3.py for tasks to queue
[2024-09-28T20:05:41.282+0000] {logging_mixin.py:190} INFO - [2024-09-28T20:05:41.282+0000] {dagbag.py:588} INFO - Filling up the DagBag from /home/airflow/.local/lib/python3.12/site-packages/airflow/example_dags/example_branch_python_dop_operator_3.py
[2024-09-28T20:05:41.289+0000] {processor.py:925} INFO - DAG(s) 'example_branch_dop_operator_v3' retrieved from /home/airflow/.local/lib/python3.12/site-packages/airflow/example_dags/example_branch_python_dop_operator_3.py
[2024-09-28T20:05:41.303+0000] {logging_mixin.py:190} INFO - [2024-09-28T20:05:41.303+0000] {dag.py:3239} INFO - Sync 1 DAGs
[2024-09-28T20:05:41.319+0000] {logging_mixin.py:190} INFO - [2024-09-28T20:05:41.319+0000] {dag.py:4180} INFO - Setting next_dagrun for example_branch_dop_operator_v3 to 2024-09-28 20:04:00+00:00, run_after=2024-09-28 20:05:00+00:00
[2024-09-28T20:05:41.333+0000] {processor.py:208} INFO - Processing /home/airflow/.local/lib/python3.12/site-packages/airflow/example_dags/example_branch_python_dop_operator_3.py took 0.058 seconds
[2024-09-28T20:06:11.695+0000] {processor.py:186} INFO - Started process (PID=244) to work on /home/airflow/.local/lib/python3.12/site-packages/airflow/example_dags/example_branch_python_dop_operator_3.py
[2024-09-28T20:06:11.696+0000] {processor.py:914} INFO - Processing file /home/airflow/.local/lib/python3.12/site-packages/airflow/example_dags/example_branch_python_dop_operator_3.py for tasks to queue
[2024-09-28T20:06:11.698+0000] {logging_mixin.py:190} INFO - [2024-09-28T20:06:11.698+0000] {dagbag.py:588} INFO - Filling up the DagBag from /home/airflow/.local/lib/python3.12/site-packages/airflow/example_dags/example_branch_python_dop_operator_3.py
[2024-09-28T20:06:11.704+0000] {processor.py:925} INFO - DAG(s) 'example_branch_dop_operator_v3' retrieved from /home/airflow/.local/lib/python3.12/site-packages/airflow/example_dags/example_branch_python_dop_operator_3.py
[2024-09-28T20:06:11.718+0000] {logging_mixin.py:190} INFO - [2024-09-28T20:06:11.717+0000] {dag.py:3239} INFO - Sync 1 DAGs
[2024-09-28T20:06:11.734+0000] {logging_mixin.py:190} INFO - [2024-09-28T20:06:11.734+0000] {dag.py:4180} INFO - Setting next_dagrun for example_branch_dop_operator_v3 to 2024-09-28 20:05:00+00:00, run_after=2024-09-28 20:06:00+00:00
[2024-09-28T20:06:11.746+0000] {processor.py:208} INFO - Processing /home/airflow/.local/lib/python3.12/site-packages/airflow/example_dags/example_branch_python_dop_operator_3.py took 0.054 seconds
[2024-09-28T20:06:42.191+0000] {processor.py:186} INFO - Started process (PID=310) to work on /home/airflow/.local/lib/python3.12/site-packages/airflow/example_dags/example_branch_python_dop_operator_3.py
[2024-09-28T20:06:42.193+0000] {processor.py:914} INFO - Processing file /home/airflow/.local/lib/python3.12/site-packages/airflow/example_dags/example_branch_python_dop_operator_3.py for tasks to queue
[2024-09-28T20:06:42.195+0000] {logging_mixin.py:190} INFO - [2024-09-28T20:06:42.195+0000] {dagbag.py:588} INFO - Filling up the DagBag from /home/airflow/.local/lib/python3.12/site-packages/airflow/example_dags/example_branch_python_dop_operator_3.py
[2024-09-28T20:06:42.203+0000] {processor.py:925} INFO - DAG(s) 'example_branch_dop_operator_v3' retrieved from /home/airflow/.local/lib/python3.12/site-packages/airflow/example_dags/example_branch_python_dop_operator_3.py
[2024-09-28T20:06:42.216+0000] {logging_mixin.py:190} INFO - [2024-09-28T20:06:42.216+0000] {dag.py:3239} INFO - Sync 1 DAGs
[2024-09-28T20:06:42.234+0000] {logging_mixin.py:190} INFO - [2024-09-28T20:06:42.233+0000] {dag.py:4180} INFO - Setting next_dagrun for example_branch_dop_operator_v3 to 2024-09-28 20:05:00+00:00, run_after=2024-09-28 20:06:00+00:00
[2024-09-28T20:06:42.247+0000] {processor.py:208} INFO - Processing /home/airflow/.local/lib/python3.12/site-packages/airflow/example_dags/example_branch_python_dop_operator_3.py took 0.059 seconds
[2024-09-28T20:07:12.529+0000] {processor.py:186} INFO - Started process (PID=375) to work on /home/airflow/.local/lib/python3.12/site-packages/airflow/example_dags/example_branch_python_dop_operator_3.py
[2024-09-28T20:07:12.530+0000] {processor.py:914} INFO - Processing file /home/airflow/.local/lib/python3.12/site-packages/airflow/example_dags/example_branch_python_dop_operator_3.py for tasks to queue
[2024-09-28T20:07:12.532+0000] {logging_mixin.py:190} INFO - [2024-09-28T20:07:12.531+0000] {dagbag.py:588} INFO - Filling up the DagBag from /home/airflow/.local/lib/python3.12/site-packages/airflow/example_dags/example_branch_python_dop_operator_3.py
[2024-09-28T20:07:12.538+0000] {processor.py:925} INFO - DAG(s) 'example_branch_dop_operator_v3' retrieved from /home/airflow/.local/lib/python3.12/site-packages/airflow/example_dags/example_branch_python_dop_operator_3.py
[2024-09-28T20:07:12.550+0000] {logging_mixin.py:190} INFO - [2024-09-28T20:07:12.550+0000] {dag.py:3239} INFO - Sync 1 DAGs
[2024-09-28T20:07:12.567+0000] {logging_mixin.py:190} INFO - [2024-09-28T20:07:12.567+0000] {dag.py:4180} INFO - Setting next_dagrun for example_branch_dop_operator_v3 to 2024-09-28 20:06:00+00:00, run_after=2024-09-28 20:07:00+00:00
[2024-09-28T20:07:12.580+0000] {processor.py:208} INFO - Processing /home/airflow/.local/lib/python3.12/site-packages/airflow/example_dags/example_branch_python_dop_operator_3.py took 0.054 seconds
[2024-09-28T20:07:44.559+0000] {processor.py:186} INFO - Started process (PID=442) to work on /home/airflow/.local/lib/python3.12/site-packages/airflow/example_dags/example_branch_python_dop_operator_3.py
[2024-09-28T20:07:44.560+0000] {processor.py:914} INFO - Processing file /home/airflow/.local/lib/python3.12/site-packages/airflow/example_dags/example_branch_python_dop_operator_3.py for tasks to queue
[2024-09-28T20:07:44.575+0000] {logging_mixin.py:190} INFO - [2024-09-28T20:07:44.575+0000] {dagbag.py:588} INFO - Filling up the DagBag from /home/airflow/.local/lib/python3.12/site-packages/airflow/example_dags/example_branch_python_dop_operator_3.py
[2024-09-28T20:07:44.599+0000] {processor.py:925} INFO - DAG(s) 'example_branch_dop_operator_v3' retrieved from /home/airflow/.local/lib/python3.12/site-packages/airflow/example_dags/example_branch_python_dop_operator_3.py
[2024-09-28T20:07:44.621+0000] {logging_mixin.py:190} INFO - [2024-09-28T20:07:44.621+0000] {dag.py:3239} INFO - Sync 1 DAGs
[2024-09-28T20:07:44.637+0000] {logging_mixin.py:190} INFO - [2024-09-28T20:07:44.637+0000] {dag.py:4180} INFO - Setting next_dagrun for example_branch_dop_operator_v3 to 2024-09-28 20:06:00+00:00, run_after=2024-09-28 20:07:00+00:00
[2024-09-28T20:07:44.660+0000] {processor.py:208} INFO - Processing /home/airflow/.local/lib/python3.12/site-packages/airflow/example_dags/example_branch_python_dop_operator_3.py took 0.107 seconds
[2024-09-28T20:08:15.712+0000] {processor.py:186} INFO - Started process (PID=507) to work on /home/airflow/.local/lib/python3.12/site-packages/airflow/example_dags/example_branch_python_dop_operator_3.py
[2024-09-28T20:08:15.717+0000] {processor.py:914} INFO - Processing file /home/airflow/.local/lib/python3.12/site-packages/airflow/example_dags/example_branch_python_dop_operator_3.py for tasks to queue
[2024-09-28T20:08:15.724+0000] {logging_mixin.py:190} INFO - [2024-09-28T20:08:15.723+0000] {dagbag.py:588} INFO - Filling up the DagBag from /home/airflow/.local/lib/python3.12/site-packages/airflow/example_dags/example_branch_python_dop_operator_3.py
[2024-09-28T20:08:15.731+0000] {processor.py:925} INFO - DAG(s) 'example_branch_dop_operator_v3' retrieved from /home/airflow/.local/lib/python3.12/site-packages/airflow/example_dags/example_branch_python_dop_operator_3.py
[2024-09-28T20:08:15.751+0000] {logging_mixin.py:190} INFO - [2024-09-28T20:08:15.751+0000] {dag.py:3239} INFO - Sync 1 DAGs
[2024-09-28T20:08:15.768+0000] {logging_mixin.py:190} INFO - [2024-09-28T20:08:15.768+0000] {dag.py:4180} INFO - Setting next_dagrun for example_branch_dop_operator_v3 to 2024-09-28 20:07:00+00:00, run_after=2024-09-28 20:08:00+00:00
[2024-09-28T20:08:15.781+0000] {processor.py:208} INFO - Processing /home/airflow/.local/lib/python3.12/site-packages/airflow/example_dags/example_branch_python_dop_operator_3.py took 0.073 seconds
[2024-09-28T20:08:46.448+0000] {processor.py:186} INFO - Started process (PID=572) to work on /home/airflow/.local/lib/python3.12/site-packages/airflow/example_dags/example_branch_python_dop_operator_3.py
[2024-09-28T20:08:46.449+0000] {processor.py:914} INFO - Processing file /home/airflow/.local/lib/python3.12/site-packages/airflow/example_dags/example_branch_python_dop_operator_3.py for tasks to queue
[2024-09-28T20:08:46.451+0000] {logging_mixin.py:190} INFO - [2024-09-28T20:08:46.450+0000] {dagbag.py:588} INFO - Filling up the DagBag from /home/airflow/.local/lib/python3.12/site-packages/airflow/example_dags/example_branch_python_dop_operator_3.py
[2024-09-28T20:08:46.457+0000] {processor.py:925} INFO - DAG(s) 'example_branch_dop_operator_v3' retrieved from /home/airflow/.local/lib/python3.12/site-packages/airflow/example_dags/example_branch_python_dop_operator_3.py
[2024-09-28T20:08:46.471+0000] {logging_mixin.py:190} INFO - [2024-09-28T20:08:46.471+0000] {dag.py:3239} INFO - Sync 1 DAGs
[2024-09-28T20:08:46.487+0000] {logging_mixin.py:190} INFO - [2024-09-28T20:08:46.487+0000] {dag.py:4180} INFO - Setting next_dagrun for example_branch_dop_operator_v3 to 2024-09-28 20:07:00+00:00, run_after=2024-09-28 20:08:00+00:00
[2024-09-28T20:08:46.501+0000] {processor.py:208} INFO - Processing /home/airflow/.local/lib/python3.12/site-packages/airflow/example_dags/example_branch_python_dop_operator_3.py took 0.057 seconds
[2024-09-28T20:09:16.588+0000] {processor.py:186} INFO - Started process (PID=637) to work on /home/airflow/.local/lib/python3.12/site-packages/airflow/example_dags/example_branch_python_dop_operator_3.py
[2024-09-28T20:09:16.589+0000] {processor.py:914} INFO - Processing file /home/airflow/.local/lib/python3.12/site-packages/airflow/example_dags/example_branch_python_dop_operator_3.py for tasks to queue
[2024-09-28T20:09:16.591+0000] {logging_mixin.py:190} INFO - [2024-09-28T20:09:16.590+0000] {dagbag.py:588} INFO - Filling up the DagBag from /home/airflow/.local/lib/python3.12/site-packages/airflow/example_dags/example_branch_python_dop_operator_3.py
[2024-09-28T20:09:16.597+0000] {processor.py:925} INFO - DAG(s) 'example_branch_dop_operator_v3' retrieved from /home/airflow/.local/lib/python3.12/site-packages/airflow/example_dags/example_branch_python_dop_operator_3.py
[2024-09-28T20:09:16.618+0000] {logging_mixin.py:190} INFO - [2024-09-28T20:09:16.618+0000] {dag.py:3239} INFO - Sync 1 DAGs
[2024-09-28T20:09:16.637+0000] {logging_mixin.py:190} INFO - [2024-09-28T20:09:16.637+0000] {dag.py:4180} INFO - Setting next_dagrun for example_branch_dop_operator_v3 to 2024-09-28 20:08:00+00:00, run_after=2024-09-28 20:09:00+00:00
[2024-09-28T20:09:16.654+0000] {processor.py:208} INFO - Processing /home/airflow/.local/lib/python3.12/site-packages/airflow/example_dags/example_branch_python_dop_operator_3.py took 0.070 seconds
[2024-09-28T20:09:46.976+0000] {processor.py:186} INFO - Started process (PID=703) to work on /home/airflow/.local/lib/python3.12/site-packages/airflow/example_dags/example_branch_python_dop_operator_3.py
[2024-09-28T20:09:46.976+0000] {processor.py:914} INFO - Processing file /home/airflow/.local/lib/python3.12/site-packages/airflow/example_dags/example_branch_python_dop_operator_3.py for tasks to queue
[2024-09-28T20:09:46.978+0000] {logging_mixin.py:190} INFO - [2024-09-28T20:09:46.978+0000] {dagbag.py:588} INFO - Filling up the DagBag from /home/airflow/.local/lib/python3.12/site-packages/airflow/example_dags/example_branch_python_dop_operator_3.py
[2024-09-28T20:09:46.984+0000] {processor.py:925} INFO - DAG(s) 'example_branch_dop_operator_v3' retrieved from /home/airflow/.local/lib/python3.12/site-packages/airflow/example_dags/example_branch_python_dop_operator_3.py
[2024-09-28T20:09:46.996+0000] {logging_mixin.py:190} INFO - [2024-09-28T20:09:46.996+0000] {dag.py:3239} INFO - Sync 1 DAGs
[2024-09-28T20:09:47.014+0000] {logging_mixin.py:190} INFO - [2024-09-28T20:09:47.013+0000] {dag.py:4180} INFO - Setting next_dagrun for example_branch_dop_operator_v3 to 2024-09-28 20:08:00+00:00, run_after=2024-09-28 20:09:00+00:00
[2024-09-28T20:09:47.025+0000] {processor.py:208} INFO - Processing /home/airflow/.local/lib/python3.12/site-packages/airflow/example_dags/example_branch_python_dop_operator_3.py took 0.053 seconds
[2024-09-28T20:10:17.265+0000] {processor.py:186} INFO - Started process (PID=767) to work on /home/airflow/.local/lib/python3.12/site-packages/airflow/example_dags/example_branch_python_dop_operator_3.py
[2024-09-28T20:10:17.265+0000] {processor.py:914} INFO - Processing file /home/airflow/.local/lib/python3.12/site-packages/airflow/example_dags/example_branch_python_dop_operator_3.py for tasks to queue
[2024-09-28T20:10:17.267+0000] {logging_mixin.py:190} INFO - [2024-09-28T20:10:17.267+0000] {dagbag.py:588} INFO - Filling up the DagBag from /home/airflow/.local/lib/python3.12/site-packages/airflow/example_dags/example_branch_python_dop_operator_3.py
[2024-09-28T20:10:17.273+0000] {processor.py:925} INFO - DAG(s) 'example_branch_dop_operator_v3' retrieved from /home/airflow/.local/lib/python3.12/site-packages/airflow/example_dags/example_branch_python_dop_operator_3.py
[2024-09-28T20:10:17.286+0000] {logging_mixin.py:190} INFO - [2024-09-28T20:10:17.286+0000] {dag.py:3239} INFO - Sync 1 DAGs
[2024-09-28T20:10:17.302+0000] {logging_mixin.py:190} INFO - [2024-09-28T20:10:17.302+0000] {dag.py:4180} INFO - Setting next_dagrun for example_branch_dop_operator_v3 to 2024-09-28 20:09:00+00:00, run_after=2024-09-28 20:10:00+00:00
[2024-09-28T20:10:17.314+0000] {processor.py:208} INFO - Processing /home/airflow/.local/lib/python3.12/site-packages/airflow/example_dags/example_branch_python_dop_operator_3.py took 0.053 seconds
[2024-09-28T20:10:47.349+0000] {processor.py:186} INFO - Started process (PID=832) to work on /home/airflow/.local/lib/python3.12/site-packages/airflow/example_dags/example_branch_python_dop_operator_3.py
[2024-09-28T20:10:47.350+0000] {processor.py:914} INFO - Processing file /home/airflow/.local/lib/python3.12/site-packages/airflow/example_dags/example_branch_python_dop_operator_3.py for tasks to queue
[2024-09-28T20:10:47.352+0000] {logging_mixin.py:190} INFO - [2024-09-28T20:10:47.352+0000] {dagbag.py:588} INFO - Filling up the DagBag from /home/airflow/.local/lib/python3.12/site-packages/airflow/example_dags/example_branch_python_dop_operator_3.py
[2024-09-28T20:10:47.358+0000] {processor.py:925} INFO - DAG(s) 'example_branch_dop_operator_v3' retrieved from /home/airflow/.local/lib/python3.12/site-packages/airflow/example_dags/example_branch_python_dop_operator_3.py
[2024-09-28T20:10:47.370+0000] {logging_mixin.py:190} INFO - [2024-09-28T20:10:47.370+0000] {dag.py:3239} INFO - Sync 1 DAGs
[2024-09-28T20:10:47.386+0000] {logging_mixin.py:190} INFO - [2024-09-28T20:10:47.386+0000] {dag.py:4180} INFO - Setting next_dagrun for example_branch_dop_operator_v3 to 2024-09-28 20:09:00+00:00, run_after=2024-09-28 20:10:00+00:00
[2024-09-28T20:10:47.397+0000] {processor.py:208} INFO - Processing /home/airflow/.local/lib/python3.12/site-packages/airflow/example_dags/example_branch_python_dop_operator_3.py took 0.051 seconds
[2024-09-28T20:11:17.933+0000] {processor.py:186} INFO - Started process (PID=903) to work on /home/airflow/.local/lib/python3.12/site-packages/airflow/example_dags/example_branch_python_dop_operator_3.py
[2024-09-28T20:11:17.934+0000] {processor.py:914} INFO - Processing file /home/airflow/.local/lib/python3.12/site-packages/airflow/example_dags/example_branch_python_dop_operator_3.py for tasks to queue
[2024-09-28T20:11:17.936+0000] {logging_mixin.py:190} INFO - [2024-09-28T20:11:17.936+0000] {dagbag.py:588} INFO - Filling up the DagBag from /home/airflow/.local/lib/python3.12/site-packages/airflow/example_dags/example_branch_python_dop_operator_3.py
[2024-09-28T20:11:17.947+0000] {processor.py:925} INFO - DAG(s) 'example_branch_dop_operator_v3' retrieved from /home/airflow/.local/lib/python3.12/site-packages/airflow/example_dags/example_branch_python_dop_operator_3.py
[2024-09-28T20:11:17.967+0000] {logging_mixin.py:190} INFO - [2024-09-28T20:11:17.966+0000] {dag.py:3239} INFO - Sync 1 DAGs
[2024-09-28T20:11:17.992+0000] {logging_mixin.py:190} INFO - [2024-09-28T20:11:17.992+0000] {dag.py:4180} INFO - Setting next_dagrun for example_branch_dop_operator_v3 to 2024-09-28 20:10:00+00:00, run_after=2024-09-28 20:11:00+00:00
[2024-09-28T20:11:18.011+0000] {processor.py:208} INFO - Processing /home/airflow/.local/lib/python3.12/site-packages/airflow/example_dags/example_branch_python_dop_operator_3.py took 0.082 seconds
[2024-09-28T20:11:48.221+0000] {processor.py:186} INFO - Started process (PID=969) to work on /home/airflow/.local/lib/python3.12/site-packages/airflow/example_dags/example_branch_python_dop_operator_3.py
[2024-09-28T20:11:48.222+0000] {processor.py:914} INFO - Processing file /home/airflow/.local/lib/python3.12/site-packages/airflow/example_dags/example_branch_python_dop_operator_3.py for tasks to queue
[2024-09-28T20:11:48.224+0000] {logging_mixin.py:190} INFO - [2024-09-28T20:11:48.224+0000] {dagbag.py:588} INFO - Filling up the DagBag from /home/airflow/.local/lib/python3.12/site-packages/airflow/example_dags/example_branch_python_dop_operator_3.py
[2024-09-28T20:11:48.231+0000] {processor.py:925} INFO - DAG(s) 'example_branch_dop_operator_v3' retrieved from /home/airflow/.local/lib/python3.12/site-packages/airflow/example_dags/example_branch_python_dop_operator_3.py
[2024-09-28T20:11:48.246+0000] {logging_mixin.py:190} INFO - [2024-09-28T20:11:48.246+0000] {dag.py:3239} INFO - Sync 1 DAGs
[2024-09-28T20:11:48.263+0000] {logging_mixin.py:190} INFO - [2024-09-28T20:11:48.263+0000] {dag.py:4180} INFO - Setting next_dagrun for example_branch_dop_operator_v3 to 2024-09-28 20:10:00+00:00, run_after=2024-09-28 20:11:00+00:00
[2024-09-28T20:11:48.278+0000] {processor.py:208} INFO - Processing /home/airflow/.local/lib/python3.12/site-packages/airflow/example_dags/example_branch_python_dop_operator_3.py took 0.061 seconds
[2024-09-28T20:12:18.525+0000] {processor.py:186} INFO - Started process (PID=1035) to work on /home/airflow/.local/lib/python3.12/site-packages/airflow/example_dags/example_branch_python_dop_operator_3.py
[2024-09-28T20:12:18.526+0000] {processor.py:914} INFO - Processing file /home/airflow/.local/lib/python3.12/site-packages/airflow/example_dags/example_branch_python_dop_operator_3.py for tasks to queue
[2024-09-28T20:12:18.527+0000] {logging_mixin.py:190} INFO - [2024-09-28T20:12:18.527+0000] {dagbag.py:588} INFO - Filling up the DagBag from /home/airflow/.local/lib/python3.12/site-packages/airflow/example_dags/example_branch_python_dop_operator_3.py
[2024-09-28T20:12:18.534+0000] {processor.py:925} INFO - DAG(s) 'example_branch_dop_operator_v3' retrieved from /home/airflow/.local/lib/python3.12/site-packages/airflow/example_dags/example_branch_python_dop_operator_3.py
[2024-09-28T20:12:18.547+0000] {logging_mixin.py:190} INFO - [2024-09-28T20:12:18.547+0000] {dag.py:3239} INFO - Sync 1 DAGs
[2024-09-28T20:12:18.564+0000] {logging_mixin.py:190} INFO - [2024-09-28T20:12:18.564+0000] {dag.py:4180} INFO - Setting next_dagrun for example_branch_dop_operator_v3 to 2024-09-28 20:11:00+00:00, run_after=2024-09-28 20:12:00+00:00
[2024-09-28T20:12:18.577+0000] {processor.py:208} INFO - Processing /home/airflow/.local/lib/python3.12/site-packages/airflow/example_dags/example_branch_python_dop_operator_3.py took 0.056 seconds
[2024-09-28T20:12:49.514+0000] {processor.py:186} INFO - Started process (PID=1101) to work on /home/airflow/.local/lib/python3.12/site-packages/airflow/example_dags/example_branch_python_dop_operator_3.py
[2024-09-28T20:12:49.514+0000] {processor.py:914} INFO - Processing file /home/airflow/.local/lib/python3.12/site-packages/airflow/example_dags/example_branch_python_dop_operator_3.py for tasks to queue
[2024-09-28T20:12:49.516+0000] {logging_mixin.py:190} INFO - [2024-09-28T20:12:49.516+0000] {dagbag.py:588} INFO - Filling up the DagBag from /home/airflow/.local/lib/python3.12/site-packages/airflow/example_dags/example_branch_python_dop_operator_3.py
[2024-09-28T20:12:49.523+0000] {processor.py:925} INFO - DAG(s) 'example_branch_dop_operator_v3' retrieved from /home/airflow/.local/lib/python3.12/site-packages/airflow/example_dags/example_branch_python_dop_operator_3.py
[2024-09-28T20:12:49.537+0000] {logging_mixin.py:190} INFO - [2024-09-28T20:12:49.536+0000] {dag.py:3239} INFO - Sync 1 DAGs
[2024-09-28T20:12:49.554+0000] {logging_mixin.py:190} INFO - [2024-09-28T20:12:49.553+0000] {dag.py:4180} INFO - Setting next_dagrun for example_branch_dop_operator_v3 to 2024-09-28 20:11:00+00:00, run_after=2024-09-28 20:12:00+00:00
[2024-09-28T20:12:49.567+0000] {processor.py:208} INFO - Processing /home/airflow/.local/lib/python3.12/site-packages/airflow/example_dags/example_branch_python_dop_operator_3.py took 0.057 seconds
[2024-09-28T20:13:19.915+0000] {processor.py:186} INFO - Started process (PID=1167) to work on /home/airflow/.local/lib/python3.12/site-packages/airflow/example_dags/example_branch_python_dop_operator_3.py
[2024-09-28T20:13:19.916+0000] {processor.py:914} INFO - Processing file /home/airflow/.local/lib/python3.12/site-packages/airflow/example_dags/example_branch_python_dop_operator_3.py for tasks to queue
[2024-09-28T20:13:19.918+0000] {logging_mixin.py:190} INFO - [2024-09-28T20:13:19.918+0000] {dagbag.py:588} INFO - Filling up the DagBag from /home/airflow/.local/lib/python3.12/site-packages/airflow/example_dags/example_branch_python_dop_operator_3.py
[2024-09-28T20:13:19.924+0000] {processor.py:925} INFO - DAG(s) 'example_branch_dop_operator_v3' retrieved from /home/airflow/.local/lib/python3.12/site-packages/airflow/example_dags/example_branch_python_dop_operator_3.py
[2024-09-28T20:13:19.939+0000] {logging_mixin.py:190} INFO - [2024-09-28T20:13:19.939+0000] {dag.py:3239} INFO - Sync 1 DAGs
[2024-09-28T20:13:19.956+0000] {logging_mixin.py:190} INFO - [2024-09-28T20:13:19.956+0000] {dag.py:4180} INFO - Setting next_dagrun for example_branch_dop_operator_v3 to 2024-09-28 20:12:00+00:00, run_after=2024-09-28 20:13:00+00:00
[2024-09-28T20:13:19.968+0000] {processor.py:208} INFO - Processing /home/airflow/.local/lib/python3.12/site-packages/airflow/example_dags/example_branch_python_dop_operator_3.py took 0.057 seconds
[2024-09-28T20:13:50.277+0000] {processor.py:186} INFO - Started process (PID=1232) to work on /home/airflow/.local/lib/python3.12/site-packages/airflow/example_dags/example_branch_python_dop_operator_3.py
[2024-09-28T20:13:50.278+0000] {processor.py:914} INFO - Processing file /home/airflow/.local/lib/python3.12/site-packages/airflow/example_dags/example_branch_python_dop_operator_3.py for tasks to queue
[2024-09-28T20:13:50.280+0000] {logging_mixin.py:190} INFO - [2024-09-28T20:13:50.280+0000] {dagbag.py:588} INFO - Filling up the DagBag from /home/airflow/.local/lib/python3.12/site-packages/airflow/example_dags/example_branch_python_dop_operator_3.py
[2024-09-28T20:13:50.288+0000] {processor.py:925} INFO - DAG(s) 'example_branch_dop_operator_v3' retrieved from /home/airflow/.local/lib/python3.12/site-packages/airflow/example_dags/example_branch_python_dop_operator_3.py
[2024-09-28T20:13:50.301+0000] {logging_mixin.py:190} INFO - [2024-09-28T20:13:50.301+0000] {dag.py:3239} INFO - Sync 1 DAGs
[2024-09-28T20:13:50.320+0000] {logging_mixin.py:190} INFO - [2024-09-28T20:13:50.320+0000] {dag.py:4180} INFO - Setting next_dagrun for example_branch_dop_operator_v3 to 2024-09-28 20:12:00+00:00, run_after=2024-09-28 20:13:00+00:00
[2024-09-28T20:13:50.332+0000] {processor.py:208} INFO - Processing /home/airflow/.local/lib/python3.12/site-packages/airflow/example_dags/example_branch_python_dop_operator_3.py took 0.059 seconds
[2024-09-28T20:14:20.662+0000] {processor.py:186} INFO - Started process (PID=1298) to work on /home/airflow/.local/lib/python3.12/site-packages/airflow/example_dags/example_branch_python_dop_operator_3.py
[2024-09-28T20:14:20.663+0000] {processor.py:914} INFO - Processing file /home/airflow/.local/lib/python3.12/site-packages/airflow/example_dags/example_branch_python_dop_operator_3.py for tasks to queue
[2024-09-28T20:14:20.665+0000] {logging_mixin.py:190} INFO - [2024-09-28T20:14:20.664+0000] {dagbag.py:588} INFO - Filling up the DagBag from /home/airflow/.local/lib/python3.12/site-packages/airflow/example_dags/example_branch_python_dop_operator_3.py
[2024-09-28T20:14:20.671+0000] {processor.py:925} INFO - DAG(s) 'example_branch_dop_operator_v3' retrieved from /home/airflow/.local/lib/python3.12/site-packages/airflow/example_dags/example_branch_python_dop_operator_3.py
[2024-09-28T20:14:20.685+0000] {logging_mixin.py:190} INFO - [2024-09-28T20:14:20.684+0000] {dag.py:3239} INFO - Sync 1 DAGs
[2024-09-28T20:14:20.702+0000] {logging_mixin.py:190} INFO - [2024-09-28T20:14:20.702+0000] {dag.py:4180} INFO - Setting next_dagrun for example_branch_dop_operator_v3 to 2024-09-28 20:13:00+00:00, run_after=2024-09-28 20:14:00+00:00
[2024-09-28T20:14:20.715+0000] {processor.py:208} INFO - Processing /home/airflow/.local/lib/python3.12/site-packages/airflow/example_dags/example_branch_python_dop_operator_3.py took 0.056 seconds
[2024-09-28T20:14:50.924+0000] {processor.py:186} INFO - Started process (PID=1364) to work on /home/airflow/.local/lib/python3.12/site-packages/airflow/example_dags/example_branch_python_dop_operator_3.py
[2024-09-28T20:14:50.924+0000] {processor.py:914} INFO - Processing file /home/airflow/.local/lib/python3.12/site-packages/airflow/example_dags/example_branch_python_dop_operator_3.py for tasks to queue
[2024-09-28T20:14:50.926+0000] {logging_mixin.py:190} INFO - [2024-09-28T20:14:50.926+0000] {dagbag.py:588} INFO - Filling up the DagBag from /home/airflow/.local/lib/python3.12/site-packages/airflow/example_dags/example_branch_python_dop_operator_3.py
[2024-09-28T20:14:50.932+0000] {processor.py:925} INFO - DAG(s) 'example_branch_dop_operator_v3' retrieved from /home/airflow/.local/lib/python3.12/site-packages/airflow/example_dags/example_branch_python_dop_operator_3.py
[2024-09-28T20:14:50.945+0000] {logging_mixin.py:190} INFO - [2024-09-28T20:14:50.945+0000] {dag.py:3239} INFO - Sync 1 DAGs
[2024-09-28T20:14:50.962+0000] {logging_mixin.py:190} INFO - [2024-09-28T20:14:50.962+0000] {dag.py:4180} INFO - Setting next_dagrun for example_branch_dop_operator_v3 to 2024-09-28 20:13:00+00:00, run_after=2024-09-28 20:14:00+00:00
[2024-09-28T20:14:50.974+0000] {processor.py:208} INFO - Processing /home/airflow/.local/lib/python3.12/site-packages/airflow/example_dags/example_branch_python_dop_operator_3.py took 0.054 seconds
[2024-09-28T20:15:21.417+0000] {processor.py:186} INFO - Started process (PID=1430) to work on /home/airflow/.local/lib/python3.12/site-packages/airflow/example_dags/example_branch_python_dop_operator_3.py
[2024-09-28T20:15:21.418+0000] {processor.py:914} INFO - Processing file /home/airflow/.local/lib/python3.12/site-packages/airflow/example_dags/example_branch_python_dop_operator_3.py for tasks to queue
[2024-09-28T20:15:21.420+0000] {logging_mixin.py:190} INFO - [2024-09-28T20:15:21.419+0000] {dagbag.py:588} INFO - Filling up the DagBag from /home/airflow/.local/lib/python3.12/site-packages/airflow/example_dags/example_branch_python_dop_operator_3.py
[2024-09-28T20:15:21.427+0000] {processor.py:925} INFO - DAG(s) 'example_branch_dop_operator_v3' retrieved from /home/airflow/.local/lib/python3.12/site-packages/airflow/example_dags/example_branch_python_dop_operator_3.py
[2024-09-28T20:15:21.440+0000] {logging_mixin.py:190} INFO - [2024-09-28T20:15:21.440+0000] {dag.py:3239} INFO - Sync 1 DAGs
[2024-09-28T20:15:21.456+0000] {logging_mixin.py:190} INFO - [2024-09-28T20:15:21.456+0000] {dag.py:4180} INFO - Setting next_dagrun for example_branch_dop_operator_v3 to 2024-09-28 20:14:00+00:00, run_after=2024-09-28 20:15:00+00:00
[2024-09-28T20:15:21.468+0000] {processor.py:208} INFO - Processing /home/airflow/.local/lib/python3.12/site-packages/airflow/example_dags/example_branch_python_dop_operator_3.py took 0.054 seconds
[2024-09-28T20:16:31.540+0000] {processor.py:186} INFO - Started process (PID=141) to work on /home/airflow/.local/lib/python3.12/site-packages/airflow/example_dags/example_branch_python_dop_operator_3.py
[2024-09-28T20:16:31.541+0000] {processor.py:914} INFO - Processing file /home/airflow/.local/lib/python3.12/site-packages/airflow/example_dags/example_branch_python_dop_operator_3.py for tasks to queue
[2024-09-28T20:16:31.543+0000] {logging_mixin.py:190} INFO - [2024-09-28T20:16:31.543+0000] {dagbag.py:588} INFO - Filling up the DagBag from /home/airflow/.local/lib/python3.12/site-packages/airflow/example_dags/example_branch_python_dop_operator_3.py
[2024-09-28T20:16:31.550+0000] {processor.py:925} INFO - DAG(s) 'example_branch_dop_operator_v3' retrieved from /home/airflow/.local/lib/python3.12/site-packages/airflow/example_dags/example_branch_python_dop_operator_3.py
[2024-09-28T20:16:31.563+0000] {logging_mixin.py:190} INFO - [2024-09-28T20:16:31.563+0000] {dag.py:3239} INFO - Sync 1 DAGs
[2024-09-28T20:16:31.580+0000] {logging_mixin.py:190} INFO - [2024-09-28T20:16:31.580+0000] {dag.py:4180} INFO - Setting next_dagrun for example_branch_dop_operator_v3 to 2024-09-28 20:15:00+00:00, run_after=2024-09-28 20:16:00+00:00
[2024-09-28T20:16:31.593+0000] {processor.py:208} INFO - Processing /home/airflow/.local/lib/python3.12/site-packages/airflow/example_dags/example_branch_python_dop_operator_3.py took 0.056 seconds
[2024-09-28T20:17:01.863+0000] {processor.py:186} INFO - Started process (PID=209) to work on /home/airflow/.local/lib/python3.12/site-packages/airflow/example_dags/example_branch_python_dop_operator_3.py
[2024-09-28T20:17:01.864+0000] {processor.py:914} INFO - Processing file /home/airflow/.local/lib/python3.12/site-packages/airflow/example_dags/example_branch_python_dop_operator_3.py for tasks to queue
[2024-09-28T20:17:01.865+0000] {logging_mixin.py:190} INFO - [2024-09-28T20:17:01.865+0000] {dagbag.py:588} INFO - Filling up the DagBag from /home/airflow/.local/lib/python3.12/site-packages/airflow/example_dags/example_branch_python_dop_operator_3.py
[2024-09-28T20:17:01.872+0000] {processor.py:925} INFO - DAG(s) 'example_branch_dop_operator_v3' retrieved from /home/airflow/.local/lib/python3.12/site-packages/airflow/example_dags/example_branch_python_dop_operator_3.py
[2024-09-28T20:17:01.885+0000] {logging_mixin.py:190} INFO - [2024-09-28T20:17:01.885+0000] {dag.py:3239} INFO - Sync 1 DAGs
[2024-09-28T20:17:01.907+0000] {logging_mixin.py:190} INFO - [2024-09-28T20:17:01.906+0000] {dag.py:4180} INFO - Setting next_dagrun for example_branch_dop_operator_v3 to 2024-09-28 20:16:00+00:00, run_after=2024-09-28 20:17:00+00:00
[2024-09-28T20:17:01.920+0000] {processor.py:208} INFO - Processing /home/airflow/.local/lib/python3.12/site-packages/airflow/example_dags/example_branch_python_dop_operator_3.py took 0.061 seconds
[2024-09-28T20:17:32.388+0000] {processor.py:186} INFO - Started process (PID=277) to work on /home/airflow/.local/lib/python3.12/site-packages/airflow/example_dags/example_branch_python_dop_operator_3.py
[2024-09-28T20:17:32.389+0000] {processor.py:914} INFO - Processing file /home/airflow/.local/lib/python3.12/site-packages/airflow/example_dags/example_branch_python_dop_operator_3.py for tasks to queue
[2024-09-28T20:17:32.391+0000] {logging_mixin.py:190} INFO - [2024-09-28T20:17:32.391+0000] {dagbag.py:588} INFO - Filling up the DagBag from /home/airflow/.local/lib/python3.12/site-packages/airflow/example_dags/example_branch_python_dop_operator_3.py
[2024-09-28T20:17:32.398+0000] {processor.py:925} INFO - DAG(s) 'example_branch_dop_operator_v3' retrieved from /home/airflow/.local/lib/python3.12/site-packages/airflow/example_dags/example_branch_python_dop_operator_3.py
[2024-09-28T20:17:32.411+0000] {logging_mixin.py:190} INFO - [2024-09-28T20:17:32.411+0000] {dag.py:3239} INFO - Sync 1 DAGs
[2024-09-28T20:17:32.430+0000] {logging_mixin.py:190} INFO - [2024-09-28T20:17:32.429+0000] {dag.py:4180} INFO - Setting next_dagrun for example_branch_dop_operator_v3 to 2024-09-28 20:16:00+00:00, run_after=2024-09-28 20:17:00+00:00
[2024-09-28T20:17:32.443+0000] {processor.py:208} INFO - Processing /home/airflow/.local/lib/python3.12/site-packages/airflow/example_dags/example_branch_python_dop_operator_3.py took 0.058 seconds
[2024-09-28T20:18:02.739+0000] {processor.py:186} INFO - Started process (PID=345) to work on /home/airflow/.local/lib/python3.12/site-packages/airflow/example_dags/example_branch_python_dop_operator_3.py
[2024-09-28T20:18:02.740+0000] {processor.py:914} INFO - Processing file /home/airflow/.local/lib/python3.12/site-packages/airflow/example_dags/example_branch_python_dop_operator_3.py for tasks to queue
[2024-09-28T20:18:02.742+0000] {logging_mixin.py:190} INFO - [2024-09-28T20:18:02.742+0000] {dagbag.py:588} INFO - Filling up the DagBag from /home/airflow/.local/lib/python3.12/site-packages/airflow/example_dags/example_branch_python_dop_operator_3.py
[2024-09-28T20:18:02.749+0000] {processor.py:925} INFO - DAG(s) 'example_branch_dop_operator_v3' retrieved from /home/airflow/.local/lib/python3.12/site-packages/airflow/example_dags/example_branch_python_dop_operator_3.py
[2024-09-28T20:18:02.762+0000] {logging_mixin.py:190} INFO - [2024-09-28T20:18:02.762+0000] {dag.py:3239} INFO - Sync 1 DAGs
[2024-09-28T20:18:02.779+0000] {logging_mixin.py:190} INFO - [2024-09-28T20:18:02.779+0000] {dag.py:4180} INFO - Setting next_dagrun for example_branch_dop_operator_v3 to 2024-09-28 20:17:00+00:00, run_after=2024-09-28 20:18:00+00:00
[2024-09-28T20:18:02.791+0000] {processor.py:208} INFO - Processing /home/airflow/.local/lib/python3.12/site-packages/airflow/example_dags/example_branch_python_dop_operator_3.py took 0.056 seconds
[2024-09-28T20:18:33.103+0000] {processor.py:186} INFO - Started process (PID=411) to work on /home/airflow/.local/lib/python3.12/site-packages/airflow/example_dags/example_branch_python_dop_operator_3.py
[2024-09-28T20:18:33.104+0000] {processor.py:914} INFO - Processing file /home/airflow/.local/lib/python3.12/site-packages/airflow/example_dags/example_branch_python_dop_operator_3.py for tasks to queue
[2024-09-28T20:18:33.105+0000] {logging_mixin.py:190} INFO - [2024-09-28T20:18:33.105+0000] {dagbag.py:588} INFO - Filling up the DagBag from /home/airflow/.local/lib/python3.12/site-packages/airflow/example_dags/example_branch_python_dop_operator_3.py
[2024-09-28T20:18:33.111+0000] {processor.py:925} INFO - DAG(s) 'example_branch_dop_operator_v3' retrieved from /home/airflow/.local/lib/python3.12/site-packages/airflow/example_dags/example_branch_python_dop_operator_3.py
[2024-09-28T20:18:33.124+0000] {logging_mixin.py:190} INFO - [2024-09-28T20:18:33.124+0000] {dag.py:3239} INFO - Sync 1 DAGs
[2024-09-28T20:18:33.149+0000] {logging_mixin.py:190} INFO - [2024-09-28T20:18:33.149+0000] {dag.py:4180} INFO - Setting next_dagrun for example_branch_dop_operator_v3 to 2024-09-28 20:17:00+00:00, run_after=2024-09-28 20:18:00+00:00
[2024-09-28T20:18:33.160+0000] {processor.py:208} INFO - Processing /home/airflow/.local/lib/python3.12/site-packages/airflow/example_dags/example_branch_python_dop_operator_3.py took 0.061 seconds
[2024-09-28T20:19:03.421+0000] {processor.py:186} INFO - Started process (PID=477) to work on /home/airflow/.local/lib/python3.12/site-packages/airflow/example_dags/example_branch_python_dop_operator_3.py
[2024-09-28T20:19:03.422+0000] {processor.py:914} INFO - Processing file /home/airflow/.local/lib/python3.12/site-packages/airflow/example_dags/example_branch_python_dop_operator_3.py for tasks to queue
[2024-09-28T20:19:03.423+0000] {logging_mixin.py:190} INFO - [2024-09-28T20:19:03.423+0000] {dagbag.py:588} INFO - Filling up the DagBag from /home/airflow/.local/lib/python3.12/site-packages/airflow/example_dags/example_branch_python_dop_operator_3.py
[2024-09-28T20:19:03.431+0000] {processor.py:925} INFO - DAG(s) 'example_branch_dop_operator_v3' retrieved from /home/airflow/.local/lib/python3.12/site-packages/airflow/example_dags/example_branch_python_dop_operator_3.py
[2024-09-28T20:19:03.446+0000] {logging_mixin.py:190} INFO - [2024-09-28T20:19:03.445+0000] {dag.py:3239} INFO - Sync 1 DAGs
[2024-09-28T20:19:03.463+0000] {logging_mixin.py:190} INFO - [2024-09-28T20:19:03.463+0000] {dag.py:4180} INFO - Setting next_dagrun for example_branch_dop_operator_v3 to 2024-09-28 20:18:00+00:00, run_after=2024-09-28 20:19:00+00:00
[2024-09-28T20:19:03.476+0000] {processor.py:208} INFO - Processing /home/airflow/.local/lib/python3.12/site-packages/airflow/example_dags/example_branch_python_dop_operator_3.py took 0.060 seconds
[2024-09-28T20:19:33.803+0000] {processor.py:186} INFO - Started process (PID=543) to work on /home/airflow/.local/lib/python3.12/site-packages/airflow/example_dags/example_branch_python_dop_operator_3.py
[2024-09-28T20:19:33.804+0000] {processor.py:914} INFO - Processing file /home/airflow/.local/lib/python3.12/site-packages/airflow/example_dags/example_branch_python_dop_operator_3.py for tasks to queue
[2024-09-28T20:19:33.805+0000] {logging_mixin.py:190} INFO - [2024-09-28T20:19:33.805+0000] {dagbag.py:588} INFO - Filling up the DagBag from /home/airflow/.local/lib/python3.12/site-packages/airflow/example_dags/example_branch_python_dop_operator_3.py
[2024-09-28T20:19:33.811+0000] {processor.py:925} INFO - DAG(s) 'example_branch_dop_operator_v3' retrieved from /home/airflow/.local/lib/python3.12/site-packages/airflow/example_dags/example_branch_python_dop_operator_3.py
[2024-09-28T20:19:33.825+0000] {logging_mixin.py:190} INFO - [2024-09-28T20:19:33.824+0000] {dag.py:3239} INFO - Sync 1 DAGs
[2024-09-28T20:19:33.842+0000] {logging_mixin.py:190} INFO - [2024-09-28T20:19:33.842+0000] {dag.py:4180} INFO - Setting next_dagrun for example_branch_dop_operator_v3 to 2024-09-28 20:18:00+00:00, run_after=2024-09-28 20:19:00+00:00
[2024-09-28T20:19:33.856+0000] {processor.py:208} INFO - Processing /home/airflow/.local/lib/python3.12/site-packages/airflow/example_dags/example_branch_python_dop_operator_3.py took 0.056 seconds
[2024-09-28T20:20:04.116+0000] {processor.py:186} INFO - Started process (PID=610) to work on /home/airflow/.local/lib/python3.12/site-packages/airflow/example_dags/example_branch_python_dop_operator_3.py
[2024-09-28T20:20:04.117+0000] {processor.py:914} INFO - Processing file /home/airflow/.local/lib/python3.12/site-packages/airflow/example_dags/example_branch_python_dop_operator_3.py for tasks to queue
[2024-09-28T20:20:04.118+0000] {logging_mixin.py:190} INFO - [2024-09-28T20:20:04.118+0000] {dagbag.py:588} INFO - Filling up the DagBag from /home/airflow/.local/lib/python3.12/site-packages/airflow/example_dags/example_branch_python_dop_operator_3.py
[2024-09-28T20:20:04.124+0000] {processor.py:925} INFO - DAG(s) 'example_branch_dop_operator_v3' retrieved from /home/airflow/.local/lib/python3.12/site-packages/airflow/example_dags/example_branch_python_dop_operator_3.py
[2024-09-28T20:20:04.139+0000] {logging_mixin.py:190} INFO - [2024-09-28T20:20:04.139+0000] {dag.py:3239} INFO - Sync 1 DAGs
[2024-09-28T20:20:04.156+0000] {logging_mixin.py:190} INFO - [2024-09-28T20:20:04.156+0000] {dag.py:4180} INFO - Setting next_dagrun for example_branch_dop_operator_v3 to 2024-09-28 20:19:00+00:00, run_after=2024-09-28 20:20:00+00:00
[2024-09-28T20:20:04.169+0000] {processor.py:208} INFO - Processing /home/airflow/.local/lib/python3.12/site-packages/airflow/example_dags/example_branch_python_dop_operator_3.py took 0.057 seconds
[2024-09-28T20:20:34.490+0000] {processor.py:186} INFO - Started process (PID=676) to work on /home/airflow/.local/lib/python3.12/site-packages/airflow/example_dags/example_branch_python_dop_operator_3.py
[2024-09-28T20:20:34.491+0000] {processor.py:914} INFO - Processing file /home/airflow/.local/lib/python3.12/site-packages/airflow/example_dags/example_branch_python_dop_operator_3.py for tasks to queue
[2024-09-28T20:20:34.493+0000] {logging_mixin.py:190} INFO - [2024-09-28T20:20:34.493+0000] {dagbag.py:588} INFO - Filling up the DagBag from /home/airflow/.local/lib/python3.12/site-packages/airflow/example_dags/example_branch_python_dop_operator_3.py
[2024-09-28T20:20:34.499+0000] {processor.py:925} INFO - DAG(s) 'example_branch_dop_operator_v3' retrieved from /home/airflow/.local/lib/python3.12/site-packages/airflow/example_dags/example_branch_python_dop_operator_3.py
[2024-09-28T20:20:34.513+0000] {logging_mixin.py:190} INFO - [2024-09-28T20:20:34.513+0000] {dag.py:3239} INFO - Sync 1 DAGs
[2024-09-28T20:20:34.530+0000] {logging_mixin.py:190} INFO - [2024-09-28T20:20:34.530+0000] {dag.py:4180} INFO - Setting next_dagrun for example_branch_dop_operator_v3 to 2024-09-28 20:19:00+00:00, run_after=2024-09-28 20:20:00+00:00
[2024-09-28T20:20:34.543+0000] {processor.py:208} INFO - Processing /home/airflow/.local/lib/python3.12/site-packages/airflow/example_dags/example_branch_python_dop_operator_3.py took 0.056 seconds
