[2024-09-28T19:52:50.686+0000] {processor.py:186} INFO - Started process (PID=96) to work on /home/airflow/.local/lib/python3.12/site-packages/airflow/example_dags/example_python_operator.py
[2024-09-28T19:52:50.686+0000] {processor.py:914} INFO - Processing file /home/airflow/.local/lib/python3.12/site-packages/airflow/example_dags/example_python_operator.py for tasks to queue
[2024-09-28T19:52:50.688+0000] {logging_mixin.py:190} INFO - [2024-09-28T19:52:50.688+0000] {dagbag.py:588} INFO - Filling up the DagBag from /home/airflow/.local/lib/python3.12/site-packages/airflow/example_dags/example_python_operator.py
[2024-09-28T19:52:50.696+0000] {processor.py:925} INFO - DAG(s) 'example_python_operator' retrieved from /home/airflow/.local/lib/python3.12/site-packages/airflow/example_dags/example_python_operator.py
[2024-09-28T19:52:50.771+0000] {logging_mixin.py:190} INFO - [2024-09-28T19:52:50.771+0000] {override.py:1900} INFO - Created Permission View: can edit on DAG:example_python_operator
[2024-09-28T19:52:50.778+0000] {logging_mixin.py:190} INFO - [2024-09-28T19:52:50.778+0000] {override.py:1900} INFO - Created Permission View: can delete on DAG:example_python_operator
[2024-09-28T19:52:50.782+0000] {logging_mixin.py:190} INFO - [2024-09-28T19:52:50.782+0000] {override.py:1900} INFO - Created Permission View: can read on DAG:example_python_operator
[2024-09-28T19:52:50.787+0000] {logging_mixin.py:190} INFO - [2024-09-28T19:52:50.787+0000] {override.py:1900} INFO - Created Permission View: can delete on DAG Run:example_python_operator
[2024-09-28T19:52:50.791+0000] {logging_mixin.py:190} INFO - [2024-09-28T19:52:50.791+0000] {override.py:1900} INFO - Created Permission View: can read on DAG Run:example_python_operator
[2024-09-28T19:52:50.795+0000] {logging_mixin.py:190} INFO - [2024-09-28T19:52:50.794+0000] {override.py:1900} INFO - Created Permission View: can create on DAG Run:example_python_operator
[2024-09-28T19:52:50.798+0000] {logging_mixin.py:190} INFO - [2024-09-28T19:52:50.798+0000] {override.py:1900} INFO - Created Permission View: menu access on DAG Run:example_python_operator
[2024-09-28T19:52:50.799+0000] {logging_mixin.py:190} INFO - [2024-09-28T19:52:50.799+0000] {dag.py:3239} INFO - Sync 1 DAGs
[2024-09-28T19:52:50.809+0000] {logging_mixin.py:190} INFO - [2024-09-28T19:52:50.809+0000] {dag.py:3262} INFO - Creating ORM DAG for example_python_operator
[2024-09-28T19:52:50.810+0000] {logging_mixin.py:190} INFO - [2024-09-28T19:52:50.810+0000] {dag.py:4180} INFO - Setting next_dagrun for example_python_operator to None, run_after=None
[2024-09-28T19:52:50.821+0000] {processor.py:208} INFO - Processing /home/airflow/.local/lib/python3.12/site-packages/airflow/example_dags/example_python_operator.py took 0.139 seconds
[2024-09-28T19:53:20.983+0000] {processor.py:186} INFO - Started process (PID=161) to work on /home/airflow/.local/lib/python3.12/site-packages/airflow/example_dags/example_python_operator.py
[2024-09-28T19:53:20.988+0000] {processor.py:914} INFO - Processing file /home/airflow/.local/lib/python3.12/site-packages/airflow/example_dags/example_python_operator.py for tasks to queue
[2024-09-28T19:53:20.990+0000] {logging_mixin.py:190} INFO - [2024-09-28T19:53:20.990+0000] {dagbag.py:588} INFO - Filling up the DagBag from /home/airflow/.local/lib/python3.12/site-packages/airflow/example_dags/example_python_operator.py
[2024-09-28T19:53:20.999+0000] {processor.py:925} INFO - DAG(s) 'example_python_operator' retrieved from /home/airflow/.local/lib/python3.12/site-packages/airflow/example_dags/example_python_operator.py
[2024-09-28T19:53:21.015+0000] {logging_mixin.py:190} INFO - [2024-09-28T19:53:21.015+0000] {dag.py:3239} INFO - Sync 1 DAGs
[2024-09-28T19:53:21.025+0000] {logging_mixin.py:190} INFO - [2024-09-28T19:53:21.024+0000] {dag.py:4180} INFO - Setting next_dagrun for example_python_operator to None, run_after=None
[2024-09-28T19:53:21.037+0000] {processor.py:208} INFO - Processing /home/airflow/.local/lib/python3.12/site-packages/airflow/example_dags/example_python_operator.py took 0.059 seconds
[2024-09-28T19:53:51.381+0000] {processor.py:186} INFO - Started process (PID=226) to work on /home/airflow/.local/lib/python3.12/site-packages/airflow/example_dags/example_python_operator.py
[2024-09-28T19:53:51.382+0000] {processor.py:914} INFO - Processing file /home/airflow/.local/lib/python3.12/site-packages/airflow/example_dags/example_python_operator.py for tasks to queue
[2024-09-28T19:53:51.385+0000] {logging_mixin.py:190} INFO - [2024-09-28T19:53:51.384+0000] {dagbag.py:588} INFO - Filling up the DagBag from /home/airflow/.local/lib/python3.12/site-packages/airflow/example_dags/example_python_operator.py
[2024-09-28T19:53:51.394+0000] {processor.py:925} INFO - DAG(s) 'example_python_operator' retrieved from /home/airflow/.local/lib/python3.12/site-packages/airflow/example_dags/example_python_operator.py
[2024-09-28T19:53:51.412+0000] {logging_mixin.py:190} INFO - [2024-09-28T19:53:51.412+0000] {dag.py:3239} INFO - Sync 1 DAGs
[2024-09-28T19:53:51.423+0000] {logging_mixin.py:190} INFO - [2024-09-28T19:53:51.423+0000] {dag.py:4180} INFO - Setting next_dagrun for example_python_operator to None, run_after=None
[2024-09-28T19:53:51.436+0000] {processor.py:208} INFO - Processing /home/airflow/.local/lib/python3.12/site-packages/airflow/example_dags/example_python_operator.py took 0.059 seconds
[2024-09-28T19:54:21.785+0000] {processor.py:186} INFO - Started process (PID=291) to work on /home/airflow/.local/lib/python3.12/site-packages/airflow/example_dags/example_python_operator.py
[2024-09-28T19:54:21.786+0000] {processor.py:914} INFO - Processing file /home/airflow/.local/lib/python3.12/site-packages/airflow/example_dags/example_python_operator.py for tasks to queue
[2024-09-28T19:54:21.788+0000] {logging_mixin.py:190} INFO - [2024-09-28T19:54:21.788+0000] {dagbag.py:588} INFO - Filling up the DagBag from /home/airflow/.local/lib/python3.12/site-packages/airflow/example_dags/example_python_operator.py
[2024-09-28T19:54:21.796+0000] {processor.py:925} INFO - DAG(s) 'example_python_operator' retrieved from /home/airflow/.local/lib/python3.12/site-packages/airflow/example_dags/example_python_operator.py
[2024-09-28T19:54:21.812+0000] {logging_mixin.py:190} INFO - [2024-09-28T19:54:21.812+0000] {dag.py:3239} INFO - Sync 1 DAGs
[2024-09-28T19:54:21.822+0000] {logging_mixin.py:190} INFO - [2024-09-28T19:54:21.822+0000] {dag.py:4180} INFO - Setting next_dagrun for example_python_operator to None, run_after=None
[2024-09-28T19:54:21.835+0000] {processor.py:208} INFO - Processing /home/airflow/.local/lib/python3.12/site-packages/airflow/example_dags/example_python_operator.py took 0.053 seconds
[2024-09-28T19:54:51.999+0000] {processor.py:186} INFO - Started process (PID=355) to work on /home/airflow/.local/lib/python3.12/site-packages/airflow/example_dags/example_python_operator.py
[2024-09-28T19:54:52.000+0000] {processor.py:914} INFO - Processing file /home/airflow/.local/lib/python3.12/site-packages/airflow/example_dags/example_python_operator.py for tasks to queue
[2024-09-28T19:54:52.002+0000] {logging_mixin.py:190} INFO - [2024-09-28T19:54:52.002+0000] {dagbag.py:588} INFO - Filling up the DagBag from /home/airflow/.local/lib/python3.12/site-packages/airflow/example_dags/example_python_operator.py
[2024-09-28T19:54:52.010+0000] {processor.py:925} INFO - DAG(s) 'example_python_operator' retrieved from /home/airflow/.local/lib/python3.12/site-packages/airflow/example_dags/example_python_operator.py
[2024-09-28T19:54:52.025+0000] {logging_mixin.py:190} INFO - [2024-09-28T19:54:52.025+0000] {dag.py:3239} INFO - Sync 1 DAGs
[2024-09-28T19:54:52.034+0000] {logging_mixin.py:190} INFO - [2024-09-28T19:54:52.034+0000] {dag.py:4180} INFO - Setting next_dagrun for example_python_operator to None, run_after=None
[2024-09-28T19:54:52.046+0000] {processor.py:208} INFO - Processing /home/airflow/.local/lib/python3.12/site-packages/airflow/example_dags/example_python_operator.py took 0.051 seconds
[2024-09-28T19:55:22.658+0000] {processor.py:186} INFO - Started process (PID=421) to work on /home/airflow/.local/lib/python3.12/site-packages/airflow/example_dags/example_python_operator.py
[2024-09-28T19:55:22.658+0000] {processor.py:914} INFO - Processing file /home/airflow/.local/lib/python3.12/site-packages/airflow/example_dags/example_python_operator.py for tasks to queue
[2024-09-28T19:55:22.660+0000] {logging_mixin.py:190} INFO - [2024-09-28T19:55:22.660+0000] {dagbag.py:588} INFO - Filling up the DagBag from /home/airflow/.local/lib/python3.12/site-packages/airflow/example_dags/example_python_operator.py
[2024-09-28T19:55:22.667+0000] {processor.py:925} INFO - DAG(s) 'example_python_operator' retrieved from /home/airflow/.local/lib/python3.12/site-packages/airflow/example_dags/example_python_operator.py
[2024-09-28T19:55:22.682+0000] {logging_mixin.py:190} INFO - [2024-09-28T19:55:22.682+0000] {dag.py:3239} INFO - Sync 1 DAGs
[2024-09-28T19:55:22.692+0000] {logging_mixin.py:190} INFO - [2024-09-28T19:55:22.691+0000] {dag.py:4180} INFO - Setting next_dagrun for example_python_operator to None, run_after=None
[2024-09-28T19:55:22.705+0000] {processor.py:208} INFO - Processing /home/airflow/.local/lib/python3.12/site-packages/airflow/example_dags/example_python_operator.py took 0.051 seconds
[2024-09-28T19:55:53.014+0000] {processor.py:186} INFO - Started process (PID=487) to work on /home/airflow/.local/lib/python3.12/site-packages/airflow/example_dags/example_python_operator.py
[2024-09-28T19:55:53.015+0000] {processor.py:914} INFO - Processing file /home/airflow/.local/lib/python3.12/site-packages/airflow/example_dags/example_python_operator.py for tasks to queue
[2024-09-28T19:55:53.017+0000] {logging_mixin.py:190} INFO - [2024-09-28T19:55:53.017+0000] {dagbag.py:588} INFO - Filling up the DagBag from /home/airflow/.local/lib/python3.12/site-packages/airflow/example_dags/example_python_operator.py
[2024-09-28T19:55:53.026+0000] {processor.py:925} INFO - DAG(s) 'example_python_operator' retrieved from /home/airflow/.local/lib/python3.12/site-packages/airflow/example_dags/example_python_operator.py
[2024-09-28T19:55:53.044+0000] {logging_mixin.py:190} INFO - [2024-09-28T19:55:53.043+0000] {dag.py:3239} INFO - Sync 1 DAGs
[2024-09-28T19:55:53.055+0000] {logging_mixin.py:190} INFO - [2024-09-28T19:55:53.055+0000] {dag.py:4180} INFO - Setting next_dagrun for example_python_operator to None, run_after=None
[2024-09-28T19:55:53.072+0000] {processor.py:208} INFO - Processing /home/airflow/.local/lib/python3.12/site-packages/airflow/example_dags/example_python_operator.py took 0.061 seconds
[2024-09-28T19:56:23.304+0000] {processor.py:186} INFO - Started process (PID=552) to work on /home/airflow/.local/lib/python3.12/site-packages/airflow/example_dags/example_python_operator.py
[2024-09-28T19:56:23.304+0000] {processor.py:914} INFO - Processing file /home/airflow/.local/lib/python3.12/site-packages/airflow/example_dags/example_python_operator.py for tasks to queue
[2024-09-28T19:56:23.306+0000] {logging_mixin.py:190} INFO - [2024-09-28T19:56:23.306+0000] {dagbag.py:588} INFO - Filling up the DagBag from /home/airflow/.local/lib/python3.12/site-packages/airflow/example_dags/example_python_operator.py
[2024-09-28T19:56:23.313+0000] {processor.py:925} INFO - DAG(s) 'example_python_operator' retrieved from /home/airflow/.local/lib/python3.12/site-packages/airflow/example_dags/example_python_operator.py
[2024-09-28T19:56:23.330+0000] {logging_mixin.py:190} INFO - [2024-09-28T19:56:23.330+0000] {dag.py:3239} INFO - Sync 1 DAGs
[2024-09-28T19:56:23.340+0000] {logging_mixin.py:190} INFO - [2024-09-28T19:56:23.340+0000] {dag.py:4180} INFO - Setting next_dagrun for example_python_operator to None, run_after=None
[2024-09-28T19:56:23.353+0000] {processor.py:208} INFO - Processing /home/airflow/.local/lib/python3.12/site-packages/airflow/example_dags/example_python_operator.py took 0.053 seconds
[2024-09-28T19:56:53.789+0000] {processor.py:186} INFO - Started process (PID=617) to work on /home/airflow/.local/lib/python3.12/site-packages/airflow/example_dags/example_python_operator.py
[2024-09-28T19:56:53.790+0000] {processor.py:914} INFO - Processing file /home/airflow/.local/lib/python3.12/site-packages/airflow/example_dags/example_python_operator.py for tasks to queue
[2024-09-28T19:56:53.792+0000] {logging_mixin.py:190} INFO - [2024-09-28T19:56:53.792+0000] {dagbag.py:588} INFO - Filling up the DagBag from /home/airflow/.local/lib/python3.12/site-packages/airflow/example_dags/example_python_operator.py
[2024-09-28T19:56:53.799+0000] {processor.py:925} INFO - DAG(s) 'example_python_operator' retrieved from /home/airflow/.local/lib/python3.12/site-packages/airflow/example_dags/example_python_operator.py
[2024-09-28T19:56:53.815+0000] {logging_mixin.py:190} INFO - [2024-09-28T19:56:53.815+0000] {dag.py:3239} INFO - Sync 1 DAGs
[2024-09-28T19:56:53.824+0000] {logging_mixin.py:190} INFO - [2024-09-28T19:56:53.824+0000] {dag.py:4180} INFO - Setting next_dagrun for example_python_operator to None, run_after=None
[2024-09-28T19:56:53.836+0000] {processor.py:208} INFO - Processing /home/airflow/.local/lib/python3.12/site-packages/airflow/example_dags/example_python_operator.py took 0.050 seconds
[2024-09-28T19:57:23.893+0000] {processor.py:186} INFO - Started process (PID=681) to work on /home/airflow/.local/lib/python3.12/site-packages/airflow/example_dags/example_python_operator.py
[2024-09-28T19:57:23.894+0000] {processor.py:914} INFO - Processing file /home/airflow/.local/lib/python3.12/site-packages/airflow/example_dags/example_python_operator.py for tasks to queue
[2024-09-28T19:57:23.895+0000] {logging_mixin.py:190} INFO - [2024-09-28T19:57:23.895+0000] {dagbag.py:588} INFO - Filling up the DagBag from /home/airflow/.local/lib/python3.12/site-packages/airflow/example_dags/example_python_operator.py
[2024-09-28T19:57:23.903+0000] {processor.py:925} INFO - DAG(s) 'example_python_operator' retrieved from /home/airflow/.local/lib/python3.12/site-packages/airflow/example_dags/example_python_operator.py
[2024-09-28T19:57:23.918+0000] {logging_mixin.py:190} INFO - [2024-09-28T19:57:23.918+0000] {dag.py:3239} INFO - Sync 1 DAGs
[2024-09-28T19:57:23.928+0000] {logging_mixin.py:190} INFO - [2024-09-28T19:57:23.927+0000] {dag.py:4180} INFO - Setting next_dagrun for example_python_operator to None, run_after=None
[2024-09-28T19:57:23.940+0000] {processor.py:208} INFO - Processing /home/airflow/.local/lib/python3.12/site-packages/airflow/example_dags/example_python_operator.py took 0.051 seconds
[2024-09-28T19:57:54.488+0000] {processor.py:186} INFO - Started process (PID=746) to work on /home/airflow/.local/lib/python3.12/site-packages/airflow/example_dags/example_python_operator.py
[2024-09-28T19:57:54.488+0000] {processor.py:914} INFO - Processing file /home/airflow/.local/lib/python3.12/site-packages/airflow/example_dags/example_python_operator.py for tasks to queue
[2024-09-28T19:57:54.490+0000] {logging_mixin.py:190} INFO - [2024-09-28T19:57:54.490+0000] {dagbag.py:588} INFO - Filling up the DagBag from /home/airflow/.local/lib/python3.12/site-packages/airflow/example_dags/example_python_operator.py
[2024-09-28T19:57:54.500+0000] {processor.py:925} INFO - DAG(s) 'example_python_operator' retrieved from /home/airflow/.local/lib/python3.12/site-packages/airflow/example_dags/example_python_operator.py
[2024-09-28T19:57:54.513+0000] {logging_mixin.py:190} INFO - [2024-09-28T19:57:54.513+0000] {dag.py:3239} INFO - Sync 1 DAGs
[2024-09-28T19:57:54.531+0000] {logging_mixin.py:190} INFO - [2024-09-28T19:57:54.531+0000] {dag.py:4180} INFO - Setting next_dagrun for example_python_operator to None, run_after=None
[2024-09-28T19:57:54.542+0000] {processor.py:208} INFO - Processing /home/airflow/.local/lib/python3.12/site-packages/airflow/example_dags/example_python_operator.py took 0.058 seconds
[2024-09-28T19:58:25.036+0000] {processor.py:186} INFO - Started process (PID=812) to work on /home/airflow/.local/lib/python3.12/site-packages/airflow/example_dags/example_python_operator.py
[2024-09-28T19:58:25.037+0000] {processor.py:914} INFO - Processing file /home/airflow/.local/lib/python3.12/site-packages/airflow/example_dags/example_python_operator.py for tasks to queue
[2024-09-28T19:58:25.039+0000] {logging_mixin.py:190} INFO - [2024-09-28T19:58:25.038+0000] {dagbag.py:588} INFO - Filling up the DagBag from /home/airflow/.local/lib/python3.12/site-packages/airflow/example_dags/example_python_operator.py
[2024-09-28T19:58:25.046+0000] {processor.py:925} INFO - DAG(s) 'example_python_operator' retrieved from /home/airflow/.local/lib/python3.12/site-packages/airflow/example_dags/example_python_operator.py
[2024-09-28T19:58:25.060+0000] {logging_mixin.py:190} INFO - [2024-09-28T19:58:25.060+0000] {dag.py:3239} INFO - Sync 1 DAGs
[2024-09-28T19:58:25.069+0000] {logging_mixin.py:190} INFO - [2024-09-28T19:58:25.069+0000] {dag.py:4180} INFO - Setting next_dagrun for example_python_operator to None, run_after=None
[2024-09-28T19:58:25.081+0000] {processor.py:208} INFO - Processing /home/airflow/.local/lib/python3.12/site-packages/airflow/example_dags/example_python_operator.py took 0.048 seconds
[2024-09-28T19:58:55.283+0000] {processor.py:186} INFO - Started process (PID=877) to work on /home/airflow/.local/lib/python3.12/site-packages/airflow/example_dags/example_python_operator.py
[2024-09-28T19:58:55.284+0000] {processor.py:914} INFO - Processing file /home/airflow/.local/lib/python3.12/site-packages/airflow/example_dags/example_python_operator.py for tasks to queue
[2024-09-28T19:58:55.286+0000] {logging_mixin.py:190} INFO - [2024-09-28T19:58:55.286+0000] {dagbag.py:588} INFO - Filling up the DagBag from /home/airflow/.local/lib/python3.12/site-packages/airflow/example_dags/example_python_operator.py
[2024-09-28T19:58:55.294+0000] {processor.py:925} INFO - DAG(s) 'example_python_operator' retrieved from /home/airflow/.local/lib/python3.12/site-packages/airflow/example_dags/example_python_operator.py
[2024-09-28T19:58:55.309+0000] {logging_mixin.py:190} INFO - [2024-09-28T19:58:55.309+0000] {dag.py:3239} INFO - Sync 1 DAGs
[2024-09-28T19:58:55.318+0000] {logging_mixin.py:190} INFO - [2024-09-28T19:58:55.318+0000] {dag.py:4180} INFO - Setting next_dagrun for example_python_operator to None, run_after=None
[2024-09-28T19:58:55.333+0000] {processor.py:208} INFO - Processing /home/airflow/.local/lib/python3.12/site-packages/airflow/example_dags/example_python_operator.py took 0.054 seconds
[2024-09-28T19:59:25.619+0000] {processor.py:186} INFO - Started process (PID=942) to work on /home/airflow/.local/lib/python3.12/site-packages/airflow/example_dags/example_python_operator.py
[2024-09-28T19:59:25.620+0000] {processor.py:914} INFO - Processing file /home/airflow/.local/lib/python3.12/site-packages/airflow/example_dags/example_python_operator.py for tasks to queue
[2024-09-28T19:59:25.622+0000] {logging_mixin.py:190} INFO - [2024-09-28T19:59:25.622+0000] {dagbag.py:588} INFO - Filling up the DagBag from /home/airflow/.local/lib/python3.12/site-packages/airflow/example_dags/example_python_operator.py
[2024-09-28T19:59:25.629+0000] {processor.py:925} INFO - DAG(s) 'example_python_operator' retrieved from /home/airflow/.local/lib/python3.12/site-packages/airflow/example_dags/example_python_operator.py
[2024-09-28T19:59:25.645+0000] {logging_mixin.py:190} INFO - [2024-09-28T19:59:25.644+0000] {dag.py:3239} INFO - Sync 1 DAGs
[2024-09-28T19:59:25.655+0000] {logging_mixin.py:190} INFO - [2024-09-28T19:59:25.655+0000] {dag.py:4180} INFO - Setting next_dagrun for example_python_operator to None, run_after=None
[2024-09-28T19:59:25.667+0000] {processor.py:208} INFO - Processing /home/airflow/.local/lib/python3.12/site-packages/airflow/example_dags/example_python_operator.py took 0.052 seconds
[2024-09-28T19:59:56.035+0000] {processor.py:186} INFO - Started process (PID=1006) to work on /home/airflow/.local/lib/python3.12/site-packages/airflow/example_dags/example_python_operator.py
[2024-09-28T19:59:56.036+0000] {processor.py:914} INFO - Processing file /home/airflow/.local/lib/python3.12/site-packages/airflow/example_dags/example_python_operator.py for tasks to queue
[2024-09-28T19:59:56.038+0000] {logging_mixin.py:190} INFO - [2024-09-28T19:59:56.038+0000] {dagbag.py:588} INFO - Filling up the DagBag from /home/airflow/.local/lib/python3.12/site-packages/airflow/example_dags/example_python_operator.py
[2024-09-28T19:59:56.047+0000] {processor.py:925} INFO - DAG(s) 'example_python_operator' retrieved from /home/airflow/.local/lib/python3.12/site-packages/airflow/example_dags/example_python_operator.py
[2024-09-28T19:59:56.062+0000] {logging_mixin.py:190} INFO - [2024-09-28T19:59:56.062+0000] {dag.py:3239} INFO - Sync 1 DAGs
[2024-09-28T19:59:56.071+0000] {logging_mixin.py:190} INFO - [2024-09-28T19:59:56.071+0000] {dag.py:4180} INFO - Setting next_dagrun for example_python_operator to None, run_after=None
[2024-09-28T19:59:56.082+0000] {processor.py:208} INFO - Processing /home/airflow/.local/lib/python3.12/site-packages/airflow/example_dags/example_python_operator.py took 0.052 seconds
[2024-09-28T20:05:09.889+0000] {processor.py:186} INFO - Started process (PID=96) to work on /home/airflow/.local/lib/python3.12/site-packages/airflow/example_dags/example_python_operator.py
[2024-09-28T20:05:09.889+0000] {processor.py:914} INFO - Processing file /home/airflow/.local/lib/python3.12/site-packages/airflow/example_dags/example_python_operator.py for tasks to queue
[2024-09-28T20:05:09.891+0000] {logging_mixin.py:190} INFO - [2024-09-28T20:05:09.891+0000] {dagbag.py:588} INFO - Filling up the DagBag from /home/airflow/.local/lib/python3.12/site-packages/airflow/example_dags/example_python_operator.py
[2024-09-28T20:05:09.899+0000] {processor.py:925} INFO - DAG(s) 'example_python_operator' retrieved from /home/airflow/.local/lib/python3.12/site-packages/airflow/example_dags/example_python_operator.py
[2024-09-28T20:05:09.967+0000] {logging_mixin.py:190} INFO - [2024-09-28T20:05:09.967+0000] {dag.py:3239} INFO - Sync 1 DAGs
[2024-09-28T20:05:09.978+0000] {logging_mixin.py:190} INFO - [2024-09-28T20:05:09.977+0000] {dag.py:4180} INFO - Setting next_dagrun for example_python_operator to None, run_after=None
[2024-09-28T20:05:09.990+0000] {processor.py:208} INFO - Processing /home/airflow/.local/lib/python3.12/site-packages/airflow/example_dags/example_python_operator.py took 0.105 seconds
[2024-09-28T20:05:40.219+0000] {processor.py:186} INFO - Started process (PID=161) to work on /home/airflow/.local/lib/python3.12/site-packages/airflow/example_dags/example_python_operator.py
[2024-09-28T20:05:40.220+0000] {processor.py:914} INFO - Processing file /home/airflow/.local/lib/python3.12/site-packages/airflow/example_dags/example_python_operator.py for tasks to queue
[2024-09-28T20:05:40.222+0000] {logging_mixin.py:190} INFO - [2024-09-28T20:05:40.222+0000] {dagbag.py:588} INFO - Filling up the DagBag from /home/airflow/.local/lib/python3.12/site-packages/airflow/example_dags/example_python_operator.py
[2024-09-28T20:05:40.231+0000] {processor.py:925} INFO - DAG(s) 'example_python_operator' retrieved from /home/airflow/.local/lib/python3.12/site-packages/airflow/example_dags/example_python_operator.py
[2024-09-28T20:05:40.247+0000] {logging_mixin.py:190} INFO - [2024-09-28T20:05:40.247+0000] {dag.py:3239} INFO - Sync 1 DAGs
[2024-09-28T20:05:40.258+0000] {logging_mixin.py:190} INFO - [2024-09-28T20:05:40.257+0000] {dag.py:4180} INFO - Setting next_dagrun for example_python_operator to None, run_after=None
[2024-09-28T20:05:40.272+0000] {processor.py:208} INFO - Processing /home/airflow/.local/lib/python3.12/site-packages/airflow/example_dags/example_python_operator.py took 0.057 seconds
[2024-09-28T20:06:10.710+0000] {processor.py:186} INFO - Started process (PID=226) to work on /home/airflow/.local/lib/python3.12/site-packages/airflow/example_dags/example_python_operator.py
[2024-09-28T20:06:10.711+0000] {processor.py:914} INFO - Processing file /home/airflow/.local/lib/python3.12/site-packages/airflow/example_dags/example_python_operator.py for tasks to queue
[2024-09-28T20:06:10.713+0000] {logging_mixin.py:190} INFO - [2024-09-28T20:06:10.713+0000] {dagbag.py:588} INFO - Filling up the DagBag from /home/airflow/.local/lib/python3.12/site-packages/airflow/example_dags/example_python_operator.py
[2024-09-28T20:06:10.720+0000] {processor.py:925} INFO - DAG(s) 'example_python_operator' retrieved from /home/airflow/.local/lib/python3.12/site-packages/airflow/example_dags/example_python_operator.py
[2024-09-28T20:06:10.736+0000] {logging_mixin.py:190} INFO - [2024-09-28T20:06:10.736+0000] {dag.py:3239} INFO - Sync 1 DAGs
[2024-09-28T20:06:10.746+0000] {logging_mixin.py:190} INFO - [2024-09-28T20:06:10.746+0000] {dag.py:4180} INFO - Setting next_dagrun for example_python_operator to None, run_after=None
[2024-09-28T20:06:10.759+0000] {processor.py:208} INFO - Processing /home/airflow/.local/lib/python3.12/site-packages/airflow/example_dags/example_python_operator.py took 0.053 seconds
[2024-09-28T20:06:41.190+0000] {processor.py:186} INFO - Started process (PID=292) to work on /home/airflow/.local/lib/python3.12/site-packages/airflow/example_dags/example_python_operator.py
[2024-09-28T20:06:41.191+0000] {processor.py:914} INFO - Processing file /home/airflow/.local/lib/python3.12/site-packages/airflow/example_dags/example_python_operator.py for tasks to queue
[2024-09-28T20:06:41.193+0000] {logging_mixin.py:190} INFO - [2024-09-28T20:06:41.193+0000] {dagbag.py:588} INFO - Filling up the DagBag from /home/airflow/.local/lib/python3.12/site-packages/airflow/example_dags/example_python_operator.py
[2024-09-28T20:06:41.200+0000] {processor.py:925} INFO - DAG(s) 'example_python_operator' retrieved from /home/airflow/.local/lib/python3.12/site-packages/airflow/example_dags/example_python_operator.py
[2024-09-28T20:06:41.216+0000] {logging_mixin.py:190} INFO - [2024-09-28T20:06:41.216+0000] {dag.py:3239} INFO - Sync 1 DAGs
[2024-09-28T20:06:41.225+0000] {logging_mixin.py:190} INFO - [2024-09-28T20:06:41.225+0000] {dag.py:4180} INFO - Setting next_dagrun for example_python_operator to None, run_after=None
[2024-09-28T20:06:41.237+0000] {processor.py:208} INFO - Processing /home/airflow/.local/lib/python3.12/site-packages/airflow/example_dags/example_python_operator.py took 0.051 seconds
[2024-09-28T20:07:11.554+0000] {processor.py:186} INFO - Started process (PID=357) to work on /home/airflow/.local/lib/python3.12/site-packages/airflow/example_dags/example_python_operator.py
[2024-09-28T20:07:11.557+0000] {processor.py:914} INFO - Processing file /home/airflow/.local/lib/python3.12/site-packages/airflow/example_dags/example_python_operator.py for tasks to queue
[2024-09-28T20:07:11.559+0000] {logging_mixin.py:190} INFO - [2024-09-28T20:07:11.559+0000] {dagbag.py:588} INFO - Filling up the DagBag from /home/airflow/.local/lib/python3.12/site-packages/airflow/example_dags/example_python_operator.py
[2024-09-28T20:07:11.567+0000] {processor.py:925} INFO - DAG(s) 'example_python_operator' retrieved from /home/airflow/.local/lib/python3.12/site-packages/airflow/example_dags/example_python_operator.py
[2024-09-28T20:07:11.582+0000] {logging_mixin.py:190} INFO - [2024-09-28T20:07:11.582+0000] {dag.py:3239} INFO - Sync 1 DAGs
[2024-09-28T20:07:11.591+0000] {logging_mixin.py:190} INFO - [2024-09-28T20:07:11.591+0000] {dag.py:4180} INFO - Setting next_dagrun for example_python_operator to None, run_after=None
[2024-09-28T20:07:11.602+0000] {processor.py:208} INFO - Processing /home/airflow/.local/lib/python3.12/site-packages/airflow/example_dags/example_python_operator.py took 0.052 seconds
[2024-09-28T20:07:42.979+0000] {processor.py:186} INFO - Started process (PID=423) to work on /home/airflow/.local/lib/python3.12/site-packages/airflow/example_dags/example_python_operator.py
[2024-09-28T20:07:42.980+0000] {processor.py:914} INFO - Processing file /home/airflow/.local/lib/python3.12/site-packages/airflow/example_dags/example_python_operator.py for tasks to queue
[2024-09-28T20:07:42.981+0000] {logging_mixin.py:190} INFO - [2024-09-28T20:07:42.981+0000] {dagbag.py:588} INFO - Filling up the DagBag from /home/airflow/.local/lib/python3.12/site-packages/airflow/example_dags/example_python_operator.py
[2024-09-28T20:07:42.992+0000] {processor.py:925} INFO - DAG(s) 'example_python_operator' retrieved from /home/airflow/.local/lib/python3.12/site-packages/airflow/example_dags/example_python_operator.py
[2024-09-28T20:07:43.009+0000] {logging_mixin.py:190} INFO - [2024-09-28T20:07:43.008+0000] {dag.py:3239} INFO - Sync 1 DAGs
[2024-09-28T20:07:43.017+0000] {logging_mixin.py:190} INFO - [2024-09-28T20:07:43.017+0000] {dag.py:4180} INFO - Setting next_dagrun for example_python_operator to None, run_after=None
[2024-09-28T20:07:43.031+0000] {processor.py:208} INFO - Processing /home/airflow/.local/lib/python3.12/site-packages/airflow/example_dags/example_python_operator.py took 0.057 seconds
[2024-09-28T20:08:13.100+0000] {processor.py:186} INFO - Started process (PID=488) to work on /home/airflow/.local/lib/python3.12/site-packages/airflow/example_dags/example_python_operator.py
[2024-09-28T20:08:13.101+0000] {processor.py:914} INFO - Processing file /home/airflow/.local/lib/python3.12/site-packages/airflow/example_dags/example_python_operator.py for tasks to queue
[2024-09-28T20:08:13.103+0000] {logging_mixin.py:190} INFO - [2024-09-28T20:08:13.103+0000] {dagbag.py:588} INFO - Filling up the DagBag from /home/airflow/.local/lib/python3.12/site-packages/airflow/example_dags/example_python_operator.py
[2024-09-28T20:08:13.111+0000] {processor.py:925} INFO - DAG(s) 'example_python_operator' retrieved from /home/airflow/.local/lib/python3.12/site-packages/airflow/example_dags/example_python_operator.py
[2024-09-28T20:08:13.125+0000] {logging_mixin.py:190} INFO - [2024-09-28T20:08:13.125+0000] {dag.py:3239} INFO - Sync 1 DAGs
[2024-09-28T20:08:13.141+0000] {logging_mixin.py:190} INFO - [2024-09-28T20:08:13.141+0000] {dag.py:4180} INFO - Setting next_dagrun for example_python_operator to None, run_after=None
[2024-09-28T20:08:13.155+0000] {processor.py:208} INFO - Processing /home/airflow/.local/lib/python3.12/site-packages/airflow/example_dags/example_python_operator.py took 0.059 seconds
[2024-09-28T20:08:43.947+0000] {processor.py:186} INFO - Started process (PID=553) to work on /home/airflow/.local/lib/python3.12/site-packages/airflow/example_dags/example_python_operator.py
[2024-09-28T20:08:43.948+0000] {processor.py:914} INFO - Processing file /home/airflow/.local/lib/python3.12/site-packages/airflow/example_dags/example_python_operator.py for tasks to queue
[2024-09-28T20:08:43.951+0000] {logging_mixin.py:190} INFO - [2024-09-28T20:08:43.950+0000] {dagbag.py:588} INFO - Filling up the DagBag from /home/airflow/.local/lib/python3.12/site-packages/airflow/example_dags/example_python_operator.py
[2024-09-28T20:08:43.958+0000] {processor.py:925} INFO - DAG(s) 'example_python_operator' retrieved from /home/airflow/.local/lib/python3.12/site-packages/airflow/example_dags/example_python_operator.py
[2024-09-28T20:08:43.981+0000] {logging_mixin.py:190} INFO - [2024-09-28T20:08:43.981+0000] {dag.py:3239} INFO - Sync 1 DAGs
[2024-09-28T20:08:43.992+0000] {logging_mixin.py:190} INFO - [2024-09-28T20:08:43.992+0000] {dag.py:4180} INFO - Setting next_dagrun for example_python_operator to None, run_after=None
[2024-09-28T20:08:44.008+0000] {processor.py:208} INFO - Processing /home/airflow/.local/lib/python3.12/site-packages/airflow/example_dags/example_python_operator.py took 0.064 seconds
[2024-09-28T20:09:14.867+0000] {processor.py:186} INFO - Started process (PID=618) to work on /home/airflow/.local/lib/python3.12/site-packages/airflow/example_dags/example_python_operator.py
[2024-09-28T20:09:14.868+0000] {processor.py:914} INFO - Processing file /home/airflow/.local/lib/python3.12/site-packages/airflow/example_dags/example_python_operator.py for tasks to queue
[2024-09-28T20:09:14.870+0000] {logging_mixin.py:190} INFO - [2024-09-28T20:09:14.869+0000] {dagbag.py:588} INFO - Filling up the DagBag from /home/airflow/.local/lib/python3.12/site-packages/airflow/example_dags/example_python_operator.py
[2024-09-28T20:09:14.878+0000] {processor.py:925} INFO - DAG(s) 'example_python_operator' retrieved from /home/airflow/.local/lib/python3.12/site-packages/airflow/example_dags/example_python_operator.py
[2024-09-28T20:09:14.895+0000] {logging_mixin.py:190} INFO - [2024-09-28T20:09:14.894+0000] {dag.py:3239} INFO - Sync 1 DAGs
[2024-09-28T20:09:14.905+0000] {logging_mixin.py:190} INFO - [2024-09-28T20:09:14.904+0000] {dag.py:4180} INFO - Setting next_dagrun for example_python_operator to None, run_after=None
[2024-09-28T20:09:14.917+0000] {processor.py:208} INFO - Processing /home/airflow/.local/lib/python3.12/site-packages/airflow/example_dags/example_python_operator.py took 0.054 seconds
[2024-09-28T20:09:44.955+0000] {processor.py:186} INFO - Started process (PID=682) to work on /home/airflow/.local/lib/python3.12/site-packages/airflow/example_dags/example_python_operator.py
[2024-09-28T20:09:44.955+0000] {processor.py:914} INFO - Processing file /home/airflow/.local/lib/python3.12/site-packages/airflow/example_dags/example_python_operator.py for tasks to queue
[2024-09-28T20:09:44.957+0000] {logging_mixin.py:190} INFO - [2024-09-28T20:09:44.957+0000] {dagbag.py:588} INFO - Filling up the DagBag from /home/airflow/.local/lib/python3.12/site-packages/airflow/example_dags/example_python_operator.py
[2024-09-28T20:09:44.965+0000] {processor.py:925} INFO - DAG(s) 'example_python_operator' retrieved from /home/airflow/.local/lib/python3.12/site-packages/airflow/example_dags/example_python_operator.py
[2024-09-28T20:09:44.978+0000] {logging_mixin.py:190} INFO - [2024-09-28T20:09:44.978+0000] {dag.py:3239} INFO - Sync 1 DAGs
[2024-09-28T20:09:44.988+0000] {logging_mixin.py:190} INFO - [2024-09-28T20:09:44.988+0000] {dag.py:4180} INFO - Setting next_dagrun for example_python_operator to None, run_after=None
[2024-09-28T20:09:44.999+0000] {processor.py:208} INFO - Processing /home/airflow/.local/lib/python3.12/site-packages/airflow/example_dags/example_python_operator.py took 0.048 seconds
[2024-09-28T20:10:15.271+0000] {processor.py:186} INFO - Started process (PID=748) to work on /home/airflow/.local/lib/python3.12/site-packages/airflow/example_dags/example_python_operator.py
[2024-09-28T20:10:15.271+0000] {processor.py:914} INFO - Processing file /home/airflow/.local/lib/python3.12/site-packages/airflow/example_dags/example_python_operator.py for tasks to queue
[2024-09-28T20:10:15.273+0000] {logging_mixin.py:190} INFO - [2024-09-28T20:10:15.273+0000] {dagbag.py:588} INFO - Filling up the DagBag from /home/airflow/.local/lib/python3.12/site-packages/airflow/example_dags/example_python_operator.py
[2024-09-28T20:10:15.280+0000] {processor.py:925} INFO - DAG(s) 'example_python_operator' retrieved from /home/airflow/.local/lib/python3.12/site-packages/airflow/example_dags/example_python_operator.py
[2024-09-28T20:10:15.294+0000] {logging_mixin.py:190} INFO - [2024-09-28T20:10:15.294+0000] {dag.py:3239} INFO - Sync 1 DAGs
[2024-09-28T20:10:15.304+0000] {logging_mixin.py:190} INFO - [2024-09-28T20:10:15.303+0000] {dag.py:4180} INFO - Setting next_dagrun for example_python_operator to None, run_after=None
[2024-09-28T20:10:15.315+0000] {processor.py:208} INFO - Processing /home/airflow/.local/lib/python3.12/site-packages/airflow/example_dags/example_python_operator.py took 0.048 seconds
[2024-09-28T20:10:45.518+0000] {processor.py:186} INFO - Started process (PID=814) to work on /home/airflow/.local/lib/python3.12/site-packages/airflow/example_dags/example_python_operator.py
[2024-09-28T20:10:45.519+0000] {processor.py:914} INFO - Processing file /home/airflow/.local/lib/python3.12/site-packages/airflow/example_dags/example_python_operator.py for tasks to queue
[2024-09-28T20:10:45.521+0000] {logging_mixin.py:190} INFO - [2024-09-28T20:10:45.520+0000] {dagbag.py:588} INFO - Filling up the DagBag from /home/airflow/.local/lib/python3.12/site-packages/airflow/example_dags/example_python_operator.py
[2024-09-28T20:10:45.529+0000] {processor.py:925} INFO - DAG(s) 'example_python_operator' retrieved from /home/airflow/.local/lib/python3.12/site-packages/airflow/example_dags/example_python_operator.py
[2024-09-28T20:10:45.544+0000] {logging_mixin.py:190} INFO - [2024-09-28T20:10:45.544+0000] {dag.py:3239} INFO - Sync 1 DAGs
[2024-09-28T20:10:45.553+0000] {logging_mixin.py:190} INFO - [2024-09-28T20:10:45.553+0000] {dag.py:4180} INFO - Setting next_dagrun for example_python_operator to None, run_after=None
[2024-09-28T20:10:45.568+0000] {processor.py:208} INFO - Processing /home/airflow/.local/lib/python3.12/site-packages/airflow/example_dags/example_python_operator.py took 0.053 seconds
[2024-09-28T20:11:15.781+0000] {processor.py:186} INFO - Started process (PID=884) to work on /home/airflow/.local/lib/python3.12/site-packages/airflow/example_dags/example_python_operator.py
[2024-09-28T20:11:15.782+0000] {processor.py:914} INFO - Processing file /home/airflow/.local/lib/python3.12/site-packages/airflow/example_dags/example_python_operator.py for tasks to queue
[2024-09-28T20:11:15.783+0000] {logging_mixin.py:190} INFO - [2024-09-28T20:11:15.783+0000] {dagbag.py:588} INFO - Filling up the DagBag from /home/airflow/.local/lib/python3.12/site-packages/airflow/example_dags/example_python_operator.py
[2024-09-28T20:11:15.791+0000] {processor.py:925} INFO - DAG(s) 'example_python_operator' retrieved from /home/airflow/.local/lib/python3.12/site-packages/airflow/example_dags/example_python_operator.py
[2024-09-28T20:11:15.805+0000] {logging_mixin.py:190} INFO - [2024-09-28T20:11:15.805+0000] {dag.py:3239} INFO - Sync 1 DAGs
[2024-09-28T20:11:15.822+0000] {logging_mixin.py:190} INFO - [2024-09-28T20:11:15.822+0000] {dag.py:4180} INFO - Setting next_dagrun for example_python_operator to None, run_after=None
[2024-09-28T20:11:15.838+0000] {processor.py:208} INFO - Processing /home/airflow/.local/lib/python3.12/site-packages/airflow/example_dags/example_python_operator.py took 0.061 seconds
[2024-09-28T20:11:46.176+0000] {processor.py:186} INFO - Started process (PID=950) to work on /home/airflow/.local/lib/python3.12/site-packages/airflow/example_dags/example_python_operator.py
[2024-09-28T20:11:46.177+0000] {processor.py:914} INFO - Processing file /home/airflow/.local/lib/python3.12/site-packages/airflow/example_dags/example_python_operator.py for tasks to queue
[2024-09-28T20:11:46.179+0000] {logging_mixin.py:190} INFO - [2024-09-28T20:11:46.179+0000] {dagbag.py:588} INFO - Filling up the DagBag from /home/airflow/.local/lib/python3.12/site-packages/airflow/example_dags/example_python_operator.py
[2024-09-28T20:11:46.188+0000] {processor.py:925} INFO - DAG(s) 'example_python_operator' retrieved from /home/airflow/.local/lib/python3.12/site-packages/airflow/example_dags/example_python_operator.py
[2024-09-28T20:11:46.204+0000] {logging_mixin.py:190} INFO - [2024-09-28T20:11:46.204+0000] {dag.py:3239} INFO - Sync 1 DAGs
[2024-09-28T20:11:46.214+0000] {logging_mixin.py:190} INFO - [2024-09-28T20:11:46.214+0000] {dag.py:4180} INFO - Setting next_dagrun for example_python_operator to None, run_after=None
[2024-09-28T20:11:46.228+0000] {processor.py:208} INFO - Processing /home/airflow/.local/lib/python3.12/site-packages/airflow/example_dags/example_python_operator.py took 0.056 seconds
[2024-09-28T20:12:16.585+0000] {processor.py:186} INFO - Started process (PID=1016) to work on /home/airflow/.local/lib/python3.12/site-packages/airflow/example_dags/example_python_operator.py
[2024-09-28T20:12:16.587+0000] {processor.py:914} INFO - Processing file /home/airflow/.local/lib/python3.12/site-packages/airflow/example_dags/example_python_operator.py for tasks to queue
[2024-09-28T20:12:16.589+0000] {logging_mixin.py:190} INFO - [2024-09-28T20:12:16.588+0000] {dagbag.py:588} INFO - Filling up the DagBag from /home/airflow/.local/lib/python3.12/site-packages/airflow/example_dags/example_python_operator.py
[2024-09-28T20:12:16.597+0000] {processor.py:925} INFO - DAG(s) 'example_python_operator' retrieved from /home/airflow/.local/lib/python3.12/site-packages/airflow/example_dags/example_python_operator.py
[2024-09-28T20:12:16.618+0000] {logging_mixin.py:190} INFO - [2024-09-28T20:12:16.618+0000] {dag.py:3239} INFO - Sync 1 DAGs
[2024-09-28T20:12:16.627+0000] {logging_mixin.py:190} INFO - [2024-09-28T20:12:16.627+0000] {dag.py:4180} INFO - Setting next_dagrun for example_python_operator to None, run_after=None
[2024-09-28T20:12:16.639+0000] {processor.py:208} INFO - Processing /home/airflow/.local/lib/python3.12/site-packages/airflow/example_dags/example_python_operator.py took 0.058 seconds
[2024-09-28T20:12:47.588+0000] {processor.py:186} INFO - Started process (PID=1082) to work on /home/airflow/.local/lib/python3.12/site-packages/airflow/example_dags/example_python_operator.py
[2024-09-28T20:12:47.589+0000] {processor.py:914} INFO - Processing file /home/airflow/.local/lib/python3.12/site-packages/airflow/example_dags/example_python_operator.py for tasks to queue
[2024-09-28T20:12:47.590+0000] {logging_mixin.py:190} INFO - [2024-09-28T20:12:47.590+0000] {dagbag.py:588} INFO - Filling up the DagBag from /home/airflow/.local/lib/python3.12/site-packages/airflow/example_dags/example_python_operator.py
[2024-09-28T20:12:47.598+0000] {processor.py:925} INFO - DAG(s) 'example_python_operator' retrieved from /home/airflow/.local/lib/python3.12/site-packages/airflow/example_dags/example_python_operator.py
[2024-09-28T20:12:47.613+0000] {logging_mixin.py:190} INFO - [2024-09-28T20:12:47.613+0000] {dag.py:3239} INFO - Sync 1 DAGs
[2024-09-28T20:12:47.622+0000] {logging_mixin.py:190} INFO - [2024-09-28T20:12:47.622+0000] {dag.py:4180} INFO - Setting next_dagrun for example_python_operator to None, run_after=None
[2024-09-28T20:12:47.640+0000] {processor.py:208} INFO - Processing /home/airflow/.local/lib/python3.12/site-packages/airflow/example_dags/example_python_operator.py took 0.056 seconds
[2024-09-28T20:13:17.876+0000] {processor.py:186} INFO - Started process (PID=1148) to work on /home/airflow/.local/lib/python3.12/site-packages/airflow/example_dags/example_python_operator.py
[2024-09-28T20:13:17.877+0000] {processor.py:914} INFO - Processing file /home/airflow/.local/lib/python3.12/site-packages/airflow/example_dags/example_python_operator.py for tasks to queue
[2024-09-28T20:13:17.879+0000] {logging_mixin.py:190} INFO - [2024-09-28T20:13:17.879+0000] {dagbag.py:588} INFO - Filling up the DagBag from /home/airflow/.local/lib/python3.12/site-packages/airflow/example_dags/example_python_operator.py
[2024-09-28T20:13:17.887+0000] {processor.py:925} INFO - DAG(s) 'example_python_operator' retrieved from /home/airflow/.local/lib/python3.12/site-packages/airflow/example_dags/example_python_operator.py
[2024-09-28T20:13:17.902+0000] {logging_mixin.py:190} INFO - [2024-09-28T20:13:17.902+0000] {dag.py:3239} INFO - Sync 1 DAGs
[2024-09-28T20:13:17.912+0000] {logging_mixin.py:190} INFO - [2024-09-28T20:13:17.911+0000] {dag.py:4180} INFO - Setting next_dagrun for example_python_operator to None, run_after=None
[2024-09-28T20:13:17.926+0000] {processor.py:208} INFO - Processing /home/airflow/.local/lib/python3.12/site-packages/airflow/example_dags/example_python_operator.py took 0.053 seconds
[2024-09-28T20:13:48.161+0000] {processor.py:186} INFO - Started process (PID=1213) to work on /home/airflow/.local/lib/python3.12/site-packages/airflow/example_dags/example_python_operator.py
[2024-09-28T20:13:48.162+0000] {processor.py:914} INFO - Processing file /home/airflow/.local/lib/python3.12/site-packages/airflow/example_dags/example_python_operator.py for tasks to queue
[2024-09-28T20:13:48.164+0000] {logging_mixin.py:190} INFO - [2024-09-28T20:13:48.164+0000] {dagbag.py:588} INFO - Filling up the DagBag from /home/airflow/.local/lib/python3.12/site-packages/airflow/example_dags/example_python_operator.py
[2024-09-28T20:13:48.173+0000] {processor.py:925} INFO - DAG(s) 'example_python_operator' retrieved from /home/airflow/.local/lib/python3.12/site-packages/airflow/example_dags/example_python_operator.py
[2024-09-28T20:13:48.190+0000] {logging_mixin.py:190} INFO - [2024-09-28T20:13:48.190+0000] {dag.py:3239} INFO - Sync 1 DAGs
[2024-09-28T20:13:48.202+0000] {logging_mixin.py:190} INFO - [2024-09-28T20:13:48.202+0000] {dag.py:4180} INFO - Setting next_dagrun for example_python_operator to None, run_after=None
[2024-09-28T20:13:48.218+0000] {processor.py:208} INFO - Processing /home/airflow/.local/lib/python3.12/site-packages/airflow/example_dags/example_python_operator.py took 0.061 seconds
[2024-09-28T20:14:18.514+0000] {processor.py:186} INFO - Started process (PID=1279) to work on /home/airflow/.local/lib/python3.12/site-packages/airflow/example_dags/example_python_operator.py
[2024-09-28T20:14:18.515+0000] {processor.py:914} INFO - Processing file /home/airflow/.local/lib/python3.12/site-packages/airflow/example_dags/example_python_operator.py for tasks to queue
[2024-09-28T20:14:18.517+0000] {logging_mixin.py:190} INFO - [2024-09-28T20:14:18.517+0000] {dagbag.py:588} INFO - Filling up the DagBag from /home/airflow/.local/lib/python3.12/site-packages/airflow/example_dags/example_python_operator.py
[2024-09-28T20:14:18.525+0000] {processor.py:925} INFO - DAG(s) 'example_python_operator' retrieved from /home/airflow/.local/lib/python3.12/site-packages/airflow/example_dags/example_python_operator.py
[2024-09-28T20:14:18.538+0000] {logging_mixin.py:190} INFO - [2024-09-28T20:14:18.538+0000] {dag.py:3239} INFO - Sync 1 DAGs
[2024-09-28T20:14:18.548+0000] {logging_mixin.py:190} INFO - [2024-09-28T20:14:18.547+0000] {dag.py:4180} INFO - Setting next_dagrun for example_python_operator to None, run_after=None
[2024-09-28T20:14:18.560+0000] {processor.py:208} INFO - Processing /home/airflow/.local/lib/python3.12/site-packages/airflow/example_dags/example_python_operator.py took 0.050 seconds
[2024-09-28T20:14:48.885+0000] {processor.py:186} INFO - Started process (PID=1345) to work on /home/airflow/.local/lib/python3.12/site-packages/airflow/example_dags/example_python_operator.py
[2024-09-28T20:14:48.886+0000] {processor.py:914} INFO - Processing file /home/airflow/.local/lib/python3.12/site-packages/airflow/example_dags/example_python_operator.py for tasks to queue
[2024-09-28T20:14:48.889+0000] {logging_mixin.py:190} INFO - [2024-09-28T20:14:48.889+0000] {dagbag.py:588} INFO - Filling up the DagBag from /home/airflow/.local/lib/python3.12/site-packages/airflow/example_dags/example_python_operator.py
[2024-09-28T20:14:48.900+0000] {processor.py:925} INFO - DAG(s) 'example_python_operator' retrieved from /home/airflow/.local/lib/python3.12/site-packages/airflow/example_dags/example_python_operator.py
[2024-09-28T20:14:48.913+0000] {logging_mixin.py:190} INFO - [2024-09-28T20:14:48.913+0000] {dag.py:3239} INFO - Sync 1 DAGs
[2024-09-28T20:14:48.923+0000] {logging_mixin.py:190} INFO - [2024-09-28T20:14:48.923+0000] {dag.py:4180} INFO - Setting next_dagrun for example_python_operator to None, run_after=None
[2024-09-28T20:14:48.935+0000] {processor.py:208} INFO - Processing /home/airflow/.local/lib/python3.12/site-packages/airflow/example_dags/example_python_operator.py took 0.054 seconds
[2024-09-28T20:15:19.128+0000] {processor.py:186} INFO - Started process (PID=1411) to work on /home/airflow/.local/lib/python3.12/site-packages/airflow/example_dags/example_python_operator.py
[2024-09-28T20:15:19.129+0000] {processor.py:914} INFO - Processing file /home/airflow/.local/lib/python3.12/site-packages/airflow/example_dags/example_python_operator.py for tasks to queue
[2024-09-28T20:15:19.130+0000] {logging_mixin.py:190} INFO - [2024-09-28T20:15:19.130+0000] {dagbag.py:588} INFO - Filling up the DagBag from /home/airflow/.local/lib/python3.12/site-packages/airflow/example_dags/example_python_operator.py
[2024-09-28T20:15:19.138+0000] {processor.py:925} INFO - DAG(s) 'example_python_operator' retrieved from /home/airflow/.local/lib/python3.12/site-packages/airflow/example_dags/example_python_operator.py
[2024-09-28T20:15:19.152+0000] {logging_mixin.py:190} INFO - [2024-09-28T20:15:19.152+0000] {dag.py:3239} INFO - Sync 1 DAGs
[2024-09-28T20:15:19.162+0000] {logging_mixin.py:190} INFO - [2024-09-28T20:15:19.162+0000] {dag.py:4180} INFO - Setting next_dagrun for example_python_operator to None, run_after=None
[2024-09-28T20:15:19.175+0000] {processor.py:208} INFO - Processing /home/airflow/.local/lib/python3.12/site-packages/airflow/example_dags/example_python_operator.py took 0.051 seconds
[2024-09-28T20:16:30.495+0000] {processor.py:186} INFO - Started process (PID=117) to work on /home/airflow/.local/lib/python3.12/site-packages/airflow/example_dags/example_python_operator.py
[2024-09-28T20:16:30.496+0000] {processor.py:914} INFO - Processing file /home/airflow/.local/lib/python3.12/site-packages/airflow/example_dags/example_python_operator.py for tasks to queue
[2024-09-28T20:16:30.498+0000] {logging_mixin.py:190} INFO - [2024-09-28T20:16:30.498+0000] {dagbag.py:588} INFO - Filling up the DagBag from /home/airflow/.local/lib/python3.12/site-packages/airflow/example_dags/example_python_operator.py
[2024-09-28T20:16:30.506+0000] {processor.py:925} INFO - DAG(s) 'example_python_operator' retrieved from /home/airflow/.local/lib/python3.12/site-packages/airflow/example_dags/example_python_operator.py
[2024-09-28T20:16:30.572+0000] {logging_mixin.py:190} INFO - [2024-09-28T20:16:30.572+0000] {dag.py:3239} INFO - Sync 1 DAGs
[2024-09-28T20:16:30.580+0000] {logging_mixin.py:190} INFO - [2024-09-28T20:16:30.580+0000] {dag.py:4180} INFO - Setting next_dagrun for example_python_operator to None, run_after=None
[2024-09-28T20:16:30.592+0000] {processor.py:208} INFO - Processing /home/airflow/.local/lib/python3.12/site-packages/airflow/example_dags/example_python_operator.py took 0.100 seconds
[2024-09-28T20:17:00.983+0000] {processor.py:186} INFO - Started process (PID=185) to work on /home/airflow/.local/lib/python3.12/site-packages/airflow/example_dags/example_python_operator.py
[2024-09-28T20:17:00.984+0000] {processor.py:914} INFO - Processing file /home/airflow/.local/lib/python3.12/site-packages/airflow/example_dags/example_python_operator.py for tasks to queue
[2024-09-28T20:17:00.985+0000] {logging_mixin.py:190} INFO - [2024-09-28T20:17:00.985+0000] {dagbag.py:588} INFO - Filling up the DagBag from /home/airflow/.local/lib/python3.12/site-packages/airflow/example_dags/example_python_operator.py
[2024-09-28T20:17:00.993+0000] {processor.py:925} INFO - DAG(s) 'example_python_operator' retrieved from /home/airflow/.local/lib/python3.12/site-packages/airflow/example_dags/example_python_operator.py
[2024-09-28T20:17:01.009+0000] {logging_mixin.py:190} INFO - [2024-09-28T20:17:01.009+0000] {dag.py:3239} INFO - Sync 1 DAGs
[2024-09-28T20:17:01.019+0000] {logging_mixin.py:190} INFO - [2024-09-28T20:17:01.018+0000] {dag.py:4180} INFO - Setting next_dagrun for example_python_operator to None, run_after=None
[2024-09-28T20:17:01.032+0000] {processor.py:208} INFO - Processing /home/airflow/.local/lib/python3.12/site-packages/airflow/example_dags/example_python_operator.py took 0.053 seconds
[2024-09-28T20:17:31.395+0000] {processor.py:186} INFO - Started process (PID=252) to work on /home/airflow/.local/lib/python3.12/site-packages/airflow/example_dags/example_python_operator.py
[2024-09-28T20:17:31.396+0000] {processor.py:914} INFO - Processing file /home/airflow/.local/lib/python3.12/site-packages/airflow/example_dags/example_python_operator.py for tasks to queue
[2024-09-28T20:17:31.398+0000] {logging_mixin.py:190} INFO - [2024-09-28T20:17:31.398+0000] {dagbag.py:588} INFO - Filling up the DagBag from /home/airflow/.local/lib/python3.12/site-packages/airflow/example_dags/example_python_operator.py
[2024-09-28T20:17:31.407+0000] {processor.py:925} INFO - DAG(s) 'example_python_operator' retrieved from /home/airflow/.local/lib/python3.12/site-packages/airflow/example_dags/example_python_operator.py
[2024-09-28T20:17:31.422+0000] {logging_mixin.py:190} INFO - [2024-09-28T20:17:31.422+0000] {dag.py:3239} INFO - Sync 1 DAGs
[2024-09-28T20:17:31.432+0000] {logging_mixin.py:190} INFO - [2024-09-28T20:17:31.432+0000] {dag.py:4180} INFO - Setting next_dagrun for example_python_operator to None, run_after=None
[2024-09-28T20:17:31.444+0000] {processor.py:208} INFO - Processing /home/airflow/.local/lib/python3.12/site-packages/airflow/example_dags/example_python_operator.py took 0.053 seconds
[2024-09-28T20:18:01.812+0000] {processor.py:186} INFO - Started process (PID=326) to work on /home/airflow/.local/lib/python3.12/site-packages/airflow/example_dags/example_python_operator.py
[2024-09-28T20:18:01.813+0000] {processor.py:914} INFO - Processing file /home/airflow/.local/lib/python3.12/site-packages/airflow/example_dags/example_python_operator.py for tasks to queue
[2024-09-28T20:18:01.815+0000] {logging_mixin.py:190} INFO - [2024-09-28T20:18:01.815+0000] {dagbag.py:588} INFO - Filling up the DagBag from /home/airflow/.local/lib/python3.12/site-packages/airflow/example_dags/example_python_operator.py
[2024-09-28T20:18:01.823+0000] {processor.py:925} INFO - DAG(s) 'example_python_operator' retrieved from /home/airflow/.local/lib/python3.12/site-packages/airflow/example_dags/example_python_operator.py
[2024-09-28T20:18:01.837+0000] {logging_mixin.py:190} INFO - [2024-09-28T20:18:01.837+0000] {dag.py:3239} INFO - Sync 1 DAGs
[2024-09-28T20:18:01.847+0000] {logging_mixin.py:190} INFO - [2024-09-28T20:18:01.847+0000] {dag.py:4180} INFO - Setting next_dagrun for example_python_operator to None, run_after=None
[2024-09-28T20:18:01.859+0000] {processor.py:208} INFO - Processing /home/airflow/.local/lib/python3.12/site-packages/airflow/example_dags/example_python_operator.py took 0.051 seconds
[2024-09-28T20:18:32.041+0000] {processor.py:186} INFO - Started process (PID=392) to work on /home/airflow/.local/lib/python3.12/site-packages/airflow/example_dags/example_python_operator.py
[2024-09-28T20:18:32.041+0000] {processor.py:914} INFO - Processing file /home/airflow/.local/lib/python3.12/site-packages/airflow/example_dags/example_python_operator.py for tasks to queue
[2024-09-28T20:18:32.043+0000] {logging_mixin.py:190} INFO - [2024-09-28T20:18:32.042+0000] {dagbag.py:588} INFO - Filling up the DagBag from /home/airflow/.local/lib/python3.12/site-packages/airflow/example_dags/example_python_operator.py
[2024-09-28T20:18:32.050+0000] {processor.py:925} INFO - DAG(s) 'example_python_operator' retrieved from /home/airflow/.local/lib/python3.12/site-packages/airflow/example_dags/example_python_operator.py
[2024-09-28T20:18:32.066+0000] {logging_mixin.py:190} INFO - [2024-09-28T20:18:32.065+0000] {dag.py:3239} INFO - Sync 1 DAGs
[2024-09-28T20:18:32.077+0000] {logging_mixin.py:190} INFO - [2024-09-28T20:18:32.077+0000] {dag.py:4180} INFO - Setting next_dagrun for example_python_operator to None, run_after=None
[2024-09-28T20:18:32.093+0000] {processor.py:208} INFO - Processing /home/airflow/.local/lib/python3.12/site-packages/airflow/example_dags/example_python_operator.py took 0.056 seconds
[2024-09-28T20:19:02.486+0000] {processor.py:186} INFO - Started process (PID=459) to work on /home/airflow/.local/lib/python3.12/site-packages/airflow/example_dags/example_python_operator.py
[2024-09-28T20:19:02.487+0000] {processor.py:914} INFO - Processing file /home/airflow/.local/lib/python3.12/site-packages/airflow/example_dags/example_python_operator.py for tasks to queue
[2024-09-28T20:19:02.488+0000] {logging_mixin.py:190} INFO - [2024-09-28T20:19:02.488+0000] {dagbag.py:588} INFO - Filling up the DagBag from /home/airflow/.local/lib/python3.12/site-packages/airflow/example_dags/example_python_operator.py
[2024-09-28T20:19:02.496+0000] {processor.py:925} INFO - DAG(s) 'example_python_operator' retrieved from /home/airflow/.local/lib/python3.12/site-packages/airflow/example_dags/example_python_operator.py
[2024-09-28T20:19:02.510+0000] {logging_mixin.py:190} INFO - [2024-09-28T20:19:02.510+0000] {dag.py:3239} INFO - Sync 1 DAGs
[2024-09-28T20:19:02.521+0000] {logging_mixin.py:190} INFO - [2024-09-28T20:19:02.520+0000] {dag.py:4180} INFO - Setting next_dagrun for example_python_operator to None, run_after=None
[2024-09-28T20:19:02.532+0000] {processor.py:208} INFO - Processing /home/airflow/.local/lib/python3.12/site-packages/airflow/example_dags/example_python_operator.py took 0.050 seconds
[2024-09-28T20:19:32.704+0000] {processor.py:186} INFO - Started process (PID=525) to work on /home/airflow/.local/lib/python3.12/site-packages/airflow/example_dags/example_python_operator.py
[2024-09-28T20:19:32.705+0000] {processor.py:914} INFO - Processing file /home/airflow/.local/lib/python3.12/site-packages/airflow/example_dags/example_python_operator.py for tasks to queue
[2024-09-28T20:19:32.707+0000] {logging_mixin.py:190} INFO - [2024-09-28T20:19:32.707+0000] {dagbag.py:588} INFO - Filling up the DagBag from /home/airflow/.local/lib/python3.12/site-packages/airflow/example_dags/example_python_operator.py
[2024-09-28T20:19:32.715+0000] {processor.py:925} INFO - DAG(s) 'example_python_operator' retrieved from /home/airflow/.local/lib/python3.12/site-packages/airflow/example_dags/example_python_operator.py
[2024-09-28T20:19:32.729+0000] {logging_mixin.py:190} INFO - [2024-09-28T20:19:32.729+0000] {dag.py:3239} INFO - Sync 1 DAGs
[2024-09-28T20:19:32.739+0000] {logging_mixin.py:190} INFO - [2024-09-28T20:19:32.739+0000] {dag.py:4180} INFO - Setting next_dagrun for example_python_operator to None, run_after=None
[2024-09-28T20:19:32.752+0000] {processor.py:208} INFO - Processing /home/airflow/.local/lib/python3.12/site-packages/airflow/example_dags/example_python_operator.py took 0.052 seconds
[2024-09-28T20:20:03.095+0000] {processor.py:186} INFO - Started process (PID=592) to work on /home/airflow/.local/lib/python3.12/site-packages/airflow/example_dags/example_python_operator.py
[2024-09-28T20:20:03.096+0000] {processor.py:914} INFO - Processing file /home/airflow/.local/lib/python3.12/site-packages/airflow/example_dags/example_python_operator.py for tasks to queue
[2024-09-28T20:20:03.098+0000] {logging_mixin.py:190} INFO - [2024-09-28T20:20:03.097+0000] {dagbag.py:588} INFO - Filling up the DagBag from /home/airflow/.local/lib/python3.12/site-packages/airflow/example_dags/example_python_operator.py
[2024-09-28T20:20:03.106+0000] {processor.py:925} INFO - DAG(s) 'example_python_operator' retrieved from /home/airflow/.local/lib/python3.12/site-packages/airflow/example_dags/example_python_operator.py
[2024-09-28T20:20:03.124+0000] {logging_mixin.py:190} INFO - [2024-09-28T20:20:03.124+0000] {dag.py:3239} INFO - Sync 1 DAGs
[2024-09-28T20:20:03.134+0000] {logging_mixin.py:190} INFO - [2024-09-28T20:20:03.134+0000] {dag.py:4180} INFO - Setting next_dagrun for example_python_operator to None, run_after=None
[2024-09-28T20:20:03.148+0000] {processor.py:208} INFO - Processing /home/airflow/.local/lib/python3.12/site-packages/airflow/example_dags/example_python_operator.py took 0.056 seconds
[2024-09-28T20:20:33.510+0000] {processor.py:186} INFO - Started process (PID=658) to work on /home/airflow/.local/lib/python3.12/site-packages/airflow/example_dags/example_python_operator.py
[2024-09-28T20:20:33.511+0000] {processor.py:914} INFO - Processing file /home/airflow/.local/lib/python3.12/site-packages/airflow/example_dags/example_python_operator.py for tasks to queue
[2024-09-28T20:20:33.512+0000] {logging_mixin.py:190} INFO - [2024-09-28T20:20:33.512+0000] {dagbag.py:588} INFO - Filling up the DagBag from /home/airflow/.local/lib/python3.12/site-packages/airflow/example_dags/example_python_operator.py
[2024-09-28T20:20:33.519+0000] {processor.py:925} INFO - DAG(s) 'example_python_operator' retrieved from /home/airflow/.local/lib/python3.12/site-packages/airflow/example_dags/example_python_operator.py
[2024-09-28T20:20:33.534+0000] {logging_mixin.py:190} INFO - [2024-09-28T20:20:33.534+0000] {dag.py:3239} INFO - Sync 1 DAGs
[2024-09-28T20:20:33.544+0000] {logging_mixin.py:190} INFO - [2024-09-28T20:20:33.544+0000] {dag.py:4180} INFO - Setting next_dagrun for example_python_operator to None, run_after=None
[2024-09-28T20:20:33.558+0000] {processor.py:208} INFO - Processing /home/airflow/.local/lib/python3.12/site-packages/airflow/example_dags/example_python_operator.py took 0.051 seconds
