[2024-09-28T19:52:50.004+0000] {processor.py:186} INFO - Started process (PID=89) to work on /home/airflow/.local/lib/python3.12/site-packages/airflow/example_dags/example_inlet_event_extra.py
[2024-09-28T19:52:50.005+0000] {processor.py:914} INFO - Processing file /home/airflow/.local/lib/python3.12/site-packages/airflow/example_dags/example_inlet_event_extra.py for tasks to queue
[2024-09-28T19:52:50.007+0000] {logging_mixin.py:190} INFO - [2024-09-28T19:52:50.006+0000] {dagbag.py:588} INFO - Filling up the DagBag from /home/airflow/.local/lib/python3.12/site-packages/airflow/example_dags/example_inlet_event_extra.py
[2024-09-28T19:52:50.104+0000] {processor.py:925} INFO - DAG(s) 'read_dataset_event_from_classic', 'read_dataset_event' retrieved from /home/airflow/.local/lib/python3.12/site-packages/airflow/example_dags/example_inlet_event_extra.py
[2024-09-28T19:52:50.164+0000] {logging_mixin.py:190} INFO - [2024-09-28T19:52:50.163+0000] {override.py:1900} INFO - Created Permission View: can edit on DAG:read_dataset_event_from_classic
[2024-09-28T19:52:50.170+0000] {logging_mixin.py:190} INFO - [2024-09-28T19:52:50.170+0000] {override.py:1900} INFO - Created Permission View: can delete on DAG:read_dataset_event_from_classic
[2024-09-28T19:52:50.174+0000] {logging_mixin.py:190} INFO - [2024-09-28T19:52:50.174+0000] {override.py:1900} INFO - Created Permission View: can read on DAG:read_dataset_event_from_classic
[2024-09-28T19:52:50.178+0000] {logging_mixin.py:190} INFO - [2024-09-28T19:52:50.178+0000] {override.py:1900} INFO - Created Permission View: can delete on DAG Run:read_dataset_event_from_classic
[2024-09-28T19:52:50.183+0000] {logging_mixin.py:190} INFO - [2024-09-28T19:52:50.183+0000] {override.py:1900} INFO - Created Permission View: can read on DAG Run:read_dataset_event_from_classic
[2024-09-28T19:52:50.187+0000] {logging_mixin.py:190} INFO - [2024-09-28T19:52:50.186+0000] {override.py:1900} INFO - Created Permission View: can create on DAG Run:read_dataset_event_from_classic
[2024-09-28T19:52:50.191+0000] {logging_mixin.py:190} INFO - [2024-09-28T19:52:50.191+0000] {override.py:1900} INFO - Created Permission View: menu access on DAG Run:read_dataset_event_from_classic
[2024-09-28T19:52:50.199+0000] {logging_mixin.py:190} INFO - [2024-09-28T19:52:50.199+0000] {override.py:1900} INFO - Created Permission View: can edit on DAG:read_dataset_event
[2024-09-28T19:52:50.203+0000] {logging_mixin.py:190} INFO - [2024-09-28T19:52:50.203+0000] {override.py:1900} INFO - Created Permission View: can delete on DAG:read_dataset_event
[2024-09-28T19:52:50.207+0000] {logging_mixin.py:190} INFO - [2024-09-28T19:52:50.207+0000] {override.py:1900} INFO - Created Permission View: can read on DAG:read_dataset_event
[2024-09-28T19:52:50.212+0000] {logging_mixin.py:190} INFO - [2024-09-28T19:52:50.211+0000] {override.py:1900} INFO - Created Permission View: can delete on DAG Run:read_dataset_event
[2024-09-28T19:52:50.216+0000] {logging_mixin.py:190} INFO - [2024-09-28T19:52:50.216+0000] {override.py:1900} INFO - Created Permission View: can read on DAG Run:read_dataset_event
[2024-09-28T19:52:50.220+0000] {logging_mixin.py:190} INFO - [2024-09-28T19:52:50.220+0000] {override.py:1900} INFO - Created Permission View: can create on DAG Run:read_dataset_event
[2024-09-28T19:52:50.224+0000] {logging_mixin.py:190} INFO - [2024-09-28T19:52:50.224+0000] {override.py:1900} INFO - Created Permission View: menu access on DAG Run:read_dataset_event
[2024-09-28T19:52:50.225+0000] {logging_mixin.py:190} INFO - [2024-09-28T19:52:50.225+0000] {dag.py:3239} INFO - Sync 2 DAGs
[2024-09-28T19:52:50.233+0000] {logging_mixin.py:190} INFO - [2024-09-28T19:52:50.232+0000] {dag.py:3262} INFO - Creating ORM DAG for read_dataset_event_from_classic
[2024-09-28T19:52:50.234+0000] {logging_mixin.py:190} INFO - [2024-09-28T19:52:50.233+0000] {dag.py:3262} INFO - Creating ORM DAG for read_dataset_event
[2024-09-28T19:52:50.241+0000] {logging_mixin.py:190} INFO - [2024-09-28T19:52:50.240+0000] {dag.py:4180} INFO - Setting next_dagrun for read_dataset_event to 2024-09-27 00:00:00+00:00, run_after=2024-09-28 00:00:00+00:00
[2024-09-28T19:52:50.242+0000] {logging_mixin.py:190} INFO - [2024-09-28T19:52:50.242+0000] {dag.py:4180} INFO - Setting next_dagrun for read_dataset_event_from_classic to 2024-09-27 00:00:00+00:00, run_after=2024-09-28 00:00:00+00:00
[2024-09-28T19:52:50.254+0000] {processor.py:208} INFO - Processing /home/airflow/.local/lib/python3.12/site-packages/airflow/example_dags/example_inlet_event_extra.py took 0.254 seconds
[2024-09-28T19:53:20.558+0000] {processor.py:186} INFO - Started process (PID=155) to work on /home/airflow/.local/lib/python3.12/site-packages/airflow/example_dags/example_inlet_event_extra.py
[2024-09-28T19:53:20.559+0000] {processor.py:914} INFO - Processing file /home/airflow/.local/lib/python3.12/site-packages/airflow/example_dags/example_inlet_event_extra.py for tasks to queue
[2024-09-28T19:53:20.561+0000] {logging_mixin.py:190} INFO - [2024-09-28T19:53:20.561+0000] {dagbag.py:588} INFO - Filling up the DagBag from /home/airflow/.local/lib/python3.12/site-packages/airflow/example_dags/example_inlet_event_extra.py
[2024-09-28T19:53:20.643+0000] {processor.py:925} INFO - DAG(s) 'read_dataset_event_from_classic', 'read_dataset_event' retrieved from /home/airflow/.local/lib/python3.12/site-packages/airflow/example_dags/example_inlet_event_extra.py
[2024-09-28T19:53:20.659+0000] {logging_mixin.py:190} INFO - [2024-09-28T19:53:20.658+0000] {dag.py:3239} INFO - Sync 2 DAGs
[2024-09-28T19:53:20.674+0000] {logging_mixin.py:190} INFO - [2024-09-28T19:53:20.674+0000] {dag.py:4180} INFO - Setting next_dagrun for read_dataset_event to 2024-09-27 00:00:00+00:00, run_after=2024-09-28 00:00:00+00:00
[2024-09-28T19:53:20.679+0000] {logging_mixin.py:190} INFO - [2024-09-28T19:53:20.679+0000] {dag.py:4180} INFO - Setting next_dagrun for read_dataset_event_from_classic to 2024-09-27 00:00:00+00:00, run_after=2024-09-28 00:00:00+00:00
[2024-09-28T19:53:20.693+0000] {processor.py:208} INFO - Processing /home/airflow/.local/lib/python3.12/site-packages/airflow/example_dags/example_inlet_event_extra.py took 0.141 seconds
[2024-09-28T19:53:50.993+0000] {processor.py:186} INFO - Started process (PID=218) to work on /home/airflow/.local/lib/python3.12/site-packages/airflow/example_dags/example_inlet_event_extra.py
[2024-09-28T19:53:50.994+0000] {processor.py:914} INFO - Processing file /home/airflow/.local/lib/python3.12/site-packages/airflow/example_dags/example_inlet_event_extra.py for tasks to queue
[2024-09-28T19:53:50.997+0000] {logging_mixin.py:190} INFO - [2024-09-28T19:53:50.997+0000] {dagbag.py:588} INFO - Filling up the DagBag from /home/airflow/.local/lib/python3.12/site-packages/airflow/example_dags/example_inlet_event_extra.py
[2024-09-28T19:53:51.099+0000] {processor.py:925} INFO - DAG(s) 'read_dataset_event', 'read_dataset_event_from_classic' retrieved from /home/airflow/.local/lib/python3.12/site-packages/airflow/example_dags/example_inlet_event_extra.py
[2024-09-28T19:53:51.113+0000] {logging_mixin.py:190} INFO - [2024-09-28T19:53:51.113+0000] {dag.py:3239} INFO - Sync 2 DAGs
[2024-09-28T19:53:51.130+0000] {logging_mixin.py:190} INFO - [2024-09-28T19:53:51.129+0000] {dag.py:4180} INFO - Setting next_dagrun for read_dataset_event to 2024-09-27 00:00:00+00:00, run_after=2024-09-28 00:00:00+00:00
[2024-09-28T19:53:51.133+0000] {logging_mixin.py:190} INFO - [2024-09-28T19:53:51.133+0000] {dag.py:4180} INFO - Setting next_dagrun for read_dataset_event_from_classic to 2024-09-27 00:00:00+00:00, run_after=2024-09-28 00:00:00+00:00
[2024-09-28T19:53:51.144+0000] {processor.py:208} INFO - Processing /home/airflow/.local/lib/python3.12/site-packages/airflow/example_dags/example_inlet_event_extra.py took 0.155 seconds
[2024-09-28T19:54:21.506+0000] {processor.py:186} INFO - Started process (PID=284) to work on /home/airflow/.local/lib/python3.12/site-packages/airflow/example_dags/example_inlet_event_extra.py
[2024-09-28T19:54:21.507+0000] {processor.py:914} INFO - Processing file /home/airflow/.local/lib/python3.12/site-packages/airflow/example_dags/example_inlet_event_extra.py for tasks to queue
[2024-09-28T19:54:21.509+0000] {logging_mixin.py:190} INFO - [2024-09-28T19:54:21.509+0000] {dagbag.py:588} INFO - Filling up the DagBag from /home/airflow/.local/lib/python3.12/site-packages/airflow/example_dags/example_inlet_event_extra.py
[2024-09-28T19:54:21.600+0000] {processor.py:925} INFO - DAG(s) 'read_dataset_event', 'read_dataset_event_from_classic' retrieved from /home/airflow/.local/lib/python3.12/site-packages/airflow/example_dags/example_inlet_event_extra.py
[2024-09-28T19:54:21.613+0000] {logging_mixin.py:190} INFO - [2024-09-28T19:54:21.613+0000] {dag.py:3239} INFO - Sync 2 DAGs
[2024-09-28T19:54:21.630+0000] {logging_mixin.py:190} INFO - [2024-09-28T19:54:21.630+0000] {dag.py:4180} INFO - Setting next_dagrun for read_dataset_event to 2024-09-27 00:00:00+00:00, run_after=2024-09-28 00:00:00+00:00
[2024-09-28T19:54:21.638+0000] {logging_mixin.py:190} INFO - [2024-09-28T19:54:21.638+0000] {dag.py:4180} INFO - Setting next_dagrun for read_dataset_event_from_classic to 2024-09-27 00:00:00+00:00, run_after=2024-09-28 00:00:00+00:00
[2024-09-28T19:54:21.650+0000] {processor.py:208} INFO - Processing /home/airflow/.local/lib/python3.12/site-packages/airflow/example_dags/example_inlet_event_extra.py took 0.148 seconds
[2024-09-28T19:54:51.753+0000] {processor.py:186} INFO - Started process (PID=349) to work on /home/airflow/.local/lib/python3.12/site-packages/airflow/example_dags/example_inlet_event_extra.py
[2024-09-28T19:54:51.754+0000] {processor.py:914} INFO - Processing file /home/airflow/.local/lib/python3.12/site-packages/airflow/example_dags/example_inlet_event_extra.py for tasks to queue
[2024-09-28T19:54:51.756+0000] {logging_mixin.py:190} INFO - [2024-09-28T19:54:51.755+0000] {dagbag.py:588} INFO - Filling up the DagBag from /home/airflow/.local/lib/python3.12/site-packages/airflow/example_dags/example_inlet_event_extra.py
[2024-09-28T19:54:51.852+0000] {processor.py:925} INFO - DAG(s) 'read_dataset_event', 'read_dataset_event_from_classic' retrieved from /home/airflow/.local/lib/python3.12/site-packages/airflow/example_dags/example_inlet_event_extra.py
[2024-09-28T19:54:51.867+0000] {logging_mixin.py:190} INFO - [2024-09-28T19:54:51.867+0000] {dag.py:3239} INFO - Sync 2 DAGs
[2024-09-28T19:54:51.882+0000] {logging_mixin.py:190} INFO - [2024-09-28T19:54:51.882+0000] {dag.py:4180} INFO - Setting next_dagrun for read_dataset_event to 2024-09-27 00:00:00+00:00, run_after=2024-09-28 00:00:00+00:00
[2024-09-28T19:54:51.886+0000] {logging_mixin.py:190} INFO - [2024-09-28T19:54:51.886+0000] {dag.py:4180} INFO - Setting next_dagrun for read_dataset_event_from_classic to 2024-09-27 00:00:00+00:00, run_after=2024-09-28 00:00:00+00:00
[2024-09-28T19:54:51.900+0000] {processor.py:208} INFO - Processing /home/airflow/.local/lib/python3.12/site-packages/airflow/example_dags/example_inlet_event_extra.py took 0.151 seconds
[2024-09-28T19:55:22.303+0000] {processor.py:186} INFO - Started process (PID=415) to work on /home/airflow/.local/lib/python3.12/site-packages/airflow/example_dags/example_inlet_event_extra.py
[2024-09-28T19:55:22.308+0000] {processor.py:914} INFO - Processing file /home/airflow/.local/lib/python3.12/site-packages/airflow/example_dags/example_inlet_event_extra.py for tasks to queue
[2024-09-28T19:55:22.310+0000] {logging_mixin.py:190} INFO - [2024-09-28T19:55:22.309+0000] {dagbag.py:588} INFO - Filling up the DagBag from /home/airflow/.local/lib/python3.12/site-packages/airflow/example_dags/example_inlet_event_extra.py
[2024-09-28T19:55:22.399+0000] {processor.py:925} INFO - DAG(s) 'read_dataset_event', 'read_dataset_event_from_classic' retrieved from /home/airflow/.local/lib/python3.12/site-packages/airflow/example_dags/example_inlet_event_extra.py
[2024-09-28T19:55:22.414+0000] {logging_mixin.py:190} INFO - [2024-09-28T19:55:22.414+0000] {dag.py:3239} INFO - Sync 2 DAGs
[2024-09-28T19:55:22.429+0000] {logging_mixin.py:190} INFO - [2024-09-28T19:55:22.429+0000] {dag.py:4180} INFO - Setting next_dagrun for read_dataset_event to 2024-09-27 00:00:00+00:00, run_after=2024-09-28 00:00:00+00:00
[2024-09-28T19:55:22.432+0000] {logging_mixin.py:190} INFO - [2024-09-28T19:55:22.432+0000] {dag.py:4180} INFO - Setting next_dagrun for read_dataset_event_from_classic to 2024-09-27 00:00:00+00:00, run_after=2024-09-28 00:00:00+00:00
[2024-09-28T19:55:22.444+0000] {processor.py:208} INFO - Processing /home/airflow/.local/lib/python3.12/site-packages/airflow/example_dags/example_inlet_event_extra.py took 0.145 seconds
[2024-09-28T19:55:52.502+0000] {processor.py:186} INFO - Started process (PID=483) to work on /home/airflow/.local/lib/python3.12/site-packages/airflow/example_dags/example_inlet_event_extra.py
[2024-09-28T19:55:52.503+0000] {processor.py:914} INFO - Processing file /home/airflow/.local/lib/python3.12/site-packages/airflow/example_dags/example_inlet_event_extra.py for tasks to queue
[2024-09-28T19:55:52.506+0000] {logging_mixin.py:190} INFO - [2024-09-28T19:55:52.505+0000] {dagbag.py:588} INFO - Filling up the DagBag from /home/airflow/.local/lib/python3.12/site-packages/airflow/example_dags/example_inlet_event_extra.py
[2024-09-28T19:55:52.604+0000] {processor.py:925} INFO - DAG(s) 'read_dataset_event_from_classic', 'read_dataset_event' retrieved from /home/airflow/.local/lib/python3.12/site-packages/airflow/example_dags/example_inlet_event_extra.py
[2024-09-28T19:55:52.621+0000] {logging_mixin.py:190} INFO - [2024-09-28T19:55:52.621+0000] {dag.py:3239} INFO - Sync 2 DAGs
[2024-09-28T19:55:52.638+0000] {logging_mixin.py:190} INFO - [2024-09-28T19:55:52.638+0000] {dag.py:4180} INFO - Setting next_dagrun for read_dataset_event to 2024-09-27 00:00:00+00:00, run_after=2024-09-28 00:00:00+00:00
[2024-09-28T19:55:52.642+0000] {logging_mixin.py:190} INFO - [2024-09-28T19:55:52.642+0000] {dag.py:4180} INFO - Setting next_dagrun for read_dataset_event_from_classic to 2024-09-27 00:00:00+00:00, run_after=2024-09-28 00:00:00+00:00
[2024-09-28T19:55:52.654+0000] {processor.py:208} INFO - Processing /home/airflow/.local/lib/python3.12/site-packages/airflow/example_dags/example_inlet_event_extra.py took 0.155 seconds
[2024-09-28T19:56:23.082+0000] {processor.py:186} INFO - Started process (PID=548) to work on /home/airflow/.local/lib/python3.12/site-packages/airflow/example_dags/example_inlet_event_extra.py
[2024-09-28T19:56:23.083+0000] {processor.py:914} INFO - Processing file /home/airflow/.local/lib/python3.12/site-packages/airflow/example_dags/example_inlet_event_extra.py for tasks to queue
[2024-09-28T19:56:23.085+0000] {logging_mixin.py:190} INFO - [2024-09-28T19:56:23.084+0000] {dagbag.py:588} INFO - Filling up the DagBag from /home/airflow/.local/lib/python3.12/site-packages/airflow/example_dags/example_inlet_event_extra.py
[2024-09-28T19:56:23.180+0000] {processor.py:925} INFO - DAG(s) 'read_dataset_event_from_classic', 'read_dataset_event' retrieved from /home/airflow/.local/lib/python3.12/site-packages/airflow/example_dags/example_inlet_event_extra.py
[2024-09-28T19:56:23.197+0000] {logging_mixin.py:190} INFO - [2024-09-28T19:56:23.196+0000] {dag.py:3239} INFO - Sync 2 DAGs
[2024-09-28T19:56:23.216+0000] {logging_mixin.py:190} INFO - [2024-09-28T19:56:23.216+0000] {dag.py:4180} INFO - Setting next_dagrun for read_dataset_event to 2024-09-27 00:00:00+00:00, run_after=2024-09-28 00:00:00+00:00
[2024-09-28T19:56:23.220+0000] {logging_mixin.py:190} INFO - [2024-09-28T19:56:23.219+0000] {dag.py:4180} INFO - Setting next_dagrun for read_dataset_event_from_classic to 2024-09-27 00:00:00+00:00, run_after=2024-09-28 00:00:00+00:00
[2024-09-28T19:56:23.232+0000] {processor.py:208} INFO - Processing /home/airflow/.local/lib/python3.12/site-packages/airflow/example_dags/example_inlet_event_extra.py took 0.154 seconds
[2024-09-28T19:56:53.529+0000] {processor.py:186} INFO - Started process (PID=614) to work on /home/airflow/.local/lib/python3.12/site-packages/airflow/example_dags/example_inlet_event_extra.py
[2024-09-28T19:56:53.530+0000] {processor.py:914} INFO - Processing file /home/airflow/.local/lib/python3.12/site-packages/airflow/example_dags/example_inlet_event_extra.py for tasks to queue
[2024-09-28T19:56:53.532+0000] {logging_mixin.py:190} INFO - [2024-09-28T19:56:53.531+0000] {dagbag.py:588} INFO - Filling up the DagBag from /home/airflow/.local/lib/python3.12/site-packages/airflow/example_dags/example_inlet_event_extra.py
[2024-09-28T19:56:53.627+0000] {processor.py:925} INFO - DAG(s) 'read_dataset_event', 'read_dataset_event_from_classic' retrieved from /home/airflow/.local/lib/python3.12/site-packages/airflow/example_dags/example_inlet_event_extra.py
[2024-09-28T19:56:53.644+0000] {logging_mixin.py:190} INFO - [2024-09-28T19:56:53.644+0000] {dag.py:3239} INFO - Sync 2 DAGs
[2024-09-28T19:56:53.661+0000] {logging_mixin.py:190} INFO - [2024-09-28T19:56:53.661+0000] {dag.py:4180} INFO - Setting next_dagrun for read_dataset_event to 2024-09-27 00:00:00+00:00, run_after=2024-09-28 00:00:00+00:00
[2024-09-28T19:56:53.665+0000] {logging_mixin.py:190} INFO - [2024-09-28T19:56:53.664+0000] {dag.py:4180} INFO - Setting next_dagrun for read_dataset_event_from_classic to 2024-09-27 00:00:00+00:00, run_after=2024-09-28 00:00:00+00:00
[2024-09-28T19:56:53.677+0000] {processor.py:208} INFO - Processing /home/airflow/.local/lib/python3.12/site-packages/airflow/example_dags/example_inlet_event_extra.py took 0.152 seconds
[2024-09-28T19:57:23.778+0000] {processor.py:186} INFO - Started process (PID=679) to work on /home/airflow/.local/lib/python3.12/site-packages/airflow/example_dags/example_inlet_event_extra.py
[2024-09-28T19:57:23.778+0000] {processor.py:914} INFO - Processing file /home/airflow/.local/lib/python3.12/site-packages/airflow/example_dags/example_inlet_event_extra.py for tasks to queue
[2024-09-28T19:57:23.780+0000] {logging_mixin.py:190} INFO - [2024-09-28T19:57:23.780+0000] {dagbag.py:588} INFO - Filling up the DagBag from /home/airflow/.local/lib/python3.12/site-packages/airflow/example_dags/example_inlet_event_extra.py
[2024-09-28T19:57:23.874+0000] {processor.py:925} INFO - DAG(s) 'read_dataset_event', 'read_dataset_event_from_classic' retrieved from /home/airflow/.local/lib/python3.12/site-packages/airflow/example_dags/example_inlet_event_extra.py
[2024-09-28T19:57:23.890+0000] {logging_mixin.py:190} INFO - [2024-09-28T19:57:23.890+0000] {dag.py:3239} INFO - Sync 2 DAGs
[2024-09-28T19:57:23.906+0000] {logging_mixin.py:190} INFO - [2024-09-28T19:57:23.905+0000] {dag.py:4180} INFO - Setting next_dagrun for read_dataset_event to 2024-09-27 00:00:00+00:00, run_after=2024-09-28 00:00:00+00:00
[2024-09-28T19:57:23.909+0000] {logging_mixin.py:190} INFO - [2024-09-28T19:57:23.909+0000] {dag.py:4180} INFO - Setting next_dagrun for read_dataset_event_from_classic to 2024-09-27 00:00:00+00:00, run_after=2024-09-28 00:00:00+00:00
[2024-09-28T19:57:23.919+0000] {processor.py:208} INFO - Processing /home/airflow/.local/lib/python3.12/site-packages/airflow/example_dags/example_inlet_event_extra.py took 0.145 seconds
[2024-09-28T19:57:54.155+0000] {processor.py:186} INFO - Started process (PID=740) to work on /home/airflow/.local/lib/python3.12/site-packages/airflow/example_dags/example_inlet_event_extra.py
[2024-09-28T19:57:54.156+0000] {processor.py:914} INFO - Processing file /home/airflow/.local/lib/python3.12/site-packages/airflow/example_dags/example_inlet_event_extra.py for tasks to queue
[2024-09-28T19:57:54.157+0000] {logging_mixin.py:190} INFO - [2024-09-28T19:57:54.157+0000] {dagbag.py:588} INFO - Filling up the DagBag from /home/airflow/.local/lib/python3.12/site-packages/airflow/example_dags/example_inlet_event_extra.py
[2024-09-28T19:57:54.256+0000] {processor.py:925} INFO - DAG(s) 'read_dataset_event_from_classic', 'read_dataset_event' retrieved from /home/airflow/.local/lib/python3.12/site-packages/airflow/example_dags/example_inlet_event_extra.py
[2024-09-28T19:57:54.271+0000] {logging_mixin.py:190} INFO - [2024-09-28T19:57:54.271+0000] {dag.py:3239} INFO - Sync 2 DAGs
[2024-09-28T19:57:54.287+0000] {logging_mixin.py:190} INFO - [2024-09-28T19:57:54.287+0000] {dag.py:4180} INFO - Setting next_dagrun for read_dataset_event to 2024-09-27 00:00:00+00:00, run_after=2024-09-28 00:00:00+00:00
[2024-09-28T19:57:54.291+0000] {logging_mixin.py:190} INFO - [2024-09-28T19:57:54.291+0000] {dag.py:4180} INFO - Setting next_dagrun for read_dataset_event_from_classic to 2024-09-27 00:00:00+00:00, run_after=2024-09-28 00:00:00+00:00
[2024-09-28T19:57:54.301+0000] {processor.py:208} INFO - Processing /home/airflow/.local/lib/python3.12/site-packages/airflow/example_dags/example_inlet_event_extra.py took 0.151 seconds
[2024-09-28T19:58:24.745+0000] {processor.py:186} INFO - Started process (PID=805) to work on /home/airflow/.local/lib/python3.12/site-packages/airflow/example_dags/example_inlet_event_extra.py
[2024-09-28T19:58:24.746+0000] {processor.py:914} INFO - Processing file /home/airflow/.local/lib/python3.12/site-packages/airflow/example_dags/example_inlet_event_extra.py for tasks to queue
[2024-09-28T19:58:24.747+0000] {logging_mixin.py:190} INFO - [2024-09-28T19:58:24.747+0000] {dagbag.py:588} INFO - Filling up the DagBag from /home/airflow/.local/lib/python3.12/site-packages/airflow/example_dags/example_inlet_event_extra.py
[2024-09-28T19:58:24.835+0000] {processor.py:925} INFO - DAG(s) 'read_dataset_event_from_classic', 'read_dataset_event' retrieved from /home/airflow/.local/lib/python3.12/site-packages/airflow/example_dags/example_inlet_event_extra.py
[2024-09-28T19:58:24.849+0000] {logging_mixin.py:190} INFO - [2024-09-28T19:58:24.849+0000] {dag.py:3239} INFO - Sync 2 DAGs
[2024-09-28T19:58:24.863+0000] {logging_mixin.py:190} INFO - [2024-09-28T19:58:24.863+0000] {dag.py:4180} INFO - Setting next_dagrun for read_dataset_event to 2024-09-27 00:00:00+00:00, run_after=2024-09-28 00:00:00+00:00
[2024-09-28T19:58:24.871+0000] {logging_mixin.py:190} INFO - [2024-09-28T19:58:24.871+0000] {dag.py:4180} INFO - Setting next_dagrun for read_dataset_event_from_classic to 2024-09-27 00:00:00+00:00, run_after=2024-09-28 00:00:00+00:00
[2024-09-28T19:58:24.881+0000] {processor.py:208} INFO - Processing /home/airflow/.local/lib/python3.12/site-packages/airflow/example_dags/example_inlet_event_extra.py took 0.140 seconds
[2024-09-28T19:58:54.965+0000] {processor.py:186} INFO - Started process (PID=870) to work on /home/airflow/.local/lib/python3.12/site-packages/airflow/example_dags/example_inlet_event_extra.py
[2024-09-28T19:58:54.966+0000] {processor.py:914} INFO - Processing file /home/airflow/.local/lib/python3.12/site-packages/airflow/example_dags/example_inlet_event_extra.py for tasks to queue
[2024-09-28T19:58:54.968+0000] {logging_mixin.py:190} INFO - [2024-09-28T19:58:54.968+0000] {dagbag.py:588} INFO - Filling up the DagBag from /home/airflow/.local/lib/python3.12/site-packages/airflow/example_dags/example_inlet_event_extra.py
[2024-09-28T19:58:55.058+0000] {processor.py:925} INFO - DAG(s) 'read_dataset_event', 'read_dataset_event_from_classic' retrieved from /home/airflow/.local/lib/python3.12/site-packages/airflow/example_dags/example_inlet_event_extra.py
[2024-09-28T19:58:55.073+0000] {logging_mixin.py:190} INFO - [2024-09-28T19:58:55.073+0000] {dag.py:3239} INFO - Sync 2 DAGs
[2024-09-28T19:58:55.088+0000] {logging_mixin.py:190} INFO - [2024-09-28T19:58:55.088+0000] {dag.py:4180} INFO - Setting next_dagrun for read_dataset_event to 2024-09-27 00:00:00+00:00, run_after=2024-09-28 00:00:00+00:00
[2024-09-28T19:58:55.092+0000] {logging_mixin.py:190} INFO - [2024-09-28T19:58:55.091+0000] {dag.py:4180} INFO - Setting next_dagrun for read_dataset_event_from_classic to 2024-09-27 00:00:00+00:00, run_after=2024-09-28 00:00:00+00:00
[2024-09-28T19:58:55.102+0000] {processor.py:208} INFO - Processing /home/airflow/.local/lib/python3.12/site-packages/airflow/example_dags/example_inlet_event_extra.py took 0.141 seconds
[2024-09-28T19:59:25.271+0000] {processor.py:186} INFO - Started process (PID=935) to work on /home/airflow/.local/lib/python3.12/site-packages/airflow/example_dags/example_inlet_event_extra.py
[2024-09-28T19:59:25.271+0000] {processor.py:914} INFO - Processing file /home/airflow/.local/lib/python3.12/site-packages/airflow/example_dags/example_inlet_event_extra.py for tasks to queue
[2024-09-28T19:59:25.273+0000] {logging_mixin.py:190} INFO - [2024-09-28T19:59:25.273+0000] {dagbag.py:588} INFO - Filling up the DagBag from /home/airflow/.local/lib/python3.12/site-packages/airflow/example_dags/example_inlet_event_extra.py
[2024-09-28T19:59:25.358+0000] {processor.py:925} INFO - DAG(s) 'read_dataset_event', 'read_dataset_event_from_classic' retrieved from /home/airflow/.local/lib/python3.12/site-packages/airflow/example_dags/example_inlet_event_extra.py
[2024-09-28T19:59:25.374+0000] {logging_mixin.py:190} INFO - [2024-09-28T19:59:25.374+0000] {dag.py:3239} INFO - Sync 2 DAGs
[2024-09-28T19:59:25.389+0000] {logging_mixin.py:190} INFO - [2024-09-28T19:59:25.389+0000] {dag.py:4180} INFO - Setting next_dagrun for read_dataset_event to 2024-09-27 00:00:00+00:00, run_after=2024-09-28 00:00:00+00:00
[2024-09-28T19:59:25.393+0000] {logging_mixin.py:190} INFO - [2024-09-28T19:59:25.393+0000] {dag.py:4180} INFO - Setting next_dagrun for read_dataset_event_from_classic to 2024-09-27 00:00:00+00:00, run_after=2024-09-28 00:00:00+00:00
[2024-09-28T19:59:25.404+0000] {processor.py:208} INFO - Processing /home/airflow/.local/lib/python3.12/site-packages/airflow/example_dags/example_inlet_event_extra.py took 0.137 seconds
[2024-09-28T19:59:55.556+0000] {processor.py:186} INFO - Started process (PID=1000) to work on /home/airflow/.local/lib/python3.12/site-packages/airflow/example_dags/example_inlet_event_extra.py
[2024-09-28T19:59:55.558+0000] {processor.py:914} INFO - Processing file /home/airflow/.local/lib/python3.12/site-packages/airflow/example_dags/example_inlet_event_extra.py for tasks to queue
[2024-09-28T19:59:55.561+0000] {logging_mixin.py:190} INFO - [2024-09-28T19:59:55.561+0000] {dagbag.py:588} INFO - Filling up the DagBag from /home/airflow/.local/lib/python3.12/site-packages/airflow/example_dags/example_inlet_event_extra.py
[2024-09-28T19:59:55.687+0000] {processor.py:925} INFO - DAG(s) 'read_dataset_event_from_classic', 'read_dataset_event' retrieved from /home/airflow/.local/lib/python3.12/site-packages/airflow/example_dags/example_inlet_event_extra.py
[2024-09-28T19:59:55.703+0000] {logging_mixin.py:190} INFO - [2024-09-28T19:59:55.703+0000] {dag.py:3239} INFO - Sync 2 DAGs
[2024-09-28T19:59:55.718+0000] {logging_mixin.py:190} INFO - [2024-09-28T19:59:55.718+0000] {dag.py:4180} INFO - Setting next_dagrun for read_dataset_event to 2024-09-27 00:00:00+00:00, run_after=2024-09-28 00:00:00+00:00
[2024-09-28T19:59:55.722+0000] {logging_mixin.py:190} INFO - [2024-09-28T19:59:55.722+0000] {dag.py:4180} INFO - Setting next_dagrun for read_dataset_event_from_classic to 2024-09-27 00:00:00+00:00, run_after=2024-09-28 00:00:00+00:00
[2024-09-28T19:59:55.734+0000] {processor.py:208} INFO - Processing /home/airflow/.local/lib/python3.12/site-packages/airflow/example_dags/example_inlet_event_extra.py took 0.181 seconds
[2024-09-28T20:05:09.510+0000] {processor.py:186} INFO - Started process (PID=89) to work on /home/airflow/.local/lib/python3.12/site-packages/airflow/example_dags/example_inlet_event_extra.py
[2024-09-28T20:05:09.510+0000] {processor.py:914} INFO - Processing file /home/airflow/.local/lib/python3.12/site-packages/airflow/example_dags/example_inlet_event_extra.py for tasks to queue
[2024-09-28T20:05:09.512+0000] {logging_mixin.py:190} INFO - [2024-09-28T20:05:09.512+0000] {dagbag.py:588} INFO - Filling up the DagBag from /home/airflow/.local/lib/python3.12/site-packages/airflow/example_dags/example_inlet_event_extra.py
[2024-09-28T20:05:09.604+0000] {processor.py:925} INFO - DAG(s) 'read_dataset_event', 'read_dataset_event_from_classic' retrieved from /home/airflow/.local/lib/python3.12/site-packages/airflow/example_dags/example_inlet_event_extra.py
[2024-09-28T20:05:09.620+0000] {logging_mixin.py:190} INFO - [2024-09-28T20:05:09.619+0000] {dag.py:3239} INFO - Sync 2 DAGs
[2024-09-28T20:05:09.636+0000] {logging_mixin.py:190} INFO - [2024-09-28T20:05:09.636+0000] {dag.py:4180} INFO - Setting next_dagrun for read_dataset_event to 2024-09-27 00:00:00+00:00, run_after=2024-09-28 00:00:00+00:00
[2024-09-28T20:05:09.649+0000] {logging_mixin.py:190} INFO - [2024-09-28T20:05:09.649+0000] {dag.py:4180} INFO - Setting next_dagrun for read_dataset_event_from_classic to 2024-09-27 00:00:00+00:00, run_after=2024-09-28 00:00:00+00:00
[2024-09-28T20:05:09.661+0000] {processor.py:208} INFO - Processing /home/airflow/.local/lib/python3.12/site-packages/airflow/example_dags/example_inlet_event_extra.py took 0.155 seconds
[2024-09-28T20:05:39.913+0000] {processor.py:186} INFO - Started process (PID=154) to work on /home/airflow/.local/lib/python3.12/site-packages/airflow/example_dags/example_inlet_event_extra.py
[2024-09-28T20:05:39.914+0000] {processor.py:914} INFO - Processing file /home/airflow/.local/lib/python3.12/site-packages/airflow/example_dags/example_inlet_event_extra.py for tasks to queue
[2024-09-28T20:05:39.916+0000] {logging_mixin.py:190} INFO - [2024-09-28T20:05:39.916+0000] {dagbag.py:588} INFO - Filling up the DagBag from /home/airflow/.local/lib/python3.12/site-packages/airflow/example_dags/example_inlet_event_extra.py
[2024-09-28T20:05:40.008+0000] {processor.py:925} INFO - DAG(s) 'read_dataset_event', 'read_dataset_event_from_classic' retrieved from /home/airflow/.local/lib/python3.12/site-packages/airflow/example_dags/example_inlet_event_extra.py
[2024-09-28T20:05:40.022+0000] {logging_mixin.py:190} INFO - [2024-09-28T20:05:40.022+0000] {dag.py:3239} INFO - Sync 2 DAGs
[2024-09-28T20:05:40.041+0000] {logging_mixin.py:190} INFO - [2024-09-28T20:05:40.041+0000] {dag.py:4180} INFO - Setting next_dagrun for read_dataset_event to 2024-09-27 00:00:00+00:00, run_after=2024-09-28 00:00:00+00:00
[2024-09-28T20:05:40.045+0000] {logging_mixin.py:190} INFO - [2024-09-28T20:05:40.044+0000] {dag.py:4180} INFO - Setting next_dagrun for read_dataset_event_from_classic to 2024-09-27 00:00:00+00:00, run_after=2024-09-28 00:00:00+00:00
[2024-09-28T20:05:40.060+0000] {processor.py:208} INFO - Processing /home/airflow/.local/lib/python3.12/site-packages/airflow/example_dags/example_inlet_event_extra.py took 0.150 seconds
[2024-09-28T20:06:10.423+0000] {processor.py:186} INFO - Started process (PID=219) to work on /home/airflow/.local/lib/python3.12/site-packages/airflow/example_dags/example_inlet_event_extra.py
[2024-09-28T20:06:10.424+0000] {processor.py:914} INFO - Processing file /home/airflow/.local/lib/python3.12/site-packages/airflow/example_dags/example_inlet_event_extra.py for tasks to queue
[2024-09-28T20:06:10.425+0000] {logging_mixin.py:190} INFO - [2024-09-28T20:06:10.425+0000] {dagbag.py:588} INFO - Filling up the DagBag from /home/airflow/.local/lib/python3.12/site-packages/airflow/example_dags/example_inlet_event_extra.py
[2024-09-28T20:06:10.513+0000] {processor.py:925} INFO - DAG(s) 'read_dataset_event', 'read_dataset_event_from_classic' retrieved from /home/airflow/.local/lib/python3.12/site-packages/airflow/example_dags/example_inlet_event_extra.py
[2024-09-28T20:06:10.525+0000] {logging_mixin.py:190} INFO - [2024-09-28T20:06:10.525+0000] {dag.py:3239} INFO - Sync 2 DAGs
[2024-09-28T20:06:10.539+0000] {logging_mixin.py:190} INFO - [2024-09-28T20:06:10.539+0000] {dag.py:4180} INFO - Setting next_dagrun for read_dataset_event to 2024-09-27 00:00:00+00:00, run_after=2024-09-28 00:00:00+00:00
[2024-09-28T20:06:10.543+0000] {logging_mixin.py:190} INFO - [2024-09-28T20:06:10.543+0000] {dag.py:4180} INFO - Setting next_dagrun for read_dataset_event_from_classic to 2024-09-27 00:00:00+00:00, run_after=2024-09-28 00:00:00+00:00
[2024-09-28T20:06:10.555+0000] {processor.py:208} INFO - Processing /home/airflow/.local/lib/python3.12/site-packages/airflow/example_dags/example_inlet_event_extra.py took 0.136 seconds
[2024-09-28T20:06:40.711+0000] {processor.py:186} INFO - Started process (PID=285) to work on /home/airflow/.local/lib/python3.12/site-packages/airflow/example_dags/example_inlet_event_extra.py
[2024-09-28T20:06:40.712+0000] {processor.py:914} INFO - Processing file /home/airflow/.local/lib/python3.12/site-packages/airflow/example_dags/example_inlet_event_extra.py for tasks to queue
[2024-09-28T20:06:40.713+0000] {logging_mixin.py:190} INFO - [2024-09-28T20:06:40.713+0000] {dagbag.py:588} INFO - Filling up the DagBag from /home/airflow/.local/lib/python3.12/site-packages/airflow/example_dags/example_inlet_event_extra.py
[2024-09-28T20:06:40.809+0000] {processor.py:925} INFO - DAG(s) 'read_dataset_event_from_classic', 'read_dataset_event' retrieved from /home/airflow/.local/lib/python3.12/site-packages/airflow/example_dags/example_inlet_event_extra.py
[2024-09-28T20:06:40.824+0000] {logging_mixin.py:190} INFO - [2024-09-28T20:06:40.823+0000] {dag.py:3239} INFO - Sync 2 DAGs
[2024-09-28T20:06:40.843+0000] {logging_mixin.py:190} INFO - [2024-09-28T20:06:40.843+0000] {dag.py:4180} INFO - Setting next_dagrun for read_dataset_event to 2024-09-27 00:00:00+00:00, run_after=2024-09-28 00:00:00+00:00
[2024-09-28T20:06:40.848+0000] {logging_mixin.py:190} INFO - [2024-09-28T20:06:40.848+0000] {dag.py:4180} INFO - Setting next_dagrun for read_dataset_event_from_classic to 2024-09-27 00:00:00+00:00, run_after=2024-09-28 00:00:00+00:00
[2024-09-28T20:06:40.862+0000] {processor.py:208} INFO - Processing /home/airflow/.local/lib/python3.12/site-packages/airflow/example_dags/example_inlet_event_extra.py took 0.155 seconds
[2024-09-28T20:07:10.929+0000] {processor.py:186} INFO - Started process (PID=350) to work on /home/airflow/.local/lib/python3.12/site-packages/airflow/example_dags/example_inlet_event_extra.py
[2024-09-28T20:07:10.930+0000] {processor.py:914} INFO - Processing file /home/airflow/.local/lib/python3.12/site-packages/airflow/example_dags/example_inlet_event_extra.py for tasks to queue
[2024-09-28T20:07:10.932+0000] {logging_mixin.py:190} INFO - [2024-09-28T20:07:10.931+0000] {dagbag.py:588} INFO - Filling up the DagBag from /home/airflow/.local/lib/python3.12/site-packages/airflow/example_dags/example_inlet_event_extra.py
[2024-09-28T20:07:11.017+0000] {processor.py:925} INFO - DAG(s) 'read_dataset_event_from_classic', 'read_dataset_event' retrieved from /home/airflow/.local/lib/python3.12/site-packages/airflow/example_dags/example_inlet_event_extra.py
[2024-09-28T20:07:11.031+0000] {logging_mixin.py:190} INFO - [2024-09-28T20:07:11.031+0000] {dag.py:3239} INFO - Sync 2 DAGs
[2024-09-28T20:07:11.046+0000] {logging_mixin.py:190} INFO - [2024-09-28T20:07:11.046+0000] {dag.py:4180} INFO - Setting next_dagrun for read_dataset_event to 2024-09-27 00:00:00+00:00, run_after=2024-09-28 00:00:00+00:00
[2024-09-28T20:07:11.050+0000] {logging_mixin.py:190} INFO - [2024-09-28T20:07:11.050+0000] {dag.py:4180} INFO - Setting next_dagrun for read_dataset_event_from_classic to 2024-09-27 00:00:00+00:00, run_after=2024-09-28 00:00:00+00:00
[2024-09-28T20:07:11.061+0000] {processor.py:208} INFO - Processing /home/airflow/.local/lib/python3.12/site-packages/airflow/example_dags/example_inlet_event_extra.py took 0.136 seconds
[2024-09-28T20:07:41.974+0000] {processor.py:186} INFO - Started process (PID=416) to work on /home/airflow/.local/lib/python3.12/site-packages/airflow/example_dags/example_inlet_event_extra.py
[2024-09-28T20:07:41.975+0000] {processor.py:914} INFO - Processing file /home/airflow/.local/lib/python3.12/site-packages/airflow/example_dags/example_inlet_event_extra.py for tasks to queue
[2024-09-28T20:07:41.977+0000] {logging_mixin.py:190} INFO - [2024-09-28T20:07:41.977+0000] {dagbag.py:588} INFO - Filling up the DagBag from /home/airflow/.local/lib/python3.12/site-packages/airflow/example_dags/example_inlet_event_extra.py
[2024-09-28T20:07:42.071+0000] {processor.py:925} INFO - DAG(s) 'read_dataset_event', 'read_dataset_event_from_classic' retrieved from /home/airflow/.local/lib/python3.12/site-packages/airflow/example_dags/example_inlet_event_extra.py
[2024-09-28T20:07:42.084+0000] {logging_mixin.py:190} INFO - [2024-09-28T20:07:42.084+0000] {dag.py:3239} INFO - Sync 2 DAGs
[2024-09-28T20:07:42.102+0000] {logging_mixin.py:190} INFO - [2024-09-28T20:07:42.102+0000] {dag.py:4180} INFO - Setting next_dagrun for read_dataset_event to 2024-09-27 00:00:00+00:00, run_after=2024-09-28 00:00:00+00:00
[2024-09-28T20:07:42.109+0000] {logging_mixin.py:190} INFO - [2024-09-28T20:07:42.109+0000] {dag.py:4180} INFO - Setting next_dagrun for read_dataset_event_from_classic to 2024-09-27 00:00:00+00:00, run_after=2024-09-28 00:00:00+00:00
[2024-09-28T20:07:42.124+0000] {processor.py:208} INFO - Processing /home/airflow/.local/lib/python3.12/site-packages/airflow/example_dags/example_inlet_event_extra.py took 0.153 seconds
[2024-09-28T20:08:12.585+0000] {processor.py:186} INFO - Started process (PID=481) to work on /home/airflow/.local/lib/python3.12/site-packages/airflow/example_dags/example_inlet_event_extra.py
[2024-09-28T20:08:12.586+0000] {processor.py:914} INFO - Processing file /home/airflow/.local/lib/python3.12/site-packages/airflow/example_dags/example_inlet_event_extra.py for tasks to queue
[2024-09-28T20:08:12.588+0000] {logging_mixin.py:190} INFO - [2024-09-28T20:08:12.588+0000] {dagbag.py:588} INFO - Filling up the DagBag from /home/airflow/.local/lib/python3.12/site-packages/airflow/example_dags/example_inlet_event_extra.py
[2024-09-28T20:08:12.677+0000] {processor.py:925} INFO - DAG(s) 'read_dataset_event_from_classic', 'read_dataset_event' retrieved from /home/airflow/.local/lib/python3.12/site-packages/airflow/example_dags/example_inlet_event_extra.py
[2024-09-28T20:08:12.694+0000] {logging_mixin.py:190} INFO - [2024-09-28T20:08:12.693+0000] {dag.py:3239} INFO - Sync 2 DAGs
[2024-09-28T20:08:12.712+0000] {logging_mixin.py:190} INFO - [2024-09-28T20:08:12.712+0000] {dag.py:4180} INFO - Setting next_dagrun for read_dataset_event to 2024-09-27 00:00:00+00:00, run_after=2024-09-28 00:00:00+00:00
[2024-09-28T20:08:12.716+0000] {logging_mixin.py:190} INFO - [2024-09-28T20:08:12.715+0000] {dag.py:4180} INFO - Setting next_dagrun for read_dataset_event_from_classic to 2024-09-27 00:00:00+00:00, run_after=2024-09-28 00:00:00+00:00
[2024-09-28T20:08:12.727+0000] {processor.py:208} INFO - Processing /home/airflow/.local/lib/python3.12/site-packages/airflow/example_dags/example_inlet_event_extra.py took 0.146 seconds
[2024-09-28T20:08:43.578+0000] {processor.py:186} INFO - Started process (PID=546) to work on /home/airflow/.local/lib/python3.12/site-packages/airflow/example_dags/example_inlet_event_extra.py
[2024-09-28T20:08:43.591+0000] {processor.py:914} INFO - Processing file /home/airflow/.local/lib/python3.12/site-packages/airflow/example_dags/example_inlet_event_extra.py for tasks to queue
[2024-09-28T20:08:43.593+0000] {logging_mixin.py:190} INFO - [2024-09-28T20:08:43.593+0000] {dagbag.py:588} INFO - Filling up the DagBag from /home/airflow/.local/lib/python3.12/site-packages/airflow/example_dags/example_inlet_event_extra.py
[2024-09-28T20:08:43.706+0000] {processor.py:925} INFO - DAG(s) 'read_dataset_event', 'read_dataset_event_from_classic' retrieved from /home/airflow/.local/lib/python3.12/site-packages/airflow/example_dags/example_inlet_event_extra.py
[2024-09-28T20:08:43.720+0000] {logging_mixin.py:190} INFO - [2024-09-28T20:08:43.720+0000] {dag.py:3239} INFO - Sync 2 DAGs
[2024-09-28T20:08:43.735+0000] {logging_mixin.py:190} INFO - [2024-09-28T20:08:43.735+0000] {dag.py:4180} INFO - Setting next_dagrun for read_dataset_event to 2024-09-27 00:00:00+00:00, run_after=2024-09-28 00:00:00+00:00
[2024-09-28T20:08:43.739+0000] {logging_mixin.py:190} INFO - [2024-09-28T20:08:43.739+0000] {dag.py:4180} INFO - Setting next_dagrun for read_dataset_event_from_classic to 2024-09-27 00:00:00+00:00, run_after=2024-09-28 00:00:00+00:00
[2024-09-28T20:08:43.751+0000] {processor.py:208} INFO - Processing /home/airflow/.local/lib/python3.12/site-packages/airflow/example_dags/example_inlet_event_extra.py took 0.177 seconds
[2024-09-28T20:09:14.275+0000] {processor.py:186} INFO - Started process (PID=611) to work on /home/airflow/.local/lib/python3.12/site-packages/airflow/example_dags/example_inlet_event_extra.py
[2024-09-28T20:09:14.276+0000] {processor.py:914} INFO - Processing file /home/airflow/.local/lib/python3.12/site-packages/airflow/example_dags/example_inlet_event_extra.py for tasks to queue
[2024-09-28T20:09:14.278+0000] {logging_mixin.py:190} INFO - [2024-09-28T20:09:14.278+0000] {dagbag.py:588} INFO - Filling up the DagBag from /home/airflow/.local/lib/python3.12/site-packages/airflow/example_dags/example_inlet_event_extra.py
[2024-09-28T20:09:14.370+0000] {processor.py:925} INFO - DAG(s) 'read_dataset_event', 'read_dataset_event_from_classic' retrieved from /home/airflow/.local/lib/python3.12/site-packages/airflow/example_dags/example_inlet_event_extra.py
[2024-09-28T20:09:14.383+0000] {logging_mixin.py:190} INFO - [2024-09-28T20:09:14.383+0000] {dag.py:3239} INFO - Sync 2 DAGs
[2024-09-28T20:09:14.399+0000] {logging_mixin.py:190} INFO - [2024-09-28T20:09:14.399+0000] {dag.py:4180} INFO - Setting next_dagrun for read_dataset_event to 2024-09-27 00:00:00+00:00, run_after=2024-09-28 00:00:00+00:00
[2024-09-28T20:09:14.402+0000] {logging_mixin.py:190} INFO - [2024-09-28T20:09:14.402+0000] {dag.py:4180} INFO - Setting next_dagrun for read_dataset_event_from_classic to 2024-09-27 00:00:00+00:00, run_after=2024-09-28 00:00:00+00:00
[2024-09-28T20:09:14.422+0000] {processor.py:208} INFO - Processing /home/airflow/.local/lib/python3.12/site-packages/airflow/example_dags/example_inlet_event_extra.py took 0.151 seconds
[2024-09-28T20:09:44.464+0000] {processor.py:186} INFO - Started process (PID=676) to work on /home/airflow/.local/lib/python3.12/site-packages/airflow/example_dags/example_inlet_event_extra.py
[2024-09-28T20:09:44.465+0000] {processor.py:914} INFO - Processing file /home/airflow/.local/lib/python3.12/site-packages/airflow/example_dags/example_inlet_event_extra.py for tasks to queue
[2024-09-28T20:09:44.467+0000] {logging_mixin.py:190} INFO - [2024-09-28T20:09:44.466+0000] {dagbag.py:588} INFO - Filling up the DagBag from /home/airflow/.local/lib/python3.12/site-packages/airflow/example_dags/example_inlet_event_extra.py
[2024-09-28T20:09:44.553+0000] {processor.py:925} INFO - DAG(s) 'read_dataset_event_from_classic', 'read_dataset_event' retrieved from /home/airflow/.local/lib/python3.12/site-packages/airflow/example_dags/example_inlet_event_extra.py
[2024-09-28T20:09:44.568+0000] {logging_mixin.py:190} INFO - [2024-09-28T20:09:44.567+0000] {dag.py:3239} INFO - Sync 2 DAGs
[2024-09-28T20:09:44.584+0000] {logging_mixin.py:190} INFO - [2024-09-28T20:09:44.584+0000] {dag.py:4180} INFO - Setting next_dagrun for read_dataset_event to 2024-09-27 00:00:00+00:00, run_after=2024-09-28 00:00:00+00:00
[2024-09-28T20:09:44.588+0000] {logging_mixin.py:190} INFO - [2024-09-28T20:09:44.587+0000] {dag.py:4180} INFO - Setting next_dagrun for read_dataset_event_from_classic to 2024-09-27 00:00:00+00:00, run_after=2024-09-28 00:00:00+00:00
[2024-09-28T20:09:44.599+0000] {processor.py:208} INFO - Processing /home/airflow/.local/lib/python3.12/site-packages/airflow/example_dags/example_inlet_event_extra.py took 0.138 seconds
[2024-09-28T20:10:14.863+0000] {processor.py:186} INFO - Started process (PID=742) to work on /home/airflow/.local/lib/python3.12/site-packages/airflow/example_dags/example_inlet_event_extra.py
[2024-09-28T20:10:14.864+0000] {processor.py:914} INFO - Processing file /home/airflow/.local/lib/python3.12/site-packages/airflow/example_dags/example_inlet_event_extra.py for tasks to queue
[2024-09-28T20:10:14.866+0000] {logging_mixin.py:190} INFO - [2024-09-28T20:10:14.866+0000] {dagbag.py:588} INFO - Filling up the DagBag from /home/airflow/.local/lib/python3.12/site-packages/airflow/example_dags/example_inlet_event_extra.py
[2024-09-28T20:10:14.954+0000] {processor.py:925} INFO - DAG(s) 'read_dataset_event_from_classic', 'read_dataset_event' retrieved from /home/airflow/.local/lib/python3.12/site-packages/airflow/example_dags/example_inlet_event_extra.py
[2024-09-28T20:10:14.968+0000] {logging_mixin.py:190} INFO - [2024-09-28T20:10:14.968+0000] {dag.py:3239} INFO - Sync 2 DAGs
[2024-09-28T20:10:14.984+0000] {logging_mixin.py:190} INFO - [2024-09-28T20:10:14.984+0000] {dag.py:4180} INFO - Setting next_dagrun for read_dataset_event to 2024-09-27 00:00:00+00:00, run_after=2024-09-28 00:00:00+00:00
[2024-09-28T20:10:14.987+0000] {logging_mixin.py:190} INFO - [2024-09-28T20:10:14.987+0000] {dag.py:4180} INFO - Setting next_dagrun for read_dataset_event_from_classic to 2024-09-27 00:00:00+00:00, run_after=2024-09-28 00:00:00+00:00
[2024-09-28T20:10:14.998+0000] {processor.py:208} INFO - Processing /home/airflow/.local/lib/python3.12/site-packages/airflow/example_dags/example_inlet_event_extra.py took 0.138 seconds
[2024-09-28T20:10:45.185+0000] {processor.py:186} INFO - Started process (PID=808) to work on /home/airflow/.local/lib/python3.12/site-packages/airflow/example_dags/example_inlet_event_extra.py
[2024-09-28T20:10:45.186+0000] {processor.py:914} INFO - Processing file /home/airflow/.local/lib/python3.12/site-packages/airflow/example_dags/example_inlet_event_extra.py for tasks to queue
[2024-09-28T20:10:45.188+0000] {logging_mixin.py:190} INFO - [2024-09-28T20:10:45.187+0000] {dagbag.py:588} INFO - Filling up the DagBag from /home/airflow/.local/lib/python3.12/site-packages/airflow/example_dags/example_inlet_event_extra.py
[2024-09-28T20:10:45.273+0000] {processor.py:925} INFO - DAG(s) 'read_dataset_event', 'read_dataset_event_from_classic' retrieved from /home/airflow/.local/lib/python3.12/site-packages/airflow/example_dags/example_inlet_event_extra.py
[2024-09-28T20:10:45.289+0000] {logging_mixin.py:190} INFO - [2024-09-28T20:10:45.288+0000] {dag.py:3239} INFO - Sync 2 DAGs
[2024-09-28T20:10:45.306+0000] {logging_mixin.py:190} INFO - [2024-09-28T20:10:45.306+0000] {dag.py:4180} INFO - Setting next_dagrun for read_dataset_event to 2024-09-27 00:00:00+00:00, run_after=2024-09-28 00:00:00+00:00
[2024-09-28T20:10:45.309+0000] {logging_mixin.py:190} INFO - [2024-09-28T20:10:45.309+0000] {dag.py:4180} INFO - Setting next_dagrun for read_dataset_event_from_classic to 2024-09-27 00:00:00+00:00, run_after=2024-09-28 00:00:00+00:00
[2024-09-28T20:10:45.320+0000] {processor.py:208} INFO - Processing /home/airflow/.local/lib/python3.12/site-packages/airflow/example_dags/example_inlet_event_extra.py took 0.139 seconds
[2024-09-28T20:11:15.398+0000] {processor.py:186} INFO - Started process (PID=878) to work on /home/airflow/.local/lib/python3.12/site-packages/airflow/example_dags/example_inlet_event_extra.py
[2024-09-28T20:11:15.399+0000] {processor.py:914} INFO - Processing file /home/airflow/.local/lib/python3.12/site-packages/airflow/example_dags/example_inlet_event_extra.py for tasks to queue
[2024-09-28T20:11:15.401+0000] {logging_mixin.py:190} INFO - [2024-09-28T20:11:15.401+0000] {dagbag.py:588} INFO - Filling up the DagBag from /home/airflow/.local/lib/python3.12/site-packages/airflow/example_dags/example_inlet_event_extra.py
[2024-09-28T20:11:15.496+0000] {processor.py:925} INFO - DAG(s) 'read_dataset_event_from_classic', 'read_dataset_event' retrieved from /home/airflow/.local/lib/python3.12/site-packages/airflow/example_dags/example_inlet_event_extra.py
[2024-09-28T20:11:15.509+0000] {logging_mixin.py:190} INFO - [2024-09-28T20:11:15.509+0000] {dag.py:3239} INFO - Sync 2 DAGs
[2024-09-28T20:11:15.524+0000] {logging_mixin.py:190} INFO - [2024-09-28T20:11:15.524+0000] {dag.py:4180} INFO - Setting next_dagrun for read_dataset_event to 2024-09-27 00:00:00+00:00, run_after=2024-09-28 00:00:00+00:00
[2024-09-28T20:11:15.527+0000] {logging_mixin.py:190} INFO - [2024-09-28T20:11:15.527+0000] {dag.py:4180} INFO - Setting next_dagrun for read_dataset_event_from_classic to 2024-09-27 00:00:00+00:00, run_after=2024-09-28 00:00:00+00:00
[2024-09-28T20:11:15.539+0000] {processor.py:208} INFO - Processing /home/airflow/.local/lib/python3.12/site-packages/airflow/example_dags/example_inlet_event_extra.py took 0.145 seconds
[2024-09-28T20:11:45.843+0000] {processor.py:186} INFO - Started process (PID=944) to work on /home/airflow/.local/lib/python3.12/site-packages/airflow/example_dags/example_inlet_event_extra.py
[2024-09-28T20:11:45.844+0000] {processor.py:914} INFO - Processing file /home/airflow/.local/lib/python3.12/site-packages/airflow/example_dags/example_inlet_event_extra.py for tasks to queue
[2024-09-28T20:11:45.846+0000] {logging_mixin.py:190} INFO - [2024-09-28T20:11:45.846+0000] {dagbag.py:588} INFO - Filling up the DagBag from /home/airflow/.local/lib/python3.12/site-packages/airflow/example_dags/example_inlet_event_extra.py
[2024-09-28T20:11:45.943+0000] {processor.py:925} INFO - DAG(s) 'read_dataset_event_from_classic', 'read_dataset_event' retrieved from /home/airflow/.local/lib/python3.12/site-packages/airflow/example_dags/example_inlet_event_extra.py
[2024-09-28T20:11:45.959+0000] {logging_mixin.py:190} INFO - [2024-09-28T20:11:45.958+0000] {dag.py:3239} INFO - Sync 2 DAGs
[2024-09-28T20:11:45.977+0000] {logging_mixin.py:190} INFO - [2024-09-28T20:11:45.976+0000] {dag.py:4180} INFO - Setting next_dagrun for read_dataset_event to 2024-09-27 00:00:00+00:00, run_after=2024-09-28 00:00:00+00:00
[2024-09-28T20:11:45.981+0000] {logging_mixin.py:190} INFO - [2024-09-28T20:11:45.980+0000] {dag.py:4180} INFO - Setting next_dagrun for read_dataset_event_from_classic to 2024-09-27 00:00:00+00:00, run_after=2024-09-28 00:00:00+00:00
[2024-09-28T20:11:45.993+0000] {processor.py:208} INFO - Processing /home/airflow/.local/lib/python3.12/site-packages/airflow/example_dags/example_inlet_event_extra.py took 0.154 seconds
[2024-09-28T20:12:16.334+0000] {processor.py:186} INFO - Started process (PID=1010) to work on /home/airflow/.local/lib/python3.12/site-packages/airflow/example_dags/example_inlet_event_extra.py
[2024-09-28T20:12:16.335+0000] {processor.py:914} INFO - Processing file /home/airflow/.local/lib/python3.12/site-packages/airflow/example_dags/example_inlet_event_extra.py for tasks to queue
[2024-09-28T20:12:16.337+0000] {logging_mixin.py:190} INFO - [2024-09-28T20:12:16.337+0000] {dagbag.py:588} INFO - Filling up the DagBag from /home/airflow/.local/lib/python3.12/site-packages/airflow/example_dags/example_inlet_event_extra.py
[2024-09-28T20:12:16.426+0000] {processor.py:925} INFO - DAG(s) 'read_dataset_event', 'read_dataset_event_from_classic' retrieved from /home/airflow/.local/lib/python3.12/site-packages/airflow/example_dags/example_inlet_event_extra.py
[2024-09-28T20:12:16.439+0000] {logging_mixin.py:190} INFO - [2024-09-28T20:12:16.439+0000] {dag.py:3239} INFO - Sync 2 DAGs
[2024-09-28T20:12:16.455+0000] {logging_mixin.py:190} INFO - [2024-09-28T20:12:16.455+0000] {dag.py:4180} INFO - Setting next_dagrun for read_dataset_event to 2024-09-27 00:00:00+00:00, run_after=2024-09-28 00:00:00+00:00
[2024-09-28T20:12:16.458+0000] {logging_mixin.py:190} INFO - [2024-09-28T20:12:16.458+0000] {dag.py:4180} INFO - Setting next_dagrun for read_dataset_event_from_classic to 2024-09-27 00:00:00+00:00, run_after=2024-09-28 00:00:00+00:00
[2024-09-28T20:12:16.476+0000] {processor.py:208} INFO - Processing /home/airflow/.local/lib/python3.12/site-packages/airflow/example_dags/example_inlet_event_extra.py took 0.145 seconds
[2024-09-28T20:12:47.271+0000] {processor.py:186} INFO - Started process (PID=1076) to work on /home/airflow/.local/lib/python3.12/site-packages/airflow/example_dags/example_inlet_event_extra.py
[2024-09-28T20:12:47.272+0000] {processor.py:914} INFO - Processing file /home/airflow/.local/lib/python3.12/site-packages/airflow/example_dags/example_inlet_event_extra.py for tasks to queue
[2024-09-28T20:12:47.274+0000] {logging_mixin.py:190} INFO - [2024-09-28T20:12:47.274+0000] {dagbag.py:588} INFO - Filling up the DagBag from /home/airflow/.local/lib/python3.12/site-packages/airflow/example_dags/example_inlet_event_extra.py
[2024-09-28T20:12:47.362+0000] {processor.py:925} INFO - DAG(s) 'read_dataset_event', 'read_dataset_event_from_classic' retrieved from /home/airflow/.local/lib/python3.12/site-packages/airflow/example_dags/example_inlet_event_extra.py
[2024-09-28T20:12:47.377+0000] {logging_mixin.py:190} INFO - [2024-09-28T20:12:47.377+0000] {dag.py:3239} INFO - Sync 2 DAGs
[2024-09-28T20:12:47.393+0000] {logging_mixin.py:190} INFO - [2024-09-28T20:12:47.393+0000] {dag.py:4180} INFO - Setting next_dagrun for read_dataset_event to 2024-09-27 00:00:00+00:00, run_after=2024-09-28 00:00:00+00:00
[2024-09-28T20:12:47.397+0000] {logging_mixin.py:190} INFO - [2024-09-28T20:12:47.397+0000] {dag.py:4180} INFO - Setting next_dagrun for read_dataset_event_from_classic to 2024-09-27 00:00:00+00:00, run_after=2024-09-28 00:00:00+00:00
[2024-09-28T20:12:47.410+0000] {processor.py:208} INFO - Processing /home/airflow/.local/lib/python3.12/site-packages/airflow/example_dags/example_inlet_event_extra.py took 0.142 seconds
[2024-09-28T20:13:17.461+0000] {processor.py:186} INFO - Started process (PID=1141) to work on /home/airflow/.local/lib/python3.12/site-packages/airflow/example_dags/example_inlet_event_extra.py
[2024-09-28T20:13:17.462+0000] {processor.py:914} INFO - Processing file /home/airflow/.local/lib/python3.12/site-packages/airflow/example_dags/example_inlet_event_extra.py for tasks to queue
[2024-09-28T20:13:17.464+0000] {logging_mixin.py:190} INFO - [2024-09-28T20:13:17.463+0000] {dagbag.py:588} INFO - Filling up the DagBag from /home/airflow/.local/lib/python3.12/site-packages/airflow/example_dags/example_inlet_event_extra.py
[2024-09-28T20:13:17.557+0000] {processor.py:925} INFO - DAG(s) 'read_dataset_event', 'read_dataset_event_from_classic' retrieved from /home/airflow/.local/lib/python3.12/site-packages/airflow/example_dags/example_inlet_event_extra.py
[2024-09-28T20:13:17.572+0000] {logging_mixin.py:190} INFO - [2024-09-28T20:13:17.572+0000] {dag.py:3239} INFO - Sync 2 DAGs
[2024-09-28T20:13:17.590+0000] {logging_mixin.py:190} INFO - [2024-09-28T20:13:17.589+0000] {dag.py:4180} INFO - Setting next_dagrun for read_dataset_event to 2024-09-27 00:00:00+00:00, run_after=2024-09-28 00:00:00+00:00
[2024-09-28T20:13:17.594+0000] {logging_mixin.py:190} INFO - [2024-09-28T20:13:17.594+0000] {dag.py:4180} INFO - Setting next_dagrun for read_dataset_event_from_classic to 2024-09-27 00:00:00+00:00, run_after=2024-09-28 00:00:00+00:00
[2024-09-28T20:13:17.608+0000] {processor.py:208} INFO - Processing /home/airflow/.local/lib/python3.12/site-packages/airflow/example_dags/example_inlet_event_extra.py took 0.152 seconds
[2024-09-28T20:13:47.655+0000] {processor.py:186} INFO - Started process (PID=1206) to work on /home/airflow/.local/lib/python3.12/site-packages/airflow/example_dags/example_inlet_event_extra.py
[2024-09-28T20:13:47.656+0000] {processor.py:914} INFO - Processing file /home/airflow/.local/lib/python3.12/site-packages/airflow/example_dags/example_inlet_event_extra.py for tasks to queue
[2024-09-28T20:13:47.658+0000] {logging_mixin.py:190} INFO - [2024-09-28T20:13:47.658+0000] {dagbag.py:588} INFO - Filling up the DagBag from /home/airflow/.local/lib/python3.12/site-packages/airflow/example_dags/example_inlet_event_extra.py
[2024-09-28T20:13:47.757+0000] {processor.py:925} INFO - DAG(s) 'read_dataset_event_from_classic', 'read_dataset_event' retrieved from /home/airflow/.local/lib/python3.12/site-packages/airflow/example_dags/example_inlet_event_extra.py
[2024-09-28T20:13:47.773+0000] {logging_mixin.py:190} INFO - [2024-09-28T20:13:47.773+0000] {dag.py:3239} INFO - Sync 2 DAGs
[2024-09-28T20:13:47.790+0000] {logging_mixin.py:190} INFO - [2024-09-28T20:13:47.790+0000] {dag.py:4180} INFO - Setting next_dagrun for read_dataset_event to 2024-09-27 00:00:00+00:00, run_after=2024-09-28 00:00:00+00:00
[2024-09-28T20:13:47.793+0000] {logging_mixin.py:190} INFO - [2024-09-28T20:13:47.793+0000] {dag.py:4180} INFO - Setting next_dagrun for read_dataset_event_from_classic to 2024-09-27 00:00:00+00:00, run_after=2024-09-28 00:00:00+00:00
[2024-09-28T20:13:47.807+0000] {processor.py:208} INFO - Processing /home/airflow/.local/lib/python3.12/site-packages/airflow/example_dags/example_inlet_event_extra.py took 0.157 seconds
[2024-09-28T20:14:17.966+0000] {processor.py:186} INFO - Started process (PID=1273) to work on /home/airflow/.local/lib/python3.12/site-packages/airflow/example_dags/example_inlet_event_extra.py
[2024-09-28T20:14:17.967+0000] {processor.py:914} INFO - Processing file /home/airflow/.local/lib/python3.12/site-packages/airflow/example_dags/example_inlet_event_extra.py for tasks to queue
[2024-09-28T20:14:17.969+0000] {logging_mixin.py:190} INFO - [2024-09-28T20:14:17.968+0000] {dagbag.py:588} INFO - Filling up the DagBag from /home/airflow/.local/lib/python3.12/site-packages/airflow/example_dags/example_inlet_event_extra.py
[2024-09-28T20:14:18.063+0000] {processor.py:925} INFO - DAG(s) 'read_dataset_event_from_classic', 'read_dataset_event' retrieved from /home/airflow/.local/lib/python3.12/site-packages/airflow/example_dags/example_inlet_event_extra.py
[2024-09-28T20:14:18.078+0000] {logging_mixin.py:190} INFO - [2024-09-28T20:14:18.078+0000] {dag.py:3239} INFO - Sync 2 DAGs
[2024-09-28T20:14:18.095+0000] {logging_mixin.py:190} INFO - [2024-09-28T20:14:18.094+0000] {dag.py:4180} INFO - Setting next_dagrun for read_dataset_event to 2024-09-27 00:00:00+00:00, run_after=2024-09-28 00:00:00+00:00
[2024-09-28T20:14:18.098+0000] {logging_mixin.py:190} INFO - [2024-09-28T20:14:18.098+0000] {dag.py:4180} INFO - Setting next_dagrun for read_dataset_event_from_classic to 2024-09-27 00:00:00+00:00, run_after=2024-09-28 00:00:00+00:00
[2024-09-28T20:14:18.110+0000] {processor.py:208} INFO - Processing /home/airflow/.local/lib/python3.12/site-packages/airflow/example_dags/example_inlet_event_extra.py took 0.148 seconds
[2024-09-28T20:14:48.461+0000] {processor.py:186} INFO - Started process (PID=1339) to work on /home/airflow/.local/lib/python3.12/site-packages/airflow/example_dags/example_inlet_event_extra.py
[2024-09-28T20:14:48.462+0000] {processor.py:914} INFO - Processing file /home/airflow/.local/lib/python3.12/site-packages/airflow/example_dags/example_inlet_event_extra.py for tasks to queue
[2024-09-28T20:14:48.463+0000] {logging_mixin.py:190} INFO - [2024-09-28T20:14:48.463+0000] {dagbag.py:588} INFO - Filling up the DagBag from /home/airflow/.local/lib/python3.12/site-packages/airflow/example_dags/example_inlet_event_extra.py
[2024-09-28T20:14:48.564+0000] {processor.py:925} INFO - DAG(s) 'read_dataset_event_from_classic', 'read_dataset_event' retrieved from /home/airflow/.local/lib/python3.12/site-packages/airflow/example_dags/example_inlet_event_extra.py
[2024-09-28T20:14:48.580+0000] {logging_mixin.py:190} INFO - [2024-09-28T20:14:48.579+0000] {dag.py:3239} INFO - Sync 2 DAGs
[2024-09-28T20:14:48.596+0000] {logging_mixin.py:190} INFO - [2024-09-28T20:14:48.596+0000] {dag.py:4180} INFO - Setting next_dagrun for read_dataset_event to 2024-09-27 00:00:00+00:00, run_after=2024-09-28 00:00:00+00:00
[2024-09-28T20:14:48.599+0000] {logging_mixin.py:190} INFO - [2024-09-28T20:14:48.599+0000] {dag.py:4180} INFO - Setting next_dagrun for read_dataset_event_from_classic to 2024-09-27 00:00:00+00:00, run_after=2024-09-28 00:00:00+00:00
[2024-09-28T20:14:48.612+0000] {processor.py:208} INFO - Processing /home/airflow/.local/lib/python3.12/site-packages/airflow/example_dags/example_inlet_event_extra.py took 0.155 seconds
[2024-09-28T20:15:18.689+0000] {processor.py:186} INFO - Started process (PID=1405) to work on /home/airflow/.local/lib/python3.12/site-packages/airflow/example_dags/example_inlet_event_extra.py
[2024-09-28T20:15:18.690+0000] {processor.py:914} INFO - Processing file /home/airflow/.local/lib/python3.12/site-packages/airflow/example_dags/example_inlet_event_extra.py for tasks to queue
[2024-09-28T20:15:18.692+0000] {logging_mixin.py:190} INFO - [2024-09-28T20:15:18.691+0000] {dagbag.py:588} INFO - Filling up the DagBag from /home/airflow/.local/lib/python3.12/site-packages/airflow/example_dags/example_inlet_event_extra.py
[2024-09-28T20:15:18.779+0000] {processor.py:925} INFO - DAG(s) 'read_dataset_event', 'read_dataset_event_from_classic' retrieved from /home/airflow/.local/lib/python3.12/site-packages/airflow/example_dags/example_inlet_event_extra.py
[2024-09-28T20:15:18.794+0000] {logging_mixin.py:190} INFO - [2024-09-28T20:15:18.794+0000] {dag.py:3239} INFO - Sync 2 DAGs
[2024-09-28T20:15:18.811+0000] {logging_mixin.py:190} INFO - [2024-09-28T20:15:18.811+0000] {dag.py:4180} INFO - Setting next_dagrun for read_dataset_event to 2024-09-27 00:00:00+00:00, run_after=2024-09-28 00:00:00+00:00
[2024-09-28T20:15:18.814+0000] {logging_mixin.py:190} INFO - [2024-09-28T20:15:18.814+0000] {dag.py:4180} INFO - Setting next_dagrun for read_dataset_event_from_classic to 2024-09-27 00:00:00+00:00, run_after=2024-09-28 00:00:00+00:00
[2024-09-28T20:15:18.826+0000] {processor.py:208} INFO - Processing /home/airflow/.local/lib/python3.12/site-packages/airflow/example_dags/example_inlet_event_extra.py took 0.140 seconds
[2024-09-28T20:16:30.211+0000] {processor.py:186} INFO - Started process (PID=110) to work on /home/airflow/.local/lib/python3.12/site-packages/airflow/example_dags/example_inlet_event_extra.py
[2024-09-28T20:16:30.212+0000] {processor.py:914} INFO - Processing file /home/airflow/.local/lib/python3.12/site-packages/airflow/example_dags/example_inlet_event_extra.py for tasks to queue
[2024-09-28T20:16:30.214+0000] {logging_mixin.py:190} INFO - [2024-09-28T20:16:30.214+0000] {dagbag.py:588} INFO - Filling up the DagBag from /home/airflow/.local/lib/python3.12/site-packages/airflow/example_dags/example_inlet_event_extra.py
[2024-09-28T20:16:30.310+0000] {processor.py:925} INFO - DAG(s) 'read_dataset_event', 'read_dataset_event_from_classic' retrieved from /home/airflow/.local/lib/python3.12/site-packages/airflow/example_dags/example_inlet_event_extra.py
[2024-09-28T20:16:30.333+0000] {logging_mixin.py:190} INFO - [2024-09-28T20:16:30.333+0000] {dag.py:3239} INFO - Sync 2 DAGs
[2024-09-28T20:16:30.350+0000] {logging_mixin.py:190} INFO - [2024-09-28T20:16:30.350+0000] {dag.py:4180} INFO - Setting next_dagrun for read_dataset_event to 2024-09-27 00:00:00+00:00, run_after=2024-09-28 00:00:00+00:00
[2024-09-28T20:16:30.354+0000] {logging_mixin.py:190} INFO - [2024-09-28T20:16:30.354+0000] {dag.py:4180} INFO - Setting next_dagrun for read_dataset_event_from_classic to 2024-09-27 00:00:00+00:00, run_after=2024-09-28 00:00:00+00:00
[2024-09-28T20:16:30.365+0000] {processor.py:208} INFO - Processing /home/airflow/.local/lib/python3.12/site-packages/airflow/example_dags/example_inlet_event_extra.py took 0.157 seconds
[2024-09-28T20:17:00.589+0000] {processor.py:186} INFO - Started process (PID=178) to work on /home/airflow/.local/lib/python3.12/site-packages/airflow/example_dags/example_inlet_event_extra.py
[2024-09-28T20:17:00.590+0000] {processor.py:914} INFO - Processing file /home/airflow/.local/lib/python3.12/site-packages/airflow/example_dags/example_inlet_event_extra.py for tasks to queue
[2024-09-28T20:17:00.592+0000] {logging_mixin.py:190} INFO - [2024-09-28T20:17:00.592+0000] {dagbag.py:588} INFO - Filling up the DagBag from /home/airflow/.local/lib/python3.12/site-packages/airflow/example_dags/example_inlet_event_extra.py
[2024-09-28T20:17:00.685+0000] {processor.py:925} INFO - DAG(s) 'read_dataset_event_from_classic', 'read_dataset_event' retrieved from /home/airflow/.local/lib/python3.12/site-packages/airflow/example_dags/example_inlet_event_extra.py
[2024-09-28T20:17:00.704+0000] {logging_mixin.py:190} INFO - [2024-09-28T20:17:00.703+0000] {dag.py:3239} INFO - Sync 2 DAGs
[2024-09-28T20:17:00.724+0000] {logging_mixin.py:190} INFO - [2024-09-28T20:17:00.724+0000] {dag.py:4180} INFO - Setting next_dagrun for read_dataset_event to 2024-09-27 00:00:00+00:00, run_after=2024-09-28 00:00:00+00:00
[2024-09-28T20:17:00.733+0000] {logging_mixin.py:190} INFO - [2024-09-28T20:17:00.733+0000] {dag.py:4180} INFO - Setting next_dagrun for read_dataset_event_from_classic to 2024-09-27 00:00:00+00:00, run_after=2024-09-28 00:00:00+00:00
[2024-09-28T20:17:00.744+0000] {processor.py:208} INFO - Processing /home/airflow/.local/lib/python3.12/site-packages/airflow/example_dags/example_inlet_event_extra.py took 0.159 seconds
[2024-09-28T20:17:30.970+0000] {processor.py:186} INFO - Started process (PID=246) to work on /home/airflow/.local/lib/python3.12/site-packages/airflow/example_dags/example_inlet_event_extra.py
[2024-09-28T20:17:30.971+0000] {processor.py:914} INFO - Processing file /home/airflow/.local/lib/python3.12/site-packages/airflow/example_dags/example_inlet_event_extra.py for tasks to queue
[2024-09-28T20:17:30.973+0000] {logging_mixin.py:190} INFO - [2024-09-28T20:17:30.973+0000] {dagbag.py:588} INFO - Filling up the DagBag from /home/airflow/.local/lib/python3.12/site-packages/airflow/example_dags/example_inlet_event_extra.py
[2024-09-28T20:17:31.074+0000] {processor.py:925} INFO - DAG(s) 'read_dataset_event', 'read_dataset_event_from_classic' retrieved from /home/airflow/.local/lib/python3.12/site-packages/airflow/example_dags/example_inlet_event_extra.py
[2024-09-28T20:17:31.091+0000] {logging_mixin.py:190} INFO - [2024-09-28T20:17:31.090+0000] {dag.py:3239} INFO - Sync 2 DAGs
[2024-09-28T20:17:31.111+0000] {logging_mixin.py:190} INFO - [2024-09-28T20:17:31.110+0000] {dag.py:4180} INFO - Setting next_dagrun for read_dataset_event to 2024-09-27 00:00:00+00:00, run_after=2024-09-28 00:00:00+00:00
[2024-09-28T20:17:31.115+0000] {logging_mixin.py:190} INFO - [2024-09-28T20:17:31.115+0000] {dag.py:4180} INFO - Setting next_dagrun for read_dataset_event_from_classic to 2024-09-27 00:00:00+00:00, run_after=2024-09-28 00:00:00+00:00
[2024-09-28T20:17:31.127+0000] {processor.py:208} INFO - Processing /home/airflow/.local/lib/python3.12/site-packages/airflow/example_dags/example_inlet_event_extra.py took 0.160 seconds
[2024-09-28T20:18:01.466+0000] {processor.py:186} INFO - Started process (PID=320) to work on /home/airflow/.local/lib/python3.12/site-packages/airflow/example_dags/example_inlet_event_extra.py
[2024-09-28T20:18:01.467+0000] {processor.py:914} INFO - Processing file /home/airflow/.local/lib/python3.12/site-packages/airflow/example_dags/example_inlet_event_extra.py for tasks to queue
[2024-09-28T20:18:01.469+0000] {logging_mixin.py:190} INFO - [2024-09-28T20:18:01.468+0000] {dagbag.py:588} INFO - Filling up the DagBag from /home/airflow/.local/lib/python3.12/site-packages/airflow/example_dags/example_inlet_event_extra.py
[2024-09-28T20:18:01.559+0000] {processor.py:925} INFO - DAG(s) 'read_dataset_event_from_classic', 'read_dataset_event' retrieved from /home/airflow/.local/lib/python3.12/site-packages/airflow/example_dags/example_inlet_event_extra.py
[2024-09-28T20:18:01.573+0000] {logging_mixin.py:190} INFO - [2024-09-28T20:18:01.572+0000] {dag.py:3239} INFO - Sync 2 DAGs
[2024-09-28T20:18:01.589+0000] {logging_mixin.py:190} INFO - [2024-09-28T20:18:01.588+0000] {dag.py:4180} INFO - Setting next_dagrun for read_dataset_event to 2024-09-27 00:00:00+00:00, run_after=2024-09-28 00:00:00+00:00
[2024-09-28T20:18:01.592+0000] {logging_mixin.py:190} INFO - [2024-09-28T20:18:01.592+0000] {dag.py:4180} INFO - Setting next_dagrun for read_dataset_event_from_classic to 2024-09-27 00:00:00+00:00, run_after=2024-09-28 00:00:00+00:00
[2024-09-28T20:18:01.605+0000] {processor.py:208} INFO - Processing /home/airflow/.local/lib/python3.12/site-packages/airflow/example_dags/example_inlet_event_extra.py took 0.142 seconds
[2024-09-28T20:18:31.725+0000] {processor.py:186} INFO - Started process (PID=386) to work on /home/airflow/.local/lib/python3.12/site-packages/airflow/example_dags/example_inlet_event_extra.py
[2024-09-28T20:18:31.726+0000] {processor.py:914} INFO - Processing file /home/airflow/.local/lib/python3.12/site-packages/airflow/example_dags/example_inlet_event_extra.py for tasks to queue
[2024-09-28T20:18:31.728+0000] {logging_mixin.py:190} INFO - [2024-09-28T20:18:31.728+0000] {dagbag.py:588} INFO - Filling up the DagBag from /home/airflow/.local/lib/python3.12/site-packages/airflow/example_dags/example_inlet_event_extra.py
[2024-09-28T20:18:31.824+0000] {processor.py:925} INFO - DAG(s) 'read_dataset_event_from_classic', 'read_dataset_event' retrieved from /home/airflow/.local/lib/python3.12/site-packages/airflow/example_dags/example_inlet_event_extra.py
[2024-09-28T20:18:31.844+0000] {logging_mixin.py:190} INFO - [2024-09-28T20:18:31.844+0000] {dag.py:3239} INFO - Sync 2 DAGs
[2024-09-28T20:18:31.859+0000] {logging_mixin.py:190} INFO - [2024-09-28T20:18:31.859+0000] {dag.py:4180} INFO - Setting next_dagrun for read_dataset_event to 2024-09-27 00:00:00+00:00, run_after=2024-09-28 00:00:00+00:00
[2024-09-28T20:18:31.863+0000] {logging_mixin.py:190} INFO - [2024-09-28T20:18:31.863+0000] {dag.py:4180} INFO - Setting next_dagrun for read_dataset_event_from_classic to 2024-09-27 00:00:00+00:00, run_after=2024-09-28 00:00:00+00:00
[2024-09-28T20:18:31.875+0000] {processor.py:208} INFO - Processing /home/airflow/.local/lib/python3.12/site-packages/airflow/example_dags/example_inlet_event_extra.py took 0.153 seconds
[2024-09-28T20:19:01.986+0000] {processor.py:186} INFO - Started process (PID=452) to work on /home/airflow/.local/lib/python3.12/site-packages/airflow/example_dags/example_inlet_event_extra.py
[2024-09-28T20:19:01.987+0000] {processor.py:914} INFO - Processing file /home/airflow/.local/lib/python3.12/site-packages/airflow/example_dags/example_inlet_event_extra.py for tasks to queue
[2024-09-28T20:19:01.988+0000] {logging_mixin.py:190} INFO - [2024-09-28T20:19:01.988+0000] {dagbag.py:588} INFO - Filling up the DagBag from /home/airflow/.local/lib/python3.12/site-packages/airflow/example_dags/example_inlet_event_extra.py
[2024-09-28T20:19:02.087+0000] {processor.py:925} INFO - DAG(s) 'read_dataset_event', 'read_dataset_event_from_classic' retrieved from /home/airflow/.local/lib/python3.12/site-packages/airflow/example_dags/example_inlet_event_extra.py
[2024-09-28T20:19:02.102+0000] {logging_mixin.py:190} INFO - [2024-09-28T20:19:02.102+0000] {dag.py:3239} INFO - Sync 2 DAGs
[2024-09-28T20:19:02.118+0000] {logging_mixin.py:190} INFO - [2024-09-28T20:19:02.117+0000] {dag.py:4180} INFO - Setting next_dagrun for read_dataset_event to 2024-09-27 00:00:00+00:00, run_after=2024-09-28 00:00:00+00:00
[2024-09-28T20:19:02.121+0000] {logging_mixin.py:190} INFO - [2024-09-28T20:19:02.121+0000] {dag.py:4180} INFO - Setting next_dagrun for read_dataset_event_from_classic to 2024-09-27 00:00:00+00:00, run_after=2024-09-28 00:00:00+00:00
[2024-09-28T20:19:02.132+0000] {processor.py:208} INFO - Processing /home/airflow/.local/lib/python3.12/site-packages/airflow/example_dags/example_inlet_event_extra.py took 0.150 seconds
[2024-09-28T20:19:32.264+0000] {processor.py:186} INFO - Started process (PID=518) to work on /home/airflow/.local/lib/python3.12/site-packages/airflow/example_dags/example_inlet_event_extra.py
[2024-09-28T20:19:32.265+0000] {processor.py:914} INFO - Processing file /home/airflow/.local/lib/python3.12/site-packages/airflow/example_dags/example_inlet_event_extra.py for tasks to queue
[2024-09-28T20:19:32.266+0000] {logging_mixin.py:190} INFO - [2024-09-28T20:19:32.266+0000] {dagbag.py:588} INFO - Filling up the DagBag from /home/airflow/.local/lib/python3.12/site-packages/airflow/example_dags/example_inlet_event_extra.py
[2024-09-28T20:19:32.356+0000] {processor.py:925} INFO - DAG(s) 'read_dataset_event', 'read_dataset_event_from_classic' retrieved from /home/airflow/.local/lib/python3.12/site-packages/airflow/example_dags/example_inlet_event_extra.py
[2024-09-28T20:19:32.372+0000] {logging_mixin.py:190} INFO - [2024-09-28T20:19:32.372+0000] {dag.py:3239} INFO - Sync 2 DAGs
[2024-09-28T20:19:32.390+0000] {logging_mixin.py:190} INFO - [2024-09-28T20:19:32.390+0000] {dag.py:4180} INFO - Setting next_dagrun for read_dataset_event to 2024-09-27 00:00:00+00:00, run_after=2024-09-28 00:00:00+00:00
[2024-09-28T20:19:32.393+0000] {logging_mixin.py:190} INFO - [2024-09-28T20:19:32.393+0000] {dag.py:4180} INFO - Setting next_dagrun for read_dataset_event_from_classic to 2024-09-27 00:00:00+00:00, run_after=2024-09-28 00:00:00+00:00
[2024-09-28T20:19:32.404+0000] {processor.py:208} INFO - Processing /home/airflow/.local/lib/python3.12/site-packages/airflow/example_dags/example_inlet_event_extra.py took 0.144 seconds
[2024-09-28T20:20:02.752+0000] {processor.py:186} INFO - Started process (PID=585) to work on /home/airflow/.local/lib/python3.12/site-packages/airflow/example_dags/example_inlet_event_extra.py
[2024-09-28T20:20:02.753+0000] {processor.py:914} INFO - Processing file /home/airflow/.local/lib/python3.12/site-packages/airflow/example_dags/example_inlet_event_extra.py for tasks to queue
[2024-09-28T20:20:02.754+0000] {logging_mixin.py:190} INFO - [2024-09-28T20:20:02.754+0000] {dagbag.py:588} INFO - Filling up the DagBag from /home/airflow/.local/lib/python3.12/site-packages/airflow/example_dags/example_inlet_event_extra.py
[2024-09-28T20:20:02.845+0000] {processor.py:925} INFO - DAG(s) 'read_dataset_event_from_classic', 'read_dataset_event' retrieved from /home/airflow/.local/lib/python3.12/site-packages/airflow/example_dags/example_inlet_event_extra.py
[2024-09-28T20:20:02.861+0000] {logging_mixin.py:190} INFO - [2024-09-28T20:20:02.861+0000] {dag.py:3239} INFO - Sync 2 DAGs
[2024-09-28T20:20:02.879+0000] {logging_mixin.py:190} INFO - [2024-09-28T20:20:02.878+0000] {dag.py:4180} INFO - Setting next_dagrun for read_dataset_event to 2024-09-27 00:00:00+00:00, run_after=2024-09-28 00:00:00+00:00
[2024-09-28T20:20:02.891+0000] {logging_mixin.py:190} INFO - [2024-09-28T20:20:02.891+0000] {dag.py:4180} INFO - Setting next_dagrun for read_dataset_event_from_classic to 2024-09-27 00:00:00+00:00, run_after=2024-09-28 00:00:00+00:00
[2024-09-28T20:20:02.911+0000] {processor.py:208} INFO - Processing /home/airflow/.local/lib/python3.12/site-packages/airflow/example_dags/example_inlet_event_extra.py took 0.162 seconds
[2024-09-28T20:20:33.154+0000] {processor.py:186} INFO - Started process (PID=652) to work on /home/airflow/.local/lib/python3.12/site-packages/airflow/example_dags/example_inlet_event_extra.py
[2024-09-28T20:20:33.155+0000] {processor.py:914} INFO - Processing file /home/airflow/.local/lib/python3.12/site-packages/airflow/example_dags/example_inlet_event_extra.py for tasks to queue
[2024-09-28T20:20:33.157+0000] {logging_mixin.py:190} INFO - [2024-09-28T20:20:33.156+0000] {dagbag.py:588} INFO - Filling up the DagBag from /home/airflow/.local/lib/python3.12/site-packages/airflow/example_dags/example_inlet_event_extra.py
[2024-09-28T20:20:33.251+0000] {processor.py:925} INFO - DAG(s) 'read_dataset_event', 'read_dataset_event_from_classic' retrieved from /home/airflow/.local/lib/python3.12/site-packages/airflow/example_dags/example_inlet_event_extra.py
[2024-09-28T20:20:33.265+0000] {logging_mixin.py:190} INFO - [2024-09-28T20:20:33.265+0000] {dag.py:3239} INFO - Sync 2 DAGs
[2024-09-28T20:20:33.281+0000] {logging_mixin.py:190} INFO - [2024-09-28T20:20:33.281+0000] {dag.py:4180} INFO - Setting next_dagrun for read_dataset_event to 2024-09-27 00:00:00+00:00, run_after=2024-09-28 00:00:00+00:00
[2024-09-28T20:20:33.285+0000] {logging_mixin.py:190} INFO - [2024-09-28T20:20:33.285+0000] {dag.py:4180} INFO - Setting next_dagrun for read_dataset_event_from_classic to 2024-09-27 00:00:00+00:00, run_after=2024-09-28 00:00:00+00:00
[2024-09-28T20:20:33.295+0000] {processor.py:208} INFO - Processing /home/airflow/.local/lib/python3.12/site-packages/airflow/example_dags/example_inlet_event_extra.py took 0.145 seconds
