[2024-09-28T19:52:47.945+0000] {processor.py:186} INFO - Started process (PID=70) to work on /home/airflow/.local/lib/python3.12/site-packages/airflow/example_dags/example_complex.py
[2024-09-28T19:52:47.946+0000] {processor.py:914} INFO - Processing file /home/airflow/.local/lib/python3.12/site-packages/airflow/example_dags/example_complex.py for tasks to queue
[2024-09-28T19:52:47.947+0000] {logging_mixin.py:190} INFO - [2024-09-28T19:52:47.947+0000] {dagbag.py:588} INFO - Filling up the DagBag from /home/airflow/.local/lib/python3.12/site-packages/airflow/example_dags/example_complex.py
[2024-09-28T19:52:47.956+0000] {processor.py:925} INFO - DAG(s) 'example_complex' retrieved from /home/airflow/.local/lib/python3.12/site-packages/airflow/example_dags/example_complex.py
[2024-09-28T19:52:48.028+0000] {logging_mixin.py:190} INFO - [2024-09-28T19:52:48.027+0000] {override.py:1900} INFO - Created Permission View: can edit on DAG:example_complex
[2024-09-28T19:52:48.034+0000] {logging_mixin.py:190} INFO - [2024-09-28T19:52:48.034+0000] {override.py:1900} INFO - Created Permission View: can delete on DAG:example_complex
[2024-09-28T19:52:48.039+0000] {logging_mixin.py:190} INFO - [2024-09-28T19:52:48.038+0000] {override.py:1900} INFO - Created Permission View: can read on DAG:example_complex
[2024-09-28T19:52:48.043+0000] {logging_mixin.py:190} INFO - [2024-09-28T19:52:48.043+0000] {override.py:1900} INFO - Created Permission View: can delete on DAG Run:example_complex
[2024-09-28T19:52:48.048+0000] {logging_mixin.py:190} INFO - [2024-09-28T19:52:48.047+0000] {override.py:1900} INFO - Created Permission View: can read on DAG Run:example_complex
[2024-09-28T19:52:48.052+0000] {logging_mixin.py:190} INFO - [2024-09-28T19:52:48.052+0000] {override.py:1900} INFO - Created Permission View: can create on DAG Run:example_complex
[2024-09-28T19:52:48.057+0000] {logging_mixin.py:190} INFO - [2024-09-28T19:52:48.057+0000] {override.py:1900} INFO - Created Permission View: menu access on DAG Run:example_complex
[2024-09-28T19:52:48.058+0000] {logging_mixin.py:190} INFO - [2024-09-28T19:52:48.058+0000] {dag.py:3239} INFO - Sync 1 DAGs
[2024-09-28T19:52:48.066+0000] {logging_mixin.py:190} INFO - [2024-09-28T19:52:48.066+0000] {dag.py:3262} INFO - Creating ORM DAG for example_complex
[2024-09-28T19:52:48.066+0000] {logging_mixin.py:190} INFO - [2024-09-28T19:52:48.066+0000] {dag.py:4180} INFO - Setting next_dagrun for example_complex to None, run_after=None
[2024-09-28T19:52:48.079+0000] {processor.py:208} INFO - Processing /home/airflow/.local/lib/python3.12/site-packages/airflow/example_dags/example_complex.py took 0.138 seconds
[2024-09-28T19:53:18.124+0000] {processor.py:186} INFO - Started process (PID=136) to work on /home/airflow/.local/lib/python3.12/site-packages/airflow/example_dags/example_complex.py
[2024-09-28T19:53:18.125+0000] {processor.py:914} INFO - Processing file /home/airflow/.local/lib/python3.12/site-packages/airflow/example_dags/example_complex.py for tasks to queue
[2024-09-28T19:53:18.126+0000] {logging_mixin.py:190} INFO - [2024-09-28T19:53:18.126+0000] {dagbag.py:588} INFO - Filling up the DagBag from /home/airflow/.local/lib/python3.12/site-packages/airflow/example_dags/example_complex.py
[2024-09-28T19:53:18.134+0000] {processor.py:925} INFO - DAG(s) 'example_complex' retrieved from /home/airflow/.local/lib/python3.12/site-packages/airflow/example_dags/example_complex.py
[2024-09-28T19:53:18.156+0000] {logging_mixin.py:190} INFO - [2024-09-28T19:53:18.155+0000] {dag.py:3239} INFO - Sync 1 DAGs
[2024-09-28T19:53:18.167+0000] {logging_mixin.py:190} INFO - [2024-09-28T19:53:18.167+0000] {dag.py:4180} INFO - Setting next_dagrun for example_complex to None, run_after=None
[2024-09-28T19:53:18.180+0000] {processor.py:208} INFO - Processing /home/airflow/.local/lib/python3.12/site-packages/airflow/example_dags/example_complex.py took 0.059 seconds
[2024-09-28T19:53:49.090+0000] {processor.py:186} INFO - Started process (PID=200) to work on /home/airflow/.local/lib/python3.12/site-packages/airflow/example_dags/example_complex.py
[2024-09-28T19:53:49.090+0000] {processor.py:914} INFO - Processing file /home/airflow/.local/lib/python3.12/site-packages/airflow/example_dags/example_complex.py for tasks to queue
[2024-09-28T19:53:49.092+0000] {logging_mixin.py:190} INFO - [2024-09-28T19:53:49.092+0000] {dagbag.py:588} INFO - Filling up the DagBag from /home/airflow/.local/lib/python3.12/site-packages/airflow/example_dags/example_complex.py
[2024-09-28T19:53:49.102+0000] {processor.py:925} INFO - DAG(s) 'example_complex' retrieved from /home/airflow/.local/lib/python3.12/site-packages/airflow/example_dags/example_complex.py
[2024-09-28T19:53:49.124+0000] {logging_mixin.py:190} INFO - [2024-09-28T19:53:49.123+0000] {dag.py:3239} INFO - Sync 1 DAGs
[2024-09-28T19:53:49.134+0000] {logging_mixin.py:190} INFO - [2024-09-28T19:53:49.134+0000] {dag.py:4180} INFO - Setting next_dagrun for example_complex to None, run_after=None
[2024-09-28T19:53:49.153+0000] {processor.py:208} INFO - Processing /home/airflow/.local/lib/python3.12/site-packages/airflow/example_dags/example_complex.py took 0.068 seconds
[2024-09-28T19:54:19.410+0000] {processor.py:186} INFO - Started process (PID=265) to work on /home/airflow/.local/lib/python3.12/site-packages/airflow/example_dags/example_complex.py
[2024-09-28T19:54:19.411+0000] {processor.py:914} INFO - Processing file /home/airflow/.local/lib/python3.12/site-packages/airflow/example_dags/example_complex.py for tasks to queue
[2024-09-28T19:54:19.412+0000] {logging_mixin.py:190} INFO - [2024-09-28T19:54:19.412+0000] {dagbag.py:588} INFO - Filling up the DagBag from /home/airflow/.local/lib/python3.12/site-packages/airflow/example_dags/example_complex.py
[2024-09-28T19:54:19.420+0000] {processor.py:925} INFO - DAG(s) 'example_complex' retrieved from /home/airflow/.local/lib/python3.12/site-packages/airflow/example_dags/example_complex.py
[2024-09-28T19:54:19.443+0000] {logging_mixin.py:190} INFO - [2024-09-28T19:54:19.443+0000] {dag.py:3239} INFO - Sync 1 DAGs
[2024-09-28T19:54:19.454+0000] {logging_mixin.py:190} INFO - [2024-09-28T19:54:19.453+0000] {dag.py:4180} INFO - Setting next_dagrun for example_complex to None, run_after=None
[2024-09-28T19:54:19.468+0000] {processor.py:208} INFO - Processing /home/airflow/.local/lib/python3.12/site-packages/airflow/example_dags/example_complex.py took 0.062 seconds
[2024-09-28T19:54:49.704+0000] {processor.py:186} INFO - Started process (PID=330) to work on /home/airflow/.local/lib/python3.12/site-packages/airflow/example_dags/example_complex.py
[2024-09-28T19:54:49.705+0000] {processor.py:914} INFO - Processing file /home/airflow/.local/lib/python3.12/site-packages/airflow/example_dags/example_complex.py for tasks to queue
[2024-09-28T19:54:49.706+0000] {logging_mixin.py:190} INFO - [2024-09-28T19:54:49.706+0000] {dagbag.py:588} INFO - Filling up the DagBag from /home/airflow/.local/lib/python3.12/site-packages/airflow/example_dags/example_complex.py
[2024-09-28T19:54:49.713+0000] {processor.py:925} INFO - DAG(s) 'example_complex' retrieved from /home/airflow/.local/lib/python3.12/site-packages/airflow/example_dags/example_complex.py
[2024-09-28T19:54:49.732+0000] {logging_mixin.py:190} INFO - [2024-09-28T19:54:49.732+0000] {dag.py:3239} INFO - Sync 1 DAGs
[2024-09-28T19:54:49.755+0000] {logging_mixin.py:190} INFO - [2024-09-28T19:54:49.755+0000] {dag.py:4180} INFO - Setting next_dagrun for example_complex to None, run_after=None
[2024-09-28T19:54:49.772+0000] {processor.py:208} INFO - Processing /home/airflow/.local/lib/python3.12/site-packages/airflow/example_dags/example_complex.py took 0.072 seconds
[2024-09-28T19:55:20.053+0000] {processor.py:186} INFO - Started process (PID=395) to work on /home/airflow/.local/lib/python3.12/site-packages/airflow/example_dags/example_complex.py
[2024-09-28T19:55:20.053+0000] {processor.py:914} INFO - Processing file /home/airflow/.local/lib/python3.12/site-packages/airflow/example_dags/example_complex.py for tasks to queue
[2024-09-28T19:55:20.055+0000] {logging_mixin.py:190} INFO - [2024-09-28T19:55:20.055+0000] {dagbag.py:588} INFO - Filling up the DagBag from /home/airflow/.local/lib/python3.12/site-packages/airflow/example_dags/example_complex.py
[2024-09-28T19:55:20.063+0000] {processor.py:925} INFO - DAG(s) 'example_complex' retrieved from /home/airflow/.local/lib/python3.12/site-packages/airflow/example_dags/example_complex.py
[2024-09-28T19:55:20.083+0000] {logging_mixin.py:190} INFO - [2024-09-28T19:55:20.082+0000] {dag.py:3239} INFO - Sync 1 DAGs
[2024-09-28T19:55:20.093+0000] {logging_mixin.py:190} INFO - [2024-09-28T19:55:20.092+0000] {dag.py:4180} INFO - Setting next_dagrun for example_complex to None, run_after=None
[2024-09-28T19:55:20.105+0000] {processor.py:208} INFO - Processing /home/airflow/.local/lib/python3.12/site-packages/airflow/example_dags/example_complex.py took 0.056 seconds
[2024-09-28T19:55:50.397+0000] {processor.py:186} INFO - Started process (PID=461) to work on /home/airflow/.local/lib/python3.12/site-packages/airflow/example_dags/example_complex.py
[2024-09-28T19:55:50.398+0000] {processor.py:914} INFO - Processing file /home/airflow/.local/lib/python3.12/site-packages/airflow/example_dags/example_complex.py for tasks to queue
[2024-09-28T19:55:50.400+0000] {logging_mixin.py:190} INFO - [2024-09-28T19:55:50.400+0000] {dagbag.py:588} INFO - Filling up the DagBag from /home/airflow/.local/lib/python3.12/site-packages/airflow/example_dags/example_complex.py
[2024-09-28T19:55:50.408+0000] {processor.py:925} INFO - DAG(s) 'example_complex' retrieved from /home/airflow/.local/lib/python3.12/site-packages/airflow/example_dags/example_complex.py
[2024-09-28T19:55:50.430+0000] {logging_mixin.py:190} INFO - [2024-09-28T19:55:50.429+0000] {dag.py:3239} INFO - Sync 1 DAGs
[2024-09-28T19:55:50.439+0000] {logging_mixin.py:190} INFO - [2024-09-28T19:55:50.439+0000] {dag.py:4180} INFO - Setting next_dagrun for example_complex to None, run_after=None
[2024-09-28T19:55:50.452+0000] {processor.py:208} INFO - Processing /home/airflow/.local/lib/python3.12/site-packages/airflow/example_dags/example_complex.py took 0.059 seconds
[2024-09-28T19:56:21.079+0000] {processor.py:186} INFO - Started process (PID=526) to work on /home/airflow/.local/lib/python3.12/site-packages/airflow/example_dags/example_complex.py
[2024-09-28T19:56:21.080+0000] {processor.py:914} INFO - Processing file /home/airflow/.local/lib/python3.12/site-packages/airflow/example_dags/example_complex.py for tasks to queue
[2024-09-28T19:56:21.081+0000] {logging_mixin.py:190} INFO - [2024-09-28T19:56:21.081+0000] {dagbag.py:588} INFO - Filling up the DagBag from /home/airflow/.local/lib/python3.12/site-packages/airflow/example_dags/example_complex.py
[2024-09-28T19:56:21.089+0000] {processor.py:925} INFO - DAG(s) 'example_complex' retrieved from /home/airflow/.local/lib/python3.12/site-packages/airflow/example_dags/example_complex.py
[2024-09-28T19:56:21.111+0000] {logging_mixin.py:190} INFO - [2024-09-28T19:56:21.111+0000] {dag.py:3239} INFO - Sync 1 DAGs
[2024-09-28T19:56:21.122+0000] {logging_mixin.py:190} INFO - [2024-09-28T19:56:21.122+0000] {dag.py:4180} INFO - Setting next_dagrun for example_complex to None, run_after=None
[2024-09-28T19:56:21.136+0000] {processor.py:208} INFO - Processing /home/airflow/.local/lib/python3.12/site-packages/airflow/example_dags/example_complex.py took 0.060 seconds
[2024-09-28T19:56:51.210+0000] {processor.py:186} INFO - Started process (PID=591) to work on /home/airflow/.local/lib/python3.12/site-packages/airflow/example_dags/example_complex.py
[2024-09-28T19:56:51.211+0000] {processor.py:914} INFO - Processing file /home/airflow/.local/lib/python3.12/site-packages/airflow/example_dags/example_complex.py for tasks to queue
[2024-09-28T19:56:51.213+0000] {logging_mixin.py:190} INFO - [2024-09-28T19:56:51.213+0000] {dagbag.py:588} INFO - Filling up the DagBag from /home/airflow/.local/lib/python3.12/site-packages/airflow/example_dags/example_complex.py
[2024-09-28T19:56:51.221+0000] {processor.py:925} INFO - DAG(s) 'example_complex' retrieved from /home/airflow/.local/lib/python3.12/site-packages/airflow/example_dags/example_complex.py
[2024-09-28T19:56:51.242+0000] {logging_mixin.py:190} INFO - [2024-09-28T19:56:51.241+0000] {dag.py:3239} INFO - Sync 1 DAGs
[2024-09-28T19:56:51.252+0000] {logging_mixin.py:190} INFO - [2024-09-28T19:56:51.252+0000] {dag.py:4180} INFO - Setting next_dagrun for example_complex to None, run_after=None
[2024-09-28T19:56:51.265+0000] {processor.py:208} INFO - Processing /home/airflow/.local/lib/python3.12/site-packages/airflow/example_dags/example_complex.py took 0.059 seconds
[2024-09-28T19:57:21.554+0000] {processor.py:186} INFO - Started process (PID=656) to work on /home/airflow/.local/lib/python3.12/site-packages/airflow/example_dags/example_complex.py
[2024-09-28T19:57:21.555+0000] {processor.py:914} INFO - Processing file /home/airflow/.local/lib/python3.12/site-packages/airflow/example_dags/example_complex.py for tasks to queue
[2024-09-28T19:57:21.556+0000] {logging_mixin.py:190} INFO - [2024-09-28T19:57:21.556+0000] {dagbag.py:588} INFO - Filling up the DagBag from /home/airflow/.local/lib/python3.12/site-packages/airflow/example_dags/example_complex.py
[2024-09-28T19:57:21.565+0000] {processor.py:925} INFO - DAG(s) 'example_complex' retrieved from /home/airflow/.local/lib/python3.12/site-packages/airflow/example_dags/example_complex.py
[2024-09-28T19:57:21.584+0000] {logging_mixin.py:190} INFO - [2024-09-28T19:57:21.583+0000] {dag.py:3239} INFO - Sync 1 DAGs
[2024-09-28T19:57:21.593+0000] {logging_mixin.py:190} INFO - [2024-09-28T19:57:21.593+0000] {dag.py:4180} INFO - Setting next_dagrun for example_complex to None, run_after=None
[2024-09-28T19:57:21.607+0000] {processor.py:208} INFO - Processing /home/airflow/.local/lib/python3.12/site-packages/airflow/example_dags/example_complex.py took 0.057 seconds
[2024-09-28T19:57:51.974+0000] {processor.py:186} INFO - Started process (PID=721) to work on /home/airflow/.local/lib/python3.12/site-packages/airflow/example_dags/example_complex.py
[2024-09-28T19:57:51.975+0000] {processor.py:914} INFO - Processing file /home/airflow/.local/lib/python3.12/site-packages/airflow/example_dags/example_complex.py for tasks to queue
[2024-09-28T19:57:51.977+0000] {logging_mixin.py:190} INFO - [2024-09-28T19:57:51.976+0000] {dagbag.py:588} INFO - Filling up the DagBag from /home/airflow/.local/lib/python3.12/site-packages/airflow/example_dags/example_complex.py
[2024-09-28T19:57:51.984+0000] {processor.py:925} INFO - DAG(s) 'example_complex' retrieved from /home/airflow/.local/lib/python3.12/site-packages/airflow/example_dags/example_complex.py
[2024-09-28T19:57:52.004+0000] {logging_mixin.py:190} INFO - [2024-09-28T19:57:52.003+0000] {dag.py:3239} INFO - Sync 1 DAGs
[2024-09-28T19:57:52.012+0000] {logging_mixin.py:190} INFO - [2024-09-28T19:57:52.012+0000] {dag.py:4180} INFO - Setting next_dagrun for example_complex to None, run_after=None
[2024-09-28T19:57:52.024+0000] {processor.py:208} INFO - Processing /home/airflow/.local/lib/python3.12/site-packages/airflow/example_dags/example_complex.py took 0.055 seconds
[2024-09-28T19:58:22.672+0000] {processor.py:186} INFO - Started process (PID=786) to work on /home/airflow/.local/lib/python3.12/site-packages/airflow/example_dags/example_complex.py
[2024-09-28T19:58:22.673+0000] {processor.py:914} INFO - Processing file /home/airflow/.local/lib/python3.12/site-packages/airflow/example_dags/example_complex.py for tasks to queue
[2024-09-28T19:58:22.674+0000] {logging_mixin.py:190} INFO - [2024-09-28T19:58:22.674+0000] {dagbag.py:588} INFO - Filling up the DagBag from /home/airflow/.local/lib/python3.12/site-packages/airflow/example_dags/example_complex.py
[2024-09-28T19:58:22.682+0000] {processor.py:925} INFO - DAG(s) 'example_complex' retrieved from /home/airflow/.local/lib/python3.12/site-packages/airflow/example_dags/example_complex.py
[2024-09-28T19:58:22.701+0000] {logging_mixin.py:190} INFO - [2024-09-28T19:58:22.700+0000] {dag.py:3239} INFO - Sync 1 DAGs
[2024-09-28T19:58:22.710+0000] {logging_mixin.py:190} INFO - [2024-09-28T19:58:22.709+0000] {dag.py:4180} INFO - Setting next_dagrun for example_complex to None, run_after=None
[2024-09-28T19:58:22.721+0000] {processor.py:208} INFO - Processing /home/airflow/.local/lib/python3.12/site-packages/airflow/example_dags/example_complex.py took 0.053 seconds
[2024-09-28T19:58:52.881+0000] {processor.py:186} INFO - Started process (PID=851) to work on /home/airflow/.local/lib/python3.12/site-packages/airflow/example_dags/example_complex.py
[2024-09-28T19:58:52.882+0000] {processor.py:914} INFO - Processing file /home/airflow/.local/lib/python3.12/site-packages/airflow/example_dags/example_complex.py for tasks to queue
[2024-09-28T19:58:52.883+0000] {logging_mixin.py:190} INFO - [2024-09-28T19:58:52.883+0000] {dagbag.py:588} INFO - Filling up the DagBag from /home/airflow/.local/lib/python3.12/site-packages/airflow/example_dags/example_complex.py
[2024-09-28T19:58:52.891+0000] {processor.py:925} INFO - DAG(s) 'example_complex' retrieved from /home/airflow/.local/lib/python3.12/site-packages/airflow/example_dags/example_complex.py
[2024-09-28T19:58:52.910+0000] {logging_mixin.py:190} INFO - [2024-09-28T19:58:52.909+0000] {dag.py:3239} INFO - Sync 1 DAGs
[2024-09-28T19:58:52.919+0000] {logging_mixin.py:190} INFO - [2024-09-28T19:58:52.918+0000] {dag.py:4180} INFO - Setting next_dagrun for example_complex to None, run_after=None
[2024-09-28T19:58:52.931+0000] {processor.py:208} INFO - Processing /home/airflow/.local/lib/python3.12/site-packages/airflow/example_dags/example_complex.py took 0.054 seconds
[2024-09-28T19:59:23.307+0000] {processor.py:186} INFO - Started process (PID=916) to work on /home/airflow/.local/lib/python3.12/site-packages/airflow/example_dags/example_complex.py
[2024-09-28T19:59:23.308+0000] {processor.py:914} INFO - Processing file /home/airflow/.local/lib/python3.12/site-packages/airflow/example_dags/example_complex.py for tasks to queue
[2024-09-28T19:59:23.309+0000] {logging_mixin.py:190} INFO - [2024-09-28T19:59:23.309+0000] {dagbag.py:588} INFO - Filling up the DagBag from /home/airflow/.local/lib/python3.12/site-packages/airflow/example_dags/example_complex.py
[2024-09-28T19:59:23.316+0000] {processor.py:925} INFO - DAG(s) 'example_complex' retrieved from /home/airflow/.local/lib/python3.12/site-packages/airflow/example_dags/example_complex.py
[2024-09-28T19:59:23.336+0000] {logging_mixin.py:190} INFO - [2024-09-28T19:59:23.335+0000] {dag.py:3239} INFO - Sync 1 DAGs
[2024-09-28T19:59:23.344+0000] {logging_mixin.py:190} INFO - [2024-09-28T19:59:23.344+0000] {dag.py:4180} INFO - Setting next_dagrun for example_complex to None, run_after=None
[2024-09-28T19:59:23.356+0000] {processor.py:208} INFO - Processing /home/airflow/.local/lib/python3.12/site-packages/airflow/example_dags/example_complex.py took 0.052 seconds
[2024-09-28T19:59:53.691+0000] {processor.py:186} INFO - Started process (PID=981) to work on /home/airflow/.local/lib/python3.12/site-packages/airflow/example_dags/example_complex.py
[2024-09-28T19:59:53.692+0000] {processor.py:914} INFO - Processing file /home/airflow/.local/lib/python3.12/site-packages/airflow/example_dags/example_complex.py for tasks to queue
[2024-09-28T19:59:53.694+0000] {logging_mixin.py:190} INFO - [2024-09-28T19:59:53.693+0000] {dagbag.py:588} INFO - Filling up the DagBag from /home/airflow/.local/lib/python3.12/site-packages/airflow/example_dags/example_complex.py
[2024-09-28T19:59:53.701+0000] {processor.py:925} INFO - DAG(s) 'example_complex' retrieved from /home/airflow/.local/lib/python3.12/site-packages/airflow/example_dags/example_complex.py
[2024-09-28T19:59:53.720+0000] {logging_mixin.py:190} INFO - [2024-09-28T19:59:53.720+0000] {dag.py:3239} INFO - Sync 1 DAGs
[2024-09-28T19:59:53.730+0000] {logging_mixin.py:190} INFO - [2024-09-28T19:59:53.729+0000] {dag.py:4180} INFO - Setting next_dagrun for example_complex to None, run_after=None
[2024-09-28T19:59:53.741+0000] {processor.py:208} INFO - Processing /home/airflow/.local/lib/python3.12/site-packages/airflow/example_dags/example_complex.py took 0.053 seconds
[2024-09-28T20:05:08.142+0000] {processor.py:186} INFO - Started process (PID=64) to work on /home/airflow/.local/lib/python3.12/site-packages/airflow/example_dags/example_complex.py
[2024-09-28T20:05:08.143+0000] {processor.py:914} INFO - Processing file /home/airflow/.local/lib/python3.12/site-packages/airflow/example_dags/example_complex.py for tasks to queue
[2024-09-28T20:05:08.145+0000] {logging_mixin.py:190} INFO - [2024-09-28T20:05:08.144+0000] {dagbag.py:588} INFO - Filling up the DagBag from /home/airflow/.local/lib/python3.12/site-packages/airflow/example_dags/example_complex.py
[2024-09-28T20:05:08.153+0000] {processor.py:925} INFO - DAG(s) 'example_complex' retrieved from /home/airflow/.local/lib/python3.12/site-packages/airflow/example_dags/example_complex.py
[2024-09-28T20:05:08.175+0000] {logging_mixin.py:190} INFO - [2024-09-28T20:05:08.174+0000] {dag.py:3239} INFO - Sync 1 DAGs
[2024-09-28T20:05:08.184+0000] {logging_mixin.py:190} INFO - [2024-09-28T20:05:08.184+0000] {dag.py:4180} INFO - Setting next_dagrun for example_complex to None, run_after=None
[2024-09-28T20:05:08.197+0000] {processor.py:208} INFO - Processing /home/airflow/.local/lib/python3.12/site-packages/airflow/example_dags/example_complex.py took 0.059 seconds
[2024-09-28T20:05:38.793+0000] {processor.py:186} INFO - Started process (PID=135) to work on /home/airflow/.local/lib/python3.12/site-packages/airflow/example_dags/example_complex.py
[2024-09-28T20:05:38.794+0000] {processor.py:914} INFO - Processing file /home/airflow/.local/lib/python3.12/site-packages/airflow/example_dags/example_complex.py for tasks to queue
[2024-09-28T20:05:38.796+0000] {logging_mixin.py:190} INFO - [2024-09-28T20:05:38.796+0000] {dagbag.py:588} INFO - Filling up the DagBag from /home/airflow/.local/lib/python3.12/site-packages/airflow/example_dags/example_complex.py
[2024-09-28T20:05:38.806+0000] {processor.py:925} INFO - DAG(s) 'example_complex' retrieved from /home/airflow/.local/lib/python3.12/site-packages/airflow/example_dags/example_complex.py
[2024-09-28T20:05:38.830+0000] {logging_mixin.py:190} INFO - [2024-09-28T20:05:38.829+0000] {dag.py:3239} INFO - Sync 1 DAGs
[2024-09-28T20:05:38.840+0000] {logging_mixin.py:190} INFO - [2024-09-28T20:05:38.840+0000] {dag.py:4180} INFO - Setting next_dagrun for example_complex to None, run_after=None
[2024-09-28T20:05:38.855+0000] {processor.py:208} INFO - Processing /home/airflow/.local/lib/python3.12/site-packages/airflow/example_dags/example_complex.py took 0.067 seconds
[2024-09-28T20:06:09.206+0000] {processor.py:186} INFO - Started process (PID=200) to work on /home/airflow/.local/lib/python3.12/site-packages/airflow/example_dags/example_complex.py
[2024-09-28T20:06:09.207+0000] {processor.py:914} INFO - Processing file /home/airflow/.local/lib/python3.12/site-packages/airflow/example_dags/example_complex.py for tasks to queue
[2024-09-28T20:06:09.208+0000] {logging_mixin.py:190} INFO - [2024-09-28T20:06:09.208+0000] {dagbag.py:588} INFO - Filling up the DagBag from /home/airflow/.local/lib/python3.12/site-packages/airflow/example_dags/example_complex.py
[2024-09-28T20:06:09.215+0000] {processor.py:925} INFO - DAG(s) 'example_complex' retrieved from /home/airflow/.local/lib/python3.12/site-packages/airflow/example_dags/example_complex.py
[2024-09-28T20:06:09.234+0000] {logging_mixin.py:190} INFO - [2024-09-28T20:06:09.234+0000] {dag.py:3239} INFO - Sync 1 DAGs
[2024-09-28T20:06:09.243+0000] {logging_mixin.py:190} INFO - [2024-09-28T20:06:09.243+0000] {dag.py:4180} INFO - Setting next_dagrun for example_complex to None, run_after=None
[2024-09-28T20:06:09.255+0000] {processor.py:208} INFO - Processing /home/airflow/.local/lib/python3.12/site-packages/airflow/example_dags/example_complex.py took 0.052 seconds
[2024-09-28T20:06:39.758+0000] {processor.py:186} INFO - Started process (PID=266) to work on /home/airflow/.local/lib/python3.12/site-packages/airflow/example_dags/example_complex.py
[2024-09-28T20:06:39.759+0000] {processor.py:914} INFO - Processing file /home/airflow/.local/lib/python3.12/site-packages/airflow/example_dags/example_complex.py for tasks to queue
[2024-09-28T20:06:39.761+0000] {logging_mixin.py:190} INFO - [2024-09-28T20:06:39.760+0000] {dagbag.py:588} INFO - Filling up the DagBag from /home/airflow/.local/lib/python3.12/site-packages/airflow/example_dags/example_complex.py
[2024-09-28T20:06:39.768+0000] {processor.py:925} INFO - DAG(s) 'example_complex' retrieved from /home/airflow/.local/lib/python3.12/site-packages/airflow/example_dags/example_complex.py
[2024-09-28T20:06:39.788+0000] {logging_mixin.py:190} INFO - [2024-09-28T20:06:39.788+0000] {dag.py:3239} INFO - Sync 1 DAGs
[2024-09-28T20:06:39.798+0000] {logging_mixin.py:190} INFO - [2024-09-28T20:06:39.797+0000] {dag.py:4180} INFO - Setting next_dagrun for example_complex to None, run_after=None
[2024-09-28T20:06:39.809+0000] {processor.py:208} INFO - Processing /home/airflow/.local/lib/python3.12/site-packages/airflow/example_dags/example_complex.py took 0.055 seconds
[2024-09-28T20:07:10.029+0000] {processor.py:186} INFO - Started process (PID=331) to work on /home/airflow/.local/lib/python3.12/site-packages/airflow/example_dags/example_complex.py
[2024-09-28T20:07:10.030+0000] {processor.py:914} INFO - Processing file /home/airflow/.local/lib/python3.12/site-packages/airflow/example_dags/example_complex.py for tasks to queue
[2024-09-28T20:07:10.031+0000] {logging_mixin.py:190} INFO - [2024-09-28T20:07:10.031+0000] {dagbag.py:588} INFO - Filling up the DagBag from /home/airflow/.local/lib/python3.12/site-packages/airflow/example_dags/example_complex.py
[2024-09-28T20:07:10.038+0000] {processor.py:925} INFO - DAG(s) 'example_complex' retrieved from /home/airflow/.local/lib/python3.12/site-packages/airflow/example_dags/example_complex.py
[2024-09-28T20:07:10.057+0000] {logging_mixin.py:190} INFO - [2024-09-28T20:07:10.057+0000] {dag.py:3239} INFO - Sync 1 DAGs
[2024-09-28T20:07:10.067+0000] {logging_mixin.py:190} INFO - [2024-09-28T20:07:10.066+0000] {dag.py:4180} INFO - Setting next_dagrun for example_complex to None, run_after=None
[2024-09-28T20:07:10.078+0000] {processor.py:208} INFO - Processing /home/airflow/.local/lib/python3.12/site-packages/airflow/example_dags/example_complex.py took 0.053 seconds
[2024-09-28T20:07:40.855+0000] {processor.py:186} INFO - Started process (PID=396) to work on /home/airflow/.local/lib/python3.12/site-packages/airflow/example_dags/example_complex.py
[2024-09-28T20:07:40.856+0000] {processor.py:914} INFO - Processing file /home/airflow/.local/lib/python3.12/site-packages/airflow/example_dags/example_complex.py for tasks to queue
[2024-09-28T20:07:40.857+0000] {logging_mixin.py:190} INFO - [2024-09-28T20:07:40.857+0000] {dagbag.py:588} INFO - Filling up the DagBag from /home/airflow/.local/lib/python3.12/site-packages/airflow/example_dags/example_complex.py
[2024-09-28T20:07:40.866+0000] {processor.py:925} INFO - DAG(s) 'example_complex' retrieved from /home/airflow/.local/lib/python3.12/site-packages/airflow/example_dags/example_complex.py
[2024-09-28T20:07:40.888+0000] {logging_mixin.py:190} INFO - [2024-09-28T20:07:40.888+0000] {dag.py:3239} INFO - Sync 1 DAGs
[2024-09-28T20:07:40.900+0000] {logging_mixin.py:190} INFO - [2024-09-28T20:07:40.900+0000] {dag.py:4180} INFO - Setting next_dagrun for example_complex to None, run_after=None
[2024-09-28T20:07:40.914+0000] {processor.py:208} INFO - Processing /home/airflow/.local/lib/python3.12/site-packages/airflow/example_dags/example_complex.py took 0.063 seconds
[2024-09-28T20:08:11.272+0000] {processor.py:186} INFO - Started process (PID=461) to work on /home/airflow/.local/lib/python3.12/site-packages/airflow/example_dags/example_complex.py
[2024-09-28T20:08:11.273+0000] {processor.py:914} INFO - Processing file /home/airflow/.local/lib/python3.12/site-packages/airflow/example_dags/example_complex.py for tasks to queue
[2024-09-28T20:08:11.275+0000] {logging_mixin.py:190} INFO - [2024-09-28T20:08:11.275+0000] {dagbag.py:588} INFO - Filling up the DagBag from /home/airflow/.local/lib/python3.12/site-packages/airflow/example_dags/example_complex.py
[2024-09-28T20:08:11.282+0000] {processor.py:925} INFO - DAG(s) 'example_complex' retrieved from /home/airflow/.local/lib/python3.12/site-packages/airflow/example_dags/example_complex.py
[2024-09-28T20:08:11.305+0000] {logging_mixin.py:190} INFO - [2024-09-28T20:08:11.305+0000] {dag.py:3239} INFO - Sync 1 DAGs
[2024-09-28T20:08:11.320+0000] {logging_mixin.py:190} INFO - [2024-09-28T20:08:11.319+0000] {dag.py:4180} INFO - Setting next_dagrun for example_complex to None, run_after=None
[2024-09-28T20:08:11.337+0000] {processor.py:208} INFO - Processing /home/airflow/.local/lib/python3.12/site-packages/airflow/example_dags/example_complex.py took 0.069 seconds
[2024-09-28T20:08:41.758+0000] {processor.py:186} INFO - Started process (PID=526) to work on /home/airflow/.local/lib/python3.12/site-packages/airflow/example_dags/example_complex.py
[2024-09-28T20:08:41.759+0000] {processor.py:914} INFO - Processing file /home/airflow/.local/lib/python3.12/site-packages/airflow/example_dags/example_complex.py for tasks to queue
[2024-09-28T20:08:41.761+0000] {logging_mixin.py:190} INFO - [2024-09-28T20:08:41.760+0000] {dagbag.py:588} INFO - Filling up the DagBag from /home/airflow/.local/lib/python3.12/site-packages/airflow/example_dags/example_complex.py
[2024-09-28T20:08:41.768+0000] {processor.py:925} INFO - DAG(s) 'example_complex' retrieved from /home/airflow/.local/lib/python3.12/site-packages/airflow/example_dags/example_complex.py
[2024-09-28T20:08:41.787+0000] {logging_mixin.py:190} INFO - [2024-09-28T20:08:41.787+0000] {dag.py:3239} INFO - Sync 1 DAGs
[2024-09-28T20:08:41.797+0000] {logging_mixin.py:190} INFO - [2024-09-28T20:08:41.797+0000] {dag.py:4180} INFO - Setting next_dagrun for example_complex to None, run_after=None
[2024-09-28T20:08:41.810+0000] {processor.py:208} INFO - Processing /home/airflow/.local/lib/python3.12/site-packages/airflow/example_dags/example_complex.py took 0.056 seconds
[2024-09-28T20:09:12.039+0000] {processor.py:186} INFO - Started process (PID=591) to work on /home/airflow/.local/lib/python3.12/site-packages/airflow/example_dags/example_complex.py
[2024-09-28T20:09:12.040+0000] {processor.py:914} INFO - Processing file /home/airflow/.local/lib/python3.12/site-packages/airflow/example_dags/example_complex.py for tasks to queue
[2024-09-28T20:09:12.043+0000] {logging_mixin.py:190} INFO - [2024-09-28T20:09:12.043+0000] {dagbag.py:588} INFO - Filling up the DagBag from /home/airflow/.local/lib/python3.12/site-packages/airflow/example_dags/example_complex.py
[2024-09-28T20:09:12.056+0000] {processor.py:925} INFO - DAG(s) 'example_complex' retrieved from /home/airflow/.local/lib/python3.12/site-packages/airflow/example_dags/example_complex.py
[2024-09-28T20:09:12.078+0000] {logging_mixin.py:190} INFO - [2024-09-28T20:09:12.078+0000] {dag.py:3239} INFO - Sync 1 DAGs
[2024-09-28T20:09:12.089+0000] {logging_mixin.py:190} INFO - [2024-09-28T20:09:12.088+0000] {dag.py:4180} INFO - Setting next_dagrun for example_complex to None, run_after=None
[2024-09-28T20:09:12.103+0000] {processor.py:208} INFO - Processing /home/airflow/.local/lib/python3.12/site-packages/airflow/example_dags/example_complex.py took 0.068 seconds
[2024-09-28T20:09:42.519+0000] {processor.py:186} INFO - Started process (PID=656) to work on /home/airflow/.local/lib/python3.12/site-packages/airflow/example_dags/example_complex.py
[2024-09-28T20:09:42.520+0000] {processor.py:914} INFO - Processing file /home/airflow/.local/lib/python3.12/site-packages/airflow/example_dags/example_complex.py for tasks to queue
[2024-09-28T20:09:42.521+0000] {logging_mixin.py:190} INFO - [2024-09-28T20:09:42.521+0000] {dagbag.py:588} INFO - Filling up the DagBag from /home/airflow/.local/lib/python3.12/site-packages/airflow/example_dags/example_complex.py
[2024-09-28T20:09:42.529+0000] {processor.py:925} INFO - DAG(s) 'example_complex' retrieved from /home/airflow/.local/lib/python3.12/site-packages/airflow/example_dags/example_complex.py
[2024-09-28T20:09:42.552+0000] {logging_mixin.py:190} INFO - [2024-09-28T20:09:42.552+0000] {dag.py:3239} INFO - Sync 1 DAGs
[2024-09-28T20:09:42.561+0000] {logging_mixin.py:190} INFO - [2024-09-28T20:09:42.561+0000] {dag.py:4180} INFO - Setting next_dagrun for example_complex to None, run_after=None
[2024-09-28T20:09:42.573+0000] {processor.py:208} INFO - Processing /home/airflow/.local/lib/python3.12/site-packages/airflow/example_dags/example_complex.py took 0.058 seconds
[2024-09-28T20:10:12.838+0000] {processor.py:186} INFO - Started process (PID=723) to work on /home/airflow/.local/lib/python3.12/site-packages/airflow/example_dags/example_complex.py
[2024-09-28T20:10:12.839+0000] {processor.py:914} INFO - Processing file /home/airflow/.local/lib/python3.12/site-packages/airflow/example_dags/example_complex.py for tasks to queue
[2024-09-28T20:10:12.841+0000] {logging_mixin.py:190} INFO - [2024-09-28T20:10:12.841+0000] {dagbag.py:588} INFO - Filling up the DagBag from /home/airflow/.local/lib/python3.12/site-packages/airflow/example_dags/example_complex.py
[2024-09-28T20:10:12.852+0000] {processor.py:925} INFO - DAG(s) 'example_complex' retrieved from /home/airflow/.local/lib/python3.12/site-packages/airflow/example_dags/example_complex.py
[2024-09-28T20:10:12.872+0000] {logging_mixin.py:190} INFO - [2024-09-28T20:10:12.872+0000] {dag.py:3239} INFO - Sync 1 DAGs
[2024-09-28T20:10:12.881+0000] {logging_mixin.py:190} INFO - [2024-09-28T20:10:12.881+0000] {dag.py:4180} INFO - Setting next_dagrun for example_complex to None, run_after=None
[2024-09-28T20:10:12.893+0000] {processor.py:208} INFO - Processing /home/airflow/.local/lib/python3.12/site-packages/airflow/example_dags/example_complex.py took 0.059 seconds
[2024-09-28T20:10:43.193+0000] {processor.py:186} INFO - Started process (PID=789) to work on /home/airflow/.local/lib/python3.12/site-packages/airflow/example_dags/example_complex.py
[2024-09-28T20:10:43.194+0000] {processor.py:914} INFO - Processing file /home/airflow/.local/lib/python3.12/site-packages/airflow/example_dags/example_complex.py for tasks to queue
[2024-09-28T20:10:43.196+0000] {logging_mixin.py:190} INFO - [2024-09-28T20:10:43.196+0000] {dagbag.py:588} INFO - Filling up the DagBag from /home/airflow/.local/lib/python3.12/site-packages/airflow/example_dags/example_complex.py
[2024-09-28T20:10:43.206+0000] {processor.py:925} INFO - DAG(s) 'example_complex' retrieved from /home/airflow/.local/lib/python3.12/site-packages/airflow/example_dags/example_complex.py
[2024-09-28T20:10:43.228+0000] {logging_mixin.py:190} INFO - [2024-09-28T20:10:43.228+0000] {dag.py:3239} INFO - Sync 1 DAGs
[2024-09-28T20:10:43.241+0000] {logging_mixin.py:190} INFO - [2024-09-28T20:10:43.240+0000] {dag.py:4180} INFO - Setting next_dagrun for example_complex to None, run_after=None
[2024-09-28T20:10:43.259+0000] {processor.py:208} INFO - Processing /home/airflow/.local/lib/python3.12/site-packages/airflow/example_dags/example_complex.py took 0.070 seconds
[2024-09-28T20:11:13.412+0000] {processor.py:186} INFO - Started process (PID=859) to work on /home/airflow/.local/lib/python3.12/site-packages/airflow/example_dags/example_complex.py
[2024-09-28T20:11:13.413+0000] {processor.py:914} INFO - Processing file /home/airflow/.local/lib/python3.12/site-packages/airflow/example_dags/example_complex.py for tasks to queue
[2024-09-28T20:11:13.415+0000] {logging_mixin.py:190} INFO - [2024-09-28T20:11:13.415+0000] {dagbag.py:588} INFO - Filling up the DagBag from /home/airflow/.local/lib/python3.12/site-packages/airflow/example_dags/example_complex.py
[2024-09-28T20:11:13.424+0000] {processor.py:925} INFO - DAG(s) 'example_complex' retrieved from /home/airflow/.local/lib/python3.12/site-packages/airflow/example_dags/example_complex.py
[2024-09-28T20:11:13.456+0000] {logging_mixin.py:190} INFO - [2024-09-28T20:11:13.455+0000] {dag.py:3239} INFO - Sync 1 DAGs
[2024-09-28T20:11:13.469+0000] {logging_mixin.py:190} INFO - [2024-09-28T20:11:13.468+0000] {dag.py:4180} INFO - Setting next_dagrun for example_complex to None, run_after=None
[2024-09-28T20:11:13.486+0000] {processor.py:208} INFO - Processing /home/airflow/.local/lib/python3.12/site-packages/airflow/example_dags/example_complex.py took 0.082 seconds
[2024-09-28T20:11:43.813+0000] {processor.py:186} INFO - Started process (PID=925) to work on /home/airflow/.local/lib/python3.12/site-packages/airflow/example_dags/example_complex.py
[2024-09-28T20:11:43.814+0000] {processor.py:914} INFO - Processing file /home/airflow/.local/lib/python3.12/site-packages/airflow/example_dags/example_complex.py for tasks to queue
[2024-09-28T20:11:43.817+0000] {logging_mixin.py:190} INFO - [2024-09-28T20:11:43.816+0000] {dagbag.py:588} INFO - Filling up the DagBag from /home/airflow/.local/lib/python3.12/site-packages/airflow/example_dags/example_complex.py
[2024-09-28T20:11:43.825+0000] {processor.py:925} INFO - DAG(s) 'example_complex' retrieved from /home/airflow/.local/lib/python3.12/site-packages/airflow/example_dags/example_complex.py
[2024-09-28T20:11:43.846+0000] {logging_mixin.py:190} INFO - [2024-09-28T20:11:43.846+0000] {dag.py:3239} INFO - Sync 1 DAGs
[2024-09-28T20:11:43.855+0000] {logging_mixin.py:190} INFO - [2024-09-28T20:11:43.855+0000] {dag.py:4180} INFO - Setting next_dagrun for example_complex to None, run_after=None
[2024-09-28T20:11:43.867+0000] {processor.py:208} INFO - Processing /home/airflow/.local/lib/python3.12/site-packages/airflow/example_dags/example_complex.py took 0.058 seconds
[2024-09-28T20:12:14.087+0000] {processor.py:186} INFO - Started process (PID=991) to work on /home/airflow/.local/lib/python3.12/site-packages/airflow/example_dags/example_complex.py
[2024-09-28T20:12:14.088+0000] {processor.py:914} INFO - Processing file /home/airflow/.local/lib/python3.12/site-packages/airflow/example_dags/example_complex.py for tasks to queue
[2024-09-28T20:12:14.090+0000] {logging_mixin.py:190} INFO - [2024-09-28T20:12:14.090+0000] {dagbag.py:588} INFO - Filling up the DagBag from /home/airflow/.local/lib/python3.12/site-packages/airflow/example_dags/example_complex.py
[2024-09-28T20:12:14.100+0000] {processor.py:925} INFO - DAG(s) 'example_complex' retrieved from /home/airflow/.local/lib/python3.12/site-packages/airflow/example_dags/example_complex.py
[2024-09-28T20:12:14.121+0000] {logging_mixin.py:190} INFO - [2024-09-28T20:12:14.121+0000] {dag.py:3239} INFO - Sync 1 DAGs
[2024-09-28T20:12:14.130+0000] {logging_mixin.py:190} INFO - [2024-09-28T20:12:14.130+0000] {dag.py:4180} INFO - Setting next_dagrun for example_complex to None, run_after=None
[2024-09-28T20:12:14.143+0000] {processor.py:208} INFO - Processing /home/airflow/.local/lib/python3.12/site-packages/airflow/example_dags/example_complex.py took 0.059 seconds
[2024-09-28T20:12:44.343+0000] {processor.py:186} INFO - Started process (PID=1057) to work on /home/airflow/.local/lib/python3.12/site-packages/airflow/example_dags/example_complex.py
[2024-09-28T20:12:44.344+0000] {processor.py:914} INFO - Processing file /home/airflow/.local/lib/python3.12/site-packages/airflow/example_dags/example_complex.py for tasks to queue
[2024-09-28T20:12:44.345+0000] {logging_mixin.py:190} INFO - [2024-09-28T20:12:44.345+0000] {dagbag.py:588} INFO - Filling up the DagBag from /home/airflow/.local/lib/python3.12/site-packages/airflow/example_dags/example_complex.py
[2024-09-28T20:12:44.354+0000] {processor.py:925} INFO - DAG(s) 'example_complex' retrieved from /home/airflow/.local/lib/python3.12/site-packages/airflow/example_dags/example_complex.py
[2024-09-28T20:12:44.376+0000] {logging_mixin.py:190} INFO - [2024-09-28T20:12:44.376+0000] {dag.py:3239} INFO - Sync 1 DAGs
[2024-09-28T20:12:44.387+0000] {logging_mixin.py:190} INFO - [2024-09-28T20:12:44.387+0000] {dag.py:4180} INFO - Setting next_dagrun for example_complex to None, run_after=None
[2024-09-28T20:12:44.400+0000] {processor.py:208} INFO - Processing /home/airflow/.local/lib/python3.12/site-packages/airflow/example_dags/example_complex.py took 0.061 seconds
[2024-09-28T20:13:14.496+0000] {processor.py:186} INFO - Started process (PID=1123) to work on /home/airflow/.local/lib/python3.12/site-packages/airflow/example_dags/example_complex.py
[2024-09-28T20:13:14.496+0000] {processor.py:914} INFO - Processing file /home/airflow/.local/lib/python3.12/site-packages/airflow/example_dags/example_complex.py for tasks to queue
[2024-09-28T20:13:14.498+0000] {logging_mixin.py:190} INFO - [2024-09-28T20:13:14.498+0000] {dagbag.py:588} INFO - Filling up the DagBag from /home/airflow/.local/lib/python3.12/site-packages/airflow/example_dags/example_complex.py
[2024-09-28T20:13:14.506+0000] {processor.py:925} INFO - DAG(s) 'example_complex' retrieved from /home/airflow/.local/lib/python3.12/site-packages/airflow/example_dags/example_complex.py
[2024-09-28T20:13:14.536+0000] {logging_mixin.py:190} INFO - [2024-09-28T20:13:14.535+0000] {dag.py:3239} INFO - Sync 1 DAGs
[2024-09-28T20:13:14.545+0000] {logging_mixin.py:190} INFO - [2024-09-28T20:13:14.545+0000] {dag.py:4180} INFO - Setting next_dagrun for example_complex to None, run_after=None
[2024-09-28T20:13:14.556+0000] {processor.py:208} INFO - Processing /home/airflow/.local/lib/python3.12/site-packages/airflow/example_dags/example_complex.py took 0.064 seconds
[2024-09-28T20:13:44.761+0000] {processor.py:186} INFO - Started process (PID=1188) to work on /home/airflow/.local/lib/python3.12/site-packages/airflow/example_dags/example_complex.py
[2024-09-28T20:13:44.763+0000] {processor.py:914} INFO - Processing file /home/airflow/.local/lib/python3.12/site-packages/airflow/example_dags/example_complex.py for tasks to queue
[2024-09-28T20:13:44.764+0000] {logging_mixin.py:190} INFO - [2024-09-28T20:13:44.764+0000] {dagbag.py:588} INFO - Filling up the DagBag from /home/airflow/.local/lib/python3.12/site-packages/airflow/example_dags/example_complex.py
[2024-09-28T20:13:44.772+0000] {processor.py:925} INFO - DAG(s) 'example_complex' retrieved from /home/airflow/.local/lib/python3.12/site-packages/airflow/example_dags/example_complex.py
[2024-09-28T20:13:44.793+0000] {logging_mixin.py:190} INFO - [2024-09-28T20:13:44.793+0000] {dag.py:3239} INFO - Sync 1 DAGs
[2024-09-28T20:13:44.803+0000] {logging_mixin.py:190} INFO - [2024-09-28T20:13:44.802+0000] {dag.py:4180} INFO - Setting next_dagrun for example_complex to None, run_after=None
[2024-09-28T20:13:44.815+0000] {processor.py:208} INFO - Processing /home/airflow/.local/lib/python3.12/site-packages/airflow/example_dags/example_complex.py took 0.057 seconds
[2024-09-28T20:14:15.124+0000] {processor.py:186} INFO - Started process (PID=1254) to work on /home/airflow/.local/lib/python3.12/site-packages/airflow/example_dags/example_complex.py
[2024-09-28T20:14:15.125+0000] {processor.py:914} INFO - Processing file /home/airflow/.local/lib/python3.12/site-packages/airflow/example_dags/example_complex.py for tasks to queue
[2024-09-28T20:14:15.127+0000] {logging_mixin.py:190} INFO - [2024-09-28T20:14:15.127+0000] {dagbag.py:588} INFO - Filling up the DagBag from /home/airflow/.local/lib/python3.12/site-packages/airflow/example_dags/example_complex.py
[2024-09-28T20:14:15.134+0000] {processor.py:925} INFO - DAG(s) 'example_complex' retrieved from /home/airflow/.local/lib/python3.12/site-packages/airflow/example_dags/example_complex.py
[2024-09-28T20:14:15.153+0000] {logging_mixin.py:190} INFO - [2024-09-28T20:14:15.153+0000] {dag.py:3239} INFO - Sync 1 DAGs
[2024-09-28T20:14:15.162+0000] {logging_mixin.py:190} INFO - [2024-09-28T20:14:15.162+0000] {dag.py:4180} INFO - Setting next_dagrun for example_complex to None, run_after=None
[2024-09-28T20:14:15.174+0000] {processor.py:208} INFO - Processing /home/airflow/.local/lib/python3.12/site-packages/airflow/example_dags/example_complex.py took 0.054 seconds
[2024-09-28T20:14:45.478+0000] {processor.py:186} INFO - Started process (PID=1320) to work on /home/airflow/.local/lib/python3.12/site-packages/airflow/example_dags/example_complex.py
[2024-09-28T20:14:45.479+0000] {processor.py:914} INFO - Processing file /home/airflow/.local/lib/python3.12/site-packages/airflow/example_dags/example_complex.py for tasks to queue
[2024-09-28T20:14:45.481+0000] {logging_mixin.py:190} INFO - [2024-09-28T20:14:45.481+0000] {dagbag.py:588} INFO - Filling up the DagBag from /home/airflow/.local/lib/python3.12/site-packages/airflow/example_dags/example_complex.py
[2024-09-28T20:14:45.489+0000] {processor.py:925} INFO - DAG(s) 'example_complex' retrieved from /home/airflow/.local/lib/python3.12/site-packages/airflow/example_dags/example_complex.py
[2024-09-28T20:14:45.509+0000] {logging_mixin.py:190} INFO - [2024-09-28T20:14:45.509+0000] {dag.py:3239} INFO - Sync 1 DAGs
[2024-09-28T20:14:45.518+0000] {logging_mixin.py:190} INFO - [2024-09-28T20:14:45.518+0000] {dag.py:4180} INFO - Setting next_dagrun for example_complex to None, run_after=None
[2024-09-28T20:14:45.532+0000] {processor.py:208} INFO - Processing /home/airflow/.local/lib/python3.12/site-packages/airflow/example_dags/example_complex.py took 0.057 seconds
[2024-09-28T20:15:15.802+0000] {processor.py:186} INFO - Started process (PID=1386) to work on /home/airflow/.local/lib/python3.12/site-packages/airflow/example_dags/example_complex.py
[2024-09-28T20:15:15.803+0000] {processor.py:914} INFO - Processing file /home/airflow/.local/lib/python3.12/site-packages/airflow/example_dags/example_complex.py for tasks to queue
[2024-09-28T20:15:15.805+0000] {logging_mixin.py:190} INFO - [2024-09-28T20:15:15.805+0000] {dagbag.py:588} INFO - Filling up the DagBag from /home/airflow/.local/lib/python3.12/site-packages/airflow/example_dags/example_complex.py
[2024-09-28T20:15:15.813+0000] {processor.py:925} INFO - DAG(s) 'example_complex' retrieved from /home/airflow/.local/lib/python3.12/site-packages/airflow/example_dags/example_complex.py
[2024-09-28T20:15:15.834+0000] {logging_mixin.py:190} INFO - [2024-09-28T20:15:15.834+0000] {dag.py:3239} INFO - Sync 1 DAGs
[2024-09-28T20:15:15.844+0000] {logging_mixin.py:190} INFO - [2024-09-28T20:15:15.843+0000] {dag.py:4180} INFO - Setting next_dagrun for example_complex to None, run_after=None
[2024-09-28T20:15:15.856+0000] {processor.py:208} INFO - Processing /home/airflow/.local/lib/python3.12/site-packages/airflow/example_dags/example_complex.py took 0.057 seconds
[2024-09-28T20:15:46.362+0000] {processor.py:186} INFO - Started process (PID=1452) to work on /home/airflow/.local/lib/python3.12/site-packages/airflow/example_dags/example_complex.py
[2024-09-28T20:15:46.363+0000] {processor.py:914} INFO - Processing file /home/airflow/.local/lib/python3.12/site-packages/airflow/example_dags/example_complex.py for tasks to queue
[2024-09-28T20:15:46.365+0000] {logging_mixin.py:190} INFO - [2024-09-28T20:15:46.365+0000] {dagbag.py:588} INFO - Filling up the DagBag from /home/airflow/.local/lib/python3.12/site-packages/airflow/example_dags/example_complex.py
[2024-09-28T20:15:46.373+0000] {processor.py:925} INFO - DAG(s) 'example_complex' retrieved from /home/airflow/.local/lib/python3.12/site-packages/airflow/example_dags/example_complex.py
[2024-09-28T20:15:46.401+0000] {logging_mixin.py:190} INFO - [2024-09-28T20:15:46.401+0000] {dag.py:3239} INFO - Sync 1 DAGs
[2024-09-28T20:15:46.412+0000] {logging_mixin.py:190} INFO - [2024-09-28T20:15:46.412+0000] {dag.py:4180} INFO - Setting next_dagrun for example_complex to None, run_after=None
[2024-09-28T20:15:46.427+0000] {processor.py:208} INFO - Processing /home/airflow/.local/lib/python3.12/site-packages/airflow/example_dags/example_complex.py took 0.070 seconds
[2024-09-28T20:16:28.927+0000] {processor.py:186} INFO - Started process (PID=91) to work on /home/airflow/.local/lib/python3.12/site-packages/airflow/example_dags/example_complex.py
[2024-09-28T20:16:28.928+0000] {processor.py:914} INFO - Processing file /home/airflow/.local/lib/python3.12/site-packages/airflow/example_dags/example_complex.py for tasks to queue
[2024-09-28T20:16:28.930+0000] {logging_mixin.py:190} INFO - [2024-09-28T20:16:28.930+0000] {dagbag.py:588} INFO - Filling up the DagBag from /home/airflow/.local/lib/python3.12/site-packages/airflow/example_dags/example_complex.py
[2024-09-28T20:16:28.938+0000] {processor.py:925} INFO - DAG(s) 'example_complex' retrieved from /home/airflow/.local/lib/python3.12/site-packages/airflow/example_dags/example_complex.py
[2024-09-28T20:16:28.960+0000] {logging_mixin.py:190} INFO - [2024-09-28T20:16:28.959+0000] {dag.py:3239} INFO - Sync 1 DAGs
[2024-09-28T20:16:28.969+0000] {logging_mixin.py:190} INFO - [2024-09-28T20:16:28.969+0000] {dag.py:4180} INFO - Setting next_dagrun for example_complex to None, run_after=None
[2024-09-28T20:16:28.981+0000] {processor.py:208} INFO - Processing /home/airflow/.local/lib/python3.12/site-packages/airflow/example_dags/example_complex.py took 0.058 seconds
[2024-09-28T20:16:59.557+0000] {processor.py:186} INFO - Started process (PID=159) to work on /home/airflow/.local/lib/python3.12/site-packages/airflow/example_dags/example_complex.py
[2024-09-28T20:16:59.558+0000] {processor.py:914} INFO - Processing file /home/airflow/.local/lib/python3.12/site-packages/airflow/example_dags/example_complex.py for tasks to queue
[2024-09-28T20:16:59.560+0000] {logging_mixin.py:190} INFO - [2024-09-28T20:16:59.559+0000] {dagbag.py:588} INFO - Filling up the DagBag from /home/airflow/.local/lib/python3.12/site-packages/airflow/example_dags/example_complex.py
[2024-09-28T20:16:59.566+0000] {processor.py:925} INFO - DAG(s) 'example_complex' retrieved from /home/airflow/.local/lib/python3.12/site-packages/airflow/example_dags/example_complex.py
[2024-09-28T20:16:59.586+0000] {logging_mixin.py:190} INFO - [2024-09-28T20:16:59.585+0000] {dag.py:3239} INFO - Sync 1 DAGs
[2024-09-28T20:16:59.595+0000] {logging_mixin.py:190} INFO - [2024-09-28T20:16:59.595+0000] {dag.py:4180} INFO - Setting next_dagrun for example_complex to None, run_after=None
[2024-09-28T20:16:59.607+0000] {processor.py:208} INFO - Processing /home/airflow/.local/lib/python3.12/site-packages/airflow/example_dags/example_complex.py took 0.053 seconds
[2024-09-28T20:17:29.905+0000] {processor.py:186} INFO - Started process (PID=227) to work on /home/airflow/.local/lib/python3.12/site-packages/airflow/example_dags/example_complex.py
[2024-09-28T20:17:29.906+0000] {processor.py:914} INFO - Processing file /home/airflow/.local/lib/python3.12/site-packages/airflow/example_dags/example_complex.py for tasks to queue
[2024-09-28T20:17:29.910+0000] {logging_mixin.py:190} INFO - [2024-09-28T20:17:29.909+0000] {dagbag.py:588} INFO - Filling up the DagBag from /home/airflow/.local/lib/python3.12/site-packages/airflow/example_dags/example_complex.py
[2024-09-28T20:17:29.919+0000] {processor.py:925} INFO - DAG(s) 'example_complex' retrieved from /home/airflow/.local/lib/python3.12/site-packages/airflow/example_dags/example_complex.py
[2024-09-28T20:17:29.944+0000] {logging_mixin.py:190} INFO - [2024-09-28T20:17:29.944+0000] {dag.py:3239} INFO - Sync 1 DAGs
[2024-09-28T20:17:29.956+0000] {logging_mixin.py:190} INFO - [2024-09-28T20:17:29.956+0000] {dag.py:4180} INFO - Setting next_dagrun for example_complex to None, run_after=None
[2024-09-28T20:17:29.973+0000] {processor.py:208} INFO - Processing /home/airflow/.local/lib/python3.12/site-packages/airflow/example_dags/example_complex.py took 0.073 seconds
[2024-09-28T20:18:00.299+0000] {processor.py:186} INFO - Started process (PID=295) to work on /home/airflow/.local/lib/python3.12/site-packages/airflow/example_dags/example_complex.py
[2024-09-28T20:18:00.300+0000] {processor.py:914} INFO - Processing file /home/airflow/.local/lib/python3.12/site-packages/airflow/example_dags/example_complex.py for tasks to queue
[2024-09-28T20:18:00.301+0000] {logging_mixin.py:190} INFO - [2024-09-28T20:18:00.301+0000] {dagbag.py:588} INFO - Filling up the DagBag from /home/airflow/.local/lib/python3.12/site-packages/airflow/example_dags/example_complex.py
[2024-09-28T20:18:00.310+0000] {processor.py:925} INFO - DAG(s) 'example_complex' retrieved from /home/airflow/.local/lib/python3.12/site-packages/airflow/example_dags/example_complex.py
[2024-09-28T20:18:00.335+0000] {logging_mixin.py:190} INFO - [2024-09-28T20:18:00.335+0000] {dag.py:3239} INFO - Sync 1 DAGs
[2024-09-28T20:18:00.345+0000] {logging_mixin.py:190} INFO - [2024-09-28T20:18:00.345+0000] {dag.py:4180} INFO - Setting next_dagrun for example_complex to None, run_after=None
[2024-09-28T20:18:00.360+0000] {processor.py:208} INFO - Processing /home/airflow/.local/lib/python3.12/site-packages/airflow/example_dags/example_complex.py took 0.066 seconds
[2024-09-28T20:18:30.761+0000] {processor.py:186} INFO - Started process (PID=361) to work on /home/airflow/.local/lib/python3.12/site-packages/airflow/example_dags/example_complex.py
[2024-09-28T20:18:30.762+0000] {processor.py:914} INFO - Processing file /home/airflow/.local/lib/python3.12/site-packages/airflow/example_dags/example_complex.py for tasks to queue
[2024-09-28T20:18:30.763+0000] {logging_mixin.py:190} INFO - [2024-09-28T20:18:30.763+0000] {dagbag.py:588} INFO - Filling up the DagBag from /home/airflow/.local/lib/python3.12/site-packages/airflow/example_dags/example_complex.py
[2024-09-28T20:18:30.770+0000] {processor.py:925} INFO - DAG(s) 'example_complex' retrieved from /home/airflow/.local/lib/python3.12/site-packages/airflow/example_dags/example_complex.py
[2024-09-28T20:18:30.789+0000] {logging_mixin.py:190} INFO - [2024-09-28T20:18:30.788+0000] {dag.py:3239} INFO - Sync 1 DAGs
[2024-09-28T20:18:30.799+0000] {logging_mixin.py:190} INFO - [2024-09-28T20:18:30.799+0000] {dag.py:4180} INFO - Setting next_dagrun for example_complex to None, run_after=None
[2024-09-28T20:18:30.812+0000] {processor.py:208} INFO - Processing /home/airflow/.local/lib/python3.12/site-packages/airflow/example_dags/example_complex.py took 0.055 seconds
[2024-09-28T20:19:01.018+0000] {processor.py:186} INFO - Started process (PID=427) to work on /home/airflow/.local/lib/python3.12/site-packages/airflow/example_dags/example_complex.py
[2024-09-28T20:19:01.019+0000] {processor.py:914} INFO - Processing file /home/airflow/.local/lib/python3.12/site-packages/airflow/example_dags/example_complex.py for tasks to queue
[2024-09-28T20:19:01.019+0000] {logging_mixin.py:190} INFO - [2024-09-28T20:19:01.019+0000] {dagbag.py:588} INFO - Filling up the DagBag from /home/airflow/.local/lib/python3.12/site-packages/airflow/example_dags/example_complex.py
[2024-09-28T20:19:01.027+0000] {processor.py:925} INFO - DAG(s) 'example_complex' retrieved from /home/airflow/.local/lib/python3.12/site-packages/airflow/example_dags/example_complex.py
[2024-09-28T20:19:01.046+0000] {logging_mixin.py:190} INFO - [2024-09-28T20:19:01.046+0000] {dag.py:3239} INFO - Sync 1 DAGs
[2024-09-28T20:19:01.056+0000] {logging_mixin.py:190} INFO - [2024-09-28T20:19:01.056+0000] {dag.py:4180} INFO - Setting next_dagrun for example_complex to None, run_after=None
[2024-09-28T20:19:01.078+0000] {processor.py:208} INFO - Processing /home/airflow/.local/lib/python3.12/site-packages/airflow/example_dags/example_complex.py took 0.064 seconds
[2024-09-28T20:19:31.284+0000] {processor.py:186} INFO - Started process (PID=493) to work on /home/airflow/.local/lib/python3.12/site-packages/airflow/example_dags/example_complex.py
[2024-09-28T20:19:31.285+0000] {processor.py:914} INFO - Processing file /home/airflow/.local/lib/python3.12/site-packages/airflow/example_dags/example_complex.py for tasks to queue
[2024-09-28T20:19:31.286+0000] {logging_mixin.py:190} INFO - [2024-09-28T20:19:31.286+0000] {dagbag.py:588} INFO - Filling up the DagBag from /home/airflow/.local/lib/python3.12/site-packages/airflow/example_dags/example_complex.py
[2024-09-28T20:19:31.294+0000] {processor.py:925} INFO - DAG(s) 'example_complex' retrieved from /home/airflow/.local/lib/python3.12/site-packages/airflow/example_dags/example_complex.py
[2024-09-28T20:19:31.313+0000] {logging_mixin.py:190} INFO - [2024-09-28T20:19:31.313+0000] {dag.py:3239} INFO - Sync 1 DAGs
[2024-09-28T20:19:31.323+0000] {logging_mixin.py:190} INFO - [2024-09-28T20:19:31.323+0000] {dag.py:4180} INFO - Setting next_dagrun for example_complex to None, run_after=None
[2024-09-28T20:19:31.336+0000] {processor.py:208} INFO - Processing /home/airflow/.local/lib/python3.12/site-packages/airflow/example_dags/example_complex.py took 0.056 seconds
[2024-09-28T20:20:01.649+0000] {processor.py:186} INFO - Started process (PID=566) to work on /home/airflow/.local/lib/python3.12/site-packages/airflow/example_dags/example_complex.py
[2024-09-28T20:20:01.650+0000] {processor.py:914} INFO - Processing file /home/airflow/.local/lib/python3.12/site-packages/airflow/example_dags/example_complex.py for tasks to queue
[2024-09-28T20:20:01.651+0000] {logging_mixin.py:190} INFO - [2024-09-28T20:20:01.651+0000] {dagbag.py:588} INFO - Filling up the DagBag from /home/airflow/.local/lib/python3.12/site-packages/airflow/example_dags/example_complex.py
[2024-09-28T20:20:01.659+0000] {processor.py:925} INFO - DAG(s) 'example_complex' retrieved from /home/airflow/.local/lib/python3.12/site-packages/airflow/example_dags/example_complex.py
[2024-09-28T20:20:01.680+0000] {logging_mixin.py:190} INFO - [2024-09-28T20:20:01.680+0000] {dag.py:3239} INFO - Sync 1 DAGs
[2024-09-28T20:20:01.690+0000] {logging_mixin.py:190} INFO - [2024-09-28T20:20:01.690+0000] {dag.py:4180} INFO - Setting next_dagrun for example_complex to None, run_after=None
[2024-09-28T20:20:01.703+0000] {processor.py:208} INFO - Processing /home/airflow/.local/lib/python3.12/site-packages/airflow/example_dags/example_complex.py took 0.058 seconds
[2024-09-28T20:20:31.994+0000] {processor.py:186} INFO - Started process (PID=632) to work on /home/airflow/.local/lib/python3.12/site-packages/airflow/example_dags/example_complex.py
[2024-09-28T20:20:31.995+0000] {processor.py:914} INFO - Processing file /home/airflow/.local/lib/python3.12/site-packages/airflow/example_dags/example_complex.py for tasks to queue
[2024-09-28T20:20:31.996+0000] {logging_mixin.py:190} INFO - [2024-09-28T20:20:31.996+0000] {dagbag.py:588} INFO - Filling up the DagBag from /home/airflow/.local/lib/python3.12/site-packages/airflow/example_dags/example_complex.py
[2024-09-28T20:20:32.004+0000] {processor.py:925} INFO - DAG(s) 'example_complex' retrieved from /home/airflow/.local/lib/python3.12/site-packages/airflow/example_dags/example_complex.py
[2024-09-28T20:20:32.024+0000] {logging_mixin.py:190} INFO - [2024-09-28T20:20:32.024+0000] {dag.py:3239} INFO - Sync 1 DAGs
[2024-09-28T20:20:32.034+0000] {logging_mixin.py:190} INFO - [2024-09-28T20:20:32.034+0000] {dag.py:4180} INFO - Setting next_dagrun for example_complex to None, run_after=None
[2024-09-28T20:20:32.048+0000] {processor.py:208} INFO - Processing /home/airflow/.local/lib/python3.12/site-packages/airflow/example_dags/example_complex.py took 0.057 seconds
