[2024-09-28T19:52:47.571+0000] {processor.py:186} INFO - Started process (PID=60) to work on /home/airflow/.local/lib/python3.12/site-packages/airflow/example_dags/example_branch_labels.py
[2024-09-28T19:52:47.575+0000] {processor.py:914} INFO - Processing file /home/airflow/.local/lib/python3.12/site-packages/airflow/example_dags/example_branch_labels.py for tasks to queue
[2024-09-28T19:52:47.578+0000] {logging_mixin.py:190} INFO - [2024-09-28T19:52:47.578+0000] {dagbag.py:588} INFO - Filling up the DagBag from /home/airflow/.local/lib/python3.12/site-packages/airflow/example_dags/example_branch_labels.py
[2024-09-28T19:52:47.588+0000] {processor.py:925} INFO - DAG(s) 'example_branch_labels' retrieved from /home/airflow/.local/lib/python3.12/site-packages/airflow/example_dags/example_branch_labels.py
[2024-09-28T19:52:47.658+0000] {logging_mixin.py:190} INFO - [2024-09-28T19:52:47.658+0000] {override.py:1900} INFO - Created Permission View: can edit on DAG:example_branch_labels
[2024-09-28T19:52:47.669+0000] {logging_mixin.py:190} INFO - [2024-09-28T19:52:47.669+0000] {override.py:1900} INFO - Created Permission View: can delete on DAG:example_branch_labels
[2024-09-28T19:52:47.674+0000] {logging_mixin.py:190} INFO - [2024-09-28T19:52:47.674+0000] {override.py:1900} INFO - Created Permission View: can read on DAG:example_branch_labels
[2024-09-28T19:52:47.680+0000] {logging_mixin.py:190} INFO - [2024-09-28T19:52:47.680+0000] {override.py:1900} INFO - Created Permission View: can delete on DAG Run:example_branch_labels
[2024-09-28T19:52:47.684+0000] {logging_mixin.py:190} INFO - [2024-09-28T19:52:47.683+0000] {override.py:1900} INFO - Created Permission View: can read on DAG Run:example_branch_labels
[2024-09-28T19:52:47.688+0000] {logging_mixin.py:190} INFO - [2024-09-28T19:52:47.688+0000] {override.py:1900} INFO - Created Permission View: can create on DAG Run:example_branch_labels
[2024-09-28T19:52:47.693+0000] {logging_mixin.py:190} INFO - [2024-09-28T19:52:47.693+0000] {override.py:1900} INFO - Created Permission View: menu access on DAG Run:example_branch_labels
[2024-09-28T19:52:47.693+0000] {logging_mixin.py:190} INFO - [2024-09-28T19:52:47.693+0000] {dag.py:3239} INFO - Sync 1 DAGs
[2024-09-28T19:52:47.702+0000] {logging_mixin.py:190} INFO - [2024-09-28T19:52:47.701+0000] {dag.py:3262} INFO - Creating ORM DAG for example_branch_labels
[2024-09-28T19:52:47.709+0000] {logging_mixin.py:190} INFO - [2024-09-28T19:52:47.709+0000] {dag.py:4180} INFO - Setting next_dagrun for example_branch_labels to 2024-09-27 00:00:00+00:00, run_after=2024-09-28 00:00:00+00:00
[2024-09-28T19:52:47.718+0000] {processor.py:208} INFO - Processing /home/airflow/.local/lib/python3.12/site-packages/airflow/example_dags/example_branch_labels.py took 0.151 seconds
[2024-09-28T19:53:17.926+0000] {processor.py:186} INFO - Started process (PID=125) to work on /home/airflow/.local/lib/python3.12/site-packages/airflow/example_dags/example_branch_labels.py
[2024-09-28T19:53:17.927+0000] {processor.py:914} INFO - Processing file /home/airflow/.local/lib/python3.12/site-packages/airflow/example_dags/example_branch_labels.py for tasks to queue
[2024-09-28T19:53:17.930+0000] {logging_mixin.py:190} INFO - [2024-09-28T19:53:17.929+0000] {dagbag.py:588} INFO - Filling up the DagBag from /home/airflow/.local/lib/python3.12/site-packages/airflow/example_dags/example_branch_labels.py
[2024-09-28T19:53:17.941+0000] {processor.py:925} INFO - DAG(s) 'example_branch_labels' retrieved from /home/airflow/.local/lib/python3.12/site-packages/airflow/example_dags/example_branch_labels.py
[2024-09-28T19:53:17.961+0000] {logging_mixin.py:190} INFO - [2024-09-28T19:53:17.961+0000] {dag.py:3239} INFO - Sync 1 DAGs
[2024-09-28T19:53:17.984+0000] {logging_mixin.py:190} INFO - [2024-09-28T19:53:17.984+0000] {dag.py:4180} INFO - Setting next_dagrun for example_branch_labels to 2024-09-27 00:00:00+00:00, run_after=2024-09-28 00:00:00+00:00
[2024-09-28T19:53:17.997+0000] {processor.py:208} INFO - Processing /home/airflow/.local/lib/python3.12/site-packages/airflow/example_dags/example_branch_labels.py took 0.075 seconds
[2024-09-28T19:53:48.908+0000] {processor.py:186} INFO - Started process (PID=196) to work on /home/airflow/.local/lib/python3.12/site-packages/airflow/example_dags/example_branch_labels.py
[2024-09-28T19:53:48.909+0000] {processor.py:914} INFO - Processing file /home/airflow/.local/lib/python3.12/site-packages/airflow/example_dags/example_branch_labels.py for tasks to queue
[2024-09-28T19:53:48.911+0000] {logging_mixin.py:190} INFO - [2024-09-28T19:53:48.910+0000] {dagbag.py:588} INFO - Filling up the DagBag from /home/airflow/.local/lib/python3.12/site-packages/airflow/example_dags/example_branch_labels.py
[2024-09-28T19:53:48.917+0000] {processor.py:925} INFO - DAG(s) 'example_branch_labels' retrieved from /home/airflow/.local/lib/python3.12/site-packages/airflow/example_dags/example_branch_labels.py
[2024-09-28T19:53:48.930+0000] {logging_mixin.py:190} INFO - [2024-09-28T19:53:48.930+0000] {dag.py:3239} INFO - Sync 1 DAGs
[2024-09-28T19:53:48.946+0000] {logging_mixin.py:190} INFO - [2024-09-28T19:53:48.946+0000] {dag.py:4180} INFO - Setting next_dagrun for example_branch_labels to 2024-09-27 00:00:00+00:00, run_after=2024-09-28 00:00:00+00:00
[2024-09-28T19:53:48.960+0000] {processor.py:208} INFO - Processing /home/airflow/.local/lib/python3.12/site-packages/airflow/example_dags/example_branch_labels.py took 0.056 seconds
[2024-09-28T19:54:19.245+0000] {processor.py:186} INFO - Started process (PID=261) to work on /home/airflow/.local/lib/python3.12/site-packages/airflow/example_dags/example_branch_labels.py
[2024-09-28T19:54:19.245+0000] {processor.py:914} INFO - Processing file /home/airflow/.local/lib/python3.12/site-packages/airflow/example_dags/example_branch_labels.py for tasks to queue
[2024-09-28T19:54:19.247+0000] {logging_mixin.py:190} INFO - [2024-09-28T19:54:19.247+0000] {dagbag.py:588} INFO - Filling up the DagBag from /home/airflow/.local/lib/python3.12/site-packages/airflow/example_dags/example_branch_labels.py
[2024-09-28T19:54:19.253+0000] {processor.py:925} INFO - DAG(s) 'example_branch_labels' retrieved from /home/airflow/.local/lib/python3.12/site-packages/airflow/example_dags/example_branch_labels.py
[2024-09-28T19:54:19.270+0000] {logging_mixin.py:190} INFO - [2024-09-28T19:54:19.270+0000] {dag.py:3239} INFO - Sync 1 DAGs
[2024-09-28T19:54:19.286+0000] {logging_mixin.py:190} INFO - [2024-09-28T19:54:19.286+0000] {dag.py:4180} INFO - Setting next_dagrun for example_branch_labels to 2024-09-27 00:00:00+00:00, run_after=2024-09-28 00:00:00+00:00
[2024-09-28T19:54:19.299+0000] {processor.py:208} INFO - Processing /home/airflow/.local/lib/python3.12/site-packages/airflow/example_dags/example_branch_labels.py took 0.058 seconds
[2024-09-28T19:54:49.541+0000] {processor.py:186} INFO - Started process (PID=326) to work on /home/airflow/.local/lib/python3.12/site-packages/airflow/example_dags/example_branch_labels.py
[2024-09-28T19:54:49.542+0000] {processor.py:914} INFO - Processing file /home/airflow/.local/lib/python3.12/site-packages/airflow/example_dags/example_branch_labels.py for tasks to queue
[2024-09-28T19:54:49.544+0000] {logging_mixin.py:190} INFO - [2024-09-28T19:54:49.544+0000] {dagbag.py:588} INFO - Filling up the DagBag from /home/airflow/.local/lib/python3.12/site-packages/airflow/example_dags/example_branch_labels.py
[2024-09-28T19:54:49.550+0000] {processor.py:925} INFO - DAG(s) 'example_branch_labels' retrieved from /home/airflow/.local/lib/python3.12/site-packages/airflow/example_dags/example_branch_labels.py
[2024-09-28T19:54:49.562+0000] {logging_mixin.py:190} INFO - [2024-09-28T19:54:49.562+0000] {dag.py:3239} INFO - Sync 1 DAGs
[2024-09-28T19:54:49.577+0000] {logging_mixin.py:190} INFO - [2024-09-28T19:54:49.577+0000] {dag.py:4180} INFO - Setting next_dagrun for example_branch_labels to 2024-09-27 00:00:00+00:00, run_after=2024-09-28 00:00:00+00:00
[2024-09-28T19:54:49.587+0000] {processor.py:208} INFO - Processing /home/airflow/.local/lib/python3.12/site-packages/airflow/example_dags/example_branch_labels.py took 0.049 seconds
[2024-09-28T19:55:19.803+0000] {processor.py:186} INFO - Started process (PID=391) to work on /home/airflow/.local/lib/python3.12/site-packages/airflow/example_dags/example_branch_labels.py
[2024-09-28T19:55:19.804+0000] {processor.py:914} INFO - Processing file /home/airflow/.local/lib/python3.12/site-packages/airflow/example_dags/example_branch_labels.py for tasks to queue
[2024-09-28T19:55:19.806+0000] {logging_mixin.py:190} INFO - [2024-09-28T19:55:19.805+0000] {dagbag.py:588} INFO - Filling up the DagBag from /home/airflow/.local/lib/python3.12/site-packages/airflow/example_dags/example_branch_labels.py
[2024-09-28T19:55:19.811+0000] {processor.py:925} INFO - DAG(s) 'example_branch_labels' retrieved from /home/airflow/.local/lib/python3.12/site-packages/airflow/example_dags/example_branch_labels.py
[2024-09-28T19:55:19.826+0000] {logging_mixin.py:190} INFO - [2024-09-28T19:55:19.825+0000] {dag.py:3239} INFO - Sync 1 DAGs
[2024-09-28T19:55:19.843+0000] {logging_mixin.py:190} INFO - [2024-09-28T19:55:19.843+0000] {dag.py:4180} INFO - Setting next_dagrun for example_branch_labels to 2024-09-27 00:00:00+00:00, run_after=2024-09-28 00:00:00+00:00
[2024-09-28T19:55:19.856+0000] {processor.py:208} INFO - Processing /home/airflow/.local/lib/python3.12/site-packages/airflow/example_dags/example_branch_labels.py took 0.056 seconds
[2024-09-28T19:55:50.223+0000] {processor.py:186} INFO - Started process (PID=457) to work on /home/airflow/.local/lib/python3.12/site-packages/airflow/example_dags/example_branch_labels.py
[2024-09-28T19:55:50.224+0000] {processor.py:914} INFO - Processing file /home/airflow/.local/lib/python3.12/site-packages/airflow/example_dags/example_branch_labels.py for tasks to queue
[2024-09-28T19:55:50.226+0000] {logging_mixin.py:190} INFO - [2024-09-28T19:55:50.225+0000] {dagbag.py:588} INFO - Filling up the DagBag from /home/airflow/.local/lib/python3.12/site-packages/airflow/example_dags/example_branch_labels.py
[2024-09-28T19:55:50.232+0000] {processor.py:925} INFO - DAG(s) 'example_branch_labels' retrieved from /home/airflow/.local/lib/python3.12/site-packages/airflow/example_dags/example_branch_labels.py
[2024-09-28T19:55:50.247+0000] {logging_mixin.py:190} INFO - [2024-09-28T19:55:50.247+0000] {dag.py:3239} INFO - Sync 1 DAGs
[2024-09-28T19:55:50.264+0000] {logging_mixin.py:190} INFO - [2024-09-28T19:55:50.264+0000] {dag.py:4180} INFO - Setting next_dagrun for example_branch_labels to 2024-09-27 00:00:00+00:00, run_after=2024-09-28 00:00:00+00:00
[2024-09-28T19:55:50.277+0000] {processor.py:208} INFO - Processing /home/airflow/.local/lib/python3.12/site-packages/airflow/example_dags/example_branch_labels.py took 0.059 seconds
[2024-09-28T19:56:20.888+0000] {processor.py:186} INFO - Started process (PID=522) to work on /home/airflow/.local/lib/python3.12/site-packages/airflow/example_dags/example_branch_labels.py
[2024-09-28T19:56:20.898+0000] {processor.py:914} INFO - Processing file /home/airflow/.local/lib/python3.12/site-packages/airflow/example_dags/example_branch_labels.py for tasks to queue
[2024-09-28T19:56:20.901+0000] {logging_mixin.py:190} INFO - [2024-09-28T19:56:20.900+0000] {dagbag.py:588} INFO - Filling up the DagBag from /home/airflow/.local/lib/python3.12/site-packages/airflow/example_dags/example_branch_labels.py
[2024-09-28T19:56:20.909+0000] {processor.py:925} INFO - DAG(s) 'example_branch_labels' retrieved from /home/airflow/.local/lib/python3.12/site-packages/airflow/example_dags/example_branch_labels.py
[2024-09-28T19:56:20.923+0000] {logging_mixin.py:190} INFO - [2024-09-28T19:56:20.923+0000] {dag.py:3239} INFO - Sync 1 DAGs
[2024-09-28T19:56:20.939+0000] {logging_mixin.py:190} INFO - [2024-09-28T19:56:20.939+0000] {dag.py:4180} INFO - Setting next_dagrun for example_branch_labels to 2024-09-27 00:00:00+00:00, run_after=2024-09-28 00:00:00+00:00
[2024-09-28T19:56:20.949+0000] {processor.py:208} INFO - Processing /home/airflow/.local/lib/python3.12/site-packages/airflow/example_dags/example_branch_labels.py took 0.067 seconds
[2024-09-28T19:56:51.013+0000] {processor.py:186} INFO - Started process (PID=587) to work on /home/airflow/.local/lib/python3.12/site-packages/airflow/example_dags/example_branch_labels.py
[2024-09-28T19:56:51.014+0000] {processor.py:914} INFO - Processing file /home/airflow/.local/lib/python3.12/site-packages/airflow/example_dags/example_branch_labels.py for tasks to queue
[2024-09-28T19:56:51.017+0000] {logging_mixin.py:190} INFO - [2024-09-28T19:56:51.016+0000] {dagbag.py:588} INFO - Filling up the DagBag from /home/airflow/.local/lib/python3.12/site-packages/airflow/example_dags/example_branch_labels.py
[2024-09-28T19:56:51.025+0000] {processor.py:925} INFO - DAG(s) 'example_branch_labels' retrieved from /home/airflow/.local/lib/python3.12/site-packages/airflow/example_dags/example_branch_labels.py
[2024-09-28T19:56:51.039+0000] {logging_mixin.py:190} INFO - [2024-09-28T19:56:51.039+0000] {dag.py:3239} INFO - Sync 1 DAGs
[2024-09-28T19:56:51.057+0000] {logging_mixin.py:190} INFO - [2024-09-28T19:56:51.057+0000] {dag.py:4180} INFO - Setting next_dagrun for example_branch_labels to 2024-09-27 00:00:00+00:00, run_after=2024-09-28 00:00:00+00:00
[2024-09-28T19:56:51.072+0000] {processor.py:208} INFO - Processing /home/airflow/.local/lib/python3.12/site-packages/airflow/example_dags/example_branch_labels.py took 0.063 seconds
[2024-09-28T19:57:21.395+0000] {processor.py:186} INFO - Started process (PID=652) to work on /home/airflow/.local/lib/python3.12/site-packages/airflow/example_dags/example_branch_labels.py
[2024-09-28T19:57:21.395+0000] {processor.py:914} INFO - Processing file /home/airflow/.local/lib/python3.12/site-packages/airflow/example_dags/example_branch_labels.py for tasks to queue
[2024-09-28T19:57:21.397+0000] {logging_mixin.py:190} INFO - [2024-09-28T19:57:21.397+0000] {dagbag.py:588} INFO - Filling up the DagBag from /home/airflow/.local/lib/python3.12/site-packages/airflow/example_dags/example_branch_labels.py
[2024-09-28T19:57:21.403+0000] {processor.py:925} INFO - DAG(s) 'example_branch_labels' retrieved from /home/airflow/.local/lib/python3.12/site-packages/airflow/example_dags/example_branch_labels.py
[2024-09-28T19:57:21.415+0000] {logging_mixin.py:190} INFO - [2024-09-28T19:57:21.414+0000] {dag.py:3239} INFO - Sync 1 DAGs
[2024-09-28T19:57:21.430+0000] {logging_mixin.py:190} INFO - [2024-09-28T19:57:21.430+0000] {dag.py:4180} INFO - Setting next_dagrun for example_branch_labels to 2024-09-27 00:00:00+00:00, run_after=2024-09-28 00:00:00+00:00
[2024-09-28T19:57:21.442+0000] {processor.py:208} INFO - Processing /home/airflow/.local/lib/python3.12/site-packages/airflow/example_dags/example_branch_labels.py took 0.051 seconds
[2024-09-28T19:57:51.679+0000] {processor.py:186} INFO - Started process (PID=717) to work on /home/airflow/.local/lib/python3.12/site-packages/airflow/example_dags/example_branch_labels.py
[2024-09-28T19:57:51.680+0000] {processor.py:914} INFO - Processing file /home/airflow/.local/lib/python3.12/site-packages/airflow/example_dags/example_branch_labels.py for tasks to queue
[2024-09-28T19:57:51.681+0000] {logging_mixin.py:190} INFO - [2024-09-28T19:57:51.681+0000] {dagbag.py:588} INFO - Filling up the DagBag from /home/airflow/.local/lib/python3.12/site-packages/airflow/example_dags/example_branch_labels.py
[2024-09-28T19:57:51.687+0000] {processor.py:925} INFO - DAG(s) 'example_branch_labels' retrieved from /home/airflow/.local/lib/python3.12/site-packages/airflow/example_dags/example_branch_labels.py
[2024-09-28T19:57:51.701+0000] {logging_mixin.py:190} INFO - [2024-09-28T19:57:51.701+0000] {dag.py:3239} INFO - Sync 1 DAGs
[2024-09-28T19:57:51.716+0000] {logging_mixin.py:190} INFO - [2024-09-28T19:57:51.716+0000] {dag.py:4180} INFO - Setting next_dagrun for example_branch_labels to 2024-09-27 00:00:00+00:00, run_after=2024-09-28 00:00:00+00:00
[2024-09-28T19:57:51.728+0000] {processor.py:208} INFO - Processing /home/airflow/.local/lib/python3.12/site-packages/airflow/example_dags/example_branch_labels.py took 0.054 seconds
[2024-09-28T19:58:22.509+0000] {processor.py:186} INFO - Started process (PID=782) to work on /home/airflow/.local/lib/python3.12/site-packages/airflow/example_dags/example_branch_labels.py
[2024-09-28T19:58:22.510+0000] {processor.py:914} INFO - Processing file /home/airflow/.local/lib/python3.12/site-packages/airflow/example_dags/example_branch_labels.py for tasks to queue
[2024-09-28T19:58:22.511+0000] {logging_mixin.py:190} INFO - [2024-09-28T19:58:22.511+0000] {dagbag.py:588} INFO - Filling up the DagBag from /home/airflow/.local/lib/python3.12/site-packages/airflow/example_dags/example_branch_labels.py
[2024-09-28T19:58:22.517+0000] {processor.py:925} INFO - DAG(s) 'example_branch_labels' retrieved from /home/airflow/.local/lib/python3.12/site-packages/airflow/example_dags/example_branch_labels.py
[2024-09-28T19:58:22.529+0000] {logging_mixin.py:190} INFO - [2024-09-28T19:58:22.529+0000] {dag.py:3239} INFO - Sync 1 DAGs
[2024-09-28T19:58:22.546+0000] {logging_mixin.py:190} INFO - [2024-09-28T19:58:22.546+0000] {dag.py:4180} INFO - Setting next_dagrun for example_branch_labels to 2024-09-27 00:00:00+00:00, run_after=2024-09-28 00:00:00+00:00
[2024-09-28T19:58:22.557+0000] {processor.py:208} INFO - Processing /home/airflow/.local/lib/python3.12/site-packages/airflow/example_dags/example_branch_labels.py took 0.052 seconds
[2024-09-28T19:58:52.649+0000] {processor.py:186} INFO - Started process (PID=847) to work on /home/airflow/.local/lib/python3.12/site-packages/airflow/example_dags/example_branch_labels.py
[2024-09-28T19:58:52.649+0000] {processor.py:914} INFO - Processing file /home/airflow/.local/lib/python3.12/site-packages/airflow/example_dags/example_branch_labels.py for tasks to queue
[2024-09-28T19:58:52.651+0000] {logging_mixin.py:190} INFO - [2024-09-28T19:58:52.651+0000] {dagbag.py:588} INFO - Filling up the DagBag from /home/airflow/.local/lib/python3.12/site-packages/airflow/example_dags/example_branch_labels.py
[2024-09-28T19:58:52.657+0000] {processor.py:925} INFO - DAG(s) 'example_branch_labels' retrieved from /home/airflow/.local/lib/python3.12/site-packages/airflow/example_dags/example_branch_labels.py
[2024-09-28T19:58:52.669+0000] {logging_mixin.py:190} INFO - [2024-09-28T19:58:52.669+0000] {dag.py:3239} INFO - Sync 1 DAGs
[2024-09-28T19:58:52.684+0000] {logging_mixin.py:190} INFO - [2024-09-28T19:58:52.684+0000] {dag.py:4180} INFO - Setting next_dagrun for example_branch_labels to 2024-09-27 00:00:00+00:00, run_after=2024-09-28 00:00:00+00:00
[2024-09-28T19:58:52.695+0000] {processor.py:208} INFO - Processing /home/airflow/.local/lib/python3.12/site-packages/airflow/example_dags/example_branch_labels.py took 0.050 seconds
[2024-09-28T19:59:23.139+0000] {processor.py:186} INFO - Started process (PID=912) to work on /home/airflow/.local/lib/python3.12/site-packages/airflow/example_dags/example_branch_labels.py
[2024-09-28T19:59:23.140+0000] {processor.py:914} INFO - Processing file /home/airflow/.local/lib/python3.12/site-packages/airflow/example_dags/example_branch_labels.py for tasks to queue
[2024-09-28T19:59:23.142+0000] {logging_mixin.py:190} INFO - [2024-09-28T19:59:23.142+0000] {dagbag.py:588} INFO - Filling up the DagBag from /home/airflow/.local/lib/python3.12/site-packages/airflow/example_dags/example_branch_labels.py
[2024-09-28T19:59:23.148+0000] {processor.py:925} INFO - DAG(s) 'example_branch_labels' retrieved from /home/airflow/.local/lib/python3.12/site-packages/airflow/example_dags/example_branch_labels.py
[2024-09-28T19:59:23.161+0000] {logging_mixin.py:190} INFO - [2024-09-28T19:59:23.160+0000] {dag.py:3239} INFO - Sync 1 DAGs
[2024-09-28T19:59:23.175+0000] {logging_mixin.py:190} INFO - [2024-09-28T19:59:23.175+0000] {dag.py:4180} INFO - Setting next_dagrun for example_branch_labels to 2024-09-27 00:00:00+00:00, run_after=2024-09-28 00:00:00+00:00
[2024-09-28T19:59:23.187+0000] {processor.py:208} INFO - Processing /home/airflow/.local/lib/python3.12/site-packages/airflow/example_dags/example_branch_labels.py took 0.052 seconds
[2024-09-28T19:59:53.340+0000] {processor.py:186} INFO - Started process (PID=977) to work on /home/airflow/.local/lib/python3.12/site-packages/airflow/example_dags/example_branch_labels.py
[2024-09-28T19:59:53.341+0000] {processor.py:914} INFO - Processing file /home/airflow/.local/lib/python3.12/site-packages/airflow/example_dags/example_branch_labels.py for tasks to queue
[2024-09-28T19:59:53.342+0000] {logging_mixin.py:190} INFO - [2024-09-28T19:59:53.342+0000] {dagbag.py:588} INFO - Filling up the DagBag from /home/airflow/.local/lib/python3.12/site-packages/airflow/example_dags/example_branch_labels.py
[2024-09-28T19:59:53.349+0000] {processor.py:925} INFO - DAG(s) 'example_branch_labels' retrieved from /home/airflow/.local/lib/python3.12/site-packages/airflow/example_dags/example_branch_labels.py
[2024-09-28T19:59:53.362+0000] {logging_mixin.py:190} INFO - [2024-09-28T19:59:53.362+0000] {dag.py:3239} INFO - Sync 1 DAGs
[2024-09-28T19:59:53.378+0000] {logging_mixin.py:190} INFO - [2024-09-28T19:59:53.378+0000] {dag.py:4180} INFO - Setting next_dagrun for example_branch_labels to 2024-09-27 00:00:00+00:00, run_after=2024-09-28 00:00:00+00:00
[2024-09-28T19:59:53.389+0000] {processor.py:208} INFO - Processing /home/airflow/.local/lib/python3.12/site-packages/airflow/example_dags/example_branch_labels.py took 0.053 seconds
[2024-09-28T20:05:07.898+0000] {processor.py:186} INFO - Started process (PID=60) to work on /home/airflow/.local/lib/python3.12/site-packages/airflow/example_dags/example_branch_labels.py
[2024-09-28T20:05:07.899+0000] {processor.py:914} INFO - Processing file /home/airflow/.local/lib/python3.12/site-packages/airflow/example_dags/example_branch_labels.py for tasks to queue
[2024-09-28T20:05:07.901+0000] {logging_mixin.py:190} INFO - [2024-09-28T20:05:07.901+0000] {dagbag.py:588} INFO - Filling up the DagBag from /home/airflow/.local/lib/python3.12/site-packages/airflow/example_dags/example_branch_labels.py
[2024-09-28T20:05:07.908+0000] {processor.py:925} INFO - DAG(s) 'example_branch_labels' retrieved from /home/airflow/.local/lib/python3.12/site-packages/airflow/example_dags/example_branch_labels.py
[2024-09-28T20:05:07.926+0000] {logging_mixin.py:190} INFO - [2024-09-28T20:05:07.926+0000] {dag.py:3239} INFO - Sync 1 DAGs
[2024-09-28T20:05:07.942+0000] {logging_mixin.py:190} INFO - [2024-09-28T20:05:07.942+0000] {dag.py:4180} INFO - Setting next_dagrun for example_branch_labels to 2024-09-27 00:00:00+00:00, run_after=2024-09-28 00:00:00+00:00
[2024-09-28T20:05:07.954+0000] {processor.py:208} INFO - Processing /home/airflow/.local/lib/python3.12/site-packages/airflow/example_dags/example_branch_labels.py took 0.061 seconds
[2024-09-28T20:05:38.600+0000] {processor.py:186} INFO - Started process (PID=125) to work on /home/airflow/.local/lib/python3.12/site-packages/airflow/example_dags/example_branch_labels.py
[2024-09-28T20:05:38.602+0000] {processor.py:914} INFO - Processing file /home/airflow/.local/lib/python3.12/site-packages/airflow/example_dags/example_branch_labels.py for tasks to queue
[2024-09-28T20:05:38.605+0000] {logging_mixin.py:190} INFO - [2024-09-28T20:05:38.604+0000] {dagbag.py:588} INFO - Filling up the DagBag from /home/airflow/.local/lib/python3.12/site-packages/airflow/example_dags/example_branch_labels.py
[2024-09-28T20:05:38.614+0000] {processor.py:925} INFO - DAG(s) 'example_branch_labels' retrieved from /home/airflow/.local/lib/python3.12/site-packages/airflow/example_dags/example_branch_labels.py
[2024-09-28T20:05:38.632+0000] {logging_mixin.py:190} INFO - [2024-09-28T20:05:38.631+0000] {dag.py:3239} INFO - Sync 1 DAGs
[2024-09-28T20:05:38.652+0000] {logging_mixin.py:190} INFO - [2024-09-28T20:05:38.652+0000] {dag.py:4180} INFO - Setting next_dagrun for example_branch_labels to 2024-09-27 00:00:00+00:00, run_after=2024-09-28 00:00:00+00:00
[2024-09-28T20:05:38.667+0000] {processor.py:208} INFO - Processing /home/airflow/.local/lib/python3.12/site-packages/airflow/example_dags/example_branch_labels.py took 0.071 seconds
[2024-09-28T20:06:09.048+0000] {processor.py:186} INFO - Started process (PID=196) to work on /home/airflow/.local/lib/python3.12/site-packages/airflow/example_dags/example_branch_labels.py
[2024-09-28T20:06:09.049+0000] {processor.py:914} INFO - Processing file /home/airflow/.local/lib/python3.12/site-packages/airflow/example_dags/example_branch_labels.py for tasks to queue
[2024-09-28T20:06:09.051+0000] {logging_mixin.py:190} INFO - [2024-09-28T20:06:09.051+0000] {dagbag.py:588} INFO - Filling up the DagBag from /home/airflow/.local/lib/python3.12/site-packages/airflow/example_dags/example_branch_labels.py
[2024-09-28T20:06:09.057+0000] {processor.py:925} INFO - DAG(s) 'example_branch_labels' retrieved from /home/airflow/.local/lib/python3.12/site-packages/airflow/example_dags/example_branch_labels.py
[2024-09-28T20:06:09.070+0000] {logging_mixin.py:190} INFO - [2024-09-28T20:06:09.070+0000] {dag.py:3239} INFO - Sync 1 DAGs
[2024-09-28T20:06:09.085+0000] {logging_mixin.py:190} INFO - [2024-09-28T20:06:09.085+0000] {dag.py:4180} INFO - Setting next_dagrun for example_branch_labels to 2024-09-27 00:00:00+00:00, run_after=2024-09-28 00:00:00+00:00
[2024-09-28T20:06:09.097+0000] {processor.py:208} INFO - Processing /home/airflow/.local/lib/python3.12/site-packages/airflow/example_dags/example_branch_labels.py took 0.052 seconds
[2024-09-28T20:06:39.599+0000] {processor.py:186} INFO - Started process (PID=262) to work on /home/airflow/.local/lib/python3.12/site-packages/airflow/example_dags/example_branch_labels.py
[2024-09-28T20:06:39.600+0000] {processor.py:914} INFO - Processing file /home/airflow/.local/lib/python3.12/site-packages/airflow/example_dags/example_branch_labels.py for tasks to queue
[2024-09-28T20:06:39.601+0000] {logging_mixin.py:190} INFO - [2024-09-28T20:06:39.601+0000] {dagbag.py:588} INFO - Filling up the DagBag from /home/airflow/.local/lib/python3.12/site-packages/airflow/example_dags/example_branch_labels.py
[2024-09-28T20:06:39.607+0000] {processor.py:925} INFO - DAG(s) 'example_branch_labels' retrieved from /home/airflow/.local/lib/python3.12/site-packages/airflow/example_dags/example_branch_labels.py
[2024-09-28T20:06:39.621+0000] {logging_mixin.py:190} INFO - [2024-09-28T20:06:39.620+0000] {dag.py:3239} INFO - Sync 1 DAGs
[2024-09-28T20:06:39.635+0000] {logging_mixin.py:190} INFO - [2024-09-28T20:06:39.635+0000] {dag.py:4180} INFO - Setting next_dagrun for example_branch_labels to 2024-09-27 00:00:00+00:00, run_after=2024-09-28 00:00:00+00:00
[2024-09-28T20:06:39.647+0000] {processor.py:208} INFO - Processing /home/airflow/.local/lib/python3.12/site-packages/airflow/example_dags/example_branch_labels.py took 0.052 seconds
[2024-09-28T20:07:09.797+0000] {processor.py:186} INFO - Started process (PID=327) to work on /home/airflow/.local/lib/python3.12/site-packages/airflow/example_dags/example_branch_labels.py
[2024-09-28T20:07:09.798+0000] {processor.py:914} INFO - Processing file /home/airflow/.local/lib/python3.12/site-packages/airflow/example_dags/example_branch_labels.py for tasks to queue
[2024-09-28T20:07:09.800+0000] {logging_mixin.py:190} INFO - [2024-09-28T20:07:09.799+0000] {dagbag.py:588} INFO - Filling up the DagBag from /home/airflow/.local/lib/python3.12/site-packages/airflow/example_dags/example_branch_labels.py
[2024-09-28T20:07:09.805+0000] {processor.py:925} INFO - DAG(s) 'example_branch_labels' retrieved from /home/airflow/.local/lib/python3.12/site-packages/airflow/example_dags/example_branch_labels.py
[2024-09-28T20:07:09.817+0000] {logging_mixin.py:190} INFO - [2024-09-28T20:07:09.817+0000] {dag.py:3239} INFO - Sync 1 DAGs
[2024-09-28T20:07:09.832+0000] {logging_mixin.py:190} INFO - [2024-09-28T20:07:09.832+0000] {dag.py:4180} INFO - Setting next_dagrun for example_branch_labels to 2024-09-27 00:00:00+00:00, run_after=2024-09-28 00:00:00+00:00
[2024-09-28T20:07:09.843+0000] {processor.py:208} INFO - Processing /home/airflow/.local/lib/python3.12/site-packages/airflow/example_dags/example_branch_labels.py took 0.049 seconds
[2024-09-28T20:07:40.665+0000] {processor.py:186} INFO - Started process (PID=392) to work on /home/airflow/.local/lib/python3.12/site-packages/airflow/example_dags/example_branch_labels.py
[2024-09-28T20:07:40.667+0000] {processor.py:914} INFO - Processing file /home/airflow/.local/lib/python3.12/site-packages/airflow/example_dags/example_branch_labels.py for tasks to queue
[2024-09-28T20:07:40.671+0000] {logging_mixin.py:190} INFO - [2024-09-28T20:07:40.671+0000] {dagbag.py:588} INFO - Filling up the DagBag from /home/airflow/.local/lib/python3.12/site-packages/airflow/example_dags/example_branch_labels.py
[2024-09-28T20:07:40.678+0000] {processor.py:925} INFO - DAG(s) 'example_branch_labels' retrieved from /home/airflow/.local/lib/python3.12/site-packages/airflow/example_dags/example_branch_labels.py
[2024-09-28T20:07:40.693+0000] {logging_mixin.py:190} INFO - [2024-09-28T20:07:40.693+0000] {dag.py:3239} INFO - Sync 1 DAGs
[2024-09-28T20:07:40.709+0000] {logging_mixin.py:190} INFO - [2024-09-28T20:07:40.709+0000] {dag.py:4180} INFO - Setting next_dagrun for example_branch_labels to 2024-09-27 00:00:00+00:00, run_after=2024-09-28 00:00:00+00:00
[2024-09-28T20:07:40.722+0000] {processor.py:208} INFO - Processing /home/airflow/.local/lib/python3.12/site-packages/airflow/example_dags/example_branch_labels.py took 0.061 seconds
[2024-09-28T20:08:11.067+0000] {processor.py:186} INFO - Started process (PID=457) to work on /home/airflow/.local/lib/python3.12/site-packages/airflow/example_dags/example_branch_labels.py
[2024-09-28T20:08:11.068+0000] {processor.py:914} INFO - Processing file /home/airflow/.local/lib/python3.12/site-packages/airflow/example_dags/example_branch_labels.py for tasks to queue
[2024-09-28T20:08:11.070+0000] {logging_mixin.py:190} INFO - [2024-09-28T20:08:11.069+0000] {dagbag.py:588} INFO - Filling up the DagBag from /home/airflow/.local/lib/python3.12/site-packages/airflow/example_dags/example_branch_labels.py
[2024-09-28T20:08:11.076+0000] {processor.py:925} INFO - DAG(s) 'example_branch_labels' retrieved from /home/airflow/.local/lib/python3.12/site-packages/airflow/example_dags/example_branch_labels.py
[2024-09-28T20:08:11.090+0000] {logging_mixin.py:190} INFO - [2024-09-28T20:08:11.090+0000] {dag.py:3239} INFO - Sync 1 DAGs
[2024-09-28T20:08:11.109+0000] {logging_mixin.py:190} INFO - [2024-09-28T20:08:11.109+0000] {dag.py:4180} INFO - Setting next_dagrun for example_branch_labels to 2024-09-27 00:00:00+00:00, run_after=2024-09-28 00:00:00+00:00
[2024-09-28T20:08:11.122+0000] {processor.py:208} INFO - Processing /home/airflow/.local/lib/python3.12/site-packages/airflow/example_dags/example_branch_labels.py took 0.059 seconds
[2024-09-28T20:08:41.569+0000] {processor.py:186} INFO - Started process (PID=522) to work on /home/airflow/.local/lib/python3.12/site-packages/airflow/example_dags/example_branch_labels.py
[2024-09-28T20:08:41.570+0000] {processor.py:914} INFO - Processing file /home/airflow/.local/lib/python3.12/site-packages/airflow/example_dags/example_branch_labels.py for tasks to queue
[2024-09-28T20:08:41.571+0000] {logging_mixin.py:190} INFO - [2024-09-28T20:08:41.571+0000] {dagbag.py:588} INFO - Filling up the DagBag from /home/airflow/.local/lib/python3.12/site-packages/airflow/example_dags/example_branch_labels.py
[2024-09-28T20:08:41.577+0000] {processor.py:925} INFO - DAG(s) 'example_branch_labels' retrieved from /home/airflow/.local/lib/python3.12/site-packages/airflow/example_dags/example_branch_labels.py
[2024-09-28T20:08:41.591+0000] {logging_mixin.py:190} INFO - [2024-09-28T20:08:41.591+0000] {dag.py:3239} INFO - Sync 1 DAGs
[2024-09-28T20:08:41.606+0000] {logging_mixin.py:190} INFO - [2024-09-28T20:08:41.605+0000] {dag.py:4180} INFO - Setting next_dagrun for example_branch_labels to 2024-09-27 00:00:00+00:00, run_after=2024-09-28 00:00:00+00:00
[2024-09-28T20:08:41.619+0000] {processor.py:208} INFO - Processing /home/airflow/.local/lib/python3.12/site-packages/airflow/example_dags/example_branch_labels.py took 0.054 seconds
[2024-09-28T20:09:11.860+0000] {processor.py:186} INFO - Started process (PID=587) to work on /home/airflow/.local/lib/python3.12/site-packages/airflow/example_dags/example_branch_labels.py
[2024-09-28T20:09:11.861+0000] {processor.py:914} INFO - Processing file /home/airflow/.local/lib/python3.12/site-packages/airflow/example_dags/example_branch_labels.py for tasks to queue
[2024-09-28T20:09:11.863+0000] {logging_mixin.py:190} INFO - [2024-09-28T20:09:11.862+0000] {dagbag.py:588} INFO - Filling up the DagBag from /home/airflow/.local/lib/python3.12/site-packages/airflow/example_dags/example_branch_labels.py
[2024-09-28T20:09:11.870+0000] {processor.py:925} INFO - DAG(s) 'example_branch_labels' retrieved from /home/airflow/.local/lib/python3.12/site-packages/airflow/example_dags/example_branch_labels.py
[2024-09-28T20:09:11.885+0000] {logging_mixin.py:190} INFO - [2024-09-28T20:09:11.884+0000] {dag.py:3239} INFO - Sync 1 DAGs
[2024-09-28T20:09:11.901+0000] {logging_mixin.py:190} INFO - [2024-09-28T20:09:11.901+0000] {dag.py:4180} INFO - Setting next_dagrun for example_branch_labels to 2024-09-27 00:00:00+00:00, run_after=2024-09-28 00:00:00+00:00
[2024-09-28T20:09:11.920+0000] {processor.py:208} INFO - Processing /home/airflow/.local/lib/python3.12/site-packages/airflow/example_dags/example_branch_labels.py took 0.065 seconds
[2024-09-28T20:09:42.362+0000] {processor.py:186} INFO - Started process (PID=652) to work on /home/airflow/.local/lib/python3.12/site-packages/airflow/example_dags/example_branch_labels.py
[2024-09-28T20:09:42.363+0000] {processor.py:914} INFO - Processing file /home/airflow/.local/lib/python3.12/site-packages/airflow/example_dags/example_branch_labels.py for tasks to queue
[2024-09-28T20:09:42.365+0000] {logging_mixin.py:190} INFO - [2024-09-28T20:09:42.365+0000] {dagbag.py:588} INFO - Filling up the DagBag from /home/airflow/.local/lib/python3.12/site-packages/airflow/example_dags/example_branch_labels.py
[2024-09-28T20:09:42.371+0000] {processor.py:925} INFO - DAG(s) 'example_branch_labels' retrieved from /home/airflow/.local/lib/python3.12/site-packages/airflow/example_dags/example_branch_labels.py
[2024-09-28T20:09:42.385+0000] {logging_mixin.py:190} INFO - [2024-09-28T20:09:42.384+0000] {dag.py:3239} INFO - Sync 1 DAGs
[2024-09-28T20:09:42.401+0000] {logging_mixin.py:190} INFO - [2024-09-28T20:09:42.401+0000] {dag.py:4180} INFO - Setting next_dagrun for example_branch_labels to 2024-09-27 00:00:00+00:00, run_after=2024-09-28 00:00:00+00:00
[2024-09-28T20:09:42.414+0000] {processor.py:208} INFO - Processing /home/airflow/.local/lib/python3.12/site-packages/airflow/example_dags/example_branch_labels.py took 0.055 seconds
[2024-09-28T20:10:12.653+0000] {processor.py:186} INFO - Started process (PID=718) to work on /home/airflow/.local/lib/python3.12/site-packages/airflow/example_dags/example_branch_labels.py
[2024-09-28T20:10:12.654+0000] {processor.py:914} INFO - Processing file /home/airflow/.local/lib/python3.12/site-packages/airflow/example_dags/example_branch_labels.py for tasks to queue
[2024-09-28T20:10:12.656+0000] {logging_mixin.py:190} INFO - [2024-09-28T20:10:12.655+0000] {dagbag.py:588} INFO - Filling up the DagBag from /home/airflow/.local/lib/python3.12/site-packages/airflow/example_dags/example_branch_labels.py
[2024-09-28T20:10:12.662+0000] {processor.py:925} INFO - DAG(s) 'example_branch_labels' retrieved from /home/airflow/.local/lib/python3.12/site-packages/airflow/example_dags/example_branch_labels.py
[2024-09-28T20:10:12.675+0000] {logging_mixin.py:190} INFO - [2024-09-28T20:10:12.675+0000] {dag.py:3239} INFO - Sync 1 DAGs
[2024-09-28T20:10:12.690+0000] {logging_mixin.py:190} INFO - [2024-09-28T20:10:12.690+0000] {dag.py:4180} INFO - Setting next_dagrun for example_branch_labels to 2024-09-27 00:00:00+00:00, run_after=2024-09-28 00:00:00+00:00
[2024-09-28T20:10:12.701+0000] {processor.py:208} INFO - Processing /home/airflow/.local/lib/python3.12/site-packages/airflow/example_dags/example_branch_labels.py took 0.052 seconds
[2024-09-28T20:10:42.945+0000] {processor.py:186} INFO - Started process (PID=784) to work on /home/airflow/.local/lib/python3.12/site-packages/airflow/example_dags/example_branch_labels.py
[2024-09-28T20:10:42.947+0000] {processor.py:914} INFO - Processing file /home/airflow/.local/lib/python3.12/site-packages/airflow/example_dags/example_branch_labels.py for tasks to queue
[2024-09-28T20:10:42.949+0000] {logging_mixin.py:190} INFO - [2024-09-28T20:10:42.948+0000] {dagbag.py:588} INFO - Filling up the DagBag from /home/airflow/.local/lib/python3.12/site-packages/airflow/example_dags/example_branch_labels.py
[2024-09-28T20:10:42.956+0000] {processor.py:925} INFO - DAG(s) 'example_branch_labels' retrieved from /home/airflow/.local/lib/python3.12/site-packages/airflow/example_dags/example_branch_labels.py
[2024-09-28T20:10:42.971+0000] {logging_mixin.py:190} INFO - [2024-09-28T20:10:42.971+0000] {dag.py:3239} INFO - Sync 1 DAGs
[2024-09-28T20:10:42.988+0000] {logging_mixin.py:190} INFO - [2024-09-28T20:10:42.988+0000] {dag.py:4180} INFO - Setting next_dagrun for example_branch_labels to 2024-09-27 00:00:00+00:00, run_after=2024-09-28 00:00:00+00:00
[2024-09-28T20:10:43.002+0000] {processor.py:208} INFO - Processing /home/airflow/.local/lib/python3.12/site-packages/airflow/example_dags/example_branch_labels.py took 0.061 seconds
[2024-09-28T20:11:13.167+0000] {processor.py:186} INFO - Started process (PID=854) to work on /home/airflow/.local/lib/python3.12/site-packages/airflow/example_dags/example_branch_labels.py
[2024-09-28T20:11:13.168+0000] {processor.py:914} INFO - Processing file /home/airflow/.local/lib/python3.12/site-packages/airflow/example_dags/example_branch_labels.py for tasks to queue
[2024-09-28T20:11:13.171+0000] {logging_mixin.py:190} INFO - [2024-09-28T20:11:13.170+0000] {dagbag.py:588} INFO - Filling up the DagBag from /home/airflow/.local/lib/python3.12/site-packages/airflow/example_dags/example_branch_labels.py
[2024-09-28T20:11:13.181+0000] {processor.py:925} INFO - DAG(s) 'example_branch_labels' retrieved from /home/airflow/.local/lib/python3.12/site-packages/airflow/example_dags/example_branch_labels.py
[2024-09-28T20:11:13.202+0000] {logging_mixin.py:190} INFO - [2024-09-28T20:11:13.202+0000] {dag.py:3239} INFO - Sync 1 DAGs
[2024-09-28T20:11:13.225+0000] {logging_mixin.py:190} INFO - [2024-09-28T20:11:13.224+0000] {dag.py:4180} INFO - Setting next_dagrun for example_branch_labels to 2024-09-27 00:00:00+00:00, run_after=2024-09-28 00:00:00+00:00
[2024-09-28T20:11:13.244+0000] {processor.py:208} INFO - Processing /home/airflow/.local/lib/python3.12/site-packages/airflow/example_dags/example_branch_labels.py took 0.084 seconds
[2024-09-28T20:11:43.649+0000] {processor.py:186} INFO - Started process (PID=921) to work on /home/airflow/.local/lib/python3.12/site-packages/airflow/example_dags/example_branch_labels.py
[2024-09-28T20:11:43.650+0000] {processor.py:914} INFO - Processing file /home/airflow/.local/lib/python3.12/site-packages/airflow/example_dags/example_branch_labels.py for tasks to queue
[2024-09-28T20:11:43.651+0000] {logging_mixin.py:190} INFO - [2024-09-28T20:11:43.651+0000] {dagbag.py:588} INFO - Filling up the DagBag from /home/airflow/.local/lib/python3.12/site-packages/airflow/example_dags/example_branch_labels.py
[2024-09-28T20:11:43.658+0000] {processor.py:925} INFO - DAG(s) 'example_branch_labels' retrieved from /home/airflow/.local/lib/python3.12/site-packages/airflow/example_dags/example_branch_labels.py
[2024-09-28T20:11:43.671+0000] {logging_mixin.py:190} INFO - [2024-09-28T20:11:43.671+0000] {dag.py:3239} INFO - Sync 1 DAGs
[2024-09-28T20:11:43.688+0000] {logging_mixin.py:190} INFO - [2024-09-28T20:11:43.687+0000] {dag.py:4180} INFO - Setting next_dagrun for example_branch_labels to 2024-09-27 00:00:00+00:00, run_after=2024-09-28 00:00:00+00:00
[2024-09-28T20:11:43.704+0000] {processor.py:208} INFO - Processing /home/airflow/.local/lib/python3.12/site-packages/airflow/example_dags/example_branch_labels.py took 0.059 seconds
[2024-09-28T20:12:13.939+0000] {processor.py:186} INFO - Started process (PID=987) to work on /home/airflow/.local/lib/python3.12/site-packages/airflow/example_dags/example_branch_labels.py
[2024-09-28T20:12:13.940+0000] {processor.py:914} INFO - Processing file /home/airflow/.local/lib/python3.12/site-packages/airflow/example_dags/example_branch_labels.py for tasks to queue
[2024-09-28T20:12:13.942+0000] {logging_mixin.py:190} INFO - [2024-09-28T20:12:13.942+0000] {dagbag.py:588} INFO - Filling up the DagBag from /home/airflow/.local/lib/python3.12/site-packages/airflow/example_dags/example_branch_labels.py
[2024-09-28T20:12:13.948+0000] {processor.py:925} INFO - DAG(s) 'example_branch_labels' retrieved from /home/airflow/.local/lib/python3.12/site-packages/airflow/example_dags/example_branch_labels.py
[2024-09-28T20:12:13.963+0000] {logging_mixin.py:190} INFO - [2024-09-28T20:12:13.963+0000] {dag.py:3239} INFO - Sync 1 DAGs
[2024-09-28T20:12:13.979+0000] {logging_mixin.py:190} INFO - [2024-09-28T20:12:13.979+0000] {dag.py:4180} INFO - Setting next_dagrun for example_branch_labels to 2024-09-27 00:00:00+00:00, run_after=2024-09-28 00:00:00+00:00
[2024-09-28T20:12:13.992+0000] {processor.py:208} INFO - Processing /home/airflow/.local/lib/python3.12/site-packages/airflow/example_dags/example_branch_labels.py took 0.056 seconds
[2024-09-28T20:12:44.177+0000] {processor.py:186} INFO - Started process (PID=1053) to work on /home/airflow/.local/lib/python3.12/site-packages/airflow/example_dags/example_branch_labels.py
[2024-09-28T20:12:44.178+0000] {processor.py:914} INFO - Processing file /home/airflow/.local/lib/python3.12/site-packages/airflow/example_dags/example_branch_labels.py for tasks to queue
[2024-09-28T20:12:44.180+0000] {logging_mixin.py:190} INFO - [2024-09-28T20:12:44.180+0000] {dagbag.py:588} INFO - Filling up the DagBag from /home/airflow/.local/lib/python3.12/site-packages/airflow/example_dags/example_branch_labels.py
[2024-09-28T20:12:44.187+0000] {processor.py:925} INFO - DAG(s) 'example_branch_labels' retrieved from /home/airflow/.local/lib/python3.12/site-packages/airflow/example_dags/example_branch_labels.py
[2024-09-28T20:12:44.201+0000] {logging_mixin.py:190} INFO - [2024-09-28T20:12:44.200+0000] {dag.py:3239} INFO - Sync 1 DAGs
[2024-09-28T20:12:44.216+0000] {logging_mixin.py:190} INFO - [2024-09-28T20:12:44.216+0000] {dag.py:4180} INFO - Setting next_dagrun for example_branch_labels to 2024-09-27 00:00:00+00:00, run_after=2024-09-28 00:00:00+00:00
[2024-09-28T20:12:44.228+0000] {processor.py:208} INFO - Processing /home/airflow/.local/lib/python3.12/site-packages/airflow/example_dags/example_branch_labels.py took 0.055 seconds
[2024-09-28T20:13:14.340+0000] {processor.py:186} INFO - Started process (PID=1119) to work on /home/airflow/.local/lib/python3.12/site-packages/airflow/example_dags/example_branch_labels.py
[2024-09-28T20:13:14.340+0000] {processor.py:914} INFO - Processing file /home/airflow/.local/lib/python3.12/site-packages/airflow/example_dags/example_branch_labels.py for tasks to queue
[2024-09-28T20:13:14.342+0000] {logging_mixin.py:190} INFO - [2024-09-28T20:13:14.342+0000] {dagbag.py:588} INFO - Filling up the DagBag from /home/airflow/.local/lib/python3.12/site-packages/airflow/example_dags/example_branch_labels.py
[2024-09-28T20:13:14.349+0000] {processor.py:925} INFO - DAG(s) 'example_branch_labels' retrieved from /home/airflow/.local/lib/python3.12/site-packages/airflow/example_dags/example_branch_labels.py
[2024-09-28T20:13:14.362+0000] {logging_mixin.py:190} INFO - [2024-09-28T20:13:14.362+0000] {dag.py:3239} INFO - Sync 1 DAGs
[2024-09-28T20:13:14.381+0000] {logging_mixin.py:190} INFO - [2024-09-28T20:13:14.381+0000] {dag.py:4180} INFO - Setting next_dagrun for example_branch_labels to 2024-09-27 00:00:00+00:00, run_after=2024-09-28 00:00:00+00:00
[2024-09-28T20:13:14.393+0000] {processor.py:208} INFO - Processing /home/airflow/.local/lib/python3.12/site-packages/airflow/example_dags/example_branch_labels.py took 0.056 seconds
[2024-09-28T20:13:44.612+0000] {processor.py:186} INFO - Started process (PID=1184) to work on /home/airflow/.local/lib/python3.12/site-packages/airflow/example_dags/example_branch_labels.py
[2024-09-28T20:13:44.613+0000] {processor.py:914} INFO - Processing file /home/airflow/.local/lib/python3.12/site-packages/airflow/example_dags/example_branch_labels.py for tasks to queue
[2024-09-28T20:13:44.615+0000] {logging_mixin.py:190} INFO - [2024-09-28T20:13:44.615+0000] {dagbag.py:588} INFO - Filling up the DagBag from /home/airflow/.local/lib/python3.12/site-packages/airflow/example_dags/example_branch_labels.py
[2024-09-28T20:13:44.623+0000] {processor.py:925} INFO - DAG(s) 'example_branch_labels' retrieved from /home/airflow/.local/lib/python3.12/site-packages/airflow/example_dags/example_branch_labels.py
[2024-09-28T20:13:44.637+0000] {logging_mixin.py:190} INFO - [2024-09-28T20:13:44.637+0000] {dag.py:3239} INFO - Sync 1 DAGs
[2024-09-28T20:13:44.652+0000] {logging_mixin.py:190} INFO - [2024-09-28T20:13:44.652+0000] {dag.py:4180} INFO - Setting next_dagrun for example_branch_labels to 2024-09-27 00:00:00+00:00, run_after=2024-09-28 00:00:00+00:00
[2024-09-28T20:13:44.663+0000] {processor.py:208} INFO - Processing /home/airflow/.local/lib/python3.12/site-packages/airflow/example_dags/example_branch_labels.py took 0.054 seconds
[2024-09-28T20:14:14.958+0000] {processor.py:186} INFO - Started process (PID=1250) to work on /home/airflow/.local/lib/python3.12/site-packages/airflow/example_dags/example_branch_labels.py
[2024-09-28T20:14:14.959+0000] {processor.py:914} INFO - Processing file /home/airflow/.local/lib/python3.12/site-packages/airflow/example_dags/example_branch_labels.py for tasks to queue
[2024-09-28T20:14:14.961+0000] {logging_mixin.py:190} INFO - [2024-09-28T20:14:14.960+0000] {dagbag.py:588} INFO - Filling up the DagBag from /home/airflow/.local/lib/python3.12/site-packages/airflow/example_dags/example_branch_labels.py
[2024-09-28T20:14:14.967+0000] {processor.py:925} INFO - DAG(s) 'example_branch_labels' retrieved from /home/airflow/.local/lib/python3.12/site-packages/airflow/example_dags/example_branch_labels.py
[2024-09-28T20:14:14.981+0000] {logging_mixin.py:190} INFO - [2024-09-28T20:14:14.981+0000] {dag.py:3239} INFO - Sync 1 DAGs
[2024-09-28T20:14:14.999+0000] {logging_mixin.py:190} INFO - [2024-09-28T20:14:14.999+0000] {dag.py:4180} INFO - Setting next_dagrun for example_branch_labels to 2024-09-27 00:00:00+00:00, run_after=2024-09-28 00:00:00+00:00
[2024-09-28T20:14:15.011+0000] {processor.py:208} INFO - Processing /home/airflow/.local/lib/python3.12/site-packages/airflow/example_dags/example_branch_labels.py took 0.057 seconds
[2024-09-28T20:14:45.318+0000] {processor.py:186} INFO - Started process (PID=1316) to work on /home/airflow/.local/lib/python3.12/site-packages/airflow/example_dags/example_branch_labels.py
[2024-09-28T20:14:45.318+0000] {processor.py:914} INFO - Processing file /home/airflow/.local/lib/python3.12/site-packages/airflow/example_dags/example_branch_labels.py for tasks to queue
[2024-09-28T20:14:45.320+0000] {logging_mixin.py:190} INFO - [2024-09-28T20:14:45.320+0000] {dagbag.py:588} INFO - Filling up the DagBag from /home/airflow/.local/lib/python3.12/site-packages/airflow/example_dags/example_branch_labels.py
[2024-09-28T20:14:45.327+0000] {processor.py:925} INFO - DAG(s) 'example_branch_labels' retrieved from /home/airflow/.local/lib/python3.12/site-packages/airflow/example_dags/example_branch_labels.py
[2024-09-28T20:14:45.343+0000] {logging_mixin.py:190} INFO - [2024-09-28T20:14:45.343+0000] {dag.py:3239} INFO - Sync 1 DAGs
[2024-09-28T20:14:45.360+0000] {logging_mixin.py:190} INFO - [2024-09-28T20:14:45.360+0000] {dag.py:4180} INFO - Setting next_dagrun for example_branch_labels to 2024-09-27 00:00:00+00:00, run_after=2024-09-28 00:00:00+00:00
[2024-09-28T20:14:45.373+0000] {processor.py:208} INFO - Processing /home/airflow/.local/lib/python3.12/site-packages/airflow/example_dags/example_branch_labels.py took 0.060 seconds
[2024-09-28T20:15:15.650+0000] {processor.py:186} INFO - Started process (PID=1382) to work on /home/airflow/.local/lib/python3.12/site-packages/airflow/example_dags/example_branch_labels.py
[2024-09-28T20:15:15.651+0000] {processor.py:914} INFO - Processing file /home/airflow/.local/lib/python3.12/site-packages/airflow/example_dags/example_branch_labels.py for tasks to queue
[2024-09-28T20:15:15.653+0000] {logging_mixin.py:190} INFO - [2024-09-28T20:15:15.652+0000] {dagbag.py:588} INFO - Filling up the DagBag from /home/airflow/.local/lib/python3.12/site-packages/airflow/example_dags/example_branch_labels.py
[2024-09-28T20:15:15.659+0000] {processor.py:925} INFO - DAG(s) 'example_branch_labels' retrieved from /home/airflow/.local/lib/python3.12/site-packages/airflow/example_dags/example_branch_labels.py
[2024-09-28T20:15:15.674+0000] {logging_mixin.py:190} INFO - [2024-09-28T20:15:15.674+0000] {dag.py:3239} INFO - Sync 1 DAGs
[2024-09-28T20:15:15.693+0000] {logging_mixin.py:190} INFO - [2024-09-28T20:15:15.693+0000] {dag.py:4180} INFO - Setting next_dagrun for example_branch_labels to 2024-09-27 00:00:00+00:00, run_after=2024-09-28 00:00:00+00:00
[2024-09-28T20:15:15.705+0000] {processor.py:208} INFO - Processing /home/airflow/.local/lib/python3.12/site-packages/airflow/example_dags/example_branch_labels.py took 0.060 seconds
[2024-09-28T20:15:46.160+0000] {processor.py:186} INFO - Started process (PID=1448) to work on /home/airflow/.local/lib/python3.12/site-packages/airflow/example_dags/example_branch_labels.py
[2024-09-28T20:15:46.162+0000] {processor.py:914} INFO - Processing file /home/airflow/.local/lib/python3.12/site-packages/airflow/example_dags/example_branch_labels.py for tasks to queue
[2024-09-28T20:15:46.165+0000] {logging_mixin.py:190} INFO - [2024-09-28T20:15:46.164+0000] {dagbag.py:588} INFO - Filling up the DagBag from /home/airflow/.local/lib/python3.12/site-packages/airflow/example_dags/example_branch_labels.py
[2024-09-28T20:15:46.173+0000] {processor.py:925} INFO - DAG(s) 'example_branch_labels' retrieved from /home/airflow/.local/lib/python3.12/site-packages/airflow/example_dags/example_branch_labels.py
[2024-09-28T20:15:46.192+0000] {logging_mixin.py:190} INFO - [2024-09-28T20:15:46.192+0000] {dag.py:3239} INFO - Sync 1 DAGs
[2024-09-28T20:15:46.217+0000] {logging_mixin.py:190} INFO - [2024-09-28T20:15:46.217+0000] {dag.py:4180} INFO - Setting next_dagrun for example_branch_labels to 2024-09-27 00:00:00+00:00, run_after=2024-09-28 00:00:00+00:00
[2024-09-28T20:15:46.237+0000] {processor.py:208} INFO - Processing /home/airflow/.local/lib/python3.12/site-packages/airflow/example_dags/example_branch_labels.py took 0.081 seconds
[2024-09-28T20:16:28.733+0000] {processor.py:186} INFO - Started process (PID=87) to work on /home/airflow/.local/lib/python3.12/site-packages/airflow/example_dags/example_branch_labels.py
[2024-09-28T20:16:28.734+0000] {processor.py:914} INFO - Processing file /home/airflow/.local/lib/python3.12/site-packages/airflow/example_dags/example_branch_labels.py for tasks to queue
[2024-09-28T20:16:28.735+0000] {logging_mixin.py:190} INFO - [2024-09-28T20:16:28.735+0000] {dagbag.py:588} INFO - Filling up the DagBag from /home/airflow/.local/lib/python3.12/site-packages/airflow/example_dags/example_branch_labels.py
[2024-09-28T20:16:28.744+0000] {processor.py:925} INFO - DAG(s) 'example_branch_labels' retrieved from /home/airflow/.local/lib/python3.12/site-packages/airflow/example_dags/example_branch_labels.py
[2024-09-28T20:16:28.761+0000] {logging_mixin.py:190} INFO - [2024-09-28T20:16:28.761+0000] {dag.py:3239} INFO - Sync 1 DAGs
[2024-09-28T20:16:28.777+0000] {logging_mixin.py:190} INFO - [2024-09-28T20:16:28.777+0000] {dag.py:4180} INFO - Setting next_dagrun for example_branch_labels to 2024-09-27 00:00:00+00:00, run_after=2024-09-28 00:00:00+00:00
[2024-09-28T20:16:28.789+0000] {processor.py:208} INFO - Processing /home/airflow/.local/lib/python3.12/site-packages/airflow/example_dags/example_branch_labels.py took 0.060 seconds
[2024-09-28T20:16:59.321+0000] {processor.py:186} INFO - Started process (PID=155) to work on /home/airflow/.local/lib/python3.12/site-packages/airflow/example_dags/example_branch_labels.py
[2024-09-28T20:16:59.322+0000] {processor.py:914} INFO - Processing file /home/airflow/.local/lib/python3.12/site-packages/airflow/example_dags/example_branch_labels.py for tasks to queue
[2024-09-28T20:16:59.323+0000] {logging_mixin.py:190} INFO - [2024-09-28T20:16:59.323+0000] {dagbag.py:588} INFO - Filling up the DagBag from /home/airflow/.local/lib/python3.12/site-packages/airflow/example_dags/example_branch_labels.py
[2024-09-28T20:16:59.329+0000] {processor.py:925} INFO - DAG(s) 'example_branch_labels' retrieved from /home/airflow/.local/lib/python3.12/site-packages/airflow/example_dags/example_branch_labels.py
[2024-09-28T20:16:59.342+0000] {logging_mixin.py:190} INFO - [2024-09-28T20:16:59.342+0000] {dag.py:3239} INFO - Sync 1 DAGs
[2024-09-28T20:16:59.357+0000] {logging_mixin.py:190} INFO - [2024-09-28T20:16:59.357+0000] {dag.py:4180} INFO - Setting next_dagrun for example_branch_labels to 2024-09-27 00:00:00+00:00, run_after=2024-09-28 00:00:00+00:00
[2024-09-28T20:16:59.369+0000] {processor.py:208} INFO - Processing /home/airflow/.local/lib/python3.12/site-packages/airflow/example_dags/example_branch_labels.py took 0.052 seconds
[2024-09-28T20:17:29.722+0000] {processor.py:186} INFO - Started process (PID=223) to work on /home/airflow/.local/lib/python3.12/site-packages/airflow/example_dags/example_branch_labels.py
[2024-09-28T20:17:29.723+0000] {processor.py:914} INFO - Processing file /home/airflow/.local/lib/python3.12/site-packages/airflow/example_dags/example_branch_labels.py for tasks to queue
[2024-09-28T20:17:29.725+0000] {logging_mixin.py:190} INFO - [2024-09-28T20:17:29.724+0000] {dagbag.py:588} INFO - Filling up the DagBag from /home/airflow/.local/lib/python3.12/site-packages/airflow/example_dags/example_branch_labels.py
[2024-09-28T20:17:29.731+0000] {processor.py:925} INFO - DAG(s) 'example_branch_labels' retrieved from /home/airflow/.local/lib/python3.12/site-packages/airflow/example_dags/example_branch_labels.py
[2024-09-28T20:17:29.746+0000] {logging_mixin.py:190} INFO - [2024-09-28T20:17:29.746+0000] {dag.py:3239} INFO - Sync 1 DAGs
[2024-09-28T20:17:29.764+0000] {logging_mixin.py:190} INFO - [2024-09-28T20:17:29.764+0000] {dag.py:4180} INFO - Setting next_dagrun for example_branch_labels to 2024-09-27 00:00:00+00:00, run_after=2024-09-28 00:00:00+00:00
[2024-09-28T20:17:29.782+0000] {processor.py:208} INFO - Processing /home/airflow/.local/lib/python3.12/site-packages/airflow/example_dags/example_branch_labels.py took 0.064 seconds
[2024-09-28T20:18:00.139+0000] {processor.py:186} INFO - Started process (PID=291) to work on /home/airflow/.local/lib/python3.12/site-packages/airflow/example_dags/example_branch_labels.py
[2024-09-28T20:18:00.140+0000] {processor.py:914} INFO - Processing file /home/airflow/.local/lib/python3.12/site-packages/airflow/example_dags/example_branch_labels.py for tasks to queue
[2024-09-28T20:18:00.141+0000] {logging_mixin.py:190} INFO - [2024-09-28T20:18:00.141+0000] {dagbag.py:588} INFO - Filling up the DagBag from /home/airflow/.local/lib/python3.12/site-packages/airflow/example_dags/example_branch_labels.py
[2024-09-28T20:18:00.147+0000] {processor.py:925} INFO - DAG(s) 'example_branch_labels' retrieved from /home/airflow/.local/lib/python3.12/site-packages/airflow/example_dags/example_branch_labels.py
[2024-09-28T20:18:00.160+0000] {logging_mixin.py:190} INFO - [2024-09-28T20:18:00.160+0000] {dag.py:3239} INFO - Sync 1 DAGs
[2024-09-28T20:18:00.177+0000] {logging_mixin.py:190} INFO - [2024-09-28T20:18:00.177+0000] {dag.py:4180} INFO - Setting next_dagrun for example_branch_labels to 2024-09-27 00:00:00+00:00, run_after=2024-09-28 00:00:00+00:00
[2024-09-28T20:18:00.190+0000] {processor.py:208} INFO - Processing /home/airflow/.local/lib/python3.12/site-packages/airflow/example_dags/example_branch_labels.py took 0.055 seconds
[2024-09-28T20:18:30.515+0000] {processor.py:186} INFO - Started process (PID=357) to work on /home/airflow/.local/lib/python3.12/site-packages/airflow/example_dags/example_branch_labels.py
[2024-09-28T20:18:30.516+0000] {processor.py:914} INFO - Processing file /home/airflow/.local/lib/python3.12/site-packages/airflow/example_dags/example_branch_labels.py for tasks to queue
[2024-09-28T20:18:30.517+0000] {logging_mixin.py:190} INFO - [2024-09-28T20:18:30.517+0000] {dagbag.py:588} INFO - Filling up the DagBag from /home/airflow/.local/lib/python3.12/site-packages/airflow/example_dags/example_branch_labels.py
[2024-09-28T20:18:30.523+0000] {processor.py:925} INFO - DAG(s) 'example_branch_labels' retrieved from /home/airflow/.local/lib/python3.12/site-packages/airflow/example_dags/example_branch_labels.py
[2024-09-28T20:18:30.537+0000] {logging_mixin.py:190} INFO - [2024-09-28T20:18:30.537+0000] {dag.py:3239} INFO - Sync 1 DAGs
[2024-09-28T20:18:30.552+0000] {logging_mixin.py:190} INFO - [2024-09-28T20:18:30.552+0000] {dag.py:4180} INFO - Setting next_dagrun for example_branch_labels to 2024-09-27 00:00:00+00:00, run_after=2024-09-28 00:00:00+00:00
[2024-09-28T20:18:30.563+0000] {processor.py:208} INFO - Processing /home/airflow/.local/lib/python3.12/site-packages/airflow/example_dags/example_branch_labels.py took 0.052 seconds
[2024-09-28T20:19:00.784+0000] {processor.py:186} INFO - Started process (PID=423) to work on /home/airflow/.local/lib/python3.12/site-packages/airflow/example_dags/example_branch_labels.py
[2024-09-28T20:19:00.785+0000] {processor.py:914} INFO - Processing file /home/airflow/.local/lib/python3.12/site-packages/airflow/example_dags/example_branch_labels.py for tasks to queue
[2024-09-28T20:19:00.786+0000] {logging_mixin.py:190} INFO - [2024-09-28T20:19:00.785+0000] {dagbag.py:588} INFO - Filling up the DagBag from /home/airflow/.local/lib/python3.12/site-packages/airflow/example_dags/example_branch_labels.py
[2024-09-28T20:19:00.791+0000] {processor.py:925} INFO - DAG(s) 'example_branch_labels' retrieved from /home/airflow/.local/lib/python3.12/site-packages/airflow/example_dags/example_branch_labels.py
[2024-09-28T20:19:00.803+0000] {logging_mixin.py:190} INFO - [2024-09-28T20:19:00.803+0000] {dag.py:3239} INFO - Sync 1 DAGs
[2024-09-28T20:19:00.818+0000] {logging_mixin.py:190} INFO - [2024-09-28T20:19:00.818+0000] {dag.py:4180} INFO - Setting next_dagrun for example_branch_labels to 2024-09-27 00:00:00+00:00, run_after=2024-09-28 00:00:00+00:00
[2024-09-28T20:19:00.828+0000] {processor.py:208} INFO - Processing /home/airflow/.local/lib/python3.12/site-packages/airflow/example_dags/example_branch_labels.py took 0.048 seconds
[2024-09-28T20:19:31.036+0000] {processor.py:186} INFO - Started process (PID=489) to work on /home/airflow/.local/lib/python3.12/site-packages/airflow/example_dags/example_branch_labels.py
[2024-09-28T20:19:31.037+0000] {processor.py:914} INFO - Processing file /home/airflow/.local/lib/python3.12/site-packages/airflow/example_dags/example_branch_labels.py for tasks to queue
[2024-09-28T20:19:31.037+0000] {logging_mixin.py:190} INFO - [2024-09-28T20:19:31.037+0000] {dagbag.py:588} INFO - Filling up the DagBag from /home/airflow/.local/lib/python3.12/site-packages/airflow/example_dags/example_branch_labels.py
[2024-09-28T20:19:31.044+0000] {processor.py:925} INFO - DAG(s) 'example_branch_labels' retrieved from /home/airflow/.local/lib/python3.12/site-packages/airflow/example_dags/example_branch_labels.py
[2024-09-28T20:19:31.058+0000] {logging_mixin.py:190} INFO - [2024-09-28T20:19:31.057+0000] {dag.py:3239} INFO - Sync 1 DAGs
[2024-09-28T20:19:31.074+0000] {logging_mixin.py:190} INFO - [2024-09-28T20:19:31.074+0000] {dag.py:4180} INFO - Setting next_dagrun for example_branch_labels to 2024-09-27 00:00:00+00:00, run_after=2024-09-28 00:00:00+00:00
[2024-09-28T20:19:31.087+0000] {processor.py:208} INFO - Processing /home/airflow/.local/lib/python3.12/site-packages/airflow/example_dags/example_branch_labels.py took 0.055 seconds
[2024-09-28T20:20:01.484+0000] {processor.py:186} INFO - Started process (PID=555) to work on /home/airflow/.local/lib/python3.12/site-packages/airflow/example_dags/example_branch_labels.py
[2024-09-28T20:20:01.485+0000] {processor.py:914} INFO - Processing file /home/airflow/.local/lib/python3.12/site-packages/airflow/example_dags/example_branch_labels.py for tasks to queue
[2024-09-28T20:20:01.486+0000] {logging_mixin.py:190} INFO - [2024-09-28T20:20:01.485+0000] {dagbag.py:588} INFO - Filling up the DagBag from /home/airflow/.local/lib/python3.12/site-packages/airflow/example_dags/example_branch_labels.py
[2024-09-28T20:20:01.492+0000] {processor.py:925} INFO - DAG(s) 'example_branch_labels' retrieved from /home/airflow/.local/lib/python3.12/site-packages/airflow/example_dags/example_branch_labels.py
[2024-09-28T20:20:01.510+0000] {logging_mixin.py:190} INFO - [2024-09-28T20:20:01.510+0000] {dag.py:3239} INFO - Sync 1 DAGs
[2024-09-28T20:20:01.528+0000] {logging_mixin.py:190} INFO - [2024-09-28T20:20:01.528+0000] {dag.py:4180} INFO - Setting next_dagrun for example_branch_labels to 2024-09-27 00:00:00+00:00, run_after=2024-09-28 00:00:00+00:00
[2024-09-28T20:20:01.540+0000] {processor.py:208} INFO - Processing /home/airflow/.local/lib/python3.12/site-packages/airflow/example_dags/example_branch_labels.py took 0.061 seconds
[2024-09-28T20:20:31.822+0000] {processor.py:186} INFO - Started process (PID=628) to work on /home/airflow/.local/lib/python3.12/site-packages/airflow/example_dags/example_branch_labels.py
[2024-09-28T20:20:31.824+0000] {processor.py:914} INFO - Processing file /home/airflow/.local/lib/python3.12/site-packages/airflow/example_dags/example_branch_labels.py for tasks to queue
[2024-09-28T20:20:31.825+0000] {logging_mixin.py:190} INFO - [2024-09-28T20:20:31.825+0000] {dagbag.py:588} INFO - Filling up the DagBag from /home/airflow/.local/lib/python3.12/site-packages/airflow/example_dags/example_branch_labels.py
[2024-09-28T20:20:31.831+0000] {processor.py:925} INFO - DAG(s) 'example_branch_labels' retrieved from /home/airflow/.local/lib/python3.12/site-packages/airflow/example_dags/example_branch_labels.py
[2024-09-28T20:20:31.845+0000] {logging_mixin.py:190} INFO - [2024-09-28T20:20:31.845+0000] {dag.py:3239} INFO - Sync 1 DAGs
[2024-09-28T20:20:31.861+0000] {logging_mixin.py:190} INFO - [2024-09-28T20:20:31.861+0000] {dag.py:4180} INFO - Setting next_dagrun for example_branch_labels to 2024-09-27 00:00:00+00:00, run_after=2024-09-28 00:00:00+00:00
[2024-09-28T20:20:31.877+0000] {processor.py:208} INFO - Processing /home/airflow/.local/lib/python3.12/site-packages/airflow/example_dags/example_branch_labels.py took 0.059 seconds
