[2024-09-28T19:52:50.575+0000] {processor.py:186} INFO - Started process (PID=95) to work on /home/airflow/.local/lib/python3.12/site-packages/airflow/example_dags/example_dataset_alias.py
[2024-09-28T19:52:50.576+0000] {processor.py:914} INFO - Processing file /home/airflow/.local/lib/python3.12/site-packages/airflow/example_dags/example_dataset_alias.py for tasks to queue
[2024-09-28T19:52:50.577+0000] {logging_mixin.py:190} INFO - [2024-09-28T19:52:50.577+0000] {dagbag.py:588} INFO - Filling up the DagBag from /home/airflow/.local/lib/python3.12/site-packages/airflow/example_dags/example_dataset_alias.py
[2024-09-28T19:52:50.674+0000] {processor.py:925} INFO - DAG(s) 'dataset_s3_bucket_consumer', 'dataset_alias_example_alias_consumer', 'dataset_s3_bucket_producer', 'dataset_alias_example_alias_producer' retrieved from /home/airflow/.local/lib/python3.12/site-packages/airflow/example_dags/example_dataset_alias.py
[2024-09-28T19:52:50.732+0000] {logging_mixin.py:190} INFO - [2024-09-28T19:52:50.731+0000] {override.py:1900} INFO - Created Permission View: can edit on DAG:dataset_s3_bucket_consumer
[2024-09-28T19:52:50.740+0000] {logging_mixin.py:190} INFO - [2024-09-28T19:52:50.739+0000] {override.py:1900} INFO - Created Permission View: can delete on DAG:dataset_s3_bucket_consumer
[2024-09-28T19:52:50.751+0000] {logging_mixin.py:190} INFO - [2024-09-28T19:52:50.750+0000] {override.py:1900} INFO - Created Permission View: can read on DAG:dataset_s3_bucket_consumer
[2024-09-28T19:52:50.757+0000] {logging_mixin.py:190} INFO - [2024-09-28T19:52:50.757+0000] {override.py:1900} INFO - Created Permission View: can delete on DAG Run:dataset_s3_bucket_consumer
[2024-09-28T19:52:50.762+0000] {logging_mixin.py:190} INFO - [2024-09-28T19:52:50.762+0000] {override.py:1900} INFO - Created Permission View: can read on DAG Run:dataset_s3_bucket_consumer
[2024-09-28T19:52:50.766+0000] {logging_mixin.py:190} INFO - [2024-09-28T19:52:50.766+0000] {override.py:1900} INFO - Created Permission View: can create on DAG Run:dataset_s3_bucket_consumer
[2024-09-28T19:52:50.771+0000] {logging_mixin.py:190} INFO - [2024-09-28T19:52:50.770+0000] {override.py:1900} INFO - Created Permission View: menu access on DAG Run:dataset_s3_bucket_consumer
[2024-09-28T19:52:50.779+0000] {logging_mixin.py:190} INFO - [2024-09-28T19:52:50.779+0000] {override.py:1900} INFO - Created Permission View: can edit on DAG:dataset_alias_example_alias_consumer
[2024-09-28T19:52:50.783+0000] {logging_mixin.py:190} INFO - [2024-09-28T19:52:50.783+0000] {override.py:1900} INFO - Created Permission View: can delete on DAG:dataset_alias_example_alias_consumer
[2024-09-28T19:52:50.788+0000] {logging_mixin.py:190} INFO - [2024-09-28T19:52:50.787+0000] {override.py:1900} INFO - Created Permission View: can read on DAG:dataset_alias_example_alias_consumer
[2024-09-28T19:52:50.792+0000] {logging_mixin.py:190} INFO - [2024-09-28T19:52:50.792+0000] {override.py:1900} INFO - Created Permission View: can delete on DAG Run:dataset_alias_example_alias_consumer
[2024-09-28T19:52:50.796+0000] {logging_mixin.py:190} INFO - [2024-09-28T19:52:50.796+0000] {override.py:1900} INFO - Created Permission View: can read on DAG Run:dataset_alias_example_alias_consumer
[2024-09-28T19:52:50.800+0000] {logging_mixin.py:190} INFO - [2024-09-28T19:52:50.800+0000] {override.py:1900} INFO - Created Permission View: can create on DAG Run:dataset_alias_example_alias_consumer
[2024-09-28T19:52:50.804+0000] {logging_mixin.py:190} INFO - [2024-09-28T19:52:50.804+0000] {override.py:1900} INFO - Created Permission View: menu access on DAG Run:dataset_alias_example_alias_consumer
[2024-09-28T19:52:50.812+0000] {logging_mixin.py:190} INFO - [2024-09-28T19:52:50.812+0000] {override.py:1900} INFO - Created Permission View: can edit on DAG:dataset_s3_bucket_producer
[2024-09-28T19:52:50.817+0000] {logging_mixin.py:190} INFO - [2024-09-28T19:52:50.817+0000] {override.py:1900} INFO - Created Permission View: can delete on DAG:dataset_s3_bucket_producer
[2024-09-28T19:52:50.821+0000] {logging_mixin.py:190} INFO - [2024-09-28T19:52:50.820+0000] {override.py:1900} INFO - Created Permission View: can read on DAG:dataset_s3_bucket_producer
[2024-09-28T19:52:50.826+0000] {logging_mixin.py:190} INFO - [2024-09-28T19:52:50.826+0000] {override.py:1900} INFO - Created Permission View: can delete on DAG Run:dataset_s3_bucket_producer
[2024-09-28T19:52:50.831+0000] {logging_mixin.py:190} INFO - [2024-09-28T19:52:50.830+0000] {override.py:1900} INFO - Created Permission View: can read on DAG Run:dataset_s3_bucket_producer
[2024-09-28T19:52:50.844+0000] {logging_mixin.py:190} INFO - [2024-09-28T19:52:50.844+0000] {override.py:1900} INFO - Created Permission View: can create on DAG Run:dataset_s3_bucket_producer
[2024-09-28T19:52:50.849+0000] {logging_mixin.py:190} INFO - [2024-09-28T19:52:50.849+0000] {override.py:1900} INFO - Created Permission View: menu access on DAG Run:dataset_s3_bucket_producer
[2024-09-28T19:52:50.858+0000] {logging_mixin.py:190} INFO - [2024-09-28T19:52:50.858+0000] {override.py:1900} INFO - Created Permission View: can edit on DAG:dataset_alias_example_alias_producer
[2024-09-28T19:52:50.862+0000] {logging_mixin.py:190} INFO - [2024-09-28T19:52:50.862+0000] {override.py:1900} INFO - Created Permission View: can delete on DAG:dataset_alias_example_alias_producer
[2024-09-28T19:52:50.878+0000] {logging_mixin.py:190} INFO - [2024-09-28T19:52:50.878+0000] {override.py:1900} INFO - Created Permission View: can read on DAG:dataset_alias_example_alias_producer
[2024-09-28T19:52:50.883+0000] {logging_mixin.py:190} INFO - [2024-09-28T19:52:50.883+0000] {override.py:1900} INFO - Created Permission View: can delete on DAG Run:dataset_alias_example_alias_producer
[2024-09-28T19:52:50.890+0000] {logging_mixin.py:190} INFO - [2024-09-28T19:52:50.889+0000] {override.py:1900} INFO - Created Permission View: can read on DAG Run:dataset_alias_example_alias_producer
[2024-09-28T19:52:50.896+0000] {logging_mixin.py:190} INFO - [2024-09-28T19:52:50.895+0000] {override.py:1900} INFO - Created Permission View: can create on DAG Run:dataset_alias_example_alias_producer
[2024-09-28T19:52:50.900+0000] {logging_mixin.py:190} INFO - [2024-09-28T19:52:50.900+0000] {override.py:1900} INFO - Created Permission View: menu access on DAG Run:dataset_alias_example_alias_producer
[2024-09-28T19:52:50.902+0000] {logging_mixin.py:190} INFO - [2024-09-28T19:52:50.902+0000] {dag.py:3239} INFO - Sync 4 DAGs
[2024-09-28T19:52:50.912+0000] {logging_mixin.py:190} INFO - [2024-09-28T19:52:50.912+0000] {dag.py:3262} INFO - Creating ORM DAG for dataset_s3_bucket_producer
[2024-09-28T19:52:50.913+0000] {logging_mixin.py:190} INFO - [2024-09-28T19:52:50.913+0000] {dag.py:3262} INFO - Creating ORM DAG for dataset_alias_example_alias_producer
[2024-09-28T19:52:50.915+0000] {logging_mixin.py:190} INFO - [2024-09-28T19:52:50.915+0000] {dag.py:3262} INFO - Creating ORM DAG for dataset_s3_bucket_consumer
[2024-09-28T19:52:50.917+0000] {logging_mixin.py:190} INFO - [2024-09-28T19:52:50.917+0000] {dag.py:3262} INFO - Creating ORM DAG for dataset_alias_example_alias_consumer
[2024-09-28T19:52:50.924+0000] {logging_mixin.py:190} INFO - [2024-09-28T19:52:50.923+0000] {dag.py:4180} INFO - Setting next_dagrun for dataset_alias_example_alias_consumer to None, run_after=None
[2024-09-28T19:52:50.925+0000] {logging_mixin.py:190} INFO - [2024-09-28T19:52:50.925+0000] {dag.py:4180} INFO - Setting next_dagrun for dataset_alias_example_alias_producer to None, run_after=None
[2024-09-28T19:52:50.925+0000] {logging_mixin.py:190} INFO - [2024-09-28T19:52:50.925+0000] {dag.py:4180} INFO - Setting next_dagrun for dataset_s3_bucket_consumer to None, run_after=None
[2024-09-28T19:52:50.927+0000] {logging_mixin.py:190} INFO - [2024-09-28T19:52:50.927+0000] {dag.py:4180} INFO - Setting next_dagrun for dataset_s3_bucket_producer to None, run_after=None
[2024-09-28T19:52:50.954+0000] {processor.py:208} INFO - Processing /home/airflow/.local/lib/python3.12/site-packages/airflow/example_dags/example_dataset_alias.py took 0.383 seconds
[2024-09-28T19:53:21.066+0000] {processor.py:186} INFO - Started process (PID=162) to work on /home/airflow/.local/lib/python3.12/site-packages/airflow/example_dags/example_dataset_alias.py
[2024-09-28T19:53:21.067+0000] {processor.py:914} INFO - Processing file /home/airflow/.local/lib/python3.12/site-packages/airflow/example_dags/example_dataset_alias.py for tasks to queue
[2024-09-28T19:53:21.069+0000] {logging_mixin.py:190} INFO - [2024-09-28T19:53:21.069+0000] {dagbag.py:588} INFO - Filling up the DagBag from /home/airflow/.local/lib/python3.12/site-packages/airflow/example_dags/example_dataset_alias.py
[2024-09-28T19:53:21.166+0000] {processor.py:925} INFO - DAG(s) 'dataset_alias_example_alias_producer', 'dataset_s3_bucket_producer', 'dataset_alias_example_alias_consumer', 'dataset_s3_bucket_consumer' retrieved from /home/airflow/.local/lib/python3.12/site-packages/airflow/example_dags/example_dataset_alias.py
[2024-09-28T19:53:21.179+0000] {logging_mixin.py:190} INFO - [2024-09-28T19:53:21.179+0000] {dag.py:3239} INFO - Sync 4 DAGs
[2024-09-28T19:53:21.194+0000] {logging_mixin.py:190} INFO - [2024-09-28T19:53:21.193+0000] {dag.py:4180} INFO - Setting next_dagrun for dataset_alias_example_alias_consumer to None, run_after=None
[2024-09-28T19:53:21.196+0000] {logging_mixin.py:190} INFO - [2024-09-28T19:53:21.196+0000] {dag.py:4180} INFO - Setting next_dagrun for dataset_alias_example_alias_producer to None, run_after=None
[2024-09-28T19:53:21.197+0000] {logging_mixin.py:190} INFO - [2024-09-28T19:53:21.197+0000] {dag.py:4180} INFO - Setting next_dagrun for dataset_s3_bucket_consumer to None, run_after=None
[2024-09-28T19:53:21.198+0000] {logging_mixin.py:190} INFO - [2024-09-28T19:53:21.198+0000] {dag.py:4180} INFO - Setting next_dagrun for dataset_s3_bucket_producer to None, run_after=None
[2024-09-28T19:53:21.213+0000] {processor.py:208} INFO - Processing /home/airflow/.local/lib/python3.12/site-packages/airflow/example_dags/example_dataset_alias.py took 0.150 seconds
[2024-09-28T19:53:51.354+0000] {processor.py:186} INFO - Started process (PID=225) to work on /home/airflow/.local/lib/python3.12/site-packages/airflow/example_dags/example_dataset_alias.py
[2024-09-28T19:53:51.355+0000] {processor.py:914} INFO - Processing file /home/airflow/.local/lib/python3.12/site-packages/airflow/example_dags/example_dataset_alias.py for tasks to queue
[2024-09-28T19:53:51.357+0000] {logging_mixin.py:190} INFO - [2024-09-28T19:53:51.357+0000] {dagbag.py:588} INFO - Filling up the DagBag from /home/airflow/.local/lib/python3.12/site-packages/airflow/example_dags/example_dataset_alias.py
[2024-09-28T19:53:51.458+0000] {processor.py:925} INFO - DAG(s) 'dataset_s3_bucket_producer', 'dataset_alias_example_alias_consumer', 'dataset_s3_bucket_consumer', 'dataset_alias_example_alias_producer' retrieved from /home/airflow/.local/lib/python3.12/site-packages/airflow/example_dags/example_dataset_alias.py
[2024-09-28T19:53:51.473+0000] {logging_mixin.py:190} INFO - [2024-09-28T19:53:51.473+0000] {dag.py:3239} INFO - Sync 4 DAGs
[2024-09-28T19:53:51.487+0000] {logging_mixin.py:190} INFO - [2024-09-28T19:53:51.487+0000] {dag.py:4180} INFO - Setting next_dagrun for dataset_alias_example_alias_consumer to None, run_after=None
[2024-09-28T19:53:51.490+0000] {logging_mixin.py:190} INFO - [2024-09-28T19:53:51.489+0000] {dag.py:4180} INFO - Setting next_dagrun for dataset_alias_example_alias_producer to None, run_after=None
[2024-09-28T19:53:51.491+0000] {logging_mixin.py:190} INFO - [2024-09-28T19:53:51.491+0000] {dag.py:4180} INFO - Setting next_dagrun for dataset_s3_bucket_consumer to None, run_after=None
[2024-09-28T19:53:51.492+0000] {logging_mixin.py:190} INFO - [2024-09-28T19:53:51.492+0000] {dag.py:4180} INFO - Setting next_dagrun for dataset_s3_bucket_producer to None, run_after=None
[2024-09-28T19:53:51.506+0000] {processor.py:208} INFO - Processing /home/airflow/.local/lib/python3.12/site-packages/airflow/example_dags/example_dataset_alias.py took 0.156 seconds
[2024-09-28T19:54:21.752+0000] {processor.py:186} INFO - Started process (PID=290) to work on /home/airflow/.local/lib/python3.12/site-packages/airflow/example_dags/example_dataset_alias.py
[2024-09-28T19:54:21.753+0000] {processor.py:914} INFO - Processing file /home/airflow/.local/lib/python3.12/site-packages/airflow/example_dags/example_dataset_alias.py for tasks to queue
[2024-09-28T19:54:21.755+0000] {logging_mixin.py:190} INFO - [2024-09-28T19:54:21.754+0000] {dagbag.py:588} INFO - Filling up the DagBag from /home/airflow/.local/lib/python3.12/site-packages/airflow/example_dags/example_dataset_alias.py
[2024-09-28T19:54:21.861+0000] {processor.py:925} INFO - DAG(s) 'dataset_s3_bucket_producer', 'dataset_alias_example_alias_consumer', 'dataset_alias_example_alias_producer', 'dataset_s3_bucket_consumer' retrieved from /home/airflow/.local/lib/python3.12/site-packages/airflow/example_dags/example_dataset_alias.py
[2024-09-28T19:54:21.875+0000] {logging_mixin.py:190} INFO - [2024-09-28T19:54:21.875+0000] {dag.py:3239} INFO - Sync 4 DAGs
[2024-09-28T19:54:21.890+0000] {logging_mixin.py:190} INFO - [2024-09-28T19:54:21.890+0000] {dag.py:4180} INFO - Setting next_dagrun for dataset_alias_example_alias_consumer to None, run_after=None
[2024-09-28T19:54:21.892+0000] {logging_mixin.py:190} INFO - [2024-09-28T19:54:21.892+0000] {dag.py:4180} INFO - Setting next_dagrun for dataset_alias_example_alias_producer to None, run_after=None
[2024-09-28T19:54:21.893+0000] {logging_mixin.py:190} INFO - [2024-09-28T19:54:21.893+0000] {dag.py:4180} INFO - Setting next_dagrun for dataset_s3_bucket_consumer to None, run_after=None
[2024-09-28T19:54:21.894+0000] {logging_mixin.py:190} INFO - [2024-09-28T19:54:21.894+0000] {dag.py:4180} INFO - Setting next_dagrun for dataset_s3_bucket_producer to None, run_after=None
[2024-09-28T19:54:21.909+0000] {processor.py:208} INFO - Processing /home/airflow/.local/lib/python3.12/site-packages/airflow/example_dags/example_dataset_alias.py took 0.161 seconds
[2024-09-28T19:54:52.058+0000] {processor.py:186} INFO - Started process (PID=356) to work on /home/airflow/.local/lib/python3.12/site-packages/airflow/example_dags/example_dataset_alias.py
[2024-09-28T19:54:52.059+0000] {processor.py:914} INFO - Processing file /home/airflow/.local/lib/python3.12/site-packages/airflow/example_dags/example_dataset_alias.py for tasks to queue
[2024-09-28T19:54:52.061+0000] {logging_mixin.py:190} INFO - [2024-09-28T19:54:52.061+0000] {dagbag.py:588} INFO - Filling up the DagBag from /home/airflow/.local/lib/python3.12/site-packages/airflow/example_dags/example_dataset_alias.py
[2024-09-28T19:54:52.165+0000] {processor.py:925} INFO - DAG(s) 'dataset_alias_example_alias_consumer', 'dataset_s3_bucket_consumer', 'dataset_s3_bucket_producer', 'dataset_alias_example_alias_producer' retrieved from /home/airflow/.local/lib/python3.12/site-packages/airflow/example_dags/example_dataset_alias.py
[2024-09-28T19:54:52.179+0000] {logging_mixin.py:190} INFO - [2024-09-28T19:54:52.179+0000] {dag.py:3239} INFO - Sync 4 DAGs
[2024-09-28T19:54:52.193+0000] {logging_mixin.py:190} INFO - [2024-09-28T19:54:52.193+0000] {dag.py:4180} INFO - Setting next_dagrun for dataset_alias_example_alias_consumer to None, run_after=None
[2024-09-28T19:54:52.195+0000] {logging_mixin.py:190} INFO - [2024-09-28T19:54:52.195+0000] {dag.py:4180} INFO - Setting next_dagrun for dataset_alias_example_alias_producer to None, run_after=None
[2024-09-28T19:54:52.200+0000] {logging_mixin.py:190} INFO - [2024-09-28T19:54:52.200+0000] {dag.py:4180} INFO - Setting next_dagrun for dataset_s3_bucket_consumer to None, run_after=None
[2024-09-28T19:54:52.210+0000] {logging_mixin.py:190} INFO - [2024-09-28T19:54:52.210+0000] {dag.py:4180} INFO - Setting next_dagrun for dataset_s3_bucket_producer to None, run_after=None
[2024-09-28T19:54:52.225+0000] {processor.py:208} INFO - Processing /home/airflow/.local/lib/python3.12/site-packages/airflow/example_dags/example_dataset_alias.py took 0.171 seconds
[2024-09-28T19:55:22.585+0000] {processor.py:186} INFO - Started process (PID=420) to work on /home/airflow/.local/lib/python3.12/site-packages/airflow/example_dags/example_dataset_alias.py
[2024-09-28T19:55:22.586+0000] {processor.py:914} INFO - Processing file /home/airflow/.local/lib/python3.12/site-packages/airflow/example_dags/example_dataset_alias.py for tasks to queue
[2024-09-28T19:55:22.588+0000] {logging_mixin.py:190} INFO - [2024-09-28T19:55:22.587+0000] {dagbag.py:588} INFO - Filling up the DagBag from /home/airflow/.local/lib/python3.12/site-packages/airflow/example_dags/example_dataset_alias.py
[2024-09-28T19:55:22.682+0000] {processor.py:925} INFO - DAG(s) 'dataset_alias_example_alias_consumer', 'dataset_alias_example_alias_producer', 'dataset_s3_bucket_producer', 'dataset_s3_bucket_consumer' retrieved from /home/airflow/.local/lib/python3.12/site-packages/airflow/example_dags/example_dataset_alias.py
[2024-09-28T19:55:22.697+0000] {logging_mixin.py:190} INFO - [2024-09-28T19:55:22.696+0000] {dag.py:3239} INFO - Sync 4 DAGs
[2024-09-28T19:55:22.711+0000] {logging_mixin.py:190} INFO - [2024-09-28T19:55:22.711+0000] {dag.py:4180} INFO - Setting next_dagrun for dataset_alias_example_alias_consumer to None, run_after=None
[2024-09-28T19:55:22.713+0000] {logging_mixin.py:190} INFO - [2024-09-28T19:55:22.713+0000] {dag.py:4180} INFO - Setting next_dagrun for dataset_alias_example_alias_producer to None, run_after=None
[2024-09-28T19:55:22.715+0000] {logging_mixin.py:190} INFO - [2024-09-28T19:55:22.715+0000] {dag.py:4180} INFO - Setting next_dagrun for dataset_s3_bucket_consumer to None, run_after=None
[2024-09-28T19:55:22.716+0000] {logging_mixin.py:190} INFO - [2024-09-28T19:55:22.716+0000] {dag.py:4180} INFO - Setting next_dagrun for dataset_s3_bucket_producer to None, run_after=None
[2024-09-28T19:55:22.730+0000] {processor.py:208} INFO - Processing /home/airflow/.local/lib/python3.12/site-packages/airflow/example_dags/example_dataset_alias.py took 0.149 seconds
[2024-09-28T19:55:52.787+0000] {processor.py:186} INFO - Started process (PID=486) to work on /home/airflow/.local/lib/python3.12/site-packages/airflow/example_dags/example_dataset_alias.py
[2024-09-28T19:55:52.788+0000] {processor.py:914} INFO - Processing file /home/airflow/.local/lib/python3.12/site-packages/airflow/example_dags/example_dataset_alias.py for tasks to queue
[2024-09-28T19:55:52.790+0000] {logging_mixin.py:190} INFO - [2024-09-28T19:55:52.790+0000] {dagbag.py:588} INFO - Filling up the DagBag from /home/airflow/.local/lib/python3.12/site-packages/airflow/example_dags/example_dataset_alias.py
[2024-09-28T19:55:52.919+0000] {processor.py:925} INFO - DAG(s) 'dataset_alias_example_alias_producer', 'dataset_s3_bucket_producer', 'dataset_alias_example_alias_consumer', 'dataset_s3_bucket_consumer' retrieved from /home/airflow/.local/lib/python3.12/site-packages/airflow/example_dags/example_dataset_alias.py
[2024-09-28T19:55:52.937+0000] {logging_mixin.py:190} INFO - [2024-09-28T19:55:52.936+0000] {dag.py:3239} INFO - Sync 4 DAGs
[2024-09-28T19:55:52.953+0000] {logging_mixin.py:190} INFO - [2024-09-28T19:55:52.952+0000] {dag.py:4180} INFO - Setting next_dagrun for dataset_alias_example_alias_consumer to None, run_after=None
[2024-09-28T19:55:52.955+0000] {logging_mixin.py:190} INFO - [2024-09-28T19:55:52.955+0000] {dag.py:4180} INFO - Setting next_dagrun for dataset_alias_example_alias_producer to None, run_after=None
[2024-09-28T19:55:52.956+0000] {logging_mixin.py:190} INFO - [2024-09-28T19:55:52.956+0000] {dag.py:4180} INFO - Setting next_dagrun for dataset_s3_bucket_consumer to None, run_after=None
[2024-09-28T19:55:52.958+0000] {logging_mixin.py:190} INFO - [2024-09-28T19:55:52.958+0000] {dag.py:4180} INFO - Setting next_dagrun for dataset_s3_bucket_producer to None, run_after=None
[2024-09-28T19:55:52.976+0000] {processor.py:208} INFO - Processing /home/airflow/.local/lib/python3.12/site-packages/airflow/example_dags/example_dataset_alias.py took 0.193 seconds
[2024-09-28T19:56:23.256+0000] {processor.py:186} INFO - Started process (PID=551) to work on /home/airflow/.local/lib/python3.12/site-packages/airflow/example_dags/example_dataset_alias.py
[2024-09-28T19:56:23.257+0000] {processor.py:914} INFO - Processing file /home/airflow/.local/lib/python3.12/site-packages/airflow/example_dags/example_dataset_alias.py for tasks to queue
[2024-09-28T19:56:23.259+0000] {logging_mixin.py:190} INFO - [2024-09-28T19:56:23.259+0000] {dagbag.py:588} INFO - Filling up the DagBag from /home/airflow/.local/lib/python3.12/site-packages/airflow/example_dags/example_dataset_alias.py
[2024-09-28T19:56:23.371+0000] {processor.py:925} INFO - DAG(s) 'dataset_alias_example_alias_consumer', 'dataset_s3_bucket_consumer', 'dataset_s3_bucket_producer', 'dataset_alias_example_alias_producer' retrieved from /home/airflow/.local/lib/python3.12/site-packages/airflow/example_dags/example_dataset_alias.py
[2024-09-28T19:56:23.387+0000] {logging_mixin.py:190} INFO - [2024-09-28T19:56:23.387+0000] {dag.py:3239} INFO - Sync 4 DAGs
[2024-09-28T19:56:23.402+0000] {logging_mixin.py:190} INFO - [2024-09-28T19:56:23.401+0000] {dag.py:4180} INFO - Setting next_dagrun for dataset_alias_example_alias_consumer to None, run_after=None
[2024-09-28T19:56:23.404+0000] {logging_mixin.py:190} INFO - [2024-09-28T19:56:23.404+0000] {dag.py:4180} INFO - Setting next_dagrun for dataset_alias_example_alias_producer to None, run_after=None
[2024-09-28T19:56:23.405+0000] {logging_mixin.py:190} INFO - [2024-09-28T19:56:23.405+0000] {dag.py:4180} INFO - Setting next_dagrun for dataset_s3_bucket_consumer to None, run_after=None
[2024-09-28T19:56:23.406+0000] {logging_mixin.py:190} INFO - [2024-09-28T19:56:23.406+0000] {dag.py:4180} INFO - Setting next_dagrun for dataset_s3_bucket_producer to None, run_after=None
[2024-09-28T19:56:23.419+0000] {processor.py:208} INFO - Processing /home/airflow/.local/lib/python3.12/site-packages/airflow/example_dags/example_dataset_alias.py took 0.167 seconds
[2024-09-28T19:56:53.718+0000] {processor.py:186} INFO - Started process (PID=616) to work on /home/airflow/.local/lib/python3.12/site-packages/airflow/example_dags/example_dataset_alias.py
[2024-09-28T19:56:53.719+0000] {processor.py:914} INFO - Processing file /home/airflow/.local/lib/python3.12/site-packages/airflow/example_dags/example_dataset_alias.py for tasks to queue
[2024-09-28T19:56:53.721+0000] {logging_mixin.py:190} INFO - [2024-09-28T19:56:53.721+0000] {dagbag.py:588} INFO - Filling up the DagBag from /home/airflow/.local/lib/python3.12/site-packages/airflow/example_dags/example_dataset_alias.py
[2024-09-28T19:56:53.823+0000] {processor.py:925} INFO - DAG(s) 'dataset_s3_bucket_producer', 'dataset_s3_bucket_consumer', 'dataset_alias_example_alias_producer', 'dataset_alias_example_alias_consumer' retrieved from /home/airflow/.local/lib/python3.12/site-packages/airflow/example_dags/example_dataset_alias.py
[2024-09-28T19:56:53.838+0000] {logging_mixin.py:190} INFO - [2024-09-28T19:56:53.838+0000] {dag.py:3239} INFO - Sync 4 DAGs
[2024-09-28T19:56:53.855+0000] {logging_mixin.py:190} INFO - [2024-09-28T19:56:53.855+0000] {dag.py:4180} INFO - Setting next_dagrun for dataset_alias_example_alias_consumer to None, run_after=None
[2024-09-28T19:56:53.858+0000] {logging_mixin.py:190} INFO - [2024-09-28T19:56:53.858+0000] {dag.py:4180} INFO - Setting next_dagrun for dataset_alias_example_alias_producer to None, run_after=None
[2024-09-28T19:56:53.859+0000] {logging_mixin.py:190} INFO - [2024-09-28T19:56:53.859+0000] {dag.py:4180} INFO - Setting next_dagrun for dataset_s3_bucket_consumer to None, run_after=None
[2024-09-28T19:56:53.860+0000] {logging_mixin.py:190} INFO - [2024-09-28T19:56:53.860+0000] {dag.py:4180} INFO - Setting next_dagrun for dataset_s3_bucket_producer to None, run_after=None
[2024-09-28T19:56:53.880+0000] {processor.py:208} INFO - Processing /home/airflow/.local/lib/python3.12/site-packages/airflow/example_dags/example_dataset_alias.py took 0.166 seconds
[2024-09-28T19:57:23.951+0000] {processor.py:186} INFO - Started process (PID=682) to work on /home/airflow/.local/lib/python3.12/site-packages/airflow/example_dags/example_dataset_alias.py
[2024-09-28T19:57:23.952+0000] {processor.py:914} INFO - Processing file /home/airflow/.local/lib/python3.12/site-packages/airflow/example_dags/example_dataset_alias.py for tasks to queue
[2024-09-28T19:57:23.954+0000] {logging_mixin.py:190} INFO - [2024-09-28T19:57:23.954+0000] {dagbag.py:588} INFO - Filling up the DagBag from /home/airflow/.local/lib/python3.12/site-packages/airflow/example_dags/example_dataset_alias.py
[2024-09-28T19:57:24.059+0000] {processor.py:925} INFO - DAG(s) 'dataset_s3_bucket_consumer', 'dataset_alias_example_alias_consumer', 'dataset_s3_bucket_producer', 'dataset_alias_example_alias_producer' retrieved from /home/airflow/.local/lib/python3.12/site-packages/airflow/example_dags/example_dataset_alias.py
[2024-09-28T19:57:24.074+0000] {logging_mixin.py:190} INFO - [2024-09-28T19:57:24.074+0000] {dag.py:3239} INFO - Sync 4 DAGs
[2024-09-28T19:57:24.090+0000] {logging_mixin.py:190} INFO - [2024-09-28T19:57:24.090+0000] {dag.py:4180} INFO - Setting next_dagrun for dataset_alias_example_alias_consumer to None, run_after=None
[2024-09-28T19:57:24.092+0000] {logging_mixin.py:190} INFO - [2024-09-28T19:57:24.092+0000] {dag.py:4180} INFO - Setting next_dagrun for dataset_alias_example_alias_producer to None, run_after=None
[2024-09-28T19:57:24.093+0000] {logging_mixin.py:190} INFO - [2024-09-28T19:57:24.093+0000] {dag.py:4180} INFO - Setting next_dagrun for dataset_s3_bucket_consumer to None, run_after=None
[2024-09-28T19:57:24.095+0000] {logging_mixin.py:190} INFO - [2024-09-28T19:57:24.094+0000] {dag.py:4180} INFO - Setting next_dagrun for dataset_s3_bucket_producer to None, run_after=None
[2024-09-28T19:57:24.109+0000] {processor.py:208} INFO - Processing /home/airflow/.local/lib/python3.12/site-packages/airflow/example_dags/example_dataset_alias.py took 0.161 seconds
[2024-09-28T19:57:54.670+0000] {processor.py:186} INFO - Started process (PID=748) to work on /home/airflow/.local/lib/python3.12/site-packages/airflow/example_dags/example_dataset_alias.py
[2024-09-28T19:57:54.671+0000] {processor.py:914} INFO - Processing file /home/airflow/.local/lib/python3.12/site-packages/airflow/example_dags/example_dataset_alias.py for tasks to queue
[2024-09-28T19:57:54.673+0000] {logging_mixin.py:190} INFO - [2024-09-28T19:57:54.673+0000] {dagbag.py:588} INFO - Filling up the DagBag from /home/airflow/.local/lib/python3.12/site-packages/airflow/example_dags/example_dataset_alias.py
[2024-09-28T19:57:54.782+0000] {processor.py:925} INFO - DAG(s) 'dataset_alias_example_alias_producer', 'dataset_s3_bucket_consumer', 'dataset_s3_bucket_producer', 'dataset_alias_example_alias_consumer' retrieved from /home/airflow/.local/lib/python3.12/site-packages/airflow/example_dags/example_dataset_alias.py
[2024-09-28T19:57:54.800+0000] {logging_mixin.py:190} INFO - [2024-09-28T19:57:54.800+0000] {dag.py:3239} INFO - Sync 4 DAGs
[2024-09-28T19:57:54.815+0000] {logging_mixin.py:190} INFO - [2024-09-28T19:57:54.814+0000] {dag.py:4180} INFO - Setting next_dagrun for dataset_alias_example_alias_consumer to None, run_after=None
[2024-09-28T19:57:54.817+0000] {logging_mixin.py:190} INFO - [2024-09-28T19:57:54.816+0000] {dag.py:4180} INFO - Setting next_dagrun for dataset_alias_example_alias_producer to None, run_after=None
[2024-09-28T19:57:54.818+0000] {logging_mixin.py:190} INFO - [2024-09-28T19:57:54.817+0000] {dag.py:4180} INFO - Setting next_dagrun for dataset_s3_bucket_consumer to None, run_after=None
[2024-09-28T19:57:54.819+0000] {logging_mixin.py:190} INFO - [2024-09-28T19:57:54.819+0000] {dag.py:4180} INFO - Setting next_dagrun for dataset_s3_bucket_producer to None, run_after=None
[2024-09-28T19:57:54.833+0000] {processor.py:208} INFO - Processing /home/airflow/.local/lib/python3.12/site-packages/airflow/example_dags/example_dataset_alias.py took 0.166 seconds
[2024-09-28T19:58:24.991+0000] {processor.py:186} INFO - Started process (PID=811) to work on /home/airflow/.local/lib/python3.12/site-packages/airflow/example_dags/example_dataset_alias.py
[2024-09-28T19:58:24.992+0000] {processor.py:914} INFO - Processing file /home/airflow/.local/lib/python3.12/site-packages/airflow/example_dags/example_dataset_alias.py for tasks to queue
[2024-09-28T19:58:24.993+0000] {logging_mixin.py:190} INFO - [2024-09-28T19:58:24.993+0000] {dagbag.py:588} INFO - Filling up the DagBag from /home/airflow/.local/lib/python3.12/site-packages/airflow/example_dags/example_dataset_alias.py
[2024-09-28T19:58:25.090+0000] {processor.py:925} INFO - DAG(s) 'dataset_s3_bucket_consumer', 'dataset_alias_example_alias_producer', 'dataset_alias_example_alias_consumer', 'dataset_s3_bucket_producer' retrieved from /home/airflow/.local/lib/python3.12/site-packages/airflow/example_dags/example_dataset_alias.py
[2024-09-28T19:58:25.105+0000] {logging_mixin.py:190} INFO - [2024-09-28T19:58:25.105+0000] {dag.py:3239} INFO - Sync 4 DAGs
[2024-09-28T19:58:25.119+0000] {logging_mixin.py:190} INFO - [2024-09-28T19:58:25.119+0000] {dag.py:4180} INFO - Setting next_dagrun for dataset_alias_example_alias_consumer to None, run_after=None
[2024-09-28T19:58:25.122+0000] {logging_mixin.py:190} INFO - [2024-09-28T19:58:25.122+0000] {dag.py:4180} INFO - Setting next_dagrun for dataset_alias_example_alias_producer to None, run_after=None
[2024-09-28T19:58:25.124+0000] {logging_mixin.py:190} INFO - [2024-09-28T19:58:25.123+0000] {dag.py:4180} INFO - Setting next_dagrun for dataset_s3_bucket_consumer to None, run_after=None
[2024-09-28T19:58:25.125+0000] {logging_mixin.py:190} INFO - [2024-09-28T19:58:25.125+0000] {dag.py:4180} INFO - Setting next_dagrun for dataset_s3_bucket_producer to None, run_after=None
[2024-09-28T19:58:25.138+0000] {processor.py:208} INFO - Processing /home/airflow/.local/lib/python3.12/site-packages/airflow/example_dags/example_dataset_alias.py took 0.151 seconds
[2024-09-28T19:58:55.218+0000] {processor.py:186} INFO - Started process (PID=876) to work on /home/airflow/.local/lib/python3.12/site-packages/airflow/example_dags/example_dataset_alias.py
[2024-09-28T19:58:55.221+0000] {processor.py:914} INFO - Processing file /home/airflow/.local/lib/python3.12/site-packages/airflow/example_dags/example_dataset_alias.py for tasks to queue
[2024-09-28T19:58:55.227+0000] {logging_mixin.py:190} INFO - [2024-09-28T19:58:55.226+0000] {dagbag.py:588} INFO - Filling up the DagBag from /home/airflow/.local/lib/python3.12/site-packages/airflow/example_dags/example_dataset_alias.py
[2024-09-28T19:58:55.357+0000] {processor.py:925} INFO - DAG(s) 'dataset_alias_example_alias_consumer', 'dataset_s3_bucket_consumer', 'dataset_s3_bucket_producer', 'dataset_alias_example_alias_producer' retrieved from /home/airflow/.local/lib/python3.12/site-packages/airflow/example_dags/example_dataset_alias.py
[2024-09-28T19:58:55.371+0000] {logging_mixin.py:190} INFO - [2024-09-28T19:58:55.371+0000] {dag.py:3239} INFO - Sync 4 DAGs
[2024-09-28T19:58:55.387+0000] {logging_mixin.py:190} INFO - [2024-09-28T19:58:55.387+0000] {dag.py:4180} INFO - Setting next_dagrun for dataset_alias_example_alias_consumer to None, run_after=None
[2024-09-28T19:58:55.389+0000] {logging_mixin.py:190} INFO - [2024-09-28T19:58:55.389+0000] {dag.py:4180} INFO - Setting next_dagrun for dataset_alias_example_alias_producer to None, run_after=None
[2024-09-28T19:58:55.390+0000] {logging_mixin.py:190} INFO - [2024-09-28T19:58:55.390+0000] {dag.py:4180} INFO - Setting next_dagrun for dataset_s3_bucket_consumer to None, run_after=None
[2024-09-28T19:58:55.391+0000] {logging_mixin.py:190} INFO - [2024-09-28T19:58:55.391+0000] {dag.py:4180} INFO - Setting next_dagrun for dataset_s3_bucket_producer to None, run_after=None
[2024-09-28T19:58:55.406+0000] {processor.py:208} INFO - Processing /home/airflow/.local/lib/python3.12/site-packages/airflow/example_dags/example_dataset_alias.py took 0.191 seconds
[2024-09-28T19:59:25.597+0000] {processor.py:186} INFO - Started process (PID=941) to work on /home/airflow/.local/lib/python3.12/site-packages/airflow/example_dags/example_dataset_alias.py
[2024-09-28T19:59:25.598+0000] {processor.py:914} INFO - Processing file /home/airflow/.local/lib/python3.12/site-packages/airflow/example_dags/example_dataset_alias.py for tasks to queue
[2024-09-28T19:59:25.600+0000] {logging_mixin.py:190} INFO - [2024-09-28T19:59:25.599+0000] {dagbag.py:588} INFO - Filling up the DagBag from /home/airflow/.local/lib/python3.12/site-packages/airflow/example_dags/example_dataset_alias.py
[2024-09-28T19:59:25.701+0000] {processor.py:925} INFO - DAG(s) 'dataset_s3_bucket_consumer', 'dataset_alias_example_alias_producer', 'dataset_s3_bucket_producer', 'dataset_alias_example_alias_consumer' retrieved from /home/airflow/.local/lib/python3.12/site-packages/airflow/example_dags/example_dataset_alias.py
[2024-09-28T19:59:25.716+0000] {logging_mixin.py:190} INFO - [2024-09-28T19:59:25.715+0000] {dag.py:3239} INFO - Sync 4 DAGs
[2024-09-28T19:59:25.730+0000] {logging_mixin.py:190} INFO - [2024-09-28T19:59:25.730+0000] {dag.py:4180} INFO - Setting next_dagrun for dataset_alias_example_alias_consumer to None, run_after=None
[2024-09-28T19:59:25.733+0000] {logging_mixin.py:190} INFO - [2024-09-28T19:59:25.732+0000] {dag.py:4180} INFO - Setting next_dagrun for dataset_alias_example_alias_producer to None, run_after=None
[2024-09-28T19:59:25.734+0000] {logging_mixin.py:190} INFO - [2024-09-28T19:59:25.734+0000] {dag.py:4180} INFO - Setting next_dagrun for dataset_s3_bucket_consumer to None, run_after=None
[2024-09-28T19:59:25.735+0000] {logging_mixin.py:190} INFO - [2024-09-28T19:59:25.735+0000] {dag.py:4180} INFO - Setting next_dagrun for dataset_s3_bucket_producer to None, run_after=None
[2024-09-28T19:59:25.750+0000] {processor.py:208} INFO - Processing /home/airflow/.local/lib/python3.12/site-packages/airflow/example_dags/example_dataset_alias.py took 0.156 seconds
[2024-09-28T19:59:56.118+0000] {processor.py:186} INFO - Started process (PID=1007) to work on /home/airflow/.local/lib/python3.12/site-packages/airflow/example_dags/example_dataset_alias.py
[2024-09-28T19:59:56.119+0000] {processor.py:914} INFO - Processing file /home/airflow/.local/lib/python3.12/site-packages/airflow/example_dags/example_dataset_alias.py for tasks to queue
[2024-09-28T19:59:56.121+0000] {logging_mixin.py:190} INFO - [2024-09-28T19:59:56.121+0000] {dagbag.py:588} INFO - Filling up the DagBag from /home/airflow/.local/lib/python3.12/site-packages/airflow/example_dags/example_dataset_alias.py
[2024-09-28T19:59:56.227+0000] {processor.py:925} INFO - DAG(s) 'dataset_alias_example_alias_producer', 'dataset_s3_bucket_consumer', 'dataset_alias_example_alias_consumer', 'dataset_s3_bucket_producer' retrieved from /home/airflow/.local/lib/python3.12/site-packages/airflow/example_dags/example_dataset_alias.py
[2024-09-28T19:59:56.239+0000] {logging_mixin.py:190} INFO - [2024-09-28T19:59:56.239+0000] {dag.py:3239} INFO - Sync 4 DAGs
[2024-09-28T19:59:56.253+0000] {logging_mixin.py:190} INFO - [2024-09-28T19:59:56.253+0000] {dag.py:4180} INFO - Setting next_dagrun for dataset_alias_example_alias_consumer to None, run_after=None
[2024-09-28T19:59:56.255+0000] {logging_mixin.py:190} INFO - [2024-09-28T19:59:56.255+0000] {dag.py:4180} INFO - Setting next_dagrun for dataset_alias_example_alias_producer to None, run_after=None
[2024-09-28T19:59:56.256+0000] {logging_mixin.py:190} INFO - [2024-09-28T19:59:56.256+0000] {dag.py:4180} INFO - Setting next_dagrun for dataset_s3_bucket_consumer to None, run_after=None
[2024-09-28T19:59:56.257+0000] {logging_mixin.py:190} INFO - [2024-09-28T19:59:56.257+0000] {dag.py:4180} INFO - Setting next_dagrun for dataset_s3_bucket_producer to None, run_after=None
[2024-09-28T19:59:56.271+0000] {processor.py:208} INFO - Processing /home/airflow/.local/lib/python3.12/site-packages/airflow/example_dags/example_dataset_alias.py took 0.157 seconds
[2024-09-28T20:05:09.822+0000] {processor.py:186} INFO - Started process (PID=95) to work on /home/airflow/.local/lib/python3.12/site-packages/airflow/example_dags/example_dataset_alias.py
[2024-09-28T20:05:09.823+0000] {processor.py:914} INFO - Processing file /home/airflow/.local/lib/python3.12/site-packages/airflow/example_dags/example_dataset_alias.py for tasks to queue
[2024-09-28T20:05:09.825+0000] {logging_mixin.py:190} INFO - [2024-09-28T20:05:09.825+0000] {dagbag.py:588} INFO - Filling up the DagBag from /home/airflow/.local/lib/python3.12/site-packages/airflow/example_dags/example_dataset_alias.py
[2024-09-28T20:05:09.921+0000] {processor.py:925} INFO - DAG(s) 'dataset_alias_example_alias_consumer', 'dataset_alias_example_alias_producer', 'dataset_s3_bucket_consumer', 'dataset_s3_bucket_producer' retrieved from /home/airflow/.local/lib/python3.12/site-packages/airflow/example_dags/example_dataset_alias.py
[2024-09-28T20:05:09.935+0000] {logging_mixin.py:190} INFO - [2024-09-28T20:05:09.935+0000] {dag.py:3239} INFO - Sync 4 DAGs
[2024-09-28T20:05:09.950+0000] {logging_mixin.py:190} INFO - [2024-09-28T20:05:09.950+0000] {dag.py:4180} INFO - Setting next_dagrun for dataset_alias_example_alias_consumer to None, run_after=None
[2024-09-28T20:05:09.953+0000] {logging_mixin.py:190} INFO - [2024-09-28T20:05:09.953+0000] {dag.py:4180} INFO - Setting next_dagrun for dataset_alias_example_alias_producer to None, run_after=None
[2024-09-28T20:05:09.954+0000] {logging_mixin.py:190} INFO - [2024-09-28T20:05:09.954+0000] {dag.py:4180} INFO - Setting next_dagrun for dataset_s3_bucket_consumer to None, run_after=None
[2024-09-28T20:05:09.955+0000] {logging_mixin.py:190} INFO - [2024-09-28T20:05:09.955+0000] {dag.py:4180} INFO - Setting next_dagrun for dataset_s3_bucket_producer to None, run_after=None
[2024-09-28T20:05:09.972+0000] {processor.py:208} INFO - Processing /home/airflow/.local/lib/python3.12/site-packages/airflow/example_dags/example_dataset_alias.py took 0.153 seconds
[2024-09-28T20:05:40.181+0000] {processor.py:186} INFO - Started process (PID=160) to work on /home/airflow/.local/lib/python3.12/site-packages/airflow/example_dags/example_dataset_alias.py
[2024-09-28T20:05:40.182+0000] {processor.py:914} INFO - Processing file /home/airflow/.local/lib/python3.12/site-packages/airflow/example_dags/example_dataset_alias.py for tasks to queue
[2024-09-28T20:05:40.184+0000] {logging_mixin.py:190} INFO - [2024-09-28T20:05:40.184+0000] {dagbag.py:588} INFO - Filling up the DagBag from /home/airflow/.local/lib/python3.12/site-packages/airflow/example_dags/example_dataset_alias.py
[2024-09-28T20:05:40.288+0000] {processor.py:925} INFO - DAG(s) 'dataset_alias_example_alias_producer', 'dataset_s3_bucket_consumer', 'dataset_alias_example_alias_consumer', 'dataset_s3_bucket_producer' retrieved from /home/airflow/.local/lib/python3.12/site-packages/airflow/example_dags/example_dataset_alias.py
[2024-09-28T20:05:40.306+0000] {logging_mixin.py:190} INFO - [2024-09-28T20:05:40.306+0000] {dag.py:3239} INFO - Sync 4 DAGs
[2024-09-28T20:05:40.324+0000] {logging_mixin.py:190} INFO - [2024-09-28T20:05:40.324+0000] {dag.py:4180} INFO - Setting next_dagrun for dataset_alias_example_alias_consumer to None, run_after=None
[2024-09-28T20:05:40.327+0000] {logging_mixin.py:190} INFO - [2024-09-28T20:05:40.327+0000] {dag.py:4180} INFO - Setting next_dagrun for dataset_alias_example_alias_producer to None, run_after=None
[2024-09-28T20:05:40.332+0000] {logging_mixin.py:190} INFO - [2024-09-28T20:05:40.332+0000] {dag.py:4180} INFO - Setting next_dagrun for dataset_s3_bucket_consumer to None, run_after=None
[2024-09-28T20:05:40.334+0000] {logging_mixin.py:190} INFO - [2024-09-28T20:05:40.334+0000] {dag.py:4180} INFO - Setting next_dagrun for dataset_s3_bucket_producer to None, run_after=None
[2024-09-28T20:05:40.356+0000] {processor.py:208} INFO - Processing /home/airflow/.local/lib/python3.12/site-packages/airflow/example_dags/example_dataset_alias.py took 0.178 seconds
[2024-09-28T20:06:10.655+0000] {processor.py:186} INFO - Started process (PID=225) to work on /home/airflow/.local/lib/python3.12/site-packages/airflow/example_dags/example_dataset_alias.py
[2024-09-28T20:06:10.657+0000] {processor.py:914} INFO - Processing file /home/airflow/.local/lib/python3.12/site-packages/airflow/example_dags/example_dataset_alias.py for tasks to queue
[2024-09-28T20:06:10.659+0000] {logging_mixin.py:190} INFO - [2024-09-28T20:06:10.659+0000] {dagbag.py:588} INFO - Filling up the DagBag from /home/airflow/.local/lib/python3.12/site-packages/airflow/example_dags/example_dataset_alias.py
[2024-09-28T20:06:10.755+0000] {processor.py:925} INFO - DAG(s) 'dataset_alias_example_alias_consumer', 'dataset_s3_bucket_producer', 'dataset_alias_example_alias_producer', 'dataset_s3_bucket_consumer' retrieved from /home/airflow/.local/lib/python3.12/site-packages/airflow/example_dags/example_dataset_alias.py
[2024-09-28T20:06:10.769+0000] {logging_mixin.py:190} INFO - [2024-09-28T20:06:10.769+0000] {dag.py:3239} INFO - Sync 4 DAGs
[2024-09-28T20:06:10.787+0000] {logging_mixin.py:190} INFO - [2024-09-28T20:06:10.787+0000] {dag.py:4180} INFO - Setting next_dagrun for dataset_alias_example_alias_consumer to None, run_after=None
[2024-09-28T20:06:10.791+0000] {logging_mixin.py:190} INFO - [2024-09-28T20:06:10.790+0000] {dag.py:4180} INFO - Setting next_dagrun for dataset_alias_example_alias_producer to None, run_after=None
[2024-09-28T20:06:10.792+0000] {logging_mixin.py:190} INFO - [2024-09-28T20:06:10.792+0000] {dag.py:4180} INFO - Setting next_dagrun for dataset_s3_bucket_consumer to None, run_after=None
[2024-09-28T20:06:10.793+0000] {logging_mixin.py:190} INFO - [2024-09-28T20:06:10.792+0000] {dag.py:4180} INFO - Setting next_dagrun for dataset_s3_bucket_producer to None, run_after=None
[2024-09-28T20:06:10.807+0000] {processor.py:208} INFO - Processing /home/airflow/.local/lib/python3.12/site-packages/airflow/example_dags/example_dataset_alias.py took 0.155 seconds
[2024-09-28T20:06:41.116+0000] {processor.py:186} INFO - Started process (PID=291) to work on /home/airflow/.local/lib/python3.12/site-packages/airflow/example_dags/example_dataset_alias.py
[2024-09-28T20:06:41.117+0000] {processor.py:914} INFO - Processing file /home/airflow/.local/lib/python3.12/site-packages/airflow/example_dags/example_dataset_alias.py for tasks to queue
[2024-09-28T20:06:41.119+0000] {logging_mixin.py:190} INFO - [2024-09-28T20:06:41.118+0000] {dagbag.py:588} INFO - Filling up the DagBag from /home/airflow/.local/lib/python3.12/site-packages/airflow/example_dags/example_dataset_alias.py
[2024-09-28T20:06:41.214+0000] {processor.py:925} INFO - DAG(s) 'dataset_s3_bucket_producer', 'dataset_alias_example_alias_consumer', 'dataset_s3_bucket_consumer', 'dataset_alias_example_alias_producer' retrieved from /home/airflow/.local/lib/python3.12/site-packages/airflow/example_dags/example_dataset_alias.py
[2024-09-28T20:06:41.228+0000] {logging_mixin.py:190} INFO - [2024-09-28T20:06:41.228+0000] {dag.py:3239} INFO - Sync 4 DAGs
[2024-09-28T20:06:41.249+0000] {logging_mixin.py:190} INFO - [2024-09-28T20:06:41.248+0000] {dag.py:4180} INFO - Setting next_dagrun for dataset_alias_example_alias_consumer to None, run_after=None
[2024-09-28T20:06:41.253+0000] {logging_mixin.py:190} INFO - [2024-09-28T20:06:41.252+0000] {dag.py:4180} INFO - Setting next_dagrun for dataset_alias_example_alias_producer to None, run_after=None
[2024-09-28T20:06:41.254+0000] {logging_mixin.py:190} INFO - [2024-09-28T20:06:41.254+0000] {dag.py:4180} INFO - Setting next_dagrun for dataset_s3_bucket_consumer to None, run_after=None
[2024-09-28T20:06:41.255+0000] {logging_mixin.py:190} INFO - [2024-09-28T20:06:41.255+0000] {dag.py:4180} INFO - Setting next_dagrun for dataset_s3_bucket_producer to None, run_after=None
[2024-09-28T20:06:41.270+0000] {processor.py:208} INFO - Processing /home/airflow/.local/lib/python3.12/site-packages/airflow/example_dags/example_dataset_alias.py took 0.158 seconds
[2024-09-28T20:07:11.334+0000] {processor.py:186} INFO - Started process (PID=356) to work on /home/airflow/.local/lib/python3.12/site-packages/airflow/example_dags/example_dataset_alias.py
[2024-09-28T20:07:11.335+0000] {processor.py:914} INFO - Processing file /home/airflow/.local/lib/python3.12/site-packages/airflow/example_dags/example_dataset_alias.py for tasks to queue
[2024-09-28T20:07:11.337+0000] {logging_mixin.py:190} INFO - [2024-09-28T20:07:11.337+0000] {dagbag.py:588} INFO - Filling up the DagBag from /home/airflow/.local/lib/python3.12/site-packages/airflow/example_dags/example_dataset_alias.py
[2024-09-28T20:07:11.436+0000] {processor.py:925} INFO - DAG(s) 'dataset_alias_example_alias_consumer', 'dataset_s3_bucket_consumer', 'dataset_alias_example_alias_producer', 'dataset_s3_bucket_producer' retrieved from /home/airflow/.local/lib/python3.12/site-packages/airflow/example_dags/example_dataset_alias.py
[2024-09-28T20:07:11.450+0000] {logging_mixin.py:190} INFO - [2024-09-28T20:07:11.450+0000] {dag.py:3239} INFO - Sync 4 DAGs
[2024-09-28T20:07:11.464+0000] {logging_mixin.py:190} INFO - [2024-09-28T20:07:11.464+0000] {dag.py:4180} INFO - Setting next_dagrun for dataset_alias_example_alias_consumer to None, run_after=None
[2024-09-28T20:07:11.467+0000] {logging_mixin.py:190} INFO - [2024-09-28T20:07:11.466+0000] {dag.py:4180} INFO - Setting next_dagrun for dataset_alias_example_alias_producer to None, run_after=None
[2024-09-28T20:07:11.469+0000] {logging_mixin.py:190} INFO - [2024-09-28T20:07:11.468+0000] {dag.py:4180} INFO - Setting next_dagrun for dataset_s3_bucket_consumer to None, run_after=None
[2024-09-28T20:07:11.470+0000] {logging_mixin.py:190} INFO - [2024-09-28T20:07:11.470+0000] {dag.py:4180} INFO - Setting next_dagrun for dataset_s3_bucket_producer to None, run_after=None
[2024-09-28T20:07:11.487+0000] {processor.py:208} INFO - Processing /home/airflow/.local/lib/python3.12/site-packages/airflow/example_dags/example_dataset_alias.py took 0.156 seconds
[2024-09-28T20:07:42.670+0000] {processor.py:186} INFO - Started process (PID=422) to work on /home/airflow/.local/lib/python3.12/site-packages/airflow/example_dags/example_dataset_alias.py
[2024-09-28T20:07:42.671+0000] {processor.py:914} INFO - Processing file /home/airflow/.local/lib/python3.12/site-packages/airflow/example_dags/example_dataset_alias.py for tasks to queue
[2024-09-28T20:07:42.673+0000] {logging_mixin.py:190} INFO - [2024-09-28T20:07:42.673+0000] {dagbag.py:588} INFO - Filling up the DagBag from /home/airflow/.local/lib/python3.12/site-packages/airflow/example_dags/example_dataset_alias.py
[2024-09-28T20:07:42.782+0000] {processor.py:925} INFO - DAG(s) 'dataset_alias_example_alias_consumer', 'dataset_s3_bucket_consumer', 'dataset_alias_example_alias_producer', 'dataset_s3_bucket_producer' retrieved from /home/airflow/.local/lib/python3.12/site-packages/airflow/example_dags/example_dataset_alias.py
[2024-09-28T20:07:42.797+0000] {logging_mixin.py:190} INFO - [2024-09-28T20:07:42.797+0000] {dag.py:3239} INFO - Sync 4 DAGs
[2024-09-28T20:07:42.813+0000] {logging_mixin.py:190} INFO - [2024-09-28T20:07:42.813+0000] {dag.py:4180} INFO - Setting next_dagrun for dataset_alias_example_alias_consumer to None, run_after=None
[2024-09-28T20:07:42.816+0000] {logging_mixin.py:190} INFO - [2024-09-28T20:07:42.816+0000] {dag.py:4180} INFO - Setting next_dagrun for dataset_alias_example_alias_producer to None, run_after=None
[2024-09-28T20:07:42.818+0000] {logging_mixin.py:190} INFO - [2024-09-28T20:07:42.817+0000] {dag.py:4180} INFO - Setting next_dagrun for dataset_s3_bucket_consumer to None, run_after=None
[2024-09-28T20:07:42.823+0000] {logging_mixin.py:190} INFO - [2024-09-28T20:07:42.823+0000] {dag.py:4180} INFO - Setting next_dagrun for dataset_s3_bucket_producer to None, run_after=None
[2024-09-28T20:07:42.842+0000] {processor.py:208} INFO - Processing /home/airflow/.local/lib/python3.12/site-packages/airflow/example_dags/example_dataset_alias.py took 0.176 seconds
[2024-09-28T20:08:12.904+0000] {processor.py:186} INFO - Started process (PID=487) to work on /home/airflow/.local/lib/python3.12/site-packages/airflow/example_dags/example_dataset_alias.py
[2024-09-28T20:08:12.905+0000] {processor.py:914} INFO - Processing file /home/airflow/.local/lib/python3.12/site-packages/airflow/example_dags/example_dataset_alias.py for tasks to queue
[2024-09-28T20:08:12.907+0000] {logging_mixin.py:190} INFO - [2024-09-28T20:08:12.907+0000] {dagbag.py:588} INFO - Filling up the DagBag from /home/airflow/.local/lib/python3.12/site-packages/airflow/example_dags/example_dataset_alias.py
[2024-09-28T20:08:13.010+0000] {processor.py:925} INFO - DAG(s) 'dataset_alias_example_alias_producer', 'dataset_alias_example_alias_consumer', 'dataset_s3_bucket_producer', 'dataset_s3_bucket_consumer' retrieved from /home/airflow/.local/lib/python3.12/site-packages/airflow/example_dags/example_dataset_alias.py
[2024-09-28T20:08:13.023+0000] {logging_mixin.py:190} INFO - [2024-09-28T20:08:13.022+0000] {dag.py:3239} INFO - Sync 4 DAGs
[2024-09-28T20:08:13.040+0000] {logging_mixin.py:190} INFO - [2024-09-28T20:08:13.040+0000] {dag.py:4180} INFO - Setting next_dagrun for dataset_alias_example_alias_consumer to None, run_after=None
[2024-09-28T20:08:13.043+0000] {logging_mixin.py:190} INFO - [2024-09-28T20:08:13.042+0000] {dag.py:4180} INFO - Setting next_dagrun for dataset_alias_example_alias_producer to None, run_after=None
[2024-09-28T20:08:13.044+0000] {logging_mixin.py:190} INFO - [2024-09-28T20:08:13.044+0000] {dag.py:4180} INFO - Setting next_dagrun for dataset_s3_bucket_consumer to None, run_after=None
[2024-09-28T20:08:13.045+0000] {logging_mixin.py:190} INFO - [2024-09-28T20:08:13.045+0000] {dag.py:4180} INFO - Setting next_dagrun for dataset_s3_bucket_producer to None, run_after=None
[2024-09-28T20:08:13.059+0000] {processor.py:208} INFO - Processing /home/airflow/.local/lib/python3.12/site-packages/airflow/example_dags/example_dataset_alias.py took 0.158 seconds
[2024-09-28T20:08:43.937+0000] {processor.py:186} INFO - Started process (PID=552) to work on /home/airflow/.local/lib/python3.12/site-packages/airflow/example_dags/example_dataset_alias.py
[2024-09-28T20:08:43.938+0000] {processor.py:914} INFO - Processing file /home/airflow/.local/lib/python3.12/site-packages/airflow/example_dags/example_dataset_alias.py for tasks to queue
[2024-09-28T20:08:43.941+0000] {logging_mixin.py:190} INFO - [2024-09-28T20:08:43.940+0000] {dagbag.py:588} INFO - Filling up the DagBag from /home/airflow/.local/lib/python3.12/site-packages/airflow/example_dags/example_dataset_alias.py
[2024-09-28T20:08:44.053+0000] {processor.py:925} INFO - DAG(s) 'dataset_alias_example_alias_consumer', 'dataset_s3_bucket_consumer', 'dataset_s3_bucket_producer', 'dataset_alias_example_alias_producer' retrieved from /home/airflow/.local/lib/python3.12/site-packages/airflow/example_dags/example_dataset_alias.py
[2024-09-28T20:08:44.068+0000] {logging_mixin.py:190} INFO - [2024-09-28T20:08:44.068+0000] {dag.py:3239} INFO - Sync 4 DAGs
[2024-09-28T20:08:44.084+0000] {logging_mixin.py:190} INFO - [2024-09-28T20:08:44.084+0000] {dag.py:4180} INFO - Setting next_dagrun for dataset_alias_example_alias_consumer to None, run_after=None
[2024-09-28T20:08:44.086+0000] {logging_mixin.py:190} INFO - [2024-09-28T20:08:44.086+0000] {dag.py:4180} INFO - Setting next_dagrun for dataset_alias_example_alias_producer to None, run_after=None
[2024-09-28T20:08:44.088+0000] {logging_mixin.py:190} INFO - [2024-09-28T20:08:44.088+0000] {dag.py:4180} INFO - Setting next_dagrun for dataset_s3_bucket_consumer to None, run_after=None
[2024-09-28T20:08:44.089+0000] {logging_mixin.py:190} INFO - [2024-09-28T20:08:44.089+0000] {dag.py:4180} INFO - Setting next_dagrun for dataset_s3_bucket_producer to None, run_after=None
[2024-09-28T20:08:44.105+0000] {processor.py:208} INFO - Processing /home/airflow/.local/lib/python3.12/site-packages/airflow/example_dags/example_dataset_alias.py took 0.173 seconds
[2024-09-28T20:09:14.853+0000] {processor.py:186} INFO - Started process (PID=617) to work on /home/airflow/.local/lib/python3.12/site-packages/airflow/example_dags/example_dataset_alias.py
[2024-09-28T20:09:14.854+0000] {processor.py:914} INFO - Processing file /home/airflow/.local/lib/python3.12/site-packages/airflow/example_dags/example_dataset_alias.py for tasks to queue
[2024-09-28T20:09:14.856+0000] {logging_mixin.py:190} INFO - [2024-09-28T20:09:14.855+0000] {dagbag.py:588} INFO - Filling up the DagBag from /home/airflow/.local/lib/python3.12/site-packages/airflow/example_dags/example_dataset_alias.py
[2024-09-28T20:09:14.956+0000] {processor.py:925} INFO - DAG(s) 'dataset_s3_bucket_producer', 'dataset_s3_bucket_consumer', 'dataset_alias_example_alias_consumer', 'dataset_alias_example_alias_producer' retrieved from /home/airflow/.local/lib/python3.12/site-packages/airflow/example_dags/example_dataset_alias.py
[2024-09-28T20:09:14.970+0000] {logging_mixin.py:190} INFO - [2024-09-28T20:09:14.970+0000] {dag.py:3239} INFO - Sync 4 DAGs
[2024-09-28T20:09:14.986+0000] {logging_mixin.py:190} INFO - [2024-09-28T20:09:14.986+0000] {dag.py:4180} INFO - Setting next_dagrun for dataset_alias_example_alias_consumer to None, run_after=None
[2024-09-28T20:09:14.988+0000] {logging_mixin.py:190} INFO - [2024-09-28T20:09:14.988+0000] {dag.py:4180} INFO - Setting next_dagrun for dataset_alias_example_alias_producer to None, run_after=None
[2024-09-28T20:09:14.989+0000] {logging_mixin.py:190} INFO - [2024-09-28T20:09:14.989+0000] {dag.py:4180} INFO - Setting next_dagrun for dataset_s3_bucket_consumer to None, run_after=None
[2024-09-28T20:09:14.990+0000] {logging_mixin.py:190} INFO - [2024-09-28T20:09:14.990+0000] {dag.py:4180} INFO - Setting next_dagrun for dataset_s3_bucket_producer to None, run_after=None
[2024-09-28T20:09:15.022+0000] {processor.py:208} INFO - Processing /home/airflow/.local/lib/python3.12/site-packages/airflow/example_dags/example_dataset_alias.py took 0.173 seconds
[2024-09-28T20:09:45.974+0000] {processor.py:186} INFO - Started process (PID=683) to work on /home/airflow/.local/lib/python3.12/site-packages/airflow/example_dags/example_dataset_alias.py
[2024-09-28T20:09:45.975+0000] {processor.py:914} INFO - Processing file /home/airflow/.local/lib/python3.12/site-packages/airflow/example_dags/example_dataset_alias.py for tasks to queue
[2024-09-28T20:09:45.976+0000] {logging_mixin.py:190} INFO - [2024-09-28T20:09:45.976+0000] {dagbag.py:588} INFO - Filling up the DagBag from /home/airflow/.local/lib/python3.12/site-packages/airflow/example_dags/example_dataset_alias.py
[2024-09-28T20:09:46.076+0000] {processor.py:925} INFO - DAG(s) 'dataset_s3_bucket_consumer', 'dataset_alias_example_alias_producer', 'dataset_s3_bucket_producer', 'dataset_alias_example_alias_consumer' retrieved from /home/airflow/.local/lib/python3.12/site-packages/airflow/example_dags/example_dataset_alias.py
[2024-09-28T20:09:46.089+0000] {logging_mixin.py:190} INFO - [2024-09-28T20:09:46.089+0000] {dag.py:3239} INFO - Sync 4 DAGs
[2024-09-28T20:09:46.103+0000] {logging_mixin.py:190} INFO - [2024-09-28T20:09:46.103+0000] {dag.py:4180} INFO - Setting next_dagrun for dataset_alias_example_alias_consumer to None, run_after=None
[2024-09-28T20:09:46.106+0000] {logging_mixin.py:190} INFO - [2024-09-28T20:09:46.106+0000] {dag.py:4180} INFO - Setting next_dagrun for dataset_alias_example_alias_producer to None, run_after=None
[2024-09-28T20:09:46.107+0000] {logging_mixin.py:190} INFO - [2024-09-28T20:09:46.107+0000] {dag.py:4180} INFO - Setting next_dagrun for dataset_s3_bucket_consumer to None, run_after=None
[2024-09-28T20:09:46.108+0000] {logging_mixin.py:190} INFO - [2024-09-28T20:09:46.108+0000] {dag.py:4180} INFO - Setting next_dagrun for dataset_s3_bucket_producer to None, run_after=None
[2024-09-28T20:09:46.122+0000] {processor.py:208} INFO - Processing /home/airflow/.local/lib/python3.12/site-packages/airflow/example_dags/example_dataset_alias.py took 0.152 seconds
[2024-09-28T20:10:16.291+0000] {processor.py:186} INFO - Started process (PID=749) to work on /home/airflow/.local/lib/python3.12/site-packages/airflow/example_dags/example_dataset_alias.py
[2024-09-28T20:10:16.292+0000] {processor.py:914} INFO - Processing file /home/airflow/.local/lib/python3.12/site-packages/airflow/example_dags/example_dataset_alias.py for tasks to queue
[2024-09-28T20:10:16.294+0000] {logging_mixin.py:190} INFO - [2024-09-28T20:10:16.293+0000] {dagbag.py:588} INFO - Filling up the DagBag from /home/airflow/.local/lib/python3.12/site-packages/airflow/example_dags/example_dataset_alias.py
[2024-09-28T20:10:16.410+0000] {processor.py:925} INFO - DAG(s) 'dataset_alias_example_alias_producer', 'dataset_alias_example_alias_consumer', 'dataset_s3_bucket_producer', 'dataset_s3_bucket_consumer' retrieved from /home/airflow/.local/lib/python3.12/site-packages/airflow/example_dags/example_dataset_alias.py
[2024-09-28T20:10:16.428+0000] {logging_mixin.py:190} INFO - [2024-09-28T20:10:16.428+0000] {dag.py:3239} INFO - Sync 4 DAGs
[2024-09-28T20:10:16.445+0000] {logging_mixin.py:190} INFO - [2024-09-28T20:10:16.445+0000] {dag.py:4180} INFO - Setting next_dagrun for dataset_alias_example_alias_consumer to None, run_after=None
[2024-09-28T20:10:16.449+0000] {logging_mixin.py:190} INFO - [2024-09-28T20:10:16.449+0000] {dag.py:4180} INFO - Setting next_dagrun for dataset_alias_example_alias_producer to None, run_after=None
[2024-09-28T20:10:16.451+0000] {logging_mixin.py:190} INFO - [2024-09-28T20:10:16.450+0000] {dag.py:4180} INFO - Setting next_dagrun for dataset_s3_bucket_consumer to None, run_after=None
[2024-09-28T20:10:16.452+0000] {logging_mixin.py:190} INFO - [2024-09-28T20:10:16.452+0000] {dag.py:4180} INFO - Setting next_dagrun for dataset_s3_bucket_producer to None, run_after=None
[2024-09-28T20:10:16.470+0000] {processor.py:208} INFO - Processing /home/airflow/.local/lib/python3.12/site-packages/airflow/example_dags/example_dataset_alias.py took 0.183 seconds
[2024-09-28T20:10:46.540+0000] {processor.py:186} INFO - Started process (PID=815) to work on /home/airflow/.local/lib/python3.12/site-packages/airflow/example_dags/example_dataset_alias.py
[2024-09-28T20:10:46.541+0000] {processor.py:914} INFO - Processing file /home/airflow/.local/lib/python3.12/site-packages/airflow/example_dags/example_dataset_alias.py for tasks to queue
[2024-09-28T20:10:46.542+0000] {logging_mixin.py:190} INFO - [2024-09-28T20:10:46.542+0000] {dagbag.py:588} INFO - Filling up the DagBag from /home/airflow/.local/lib/python3.12/site-packages/airflow/example_dags/example_dataset_alias.py
[2024-09-28T20:10:46.640+0000] {processor.py:925} INFO - DAG(s) 'dataset_alias_example_alias_consumer', 'dataset_s3_bucket_consumer', 'dataset_alias_example_alias_producer', 'dataset_s3_bucket_producer' retrieved from /home/airflow/.local/lib/python3.12/site-packages/airflow/example_dags/example_dataset_alias.py
[2024-09-28T20:10:46.653+0000] {logging_mixin.py:190} INFO - [2024-09-28T20:10:46.652+0000] {dag.py:3239} INFO - Sync 4 DAGs
[2024-09-28T20:10:46.666+0000] {logging_mixin.py:190} INFO - [2024-09-28T20:10:46.666+0000] {dag.py:4180} INFO - Setting next_dagrun for dataset_alias_example_alias_consumer to None, run_after=None
[2024-09-28T20:10:46.668+0000] {logging_mixin.py:190} INFO - [2024-09-28T20:10:46.668+0000] {dag.py:4180} INFO - Setting next_dagrun for dataset_alias_example_alias_producer to None, run_after=None
[2024-09-28T20:10:46.669+0000] {logging_mixin.py:190} INFO - [2024-09-28T20:10:46.669+0000] {dag.py:4180} INFO - Setting next_dagrun for dataset_s3_bucket_consumer to None, run_after=None
[2024-09-28T20:10:46.670+0000] {logging_mixin.py:190} INFO - [2024-09-28T20:10:46.670+0000] {dag.py:4180} INFO - Setting next_dagrun for dataset_s3_bucket_producer to None, run_after=None
[2024-09-28T20:10:46.687+0000] {processor.py:208} INFO - Processing /home/airflow/.local/lib/python3.12/site-packages/airflow/example_dags/example_dataset_alias.py took 0.151 seconds
[2024-09-28T20:11:16.797+0000] {processor.py:186} INFO - Started process (PID=885) to work on /home/airflow/.local/lib/python3.12/site-packages/airflow/example_dags/example_dataset_alias.py
[2024-09-28T20:11:16.798+0000] {processor.py:914} INFO - Processing file /home/airflow/.local/lib/python3.12/site-packages/airflow/example_dags/example_dataset_alias.py for tasks to queue
[2024-09-28T20:11:16.800+0000] {logging_mixin.py:190} INFO - [2024-09-28T20:11:16.800+0000] {dagbag.py:588} INFO - Filling up the DagBag from /home/airflow/.local/lib/python3.12/site-packages/airflow/example_dags/example_dataset_alias.py
[2024-09-28T20:11:16.938+0000] {processor.py:925} INFO - DAG(s) 'dataset_alias_example_alias_producer', 'dataset_s3_bucket_consumer', 'dataset_s3_bucket_producer', 'dataset_alias_example_alias_consumer' retrieved from /home/airflow/.local/lib/python3.12/site-packages/airflow/example_dags/example_dataset_alias.py
[2024-09-28T20:11:16.957+0000] {logging_mixin.py:190} INFO - [2024-09-28T20:11:16.957+0000] {dag.py:3239} INFO - Sync 4 DAGs
[2024-09-28T20:11:16.974+0000] {logging_mixin.py:190} INFO - [2024-09-28T20:11:16.974+0000] {dag.py:4180} INFO - Setting next_dagrun for dataset_alias_example_alias_consumer to None, run_after=None
[2024-09-28T20:11:16.976+0000] {logging_mixin.py:190} INFO - [2024-09-28T20:11:16.976+0000] {dag.py:4180} INFO - Setting next_dagrun for dataset_alias_example_alias_producer to None, run_after=None
[2024-09-28T20:11:16.978+0000] {logging_mixin.py:190} INFO - [2024-09-28T20:11:16.978+0000] {dag.py:4180} INFO - Setting next_dagrun for dataset_s3_bucket_consumer to None, run_after=None
[2024-09-28T20:11:16.979+0000] {logging_mixin.py:190} INFO - [2024-09-28T20:11:16.979+0000] {dag.py:4180} INFO - Setting next_dagrun for dataset_s3_bucket_producer to None, run_after=None
[2024-09-28T20:11:17.001+0000] {processor.py:208} INFO - Processing /home/airflow/.local/lib/python3.12/site-packages/airflow/example_dags/example_dataset_alias.py took 0.210 seconds
[2024-09-28T20:11:47.243+0000] {processor.py:186} INFO - Started process (PID=951) to work on /home/airflow/.local/lib/python3.12/site-packages/airflow/example_dags/example_dataset_alias.py
[2024-09-28T20:11:47.244+0000] {processor.py:914} INFO - Processing file /home/airflow/.local/lib/python3.12/site-packages/airflow/example_dags/example_dataset_alias.py for tasks to queue
[2024-09-28T20:11:47.246+0000] {logging_mixin.py:190} INFO - [2024-09-28T20:11:47.246+0000] {dagbag.py:588} INFO - Filling up the DagBag from /home/airflow/.local/lib/python3.12/site-packages/airflow/example_dags/example_dataset_alias.py
[2024-09-28T20:11:47.352+0000] {processor.py:925} INFO - DAG(s) 'dataset_s3_bucket_consumer', 'dataset_alias_example_alias_consumer', 'dataset_s3_bucket_producer', 'dataset_alias_example_alias_producer' retrieved from /home/airflow/.local/lib/python3.12/site-packages/airflow/example_dags/example_dataset_alias.py
[2024-09-28T20:11:47.368+0000] {logging_mixin.py:190} INFO - [2024-09-28T20:11:47.368+0000] {dag.py:3239} INFO - Sync 4 DAGs
[2024-09-28T20:11:47.384+0000] {logging_mixin.py:190} INFO - [2024-09-28T20:11:47.384+0000] {dag.py:4180} INFO - Setting next_dagrun for dataset_alias_example_alias_consumer to None, run_after=None
[2024-09-28T20:11:47.387+0000] {logging_mixin.py:190} INFO - [2024-09-28T20:11:47.387+0000] {dag.py:4180} INFO - Setting next_dagrun for dataset_alias_example_alias_producer to None, run_after=None
[2024-09-28T20:11:47.388+0000] {logging_mixin.py:190} INFO - [2024-09-28T20:11:47.388+0000] {dag.py:4180} INFO - Setting next_dagrun for dataset_s3_bucket_consumer to None, run_after=None
[2024-09-28T20:11:47.389+0000] {logging_mixin.py:190} INFO - [2024-09-28T20:11:47.389+0000] {dag.py:4180} INFO - Setting next_dagrun for dataset_s3_bucket_producer to None, run_after=None
[2024-09-28T20:11:47.407+0000] {processor.py:208} INFO - Processing /home/airflow/.local/lib/python3.12/site-packages/airflow/example_dags/example_dataset_alias.py took 0.168 seconds
[2024-09-28T20:12:17.643+0000] {processor.py:186} INFO - Started process (PID=1017) to work on /home/airflow/.local/lib/python3.12/site-packages/airflow/example_dags/example_dataset_alias.py
[2024-09-28T20:12:17.643+0000] {processor.py:914} INFO - Processing file /home/airflow/.local/lib/python3.12/site-packages/airflow/example_dags/example_dataset_alias.py for tasks to queue
[2024-09-28T20:12:17.645+0000] {logging_mixin.py:190} INFO - [2024-09-28T20:12:17.645+0000] {dagbag.py:588} INFO - Filling up the DagBag from /home/airflow/.local/lib/python3.12/site-packages/airflow/example_dags/example_dataset_alias.py
[2024-09-28T20:12:17.748+0000] {processor.py:925} INFO - DAG(s) 'dataset_s3_bucket_consumer', 'dataset_s3_bucket_producer', 'dataset_alias_example_alias_consumer', 'dataset_alias_example_alias_producer' retrieved from /home/airflow/.local/lib/python3.12/site-packages/airflow/example_dags/example_dataset_alias.py
[2024-09-28T20:12:17.761+0000] {logging_mixin.py:190} INFO - [2024-09-28T20:12:17.760+0000] {dag.py:3239} INFO - Sync 4 DAGs
[2024-09-28T20:12:17.775+0000] {logging_mixin.py:190} INFO - [2024-09-28T20:12:17.775+0000] {dag.py:4180} INFO - Setting next_dagrun for dataset_alias_example_alias_consumer to None, run_after=None
[2024-09-28T20:12:17.777+0000] {logging_mixin.py:190} INFO - [2024-09-28T20:12:17.777+0000] {dag.py:4180} INFO - Setting next_dagrun for dataset_alias_example_alias_producer to None, run_after=None
[2024-09-28T20:12:17.778+0000] {logging_mixin.py:190} INFO - [2024-09-28T20:12:17.778+0000] {dag.py:4180} INFO - Setting next_dagrun for dataset_s3_bucket_consumer to None, run_after=None
[2024-09-28T20:12:17.779+0000] {logging_mixin.py:190} INFO - [2024-09-28T20:12:17.779+0000] {dag.py:4180} INFO - Setting next_dagrun for dataset_s3_bucket_producer to None, run_after=None
[2024-09-28T20:12:17.794+0000] {processor.py:208} INFO - Processing /home/airflow/.local/lib/python3.12/site-packages/airflow/example_dags/example_dataset_alias.py took 0.155 seconds
[2024-09-28T20:12:48.660+0000] {processor.py:186} INFO - Started process (PID=1083) to work on /home/airflow/.local/lib/python3.12/site-packages/airflow/example_dags/example_dataset_alias.py
[2024-09-28T20:12:48.661+0000] {processor.py:914} INFO - Processing file /home/airflow/.local/lib/python3.12/site-packages/airflow/example_dags/example_dataset_alias.py for tasks to queue
[2024-09-28T20:12:48.663+0000] {logging_mixin.py:190} INFO - [2024-09-28T20:12:48.663+0000] {dagbag.py:588} INFO - Filling up the DagBag from /home/airflow/.local/lib/python3.12/site-packages/airflow/example_dags/example_dataset_alias.py
[2024-09-28T20:12:48.762+0000] {processor.py:925} INFO - DAG(s) 'dataset_s3_bucket_consumer', 'dataset_alias_example_alias_consumer', 'dataset_alias_example_alias_producer', 'dataset_s3_bucket_producer' retrieved from /home/airflow/.local/lib/python3.12/site-packages/airflow/example_dags/example_dataset_alias.py
[2024-09-28T20:12:48.775+0000] {logging_mixin.py:190} INFO - [2024-09-28T20:12:48.775+0000] {dag.py:3239} INFO - Sync 4 DAGs
[2024-09-28T20:12:48.789+0000] {logging_mixin.py:190} INFO - [2024-09-28T20:12:48.789+0000] {dag.py:4180} INFO - Setting next_dagrun for dataset_alias_example_alias_consumer to None, run_after=None
[2024-09-28T20:12:48.792+0000] {logging_mixin.py:190} INFO - [2024-09-28T20:12:48.792+0000] {dag.py:4180} INFO - Setting next_dagrun for dataset_alias_example_alias_producer to None, run_after=None
[2024-09-28T20:12:48.793+0000] {logging_mixin.py:190} INFO - [2024-09-28T20:12:48.793+0000] {dag.py:4180} INFO - Setting next_dagrun for dataset_s3_bucket_consumer to None, run_after=None
[2024-09-28T20:12:48.794+0000] {logging_mixin.py:190} INFO - [2024-09-28T20:12:48.794+0000] {dag.py:4180} INFO - Setting next_dagrun for dataset_s3_bucket_producer to None, run_after=None
[2024-09-28T20:12:48.810+0000] {processor.py:208} INFO - Processing /home/airflow/.local/lib/python3.12/site-packages/airflow/example_dags/example_dataset_alias.py took 0.154 seconds
[2024-09-28T20:13:18.895+0000] {processor.py:186} INFO - Started process (PID=1149) to work on /home/airflow/.local/lib/python3.12/site-packages/airflow/example_dags/example_dataset_alias.py
[2024-09-28T20:13:18.896+0000] {processor.py:914} INFO - Processing file /home/airflow/.local/lib/python3.12/site-packages/airflow/example_dags/example_dataset_alias.py for tasks to queue
[2024-09-28T20:13:18.897+0000] {logging_mixin.py:190} INFO - [2024-09-28T20:13:18.897+0000] {dagbag.py:588} INFO - Filling up the DagBag from /home/airflow/.local/lib/python3.12/site-packages/airflow/example_dags/example_dataset_alias.py
[2024-09-28T20:13:19.005+0000] {processor.py:925} INFO - DAG(s) 'dataset_alias_example_alias_producer', 'dataset_alias_example_alias_consumer', 'dataset_s3_bucket_consumer', 'dataset_s3_bucket_producer' retrieved from /home/airflow/.local/lib/python3.12/site-packages/airflow/example_dags/example_dataset_alias.py
[2024-09-28T20:13:19.019+0000] {logging_mixin.py:190} INFO - [2024-09-28T20:13:19.018+0000] {dag.py:3239} INFO - Sync 4 DAGs
[2024-09-28T20:13:19.032+0000] {logging_mixin.py:190} INFO - [2024-09-28T20:13:19.032+0000] {dag.py:4180} INFO - Setting next_dagrun for dataset_alias_example_alias_consumer to None, run_after=None
[2024-09-28T20:13:19.034+0000] {logging_mixin.py:190} INFO - [2024-09-28T20:13:19.034+0000] {dag.py:4180} INFO - Setting next_dagrun for dataset_alias_example_alias_producer to None, run_after=None
[2024-09-28T20:13:19.036+0000] {logging_mixin.py:190} INFO - [2024-09-28T20:13:19.036+0000] {dag.py:4180} INFO - Setting next_dagrun for dataset_s3_bucket_consumer to None, run_after=None
[2024-09-28T20:13:19.037+0000] {logging_mixin.py:190} INFO - [2024-09-28T20:13:19.037+0000] {dag.py:4180} INFO - Setting next_dagrun for dataset_s3_bucket_producer to None, run_after=None
[2024-09-28T20:13:19.052+0000] {processor.py:208} INFO - Processing /home/airflow/.local/lib/python3.12/site-packages/airflow/example_dags/example_dataset_alias.py took 0.161 seconds
[2024-09-28T20:13:49.166+0000] {processor.py:186} INFO - Started process (PID=1214) to work on /home/airflow/.local/lib/python3.12/site-packages/airflow/example_dags/example_dataset_alias.py
[2024-09-28T20:13:49.167+0000] {processor.py:914} INFO - Processing file /home/airflow/.local/lib/python3.12/site-packages/airflow/example_dags/example_dataset_alias.py for tasks to queue
[2024-09-28T20:13:49.169+0000] {logging_mixin.py:190} INFO - [2024-09-28T20:13:49.168+0000] {dagbag.py:588} INFO - Filling up the DagBag from /home/airflow/.local/lib/python3.12/site-packages/airflow/example_dags/example_dataset_alias.py
[2024-09-28T20:13:49.274+0000] {processor.py:925} INFO - DAG(s) 'dataset_alias_example_alias_producer', 'dataset_s3_bucket_producer', 'dataset_s3_bucket_consumer', 'dataset_alias_example_alias_consumer' retrieved from /home/airflow/.local/lib/python3.12/site-packages/airflow/example_dags/example_dataset_alias.py
[2024-09-28T20:13:49.288+0000] {logging_mixin.py:190} INFO - [2024-09-28T20:13:49.288+0000] {dag.py:3239} INFO - Sync 4 DAGs
[2024-09-28T20:13:49.303+0000] {logging_mixin.py:190} INFO - [2024-09-28T20:13:49.302+0000] {dag.py:4180} INFO - Setting next_dagrun for dataset_alias_example_alias_consumer to None, run_after=None
[2024-09-28T20:13:49.305+0000] {logging_mixin.py:190} INFO - [2024-09-28T20:13:49.305+0000] {dag.py:4180} INFO - Setting next_dagrun for dataset_alias_example_alias_producer to None, run_after=None
[2024-09-28T20:13:49.306+0000] {logging_mixin.py:190} INFO - [2024-09-28T20:13:49.306+0000] {dag.py:4180} INFO - Setting next_dagrun for dataset_s3_bucket_consumer to None, run_after=None
[2024-09-28T20:13:49.307+0000] {logging_mixin.py:190} INFO - [2024-09-28T20:13:49.307+0000] {dag.py:4180} INFO - Setting next_dagrun for dataset_s3_bucket_producer to None, run_after=None
[2024-09-28T20:13:49.321+0000] {processor.py:208} INFO - Processing /home/airflow/.local/lib/python3.12/site-packages/airflow/example_dags/example_dataset_alias.py took 0.159 seconds
[2024-09-28T20:14:19.500+0000] {processor.py:186} INFO - Started process (PID=1280) to work on /home/airflow/.local/lib/python3.12/site-packages/airflow/example_dags/example_dataset_alias.py
[2024-09-28T20:14:19.501+0000] {processor.py:914} INFO - Processing file /home/airflow/.local/lib/python3.12/site-packages/airflow/example_dags/example_dataset_alias.py for tasks to queue
[2024-09-28T20:14:19.503+0000] {logging_mixin.py:190} INFO - [2024-09-28T20:14:19.502+0000] {dagbag.py:588} INFO - Filling up the DagBag from /home/airflow/.local/lib/python3.12/site-packages/airflow/example_dags/example_dataset_alias.py
[2024-09-28T20:14:19.612+0000] {processor.py:925} INFO - DAG(s) 'dataset_alias_example_alias_consumer', 'dataset_alias_example_alias_producer', 'dataset_s3_bucket_producer', 'dataset_s3_bucket_consumer' retrieved from /home/airflow/.local/lib/python3.12/site-packages/airflow/example_dags/example_dataset_alias.py
[2024-09-28T20:14:19.627+0000] {logging_mixin.py:190} INFO - [2024-09-28T20:14:19.627+0000] {dag.py:3239} INFO - Sync 4 DAGs
[2024-09-28T20:14:19.642+0000] {logging_mixin.py:190} INFO - [2024-09-28T20:14:19.642+0000] {dag.py:4180} INFO - Setting next_dagrun for dataset_alias_example_alias_consumer to None, run_after=None
[2024-09-28T20:14:19.645+0000] {logging_mixin.py:190} INFO - [2024-09-28T20:14:19.645+0000] {dag.py:4180} INFO - Setting next_dagrun for dataset_alias_example_alias_producer to None, run_after=None
[2024-09-28T20:14:19.646+0000] {logging_mixin.py:190} INFO - [2024-09-28T20:14:19.646+0000] {dag.py:4180} INFO - Setting next_dagrun for dataset_s3_bucket_consumer to None, run_after=None
[2024-09-28T20:14:19.647+0000] {logging_mixin.py:190} INFO - [2024-09-28T20:14:19.647+0000] {dag.py:4180} INFO - Setting next_dagrun for dataset_s3_bucket_producer to None, run_after=None
[2024-09-28T20:14:19.666+0000] {processor.py:208} INFO - Processing /home/airflow/.local/lib/python3.12/site-packages/airflow/example_dags/example_dataset_alias.py took 0.169 seconds
[2024-09-28T20:14:49.902+0000] {processor.py:186} INFO - Started process (PID=1346) to work on /home/airflow/.local/lib/python3.12/site-packages/airflow/example_dags/example_dataset_alias.py
[2024-09-28T20:14:49.903+0000] {processor.py:914} INFO - Processing file /home/airflow/.local/lib/python3.12/site-packages/airflow/example_dags/example_dataset_alias.py for tasks to queue
[2024-09-28T20:14:49.904+0000] {logging_mixin.py:190} INFO - [2024-09-28T20:14:49.904+0000] {dagbag.py:588} INFO - Filling up the DagBag from /home/airflow/.local/lib/python3.12/site-packages/airflow/example_dags/example_dataset_alias.py
[2024-09-28T20:14:50.015+0000] {processor.py:925} INFO - DAG(s) 'dataset_s3_bucket_consumer', 'dataset_s3_bucket_producer', 'dataset_alias_example_alias_consumer', 'dataset_alias_example_alias_producer' retrieved from /home/airflow/.local/lib/python3.12/site-packages/airflow/example_dags/example_dataset_alias.py
[2024-09-28T20:14:50.028+0000] {logging_mixin.py:190} INFO - [2024-09-28T20:14:50.028+0000] {dag.py:3239} INFO - Sync 4 DAGs
[2024-09-28T20:14:50.041+0000] {logging_mixin.py:190} INFO - [2024-09-28T20:14:50.041+0000] {dag.py:4180} INFO - Setting next_dagrun for dataset_alias_example_alias_consumer to None, run_after=None
[2024-09-28T20:14:50.044+0000] {logging_mixin.py:190} INFO - [2024-09-28T20:14:50.044+0000] {dag.py:4180} INFO - Setting next_dagrun for dataset_alias_example_alias_producer to None, run_after=None
[2024-09-28T20:14:50.045+0000] {logging_mixin.py:190} INFO - [2024-09-28T20:14:50.045+0000] {dag.py:4180} INFO - Setting next_dagrun for dataset_s3_bucket_consumer to None, run_after=None
[2024-09-28T20:14:50.046+0000] {logging_mixin.py:190} INFO - [2024-09-28T20:14:50.046+0000] {dag.py:4180} INFO - Setting next_dagrun for dataset_s3_bucket_producer to None, run_after=None
[2024-09-28T20:14:50.060+0000] {processor.py:208} INFO - Processing /home/airflow/.local/lib/python3.12/site-packages/airflow/example_dags/example_dataset_alias.py took 0.162 seconds
[2024-09-28T20:15:20.142+0000] {processor.py:186} INFO - Started process (PID=1412) to work on /home/airflow/.local/lib/python3.12/site-packages/airflow/example_dags/example_dataset_alias.py
[2024-09-28T20:15:20.143+0000] {processor.py:914} INFO - Processing file /home/airflow/.local/lib/python3.12/site-packages/airflow/example_dags/example_dataset_alias.py for tasks to queue
[2024-09-28T20:15:20.144+0000] {logging_mixin.py:190} INFO - [2024-09-28T20:15:20.144+0000] {dagbag.py:588} INFO - Filling up the DagBag from /home/airflow/.local/lib/python3.12/site-packages/airflow/example_dags/example_dataset_alias.py
[2024-09-28T20:15:20.243+0000] {processor.py:925} INFO - DAG(s) 'dataset_alias_example_alias_consumer', 'dataset_s3_bucket_consumer', 'dataset_alias_example_alias_producer', 'dataset_s3_bucket_producer' retrieved from /home/airflow/.local/lib/python3.12/site-packages/airflow/example_dags/example_dataset_alias.py
[2024-09-28T20:15:20.256+0000] {logging_mixin.py:190} INFO - [2024-09-28T20:15:20.256+0000] {dag.py:3239} INFO - Sync 4 DAGs
[2024-09-28T20:15:20.270+0000] {logging_mixin.py:190} INFO - [2024-09-28T20:15:20.270+0000] {dag.py:4180} INFO - Setting next_dagrun for dataset_alias_example_alias_consumer to None, run_after=None
[2024-09-28T20:15:20.272+0000] {logging_mixin.py:190} INFO - [2024-09-28T20:15:20.272+0000] {dag.py:4180} INFO - Setting next_dagrun for dataset_alias_example_alias_producer to None, run_after=None
[2024-09-28T20:15:20.273+0000] {logging_mixin.py:190} INFO - [2024-09-28T20:15:20.273+0000] {dag.py:4180} INFO - Setting next_dagrun for dataset_s3_bucket_consumer to None, run_after=None
[2024-09-28T20:15:20.275+0000] {logging_mixin.py:190} INFO - [2024-09-28T20:15:20.274+0000] {dag.py:4180} INFO - Setting next_dagrun for dataset_s3_bucket_producer to None, run_after=None
[2024-09-28T20:15:20.286+0000] {processor.py:208} INFO - Processing /home/airflow/.local/lib/python3.12/site-packages/airflow/example_dags/example_dataset_alias.py took 0.148 seconds
[2024-09-28T20:16:30.473+0000] {processor.py:186} INFO - Started process (PID=116) to work on /home/airflow/.local/lib/python3.12/site-packages/airflow/example_dags/example_dataset_alias.py
[2024-09-28T20:16:30.474+0000] {processor.py:914} INFO - Processing file /home/airflow/.local/lib/python3.12/site-packages/airflow/example_dags/example_dataset_alias.py for tasks to queue
[2024-09-28T20:16:30.476+0000] {logging_mixin.py:190} INFO - [2024-09-28T20:16:30.476+0000] {dagbag.py:588} INFO - Filling up the DagBag from /home/airflow/.local/lib/python3.12/site-packages/airflow/example_dags/example_dataset_alias.py
[2024-09-28T20:16:30.571+0000] {processor.py:925} INFO - DAG(s) 'dataset_alias_example_alias_producer', 'dataset_alias_example_alias_consumer', 'dataset_s3_bucket_consumer', 'dataset_s3_bucket_producer' retrieved from /home/airflow/.local/lib/python3.12/site-packages/airflow/example_dags/example_dataset_alias.py
[2024-09-28T20:16:30.583+0000] {logging_mixin.py:190} INFO - [2024-09-28T20:16:30.583+0000] {dag.py:3239} INFO - Sync 4 DAGs
[2024-09-28T20:16:30.597+0000] {logging_mixin.py:190} INFO - [2024-09-28T20:16:30.597+0000] {dag.py:4180} INFO - Setting next_dagrun for dataset_alias_example_alias_consumer to None, run_after=None
[2024-09-28T20:16:30.599+0000] {logging_mixin.py:190} INFO - [2024-09-28T20:16:30.599+0000] {dag.py:4180} INFO - Setting next_dagrun for dataset_alias_example_alias_producer to None, run_after=None
[2024-09-28T20:16:30.600+0000] {logging_mixin.py:190} INFO - [2024-09-28T20:16:30.600+0000] {dag.py:4180} INFO - Setting next_dagrun for dataset_s3_bucket_consumer to None, run_after=None
[2024-09-28T20:16:30.601+0000] {logging_mixin.py:190} INFO - [2024-09-28T20:16:30.601+0000] {dag.py:4180} INFO - Setting next_dagrun for dataset_s3_bucket_producer to None, run_after=None
[2024-09-28T20:16:30.616+0000] {processor.py:208} INFO - Processing /home/airflow/.local/lib/python3.12/site-packages/airflow/example_dags/example_dataset_alias.py took 0.146 seconds
[2024-09-28T20:17:00.927+0000] {processor.py:186} INFO - Started process (PID=184) to work on /home/airflow/.local/lib/python3.12/site-packages/airflow/example_dags/example_dataset_alias.py
[2024-09-28T20:17:00.928+0000] {processor.py:914} INFO - Processing file /home/airflow/.local/lib/python3.12/site-packages/airflow/example_dags/example_dataset_alias.py for tasks to queue
[2024-09-28T20:17:00.930+0000] {logging_mixin.py:190} INFO - [2024-09-28T20:17:00.930+0000] {dagbag.py:588} INFO - Filling up the DagBag from /home/airflow/.local/lib/python3.12/site-packages/airflow/example_dags/example_dataset_alias.py
[2024-09-28T20:17:01.027+0000] {processor.py:925} INFO - DAG(s) 'dataset_alias_example_alias_producer', 'dataset_alias_example_alias_consumer', 'dataset_s3_bucket_consumer', 'dataset_s3_bucket_producer' retrieved from /home/airflow/.local/lib/python3.12/site-packages/airflow/example_dags/example_dataset_alias.py
[2024-09-28T20:17:01.041+0000] {logging_mixin.py:190} INFO - [2024-09-28T20:17:01.040+0000] {dag.py:3239} INFO - Sync 4 DAGs
[2024-09-28T20:17:01.067+0000] {logging_mixin.py:190} INFO - [2024-09-28T20:17:01.067+0000] {dag.py:4180} INFO - Setting next_dagrun for dataset_alias_example_alias_consumer to None, run_after=None
[2024-09-28T20:17:01.069+0000] {logging_mixin.py:190} INFO - [2024-09-28T20:17:01.069+0000] {dag.py:4180} INFO - Setting next_dagrun for dataset_alias_example_alias_producer to None, run_after=None
[2024-09-28T20:17:01.071+0000] {logging_mixin.py:190} INFO - [2024-09-28T20:17:01.071+0000] {dag.py:4180} INFO - Setting next_dagrun for dataset_s3_bucket_consumer to None, run_after=None
[2024-09-28T20:17:01.072+0000] {logging_mixin.py:190} INFO - [2024-09-28T20:17:01.072+0000] {dag.py:4180} INFO - Setting next_dagrun for dataset_s3_bucket_producer to None, run_after=None
[2024-09-28T20:17:01.086+0000] {processor.py:208} INFO - Processing /home/airflow/.local/lib/python3.12/site-packages/airflow/example_dags/example_dataset_alias.py took 0.164 seconds
[2024-09-28T20:17:31.498+0000] {processor.py:186} INFO - Started process (PID=259) to work on /home/airflow/.local/lib/python3.12/site-packages/airflow/example_dags/example_dataset_alias.py
[2024-09-28T20:17:31.499+0000] {processor.py:914} INFO - Processing file /home/airflow/.local/lib/python3.12/site-packages/airflow/example_dags/example_dataset_alias.py for tasks to queue
[2024-09-28T20:17:31.501+0000] {logging_mixin.py:190} INFO - [2024-09-28T20:17:31.501+0000] {dagbag.py:588} INFO - Filling up the DagBag from /home/airflow/.local/lib/python3.12/site-packages/airflow/example_dags/example_dataset_alias.py
[2024-09-28T20:17:31.601+0000] {processor.py:925} INFO - DAG(s) 'dataset_s3_bucket_producer', 'dataset_alias_example_alias_producer', 'dataset_s3_bucket_consumer', 'dataset_alias_example_alias_consumer' retrieved from /home/airflow/.local/lib/python3.12/site-packages/airflow/example_dags/example_dataset_alias.py
[2024-09-28T20:17:31.614+0000] {logging_mixin.py:190} INFO - [2024-09-28T20:17:31.614+0000] {dag.py:3239} INFO - Sync 4 DAGs
[2024-09-28T20:17:31.629+0000] {logging_mixin.py:190} INFO - [2024-09-28T20:17:31.629+0000] {dag.py:4180} INFO - Setting next_dagrun for dataset_alias_example_alias_consumer to None, run_after=None
[2024-09-28T20:17:31.632+0000] {logging_mixin.py:190} INFO - [2024-09-28T20:17:31.632+0000] {dag.py:4180} INFO - Setting next_dagrun for dataset_alias_example_alias_producer to None, run_after=None
[2024-09-28T20:17:31.634+0000] {logging_mixin.py:190} INFO - [2024-09-28T20:17:31.634+0000] {dag.py:4180} INFO - Setting next_dagrun for dataset_s3_bucket_consumer to None, run_after=None
[2024-09-28T20:17:31.635+0000] {logging_mixin.py:190} INFO - [2024-09-28T20:17:31.635+0000] {dag.py:4180} INFO - Setting next_dagrun for dataset_s3_bucket_producer to None, run_after=None
[2024-09-28T20:17:31.649+0000] {processor.py:208} INFO - Processing /home/airflow/.local/lib/python3.12/site-packages/airflow/example_dags/example_dataset_alias.py took 0.155 seconds
[2024-09-28T20:18:01.896+0000] {processor.py:186} INFO - Started process (PID=327) to work on /home/airflow/.local/lib/python3.12/site-packages/airflow/example_dags/example_dataset_alias.py
[2024-09-28T20:18:01.897+0000] {processor.py:914} INFO - Processing file /home/airflow/.local/lib/python3.12/site-packages/airflow/example_dags/example_dataset_alias.py for tasks to queue
[2024-09-28T20:18:01.899+0000] {logging_mixin.py:190} INFO - [2024-09-28T20:18:01.898+0000] {dagbag.py:588} INFO - Filling up the DagBag from /home/airflow/.local/lib/python3.12/site-packages/airflow/example_dags/example_dataset_alias.py
[2024-09-28T20:18:01.998+0000] {processor.py:925} INFO - DAG(s) 'dataset_s3_bucket_producer', 'dataset_alias_example_alias_consumer', 'dataset_s3_bucket_consumer', 'dataset_alias_example_alias_producer' retrieved from /home/airflow/.local/lib/python3.12/site-packages/airflow/example_dags/example_dataset_alias.py
[2024-09-28T20:18:02.014+0000] {logging_mixin.py:190} INFO - [2024-09-28T20:18:02.014+0000] {dag.py:3239} INFO - Sync 4 DAGs
[2024-09-28T20:18:02.029+0000] {logging_mixin.py:190} INFO - [2024-09-28T20:18:02.029+0000] {dag.py:4180} INFO - Setting next_dagrun for dataset_alias_example_alias_consumer to None, run_after=None
[2024-09-28T20:18:02.032+0000] {logging_mixin.py:190} INFO - [2024-09-28T20:18:02.032+0000] {dag.py:4180} INFO - Setting next_dagrun for dataset_alias_example_alias_producer to None, run_after=None
[2024-09-28T20:18:02.033+0000] {logging_mixin.py:190} INFO - [2024-09-28T20:18:02.033+0000] {dag.py:4180} INFO - Setting next_dagrun for dataset_s3_bucket_consumer to None, run_after=None
[2024-09-28T20:18:02.035+0000] {logging_mixin.py:190} INFO - [2024-09-28T20:18:02.034+0000] {dag.py:4180} INFO - Setting next_dagrun for dataset_s3_bucket_producer to None, run_after=None
[2024-09-28T20:18:02.049+0000] {processor.py:208} INFO - Processing /home/airflow/.local/lib/python3.12/site-packages/airflow/example_dags/example_dataset_alias.py took 0.157 seconds
[2024-09-28T20:18:32.096+0000] {processor.py:186} INFO - Started process (PID=393) to work on /home/airflow/.local/lib/python3.12/site-packages/airflow/example_dags/example_dataset_alias.py
[2024-09-28T20:18:32.097+0000] {processor.py:914} INFO - Processing file /home/airflow/.local/lib/python3.12/site-packages/airflow/example_dags/example_dataset_alias.py for tasks to queue
[2024-09-28T20:18:32.098+0000] {logging_mixin.py:190} INFO - [2024-09-28T20:18:32.098+0000] {dagbag.py:588} INFO - Filling up the DagBag from /home/airflow/.local/lib/python3.12/site-packages/airflow/example_dags/example_dataset_alias.py
[2024-09-28T20:18:32.206+0000] {processor.py:925} INFO - DAG(s) 'dataset_alias_example_alias_producer', 'dataset_alias_example_alias_consumer', 'dataset_s3_bucket_producer', 'dataset_s3_bucket_consumer' retrieved from /home/airflow/.local/lib/python3.12/site-packages/airflow/example_dags/example_dataset_alias.py
[2024-09-28T20:18:32.221+0000] {logging_mixin.py:190} INFO - [2024-09-28T20:18:32.221+0000] {dag.py:3239} INFO - Sync 4 DAGs
[2024-09-28T20:18:32.239+0000] {logging_mixin.py:190} INFO - [2024-09-28T20:18:32.239+0000] {dag.py:4180} INFO - Setting next_dagrun for dataset_alias_example_alias_consumer to None, run_after=None
[2024-09-28T20:18:32.241+0000] {logging_mixin.py:190} INFO - [2024-09-28T20:18:32.241+0000] {dag.py:4180} INFO - Setting next_dagrun for dataset_alias_example_alias_producer to None, run_after=None
[2024-09-28T20:18:32.242+0000] {logging_mixin.py:190} INFO - [2024-09-28T20:18:32.242+0000] {dag.py:4180} INFO - Setting next_dagrun for dataset_s3_bucket_consumer to None, run_after=None
[2024-09-28T20:18:32.244+0000] {logging_mixin.py:190} INFO - [2024-09-28T20:18:32.243+0000] {dag.py:4180} INFO - Setting next_dagrun for dataset_s3_bucket_producer to None, run_after=None
[2024-09-28T20:18:32.257+0000] {processor.py:208} INFO - Processing /home/airflow/.local/lib/python3.12/site-packages/airflow/example_dags/example_dataset_alias.py took 0.165 seconds
[2024-09-28T20:19:02.485+0000] {processor.py:186} INFO - Started process (PID=458) to work on /home/airflow/.local/lib/python3.12/site-packages/airflow/example_dags/example_dataset_alias.py
[2024-09-28T20:19:02.485+0000] {processor.py:914} INFO - Processing file /home/airflow/.local/lib/python3.12/site-packages/airflow/example_dags/example_dataset_alias.py for tasks to queue
[2024-09-28T20:19:02.486+0000] {logging_mixin.py:190} INFO - [2024-09-28T20:19:02.486+0000] {dagbag.py:588} INFO - Filling up the DagBag from /home/airflow/.local/lib/python3.12/site-packages/airflow/example_dags/example_dataset_alias.py
[2024-09-28T20:19:02.587+0000] {processor.py:925} INFO - DAG(s) 'dataset_s3_bucket_consumer', 'dataset_alias_example_alias_producer', 'dataset_alias_example_alias_consumer', 'dataset_s3_bucket_producer' retrieved from /home/airflow/.local/lib/python3.12/site-packages/airflow/example_dags/example_dataset_alias.py
[2024-09-28T20:19:02.602+0000] {logging_mixin.py:190} INFO - [2024-09-28T20:19:02.602+0000] {dag.py:3239} INFO - Sync 4 DAGs
[2024-09-28T20:19:02.617+0000] {logging_mixin.py:190} INFO - [2024-09-28T20:19:02.617+0000] {dag.py:4180} INFO - Setting next_dagrun for dataset_alias_example_alias_consumer to None, run_after=None
[2024-09-28T20:19:02.619+0000] {logging_mixin.py:190} INFO - [2024-09-28T20:19:02.619+0000] {dag.py:4180} INFO - Setting next_dagrun for dataset_alias_example_alias_producer to None, run_after=None
[2024-09-28T20:19:02.620+0000] {logging_mixin.py:190} INFO - [2024-09-28T20:19:02.620+0000] {dag.py:4180} INFO - Setting next_dagrun for dataset_s3_bucket_consumer to None, run_after=None
[2024-09-28T20:19:02.622+0000] {logging_mixin.py:190} INFO - [2024-09-28T20:19:02.621+0000] {dag.py:4180} INFO - Setting next_dagrun for dataset_s3_bucket_producer to None, run_after=None
[2024-09-28T20:19:02.636+0000] {processor.py:208} INFO - Processing /home/airflow/.local/lib/python3.12/site-packages/airflow/example_dags/example_dataset_alias.py took 0.155 seconds
[2024-09-28T20:19:32.704+0000] {processor.py:186} INFO - Started process (PID=524) to work on /home/airflow/.local/lib/python3.12/site-packages/airflow/example_dags/example_dataset_alias.py
[2024-09-28T20:19:32.705+0000] {processor.py:914} INFO - Processing file /home/airflow/.local/lib/python3.12/site-packages/airflow/example_dags/example_dataset_alias.py for tasks to queue
[2024-09-28T20:19:32.707+0000] {logging_mixin.py:190} INFO - [2024-09-28T20:19:32.707+0000] {dagbag.py:588} INFO - Filling up the DagBag from /home/airflow/.local/lib/python3.12/site-packages/airflow/example_dags/example_dataset_alias.py
[2024-09-28T20:19:32.807+0000] {processor.py:925} INFO - DAG(s) 'dataset_s3_bucket_consumer', 'dataset_s3_bucket_producer', 'dataset_alias_example_alias_producer', 'dataset_alias_example_alias_consumer' retrieved from /home/airflow/.local/lib/python3.12/site-packages/airflow/example_dags/example_dataset_alias.py
[2024-09-28T20:19:32.821+0000] {logging_mixin.py:190} INFO - [2024-09-28T20:19:32.821+0000] {dag.py:3239} INFO - Sync 4 DAGs
[2024-09-28T20:19:32.835+0000] {logging_mixin.py:190} INFO - [2024-09-28T20:19:32.835+0000] {dag.py:4180} INFO - Setting next_dagrun for dataset_alias_example_alias_consumer to None, run_after=None
[2024-09-28T20:19:32.837+0000] {logging_mixin.py:190} INFO - [2024-09-28T20:19:32.837+0000] {dag.py:4180} INFO - Setting next_dagrun for dataset_alias_example_alias_producer to None, run_after=None
[2024-09-28T20:19:32.838+0000] {logging_mixin.py:190} INFO - [2024-09-28T20:19:32.838+0000] {dag.py:4180} INFO - Setting next_dagrun for dataset_s3_bucket_consumer to None, run_after=None
[2024-09-28T20:19:32.839+0000] {logging_mixin.py:190} INFO - [2024-09-28T20:19:32.839+0000] {dag.py:4180} INFO - Setting next_dagrun for dataset_s3_bucket_producer to None, run_after=None
[2024-09-28T20:19:32.855+0000] {processor.py:208} INFO - Processing /home/airflow/.local/lib/python3.12/site-packages/airflow/example_dags/example_dataset_alias.py took 0.154 seconds
[2024-09-28T20:20:03.039+0000] {processor.py:186} INFO - Started process (PID=591) to work on /home/airflow/.local/lib/python3.12/site-packages/airflow/example_dags/example_dataset_alias.py
[2024-09-28T20:20:03.041+0000] {processor.py:914} INFO - Processing file /home/airflow/.local/lib/python3.12/site-packages/airflow/example_dags/example_dataset_alias.py for tasks to queue
[2024-09-28T20:20:03.042+0000] {logging_mixin.py:190} INFO - [2024-09-28T20:20:03.042+0000] {dagbag.py:588} INFO - Filling up the DagBag from /home/airflow/.local/lib/python3.12/site-packages/airflow/example_dags/example_dataset_alias.py
[2024-09-28T20:20:03.153+0000] {processor.py:925} INFO - DAG(s) 'dataset_s3_bucket_consumer', 'dataset_alias_example_alias_consumer', 'dataset_alias_example_alias_producer', 'dataset_s3_bucket_producer' retrieved from /home/airflow/.local/lib/python3.12/site-packages/airflow/example_dags/example_dataset_alias.py
[2024-09-28T20:20:03.169+0000] {logging_mixin.py:190} INFO - [2024-09-28T20:20:03.168+0000] {dag.py:3239} INFO - Sync 4 DAGs
[2024-09-28T20:20:03.185+0000] {logging_mixin.py:190} INFO - [2024-09-28T20:20:03.185+0000] {dag.py:4180} INFO - Setting next_dagrun for dataset_alias_example_alias_consumer to None, run_after=None
[2024-09-28T20:20:03.188+0000] {logging_mixin.py:190} INFO - [2024-09-28T20:20:03.188+0000] {dag.py:4180} INFO - Setting next_dagrun for dataset_alias_example_alias_producer to None, run_after=None
[2024-09-28T20:20:03.189+0000] {logging_mixin.py:190} INFO - [2024-09-28T20:20:03.189+0000] {dag.py:4180} INFO - Setting next_dagrun for dataset_s3_bucket_consumer to None, run_after=None
[2024-09-28T20:20:03.191+0000] {logging_mixin.py:190} INFO - [2024-09-28T20:20:03.191+0000] {dag.py:4180} INFO - Setting next_dagrun for dataset_s3_bucket_producer to None, run_after=None
[2024-09-28T20:20:03.206+0000] {processor.py:208} INFO - Processing /home/airflow/.local/lib/python3.12/site-packages/airflow/example_dags/example_dataset_alias.py took 0.173 seconds
[2024-09-28T20:20:33.510+0000] {processor.py:186} INFO - Started process (PID=657) to work on /home/airflow/.local/lib/python3.12/site-packages/airflow/example_dags/example_dataset_alias.py
[2024-09-28T20:20:33.511+0000] {processor.py:914} INFO - Processing file /home/airflow/.local/lib/python3.12/site-packages/airflow/example_dags/example_dataset_alias.py for tasks to queue
[2024-09-28T20:20:33.512+0000] {logging_mixin.py:190} INFO - [2024-09-28T20:20:33.512+0000] {dagbag.py:588} INFO - Filling up the DagBag from /home/airflow/.local/lib/python3.12/site-packages/airflow/example_dags/example_dataset_alias.py
[2024-09-28T20:20:33.613+0000] {processor.py:925} INFO - DAG(s) 'dataset_alias_example_alias_producer', 'dataset_alias_example_alias_consumer', 'dataset_s3_bucket_producer', 'dataset_s3_bucket_consumer' retrieved from /home/airflow/.local/lib/python3.12/site-packages/airflow/example_dags/example_dataset_alias.py
[2024-09-28T20:20:33.627+0000] {logging_mixin.py:190} INFO - [2024-09-28T20:20:33.627+0000] {dag.py:3239} INFO - Sync 4 DAGs
[2024-09-28T20:20:33.641+0000] {logging_mixin.py:190} INFO - [2024-09-28T20:20:33.641+0000] {dag.py:4180} INFO - Setting next_dagrun for dataset_alias_example_alias_consumer to None, run_after=None
[2024-09-28T20:20:33.643+0000] {logging_mixin.py:190} INFO - [2024-09-28T20:20:33.643+0000] {dag.py:4180} INFO - Setting next_dagrun for dataset_alias_example_alias_producer to None, run_after=None
[2024-09-28T20:20:33.644+0000] {logging_mixin.py:190} INFO - [2024-09-28T20:20:33.644+0000] {dag.py:4180} INFO - Setting next_dagrun for dataset_s3_bucket_consumer to None, run_after=None
[2024-09-28T20:20:33.646+0000] {logging_mixin.py:190} INFO - [2024-09-28T20:20:33.646+0000] {dag.py:4180} INFO - Setting next_dagrun for dataset_s3_bucket_producer to None, run_after=None
[2024-09-28T20:20:33.660+0000] {processor.py:208} INFO - Processing /home/airflow/.local/lib/python3.12/site-packages/airflow/example_dags/example_dataset_alias.py took 0.154 seconds
