[2024-09-28T19:52:49.846+0000] {processor.py:186} INFO - Started process (PID=87) to work on /home/airflow/.local/lib/python3.12/site-packages/airflow/example_dags/example_task_group.py
[2024-09-28T19:52:49.847+0000] {processor.py:914} INFO - Processing file /home/airflow/.local/lib/python3.12/site-packages/airflow/example_dags/example_task_group.py for tasks to queue
[2024-09-28T19:52:49.849+0000] {logging_mixin.py:190} INFO - [2024-09-28T19:52:49.848+0000] {dagbag.py:588} INFO - Filling up the DagBag from /home/airflow/.local/lib/python3.12/site-packages/airflow/example_dags/example_task_group.py
[2024-09-28T19:52:49.855+0000] {processor.py:925} INFO - DAG(s) 'example_task_group' retrieved from /home/airflow/.local/lib/python3.12/site-packages/airflow/example_dags/example_task_group.py
[2024-09-28T19:52:49.917+0000] {logging_mixin.py:190} INFO - [2024-09-28T19:52:49.917+0000] {override.py:1900} INFO - Created Permission View: can edit on DAG:example_task_group
[2024-09-28T19:52:49.924+0000] {logging_mixin.py:190} INFO - [2024-09-28T19:52:49.923+0000] {override.py:1900} INFO - Created Permission View: can delete on DAG:example_task_group
[2024-09-28T19:52:49.929+0000] {logging_mixin.py:190} INFO - [2024-09-28T19:52:49.929+0000] {override.py:1900} INFO - Created Permission View: can read on DAG:example_task_group
[2024-09-28T19:52:49.934+0000] {logging_mixin.py:190} INFO - [2024-09-28T19:52:49.934+0000] {override.py:1900} INFO - Created Permission View: can delete on DAG Run:example_task_group
[2024-09-28T19:52:49.939+0000] {logging_mixin.py:190} INFO - [2024-09-28T19:52:49.939+0000] {override.py:1900} INFO - Created Permission View: can read on DAG Run:example_task_group
[2024-09-28T19:52:49.944+0000] {logging_mixin.py:190} INFO - [2024-09-28T19:52:49.944+0000] {override.py:1900} INFO - Created Permission View: can create on DAG Run:example_task_group
[2024-09-28T19:52:49.953+0000] {logging_mixin.py:190} INFO - [2024-09-28T19:52:49.953+0000] {override.py:1900} INFO - Created Permission View: menu access on DAG Run:example_task_group
[2024-09-28T19:52:49.954+0000] {logging_mixin.py:190} INFO - [2024-09-28T19:52:49.954+0000] {dag.py:3239} INFO - Sync 1 DAGs
[2024-09-28T19:52:49.962+0000] {logging_mixin.py:190} INFO - [2024-09-28T19:52:49.962+0000] {dag.py:3262} INFO - Creating ORM DAG for example_task_group
[2024-09-28T19:52:49.963+0000] {logging_mixin.py:190} INFO - [2024-09-28T19:52:49.963+0000] {dag.py:4180} INFO - Setting next_dagrun for example_task_group to None, run_after=None
[2024-09-28T19:52:49.974+0000] {processor.py:208} INFO - Processing /home/airflow/.local/lib/python3.12/site-packages/airflow/example_dags/example_task_group.py took 0.132 seconds
[2024-09-28T19:53:20.377+0000] {processor.py:186} INFO - Started process (PID=153) to work on /home/airflow/.local/lib/python3.12/site-packages/airflow/example_dags/example_task_group.py
[2024-09-28T19:53:20.377+0000] {processor.py:914} INFO - Processing file /home/airflow/.local/lib/python3.12/site-packages/airflow/example_dags/example_task_group.py for tasks to queue
[2024-09-28T19:53:20.379+0000] {logging_mixin.py:190} INFO - [2024-09-28T19:53:20.379+0000] {dagbag.py:588} INFO - Filling up the DagBag from /home/airflow/.local/lib/python3.12/site-packages/airflow/example_dags/example_task_group.py
[2024-09-28T19:53:20.385+0000] {processor.py:925} INFO - DAG(s) 'example_task_group' retrieved from /home/airflow/.local/lib/python3.12/site-packages/airflow/example_dags/example_task_group.py
[2024-09-28T19:53:20.399+0000] {logging_mixin.py:190} INFO - [2024-09-28T19:53:20.399+0000] {dag.py:3239} INFO - Sync 1 DAGs
[2024-09-28T19:53:20.411+0000] {logging_mixin.py:190} INFO - [2024-09-28T19:53:20.411+0000] {dag.py:4180} INFO - Setting next_dagrun for example_task_group to None, run_after=None
[2024-09-28T19:53:20.429+0000] {processor.py:208} INFO - Processing /home/airflow/.local/lib/python3.12/site-packages/airflow/example_dags/example_task_group.py took 0.056 seconds
[2024-09-28T19:53:50.930+0000] {processor.py:186} INFO - Started process (PID=217) to work on /home/airflow/.local/lib/python3.12/site-packages/airflow/example_dags/example_task_group.py
[2024-09-28T19:53:50.931+0000] {processor.py:914} INFO - Processing file /home/airflow/.local/lib/python3.12/site-packages/airflow/example_dags/example_task_group.py for tasks to queue
[2024-09-28T19:53:50.933+0000] {logging_mixin.py:190} INFO - [2024-09-28T19:53:50.932+0000] {dagbag.py:588} INFO - Filling up the DagBag from /home/airflow/.local/lib/python3.12/site-packages/airflow/example_dags/example_task_group.py
[2024-09-28T19:53:50.938+0000] {processor.py:925} INFO - DAG(s) 'example_task_group' retrieved from /home/airflow/.local/lib/python3.12/site-packages/airflow/example_dags/example_task_group.py
[2024-09-28T19:53:50.952+0000] {logging_mixin.py:190} INFO - [2024-09-28T19:53:50.952+0000] {dag.py:3239} INFO - Sync 1 DAGs
[2024-09-28T19:53:50.978+0000] {logging_mixin.py:190} INFO - [2024-09-28T19:53:50.978+0000] {dag.py:4180} INFO - Setting next_dagrun for example_task_group to None, run_after=None
[2024-09-28T19:53:50.993+0000] {processor.py:208} INFO - Processing /home/airflow/.local/lib/python3.12/site-packages/airflow/example_dags/example_task_group.py took 0.066 seconds
[2024-09-28T19:54:21.238+0000] {processor.py:186} INFO - Started process (PID=282) to work on /home/airflow/.local/lib/python3.12/site-packages/airflow/example_dags/example_task_group.py
[2024-09-28T19:54:21.239+0000] {processor.py:914} INFO - Processing file /home/airflow/.local/lib/python3.12/site-packages/airflow/example_dags/example_task_group.py for tasks to queue
[2024-09-28T19:54:21.241+0000] {logging_mixin.py:190} INFO - [2024-09-28T19:54:21.241+0000] {dagbag.py:588} INFO - Filling up the DagBag from /home/airflow/.local/lib/python3.12/site-packages/airflow/example_dags/example_task_group.py
[2024-09-28T19:54:21.246+0000] {processor.py:925} INFO - DAG(s) 'example_task_group' retrieved from /home/airflow/.local/lib/python3.12/site-packages/airflow/example_dags/example_task_group.py
[2024-09-28T19:54:21.260+0000] {logging_mixin.py:190} INFO - [2024-09-28T19:54:21.260+0000] {dag.py:3239} INFO - Sync 1 DAGs
[2024-09-28T19:54:21.269+0000] {logging_mixin.py:190} INFO - [2024-09-28T19:54:21.269+0000] {dag.py:4180} INFO - Setting next_dagrun for example_task_group to None, run_after=None
[2024-09-28T19:54:21.281+0000] {processor.py:208} INFO - Processing /home/airflow/.local/lib/python3.12/site-packages/airflow/example_dags/example_task_group.py took 0.046 seconds
[2024-09-28T19:54:51.473+0000] {processor.py:186} INFO - Started process (PID=347) to work on /home/airflow/.local/lib/python3.12/site-packages/airflow/example_dags/example_task_group.py
[2024-09-28T19:54:51.474+0000] {processor.py:914} INFO - Processing file /home/airflow/.local/lib/python3.12/site-packages/airflow/example_dags/example_task_group.py for tasks to queue
[2024-09-28T19:54:51.476+0000] {logging_mixin.py:190} INFO - [2024-09-28T19:54:51.475+0000] {dagbag.py:588} INFO - Filling up the DagBag from /home/airflow/.local/lib/python3.12/site-packages/airflow/example_dags/example_task_group.py
[2024-09-28T19:54:51.481+0000] {processor.py:925} INFO - DAG(s) 'example_task_group' retrieved from /home/airflow/.local/lib/python3.12/site-packages/airflow/example_dags/example_task_group.py
[2024-09-28T19:54:51.495+0000] {logging_mixin.py:190} INFO - [2024-09-28T19:54:51.494+0000] {dag.py:3239} INFO - Sync 1 DAGs
[2024-09-28T19:54:51.503+0000] {logging_mixin.py:190} INFO - [2024-09-28T19:54:51.503+0000] {dag.py:4180} INFO - Setting next_dagrun for example_task_group to None, run_after=None
[2024-09-28T19:54:51.514+0000] {processor.py:208} INFO - Processing /home/airflow/.local/lib/python3.12/site-packages/airflow/example_dags/example_task_group.py took 0.044 seconds
[2024-09-28T19:55:21.995+0000] {processor.py:186} INFO - Started process (PID=412) to work on /home/airflow/.local/lib/python3.12/site-packages/airflow/example_dags/example_task_group.py
[2024-09-28T19:55:21.995+0000] {processor.py:914} INFO - Processing file /home/airflow/.local/lib/python3.12/site-packages/airflow/example_dags/example_task_group.py for tasks to queue
[2024-09-28T19:55:21.997+0000] {logging_mixin.py:190} INFO - [2024-09-28T19:55:21.997+0000] {dagbag.py:588} INFO - Filling up the DagBag from /home/airflow/.local/lib/python3.12/site-packages/airflow/example_dags/example_task_group.py
[2024-09-28T19:55:22.002+0000] {processor.py:925} INFO - DAG(s) 'example_task_group' retrieved from /home/airflow/.local/lib/python3.12/site-packages/airflow/example_dags/example_task_group.py
[2024-09-28T19:55:22.015+0000] {logging_mixin.py:190} INFO - [2024-09-28T19:55:22.014+0000] {dag.py:3239} INFO - Sync 1 DAGs
[2024-09-28T19:55:22.023+0000] {logging_mixin.py:190} INFO - [2024-09-28T19:55:22.023+0000] {dag.py:4180} INFO - Setting next_dagrun for example_task_group to None, run_after=None
[2024-09-28T19:55:22.036+0000] {processor.py:208} INFO - Processing /home/airflow/.local/lib/python3.12/site-packages/airflow/example_dags/example_task_group.py took 0.045 seconds
[2024-09-28T19:55:52.259+0000] {processor.py:186} INFO - Started process (PID=478) to work on /home/airflow/.local/lib/python3.12/site-packages/airflow/example_dags/example_task_group.py
[2024-09-28T19:55:52.260+0000] {processor.py:914} INFO - Processing file /home/airflow/.local/lib/python3.12/site-packages/airflow/example_dags/example_task_group.py for tasks to queue
[2024-09-28T19:55:52.262+0000] {logging_mixin.py:190} INFO - [2024-09-28T19:55:52.262+0000] {dagbag.py:588} INFO - Filling up the DagBag from /home/airflow/.local/lib/python3.12/site-packages/airflow/example_dags/example_task_group.py
[2024-09-28T19:55:52.268+0000] {processor.py:925} INFO - DAG(s) 'example_task_group' retrieved from /home/airflow/.local/lib/python3.12/site-packages/airflow/example_dags/example_task_group.py
[2024-09-28T19:55:52.283+0000] {logging_mixin.py:190} INFO - [2024-09-28T19:55:52.283+0000] {dag.py:3239} INFO - Sync 1 DAGs
[2024-09-28T19:55:52.293+0000] {logging_mixin.py:190} INFO - [2024-09-28T19:55:52.293+0000] {dag.py:4180} INFO - Setting next_dagrun for example_task_group to None, run_after=None
[2024-09-28T19:55:52.308+0000] {processor.py:208} INFO - Processing /home/airflow/.local/lib/python3.12/site-packages/airflow/example_dags/example_task_group.py took 0.053 seconds
[2024-09-28T19:56:22.857+0000] {processor.py:186} INFO - Started process (PID=543) to work on /home/airflow/.local/lib/python3.12/site-packages/airflow/example_dags/example_task_group.py
[2024-09-28T19:56:22.858+0000] {processor.py:914} INFO - Processing file /home/airflow/.local/lib/python3.12/site-packages/airflow/example_dags/example_task_group.py for tasks to queue
[2024-09-28T19:56:22.859+0000] {logging_mixin.py:190} INFO - [2024-09-28T19:56:22.859+0000] {dagbag.py:588} INFO - Filling up the DagBag from /home/airflow/.local/lib/python3.12/site-packages/airflow/example_dags/example_task_group.py
[2024-09-28T19:56:22.865+0000] {processor.py:925} INFO - DAG(s) 'example_task_group' retrieved from /home/airflow/.local/lib/python3.12/site-packages/airflow/example_dags/example_task_group.py
[2024-09-28T19:56:22.880+0000] {logging_mixin.py:190} INFO - [2024-09-28T19:56:22.880+0000] {dag.py:3239} INFO - Sync 1 DAGs
[2024-09-28T19:56:22.890+0000] {logging_mixin.py:190} INFO - [2024-09-28T19:56:22.889+0000] {dag.py:4180} INFO - Setting next_dagrun for example_task_group to None, run_after=None
[2024-09-28T19:56:22.904+0000] {processor.py:208} INFO - Processing /home/airflow/.local/lib/python3.12/site-packages/airflow/example_dags/example_task_group.py took 0.051 seconds
[2024-09-28T19:56:53.171+0000] {processor.py:186} INFO - Started process (PID=608) to work on /home/airflow/.local/lib/python3.12/site-packages/airflow/example_dags/example_task_group.py
[2024-09-28T19:56:53.172+0000] {processor.py:914} INFO - Processing file /home/airflow/.local/lib/python3.12/site-packages/airflow/example_dags/example_task_group.py for tasks to queue
[2024-09-28T19:56:53.173+0000] {logging_mixin.py:190} INFO - [2024-09-28T19:56:53.173+0000] {dagbag.py:588} INFO - Filling up the DagBag from /home/airflow/.local/lib/python3.12/site-packages/airflow/example_dags/example_task_group.py
[2024-09-28T19:56:53.179+0000] {processor.py:925} INFO - DAG(s) 'example_task_group' retrieved from /home/airflow/.local/lib/python3.12/site-packages/airflow/example_dags/example_task_group.py
[2024-09-28T19:56:53.193+0000] {logging_mixin.py:190} INFO - [2024-09-28T19:56:53.193+0000] {dag.py:3239} INFO - Sync 1 DAGs
[2024-09-28T19:56:53.202+0000] {logging_mixin.py:190} INFO - [2024-09-28T19:56:53.202+0000] {dag.py:4180} INFO - Setting next_dagrun for example_task_group to None, run_after=None
[2024-09-28T19:56:53.214+0000] {processor.py:208} INFO - Processing /home/airflow/.local/lib/python3.12/site-packages/airflow/example_dags/example_task_group.py took 0.047 seconds
[2024-09-28T19:57:23.445+0000] {processor.py:186} INFO - Started process (PID=673) to work on /home/airflow/.local/lib/python3.12/site-packages/airflow/example_dags/example_task_group.py
[2024-09-28T19:57:23.445+0000] {processor.py:914} INFO - Processing file /home/airflow/.local/lib/python3.12/site-packages/airflow/example_dags/example_task_group.py for tasks to queue
[2024-09-28T19:57:23.447+0000] {logging_mixin.py:190} INFO - [2024-09-28T19:57:23.447+0000] {dagbag.py:588} INFO - Filling up the DagBag from /home/airflow/.local/lib/python3.12/site-packages/airflow/example_dags/example_task_group.py
[2024-09-28T19:57:23.453+0000] {processor.py:925} INFO - DAG(s) 'example_task_group' retrieved from /home/airflow/.local/lib/python3.12/site-packages/airflow/example_dags/example_task_group.py
[2024-09-28T19:57:23.466+0000] {logging_mixin.py:190} INFO - [2024-09-28T19:57:23.466+0000] {dag.py:3239} INFO - Sync 1 DAGs
[2024-09-28T19:57:23.475+0000] {logging_mixin.py:190} INFO - [2024-09-28T19:57:23.475+0000] {dag.py:4180} INFO - Setting next_dagrun for example_task_group to None, run_after=None
[2024-09-28T19:57:23.487+0000] {processor.py:208} INFO - Processing /home/airflow/.local/lib/python3.12/site-packages/airflow/example_dags/example_task_group.py took 0.046 seconds
[2024-09-28T19:57:54.073+0000] {processor.py:186} INFO - Started process (PID=738) to work on /home/airflow/.local/lib/python3.12/site-packages/airflow/example_dags/example_task_group.py
[2024-09-28T19:57:54.074+0000] {processor.py:914} INFO - Processing file /home/airflow/.local/lib/python3.12/site-packages/airflow/example_dags/example_task_group.py for tasks to queue
[2024-09-28T19:57:54.076+0000] {logging_mixin.py:190} INFO - [2024-09-28T19:57:54.076+0000] {dagbag.py:588} INFO - Filling up the DagBag from /home/airflow/.local/lib/python3.12/site-packages/airflow/example_dags/example_task_group.py
[2024-09-28T19:57:54.083+0000] {processor.py:925} INFO - DAG(s) 'example_task_group' retrieved from /home/airflow/.local/lib/python3.12/site-packages/airflow/example_dags/example_task_group.py
[2024-09-28T19:57:54.099+0000] {logging_mixin.py:190} INFO - [2024-09-28T19:57:54.099+0000] {dag.py:3239} INFO - Sync 1 DAGs
[2024-09-28T19:57:54.111+0000] {logging_mixin.py:190} INFO - [2024-09-28T19:57:54.110+0000] {dag.py:4180} INFO - Setting next_dagrun for example_task_group to None, run_after=None
[2024-09-28T19:57:54.127+0000] {processor.py:208} INFO - Processing /home/airflow/.local/lib/python3.12/site-packages/airflow/example_dags/example_task_group.py took 0.058 seconds
[2024-09-28T19:58:24.499+0000] {processor.py:186} INFO - Started process (PID=803) to work on /home/airflow/.local/lib/python3.12/site-packages/airflow/example_dags/example_task_group.py
[2024-09-28T19:58:24.500+0000] {processor.py:914} INFO - Processing file /home/airflow/.local/lib/python3.12/site-packages/airflow/example_dags/example_task_group.py for tasks to queue
[2024-09-28T19:58:24.502+0000] {logging_mixin.py:190} INFO - [2024-09-28T19:58:24.501+0000] {dagbag.py:588} INFO - Filling up the DagBag from /home/airflow/.local/lib/python3.12/site-packages/airflow/example_dags/example_task_group.py
[2024-09-28T19:58:24.507+0000] {processor.py:925} INFO - DAG(s) 'example_task_group' retrieved from /home/airflow/.local/lib/python3.12/site-packages/airflow/example_dags/example_task_group.py
[2024-09-28T19:58:24.520+0000] {logging_mixin.py:190} INFO - [2024-09-28T19:58:24.520+0000] {dag.py:3239} INFO - Sync 1 DAGs
[2024-09-28T19:58:24.529+0000] {logging_mixin.py:190} INFO - [2024-09-28T19:58:24.529+0000] {dag.py:4180} INFO - Setting next_dagrun for example_task_group to None, run_after=None
[2024-09-28T19:58:24.541+0000] {processor.py:208} INFO - Processing /home/airflow/.local/lib/python3.12/site-packages/airflow/example_dags/example_task_group.py took 0.046 seconds
[2024-09-28T19:58:54.695+0000] {processor.py:186} INFO - Started process (PID=868) to work on /home/airflow/.local/lib/python3.12/site-packages/airflow/example_dags/example_task_group.py
[2024-09-28T19:58:54.696+0000] {processor.py:914} INFO - Processing file /home/airflow/.local/lib/python3.12/site-packages/airflow/example_dags/example_task_group.py for tasks to queue
[2024-09-28T19:58:54.698+0000] {logging_mixin.py:190} INFO - [2024-09-28T19:58:54.698+0000] {dagbag.py:588} INFO - Filling up the DagBag from /home/airflow/.local/lib/python3.12/site-packages/airflow/example_dags/example_task_group.py
[2024-09-28T19:58:54.704+0000] {processor.py:925} INFO - DAG(s) 'example_task_group' retrieved from /home/airflow/.local/lib/python3.12/site-packages/airflow/example_dags/example_task_group.py
[2024-09-28T19:58:54.718+0000] {logging_mixin.py:190} INFO - [2024-09-28T19:58:54.718+0000] {dag.py:3239} INFO - Sync 1 DAGs
[2024-09-28T19:58:54.726+0000] {logging_mixin.py:190} INFO - [2024-09-28T19:58:54.726+0000] {dag.py:4180} INFO - Setting next_dagrun for example_task_group to None, run_after=None
[2024-09-28T19:58:54.738+0000] {processor.py:208} INFO - Processing /home/airflow/.local/lib/python3.12/site-packages/airflow/example_dags/example_task_group.py took 0.046 seconds
[2024-09-28T19:59:25.204+0000] {processor.py:186} INFO - Started process (PID=933) to work on /home/airflow/.local/lib/python3.12/site-packages/airflow/example_dags/example_task_group.py
[2024-09-28T19:59:25.205+0000] {processor.py:914} INFO - Processing file /home/airflow/.local/lib/python3.12/site-packages/airflow/example_dags/example_task_group.py for tasks to queue
[2024-09-28T19:59:25.206+0000] {logging_mixin.py:190} INFO - [2024-09-28T19:59:25.206+0000] {dagbag.py:588} INFO - Filling up the DagBag from /home/airflow/.local/lib/python3.12/site-packages/airflow/example_dags/example_task_group.py
[2024-09-28T19:59:25.212+0000] {processor.py:925} INFO - DAG(s) 'example_task_group' retrieved from /home/airflow/.local/lib/python3.12/site-packages/airflow/example_dags/example_task_group.py
[2024-09-28T19:59:25.225+0000] {logging_mixin.py:190} INFO - [2024-09-28T19:59:25.225+0000] {dag.py:3239} INFO - Sync 1 DAGs
[2024-09-28T19:59:25.235+0000] {logging_mixin.py:190} INFO - [2024-09-28T19:59:25.235+0000] {dag.py:4180} INFO - Setting next_dagrun for example_task_group to None, run_after=None
[2024-09-28T19:59:25.247+0000] {processor.py:208} INFO - Processing /home/airflow/.local/lib/python3.12/site-packages/airflow/example_dags/example_task_group.py took 0.047 seconds
[2024-09-28T19:59:55.426+0000] {processor.py:186} INFO - Started process (PID=998) to work on /home/airflow/.local/lib/python3.12/site-packages/airflow/example_dags/example_task_group.py
[2024-09-28T19:59:55.427+0000] {processor.py:914} INFO - Processing file /home/airflow/.local/lib/python3.12/site-packages/airflow/example_dags/example_task_group.py for tasks to queue
[2024-09-28T19:59:55.428+0000] {logging_mixin.py:190} INFO - [2024-09-28T19:59:55.428+0000] {dagbag.py:588} INFO - Filling up the DagBag from /home/airflow/.local/lib/python3.12/site-packages/airflow/example_dags/example_task_group.py
[2024-09-28T19:59:55.434+0000] {processor.py:925} INFO - DAG(s) 'example_task_group' retrieved from /home/airflow/.local/lib/python3.12/site-packages/airflow/example_dags/example_task_group.py
[2024-09-28T19:59:55.449+0000] {logging_mixin.py:190} INFO - [2024-09-28T19:59:55.448+0000] {dag.py:3239} INFO - Sync 1 DAGs
[2024-09-28T19:59:55.458+0000] {logging_mixin.py:190} INFO - [2024-09-28T19:59:55.458+0000] {dag.py:4180} INFO - Setting next_dagrun for example_task_group to None, run_after=None
[2024-09-28T19:59:55.471+0000] {processor.py:208} INFO - Processing /home/airflow/.local/lib/python3.12/site-packages/airflow/example_dags/example_task_group.py took 0.048 seconds
[2024-09-28T20:05:09.258+0000] {processor.py:186} INFO - Started process (PID=87) to work on /home/airflow/.local/lib/python3.12/site-packages/airflow/example_dags/example_task_group.py
[2024-09-28T20:05:09.259+0000] {processor.py:914} INFO - Processing file /home/airflow/.local/lib/python3.12/site-packages/airflow/example_dags/example_task_group.py for tasks to queue
[2024-09-28T20:05:09.262+0000] {logging_mixin.py:190} INFO - [2024-09-28T20:05:09.261+0000] {dagbag.py:588} INFO - Filling up the DagBag from /home/airflow/.local/lib/python3.12/site-packages/airflow/example_dags/example_task_group.py
[2024-09-28T20:05:09.268+0000] {processor.py:925} INFO - DAG(s) 'example_task_group' retrieved from /home/airflow/.local/lib/python3.12/site-packages/airflow/example_dags/example_task_group.py
[2024-09-28T20:05:09.283+0000] {logging_mixin.py:190} INFO - [2024-09-28T20:05:09.283+0000] {dag.py:3239} INFO - Sync 1 DAGs
[2024-09-28T20:05:09.292+0000] {logging_mixin.py:190} INFO - [2024-09-28T20:05:09.292+0000] {dag.py:4180} INFO - Setting next_dagrun for example_task_group to None, run_after=None
[2024-09-28T20:05:09.306+0000] {processor.py:208} INFO - Processing /home/airflow/.local/lib/python3.12/site-packages/airflow/example_dags/example_task_group.py took 0.053 seconds
[2024-09-28T20:05:39.613+0000] {processor.py:186} INFO - Started process (PID=152) to work on /home/airflow/.local/lib/python3.12/site-packages/airflow/example_dags/example_task_group.py
[2024-09-28T20:05:39.614+0000] {processor.py:914} INFO - Processing file /home/airflow/.local/lib/python3.12/site-packages/airflow/example_dags/example_task_group.py for tasks to queue
[2024-09-28T20:05:39.616+0000] {logging_mixin.py:190} INFO - [2024-09-28T20:05:39.616+0000] {dagbag.py:588} INFO - Filling up the DagBag from /home/airflow/.local/lib/python3.12/site-packages/airflow/example_dags/example_task_group.py
[2024-09-28T20:05:39.622+0000] {processor.py:925} INFO - DAG(s) 'example_task_group' retrieved from /home/airflow/.local/lib/python3.12/site-packages/airflow/example_dags/example_task_group.py
[2024-09-28T20:05:39.637+0000] {logging_mixin.py:190} INFO - [2024-09-28T20:05:39.637+0000] {dag.py:3239} INFO - Sync 1 DAGs
[2024-09-28T20:05:39.647+0000] {logging_mixin.py:190} INFO - [2024-09-28T20:05:39.647+0000] {dag.py:4180} INFO - Setting next_dagrun for example_task_group to None, run_after=None
[2024-09-28T20:05:39.660+0000] {processor.py:208} INFO - Processing /home/airflow/.local/lib/python3.12/site-packages/airflow/example_dags/example_task_group.py took 0.051 seconds
[2024-09-28T20:06:10.158+0000] {processor.py:186} INFO - Started process (PID=217) to work on /home/airflow/.local/lib/python3.12/site-packages/airflow/example_dags/example_task_group.py
[2024-09-28T20:06:10.159+0000] {processor.py:914} INFO - Processing file /home/airflow/.local/lib/python3.12/site-packages/airflow/example_dags/example_task_group.py for tasks to queue
[2024-09-28T20:06:10.160+0000] {logging_mixin.py:190} INFO - [2024-09-28T20:06:10.160+0000] {dagbag.py:588} INFO - Filling up the DagBag from /home/airflow/.local/lib/python3.12/site-packages/airflow/example_dags/example_task_group.py
[2024-09-28T20:06:10.166+0000] {processor.py:925} INFO - DAG(s) 'example_task_group' retrieved from /home/airflow/.local/lib/python3.12/site-packages/airflow/example_dags/example_task_group.py
[2024-09-28T20:06:10.184+0000] {logging_mixin.py:190} INFO - [2024-09-28T20:06:10.184+0000] {dag.py:3239} INFO - Sync 1 DAGs
[2024-09-28T20:06:10.194+0000] {logging_mixin.py:190} INFO - [2024-09-28T20:06:10.193+0000] {dag.py:4180} INFO - Setting next_dagrun for example_task_group to None, run_after=None
[2024-09-28T20:06:10.206+0000] {processor.py:208} INFO - Processing /home/airflow/.local/lib/python3.12/site-packages/airflow/example_dags/example_task_group.py took 0.052 seconds
[2024-09-28T20:06:40.634+0000] {processor.py:186} INFO - Started process (PID=283) to work on /home/airflow/.local/lib/python3.12/site-packages/airflow/example_dags/example_task_group.py
[2024-09-28T20:06:40.635+0000] {processor.py:914} INFO - Processing file /home/airflow/.local/lib/python3.12/site-packages/airflow/example_dags/example_task_group.py for tasks to queue
[2024-09-28T20:06:40.636+0000] {logging_mixin.py:190} INFO - [2024-09-28T20:06:40.636+0000] {dagbag.py:588} INFO - Filling up the DagBag from /home/airflow/.local/lib/python3.12/site-packages/airflow/example_dags/example_task_group.py
[2024-09-28T20:06:40.642+0000] {processor.py:925} INFO - DAG(s) 'example_task_group' retrieved from /home/airflow/.local/lib/python3.12/site-packages/airflow/example_dags/example_task_group.py
[2024-09-28T20:06:40.656+0000] {logging_mixin.py:190} INFO - [2024-09-28T20:06:40.656+0000] {dag.py:3239} INFO - Sync 1 DAGs
[2024-09-28T20:06:40.666+0000] {logging_mixin.py:190} INFO - [2024-09-28T20:06:40.666+0000] {dag.py:4180} INFO - Setting next_dagrun for example_task_group to None, run_after=None
[2024-09-28T20:06:40.684+0000] {processor.py:208} INFO - Processing /home/airflow/.local/lib/python3.12/site-packages/airflow/example_dags/example_task_group.py took 0.054 seconds
[2024-09-28T20:07:10.827+0000] {processor.py:186} INFO - Started process (PID=348) to work on /home/airflow/.local/lib/python3.12/site-packages/airflow/example_dags/example_task_group.py
[2024-09-28T20:07:10.829+0000] {processor.py:914} INFO - Processing file /home/airflow/.local/lib/python3.12/site-packages/airflow/example_dags/example_task_group.py for tasks to queue
[2024-09-28T20:07:10.830+0000] {logging_mixin.py:190} INFO - [2024-09-28T20:07:10.830+0000] {dagbag.py:588} INFO - Filling up the DagBag from /home/airflow/.local/lib/python3.12/site-packages/airflow/example_dags/example_task_group.py
[2024-09-28T20:07:10.838+0000] {processor.py:925} INFO - DAG(s) 'example_task_group' retrieved from /home/airflow/.local/lib/python3.12/site-packages/airflow/example_dags/example_task_group.py
[2024-09-28T20:07:10.852+0000] {logging_mixin.py:190} INFO - [2024-09-28T20:07:10.852+0000] {dag.py:3239} INFO - Sync 1 DAGs
[2024-09-28T20:07:10.864+0000] {logging_mixin.py:190} INFO - [2024-09-28T20:07:10.863+0000] {dag.py:4180} INFO - Setting next_dagrun for example_task_group to None, run_after=None
[2024-09-28T20:07:10.875+0000] {processor.py:208} INFO - Processing /home/airflow/.local/lib/python3.12/site-packages/airflow/example_dags/example_task_group.py took 0.052 seconds
[2024-09-28T20:07:41.887+0000] {processor.py:186} INFO - Started process (PID=414) to work on /home/airflow/.local/lib/python3.12/site-packages/airflow/example_dags/example_task_group.py
[2024-09-28T20:07:41.888+0000] {processor.py:914} INFO - Processing file /home/airflow/.local/lib/python3.12/site-packages/airflow/example_dags/example_task_group.py for tasks to queue
[2024-09-28T20:07:41.890+0000] {logging_mixin.py:190} INFO - [2024-09-28T20:07:41.889+0000] {dagbag.py:588} INFO - Filling up the DagBag from /home/airflow/.local/lib/python3.12/site-packages/airflow/example_dags/example_task_group.py
[2024-09-28T20:07:41.899+0000] {processor.py:925} INFO - DAG(s) 'example_task_group' retrieved from /home/airflow/.local/lib/python3.12/site-packages/airflow/example_dags/example_task_group.py
[2024-09-28T20:07:41.913+0000] {logging_mixin.py:190} INFO - [2024-09-28T20:07:41.913+0000] {dag.py:3239} INFO - Sync 1 DAGs
[2024-09-28T20:07:41.923+0000] {logging_mixin.py:190} INFO - [2024-09-28T20:07:41.923+0000] {dag.py:4180} INFO - Setting next_dagrun for example_task_group to None, run_after=None
[2024-09-28T20:07:41.937+0000] {processor.py:208} INFO - Processing /home/airflow/.local/lib/python3.12/site-packages/airflow/example_dags/example_task_group.py took 0.053 seconds
[2024-09-28T20:08:12.501+0000] {processor.py:186} INFO - Started process (PID=479) to work on /home/airflow/.local/lib/python3.12/site-packages/airflow/example_dags/example_task_group.py
[2024-09-28T20:08:12.508+0000] {processor.py:914} INFO - Processing file /home/airflow/.local/lib/python3.12/site-packages/airflow/example_dags/example_task_group.py for tasks to queue
[2024-09-28T20:08:12.512+0000] {logging_mixin.py:190} INFO - [2024-09-28T20:08:12.511+0000] {dagbag.py:588} INFO - Filling up the DagBag from /home/airflow/.local/lib/python3.12/site-packages/airflow/example_dags/example_task_group.py
[2024-09-28T20:08:12.520+0000] {processor.py:925} INFO - DAG(s) 'example_task_group' retrieved from /home/airflow/.local/lib/python3.12/site-packages/airflow/example_dags/example_task_group.py
[2024-09-28T20:08:12.534+0000] {logging_mixin.py:190} INFO - [2024-09-28T20:08:12.533+0000] {dag.py:3239} INFO - Sync 1 DAGs
[2024-09-28T20:08:12.543+0000] {logging_mixin.py:190} INFO - [2024-09-28T20:08:12.543+0000] {dag.py:4180} INFO - Setting next_dagrun for example_task_group to None, run_after=None
[2024-09-28T20:08:12.557+0000] {processor.py:208} INFO - Processing /home/airflow/.local/lib/python3.12/site-packages/airflow/example_dags/example_task_group.py took 0.060 seconds
[2024-09-28T20:08:43.422+0000] {processor.py:186} INFO - Started process (PID=544) to work on /home/airflow/.local/lib/python3.12/site-packages/airflow/example_dags/example_task_group.py
[2024-09-28T20:08:43.423+0000] {processor.py:914} INFO - Processing file /home/airflow/.local/lib/python3.12/site-packages/airflow/example_dags/example_task_group.py for tasks to queue
[2024-09-28T20:08:43.425+0000] {logging_mixin.py:190} INFO - [2024-09-28T20:08:43.424+0000] {dagbag.py:588} INFO - Filling up the DagBag from /home/airflow/.local/lib/python3.12/site-packages/airflow/example_dags/example_task_group.py
[2024-09-28T20:08:43.430+0000] {processor.py:925} INFO - DAG(s) 'example_task_group' retrieved from /home/airflow/.local/lib/python3.12/site-packages/airflow/example_dags/example_task_group.py
[2024-09-28T20:08:43.445+0000] {logging_mixin.py:190} INFO - [2024-09-28T20:08:43.444+0000] {dag.py:3239} INFO - Sync 1 DAGs
[2024-09-28T20:08:43.453+0000] {logging_mixin.py:190} INFO - [2024-09-28T20:08:43.453+0000] {dag.py:4180} INFO - Setting next_dagrun for example_task_group to None, run_after=None
[2024-09-28T20:08:43.465+0000] {processor.py:208} INFO - Processing /home/airflow/.local/lib/python3.12/site-packages/airflow/example_dags/example_task_group.py took 0.048 seconds
[2024-09-28T20:09:14.199+0000] {processor.py:186} INFO - Started process (PID=609) to work on /home/airflow/.local/lib/python3.12/site-packages/airflow/example_dags/example_task_group.py
[2024-09-28T20:09:14.200+0000] {processor.py:914} INFO - Processing file /home/airflow/.local/lib/python3.12/site-packages/airflow/example_dags/example_task_group.py for tasks to queue
[2024-09-28T20:09:14.202+0000] {logging_mixin.py:190} INFO - [2024-09-28T20:09:14.202+0000] {dagbag.py:588} INFO - Filling up the DagBag from /home/airflow/.local/lib/python3.12/site-packages/airflow/example_dags/example_task_group.py
[2024-09-28T20:09:14.208+0000] {processor.py:925} INFO - DAG(s) 'example_task_group' retrieved from /home/airflow/.local/lib/python3.12/site-packages/airflow/example_dags/example_task_group.py
[2024-09-28T20:09:14.222+0000] {logging_mixin.py:190} INFO - [2024-09-28T20:09:14.222+0000] {dag.py:3239} INFO - Sync 1 DAGs
[2024-09-28T20:09:14.232+0000] {logging_mixin.py:190} INFO - [2024-09-28T20:09:14.232+0000] {dag.py:4180} INFO - Setting next_dagrun for example_task_group to None, run_after=None
[2024-09-28T20:09:14.247+0000] {processor.py:208} INFO - Processing /home/airflow/.local/lib/python3.12/site-packages/airflow/example_dags/example_task_group.py took 0.051 seconds
[2024-09-28T20:09:44.380+0000] {processor.py:186} INFO - Started process (PID=674) to work on /home/airflow/.local/lib/python3.12/site-packages/airflow/example_dags/example_task_group.py
[2024-09-28T20:09:44.381+0000] {processor.py:914} INFO - Processing file /home/airflow/.local/lib/python3.12/site-packages/airflow/example_dags/example_task_group.py for tasks to queue
[2024-09-28T20:09:44.383+0000] {logging_mixin.py:190} INFO - [2024-09-28T20:09:44.382+0000] {dagbag.py:588} INFO - Filling up the DagBag from /home/airflow/.local/lib/python3.12/site-packages/airflow/example_dags/example_task_group.py
[2024-09-28T20:09:44.388+0000] {processor.py:925} INFO - DAG(s) 'example_task_group' retrieved from /home/airflow/.local/lib/python3.12/site-packages/airflow/example_dags/example_task_group.py
[2024-09-28T20:09:44.403+0000] {logging_mixin.py:190} INFO - [2024-09-28T20:09:44.402+0000] {dag.py:3239} INFO - Sync 1 DAGs
[2024-09-28T20:09:44.412+0000] {logging_mixin.py:190} INFO - [2024-09-28T20:09:44.412+0000] {dag.py:4180} INFO - Setting next_dagrun for example_task_group to None, run_after=None
[2024-09-28T20:09:44.425+0000] {processor.py:208} INFO - Processing /home/airflow/.local/lib/python3.12/site-packages/airflow/example_dags/example_task_group.py took 0.049 seconds
[2024-09-28T20:10:14.792+0000] {processor.py:186} INFO - Started process (PID=740) to work on /home/airflow/.local/lib/python3.12/site-packages/airflow/example_dags/example_task_group.py
[2024-09-28T20:10:14.792+0000] {processor.py:914} INFO - Processing file /home/airflow/.local/lib/python3.12/site-packages/airflow/example_dags/example_task_group.py for tasks to queue
[2024-09-28T20:10:14.794+0000] {logging_mixin.py:190} INFO - [2024-09-28T20:10:14.794+0000] {dagbag.py:588} INFO - Filling up the DagBag from /home/airflow/.local/lib/python3.12/site-packages/airflow/example_dags/example_task_group.py
[2024-09-28T20:10:14.799+0000] {processor.py:925} INFO - DAG(s) 'example_task_group' retrieved from /home/airflow/.local/lib/python3.12/site-packages/airflow/example_dags/example_task_group.py
[2024-09-28T20:10:14.814+0000] {logging_mixin.py:190} INFO - [2024-09-28T20:10:14.814+0000] {dag.py:3239} INFO - Sync 1 DAGs
[2024-09-28T20:10:14.822+0000] {logging_mixin.py:190} INFO - [2024-09-28T20:10:14.822+0000] {dag.py:4180} INFO - Setting next_dagrun for example_task_group to None, run_after=None
[2024-09-28T20:10:14.835+0000] {processor.py:208} INFO - Processing /home/airflow/.local/lib/python3.12/site-packages/airflow/example_dags/example_task_group.py took 0.047 seconds
[2024-09-28T20:10:45.115+0000] {processor.py:186} INFO - Started process (PID=806) to work on /home/airflow/.local/lib/python3.12/site-packages/airflow/example_dags/example_task_group.py
[2024-09-28T20:10:45.116+0000] {processor.py:914} INFO - Processing file /home/airflow/.local/lib/python3.12/site-packages/airflow/example_dags/example_task_group.py for tasks to queue
[2024-09-28T20:10:45.117+0000] {logging_mixin.py:190} INFO - [2024-09-28T20:10:45.117+0000] {dagbag.py:588} INFO - Filling up the DagBag from /home/airflow/.local/lib/python3.12/site-packages/airflow/example_dags/example_task_group.py
[2024-09-28T20:10:45.122+0000] {processor.py:925} INFO - DAG(s) 'example_task_group' retrieved from /home/airflow/.local/lib/python3.12/site-packages/airflow/example_dags/example_task_group.py
[2024-09-28T20:10:45.136+0000] {logging_mixin.py:190} INFO - [2024-09-28T20:10:45.136+0000] {dag.py:3239} INFO - Sync 1 DAGs
[2024-09-28T20:10:45.146+0000] {logging_mixin.py:190} INFO - [2024-09-28T20:10:45.146+0000] {dag.py:4180} INFO - Setting next_dagrun for example_task_group to None, run_after=None
[2024-09-28T20:10:45.158+0000] {processor.py:208} INFO - Processing /home/airflow/.local/lib/python3.12/site-packages/airflow/example_dags/example_task_group.py took 0.047 seconds
[2024-09-28T20:11:15.319+0000] {processor.py:186} INFO - Started process (PID=876) to work on /home/airflow/.local/lib/python3.12/site-packages/airflow/example_dags/example_task_group.py
[2024-09-28T20:11:15.320+0000] {processor.py:914} INFO - Processing file /home/airflow/.local/lib/python3.12/site-packages/airflow/example_dags/example_task_group.py for tasks to queue
[2024-09-28T20:11:15.322+0000] {logging_mixin.py:190} INFO - [2024-09-28T20:11:15.322+0000] {dagbag.py:588} INFO - Filling up the DagBag from /home/airflow/.local/lib/python3.12/site-packages/airflow/example_dags/example_task_group.py
[2024-09-28T20:11:15.328+0000] {processor.py:925} INFO - DAG(s) 'example_task_group' retrieved from /home/airflow/.local/lib/python3.12/site-packages/airflow/example_dags/example_task_group.py
[2024-09-28T20:11:15.345+0000] {logging_mixin.py:190} INFO - [2024-09-28T20:11:15.344+0000] {dag.py:3239} INFO - Sync 1 DAGs
[2024-09-28T20:11:15.358+0000] {logging_mixin.py:190} INFO - [2024-09-28T20:11:15.357+0000] {dag.py:4180} INFO - Setting next_dagrun for example_task_group to None, run_after=None
[2024-09-28T20:11:15.371+0000] {processor.py:208} INFO - Processing /home/airflow/.local/lib/python3.12/site-packages/airflow/example_dags/example_task_group.py took 0.057 seconds
[2024-09-28T20:11:45.765+0000] {processor.py:186} INFO - Started process (PID=942) to work on /home/airflow/.local/lib/python3.12/site-packages/airflow/example_dags/example_task_group.py
[2024-09-28T20:11:45.766+0000] {processor.py:914} INFO - Processing file /home/airflow/.local/lib/python3.12/site-packages/airflow/example_dags/example_task_group.py for tasks to queue
[2024-09-28T20:11:45.768+0000] {logging_mixin.py:190} INFO - [2024-09-28T20:11:45.768+0000] {dagbag.py:588} INFO - Filling up the DagBag from /home/airflow/.local/lib/python3.12/site-packages/airflow/example_dags/example_task_group.py
[2024-09-28T20:11:45.775+0000] {processor.py:925} INFO - DAG(s) 'example_task_group' retrieved from /home/airflow/.local/lib/python3.12/site-packages/airflow/example_dags/example_task_group.py
[2024-09-28T20:11:45.790+0000] {logging_mixin.py:190} INFO - [2024-09-28T20:11:45.790+0000] {dag.py:3239} INFO - Sync 1 DAGs
[2024-09-28T20:11:45.801+0000] {logging_mixin.py:190} INFO - [2024-09-28T20:11:45.801+0000] {dag.py:4180} INFO - Setting next_dagrun for example_task_group to None, run_after=None
[2024-09-28T20:11:45.816+0000] {processor.py:208} INFO - Processing /home/airflow/.local/lib/python3.12/site-packages/airflow/example_dags/example_task_group.py took 0.055 seconds
[2024-09-28T20:12:16.066+0000] {processor.py:186} INFO - Started process (PID=1008) to work on /home/airflow/.local/lib/python3.12/site-packages/airflow/example_dags/example_task_group.py
[2024-09-28T20:12:16.067+0000] {processor.py:914} INFO - Processing file /home/airflow/.local/lib/python3.12/site-packages/airflow/example_dags/example_task_group.py for tasks to queue
[2024-09-28T20:12:16.069+0000] {logging_mixin.py:190} INFO - [2024-09-28T20:12:16.069+0000] {dagbag.py:588} INFO - Filling up the DagBag from /home/airflow/.local/lib/python3.12/site-packages/airflow/example_dags/example_task_group.py
[2024-09-28T20:12:16.075+0000] {processor.py:925} INFO - DAG(s) 'example_task_group' retrieved from /home/airflow/.local/lib/python3.12/site-packages/airflow/example_dags/example_task_group.py
[2024-09-28T20:12:16.088+0000] {logging_mixin.py:190} INFO - [2024-09-28T20:12:16.088+0000] {dag.py:3239} INFO - Sync 1 DAGs
[2024-09-28T20:12:16.097+0000] {logging_mixin.py:190} INFO - [2024-09-28T20:12:16.096+0000] {dag.py:4180} INFO - Setting next_dagrun for example_task_group to None, run_after=None
[2024-09-28T20:12:16.110+0000] {processor.py:208} INFO - Processing /home/airflow/.local/lib/python3.12/site-packages/airflow/example_dags/example_task_group.py took 0.048 seconds
[2024-09-28T20:12:46.195+0000] {processor.py:186} INFO - Started process (PID=1074) to work on /home/airflow/.local/lib/python3.12/site-packages/airflow/example_dags/example_task_group.py
[2024-09-28T20:12:46.196+0000] {processor.py:914} INFO - Processing file /home/airflow/.local/lib/python3.12/site-packages/airflow/example_dags/example_task_group.py for tasks to queue
[2024-09-28T20:12:46.198+0000] {logging_mixin.py:190} INFO - [2024-09-28T20:12:46.198+0000] {dagbag.py:588} INFO - Filling up the DagBag from /home/airflow/.local/lib/python3.12/site-packages/airflow/example_dags/example_task_group.py
[2024-09-28T20:12:46.203+0000] {processor.py:925} INFO - DAG(s) 'example_task_group' retrieved from /home/airflow/.local/lib/python3.12/site-packages/airflow/example_dags/example_task_group.py
[2024-09-28T20:12:46.217+0000] {logging_mixin.py:190} INFO - [2024-09-28T20:12:46.217+0000] {dag.py:3239} INFO - Sync 1 DAGs
[2024-09-28T20:12:46.226+0000] {logging_mixin.py:190} INFO - [2024-09-28T20:12:46.226+0000] {dag.py:4180} INFO - Setting next_dagrun for example_task_group to None, run_after=None
[2024-09-28T20:12:46.239+0000] {processor.py:208} INFO - Processing /home/airflow/.local/lib/python3.12/site-packages/airflow/example_dags/example_task_group.py took 0.048 seconds
[2024-09-28T20:13:16.427+0000] {processor.py:186} INFO - Started process (PID=1140) to work on /home/airflow/.local/lib/python3.12/site-packages/airflow/example_dags/example_task_group.py
[2024-09-28T20:13:16.428+0000] {processor.py:914} INFO - Processing file /home/airflow/.local/lib/python3.12/site-packages/airflow/example_dags/example_task_group.py for tasks to queue
[2024-09-28T20:13:16.430+0000] {logging_mixin.py:190} INFO - [2024-09-28T20:13:16.430+0000] {dagbag.py:588} INFO - Filling up the DagBag from /home/airflow/.local/lib/python3.12/site-packages/airflow/example_dags/example_task_group.py
[2024-09-28T20:13:16.435+0000] {processor.py:925} INFO - DAG(s) 'example_task_group' retrieved from /home/airflow/.local/lib/python3.12/site-packages/airflow/example_dags/example_task_group.py
[2024-09-28T20:13:16.450+0000] {logging_mixin.py:190} INFO - [2024-09-28T20:13:16.449+0000] {dag.py:3239} INFO - Sync 1 DAGs
[2024-09-28T20:13:16.459+0000] {logging_mixin.py:190} INFO - [2024-09-28T20:13:16.459+0000] {dag.py:4180} INFO - Setting next_dagrun for example_task_group to None, run_after=None
[2024-09-28T20:13:16.472+0000] {processor.py:208} INFO - Processing /home/airflow/.local/lib/python3.12/site-packages/airflow/example_dags/example_task_group.py took 0.049 seconds
[2024-09-28T20:13:46.635+0000] {processor.py:186} INFO - Started process (PID=1205) to work on /home/airflow/.local/lib/python3.12/site-packages/airflow/example_dags/example_task_group.py
[2024-09-28T20:13:46.636+0000] {processor.py:914} INFO - Processing file /home/airflow/.local/lib/python3.12/site-packages/airflow/example_dags/example_task_group.py for tasks to queue
[2024-09-28T20:13:46.638+0000] {logging_mixin.py:190} INFO - [2024-09-28T20:13:46.637+0000] {dagbag.py:588} INFO - Filling up the DagBag from /home/airflow/.local/lib/python3.12/site-packages/airflow/example_dags/example_task_group.py
[2024-09-28T20:13:46.643+0000] {processor.py:925} INFO - DAG(s) 'example_task_group' retrieved from /home/airflow/.local/lib/python3.12/site-packages/airflow/example_dags/example_task_group.py
[2024-09-28T20:13:46.657+0000] {logging_mixin.py:190} INFO - [2024-09-28T20:13:46.657+0000] {dag.py:3239} INFO - Sync 1 DAGs
[2024-09-28T20:13:46.666+0000] {logging_mixin.py:190} INFO - [2024-09-28T20:13:46.666+0000] {dag.py:4180} INFO - Setting next_dagrun for example_task_group to None, run_after=None
[2024-09-28T20:13:46.678+0000] {processor.py:208} INFO - Processing /home/airflow/.local/lib/python3.12/site-packages/airflow/example_dags/example_task_group.py took 0.047 seconds
[2024-09-28T20:14:16.958+0000] {processor.py:186} INFO - Started process (PID=1271) to work on /home/airflow/.local/lib/python3.12/site-packages/airflow/example_dags/example_task_group.py
[2024-09-28T20:14:16.959+0000] {processor.py:914} INFO - Processing file /home/airflow/.local/lib/python3.12/site-packages/airflow/example_dags/example_task_group.py for tasks to queue
[2024-09-28T20:14:16.961+0000] {logging_mixin.py:190} INFO - [2024-09-28T20:14:16.961+0000] {dagbag.py:588} INFO - Filling up the DagBag from /home/airflow/.local/lib/python3.12/site-packages/airflow/example_dags/example_task_group.py
[2024-09-28T20:14:16.967+0000] {processor.py:925} INFO - DAG(s) 'example_task_group' retrieved from /home/airflow/.local/lib/python3.12/site-packages/airflow/example_dags/example_task_group.py
[2024-09-28T20:14:16.980+0000] {logging_mixin.py:190} INFO - [2024-09-28T20:14:16.980+0000] {dag.py:3239} INFO - Sync 1 DAGs
[2024-09-28T20:14:16.989+0000] {logging_mixin.py:190} INFO - [2024-09-28T20:14:16.989+0000] {dag.py:4180} INFO - Setting next_dagrun for example_task_group to None, run_after=None
[2024-09-28T20:14:17.000+0000] {processor.py:208} INFO - Processing /home/airflow/.local/lib/python3.12/site-packages/airflow/example_dags/example_task_group.py took 0.046 seconds
[2024-09-28T20:14:47.376+0000] {processor.py:186} INFO - Started process (PID=1337) to work on /home/airflow/.local/lib/python3.12/site-packages/airflow/example_dags/example_task_group.py
[2024-09-28T20:14:47.376+0000] {processor.py:914} INFO - Processing file /home/airflow/.local/lib/python3.12/site-packages/airflow/example_dags/example_task_group.py for tasks to queue
[2024-09-28T20:14:47.378+0000] {logging_mixin.py:190} INFO - [2024-09-28T20:14:47.378+0000] {dagbag.py:588} INFO - Filling up the DagBag from /home/airflow/.local/lib/python3.12/site-packages/airflow/example_dags/example_task_group.py
[2024-09-28T20:14:47.383+0000] {processor.py:925} INFO - DAG(s) 'example_task_group' retrieved from /home/airflow/.local/lib/python3.12/site-packages/airflow/example_dags/example_task_group.py
[2024-09-28T20:14:47.396+0000] {logging_mixin.py:190} INFO - [2024-09-28T20:14:47.396+0000] {dag.py:3239} INFO - Sync 1 DAGs
[2024-09-28T20:14:47.405+0000] {logging_mixin.py:190} INFO - [2024-09-28T20:14:47.405+0000] {dag.py:4180} INFO - Setting next_dagrun for example_task_group to None, run_after=None
[2024-09-28T20:14:47.417+0000] {processor.py:208} INFO - Processing /home/airflow/.local/lib/python3.12/site-packages/airflow/example_dags/example_task_group.py took 0.045 seconds
[2024-09-28T20:15:17.630+0000] {processor.py:186} INFO - Started process (PID=1403) to work on /home/airflow/.local/lib/python3.12/site-packages/airflow/example_dags/example_task_group.py
[2024-09-28T20:15:17.631+0000] {processor.py:914} INFO - Processing file /home/airflow/.local/lib/python3.12/site-packages/airflow/example_dags/example_task_group.py for tasks to queue
[2024-09-28T20:15:17.633+0000] {logging_mixin.py:190} INFO - [2024-09-28T20:15:17.633+0000] {dagbag.py:588} INFO - Filling up the DagBag from /home/airflow/.local/lib/python3.12/site-packages/airflow/example_dags/example_task_group.py
[2024-09-28T20:15:17.639+0000] {processor.py:925} INFO - DAG(s) 'example_task_group' retrieved from /home/airflow/.local/lib/python3.12/site-packages/airflow/example_dags/example_task_group.py
[2024-09-28T20:15:17.654+0000] {logging_mixin.py:190} INFO - [2024-09-28T20:15:17.654+0000] {dag.py:3239} INFO - Sync 1 DAGs
[2024-09-28T20:15:17.664+0000] {logging_mixin.py:190} INFO - [2024-09-28T20:15:17.663+0000] {dag.py:4180} INFO - Setting next_dagrun for example_task_group to None, run_after=None
[2024-09-28T20:15:17.677+0000] {processor.py:208} INFO - Processing /home/airflow/.local/lib/python3.12/site-packages/airflow/example_dags/example_task_group.py took 0.051 seconds
[2024-09-28T20:16:29.936+0000] {processor.py:186} INFO - Started process (PID=108) to work on /home/airflow/.local/lib/python3.12/site-packages/airflow/example_dags/example_task_group.py
[2024-09-28T20:16:29.937+0000] {processor.py:914} INFO - Processing file /home/airflow/.local/lib/python3.12/site-packages/airflow/example_dags/example_task_group.py for tasks to queue
[2024-09-28T20:16:29.939+0000] {logging_mixin.py:190} INFO - [2024-09-28T20:16:29.939+0000] {dagbag.py:588} INFO - Filling up the DagBag from /home/airflow/.local/lib/python3.12/site-packages/airflow/example_dags/example_task_group.py
[2024-09-28T20:16:29.947+0000] {processor.py:925} INFO - DAG(s) 'example_task_group' retrieved from /home/airflow/.local/lib/python3.12/site-packages/airflow/example_dags/example_task_group.py
[2024-09-28T20:16:29.962+0000] {logging_mixin.py:190} INFO - [2024-09-28T20:16:29.962+0000] {dag.py:3239} INFO - Sync 1 DAGs
[2024-09-28T20:16:29.972+0000] {logging_mixin.py:190} INFO - [2024-09-28T20:16:29.972+0000] {dag.py:4180} INFO - Setting next_dagrun for example_task_group to None, run_after=None
[2024-09-28T20:16:29.987+0000] {processor.py:208} INFO - Processing /home/airflow/.local/lib/python3.12/site-packages/airflow/example_dags/example_task_group.py took 0.056 seconds
[2024-09-28T20:17:00.505+0000] {processor.py:186} INFO - Started process (PID=176) to work on /home/airflow/.local/lib/python3.12/site-packages/airflow/example_dags/example_task_group.py
[2024-09-28T20:17:00.506+0000] {processor.py:914} INFO - Processing file /home/airflow/.local/lib/python3.12/site-packages/airflow/example_dags/example_task_group.py for tasks to queue
[2024-09-28T20:17:00.508+0000] {logging_mixin.py:190} INFO - [2024-09-28T20:17:00.508+0000] {dagbag.py:588} INFO - Filling up the DagBag from /home/airflow/.local/lib/python3.12/site-packages/airflow/example_dags/example_task_group.py
[2024-09-28T20:17:00.513+0000] {processor.py:925} INFO - DAG(s) 'example_task_group' retrieved from /home/airflow/.local/lib/python3.12/site-packages/airflow/example_dags/example_task_group.py
[2024-09-28T20:17:00.528+0000] {logging_mixin.py:190} INFO - [2024-09-28T20:17:00.528+0000] {dag.py:3239} INFO - Sync 1 DAGs
[2024-09-28T20:17:00.544+0000] {logging_mixin.py:190} INFO - [2024-09-28T20:17:00.544+0000] {dag.py:4180} INFO - Setting next_dagrun for example_task_group to None, run_after=None
[2024-09-28T20:17:00.559+0000] {processor.py:208} INFO - Processing /home/airflow/.local/lib/python3.12/site-packages/airflow/example_dags/example_task_group.py took 0.058 seconds
[2024-09-28T20:17:30.897+0000] {processor.py:186} INFO - Started process (PID=244) to work on /home/airflow/.local/lib/python3.12/site-packages/airflow/example_dags/example_task_group.py
[2024-09-28T20:17:30.898+0000] {processor.py:914} INFO - Processing file /home/airflow/.local/lib/python3.12/site-packages/airflow/example_dags/example_task_group.py for tasks to queue
[2024-09-28T20:17:30.899+0000] {logging_mixin.py:190} INFO - [2024-09-28T20:17:30.899+0000] {dagbag.py:588} INFO - Filling up the DagBag from /home/airflow/.local/lib/python3.12/site-packages/airflow/example_dags/example_task_group.py
[2024-09-28T20:17:30.905+0000] {processor.py:925} INFO - DAG(s) 'example_task_group' retrieved from /home/airflow/.local/lib/python3.12/site-packages/airflow/example_dags/example_task_group.py
[2024-09-28T20:17:30.921+0000] {logging_mixin.py:190} INFO - [2024-09-28T20:17:30.921+0000] {dag.py:3239} INFO - Sync 1 DAGs
[2024-09-28T20:17:30.930+0000] {logging_mixin.py:190} INFO - [2024-09-28T20:17:30.930+0000] {dag.py:4180} INFO - Setting next_dagrun for example_task_group to None, run_after=None
[2024-09-28T20:17:30.943+0000] {processor.py:208} INFO - Processing /home/airflow/.local/lib/python3.12/site-packages/airflow/example_dags/example_task_group.py took 0.049 seconds
[2024-09-28T20:18:01.200+0000] {processor.py:186} INFO - Started process (PID=312) to work on /home/airflow/.local/lib/python3.12/site-packages/airflow/example_dags/example_task_group.py
[2024-09-28T20:18:01.201+0000] {processor.py:914} INFO - Processing file /home/airflow/.local/lib/python3.12/site-packages/airflow/example_dags/example_task_group.py for tasks to queue
[2024-09-28T20:18:01.203+0000] {logging_mixin.py:190} INFO - [2024-09-28T20:18:01.203+0000] {dagbag.py:588} INFO - Filling up the DagBag from /home/airflow/.local/lib/python3.12/site-packages/airflow/example_dags/example_task_group.py
[2024-09-28T20:18:01.209+0000] {processor.py:925} INFO - DAG(s) 'example_task_group' retrieved from /home/airflow/.local/lib/python3.12/site-packages/airflow/example_dags/example_task_group.py
[2024-09-28T20:18:01.225+0000] {logging_mixin.py:190} INFO - [2024-09-28T20:18:01.225+0000] {dag.py:3239} INFO - Sync 1 DAGs
[2024-09-28T20:18:01.235+0000] {logging_mixin.py:190} INFO - [2024-09-28T20:18:01.235+0000] {dag.py:4180} INFO - Setting next_dagrun for example_task_group to None, run_after=None
[2024-09-28T20:18:01.249+0000] {processor.py:208} INFO - Processing /home/airflow/.local/lib/python3.12/site-packages/airflow/example_dags/example_task_group.py took 0.052 seconds
[2024-09-28T20:18:31.656+0000] {processor.py:186} INFO - Started process (PID=384) to work on /home/airflow/.local/lib/python3.12/site-packages/airflow/example_dags/example_task_group.py
[2024-09-28T20:18:31.657+0000] {processor.py:914} INFO - Processing file /home/airflow/.local/lib/python3.12/site-packages/airflow/example_dags/example_task_group.py for tasks to queue
[2024-09-28T20:18:31.658+0000] {logging_mixin.py:190} INFO - [2024-09-28T20:18:31.658+0000] {dagbag.py:588} INFO - Filling up the DagBag from /home/airflow/.local/lib/python3.12/site-packages/airflow/example_dags/example_task_group.py
[2024-09-28T20:18:31.664+0000] {processor.py:925} INFO - DAG(s) 'example_task_group' retrieved from /home/airflow/.local/lib/python3.12/site-packages/airflow/example_dags/example_task_group.py
[2024-09-28T20:18:31.678+0000] {logging_mixin.py:190} INFO - [2024-09-28T20:18:31.678+0000] {dag.py:3239} INFO - Sync 1 DAGs
[2024-09-28T20:18:31.689+0000] {logging_mixin.py:190} INFO - [2024-09-28T20:18:31.688+0000] {dag.py:4180} INFO - Setting next_dagrun for example_task_group to None, run_after=None
[2024-09-28T20:18:31.701+0000] {processor.py:208} INFO - Processing /home/airflow/.local/lib/python3.12/site-packages/airflow/example_dags/example_task_group.py took 0.049 seconds
[2024-09-28T20:19:01.915+0000] {processor.py:186} INFO - Started process (PID=450) to work on /home/airflow/.local/lib/python3.12/site-packages/airflow/example_dags/example_task_group.py
[2024-09-28T20:19:01.915+0000] {processor.py:914} INFO - Processing file /home/airflow/.local/lib/python3.12/site-packages/airflow/example_dags/example_task_group.py for tasks to queue
[2024-09-28T20:19:01.916+0000] {logging_mixin.py:190} INFO - [2024-09-28T20:19:01.916+0000] {dagbag.py:588} INFO - Filling up the DagBag from /home/airflow/.local/lib/python3.12/site-packages/airflow/example_dags/example_task_group.py
[2024-09-28T20:19:01.922+0000] {processor.py:925} INFO - DAG(s) 'example_task_group' retrieved from /home/airflow/.local/lib/python3.12/site-packages/airflow/example_dags/example_task_group.py
[2024-09-28T20:19:01.936+0000] {logging_mixin.py:190} INFO - [2024-09-28T20:19:01.936+0000] {dag.py:3239} INFO - Sync 1 DAGs
[2024-09-28T20:19:01.945+0000] {logging_mixin.py:190} INFO - [2024-09-28T20:19:01.945+0000] {dag.py:4180} INFO - Setting next_dagrun for example_task_group to None, run_after=None
[2024-09-28T20:19:01.957+0000] {processor.py:208} INFO - Processing /home/airflow/.local/lib/python3.12/site-packages/airflow/example_dags/example_task_group.py took 0.046 seconds
[2024-09-28T20:19:32.195+0000] {processor.py:186} INFO - Started process (PID=516) to work on /home/airflow/.local/lib/python3.12/site-packages/airflow/example_dags/example_task_group.py
[2024-09-28T20:19:32.196+0000] {processor.py:914} INFO - Processing file /home/airflow/.local/lib/python3.12/site-packages/airflow/example_dags/example_task_group.py for tasks to queue
[2024-09-28T20:19:32.197+0000] {logging_mixin.py:190} INFO - [2024-09-28T20:19:32.196+0000] {dagbag.py:588} INFO - Filling up the DagBag from /home/airflow/.local/lib/python3.12/site-packages/airflow/example_dags/example_task_group.py
[2024-09-28T20:19:32.202+0000] {processor.py:925} INFO - DAG(s) 'example_task_group' retrieved from /home/airflow/.local/lib/python3.12/site-packages/airflow/example_dags/example_task_group.py
[2024-09-28T20:19:32.216+0000] {logging_mixin.py:190} INFO - [2024-09-28T20:19:32.216+0000] {dag.py:3239} INFO - Sync 1 DAGs
[2024-09-28T20:19:32.225+0000] {logging_mixin.py:190} INFO - [2024-09-28T20:19:32.225+0000] {dag.py:4180} INFO - Setting next_dagrun for example_task_group to None, run_after=None
[2024-09-28T20:19:32.238+0000] {processor.py:208} INFO - Processing /home/airflow/.local/lib/python3.12/site-packages/airflow/example_dags/example_task_group.py took 0.047 seconds
[2024-09-28T20:20:02.480+0000] {processor.py:186} INFO - Started process (PID=583) to work on /home/airflow/.local/lib/python3.12/site-packages/airflow/example_dags/example_task_group.py
[2024-09-28T20:20:02.481+0000] {processor.py:914} INFO - Processing file /home/airflow/.local/lib/python3.12/site-packages/airflow/example_dags/example_task_group.py for tasks to queue
[2024-09-28T20:20:02.482+0000] {logging_mixin.py:190} INFO - [2024-09-28T20:20:02.482+0000] {dagbag.py:588} INFO - Filling up the DagBag from /home/airflow/.local/lib/python3.12/site-packages/airflow/example_dags/example_task_group.py
[2024-09-28T20:20:02.487+0000] {processor.py:925} INFO - DAG(s) 'example_task_group' retrieved from /home/airflow/.local/lib/python3.12/site-packages/airflow/example_dags/example_task_group.py
[2024-09-28T20:20:02.502+0000] {logging_mixin.py:190} INFO - [2024-09-28T20:20:02.502+0000] {dag.py:3239} INFO - Sync 1 DAGs
[2024-09-28T20:20:02.511+0000] {logging_mixin.py:190} INFO - [2024-09-28T20:20:02.511+0000] {dag.py:4180} INFO - Setting next_dagrun for example_task_group to None, run_after=None
[2024-09-28T20:20:02.528+0000] {processor.py:208} INFO - Processing /home/airflow/.local/lib/python3.12/site-packages/airflow/example_dags/example_task_group.py took 0.051 seconds
[2024-09-28T20:20:32.974+0000] {processor.py:186} INFO - Started process (PID=649) to work on /home/airflow/.local/lib/python3.12/site-packages/airflow/example_dags/example_task_group.py
[2024-09-28T20:20:32.975+0000] {processor.py:914} INFO - Processing file /home/airflow/.local/lib/python3.12/site-packages/airflow/example_dags/example_task_group.py for tasks to queue
[2024-09-28T20:20:32.977+0000] {logging_mixin.py:190} INFO - [2024-09-28T20:20:32.976+0000] {dagbag.py:588} INFO - Filling up the DagBag from /home/airflow/.local/lib/python3.12/site-packages/airflow/example_dags/example_task_group.py
[2024-09-28T20:20:32.983+0000] {processor.py:925} INFO - DAG(s) 'example_task_group' retrieved from /home/airflow/.local/lib/python3.12/site-packages/airflow/example_dags/example_task_group.py
[2024-09-28T20:20:32.999+0000] {logging_mixin.py:190} INFO - [2024-09-28T20:20:32.999+0000] {dag.py:3239} INFO - Sync 1 DAGs
[2024-09-28T20:20:33.009+0000] {logging_mixin.py:190} INFO - [2024-09-28T20:20:33.009+0000] {dag.py:4180} INFO - Setting next_dagrun for example_task_group to None, run_after=None
[2024-09-28T20:20:33.022+0000] {processor.py:208} INFO - Processing /home/airflow/.local/lib/python3.12/site-packages/airflow/example_dags/example_task_group.py took 0.052 seconds
