[2024-09-28T19:52:48.639+0000] {processor.py:186} INFO - Started process (PID=75) to work on /home/airflow/.local/lib/python3.12/site-packages/airflow/example_dags/example_xcom.py
[2024-09-28T19:52:48.640+0000] {processor.py:914} INFO - Processing file /home/airflow/.local/lib/python3.12/site-packages/airflow/example_dags/example_xcom.py for tasks to queue
[2024-09-28T19:52:48.641+0000] {logging_mixin.py:190} INFO - [2024-09-28T19:52:48.641+0000] {dagbag.py:588} INFO - Filling up the DagBag from /home/airflow/.local/lib/python3.12/site-packages/airflow/example_dags/example_xcom.py
[2024-09-28T19:52:48.648+0000] {processor.py:925} INFO - DAG(s) 'example_xcom' retrieved from /home/airflow/.local/lib/python3.12/site-packages/airflow/example_dags/example_xcom.py
[2024-09-28T19:52:48.714+0000] {logging_mixin.py:190} INFO - [2024-09-28T19:52:48.714+0000] {override.py:1900} INFO - Created Permission View: can edit on DAG:example_xcom
[2024-09-28T19:52:48.722+0000] {logging_mixin.py:190} INFO - [2024-09-28T19:52:48.722+0000] {override.py:1900} INFO - Created Permission View: can delete on DAG:example_xcom
[2024-09-28T19:52:48.730+0000] {logging_mixin.py:190} INFO - [2024-09-28T19:52:48.729+0000] {override.py:1900} INFO - Created Permission View: can read on DAG:example_xcom
[2024-09-28T19:52:48.735+0000] {logging_mixin.py:190} INFO - [2024-09-28T19:52:48.735+0000] {override.py:1900} INFO - Created Permission View: can delete on DAG Run:example_xcom
[2024-09-28T19:52:48.739+0000] {logging_mixin.py:190} INFO - [2024-09-28T19:52:48.739+0000] {override.py:1900} INFO - Created Permission View: can read on DAG Run:example_xcom
[2024-09-28T19:52:48.744+0000] {logging_mixin.py:190} INFO - [2024-09-28T19:52:48.744+0000] {override.py:1900} INFO - Created Permission View: can create on DAG Run:example_xcom
[2024-09-28T19:52:48.749+0000] {logging_mixin.py:190} INFO - [2024-09-28T19:52:48.749+0000] {override.py:1900} INFO - Created Permission View: menu access on DAG Run:example_xcom
[2024-09-28T19:52:48.750+0000] {logging_mixin.py:190} INFO - [2024-09-28T19:52:48.750+0000] {dag.py:3239} INFO - Sync 1 DAGs
[2024-09-28T19:52:48.759+0000] {logging_mixin.py:190} INFO - [2024-09-28T19:52:48.759+0000] {dag.py:3262} INFO - Creating ORM DAG for example_xcom
[2024-09-28T19:52:48.766+0000] {logging_mixin.py:190} INFO - [2024-09-28T19:52:48.766+0000] {dag.py:4180} INFO - Setting next_dagrun for example_xcom to 2021-01-01 00:00:00+00:00, run_after=2021-01-01 00:00:00+00:00
[2024-09-28T19:52:48.778+0000] {processor.py:208} INFO - Processing /home/airflow/.local/lib/python3.12/site-packages/airflow/example_dags/example_xcom.py took 0.144 seconds
[2024-09-28T19:53:19.529+0000] {processor.py:186} INFO - Started process (PID=141) to work on /home/airflow/.local/lib/python3.12/site-packages/airflow/example_dags/example_xcom.py
[2024-09-28T19:53:19.540+0000] {processor.py:914} INFO - Processing file /home/airflow/.local/lib/python3.12/site-packages/airflow/example_dags/example_xcom.py for tasks to queue
[2024-09-28T19:53:19.543+0000] {logging_mixin.py:190} INFO - [2024-09-28T19:53:19.542+0000] {dagbag.py:588} INFO - Filling up the DagBag from /home/airflow/.local/lib/python3.12/site-packages/airflow/example_dags/example_xcom.py
[2024-09-28T19:53:19.549+0000] {processor.py:925} INFO - DAG(s) 'example_xcom' retrieved from /home/airflow/.local/lib/python3.12/site-packages/airflow/example_dags/example_xcom.py
[2024-09-28T19:53:19.563+0000] {logging_mixin.py:190} INFO - [2024-09-28T19:53:19.563+0000] {dag.py:3239} INFO - Sync 1 DAGs
[2024-09-28T19:53:19.585+0000] {logging_mixin.py:190} INFO - [2024-09-28T19:53:19.585+0000] {dag.py:4180} INFO - Setting next_dagrun for example_xcom to 2021-01-01 00:00:00+00:00, run_after=2021-01-01 00:00:00+00:00
[2024-09-28T19:53:19.599+0000] {processor.py:208} INFO - Processing /home/airflow/.local/lib/python3.12/site-packages/airflow/example_dags/example_xcom.py took 0.073 seconds
[2024-09-28T19:53:50.373+0000] {processor.py:186} INFO - Started process (PID=205) to work on /home/airflow/.local/lib/python3.12/site-packages/airflow/example_dags/example_xcom.py
[2024-09-28T19:53:50.374+0000] {processor.py:914} INFO - Processing file /home/airflow/.local/lib/python3.12/site-packages/airflow/example_dags/example_xcom.py for tasks to queue
[2024-09-28T19:53:50.376+0000] {logging_mixin.py:190} INFO - [2024-09-28T19:53:50.376+0000] {dagbag.py:588} INFO - Filling up the DagBag from /home/airflow/.local/lib/python3.12/site-packages/airflow/example_dags/example_xcom.py
[2024-09-28T19:53:50.382+0000] {processor.py:925} INFO - DAG(s) 'example_xcom' retrieved from /home/airflow/.local/lib/python3.12/site-packages/airflow/example_dags/example_xcom.py
[2024-09-28T19:53:50.395+0000] {logging_mixin.py:190} INFO - [2024-09-28T19:53:50.395+0000] {dag.py:3239} INFO - Sync 1 DAGs
[2024-09-28T19:53:50.410+0000] {logging_mixin.py:190} INFO - [2024-09-28T19:53:50.409+0000] {dag.py:4180} INFO - Setting next_dagrun for example_xcom to 2021-01-01 00:00:00+00:00, run_after=2021-01-01 00:00:00+00:00
[2024-09-28T19:53:50.422+0000] {processor.py:208} INFO - Processing /home/airflow/.local/lib/python3.12/site-packages/airflow/example_dags/example_xcom.py took 0.052 seconds
[2024-09-28T19:54:20.644+0000] {processor.py:186} INFO - Started process (PID=270) to work on /home/airflow/.local/lib/python3.12/site-packages/airflow/example_dags/example_xcom.py
[2024-09-28T19:54:20.645+0000] {processor.py:914} INFO - Processing file /home/airflow/.local/lib/python3.12/site-packages/airflow/example_dags/example_xcom.py for tasks to queue
[2024-09-28T19:54:20.646+0000] {logging_mixin.py:190} INFO - [2024-09-28T19:54:20.646+0000] {dagbag.py:588} INFO - Filling up the DagBag from /home/airflow/.local/lib/python3.12/site-packages/airflow/example_dags/example_xcom.py
[2024-09-28T19:54:20.652+0000] {processor.py:925} INFO - DAG(s) 'example_xcom' retrieved from /home/airflow/.local/lib/python3.12/site-packages/airflow/example_dags/example_xcom.py
[2024-09-28T19:54:20.665+0000] {logging_mixin.py:190} INFO - [2024-09-28T19:54:20.665+0000] {dag.py:3239} INFO - Sync 1 DAGs
[2024-09-28T19:54:20.679+0000] {logging_mixin.py:190} INFO - [2024-09-28T19:54:20.679+0000] {dag.py:4180} INFO - Setting next_dagrun for example_xcom to 2021-01-01 00:00:00+00:00, run_after=2021-01-01 00:00:00+00:00
[2024-09-28T19:54:20.690+0000] {processor.py:208} INFO - Processing /home/airflow/.local/lib/python3.12/site-packages/airflow/example_dags/example_xcom.py took 0.050 seconds
[2024-09-28T19:54:50.922+0000] {processor.py:186} INFO - Started process (PID=335) to work on /home/airflow/.local/lib/python3.12/site-packages/airflow/example_dags/example_xcom.py
[2024-09-28T19:54:50.923+0000] {processor.py:914} INFO - Processing file /home/airflow/.local/lib/python3.12/site-packages/airflow/example_dags/example_xcom.py for tasks to queue
[2024-09-28T19:54:50.925+0000] {logging_mixin.py:190} INFO - [2024-09-28T19:54:50.924+0000] {dagbag.py:588} INFO - Filling up the DagBag from /home/airflow/.local/lib/python3.12/site-packages/airflow/example_dags/example_xcom.py
[2024-09-28T19:54:50.930+0000] {processor.py:925} INFO - DAG(s) 'example_xcom' retrieved from /home/airflow/.local/lib/python3.12/site-packages/airflow/example_dags/example_xcom.py
[2024-09-28T19:54:50.943+0000] {logging_mixin.py:190} INFO - [2024-09-28T19:54:50.942+0000] {dag.py:3239} INFO - Sync 1 DAGs
[2024-09-28T19:54:50.956+0000] {logging_mixin.py:190} INFO - [2024-09-28T19:54:50.956+0000] {dag.py:4180} INFO - Setting next_dagrun for example_xcom to 2021-01-01 00:00:00+00:00, run_after=2021-01-01 00:00:00+00:00
[2024-09-28T19:54:50.968+0000] {processor.py:208} INFO - Processing /home/airflow/.local/lib/python3.12/site-packages/airflow/example_dags/example_xcom.py took 0.049 seconds
[2024-09-28T19:55:21.326+0000] {processor.py:186} INFO - Started process (PID=400) to work on /home/airflow/.local/lib/python3.12/site-packages/airflow/example_dags/example_xcom.py
[2024-09-28T19:55:21.327+0000] {processor.py:914} INFO - Processing file /home/airflow/.local/lib/python3.12/site-packages/airflow/example_dags/example_xcom.py for tasks to queue
[2024-09-28T19:55:21.329+0000] {logging_mixin.py:190} INFO - [2024-09-28T19:55:21.328+0000] {dagbag.py:588} INFO - Filling up the DagBag from /home/airflow/.local/lib/python3.12/site-packages/airflow/example_dags/example_xcom.py
[2024-09-28T19:55:21.338+0000] {processor.py:925} INFO - DAG(s) 'example_xcom' retrieved from /home/airflow/.local/lib/python3.12/site-packages/airflow/example_dags/example_xcom.py
[2024-09-28T19:55:21.349+0000] {logging_mixin.py:190} INFO - [2024-09-28T19:55:21.349+0000] {dag.py:3239} INFO - Sync 1 DAGs
[2024-09-28T19:55:21.365+0000] {logging_mixin.py:190} INFO - [2024-09-28T19:55:21.364+0000] {dag.py:4180} INFO - Setting next_dagrun for example_xcom to 2021-01-01 00:00:00+00:00, run_after=2021-01-01 00:00:00+00:00
[2024-09-28T19:55:21.375+0000] {processor.py:208} INFO - Processing /home/airflow/.local/lib/python3.12/site-packages/airflow/example_dags/example_xcom.py took 0.053 seconds
[2024-09-28T19:55:51.579+0000] {processor.py:186} INFO - Started process (PID=466) to work on /home/airflow/.local/lib/python3.12/site-packages/airflow/example_dags/example_xcom.py
[2024-09-28T19:55:51.580+0000] {processor.py:914} INFO - Processing file /home/airflow/.local/lib/python3.12/site-packages/airflow/example_dags/example_xcom.py for tasks to queue
[2024-09-28T19:55:51.583+0000] {logging_mixin.py:190} INFO - [2024-09-28T19:55:51.582+0000] {dagbag.py:588} INFO - Filling up the DagBag from /home/airflow/.local/lib/python3.12/site-packages/airflow/example_dags/example_xcom.py
[2024-09-28T19:55:51.589+0000] {processor.py:925} INFO - DAG(s) 'example_xcom' retrieved from /home/airflow/.local/lib/python3.12/site-packages/airflow/example_dags/example_xcom.py
[2024-09-28T19:55:51.604+0000] {logging_mixin.py:190} INFO - [2024-09-28T19:55:51.603+0000] {dag.py:3239} INFO - Sync 1 DAGs
[2024-09-28T19:55:51.618+0000] {logging_mixin.py:190} INFO - [2024-09-28T19:55:51.618+0000] {dag.py:4180} INFO - Setting next_dagrun for example_xcom to 2021-01-01 00:00:00+00:00, run_after=2021-01-01 00:00:00+00:00
[2024-09-28T19:55:51.629+0000] {processor.py:208} INFO - Processing /home/airflow/.local/lib/python3.12/site-packages/airflow/example_dags/example_xcom.py took 0.053 seconds
[2024-09-28T19:56:22.303+0000] {processor.py:186} INFO - Started process (PID=531) to work on /home/airflow/.local/lib/python3.12/site-packages/airflow/example_dags/example_xcom.py
[2024-09-28T19:56:22.304+0000] {processor.py:914} INFO - Processing file /home/airflow/.local/lib/python3.12/site-packages/airflow/example_dags/example_xcom.py for tasks to queue
[2024-09-28T19:56:22.305+0000] {logging_mixin.py:190} INFO - [2024-09-28T19:56:22.305+0000] {dagbag.py:588} INFO - Filling up the DagBag from /home/airflow/.local/lib/python3.12/site-packages/airflow/example_dags/example_xcom.py
[2024-09-28T19:56:22.311+0000] {processor.py:925} INFO - DAG(s) 'example_xcom' retrieved from /home/airflow/.local/lib/python3.12/site-packages/airflow/example_dags/example_xcom.py
[2024-09-28T19:56:22.325+0000] {logging_mixin.py:190} INFO - [2024-09-28T19:56:22.325+0000] {dag.py:3239} INFO - Sync 1 DAGs
[2024-09-28T19:56:22.340+0000] {logging_mixin.py:190} INFO - [2024-09-28T19:56:22.340+0000] {dag.py:4180} INFO - Setting next_dagrun for example_xcom to 2021-01-01 00:00:00+00:00, run_after=2021-01-01 00:00:00+00:00
[2024-09-28T19:56:22.353+0000] {processor.py:208} INFO - Processing /home/airflow/.local/lib/python3.12/site-packages/airflow/example_dags/example_xcom.py took 0.054 seconds
[2024-09-28T19:56:52.469+0000] {processor.py:186} INFO - Started process (PID=596) to work on /home/airflow/.local/lib/python3.12/site-packages/airflow/example_dags/example_xcom.py
[2024-09-28T19:56:52.470+0000] {processor.py:914} INFO - Processing file /home/airflow/.local/lib/python3.12/site-packages/airflow/example_dags/example_xcom.py for tasks to queue
[2024-09-28T19:56:52.472+0000] {logging_mixin.py:190} INFO - [2024-09-28T19:56:52.471+0000] {dagbag.py:588} INFO - Filling up the DagBag from /home/airflow/.local/lib/python3.12/site-packages/airflow/example_dags/example_xcom.py
[2024-09-28T19:56:52.479+0000] {processor.py:925} INFO - DAG(s) 'example_xcom' retrieved from /home/airflow/.local/lib/python3.12/site-packages/airflow/example_dags/example_xcom.py
[2024-09-28T19:56:52.492+0000] {logging_mixin.py:190} INFO - [2024-09-28T19:56:52.492+0000] {dag.py:3239} INFO - Sync 1 DAGs
[2024-09-28T19:56:52.510+0000] {logging_mixin.py:190} INFO - [2024-09-28T19:56:52.510+0000] {dag.py:4180} INFO - Setting next_dagrun for example_xcom to 2021-01-01 00:00:00+00:00, run_after=2021-01-01 00:00:00+00:00
[2024-09-28T19:56:52.525+0000] {processor.py:208} INFO - Processing /home/airflow/.local/lib/python3.12/site-packages/airflow/example_dags/example_xcom.py took 0.059 seconds
[2024-09-28T19:57:22.744+0000] {processor.py:186} INFO - Started process (PID=661) to work on /home/airflow/.local/lib/python3.12/site-packages/airflow/example_dags/example_xcom.py
[2024-09-28T19:57:22.746+0000] {processor.py:914} INFO - Processing file /home/airflow/.local/lib/python3.12/site-packages/airflow/example_dags/example_xcom.py for tasks to queue
[2024-09-28T19:57:22.749+0000] {logging_mixin.py:190} INFO - [2024-09-28T19:57:22.749+0000] {dagbag.py:588} INFO - Filling up the DagBag from /home/airflow/.local/lib/python3.12/site-packages/airflow/example_dags/example_xcom.py
[2024-09-28T19:57:22.756+0000] {processor.py:925} INFO - DAG(s) 'example_xcom' retrieved from /home/airflow/.local/lib/python3.12/site-packages/airflow/example_dags/example_xcom.py
[2024-09-28T19:57:22.771+0000] {logging_mixin.py:190} INFO - [2024-09-28T19:57:22.771+0000] {dag.py:3239} INFO - Sync 1 DAGs
[2024-09-28T19:57:22.785+0000] {logging_mixin.py:190} INFO - [2024-09-28T19:57:22.785+0000] {dag.py:4180} INFO - Setting next_dagrun for example_xcom to 2021-01-01 00:00:00+00:00, run_after=2021-01-01 00:00:00+00:00
[2024-09-28T19:57:22.798+0000] {processor.py:208} INFO - Processing /home/airflow/.local/lib/python3.12/site-packages/airflow/example_dags/example_xcom.py took 0.057 seconds
[2024-09-28T19:57:53.268+0000] {processor.py:186} INFO - Started process (PID=726) to work on /home/airflow/.local/lib/python3.12/site-packages/airflow/example_dags/example_xcom.py
[2024-09-28T19:57:53.269+0000] {processor.py:914} INFO - Processing file /home/airflow/.local/lib/python3.12/site-packages/airflow/example_dags/example_xcom.py for tasks to queue
[2024-09-28T19:57:53.271+0000] {logging_mixin.py:190} INFO - [2024-09-28T19:57:53.271+0000] {dagbag.py:588} INFO - Filling up the DagBag from /home/airflow/.local/lib/python3.12/site-packages/airflow/example_dags/example_xcom.py
[2024-09-28T19:57:53.276+0000] {processor.py:925} INFO - DAG(s) 'example_xcom' retrieved from /home/airflow/.local/lib/python3.12/site-packages/airflow/example_dags/example_xcom.py
[2024-09-28T19:57:53.290+0000] {logging_mixin.py:190} INFO - [2024-09-28T19:57:53.289+0000] {dag.py:3239} INFO - Sync 1 DAGs
[2024-09-28T19:57:53.304+0000] {logging_mixin.py:190} INFO - [2024-09-28T19:57:53.303+0000] {dag.py:4180} INFO - Setting next_dagrun for example_xcom to 2021-01-01 00:00:00+00:00, run_after=2021-01-01 00:00:00+00:00
[2024-09-28T19:57:53.315+0000] {processor.py:208} INFO - Processing /home/airflow/.local/lib/python3.12/site-packages/airflow/example_dags/example_xcom.py took 0.051 seconds
[2024-09-28T19:58:23.868+0000] {processor.py:186} INFO - Started process (PID=791) to work on /home/airflow/.local/lib/python3.12/site-packages/airflow/example_dags/example_xcom.py
[2024-09-28T19:58:23.869+0000] {processor.py:914} INFO - Processing file /home/airflow/.local/lib/python3.12/site-packages/airflow/example_dags/example_xcom.py for tasks to queue
[2024-09-28T19:58:23.871+0000] {logging_mixin.py:190} INFO - [2024-09-28T19:58:23.870+0000] {dagbag.py:588} INFO - Filling up the DagBag from /home/airflow/.local/lib/python3.12/site-packages/airflow/example_dags/example_xcom.py
[2024-09-28T19:58:23.876+0000] {processor.py:925} INFO - DAG(s) 'example_xcom' retrieved from /home/airflow/.local/lib/python3.12/site-packages/airflow/example_dags/example_xcom.py
[2024-09-28T19:58:23.891+0000] {logging_mixin.py:190} INFO - [2024-09-28T19:58:23.891+0000] {dag.py:3239} INFO - Sync 1 DAGs
[2024-09-28T19:58:23.907+0000] {logging_mixin.py:190} INFO - [2024-09-28T19:58:23.907+0000] {dag.py:4180} INFO - Setting next_dagrun for example_xcom to 2021-01-01 00:00:00+00:00, run_after=2021-01-01 00:00:00+00:00
[2024-09-28T19:58:23.918+0000] {processor.py:208} INFO - Processing /home/airflow/.local/lib/python3.12/site-packages/airflow/example_dags/example_xcom.py took 0.054 seconds
[2024-09-28T19:58:54.096+0000] {processor.py:186} INFO - Started process (PID=856) to work on /home/airflow/.local/lib/python3.12/site-packages/airflow/example_dags/example_xcom.py
[2024-09-28T19:58:54.097+0000] {processor.py:914} INFO - Processing file /home/airflow/.local/lib/python3.12/site-packages/airflow/example_dags/example_xcom.py for tasks to queue
[2024-09-28T19:58:54.099+0000] {logging_mixin.py:190} INFO - [2024-09-28T19:58:54.099+0000] {dagbag.py:588} INFO - Filling up the DagBag from /home/airflow/.local/lib/python3.12/site-packages/airflow/example_dags/example_xcom.py
[2024-09-28T19:58:54.105+0000] {processor.py:925} INFO - DAG(s) 'example_xcom' retrieved from /home/airflow/.local/lib/python3.12/site-packages/airflow/example_dags/example_xcom.py
[2024-09-28T19:58:54.122+0000] {logging_mixin.py:190} INFO - [2024-09-28T19:58:54.122+0000] {dag.py:3239} INFO - Sync 1 DAGs
[2024-09-28T19:58:54.140+0000] {logging_mixin.py:190} INFO - [2024-09-28T19:58:54.140+0000] {dag.py:4180} INFO - Setting next_dagrun for example_xcom to 2021-01-01 00:00:00+00:00, run_after=2021-01-01 00:00:00+00:00
[2024-09-28T19:58:54.156+0000] {processor.py:208} INFO - Processing /home/airflow/.local/lib/python3.12/site-packages/airflow/example_dags/example_xcom.py took 0.064 seconds
[2024-09-28T19:59:24.525+0000] {processor.py:186} INFO - Started process (PID=921) to work on /home/airflow/.local/lib/python3.12/site-packages/airflow/example_dags/example_xcom.py
[2024-09-28T19:59:24.526+0000] {processor.py:914} INFO - Processing file /home/airflow/.local/lib/python3.12/site-packages/airflow/example_dags/example_xcom.py for tasks to queue
[2024-09-28T19:59:24.528+0000] {logging_mixin.py:190} INFO - [2024-09-28T19:59:24.528+0000] {dagbag.py:588} INFO - Filling up the DagBag from /home/airflow/.local/lib/python3.12/site-packages/airflow/example_dags/example_xcom.py
[2024-09-28T19:59:24.534+0000] {processor.py:925} INFO - DAG(s) 'example_xcom' retrieved from /home/airflow/.local/lib/python3.12/site-packages/airflow/example_dags/example_xcom.py
[2024-09-28T19:59:24.549+0000] {logging_mixin.py:190} INFO - [2024-09-28T19:59:24.549+0000] {dag.py:3239} INFO - Sync 1 DAGs
[2024-09-28T19:59:24.567+0000] {logging_mixin.py:190} INFO - [2024-09-28T19:59:24.567+0000] {dag.py:4180} INFO - Setting next_dagrun for example_xcom to 2021-01-01 00:00:00+00:00, run_after=2021-01-01 00:00:00+00:00
[2024-09-28T19:59:24.579+0000] {processor.py:208} INFO - Processing /home/airflow/.local/lib/python3.12/site-packages/airflow/example_dags/example_xcom.py took 0.058 seconds
[2024-09-28T19:59:54.872+0000] {processor.py:186} INFO - Started process (PID=986) to work on /home/airflow/.local/lib/python3.12/site-packages/airflow/example_dags/example_xcom.py
[2024-09-28T19:59:54.872+0000] {processor.py:914} INFO - Processing file /home/airflow/.local/lib/python3.12/site-packages/airflow/example_dags/example_xcom.py for tasks to queue
[2024-09-28T19:59:54.874+0000] {logging_mixin.py:190} INFO - [2024-09-28T19:59:54.874+0000] {dagbag.py:588} INFO - Filling up the DagBag from /home/airflow/.local/lib/python3.12/site-packages/airflow/example_dags/example_xcom.py
[2024-09-28T19:59:54.880+0000] {processor.py:925} INFO - DAG(s) 'example_xcom' retrieved from /home/airflow/.local/lib/python3.12/site-packages/airflow/example_dags/example_xcom.py
[2024-09-28T19:59:54.893+0000] {logging_mixin.py:190} INFO - [2024-09-28T19:59:54.893+0000] {dag.py:3239} INFO - Sync 1 DAGs
[2024-09-28T19:59:54.917+0000] {logging_mixin.py:190} INFO - [2024-09-28T19:59:54.917+0000] {dag.py:4180} INFO - Setting next_dagrun for example_xcom to 2021-01-01 00:00:00+00:00, run_after=2021-01-01 00:00:00+00:00
[2024-09-28T19:59:54.929+0000] {processor.py:208} INFO - Processing /home/airflow/.local/lib/python3.12/site-packages/airflow/example_dags/example_xcom.py took 0.062 seconds
[2024-09-28T20:05:08.514+0000] {processor.py:186} INFO - Started process (PID=69) to work on /home/airflow/.local/lib/python3.12/site-packages/airflow/example_dags/example_xcom.py
[2024-09-28T20:05:08.514+0000] {processor.py:914} INFO - Processing file /home/airflow/.local/lib/python3.12/site-packages/airflow/example_dags/example_xcom.py for tasks to queue
[2024-09-28T20:05:08.516+0000] {logging_mixin.py:190} INFO - [2024-09-28T20:05:08.516+0000] {dagbag.py:588} INFO - Filling up the DagBag from /home/airflow/.local/lib/python3.12/site-packages/airflow/example_dags/example_xcom.py
[2024-09-28T20:05:08.522+0000] {processor.py:925} INFO - DAG(s) 'example_xcom' retrieved from /home/airflow/.local/lib/python3.12/site-packages/airflow/example_dags/example_xcom.py
[2024-09-28T20:05:08.534+0000] {logging_mixin.py:190} INFO - [2024-09-28T20:05:08.534+0000] {dag.py:3239} INFO - Sync 1 DAGs
[2024-09-28T20:05:08.548+0000] {logging_mixin.py:190} INFO - [2024-09-28T20:05:08.548+0000] {dag.py:4180} INFO - Setting next_dagrun for example_xcom to 2021-01-01 00:00:00+00:00, run_after=2021-01-01 00:00:00+00:00
[2024-09-28T20:05:08.559+0000] {processor.py:208} INFO - Processing /home/airflow/.local/lib/python3.12/site-packages/airflow/example_dags/example_xcom.py took 0.049 seconds
[2024-09-28T20:05:39.072+0000] {processor.py:186} INFO - Started process (PID=140) to work on /home/airflow/.local/lib/python3.12/site-packages/airflow/example_dags/example_xcom.py
[2024-09-28T20:05:39.072+0000] {processor.py:914} INFO - Processing file /home/airflow/.local/lib/python3.12/site-packages/airflow/example_dags/example_xcom.py for tasks to queue
[2024-09-28T20:05:39.074+0000] {logging_mixin.py:190} INFO - [2024-09-28T20:05:39.074+0000] {dagbag.py:588} INFO - Filling up the DagBag from /home/airflow/.local/lib/python3.12/site-packages/airflow/example_dags/example_xcom.py
[2024-09-28T20:05:39.081+0000] {processor.py:925} INFO - DAG(s) 'example_xcom' retrieved from /home/airflow/.local/lib/python3.12/site-packages/airflow/example_dags/example_xcom.py
[2024-09-28T20:05:39.094+0000] {logging_mixin.py:190} INFO - [2024-09-28T20:05:39.094+0000] {dag.py:3239} INFO - Sync 1 DAGs
[2024-09-28T20:05:39.108+0000] {logging_mixin.py:190} INFO - [2024-09-28T20:05:39.108+0000] {dag.py:4180} INFO - Setting next_dagrun for example_xcom to 2021-01-01 00:00:00+00:00, run_after=2021-01-01 00:00:00+00:00
[2024-09-28T20:05:39.122+0000] {processor.py:208} INFO - Processing /home/airflow/.local/lib/python3.12/site-packages/airflow/example_dags/example_xcom.py took 0.054 seconds
[2024-09-28T20:06:09.561+0000] {processor.py:186} INFO - Started process (PID=205) to work on /home/airflow/.local/lib/python3.12/site-packages/airflow/example_dags/example_xcom.py
[2024-09-28T20:06:09.566+0000] {processor.py:914} INFO - Processing file /home/airflow/.local/lib/python3.12/site-packages/airflow/example_dags/example_xcom.py for tasks to queue
[2024-09-28T20:06:09.568+0000] {logging_mixin.py:190} INFO - [2024-09-28T20:06:09.568+0000] {dagbag.py:588} INFO - Filling up the DagBag from /home/airflow/.local/lib/python3.12/site-packages/airflow/example_dags/example_xcom.py
[2024-09-28T20:06:09.575+0000] {processor.py:925} INFO - DAG(s) 'example_xcom' retrieved from /home/airflow/.local/lib/python3.12/site-packages/airflow/example_dags/example_xcom.py
[2024-09-28T20:06:09.590+0000] {logging_mixin.py:190} INFO - [2024-09-28T20:06:09.589+0000] {dag.py:3239} INFO - Sync 1 DAGs
[2024-09-28T20:06:09.603+0000] {logging_mixin.py:190} INFO - [2024-09-28T20:06:09.603+0000] {dag.py:4180} INFO - Setting next_dagrun for example_xcom to 2021-01-01 00:00:00+00:00, run_after=2021-01-01 00:00:00+00:00
[2024-09-28T20:06:09.615+0000] {processor.py:208} INFO - Processing /home/airflow/.local/lib/python3.12/site-packages/airflow/example_dags/example_xcom.py took 0.058 seconds
[2024-09-28T20:06:40.036+0000] {processor.py:186} INFO - Started process (PID=271) to work on /home/airflow/.local/lib/python3.12/site-packages/airflow/example_dags/example_xcom.py
[2024-09-28T20:06:40.037+0000] {processor.py:914} INFO - Processing file /home/airflow/.local/lib/python3.12/site-packages/airflow/example_dags/example_xcom.py for tasks to queue
[2024-09-28T20:06:40.039+0000] {logging_mixin.py:190} INFO - [2024-09-28T20:06:40.039+0000] {dagbag.py:588} INFO - Filling up the DagBag from /home/airflow/.local/lib/python3.12/site-packages/airflow/example_dags/example_xcom.py
[2024-09-28T20:06:40.045+0000] {processor.py:925} INFO - DAG(s) 'example_xcom' retrieved from /home/airflow/.local/lib/python3.12/site-packages/airflow/example_dags/example_xcom.py
[2024-09-28T20:06:40.058+0000] {logging_mixin.py:190} INFO - [2024-09-28T20:06:40.058+0000] {dag.py:3239} INFO - Sync 1 DAGs
[2024-09-28T20:06:40.072+0000] {logging_mixin.py:190} INFO - [2024-09-28T20:06:40.072+0000] {dag.py:4180} INFO - Setting next_dagrun for example_xcom to 2021-01-01 00:00:00+00:00, run_after=2021-01-01 00:00:00+00:00
[2024-09-28T20:06:40.083+0000] {processor.py:208} INFO - Processing /home/airflow/.local/lib/python3.12/site-packages/airflow/example_dags/example_xcom.py took 0.050 seconds
[2024-09-28T20:07:10.263+0000] {processor.py:186} INFO - Started process (PID=336) to work on /home/airflow/.local/lib/python3.12/site-packages/airflow/example_dags/example_xcom.py
[2024-09-28T20:07:10.264+0000] {processor.py:914} INFO - Processing file /home/airflow/.local/lib/python3.12/site-packages/airflow/example_dags/example_xcom.py for tasks to queue
[2024-09-28T20:07:10.265+0000] {logging_mixin.py:190} INFO - [2024-09-28T20:07:10.265+0000] {dagbag.py:588} INFO - Filling up the DagBag from /home/airflow/.local/lib/python3.12/site-packages/airflow/example_dags/example_xcom.py
[2024-09-28T20:07:10.271+0000] {processor.py:925} INFO - DAG(s) 'example_xcom' retrieved from /home/airflow/.local/lib/python3.12/site-packages/airflow/example_dags/example_xcom.py
[2024-09-28T20:07:10.283+0000] {logging_mixin.py:190} INFO - [2024-09-28T20:07:10.283+0000] {dag.py:3239} INFO - Sync 1 DAGs
[2024-09-28T20:07:10.301+0000] {logging_mixin.py:190} INFO - [2024-09-28T20:07:10.301+0000] {dag.py:4180} INFO - Setting next_dagrun for example_xcom to 2021-01-01 00:00:00+00:00, run_after=2021-01-01 00:00:00+00:00
[2024-09-28T20:07:10.313+0000] {processor.py:208} INFO - Processing /home/airflow/.local/lib/python3.12/site-packages/airflow/example_dags/example_xcom.py took 0.054 seconds
[2024-09-28T20:07:41.186+0000] {processor.py:186} INFO - Started process (PID=401) to work on /home/airflow/.local/lib/python3.12/site-packages/airflow/example_dags/example_xcom.py
[2024-09-28T20:07:41.187+0000] {processor.py:914} INFO - Processing file /home/airflow/.local/lib/python3.12/site-packages/airflow/example_dags/example_xcom.py for tasks to queue
[2024-09-28T20:07:41.189+0000] {logging_mixin.py:190} INFO - [2024-09-28T20:07:41.189+0000] {dagbag.py:588} INFO - Filling up the DagBag from /home/airflow/.local/lib/python3.12/site-packages/airflow/example_dags/example_xcom.py
[2024-09-28T20:07:41.195+0000] {processor.py:925} INFO - DAG(s) 'example_xcom' retrieved from /home/airflow/.local/lib/python3.12/site-packages/airflow/example_dags/example_xcom.py
[2024-09-28T20:07:41.210+0000] {logging_mixin.py:190} INFO - [2024-09-28T20:07:41.209+0000] {dag.py:3239} INFO - Sync 1 DAGs
[2024-09-28T20:07:41.225+0000] {logging_mixin.py:190} INFO - [2024-09-28T20:07:41.225+0000] {dag.py:4180} INFO - Setting next_dagrun for example_xcom to 2021-01-01 00:00:00+00:00, run_after=2021-01-01 00:00:00+00:00
[2024-09-28T20:07:41.237+0000] {processor.py:208} INFO - Processing /home/airflow/.local/lib/python3.12/site-packages/airflow/example_dags/example_xcom.py took 0.055 seconds
[2024-09-28T20:08:11.725+0000] {processor.py:186} INFO - Started process (PID=467) to work on /home/airflow/.local/lib/python3.12/site-packages/airflow/example_dags/example_xcom.py
[2024-09-28T20:08:11.726+0000] {processor.py:914} INFO - Processing file /home/airflow/.local/lib/python3.12/site-packages/airflow/example_dags/example_xcom.py for tasks to queue
[2024-09-28T20:08:11.735+0000] {logging_mixin.py:190} INFO - [2024-09-28T20:08:11.734+0000] {dagbag.py:588} INFO - Filling up the DagBag from /home/airflow/.local/lib/python3.12/site-packages/airflow/example_dags/example_xcom.py
[2024-09-28T20:08:11.741+0000] {processor.py:925} INFO - DAG(s) 'example_xcom' retrieved from /home/airflow/.local/lib/python3.12/site-packages/airflow/example_dags/example_xcom.py
[2024-09-28T20:08:11.757+0000] {logging_mixin.py:190} INFO - [2024-09-28T20:08:11.757+0000] {dag.py:3239} INFO - Sync 1 DAGs
[2024-09-28T20:08:11.771+0000] {logging_mixin.py:190} INFO - [2024-09-28T20:08:11.771+0000] {dag.py:4180} INFO - Setting next_dagrun for example_xcom to 2021-01-01 00:00:00+00:00, run_after=2021-01-01 00:00:00+00:00
[2024-09-28T20:08:11.784+0000] {processor.py:208} INFO - Processing /home/airflow/.local/lib/python3.12/site-packages/airflow/example_dags/example_xcom.py took 0.063 seconds
[2024-09-28T20:08:42.558+0000] {processor.py:186} INFO - Started process (PID=532) to work on /home/airflow/.local/lib/python3.12/site-packages/airflow/example_dags/example_xcom.py
[2024-09-28T20:08:42.558+0000] {processor.py:914} INFO - Processing file /home/airflow/.local/lib/python3.12/site-packages/airflow/example_dags/example_xcom.py for tasks to queue
[2024-09-28T20:08:42.560+0000] {logging_mixin.py:190} INFO - [2024-09-28T20:08:42.560+0000] {dagbag.py:588} INFO - Filling up the DagBag from /home/airflow/.local/lib/python3.12/site-packages/airflow/example_dags/example_xcom.py
[2024-09-28T20:08:42.566+0000] {processor.py:925} INFO - DAG(s) 'example_xcom' retrieved from /home/airflow/.local/lib/python3.12/site-packages/airflow/example_dags/example_xcom.py
[2024-09-28T20:08:42.579+0000] {logging_mixin.py:190} INFO - [2024-09-28T20:08:42.579+0000] {dag.py:3239} INFO - Sync 1 DAGs
[2024-09-28T20:08:42.593+0000] {logging_mixin.py:190} INFO - [2024-09-28T20:08:42.593+0000] {dag.py:4180} INFO - Setting next_dagrun for example_xcom to 2021-01-01 00:00:00+00:00, run_after=2021-01-01 00:00:00+00:00
[2024-09-28T20:08:42.605+0000] {processor.py:208} INFO - Processing /home/airflow/.local/lib/python3.12/site-packages/airflow/example_dags/example_xcom.py took 0.052 seconds
[2024-09-28T20:09:13.338+0000] {processor.py:186} INFO - Started process (PID=597) to work on /home/airflow/.local/lib/python3.12/site-packages/airflow/example_dags/example_xcom.py
[2024-09-28T20:09:13.339+0000] {processor.py:914} INFO - Processing file /home/airflow/.local/lib/python3.12/site-packages/airflow/example_dags/example_xcom.py for tasks to queue
[2024-09-28T20:09:13.341+0000] {logging_mixin.py:190} INFO - [2024-09-28T20:09:13.340+0000] {dagbag.py:588} INFO - Filling up the DagBag from /home/airflow/.local/lib/python3.12/site-packages/airflow/example_dags/example_xcom.py
[2024-09-28T20:09:13.347+0000] {processor.py:925} INFO - DAG(s) 'example_xcom' retrieved from /home/airflow/.local/lib/python3.12/site-packages/airflow/example_dags/example_xcom.py
[2024-09-28T20:09:13.361+0000] {logging_mixin.py:190} INFO - [2024-09-28T20:09:13.361+0000] {dag.py:3239} INFO - Sync 1 DAGs
[2024-09-28T20:09:13.377+0000] {logging_mixin.py:190} INFO - [2024-09-28T20:09:13.377+0000] {dag.py:4180} INFO - Setting next_dagrun for example_xcom to 2021-01-01 00:00:00+00:00, run_after=2021-01-01 00:00:00+00:00
[2024-09-28T20:09:13.389+0000] {processor.py:208} INFO - Processing /home/airflow/.local/lib/python3.12/site-packages/airflow/example_dags/example_xcom.py took 0.055 seconds
[2024-09-28T20:09:43.785+0000] {processor.py:186} INFO - Started process (PID=662) to work on /home/airflow/.local/lib/python3.12/site-packages/airflow/example_dags/example_xcom.py
[2024-09-28T20:09:43.786+0000] {processor.py:914} INFO - Processing file /home/airflow/.local/lib/python3.12/site-packages/airflow/example_dags/example_xcom.py for tasks to queue
[2024-09-28T20:09:43.788+0000] {logging_mixin.py:190} INFO - [2024-09-28T20:09:43.788+0000] {dagbag.py:588} INFO - Filling up the DagBag from /home/airflow/.local/lib/python3.12/site-packages/airflow/example_dags/example_xcom.py
[2024-09-28T20:09:43.795+0000] {processor.py:925} INFO - DAG(s) 'example_xcom' retrieved from /home/airflow/.local/lib/python3.12/site-packages/airflow/example_dags/example_xcom.py
[2024-09-28T20:09:43.810+0000] {logging_mixin.py:190} INFO - [2024-09-28T20:09:43.810+0000] {dag.py:3239} INFO - Sync 1 DAGs
[2024-09-28T20:09:43.826+0000] {logging_mixin.py:190} INFO - [2024-09-28T20:09:43.826+0000] {dag.py:4180} INFO - Setting next_dagrun for example_xcom to 2021-01-01 00:00:00+00:00, run_after=2021-01-01 00:00:00+00:00
[2024-09-28T20:09:43.839+0000] {processor.py:208} INFO - Processing /home/airflow/.local/lib/python3.12/site-packages/airflow/example_dags/example_xcom.py took 0.059 seconds
[2024-09-28T20:10:14.084+0000] {processor.py:186} INFO - Started process (PID=728) to work on /home/airflow/.local/lib/python3.12/site-packages/airflow/example_dags/example_xcom.py
[2024-09-28T20:10:14.085+0000] {processor.py:914} INFO - Processing file /home/airflow/.local/lib/python3.12/site-packages/airflow/example_dags/example_xcom.py for tasks to queue
[2024-09-28T20:10:14.086+0000] {logging_mixin.py:190} INFO - [2024-09-28T20:10:14.086+0000] {dagbag.py:588} INFO - Filling up the DagBag from /home/airflow/.local/lib/python3.12/site-packages/airflow/example_dags/example_xcom.py
[2024-09-28T20:10:14.092+0000] {processor.py:925} INFO - DAG(s) 'example_xcom' retrieved from /home/airflow/.local/lib/python3.12/site-packages/airflow/example_dags/example_xcom.py
[2024-09-28T20:10:14.106+0000] {logging_mixin.py:190} INFO - [2024-09-28T20:10:14.106+0000] {dag.py:3239} INFO - Sync 1 DAGs
[2024-09-28T20:10:14.119+0000] {logging_mixin.py:190} INFO - [2024-09-28T20:10:14.119+0000] {dag.py:4180} INFO - Setting next_dagrun for example_xcom to 2021-01-01 00:00:00+00:00, run_after=2021-01-01 00:00:00+00:00
[2024-09-28T20:10:14.132+0000] {processor.py:208} INFO - Processing /home/airflow/.local/lib/python3.12/site-packages/airflow/example_dags/example_xcom.py took 0.052 seconds
[2024-09-28T20:10:44.421+0000] {processor.py:186} INFO - Started process (PID=794) to work on /home/airflow/.local/lib/python3.12/site-packages/airflow/example_dags/example_xcom.py
[2024-09-28T20:10:44.422+0000] {processor.py:914} INFO - Processing file /home/airflow/.local/lib/python3.12/site-packages/airflow/example_dags/example_xcom.py for tasks to queue
[2024-09-28T20:10:44.424+0000] {logging_mixin.py:190} INFO - [2024-09-28T20:10:44.423+0000] {dagbag.py:588} INFO - Filling up the DagBag from /home/airflow/.local/lib/python3.12/site-packages/airflow/example_dags/example_xcom.py
[2024-09-28T20:10:44.429+0000] {processor.py:925} INFO - DAG(s) 'example_xcom' retrieved from /home/airflow/.local/lib/python3.12/site-packages/airflow/example_dags/example_xcom.py
[2024-09-28T20:10:44.443+0000] {logging_mixin.py:190} INFO - [2024-09-28T20:10:44.443+0000] {dag.py:3239} INFO - Sync 1 DAGs
[2024-09-28T20:10:44.457+0000] {logging_mixin.py:190} INFO - [2024-09-28T20:10:44.457+0000] {dag.py:4180} INFO - Setting next_dagrun for example_xcom to 2021-01-01 00:00:00+00:00, run_after=2021-01-01 00:00:00+00:00
[2024-09-28T20:10:44.470+0000] {processor.py:208} INFO - Processing /home/airflow/.local/lib/python3.12/site-packages/airflow/example_dags/example_xcom.py took 0.053 seconds
[2024-09-28T20:11:14.728+0000] {processor.py:186} INFO - Started process (PID=864) to work on /home/airflow/.local/lib/python3.12/site-packages/airflow/example_dags/example_xcom.py
[2024-09-28T20:11:14.729+0000] {processor.py:914} INFO - Processing file /home/airflow/.local/lib/python3.12/site-packages/airflow/example_dags/example_xcom.py for tasks to queue
[2024-09-28T20:11:14.731+0000] {logging_mixin.py:190} INFO - [2024-09-28T20:11:14.730+0000] {dagbag.py:588} INFO - Filling up the DagBag from /home/airflow/.local/lib/python3.12/site-packages/airflow/example_dags/example_xcom.py
[2024-09-28T20:11:14.738+0000] {processor.py:925} INFO - DAG(s) 'example_xcom' retrieved from /home/airflow/.local/lib/python3.12/site-packages/airflow/example_dags/example_xcom.py
[2024-09-28T20:11:14.752+0000] {logging_mixin.py:190} INFO - [2024-09-28T20:11:14.752+0000] {dag.py:3239} INFO - Sync 1 DAGs
[2024-09-28T20:11:14.768+0000] {logging_mixin.py:190} INFO - [2024-09-28T20:11:14.768+0000] {dag.py:4180} INFO - Setting next_dagrun for example_xcom to 2021-01-01 00:00:00+00:00, run_after=2021-01-01 00:00:00+00:00
[2024-09-28T20:11:14.780+0000] {processor.py:208} INFO - Processing /home/airflow/.local/lib/python3.12/site-packages/airflow/example_dags/example_xcom.py took 0.056 seconds
[2024-09-28T20:11:45.065+0000] {processor.py:186} INFO - Started process (PID=930) to work on /home/airflow/.local/lib/python3.12/site-packages/airflow/example_dags/example_xcom.py
[2024-09-28T20:11:45.066+0000] {processor.py:914} INFO - Processing file /home/airflow/.local/lib/python3.12/site-packages/airflow/example_dags/example_xcom.py for tasks to queue
[2024-09-28T20:11:45.067+0000] {logging_mixin.py:190} INFO - [2024-09-28T20:11:45.067+0000] {dagbag.py:588} INFO - Filling up the DagBag from /home/airflow/.local/lib/python3.12/site-packages/airflow/example_dags/example_xcom.py
[2024-09-28T20:11:45.073+0000] {processor.py:925} INFO - DAG(s) 'example_xcom' retrieved from /home/airflow/.local/lib/python3.12/site-packages/airflow/example_dags/example_xcom.py
[2024-09-28T20:11:45.087+0000] {logging_mixin.py:190} INFO - [2024-09-28T20:11:45.087+0000] {dag.py:3239} INFO - Sync 1 DAGs
[2024-09-28T20:11:45.107+0000] {logging_mixin.py:190} INFO - [2024-09-28T20:11:45.107+0000] {dag.py:4180} INFO - Setting next_dagrun for example_xcom to 2021-01-01 00:00:00+00:00, run_after=2021-01-01 00:00:00+00:00
[2024-09-28T20:11:45.119+0000] {processor.py:208} INFO - Processing /home/airflow/.local/lib/python3.12/site-packages/airflow/example_dags/example_xcom.py took 0.058 seconds
[2024-09-28T20:12:15.325+0000] {processor.py:186} INFO - Started process (PID=996) to work on /home/airflow/.local/lib/python3.12/site-packages/airflow/example_dags/example_xcom.py
[2024-09-28T20:12:15.326+0000] {processor.py:914} INFO - Processing file /home/airflow/.local/lib/python3.12/site-packages/airflow/example_dags/example_xcom.py for tasks to queue
[2024-09-28T20:12:15.328+0000] {logging_mixin.py:190} INFO - [2024-09-28T20:12:15.328+0000] {dagbag.py:588} INFO - Filling up the DagBag from /home/airflow/.local/lib/python3.12/site-packages/airflow/example_dags/example_xcom.py
[2024-09-28T20:12:15.335+0000] {processor.py:925} INFO - DAG(s) 'example_xcom' retrieved from /home/airflow/.local/lib/python3.12/site-packages/airflow/example_dags/example_xcom.py
[2024-09-28T20:12:15.350+0000] {logging_mixin.py:190} INFO - [2024-09-28T20:12:15.350+0000] {dag.py:3239} INFO - Sync 1 DAGs
[2024-09-28T20:12:15.365+0000] {logging_mixin.py:190} INFO - [2024-09-28T20:12:15.365+0000] {dag.py:4180} INFO - Setting next_dagrun for example_xcom to 2021-01-01 00:00:00+00:00, run_after=2021-01-01 00:00:00+00:00
[2024-09-28T20:12:15.379+0000] {processor.py:208} INFO - Processing /home/airflow/.local/lib/python3.12/site-packages/airflow/example_dags/example_xcom.py took 0.057 seconds
[2024-09-28T20:12:45.603+0000] {processor.py:186} INFO - Started process (PID=1062) to work on /home/airflow/.local/lib/python3.12/site-packages/airflow/example_dags/example_xcom.py
[2024-09-28T20:12:45.604+0000] {processor.py:914} INFO - Processing file /home/airflow/.local/lib/python3.12/site-packages/airflow/example_dags/example_xcom.py for tasks to queue
[2024-09-28T20:12:45.606+0000] {logging_mixin.py:190} INFO - [2024-09-28T20:12:45.606+0000] {dagbag.py:588} INFO - Filling up the DagBag from /home/airflow/.local/lib/python3.12/site-packages/airflow/example_dags/example_xcom.py
[2024-09-28T20:12:45.612+0000] {processor.py:925} INFO - DAG(s) 'example_xcom' retrieved from /home/airflow/.local/lib/python3.12/site-packages/airflow/example_dags/example_xcom.py
[2024-09-28T20:12:45.628+0000] {logging_mixin.py:190} INFO - [2024-09-28T20:12:45.628+0000] {dag.py:3239} INFO - Sync 1 DAGs
[2024-09-28T20:12:45.645+0000] {logging_mixin.py:190} INFO - [2024-09-28T20:12:45.644+0000] {dag.py:4180} INFO - Setting next_dagrun for example_xcom to 2021-01-01 00:00:00+00:00, run_after=2021-01-01 00:00:00+00:00
[2024-09-28T20:12:45.658+0000] {processor.py:208} INFO - Processing /home/airflow/.local/lib/python3.12/site-packages/airflow/example_dags/example_xcom.py took 0.058 seconds
[2024-09-28T20:13:15.774+0000] {processor.py:186} INFO - Started process (PID=1128) to work on /home/airflow/.local/lib/python3.12/site-packages/airflow/example_dags/example_xcom.py
[2024-09-28T20:13:15.775+0000] {processor.py:914} INFO - Processing file /home/airflow/.local/lib/python3.12/site-packages/airflow/example_dags/example_xcom.py for tasks to queue
[2024-09-28T20:13:15.777+0000] {logging_mixin.py:190} INFO - [2024-09-28T20:13:15.776+0000] {dagbag.py:588} INFO - Filling up the DagBag from /home/airflow/.local/lib/python3.12/site-packages/airflow/example_dags/example_xcom.py
[2024-09-28T20:13:15.785+0000] {processor.py:925} INFO - DAG(s) 'example_xcom' retrieved from /home/airflow/.local/lib/python3.12/site-packages/airflow/example_dags/example_xcom.py
[2024-09-28T20:13:15.799+0000] {logging_mixin.py:190} INFO - [2024-09-28T20:13:15.799+0000] {dag.py:3239} INFO - Sync 1 DAGs
[2024-09-28T20:13:15.815+0000] {logging_mixin.py:190} INFO - [2024-09-28T20:13:15.815+0000] {dag.py:4180} INFO - Setting next_dagrun for example_xcom to 2021-01-01 00:00:00+00:00, run_after=2021-01-01 00:00:00+00:00
[2024-09-28T20:13:15.828+0000] {processor.py:208} INFO - Processing /home/airflow/.local/lib/python3.12/site-packages/airflow/example_dags/example_xcom.py took 0.060 seconds
[2024-09-28T20:13:46.012+0000] {processor.py:186} INFO - Started process (PID=1193) to work on /home/airflow/.local/lib/python3.12/site-packages/airflow/example_dags/example_xcom.py
[2024-09-28T20:13:46.013+0000] {processor.py:914} INFO - Processing file /home/airflow/.local/lib/python3.12/site-packages/airflow/example_dags/example_xcom.py for tasks to queue
[2024-09-28T20:13:46.015+0000] {logging_mixin.py:190} INFO - [2024-09-28T20:13:46.014+0000] {dagbag.py:588} INFO - Filling up the DagBag from /home/airflow/.local/lib/python3.12/site-packages/airflow/example_dags/example_xcom.py
[2024-09-28T20:13:46.020+0000] {processor.py:925} INFO - DAG(s) 'example_xcom' retrieved from /home/airflow/.local/lib/python3.12/site-packages/airflow/example_dags/example_xcom.py
[2024-09-28T20:13:46.036+0000] {logging_mixin.py:190} INFO - [2024-09-28T20:13:46.036+0000] {dag.py:3239} INFO - Sync 1 DAGs
[2024-09-28T20:13:46.053+0000] {logging_mixin.py:190} INFO - [2024-09-28T20:13:46.052+0000] {dag.py:4180} INFO - Setting next_dagrun for example_xcom to 2021-01-01 00:00:00+00:00, run_after=2021-01-01 00:00:00+00:00
[2024-09-28T20:13:46.066+0000] {processor.py:208} INFO - Processing /home/airflow/.local/lib/python3.12/site-packages/airflow/example_dags/example_xcom.py took 0.058 seconds
[2024-09-28T20:14:16.340+0000] {processor.py:186} INFO - Started process (PID=1259) to work on /home/airflow/.local/lib/python3.12/site-packages/airflow/example_dags/example_xcom.py
[2024-09-28T20:14:16.341+0000] {processor.py:914} INFO - Processing file /home/airflow/.local/lib/python3.12/site-packages/airflow/example_dags/example_xcom.py for tasks to queue
[2024-09-28T20:14:16.342+0000] {logging_mixin.py:190} INFO - [2024-09-28T20:14:16.342+0000] {dagbag.py:588} INFO - Filling up the DagBag from /home/airflow/.local/lib/python3.12/site-packages/airflow/example_dags/example_xcom.py
[2024-09-28T20:14:16.348+0000] {processor.py:925} INFO - DAG(s) 'example_xcom' retrieved from /home/airflow/.local/lib/python3.12/site-packages/airflow/example_dags/example_xcom.py
[2024-09-28T20:14:16.362+0000] {logging_mixin.py:190} INFO - [2024-09-28T20:14:16.362+0000] {dag.py:3239} INFO - Sync 1 DAGs
[2024-09-28T20:14:16.377+0000] {logging_mixin.py:190} INFO - [2024-09-28T20:14:16.376+0000] {dag.py:4180} INFO - Setting next_dagrun for example_xcom to 2021-01-01 00:00:00+00:00, run_after=2021-01-01 00:00:00+00:00
[2024-09-28T20:14:16.390+0000] {processor.py:208} INFO - Processing /home/airflow/.local/lib/python3.12/site-packages/airflow/example_dags/example_xcom.py took 0.054 seconds
[2024-09-28T20:14:46.718+0000] {processor.py:186} INFO - Started process (PID=1325) to work on /home/airflow/.local/lib/python3.12/site-packages/airflow/example_dags/example_xcom.py
[2024-09-28T20:14:46.719+0000] {processor.py:914} INFO - Processing file /home/airflow/.local/lib/python3.12/site-packages/airflow/example_dags/example_xcom.py for tasks to queue
[2024-09-28T20:14:46.721+0000] {logging_mixin.py:190} INFO - [2024-09-28T20:14:46.721+0000] {dagbag.py:588} INFO - Filling up the DagBag from /home/airflow/.local/lib/python3.12/site-packages/airflow/example_dags/example_xcom.py
[2024-09-28T20:14:46.727+0000] {processor.py:925} INFO - DAG(s) 'example_xcom' retrieved from /home/airflow/.local/lib/python3.12/site-packages/airflow/example_dags/example_xcom.py
[2024-09-28T20:14:46.741+0000] {logging_mixin.py:190} INFO - [2024-09-28T20:14:46.741+0000] {dag.py:3239} INFO - Sync 1 DAGs
[2024-09-28T20:14:46.756+0000] {logging_mixin.py:190} INFO - [2024-09-28T20:14:46.756+0000] {dag.py:4180} INFO - Setting next_dagrun for example_xcom to 2021-01-01 00:00:00+00:00, run_after=2021-01-01 00:00:00+00:00
[2024-09-28T20:14:46.768+0000] {processor.py:208} INFO - Processing /home/airflow/.local/lib/python3.12/site-packages/airflow/example_dags/example_xcom.py took 0.054 seconds
[2024-09-28T20:15:17.052+0000] {processor.py:186} INFO - Started process (PID=1391) to work on /home/airflow/.local/lib/python3.12/site-packages/airflow/example_dags/example_xcom.py
[2024-09-28T20:15:17.053+0000] {processor.py:914} INFO - Processing file /home/airflow/.local/lib/python3.12/site-packages/airflow/example_dags/example_xcom.py for tasks to queue
[2024-09-28T20:15:17.055+0000] {logging_mixin.py:190} INFO - [2024-09-28T20:15:17.055+0000] {dagbag.py:588} INFO - Filling up the DagBag from /home/airflow/.local/lib/python3.12/site-packages/airflow/example_dags/example_xcom.py
[2024-09-28T20:15:17.062+0000] {processor.py:925} INFO - DAG(s) 'example_xcom' retrieved from /home/airflow/.local/lib/python3.12/site-packages/airflow/example_dags/example_xcom.py
[2024-09-28T20:15:17.075+0000] {logging_mixin.py:190} INFO - [2024-09-28T20:15:17.075+0000] {dag.py:3239} INFO - Sync 1 DAGs
[2024-09-28T20:15:17.093+0000] {logging_mixin.py:190} INFO - [2024-09-28T20:15:17.092+0000] {dag.py:4180} INFO - Setting next_dagrun for example_xcom to 2021-01-01 00:00:00+00:00, run_after=2021-01-01 00:00:00+00:00
[2024-09-28T20:15:17.107+0000] {processor.py:208} INFO - Processing /home/airflow/.local/lib/python3.12/site-packages/airflow/example_dags/example_xcom.py took 0.059 seconds
[2024-09-28T20:16:29.263+0000] {processor.py:186} INFO - Started process (PID=96) to work on /home/airflow/.local/lib/python3.12/site-packages/airflow/example_dags/example_xcom.py
[2024-09-28T20:16:29.264+0000] {processor.py:914} INFO - Processing file /home/airflow/.local/lib/python3.12/site-packages/airflow/example_dags/example_xcom.py for tasks to queue
[2024-09-28T20:16:29.266+0000] {logging_mixin.py:190} INFO - [2024-09-28T20:16:29.266+0000] {dagbag.py:588} INFO - Filling up the DagBag from /home/airflow/.local/lib/python3.12/site-packages/airflow/example_dags/example_xcom.py
[2024-09-28T20:16:29.272+0000] {processor.py:925} INFO - DAG(s) 'example_xcom' retrieved from /home/airflow/.local/lib/python3.12/site-packages/airflow/example_dags/example_xcom.py
[2024-09-28T20:16:29.289+0000] {logging_mixin.py:190} INFO - [2024-09-28T20:16:29.289+0000] {dag.py:3239} INFO - Sync 1 DAGs
[2024-09-28T20:16:29.305+0000] {logging_mixin.py:190} INFO - [2024-09-28T20:16:29.305+0000] {dag.py:4180} INFO - Setting next_dagrun for example_xcom to 2021-01-01 00:00:00+00:00, run_after=2021-01-01 00:00:00+00:00
[2024-09-28T20:16:29.318+0000] {processor.py:208} INFO - Processing /home/airflow/.local/lib/python3.12/site-packages/airflow/example_dags/example_xcom.py took 0.059 seconds
[2024-09-28T20:16:59.896+0000] {processor.py:186} INFO - Started process (PID=164) to work on /home/airflow/.local/lib/python3.12/site-packages/airflow/example_dags/example_xcom.py
[2024-09-28T20:16:59.897+0000] {processor.py:914} INFO - Processing file /home/airflow/.local/lib/python3.12/site-packages/airflow/example_dags/example_xcom.py for tasks to queue
[2024-09-28T20:16:59.899+0000] {logging_mixin.py:190} INFO - [2024-09-28T20:16:59.899+0000] {dagbag.py:588} INFO - Filling up the DagBag from /home/airflow/.local/lib/python3.12/site-packages/airflow/example_dags/example_xcom.py
[2024-09-28T20:16:59.905+0000] {processor.py:925} INFO - DAG(s) 'example_xcom' retrieved from /home/airflow/.local/lib/python3.12/site-packages/airflow/example_dags/example_xcom.py
[2024-09-28T20:16:59.919+0000] {logging_mixin.py:190} INFO - [2024-09-28T20:16:59.918+0000] {dag.py:3239} INFO - Sync 1 DAGs
[2024-09-28T20:16:59.933+0000] {logging_mixin.py:190} INFO - [2024-09-28T20:16:59.933+0000] {dag.py:4180} INFO - Setting next_dagrun for example_xcom to 2021-01-01 00:00:00+00:00, run_after=2021-01-01 00:00:00+00:00
[2024-09-28T20:16:59.946+0000] {processor.py:208} INFO - Processing /home/airflow/.local/lib/python3.12/site-packages/airflow/example_dags/example_xcom.py took 0.054 seconds
[2024-09-28T20:17:30.226+0000] {processor.py:186} INFO - Started process (PID=232) to work on /home/airflow/.local/lib/python3.12/site-packages/airflow/example_dags/example_xcom.py
[2024-09-28T20:17:30.227+0000] {processor.py:914} INFO - Processing file /home/airflow/.local/lib/python3.12/site-packages/airflow/example_dags/example_xcom.py for tasks to queue
[2024-09-28T20:17:30.229+0000] {logging_mixin.py:190} INFO - [2024-09-28T20:17:30.229+0000] {dagbag.py:588} INFO - Filling up the DagBag from /home/airflow/.local/lib/python3.12/site-packages/airflow/example_dags/example_xcom.py
[2024-09-28T20:17:30.235+0000] {processor.py:925} INFO - DAG(s) 'example_xcom' retrieved from /home/airflow/.local/lib/python3.12/site-packages/airflow/example_dags/example_xcom.py
[2024-09-28T20:17:30.249+0000] {logging_mixin.py:190} INFO - [2024-09-28T20:17:30.249+0000] {dag.py:3239} INFO - Sync 1 DAGs
[2024-09-28T20:17:30.265+0000] {logging_mixin.py:190} INFO - [2024-09-28T20:17:30.264+0000] {dag.py:4180} INFO - Setting next_dagrun for example_xcom to 2021-01-01 00:00:00+00:00, run_after=2021-01-01 00:00:00+00:00
[2024-09-28T20:17:30.277+0000] {processor.py:208} INFO - Processing /home/airflow/.local/lib/python3.12/site-packages/airflow/example_dags/example_xcom.py took 0.054 seconds
[2024-09-28T20:18:00.549+0000] {processor.py:186} INFO - Started process (PID=300) to work on /home/airflow/.local/lib/python3.12/site-packages/airflow/example_dags/example_xcom.py
[2024-09-28T20:18:00.550+0000] {processor.py:914} INFO - Processing file /home/airflow/.local/lib/python3.12/site-packages/airflow/example_dags/example_xcom.py for tasks to queue
[2024-09-28T20:18:00.552+0000] {logging_mixin.py:190} INFO - [2024-09-28T20:18:00.552+0000] {dagbag.py:588} INFO - Filling up the DagBag from /home/airflow/.local/lib/python3.12/site-packages/airflow/example_dags/example_xcom.py
[2024-09-28T20:18:00.558+0000] {processor.py:925} INFO - DAG(s) 'example_xcom' retrieved from /home/airflow/.local/lib/python3.12/site-packages/airflow/example_dags/example_xcom.py
[2024-09-28T20:18:00.574+0000] {logging_mixin.py:190} INFO - [2024-09-28T20:18:00.574+0000] {dag.py:3239} INFO - Sync 1 DAGs
[2024-09-28T20:18:00.591+0000] {logging_mixin.py:190} INFO - [2024-09-28T20:18:00.591+0000] {dag.py:4180} INFO - Setting next_dagrun for example_xcom to 2021-01-01 00:00:00+00:00, run_after=2021-01-01 00:00:00+00:00
[2024-09-28T20:18:00.604+0000] {processor.py:208} INFO - Processing /home/airflow/.local/lib/python3.12/site-packages/airflow/example_dags/example_xcom.py took 0.058 seconds
[2024-09-28T20:18:30.938+0000] {processor.py:186} INFO - Started process (PID=366) to work on /home/airflow/.local/lib/python3.12/site-packages/airflow/example_dags/example_xcom.py
[2024-09-28T20:18:30.939+0000] {processor.py:914} INFO - Processing file /home/airflow/.local/lib/python3.12/site-packages/airflow/example_dags/example_xcom.py for tasks to queue
[2024-09-28T20:18:30.940+0000] {logging_mixin.py:190} INFO - [2024-09-28T20:18:30.940+0000] {dagbag.py:588} INFO - Filling up the DagBag from /home/airflow/.local/lib/python3.12/site-packages/airflow/example_dags/example_xcom.py
[2024-09-28T20:18:30.946+0000] {processor.py:925} INFO - DAG(s) 'example_xcom' retrieved from /home/airflow/.local/lib/python3.12/site-packages/airflow/example_dags/example_xcom.py
[2024-09-28T20:18:30.962+0000] {logging_mixin.py:190} INFO - [2024-09-28T20:18:30.962+0000] {dag.py:3239} INFO - Sync 1 DAGs
[2024-09-28T20:18:30.977+0000] {logging_mixin.py:190} INFO - [2024-09-28T20:18:30.977+0000] {dag.py:4180} INFO - Setting next_dagrun for example_xcom to 2021-01-01 00:00:00+00:00, run_after=2021-01-01 00:00:00+00:00
[2024-09-28T20:18:30.991+0000] {processor.py:208} INFO - Processing /home/airflow/.local/lib/python3.12/site-packages/airflow/example_dags/example_xcom.py took 0.056 seconds
[2024-09-28T20:19:01.180+0000] {processor.py:186} INFO - Started process (PID=432) to work on /home/airflow/.local/lib/python3.12/site-packages/airflow/example_dags/example_xcom.py
[2024-09-28T20:19:01.181+0000] {processor.py:914} INFO - Processing file /home/airflow/.local/lib/python3.12/site-packages/airflow/example_dags/example_xcom.py for tasks to queue
[2024-09-28T20:19:01.182+0000] {logging_mixin.py:190} INFO - [2024-09-28T20:19:01.182+0000] {dagbag.py:588} INFO - Filling up the DagBag from /home/airflow/.local/lib/python3.12/site-packages/airflow/example_dags/example_xcom.py
[2024-09-28T20:19:01.188+0000] {processor.py:925} INFO - DAG(s) 'example_xcom' retrieved from /home/airflow/.local/lib/python3.12/site-packages/airflow/example_dags/example_xcom.py
[2024-09-28T20:19:01.202+0000] {logging_mixin.py:190} INFO - [2024-09-28T20:19:01.202+0000] {dag.py:3239} INFO - Sync 1 DAGs
[2024-09-28T20:19:01.216+0000] {logging_mixin.py:190} INFO - [2024-09-28T20:19:01.216+0000] {dag.py:4180} INFO - Setting next_dagrun for example_xcom to 2021-01-01 00:00:00+00:00, run_after=2021-01-01 00:00:00+00:00
[2024-09-28T20:19:01.229+0000] {processor.py:208} INFO - Processing /home/airflow/.local/lib/python3.12/site-packages/airflow/example_dags/example_xcom.py took 0.052 seconds
[2024-09-28T20:19:31.454+0000] {processor.py:186} INFO - Started process (PID=497) to work on /home/airflow/.local/lib/python3.12/site-packages/airflow/example_dags/example_xcom.py
[2024-09-28T20:19:31.455+0000] {processor.py:914} INFO - Processing file /home/airflow/.local/lib/python3.12/site-packages/airflow/example_dags/example_xcom.py for tasks to queue
[2024-09-28T20:19:31.456+0000] {logging_mixin.py:190} INFO - [2024-09-28T20:19:31.456+0000] {dagbag.py:588} INFO - Filling up the DagBag from /home/airflow/.local/lib/python3.12/site-packages/airflow/example_dags/example_xcom.py
[2024-09-28T20:19:31.466+0000] {processor.py:925} INFO - DAG(s) 'example_xcom' retrieved from /home/airflow/.local/lib/python3.12/site-packages/airflow/example_dags/example_xcom.py
[2024-09-28T20:19:31.485+0000] {logging_mixin.py:190} INFO - [2024-09-28T20:19:31.485+0000] {dag.py:3239} INFO - Sync 1 DAGs
[2024-09-28T20:19:31.501+0000] {logging_mixin.py:190} INFO - [2024-09-28T20:19:31.501+0000] {dag.py:4180} INFO - Setting next_dagrun for example_xcom to 2021-01-01 00:00:00+00:00, run_after=2021-01-01 00:00:00+00:00
[2024-09-28T20:19:31.513+0000] {processor.py:208} INFO - Processing /home/airflow/.local/lib/python3.12/site-packages/airflow/example_dags/example_xcom.py took 0.062 seconds
[2024-09-28T20:20:01.812+0000] {processor.py:186} INFO - Started process (PID=570) to work on /home/airflow/.local/lib/python3.12/site-packages/airflow/example_dags/example_xcom.py
[2024-09-28T20:20:01.813+0000] {processor.py:914} INFO - Processing file /home/airflow/.local/lib/python3.12/site-packages/airflow/example_dags/example_xcom.py for tasks to queue
[2024-09-28T20:20:01.814+0000] {logging_mixin.py:190} INFO - [2024-09-28T20:20:01.814+0000] {dagbag.py:588} INFO - Filling up the DagBag from /home/airflow/.local/lib/python3.12/site-packages/airflow/example_dags/example_xcom.py
[2024-09-28T20:20:01.820+0000] {processor.py:925} INFO - DAG(s) 'example_xcom' retrieved from /home/airflow/.local/lib/python3.12/site-packages/airflow/example_dags/example_xcom.py
[2024-09-28T20:20:01.834+0000] {logging_mixin.py:190} INFO - [2024-09-28T20:20:01.834+0000] {dag.py:3239} INFO - Sync 1 DAGs
[2024-09-28T20:20:01.850+0000] {logging_mixin.py:190} INFO - [2024-09-28T20:20:01.850+0000] {dag.py:4180} INFO - Setting next_dagrun for example_xcom to 2021-01-01 00:00:00+00:00, run_after=2021-01-01 00:00:00+00:00
[2024-09-28T20:20:01.863+0000] {processor.py:208} INFO - Processing /home/airflow/.local/lib/python3.12/site-packages/airflow/example_dags/example_xcom.py took 0.055 seconds
[2024-09-28T20:20:32.203+0000] {processor.py:186} INFO - Started process (PID=637) to work on /home/airflow/.local/lib/python3.12/site-packages/airflow/example_dags/example_xcom.py
[2024-09-28T20:20:32.204+0000] {processor.py:914} INFO - Processing file /home/airflow/.local/lib/python3.12/site-packages/airflow/example_dags/example_xcom.py for tasks to queue
[2024-09-28T20:20:32.205+0000] {logging_mixin.py:190} INFO - [2024-09-28T20:20:32.205+0000] {dagbag.py:588} INFO - Filling up the DagBag from /home/airflow/.local/lib/python3.12/site-packages/airflow/example_dags/example_xcom.py
[2024-09-28T20:20:32.211+0000] {processor.py:925} INFO - DAG(s) 'example_xcom' retrieved from /home/airflow/.local/lib/python3.12/site-packages/airflow/example_dags/example_xcom.py
[2024-09-28T20:20:32.224+0000] {logging_mixin.py:190} INFO - [2024-09-28T20:20:32.224+0000] {dag.py:3239} INFO - Sync 1 DAGs
[2024-09-28T20:20:32.239+0000] {logging_mixin.py:190} INFO - [2024-09-28T20:20:32.239+0000] {dag.py:4180} INFO - Setting next_dagrun for example_xcom to 2021-01-01 00:00:00+00:00, run_after=2021-01-01 00:00:00+00:00
[2024-09-28T20:20:32.253+0000] {processor.py:208} INFO - Processing /home/airflow/.local/lib/python3.12/site-packages/airflow/example_dags/example_xcom.py took 0.053 seconds
