[2024-09-28T19:52:47.755+0000] {processor.py:186} INFO - Started process (PID=61) to work on /home/airflow/.local/lib/python3.12/site-packages/airflow/example_dags/example_external_task_marker_dag.py
[2024-09-28T19:52:47.756+0000] {processor.py:914} INFO - Processing file /home/airflow/.local/lib/python3.12/site-packages/airflow/example_dags/example_external_task_marker_dag.py for tasks to queue
[2024-09-28T19:52:47.757+0000] {logging_mixin.py:190} INFO - [2024-09-28T19:52:47.757+0000] {dagbag.py:588} INFO - Filling up the DagBag from /home/airflow/.local/lib/python3.12/site-packages/airflow/example_dags/example_external_task_marker_dag.py
[2024-09-28T19:52:47.765+0000] {processor.py:925} INFO - DAG(s) 'example_external_task_marker_parent', 'example_external_task_marker_child' retrieved from /home/airflow/.local/lib/python3.12/site-packages/airflow/example_dags/example_external_task_marker_dag.py
[2024-09-28T19:52:47.826+0000] {logging_mixin.py:190} INFO - [2024-09-28T19:52:47.826+0000] {override.py:1900} INFO - Created Permission View: can edit on DAG:example_external_task_marker_parent
[2024-09-28T19:52:47.833+0000] {logging_mixin.py:190} INFO - [2024-09-28T19:52:47.833+0000] {override.py:1900} INFO - Created Permission View: can delete on DAG:example_external_task_marker_parent
[2024-09-28T19:52:47.837+0000] {logging_mixin.py:190} INFO - [2024-09-28T19:52:47.837+0000] {override.py:1900} INFO - Created Permission View: can read on DAG:example_external_task_marker_parent
[2024-09-28T19:52:47.843+0000] {logging_mixin.py:190} INFO - [2024-09-28T19:52:47.842+0000] {override.py:1900} INFO - Created Permission View: can delete on DAG Run:example_external_task_marker_parent
[2024-09-28T19:52:47.847+0000] {logging_mixin.py:190} INFO - [2024-09-28T19:52:47.847+0000] {override.py:1900} INFO - Created Permission View: can read on DAG Run:example_external_task_marker_parent
[2024-09-28T19:52:47.850+0000] {logging_mixin.py:190} INFO - [2024-09-28T19:52:47.850+0000] {override.py:1900} INFO - Created Permission View: can create on DAG Run:example_external_task_marker_parent
[2024-09-28T19:52:47.854+0000] {logging_mixin.py:190} INFO - [2024-09-28T19:52:47.854+0000] {override.py:1900} INFO - Created Permission View: menu access on DAG Run:example_external_task_marker_parent
[2024-09-28T19:52:47.863+0000] {logging_mixin.py:190} INFO - [2024-09-28T19:52:47.863+0000] {override.py:1900} INFO - Created Permission View: can edit on DAG:example_external_task_marker_child
[2024-09-28T19:52:47.867+0000] {logging_mixin.py:190} INFO - [2024-09-28T19:52:47.867+0000] {override.py:1900} INFO - Created Permission View: can delete on DAG:example_external_task_marker_child
[2024-09-28T19:52:47.871+0000] {logging_mixin.py:190} INFO - [2024-09-28T19:52:47.870+0000] {override.py:1900} INFO - Created Permission View: can read on DAG:example_external_task_marker_child
[2024-09-28T19:52:47.875+0000] {logging_mixin.py:190} INFO - [2024-09-28T19:52:47.875+0000] {override.py:1900} INFO - Created Permission View: can delete on DAG Run:example_external_task_marker_child
[2024-09-28T19:52:47.879+0000] {logging_mixin.py:190} INFO - [2024-09-28T19:52:47.879+0000] {override.py:1900} INFO - Created Permission View: can read on DAG Run:example_external_task_marker_child
[2024-09-28T19:52:47.883+0000] {logging_mixin.py:190} INFO - [2024-09-28T19:52:47.882+0000] {override.py:1900} INFO - Created Permission View: can create on DAG Run:example_external_task_marker_child
[2024-09-28T19:52:47.887+0000] {logging_mixin.py:190} INFO - [2024-09-28T19:52:47.887+0000] {override.py:1900} INFO - Created Permission View: menu access on DAG Run:example_external_task_marker_child
[2024-09-28T19:52:47.888+0000] {logging_mixin.py:190} INFO - [2024-09-28T19:52:47.888+0000] {dag.py:3239} INFO - Sync 2 DAGs
[2024-09-28T19:52:47.896+0000] {logging_mixin.py:190} INFO - [2024-09-28T19:52:47.896+0000] {dag.py:3262} INFO - Creating ORM DAG for example_external_task_marker_parent
[2024-09-28T19:52:47.899+0000] {logging_mixin.py:190} INFO - [2024-09-28T19:52:47.899+0000] {dag.py:3262} INFO - Creating ORM DAG for example_external_task_marker_child
[2024-09-28T19:52:47.900+0000] {logging_mixin.py:190} INFO - [2024-09-28T19:52:47.900+0000] {dag.py:4180} INFO - Setting next_dagrun for example_external_task_marker_child to None, run_after=None
[2024-09-28T19:52:47.901+0000] {logging_mixin.py:190} INFO - [2024-09-28T19:52:47.901+0000] {dag.py:4180} INFO - Setting next_dagrun for example_external_task_marker_parent to None, run_after=None
[2024-09-28T19:52:47.920+0000] {processor.py:208} INFO - Processing /home/airflow/.local/lib/python3.12/site-packages/airflow/example_dags/example_external_task_marker_dag.py took 0.168 seconds
[2024-09-28T19:53:18.025+0000] {processor.py:186} INFO - Started process (PID=134) to work on /home/airflow/.local/lib/python3.12/site-packages/airflow/example_dags/example_external_task_marker_dag.py
[2024-09-28T19:53:18.025+0000] {processor.py:914} INFO - Processing file /home/airflow/.local/lib/python3.12/site-packages/airflow/example_dags/example_external_task_marker_dag.py for tasks to queue
[2024-09-28T19:53:18.027+0000] {logging_mixin.py:190} INFO - [2024-09-28T19:53:18.027+0000] {dagbag.py:588} INFO - Filling up the DagBag from /home/airflow/.local/lib/python3.12/site-packages/airflow/example_dags/example_external_task_marker_dag.py
[2024-09-28T19:53:18.032+0000] {processor.py:925} INFO - DAG(s) 'example_external_task_marker_parent', 'example_external_task_marker_child' retrieved from /home/airflow/.local/lib/python3.12/site-packages/airflow/example_dags/example_external_task_marker_dag.py
[2024-09-28T19:53:18.045+0000] {logging_mixin.py:190} INFO - [2024-09-28T19:53:18.045+0000] {dag.py:3239} INFO - Sync 2 DAGs
[2024-09-28T19:53:18.054+0000] {logging_mixin.py:190} INFO - [2024-09-28T19:53:18.054+0000] {dag.py:4180} INFO - Setting next_dagrun for example_external_task_marker_child to None, run_after=None
[2024-09-28T19:53:18.057+0000] {logging_mixin.py:190} INFO - [2024-09-28T19:53:18.057+0000] {dag.py:4180} INFO - Setting next_dagrun for example_external_task_marker_parent to None, run_after=None
[2024-09-28T19:53:18.069+0000] {processor.py:208} INFO - Processing /home/airflow/.local/lib/python3.12/site-packages/airflow/example_dags/example_external_task_marker_dag.py took 0.048 seconds
[2024-09-28T19:53:48.918+0000] {processor.py:186} INFO - Started process (PID=197) to work on /home/airflow/.local/lib/python3.12/site-packages/airflow/example_dags/example_external_task_marker_dag.py
[2024-09-28T19:53:48.919+0000] {processor.py:914} INFO - Processing file /home/airflow/.local/lib/python3.12/site-packages/airflow/example_dags/example_external_task_marker_dag.py for tasks to queue
[2024-09-28T19:53:48.921+0000] {logging_mixin.py:190} INFO - [2024-09-28T19:53:48.920+0000] {dagbag.py:588} INFO - Filling up the DagBag from /home/airflow/.local/lib/python3.12/site-packages/airflow/example_dags/example_external_task_marker_dag.py
[2024-09-28T19:53:48.926+0000] {processor.py:925} INFO - DAG(s) 'example_external_task_marker_child', 'example_external_task_marker_parent' retrieved from /home/airflow/.local/lib/python3.12/site-packages/airflow/example_dags/example_external_task_marker_dag.py
[2024-09-28T19:53:48.941+0000] {logging_mixin.py:190} INFO - [2024-09-28T19:53:48.941+0000] {dag.py:3239} INFO - Sync 2 DAGs
[2024-09-28T19:53:48.950+0000] {logging_mixin.py:190} INFO - [2024-09-28T19:53:48.950+0000] {dag.py:4180} INFO - Setting next_dagrun for example_external_task_marker_child to None, run_after=None
[2024-09-28T19:53:48.954+0000] {logging_mixin.py:190} INFO - [2024-09-28T19:53:48.953+0000] {dag.py:4180} INFO - Setting next_dagrun for example_external_task_marker_parent to None, run_after=None
[2024-09-28T19:53:48.967+0000] {processor.py:208} INFO - Processing /home/airflow/.local/lib/python3.12/site-packages/airflow/example_dags/example_external_task_marker_dag.py took 0.052 seconds
[2024-09-28T19:54:19.269+0000] {processor.py:186} INFO - Started process (PID=262) to work on /home/airflow/.local/lib/python3.12/site-packages/airflow/example_dags/example_external_task_marker_dag.py
[2024-09-28T19:54:19.270+0000] {processor.py:914} INFO - Processing file /home/airflow/.local/lib/python3.12/site-packages/airflow/example_dags/example_external_task_marker_dag.py for tasks to queue
[2024-09-28T19:54:19.272+0000] {logging_mixin.py:190} INFO - [2024-09-28T19:54:19.271+0000] {dagbag.py:588} INFO - Filling up the DagBag from /home/airflow/.local/lib/python3.12/site-packages/airflow/example_dags/example_external_task_marker_dag.py
[2024-09-28T19:54:19.276+0000] {processor.py:925} INFO - DAG(s) 'example_external_task_marker_parent', 'example_external_task_marker_child' retrieved from /home/airflow/.local/lib/python3.12/site-packages/airflow/example_dags/example_external_task_marker_dag.py
[2024-09-28T19:54:19.292+0000] {logging_mixin.py:190} INFO - [2024-09-28T19:54:19.291+0000] {dag.py:3239} INFO - Sync 2 DAGs
[2024-09-28T19:54:19.301+0000] {logging_mixin.py:190} INFO - [2024-09-28T19:54:19.300+0000] {dag.py:4180} INFO - Setting next_dagrun for example_external_task_marker_child to None, run_after=None
[2024-09-28T19:54:19.304+0000] {logging_mixin.py:190} INFO - [2024-09-28T19:54:19.304+0000] {dag.py:4180} INFO - Setting next_dagrun for example_external_task_marker_parent to None, run_after=None
[2024-09-28T19:54:19.317+0000] {processor.py:208} INFO - Processing /home/airflow/.local/lib/python3.12/site-packages/airflow/example_dags/example_external_task_marker_dag.py took 0.052 seconds
[2024-09-28T19:54:49.564+0000] {processor.py:186} INFO - Started process (PID=327) to work on /home/airflow/.local/lib/python3.12/site-packages/airflow/example_dags/example_external_task_marker_dag.py
[2024-09-28T19:54:49.565+0000] {processor.py:914} INFO - Processing file /home/airflow/.local/lib/python3.12/site-packages/airflow/example_dags/example_external_task_marker_dag.py for tasks to queue
[2024-09-28T19:54:49.566+0000] {logging_mixin.py:190} INFO - [2024-09-28T19:54:49.566+0000] {dagbag.py:588} INFO - Filling up the DagBag from /home/airflow/.local/lib/python3.12/site-packages/airflow/example_dags/example_external_task_marker_dag.py
[2024-09-28T19:54:49.571+0000] {processor.py:925} INFO - DAG(s) 'example_external_task_marker_parent', 'example_external_task_marker_child' retrieved from /home/airflow/.local/lib/python3.12/site-packages/airflow/example_dags/example_external_task_marker_dag.py
[2024-09-28T19:54:49.586+0000] {logging_mixin.py:190} INFO - [2024-09-28T19:54:49.586+0000] {dag.py:3239} INFO - Sync 2 DAGs
[2024-09-28T19:54:49.599+0000] {logging_mixin.py:190} INFO - [2024-09-28T19:54:49.599+0000] {dag.py:4180} INFO - Setting next_dagrun for example_external_task_marker_child to None, run_after=None
[2024-09-28T19:54:49.602+0000] {logging_mixin.py:190} INFO - [2024-09-28T19:54:49.602+0000] {dag.py:4180} INFO - Setting next_dagrun for example_external_task_marker_parent to None, run_after=None
[2024-09-28T19:54:49.613+0000] {processor.py:208} INFO - Processing /home/airflow/.local/lib/python3.12/site-packages/airflow/example_dags/example_external_task_marker_dag.py took 0.053 seconds
[2024-09-28T19:55:19.803+0000] {processor.py:186} INFO - Started process (PID=392) to work on /home/airflow/.local/lib/python3.12/site-packages/airflow/example_dags/example_external_task_marker_dag.py
[2024-09-28T19:55:19.804+0000] {processor.py:914} INFO - Processing file /home/airflow/.local/lib/python3.12/site-packages/airflow/example_dags/example_external_task_marker_dag.py for tasks to queue
[2024-09-28T19:55:19.805+0000] {logging_mixin.py:190} INFO - [2024-09-28T19:55:19.805+0000] {dagbag.py:588} INFO - Filling up the DagBag from /home/airflow/.local/lib/python3.12/site-packages/airflow/example_dags/example_external_task_marker_dag.py
[2024-09-28T19:55:19.810+0000] {processor.py:925} INFO - DAG(s) 'example_external_task_marker_child', 'example_external_task_marker_parent' retrieved from /home/airflow/.local/lib/python3.12/site-packages/airflow/example_dags/example_external_task_marker_dag.py
[2024-09-28T19:55:19.827+0000] {logging_mixin.py:190} INFO - [2024-09-28T19:55:19.827+0000] {dag.py:3239} INFO - Sync 2 DAGs
[2024-09-28T19:55:19.838+0000] {logging_mixin.py:190} INFO - [2024-09-28T19:55:19.837+0000] {dag.py:4180} INFO - Setting next_dagrun for example_external_task_marker_child to None, run_after=None
[2024-09-28T19:55:19.841+0000] {logging_mixin.py:190} INFO - [2024-09-28T19:55:19.841+0000] {dag.py:4180} INFO - Setting next_dagrun for example_external_task_marker_parent to None, run_after=None
[2024-09-28T19:55:19.854+0000] {processor.py:208} INFO - Processing /home/airflow/.local/lib/python3.12/site-packages/airflow/example_dags/example_external_task_marker_dag.py took 0.054 seconds
[2024-09-28T19:55:50.240+0000] {processor.py:186} INFO - Started process (PID=458) to work on /home/airflow/.local/lib/python3.12/site-packages/airflow/example_dags/example_external_task_marker_dag.py
[2024-09-28T19:55:50.241+0000] {processor.py:914} INFO - Processing file /home/airflow/.local/lib/python3.12/site-packages/airflow/example_dags/example_external_task_marker_dag.py for tasks to queue
[2024-09-28T19:55:50.243+0000] {logging_mixin.py:190} INFO - [2024-09-28T19:55:50.243+0000] {dagbag.py:588} INFO - Filling up the DagBag from /home/airflow/.local/lib/python3.12/site-packages/airflow/example_dags/example_external_task_marker_dag.py
[2024-09-28T19:55:50.248+0000] {processor.py:925} INFO - DAG(s) 'example_external_task_marker_child', 'example_external_task_marker_parent' retrieved from /home/airflow/.local/lib/python3.12/site-packages/airflow/example_dags/example_external_task_marker_dag.py
[2024-09-28T19:55:50.265+0000] {logging_mixin.py:190} INFO - [2024-09-28T19:55:50.265+0000] {dag.py:3239} INFO - Sync 2 DAGs
[2024-09-28T19:55:50.275+0000] {logging_mixin.py:190} INFO - [2024-09-28T19:55:50.275+0000] {dag.py:4180} INFO - Setting next_dagrun for example_external_task_marker_child to None, run_after=None
[2024-09-28T19:55:50.278+0000] {logging_mixin.py:190} INFO - [2024-09-28T19:55:50.278+0000] {dag.py:4180} INFO - Setting next_dagrun for example_external_task_marker_parent to None, run_after=None
[2024-09-28T19:55:50.291+0000] {processor.py:208} INFO - Processing /home/airflow/.local/lib/python3.12/site-packages/airflow/example_dags/example_external_task_marker_dag.py took 0.055 seconds
[2024-09-28T19:56:20.984+0000] {processor.py:186} INFO - Started process (PID=523) to work on /home/airflow/.local/lib/python3.12/site-packages/airflow/example_dags/example_external_task_marker_dag.py
[2024-09-28T19:56:20.985+0000] {processor.py:914} INFO - Processing file /home/airflow/.local/lib/python3.12/site-packages/airflow/example_dags/example_external_task_marker_dag.py for tasks to queue
[2024-09-28T19:56:20.986+0000] {logging_mixin.py:190} INFO - [2024-09-28T19:56:20.986+0000] {dagbag.py:588} INFO - Filling up the DagBag from /home/airflow/.local/lib/python3.12/site-packages/airflow/example_dags/example_external_task_marker_dag.py
[2024-09-28T19:56:20.991+0000] {processor.py:925} INFO - DAG(s) 'example_external_task_marker_child', 'example_external_task_marker_parent' retrieved from /home/airflow/.local/lib/python3.12/site-packages/airflow/example_dags/example_external_task_marker_dag.py
[2024-09-28T19:56:21.006+0000] {logging_mixin.py:190} INFO - [2024-09-28T19:56:21.006+0000] {dag.py:3239} INFO - Sync 2 DAGs
[2024-09-28T19:56:21.015+0000] {logging_mixin.py:190} INFO - [2024-09-28T19:56:21.015+0000] {dag.py:4180} INFO - Setting next_dagrun for example_external_task_marker_child to None, run_after=None
[2024-09-28T19:56:21.018+0000] {logging_mixin.py:190} INFO - [2024-09-28T19:56:21.018+0000] {dag.py:4180} INFO - Setting next_dagrun for example_external_task_marker_parent to None, run_after=None
[2024-09-28T19:56:21.030+0000] {processor.py:208} INFO - Processing /home/airflow/.local/lib/python3.12/site-packages/airflow/example_dags/example_external_task_marker_dag.py took 0.050 seconds
[2024-09-28T19:56:51.112+0000] {processor.py:186} INFO - Started process (PID=588) to work on /home/airflow/.local/lib/python3.12/site-packages/airflow/example_dags/example_external_task_marker_dag.py
[2024-09-28T19:56:51.113+0000] {processor.py:914} INFO - Processing file /home/airflow/.local/lib/python3.12/site-packages/airflow/example_dags/example_external_task_marker_dag.py for tasks to queue
[2024-09-28T19:56:51.115+0000] {logging_mixin.py:190} INFO - [2024-09-28T19:56:51.115+0000] {dagbag.py:588} INFO - Filling up the DagBag from /home/airflow/.local/lib/python3.12/site-packages/airflow/example_dags/example_external_task_marker_dag.py
[2024-09-28T19:56:51.121+0000] {processor.py:925} INFO - DAG(s) 'example_external_task_marker_parent', 'example_external_task_marker_child' retrieved from /home/airflow/.local/lib/python3.12/site-packages/airflow/example_dags/example_external_task_marker_dag.py
[2024-09-28T19:56:51.143+0000] {logging_mixin.py:190} INFO - [2024-09-28T19:56:51.142+0000] {dag.py:3239} INFO - Sync 2 DAGs
[2024-09-28T19:56:51.157+0000] {logging_mixin.py:190} INFO - [2024-09-28T19:56:51.157+0000] {dag.py:4180} INFO - Setting next_dagrun for example_external_task_marker_child to None, run_after=None
[2024-09-28T19:56:51.160+0000] {logging_mixin.py:190} INFO - [2024-09-28T19:56:51.160+0000] {dag.py:4180} INFO - Setting next_dagrun for example_external_task_marker_parent to None, run_after=None
[2024-09-28T19:56:51.177+0000] {processor.py:208} INFO - Processing /home/airflow/.local/lib/python3.12/site-packages/airflow/example_dags/example_external_task_marker_dag.py took 0.070 seconds
[2024-09-28T19:57:21.395+0000] {processor.py:186} INFO - Started process (PID=653) to work on /home/airflow/.local/lib/python3.12/site-packages/airflow/example_dags/example_external_task_marker_dag.py
[2024-09-28T19:57:21.395+0000] {processor.py:914} INFO - Processing file /home/airflow/.local/lib/python3.12/site-packages/airflow/example_dags/example_external_task_marker_dag.py for tasks to queue
[2024-09-28T19:57:21.397+0000] {logging_mixin.py:190} INFO - [2024-09-28T19:57:21.397+0000] {dagbag.py:588} INFO - Filling up the DagBag from /home/airflow/.local/lib/python3.12/site-packages/airflow/example_dags/example_external_task_marker_dag.py
[2024-09-28T19:57:21.402+0000] {processor.py:925} INFO - DAG(s) 'example_external_task_marker_parent', 'example_external_task_marker_child' retrieved from /home/airflow/.local/lib/python3.12/site-packages/airflow/example_dags/example_external_task_marker_dag.py
[2024-09-28T19:57:21.417+0000] {logging_mixin.py:190} INFO - [2024-09-28T19:57:21.416+0000] {dag.py:3239} INFO - Sync 2 DAGs
[2024-09-28T19:57:21.427+0000] {logging_mixin.py:190} INFO - [2024-09-28T19:57:21.426+0000] {dag.py:4180} INFO - Setting next_dagrun for example_external_task_marker_child to None, run_after=None
[2024-09-28T19:57:21.429+0000] {logging_mixin.py:190} INFO - [2024-09-28T19:57:21.429+0000] {dag.py:4180} INFO - Setting next_dagrun for example_external_task_marker_parent to None, run_after=None
[2024-09-28T19:57:21.442+0000] {processor.py:208} INFO - Processing /home/airflow/.local/lib/python3.12/site-packages/airflow/example_dags/example_external_task_marker_dag.py took 0.051 seconds
[2024-09-28T19:57:51.685+0000] {processor.py:186} INFO - Started process (PID=718) to work on /home/airflow/.local/lib/python3.12/site-packages/airflow/example_dags/example_external_task_marker_dag.py
[2024-09-28T19:57:51.686+0000] {processor.py:914} INFO - Processing file /home/airflow/.local/lib/python3.12/site-packages/airflow/example_dags/example_external_task_marker_dag.py for tasks to queue
[2024-09-28T19:57:51.688+0000] {logging_mixin.py:190} INFO - [2024-09-28T19:57:51.687+0000] {dagbag.py:588} INFO - Filling up the DagBag from /home/airflow/.local/lib/python3.12/site-packages/airflow/example_dags/example_external_task_marker_dag.py
[2024-09-28T19:57:51.692+0000] {processor.py:925} INFO - DAG(s) 'example_external_task_marker_parent', 'example_external_task_marker_child' retrieved from /home/airflow/.local/lib/python3.12/site-packages/airflow/example_dags/example_external_task_marker_dag.py
[2024-09-28T19:57:51.708+0000] {logging_mixin.py:190} INFO - [2024-09-28T19:57:51.708+0000] {dag.py:3239} INFO - Sync 2 DAGs
[2024-09-28T19:57:51.717+0000] {logging_mixin.py:190} INFO - [2024-09-28T19:57:51.717+0000] {dag.py:4180} INFO - Setting next_dagrun for example_external_task_marker_child to None, run_after=None
[2024-09-28T19:57:51.720+0000] {logging_mixin.py:190} INFO - [2024-09-28T19:57:51.720+0000] {dag.py:4180} INFO - Setting next_dagrun for example_external_task_marker_parent to None, run_after=None
[2024-09-28T19:57:51.731+0000] {processor.py:208} INFO - Processing /home/airflow/.local/lib/python3.12/site-packages/airflow/example_dags/example_external_task_marker_dag.py took 0.049 seconds
[2024-09-28T19:58:22.521+0000] {processor.py:186} INFO - Started process (PID=783) to work on /home/airflow/.local/lib/python3.12/site-packages/airflow/example_dags/example_external_task_marker_dag.py
[2024-09-28T19:58:22.522+0000] {processor.py:914} INFO - Processing file /home/airflow/.local/lib/python3.12/site-packages/airflow/example_dags/example_external_task_marker_dag.py for tasks to queue
[2024-09-28T19:58:22.524+0000] {logging_mixin.py:190} INFO - [2024-09-28T19:58:22.524+0000] {dagbag.py:588} INFO - Filling up the DagBag from /home/airflow/.local/lib/python3.12/site-packages/airflow/example_dags/example_external_task_marker_dag.py
[2024-09-28T19:58:22.529+0000] {processor.py:925} INFO - DAG(s) 'example_external_task_marker_parent', 'example_external_task_marker_child' retrieved from /home/airflow/.local/lib/python3.12/site-packages/airflow/example_dags/example_external_task_marker_dag.py
[2024-09-28T19:58:22.544+0000] {logging_mixin.py:190} INFO - [2024-09-28T19:58:22.544+0000] {dag.py:3239} INFO - Sync 2 DAGs
[2024-09-28T19:58:22.553+0000] {logging_mixin.py:190} INFO - [2024-09-28T19:58:22.553+0000] {dag.py:4180} INFO - Setting next_dagrun for example_external_task_marker_child to None, run_after=None
[2024-09-28T19:58:22.556+0000] {logging_mixin.py:190} INFO - [2024-09-28T19:58:22.556+0000] {dag.py:4180} INFO - Setting next_dagrun for example_external_task_marker_parent to None, run_after=None
[2024-09-28T19:58:22.567+0000] {processor.py:208} INFO - Processing /home/airflow/.local/lib/python3.12/site-packages/airflow/example_dags/example_external_task_marker_dag.py took 0.049 seconds
[2024-09-28T19:58:52.654+0000] {processor.py:186} INFO - Started process (PID=848) to work on /home/airflow/.local/lib/python3.12/site-packages/airflow/example_dags/example_external_task_marker_dag.py
[2024-09-28T19:58:52.654+0000] {processor.py:914} INFO - Processing file /home/airflow/.local/lib/python3.12/site-packages/airflow/example_dags/example_external_task_marker_dag.py for tasks to queue
[2024-09-28T19:58:52.656+0000] {logging_mixin.py:190} INFO - [2024-09-28T19:58:52.656+0000] {dagbag.py:588} INFO - Filling up the DagBag from /home/airflow/.local/lib/python3.12/site-packages/airflow/example_dags/example_external_task_marker_dag.py
[2024-09-28T19:58:52.661+0000] {processor.py:925} INFO - DAG(s) 'example_external_task_marker_child', 'example_external_task_marker_parent' retrieved from /home/airflow/.local/lib/python3.12/site-packages/airflow/example_dags/example_external_task_marker_dag.py
[2024-09-28T19:58:52.675+0000] {logging_mixin.py:190} INFO - [2024-09-28T19:58:52.675+0000] {dag.py:3239} INFO - Sync 2 DAGs
[2024-09-28T19:58:52.684+0000] {logging_mixin.py:190} INFO - [2024-09-28T19:58:52.684+0000] {dag.py:4180} INFO - Setting next_dagrun for example_external_task_marker_child to None, run_after=None
[2024-09-28T19:58:52.687+0000] {logging_mixin.py:190} INFO - [2024-09-28T19:58:52.687+0000] {dag.py:4180} INFO - Setting next_dagrun for example_external_task_marker_parent to None, run_after=None
[2024-09-28T19:58:52.698+0000] {processor.py:208} INFO - Processing /home/airflow/.local/lib/python3.12/site-packages/airflow/example_dags/example_external_task_marker_dag.py took 0.048 seconds
[2024-09-28T19:59:23.147+0000] {processor.py:186} INFO - Started process (PID=913) to work on /home/airflow/.local/lib/python3.12/site-packages/airflow/example_dags/example_external_task_marker_dag.py
[2024-09-28T19:59:23.147+0000] {processor.py:914} INFO - Processing file /home/airflow/.local/lib/python3.12/site-packages/airflow/example_dags/example_external_task_marker_dag.py for tasks to queue
[2024-09-28T19:59:23.149+0000] {logging_mixin.py:190} INFO - [2024-09-28T19:59:23.149+0000] {dagbag.py:588} INFO - Filling up the DagBag from /home/airflow/.local/lib/python3.12/site-packages/airflow/example_dags/example_external_task_marker_dag.py
[2024-09-28T19:59:23.154+0000] {processor.py:925} INFO - DAG(s) 'example_external_task_marker_parent', 'example_external_task_marker_child' retrieved from /home/airflow/.local/lib/python3.12/site-packages/airflow/example_dags/example_external_task_marker_dag.py
[2024-09-28T19:59:23.168+0000] {logging_mixin.py:190} INFO - [2024-09-28T19:59:23.168+0000] {dag.py:3239} INFO - Sync 2 DAGs
[2024-09-28T19:59:23.177+0000] {logging_mixin.py:190} INFO - [2024-09-28T19:59:23.176+0000] {dag.py:4180} INFO - Setting next_dagrun for example_external_task_marker_child to None, run_after=None
[2024-09-28T19:59:23.179+0000] {logging_mixin.py:190} INFO - [2024-09-28T19:59:23.179+0000] {dag.py:4180} INFO - Setting next_dagrun for example_external_task_marker_parent to None, run_after=None
[2024-09-28T19:59:23.189+0000] {processor.py:208} INFO - Processing /home/airflow/.local/lib/python3.12/site-packages/airflow/example_dags/example_external_task_marker_dag.py took 0.046 seconds
[2024-09-28T19:59:53.524+0000] {processor.py:186} INFO - Started process (PID=978) to work on /home/airflow/.local/lib/python3.12/site-packages/airflow/example_dags/example_external_task_marker_dag.py
[2024-09-28T19:59:53.531+0000] {processor.py:914} INFO - Processing file /home/airflow/.local/lib/python3.12/site-packages/airflow/example_dags/example_external_task_marker_dag.py for tasks to queue
[2024-09-28T19:59:53.541+0000] {logging_mixin.py:190} INFO - [2024-09-28T19:59:53.541+0000] {dagbag.py:588} INFO - Filling up the DagBag from /home/airflow/.local/lib/python3.12/site-packages/airflow/example_dags/example_external_task_marker_dag.py
[2024-09-28T19:59:53.555+0000] {processor.py:925} INFO - DAG(s) 'example_external_task_marker_child', 'example_external_task_marker_parent' retrieved from /home/airflow/.local/lib/python3.12/site-packages/airflow/example_dags/example_external_task_marker_dag.py
[2024-09-28T19:59:53.578+0000] {logging_mixin.py:190} INFO - [2024-09-28T19:59:53.578+0000] {dag.py:3239} INFO - Sync 2 DAGs
[2024-09-28T19:59:53.587+0000] {logging_mixin.py:190} INFO - [2024-09-28T19:59:53.587+0000] {dag.py:4180} INFO - Setting next_dagrun for example_external_task_marker_child to None, run_after=None
[2024-09-28T19:59:53.590+0000] {logging_mixin.py:190} INFO - [2024-09-28T19:59:53.590+0000] {dag.py:4180} INFO - Setting next_dagrun for example_external_task_marker_parent to None, run_after=None
[2024-09-28T19:59:53.605+0000] {processor.py:208} INFO - Processing /home/airflow/.local/lib/python3.12/site-packages/airflow/example_dags/example_external_task_marker_dag.py took 0.089 seconds
[2024-09-28T20:05:07.989+0000] {processor.py:186} INFO - Started process (PID=61) to work on /home/airflow/.local/lib/python3.12/site-packages/airflow/example_dags/example_external_task_marker_dag.py
[2024-09-28T20:05:07.990+0000] {processor.py:914} INFO - Processing file /home/airflow/.local/lib/python3.12/site-packages/airflow/example_dags/example_external_task_marker_dag.py for tasks to queue
[2024-09-28T20:05:07.992+0000] {logging_mixin.py:190} INFO - [2024-09-28T20:05:07.992+0000] {dagbag.py:588} INFO - Filling up the DagBag from /home/airflow/.local/lib/python3.12/site-packages/airflow/example_dags/example_external_task_marker_dag.py
[2024-09-28T20:05:07.998+0000] {processor.py:925} INFO - DAG(s) 'example_external_task_marker_child', 'example_external_task_marker_parent' retrieved from /home/airflow/.local/lib/python3.12/site-packages/airflow/example_dags/example_external_task_marker_dag.py
[2024-09-28T20:05:08.015+0000] {logging_mixin.py:190} INFO - [2024-09-28T20:05:08.015+0000] {dag.py:3239} INFO - Sync 2 DAGs
[2024-09-28T20:05:08.024+0000] {logging_mixin.py:190} INFO - [2024-09-28T20:05:08.024+0000] {dag.py:4180} INFO - Setting next_dagrun for example_external_task_marker_child to None, run_after=None
[2024-09-28T20:05:08.027+0000] {logging_mixin.py:190} INFO - [2024-09-28T20:05:08.027+0000] {dag.py:4180} INFO - Setting next_dagrun for example_external_task_marker_parent to None, run_after=None
[2024-09-28T20:05:08.037+0000] {processor.py:208} INFO - Processing /home/airflow/.local/lib/python3.12/site-packages/airflow/example_dags/example_external_task_marker_dag.py took 0.052 seconds
[2024-09-28T20:05:38.663+0000] {processor.py:186} INFO - Started process (PID=126) to work on /home/airflow/.local/lib/python3.12/site-packages/airflow/example_dags/example_external_task_marker_dag.py
[2024-09-28T20:05:38.664+0000] {processor.py:914} INFO - Processing file /home/airflow/.local/lib/python3.12/site-packages/airflow/example_dags/example_external_task_marker_dag.py for tasks to queue
[2024-09-28T20:05:38.666+0000] {logging_mixin.py:190} INFO - [2024-09-28T20:05:38.666+0000] {dagbag.py:588} INFO - Filling up the DagBag from /home/airflow/.local/lib/python3.12/site-packages/airflow/example_dags/example_external_task_marker_dag.py
[2024-09-28T20:05:38.673+0000] {processor.py:925} INFO - DAG(s) 'example_external_task_marker_child', 'example_external_task_marker_parent' retrieved from /home/airflow/.local/lib/python3.12/site-packages/airflow/example_dags/example_external_task_marker_dag.py
[2024-09-28T20:05:38.694+0000] {logging_mixin.py:190} INFO - [2024-09-28T20:05:38.693+0000] {dag.py:3239} INFO - Sync 2 DAGs
[2024-09-28T20:05:38.708+0000] {logging_mixin.py:190} INFO - [2024-09-28T20:05:38.708+0000] {dag.py:4180} INFO - Setting next_dagrun for example_external_task_marker_child to None, run_after=None
[2024-09-28T20:05:38.712+0000] {logging_mixin.py:190} INFO - [2024-09-28T20:05:38.712+0000] {dag.py:4180} INFO - Setting next_dagrun for example_external_task_marker_parent to None, run_after=None
[2024-09-28T20:05:38.727+0000] {processor.py:208} INFO - Processing /home/airflow/.local/lib/python3.12/site-packages/airflow/example_dags/example_external_task_marker_dag.py took 0.069 seconds
[2024-09-28T20:06:09.092+0000] {processor.py:186} INFO - Started process (PID=197) to work on /home/airflow/.local/lib/python3.12/site-packages/airflow/example_dags/example_external_task_marker_dag.py
[2024-09-28T20:06:09.093+0000] {processor.py:914} INFO - Processing file /home/airflow/.local/lib/python3.12/site-packages/airflow/example_dags/example_external_task_marker_dag.py for tasks to queue
[2024-09-28T20:06:09.095+0000] {logging_mixin.py:190} INFO - [2024-09-28T20:06:09.095+0000] {dagbag.py:588} INFO - Filling up the DagBag from /home/airflow/.local/lib/python3.12/site-packages/airflow/example_dags/example_external_task_marker_dag.py
[2024-09-28T20:06:09.100+0000] {processor.py:925} INFO - DAG(s) 'example_external_task_marker_child', 'example_external_task_marker_parent' retrieved from /home/airflow/.local/lib/python3.12/site-packages/airflow/example_dags/example_external_task_marker_dag.py
[2024-09-28T20:06:09.116+0000] {logging_mixin.py:190} INFO - [2024-09-28T20:06:09.116+0000] {dag.py:3239} INFO - Sync 2 DAGs
[2024-09-28T20:06:09.125+0000] {logging_mixin.py:190} INFO - [2024-09-28T20:06:09.125+0000] {dag.py:4180} INFO - Setting next_dagrun for example_external_task_marker_child to None, run_after=None
[2024-09-28T20:06:09.128+0000] {logging_mixin.py:190} INFO - [2024-09-28T20:06:09.128+0000] {dag.py:4180} INFO - Setting next_dagrun for example_external_task_marker_parent to None, run_after=None
[2024-09-28T20:06:09.139+0000] {processor.py:208} INFO - Processing /home/airflow/.local/lib/python3.12/site-packages/airflow/example_dags/example_external_task_marker_dag.py took 0.050 seconds
[2024-09-28T20:06:39.629+0000] {processor.py:186} INFO - Started process (PID=263) to work on /home/airflow/.local/lib/python3.12/site-packages/airflow/example_dags/example_external_task_marker_dag.py
[2024-09-28T20:06:39.630+0000] {processor.py:914} INFO - Processing file /home/airflow/.local/lib/python3.12/site-packages/airflow/example_dags/example_external_task_marker_dag.py for tasks to queue
[2024-09-28T20:06:39.632+0000] {logging_mixin.py:190} INFO - [2024-09-28T20:06:39.632+0000] {dagbag.py:588} INFO - Filling up the DagBag from /home/airflow/.local/lib/python3.12/site-packages/airflow/example_dags/example_external_task_marker_dag.py
[2024-09-28T20:06:39.637+0000] {processor.py:925} INFO - DAG(s) 'example_external_task_marker_child', 'example_external_task_marker_parent' retrieved from /home/airflow/.local/lib/python3.12/site-packages/airflow/example_dags/example_external_task_marker_dag.py
[2024-09-28T20:06:39.652+0000] {logging_mixin.py:190} INFO - [2024-09-28T20:06:39.652+0000] {dag.py:3239} INFO - Sync 2 DAGs
[2024-09-28T20:06:39.674+0000] {logging_mixin.py:190} INFO - [2024-09-28T20:06:39.674+0000] {dag.py:4180} INFO - Setting next_dagrun for example_external_task_marker_child to None, run_after=None
[2024-09-28T20:06:39.677+0000] {logging_mixin.py:190} INFO - [2024-09-28T20:06:39.677+0000] {dag.py:4180} INFO - Setting next_dagrun for example_external_task_marker_parent to None, run_after=None
[2024-09-28T20:06:39.687+0000] {processor.py:208} INFO - Processing /home/airflow/.local/lib/python3.12/site-packages/airflow/example_dags/example_external_task_marker_dag.py took 0.061 seconds
[2024-09-28T20:07:09.873+0000] {processor.py:186} INFO - Started process (PID=328) to work on /home/airflow/.local/lib/python3.12/site-packages/airflow/example_dags/example_external_task_marker_dag.py
[2024-09-28T20:07:09.874+0000] {processor.py:914} INFO - Processing file /home/airflow/.local/lib/python3.12/site-packages/airflow/example_dags/example_external_task_marker_dag.py for tasks to queue
[2024-09-28T20:07:09.876+0000] {logging_mixin.py:190} INFO - [2024-09-28T20:07:09.875+0000] {dagbag.py:588} INFO - Filling up the DagBag from /home/airflow/.local/lib/python3.12/site-packages/airflow/example_dags/example_external_task_marker_dag.py
[2024-09-28T20:07:09.880+0000] {processor.py:925} INFO - DAG(s) 'example_external_task_marker_parent', 'example_external_task_marker_child' retrieved from /home/airflow/.local/lib/python3.12/site-packages/airflow/example_dags/example_external_task_marker_dag.py
[2024-09-28T20:07:09.895+0000] {logging_mixin.py:190} INFO - [2024-09-28T20:07:09.894+0000] {dag.py:3239} INFO - Sync 2 DAGs
[2024-09-28T20:07:09.903+0000] {logging_mixin.py:190} INFO - [2024-09-28T20:07:09.903+0000] {dag.py:4180} INFO - Setting next_dagrun for example_external_task_marker_child to None, run_after=None
[2024-09-28T20:07:09.907+0000] {logging_mixin.py:190} INFO - [2024-09-28T20:07:09.907+0000] {dag.py:4180} INFO - Setting next_dagrun for example_external_task_marker_parent to None, run_after=None
[2024-09-28T20:07:09.917+0000] {processor.py:208} INFO - Processing /home/airflow/.local/lib/python3.12/site-packages/airflow/example_dags/example_external_task_marker_dag.py took 0.047 seconds
[2024-09-28T20:07:40.731+0000] {processor.py:186} INFO - Started process (PID=393) to work on /home/airflow/.local/lib/python3.12/site-packages/airflow/example_dags/example_external_task_marker_dag.py
[2024-09-28T20:07:40.738+0000] {processor.py:914} INFO - Processing file /home/airflow/.local/lib/python3.12/site-packages/airflow/example_dags/example_external_task_marker_dag.py for tasks to queue
[2024-09-28T20:07:40.742+0000] {logging_mixin.py:190} INFO - [2024-09-28T20:07:40.742+0000] {dagbag.py:588} INFO - Filling up the DagBag from /home/airflow/.local/lib/python3.12/site-packages/airflow/example_dags/example_external_task_marker_dag.py
[2024-09-28T20:07:40.750+0000] {processor.py:925} INFO - DAG(s) 'example_external_task_marker_child', 'example_external_task_marker_parent' retrieved from /home/airflow/.local/lib/python3.12/site-packages/airflow/example_dags/example_external_task_marker_dag.py
[2024-09-28T20:07:40.765+0000] {logging_mixin.py:190} INFO - [2024-09-28T20:07:40.765+0000] {dag.py:3239} INFO - Sync 2 DAGs
[2024-09-28T20:07:40.776+0000] {logging_mixin.py:190} INFO - [2024-09-28T20:07:40.775+0000] {dag.py:4180} INFO - Setting next_dagrun for example_external_task_marker_child to None, run_after=None
[2024-09-28T20:07:40.779+0000] {logging_mixin.py:190} INFO - [2024-09-28T20:07:40.779+0000] {dag.py:4180} INFO - Setting next_dagrun for example_external_task_marker_parent to None, run_after=None
[2024-09-28T20:07:40.792+0000] {processor.py:208} INFO - Processing /home/airflow/.local/lib/python3.12/site-packages/airflow/example_dags/example_external_task_marker_dag.py took 0.067 seconds
[2024-09-28T20:08:11.131+0000] {processor.py:186} INFO - Started process (PID=458) to work on /home/airflow/.local/lib/python3.12/site-packages/airflow/example_dags/example_external_task_marker_dag.py
[2024-09-28T20:08:11.132+0000] {processor.py:914} INFO - Processing file /home/airflow/.local/lib/python3.12/site-packages/airflow/example_dags/example_external_task_marker_dag.py for tasks to queue
[2024-09-28T20:08:11.134+0000] {logging_mixin.py:190} INFO - [2024-09-28T20:08:11.134+0000] {dagbag.py:588} INFO - Filling up the DagBag from /home/airflow/.local/lib/python3.12/site-packages/airflow/example_dags/example_external_task_marker_dag.py
[2024-09-28T20:08:11.139+0000] {processor.py:925} INFO - DAG(s) 'example_external_task_marker_child', 'example_external_task_marker_parent' retrieved from /home/airflow/.local/lib/python3.12/site-packages/airflow/example_dags/example_external_task_marker_dag.py
[2024-09-28T20:08:11.154+0000] {logging_mixin.py:190} INFO - [2024-09-28T20:08:11.154+0000] {dag.py:3239} INFO - Sync 2 DAGs
[2024-09-28T20:08:11.163+0000] {logging_mixin.py:190} INFO - [2024-09-28T20:08:11.163+0000] {dag.py:4180} INFO - Setting next_dagrun for example_external_task_marker_child to None, run_after=None
[2024-09-28T20:08:11.166+0000] {logging_mixin.py:190} INFO - [2024-09-28T20:08:11.166+0000] {dag.py:4180} INFO - Setting next_dagrun for example_external_task_marker_parent to None, run_after=None
[2024-09-28T20:08:11.177+0000] {processor.py:208} INFO - Processing /home/airflow/.local/lib/python3.12/site-packages/airflow/example_dags/example_external_task_marker_dag.py took 0.050 seconds
[2024-09-28T20:08:41.668+0000] {processor.py:186} INFO - Started process (PID=523) to work on /home/airflow/.local/lib/python3.12/site-packages/airflow/example_dags/example_external_task_marker_dag.py
[2024-09-28T20:08:41.675+0000] {processor.py:914} INFO - Processing file /home/airflow/.local/lib/python3.12/site-packages/airflow/example_dags/example_external_task_marker_dag.py for tasks to queue
[2024-09-28T20:08:41.678+0000] {logging_mixin.py:190} INFO - [2024-09-28T20:08:41.678+0000] {dagbag.py:588} INFO - Filling up the DagBag from /home/airflow/.local/lib/python3.12/site-packages/airflow/example_dags/example_external_task_marker_dag.py
[2024-09-28T20:08:41.683+0000] {processor.py:925} INFO - DAG(s) 'example_external_task_marker_parent', 'example_external_task_marker_child' retrieved from /home/airflow/.local/lib/python3.12/site-packages/airflow/example_dags/example_external_task_marker_dag.py
[2024-09-28T20:08:41.704+0000] {logging_mixin.py:190} INFO - [2024-09-28T20:08:41.704+0000] {dag.py:3239} INFO - Sync 2 DAGs
[2024-09-28T20:08:41.714+0000] {logging_mixin.py:190} INFO - [2024-09-28T20:08:41.714+0000] {dag.py:4180} INFO - Setting next_dagrun for example_external_task_marker_child to None, run_after=None
[2024-09-28T20:08:41.717+0000] {logging_mixin.py:190} INFO - [2024-09-28T20:08:41.716+0000] {dag.py:4180} INFO - Setting next_dagrun for example_external_task_marker_parent to None, run_after=None
[2024-09-28T20:08:41.729+0000] {processor.py:208} INFO - Processing /home/airflow/.local/lib/python3.12/site-packages/airflow/example_dags/example_external_task_marker_dag.py took 0.065 seconds
[2024-09-28T20:09:11.889+0000] {processor.py:186} INFO - Started process (PID=588) to work on /home/airflow/.local/lib/python3.12/site-packages/airflow/example_dags/example_external_task_marker_dag.py
[2024-09-28T20:09:11.890+0000] {processor.py:914} INFO - Processing file /home/airflow/.local/lib/python3.12/site-packages/airflow/example_dags/example_external_task_marker_dag.py for tasks to queue
[2024-09-28T20:09:11.892+0000] {logging_mixin.py:190} INFO - [2024-09-28T20:09:11.892+0000] {dagbag.py:588} INFO - Filling up the DagBag from /home/airflow/.local/lib/python3.12/site-packages/airflow/example_dags/example_external_task_marker_dag.py
[2024-09-28T20:09:11.898+0000] {processor.py:925} INFO - DAG(s) 'example_external_task_marker_child', 'example_external_task_marker_parent' retrieved from /home/airflow/.local/lib/python3.12/site-packages/airflow/example_dags/example_external_task_marker_dag.py
[2024-09-28T20:09:11.918+0000] {logging_mixin.py:190} INFO - [2024-09-28T20:09:11.918+0000] {dag.py:3239} INFO - Sync 2 DAGs
[2024-09-28T20:09:11.928+0000] {logging_mixin.py:190} INFO - [2024-09-28T20:09:11.928+0000] {dag.py:4180} INFO - Setting next_dagrun for example_external_task_marker_child to None, run_after=None
[2024-09-28T20:09:11.932+0000] {logging_mixin.py:190} INFO - [2024-09-28T20:09:11.931+0000] {dag.py:4180} INFO - Setting next_dagrun for example_external_task_marker_parent to None, run_after=None
[2024-09-28T20:09:11.944+0000] {processor.py:208} INFO - Processing /home/airflow/.local/lib/python3.12/site-packages/airflow/example_dags/example_external_task_marker_dag.py took 0.058 seconds
[2024-09-28T20:09:42.409+0000] {processor.py:186} INFO - Started process (PID=653) to work on /home/airflow/.local/lib/python3.12/site-packages/airflow/example_dags/example_external_task_marker_dag.py
[2024-09-28T20:09:42.410+0000] {processor.py:914} INFO - Processing file /home/airflow/.local/lib/python3.12/site-packages/airflow/example_dags/example_external_task_marker_dag.py for tasks to queue
[2024-09-28T20:09:42.412+0000] {logging_mixin.py:190} INFO - [2024-09-28T20:09:42.412+0000] {dagbag.py:588} INFO - Filling up the DagBag from /home/airflow/.local/lib/python3.12/site-packages/airflow/example_dags/example_external_task_marker_dag.py
[2024-09-28T20:09:42.417+0000] {processor.py:925} INFO - DAG(s) 'example_external_task_marker_child', 'example_external_task_marker_parent' retrieved from /home/airflow/.local/lib/python3.12/site-packages/airflow/example_dags/example_external_task_marker_dag.py
[2024-09-28T20:09:42.434+0000] {logging_mixin.py:190} INFO - [2024-09-28T20:09:42.433+0000] {dag.py:3239} INFO - Sync 2 DAGs
[2024-09-28T20:09:42.443+0000] {logging_mixin.py:190} INFO - [2024-09-28T20:09:42.443+0000] {dag.py:4180} INFO - Setting next_dagrun for example_external_task_marker_child to None, run_after=None
[2024-09-28T20:09:42.446+0000] {logging_mixin.py:190} INFO - [2024-09-28T20:09:42.446+0000] {dag.py:4180} INFO - Setting next_dagrun for example_external_task_marker_parent to None, run_after=None
[2024-09-28T20:09:42.458+0000] {processor.py:208} INFO - Processing /home/airflow/.local/lib/python3.12/site-packages/airflow/example_dags/example_external_task_marker_dag.py took 0.052 seconds
[2024-09-28T20:10:12.729+0000] {processor.py:186} INFO - Started process (PID=720) to work on /home/airflow/.local/lib/python3.12/site-packages/airflow/example_dags/example_external_task_marker_dag.py
[2024-09-28T20:10:12.730+0000] {processor.py:914} INFO - Processing file /home/airflow/.local/lib/python3.12/site-packages/airflow/example_dags/example_external_task_marker_dag.py for tasks to queue
[2024-09-28T20:10:12.732+0000] {logging_mixin.py:190} INFO - [2024-09-28T20:10:12.732+0000] {dagbag.py:588} INFO - Filling up the DagBag from /home/airflow/.local/lib/python3.12/site-packages/airflow/example_dags/example_external_task_marker_dag.py
[2024-09-28T20:10:12.737+0000] {processor.py:925} INFO - DAG(s) 'example_external_task_marker_child', 'example_external_task_marker_parent' retrieved from /home/airflow/.local/lib/python3.12/site-packages/airflow/example_dags/example_external_task_marker_dag.py
[2024-09-28T20:10:12.751+0000] {logging_mixin.py:190} INFO - [2024-09-28T20:10:12.751+0000] {dag.py:3239} INFO - Sync 2 DAGs
[2024-09-28T20:10:12.762+0000] {logging_mixin.py:190} INFO - [2024-09-28T20:10:12.761+0000] {dag.py:4180} INFO - Setting next_dagrun for example_external_task_marker_child to None, run_after=None
[2024-09-28T20:10:12.764+0000] {logging_mixin.py:190} INFO - [2024-09-28T20:10:12.764+0000] {dag.py:4180} INFO - Setting next_dagrun for example_external_task_marker_parent to None, run_after=None
[2024-09-28T20:10:12.776+0000] {processor.py:208} INFO - Processing /home/airflow/.local/lib/python3.12/site-packages/airflow/example_dags/example_external_task_marker_dag.py took 0.050 seconds
[2024-09-28T20:10:43.043+0000] {processor.py:186} INFO - Started process (PID=786) to work on /home/airflow/.local/lib/python3.12/site-packages/airflow/example_dags/example_external_task_marker_dag.py
[2024-09-28T20:10:43.044+0000] {processor.py:914} INFO - Processing file /home/airflow/.local/lib/python3.12/site-packages/airflow/example_dags/example_external_task_marker_dag.py for tasks to queue
[2024-09-28T20:10:43.046+0000] {logging_mixin.py:190} INFO - [2024-09-28T20:10:43.046+0000] {dagbag.py:588} INFO - Filling up the DagBag from /home/airflow/.local/lib/python3.12/site-packages/airflow/example_dags/example_external_task_marker_dag.py
[2024-09-28T20:10:43.052+0000] {processor.py:925} INFO - DAG(s) 'example_external_task_marker_parent', 'example_external_task_marker_child' retrieved from /home/airflow/.local/lib/python3.12/site-packages/airflow/example_dags/example_external_task_marker_dag.py
[2024-09-28T20:10:43.075+0000] {logging_mixin.py:190} INFO - [2024-09-28T20:10:43.074+0000] {dag.py:3239} INFO - Sync 2 DAGs
[2024-09-28T20:10:43.088+0000] {logging_mixin.py:190} INFO - [2024-09-28T20:10:43.087+0000] {dag.py:4180} INFO - Setting next_dagrun for example_external_task_marker_child to None, run_after=None
[2024-09-28T20:10:43.091+0000] {logging_mixin.py:190} INFO - [2024-09-28T20:10:43.091+0000] {dag.py:4180} INFO - Setting next_dagrun for example_external_task_marker_parent to None, run_after=None
[2024-09-28T20:10:43.106+0000] {processor.py:208} INFO - Processing /home/airflow/.local/lib/python3.12/site-packages/airflow/example_dags/example_external_task_marker_dag.py took 0.067 seconds
[2024-09-28T20:11:13.278+0000] {processor.py:186} INFO - Started process (PID=856) to work on /home/airflow/.local/lib/python3.12/site-packages/airflow/example_dags/example_external_task_marker_dag.py
[2024-09-28T20:11:13.279+0000] {processor.py:914} INFO - Processing file /home/airflow/.local/lib/python3.12/site-packages/airflow/example_dags/example_external_task_marker_dag.py for tasks to queue
[2024-09-28T20:11:13.282+0000] {logging_mixin.py:190} INFO - [2024-09-28T20:11:13.281+0000] {dagbag.py:588} INFO - Filling up the DagBag from /home/airflow/.local/lib/python3.12/site-packages/airflow/example_dags/example_external_task_marker_dag.py
[2024-09-28T20:11:13.291+0000] {processor.py:925} INFO - DAG(s) 'example_external_task_marker_parent', 'example_external_task_marker_child' retrieved from /home/airflow/.local/lib/python3.12/site-packages/airflow/example_dags/example_external_task_marker_dag.py
[2024-09-28T20:11:13.313+0000] {logging_mixin.py:190} INFO - [2024-09-28T20:11:13.313+0000] {dag.py:3239} INFO - Sync 2 DAGs
[2024-09-28T20:11:13.329+0000] {logging_mixin.py:190} INFO - [2024-09-28T20:11:13.329+0000] {dag.py:4180} INFO - Setting next_dagrun for example_external_task_marker_child to None, run_after=None
[2024-09-28T20:11:13.335+0000] {logging_mixin.py:190} INFO - [2024-09-28T20:11:13.335+0000] {dag.py:4180} INFO - Setting next_dagrun for example_external_task_marker_parent to None, run_after=None
[2024-09-28T20:11:13.358+0000] {processor.py:208} INFO - Processing /home/airflow/.local/lib/python3.12/site-packages/airflow/example_dags/example_external_task_marker_dag.py took 0.085 seconds
[2024-09-28T20:11:43.705+0000] {processor.py:186} INFO - Started process (PID=922) to work on /home/airflow/.local/lib/python3.12/site-packages/airflow/example_dags/example_external_task_marker_dag.py
[2024-09-28T20:11:43.706+0000] {processor.py:914} INFO - Processing file /home/airflow/.local/lib/python3.12/site-packages/airflow/example_dags/example_external_task_marker_dag.py for tasks to queue
[2024-09-28T20:11:43.707+0000] {logging_mixin.py:190} INFO - [2024-09-28T20:11:43.707+0000] {dagbag.py:588} INFO - Filling up the DagBag from /home/airflow/.local/lib/python3.12/site-packages/airflow/example_dags/example_external_task_marker_dag.py
[2024-09-28T20:11:43.713+0000] {processor.py:925} INFO - DAG(s) 'example_external_task_marker_child', 'example_external_task_marker_parent' retrieved from /home/airflow/.local/lib/python3.12/site-packages/airflow/example_dags/example_external_task_marker_dag.py
[2024-09-28T20:11:43.728+0000] {logging_mixin.py:190} INFO - [2024-09-28T20:11:43.728+0000] {dag.py:3239} INFO - Sync 2 DAGs
[2024-09-28T20:11:43.737+0000] {logging_mixin.py:190} INFO - [2024-09-28T20:11:43.737+0000] {dag.py:4180} INFO - Setting next_dagrun for example_external_task_marker_child to None, run_after=None
[2024-09-28T20:11:43.739+0000] {logging_mixin.py:190} INFO - [2024-09-28T20:11:43.739+0000] {dag.py:4180} INFO - Setting next_dagrun for example_external_task_marker_parent to None, run_after=None
[2024-09-28T20:11:43.751+0000] {processor.py:208} INFO - Processing /home/airflow/.local/lib/python3.12/site-packages/airflow/example_dags/example_external_task_marker_dag.py took 0.050 seconds
[2024-09-28T20:12:13.967+0000] {processor.py:186} INFO - Started process (PID=988) to work on /home/airflow/.local/lib/python3.12/site-packages/airflow/example_dags/example_external_task_marker_dag.py
[2024-09-28T20:12:13.968+0000] {processor.py:914} INFO - Processing file /home/airflow/.local/lib/python3.12/site-packages/airflow/example_dags/example_external_task_marker_dag.py for tasks to queue
[2024-09-28T20:12:13.970+0000] {logging_mixin.py:190} INFO - [2024-09-28T20:12:13.969+0000] {dagbag.py:588} INFO - Filling up the DagBag from /home/airflow/.local/lib/python3.12/site-packages/airflow/example_dags/example_external_task_marker_dag.py
[2024-09-28T20:12:13.975+0000] {processor.py:925} INFO - DAG(s) 'example_external_task_marker_child', 'example_external_task_marker_parent' retrieved from /home/airflow/.local/lib/python3.12/site-packages/airflow/example_dags/example_external_task_marker_dag.py
[2024-09-28T20:12:13.990+0000] {logging_mixin.py:190} INFO - [2024-09-28T20:12:13.989+0000] {dag.py:3239} INFO - Sync 2 DAGs
[2024-09-28T20:12:14.000+0000] {logging_mixin.py:190} INFO - [2024-09-28T20:12:14.000+0000] {dag.py:4180} INFO - Setting next_dagrun for example_external_task_marker_child to None, run_after=None
[2024-09-28T20:12:14.003+0000] {logging_mixin.py:190} INFO - [2024-09-28T20:12:14.003+0000] {dag.py:4180} INFO - Setting next_dagrun for example_external_task_marker_parent to None, run_after=None
[2024-09-28T20:12:14.014+0000] {processor.py:208} INFO - Processing /home/airflow/.local/lib/python3.12/site-packages/airflow/example_dags/example_external_task_marker_dag.py took 0.052 seconds
[2024-09-28T20:12:44.221+0000] {processor.py:186} INFO - Started process (PID=1054) to work on /home/airflow/.local/lib/python3.12/site-packages/airflow/example_dags/example_external_task_marker_dag.py
[2024-09-28T20:12:44.222+0000] {processor.py:914} INFO - Processing file /home/airflow/.local/lib/python3.12/site-packages/airflow/example_dags/example_external_task_marker_dag.py for tasks to queue
[2024-09-28T20:12:44.224+0000] {logging_mixin.py:190} INFO - [2024-09-28T20:12:44.223+0000] {dagbag.py:588} INFO - Filling up the DagBag from /home/airflow/.local/lib/python3.12/site-packages/airflow/example_dags/example_external_task_marker_dag.py
[2024-09-28T20:12:44.229+0000] {processor.py:925} INFO - DAG(s) 'example_external_task_marker_child', 'example_external_task_marker_parent' retrieved from /home/airflow/.local/lib/python3.12/site-packages/airflow/example_dags/example_external_task_marker_dag.py
[2024-09-28T20:12:44.245+0000] {logging_mixin.py:190} INFO - [2024-09-28T20:12:44.245+0000] {dag.py:3239} INFO - Sync 2 DAGs
[2024-09-28T20:12:44.257+0000] {logging_mixin.py:190} INFO - [2024-09-28T20:12:44.257+0000] {dag.py:4180} INFO - Setting next_dagrun for example_external_task_marker_child to None, run_after=None
[2024-09-28T20:12:44.260+0000] {logging_mixin.py:190} INFO - [2024-09-28T20:12:44.260+0000] {dag.py:4180} INFO - Setting next_dagrun for example_external_task_marker_parent to None, run_after=None
[2024-09-28T20:12:44.270+0000] {processor.py:208} INFO - Processing /home/airflow/.local/lib/python3.12/site-packages/airflow/example_dags/example_external_task_marker_dag.py took 0.054 seconds
[2024-09-28T20:13:14.375+0000] {processor.py:186} INFO - Started process (PID=1120) to work on /home/airflow/.local/lib/python3.12/site-packages/airflow/example_dags/example_external_task_marker_dag.py
[2024-09-28T20:13:14.375+0000] {processor.py:914} INFO - Processing file /home/airflow/.local/lib/python3.12/site-packages/airflow/example_dags/example_external_task_marker_dag.py for tasks to queue
[2024-09-28T20:13:14.377+0000] {logging_mixin.py:190} INFO - [2024-09-28T20:13:14.377+0000] {dagbag.py:588} INFO - Filling up the DagBag from /home/airflow/.local/lib/python3.12/site-packages/airflow/example_dags/example_external_task_marker_dag.py
[2024-09-28T20:13:14.382+0000] {processor.py:925} INFO - DAG(s) 'example_external_task_marker_child', 'example_external_task_marker_parent' retrieved from /home/airflow/.local/lib/python3.12/site-packages/airflow/example_dags/example_external_task_marker_dag.py
[2024-09-28T20:13:14.397+0000] {logging_mixin.py:190} INFO - [2024-09-28T20:13:14.397+0000] {dag.py:3239} INFO - Sync 2 DAGs
[2024-09-28T20:13:14.408+0000] {logging_mixin.py:190} INFO - [2024-09-28T20:13:14.408+0000] {dag.py:4180} INFO - Setting next_dagrun for example_external_task_marker_child to None, run_after=None
[2024-09-28T20:13:14.411+0000] {logging_mixin.py:190} INFO - [2024-09-28T20:13:14.411+0000] {dag.py:4180} INFO - Setting next_dagrun for example_external_task_marker_parent to None, run_after=None
[2024-09-28T20:13:14.421+0000] {processor.py:208} INFO - Processing /home/airflow/.local/lib/python3.12/site-packages/airflow/example_dags/example_external_task_marker_dag.py took 0.050 seconds
[2024-09-28T20:13:44.655+0000] {processor.py:186} INFO - Started process (PID=1185) to work on /home/airflow/.local/lib/python3.12/site-packages/airflow/example_dags/example_external_task_marker_dag.py
[2024-09-28T20:13:44.656+0000] {processor.py:914} INFO - Processing file /home/airflow/.local/lib/python3.12/site-packages/airflow/example_dags/example_external_task_marker_dag.py for tasks to queue
[2024-09-28T20:13:44.657+0000] {logging_mixin.py:190} INFO - [2024-09-28T20:13:44.657+0000] {dagbag.py:588} INFO - Filling up the DagBag from /home/airflow/.local/lib/python3.12/site-packages/airflow/example_dags/example_external_task_marker_dag.py
[2024-09-28T20:13:44.662+0000] {processor.py:925} INFO - DAG(s) 'example_external_task_marker_parent', 'example_external_task_marker_child' retrieved from /home/airflow/.local/lib/python3.12/site-packages/airflow/example_dags/example_external_task_marker_dag.py
[2024-09-28T20:13:44.678+0000] {logging_mixin.py:190} INFO - [2024-09-28T20:13:44.678+0000] {dag.py:3239} INFO - Sync 2 DAGs
[2024-09-28T20:13:44.688+0000] {logging_mixin.py:190} INFO - [2024-09-28T20:13:44.687+0000] {dag.py:4180} INFO - Setting next_dagrun for example_external_task_marker_child to None, run_after=None
[2024-09-28T20:13:44.690+0000] {logging_mixin.py:190} INFO - [2024-09-28T20:13:44.690+0000] {dag.py:4180} INFO - Setting next_dagrun for example_external_task_marker_parent to None, run_after=None
[2024-09-28T20:13:44.701+0000] {processor.py:208} INFO - Processing /home/airflow/.local/lib/python3.12/site-packages/airflow/example_dags/example_external_task_marker_dag.py took 0.050 seconds
[2024-09-28T20:14:14.992+0000] {processor.py:186} INFO - Started process (PID=1251) to work on /home/airflow/.local/lib/python3.12/site-packages/airflow/example_dags/example_external_task_marker_dag.py
[2024-09-28T20:14:14.993+0000] {processor.py:914} INFO - Processing file /home/airflow/.local/lib/python3.12/site-packages/airflow/example_dags/example_external_task_marker_dag.py for tasks to queue
[2024-09-28T20:14:14.995+0000] {logging_mixin.py:190} INFO - [2024-09-28T20:14:14.994+0000] {dagbag.py:588} INFO - Filling up the DagBag from /home/airflow/.local/lib/python3.12/site-packages/airflow/example_dags/example_external_task_marker_dag.py
[2024-09-28T20:14:15.000+0000] {processor.py:925} INFO - DAG(s) 'example_external_task_marker_parent', 'example_external_task_marker_child' retrieved from /home/airflow/.local/lib/python3.12/site-packages/airflow/example_dags/example_external_task_marker_dag.py
[2024-09-28T20:14:15.016+0000] {logging_mixin.py:190} INFO - [2024-09-28T20:14:15.015+0000] {dag.py:3239} INFO - Sync 2 DAGs
[2024-09-28T20:14:15.025+0000] {logging_mixin.py:190} INFO - [2024-09-28T20:14:15.025+0000] {dag.py:4180} INFO - Setting next_dagrun for example_external_task_marker_child to None, run_after=None
[2024-09-28T20:14:15.029+0000] {logging_mixin.py:190} INFO - [2024-09-28T20:14:15.029+0000] {dag.py:4180} INFO - Setting next_dagrun for example_external_task_marker_parent to None, run_after=None
[2024-09-28T20:14:15.039+0000] {processor.py:208} INFO - Processing /home/airflow/.local/lib/python3.12/site-packages/airflow/example_dags/example_external_task_marker_dag.py took 0.050 seconds
[2024-09-28T20:14:45.359+0000] {processor.py:186} INFO - Started process (PID=1317) to work on /home/airflow/.local/lib/python3.12/site-packages/airflow/example_dags/example_external_task_marker_dag.py
[2024-09-28T20:14:45.360+0000] {processor.py:914} INFO - Processing file /home/airflow/.local/lib/python3.12/site-packages/airflow/example_dags/example_external_task_marker_dag.py for tasks to queue
[2024-09-28T20:14:45.361+0000] {logging_mixin.py:190} INFO - [2024-09-28T20:14:45.361+0000] {dagbag.py:588} INFO - Filling up the DagBag from /home/airflow/.local/lib/python3.12/site-packages/airflow/example_dags/example_external_task_marker_dag.py
[2024-09-28T20:14:45.367+0000] {processor.py:925} INFO - DAG(s) 'example_external_task_marker_parent', 'example_external_task_marker_child' retrieved from /home/airflow/.local/lib/python3.12/site-packages/airflow/example_dags/example_external_task_marker_dag.py
[2024-09-28T20:14:45.383+0000] {logging_mixin.py:190} INFO - [2024-09-28T20:14:45.383+0000] {dag.py:3239} INFO - Sync 2 DAGs
[2024-09-28T20:14:45.392+0000] {logging_mixin.py:190} INFO - [2024-09-28T20:14:45.392+0000] {dag.py:4180} INFO - Setting next_dagrun for example_external_task_marker_child to None, run_after=None
[2024-09-28T20:14:45.395+0000] {logging_mixin.py:190} INFO - [2024-09-28T20:14:45.395+0000] {dag.py:4180} INFO - Setting next_dagrun for example_external_task_marker_parent to None, run_after=None
[2024-09-28T20:14:45.405+0000] {processor.py:208} INFO - Processing /home/airflow/.local/lib/python3.12/site-packages/airflow/example_dags/example_external_task_marker_dag.py took 0.051 seconds
[2024-09-28T20:15:15.688+0000] {processor.py:186} INFO - Started process (PID=1383) to work on /home/airflow/.local/lib/python3.12/site-packages/airflow/example_dags/example_external_task_marker_dag.py
[2024-09-28T20:15:15.689+0000] {processor.py:914} INFO - Processing file /home/airflow/.local/lib/python3.12/site-packages/airflow/example_dags/example_external_task_marker_dag.py for tasks to queue
[2024-09-28T20:15:15.691+0000] {logging_mixin.py:190} INFO - [2024-09-28T20:15:15.690+0000] {dagbag.py:588} INFO - Filling up the DagBag from /home/airflow/.local/lib/python3.12/site-packages/airflow/example_dags/example_external_task_marker_dag.py
[2024-09-28T20:15:15.699+0000] {processor.py:925} INFO - DAG(s) 'example_external_task_marker_child', 'example_external_task_marker_parent' retrieved from /home/airflow/.local/lib/python3.12/site-packages/airflow/example_dags/example_external_task_marker_dag.py
[2024-09-28T20:15:15.714+0000] {logging_mixin.py:190} INFO - [2024-09-28T20:15:15.714+0000] {dag.py:3239} INFO - Sync 2 DAGs
[2024-09-28T20:15:15.724+0000] {logging_mixin.py:190} INFO - [2024-09-28T20:15:15.724+0000] {dag.py:4180} INFO - Setting next_dagrun for example_external_task_marker_child to None, run_after=None
[2024-09-28T20:15:15.727+0000] {logging_mixin.py:190} INFO - [2024-09-28T20:15:15.726+0000] {dag.py:4180} INFO - Setting next_dagrun for example_external_task_marker_parent to None, run_after=None
[2024-09-28T20:15:15.738+0000] {processor.py:208} INFO - Processing /home/airflow/.local/lib/python3.12/site-packages/airflow/example_dags/example_external_task_marker_dag.py took 0.054 seconds
[2024-09-28T20:15:46.222+0000] {processor.py:186} INFO - Started process (PID=1449) to work on /home/airflow/.local/lib/python3.12/site-packages/airflow/example_dags/example_external_task_marker_dag.py
[2024-09-28T20:15:46.223+0000] {processor.py:914} INFO - Processing file /home/airflow/.local/lib/python3.12/site-packages/airflow/example_dags/example_external_task_marker_dag.py for tasks to queue
[2024-09-28T20:15:46.226+0000] {logging_mixin.py:190} INFO - [2024-09-28T20:15:46.226+0000] {dagbag.py:588} INFO - Filling up the DagBag from /home/airflow/.local/lib/python3.12/site-packages/airflow/example_dags/example_external_task_marker_dag.py
[2024-09-28T20:15:46.235+0000] {processor.py:925} INFO - DAG(s) 'example_external_task_marker_child', 'example_external_task_marker_parent' retrieved from /home/airflow/.local/lib/python3.12/site-packages/airflow/example_dags/example_external_task_marker_dag.py
[2024-09-28T20:15:46.259+0000] {logging_mixin.py:190} INFO - [2024-09-28T20:15:46.258+0000] {dag.py:3239} INFO - Sync 2 DAGs
[2024-09-28T20:15:46.271+0000] {logging_mixin.py:190} INFO - [2024-09-28T20:15:46.271+0000] {dag.py:4180} INFO - Setting next_dagrun for example_external_task_marker_child to None, run_after=None
[2024-09-28T20:15:46.275+0000] {logging_mixin.py:190} INFO - [2024-09-28T20:15:46.275+0000] {dag.py:4180} INFO - Setting next_dagrun for example_external_task_marker_parent to None, run_after=None
[2024-09-28T20:15:46.291+0000] {processor.py:208} INFO - Processing /home/airflow/.local/lib/python3.12/site-packages/airflow/example_dags/example_external_task_marker_dag.py took 0.073 seconds
[2024-09-28T20:16:28.772+0000] {processor.py:186} INFO - Started process (PID=88) to work on /home/airflow/.local/lib/python3.12/site-packages/airflow/example_dags/example_external_task_marker_dag.py
[2024-09-28T20:16:28.773+0000] {processor.py:914} INFO - Processing file /home/airflow/.local/lib/python3.12/site-packages/airflow/example_dags/example_external_task_marker_dag.py for tasks to queue
[2024-09-28T20:16:28.774+0000] {logging_mixin.py:190} INFO - [2024-09-28T20:16:28.774+0000] {dagbag.py:588} INFO - Filling up the DagBag from /home/airflow/.local/lib/python3.12/site-packages/airflow/example_dags/example_external_task_marker_dag.py
[2024-09-28T20:16:28.780+0000] {processor.py:925} INFO - DAG(s) 'example_external_task_marker_parent', 'example_external_task_marker_child' retrieved from /home/airflow/.local/lib/python3.12/site-packages/airflow/example_dags/example_external_task_marker_dag.py
[2024-09-28T20:16:28.795+0000] {logging_mixin.py:190} INFO - [2024-09-28T20:16:28.795+0000] {dag.py:3239} INFO - Sync 2 DAGs
[2024-09-28T20:16:28.809+0000] {logging_mixin.py:190} INFO - [2024-09-28T20:16:28.808+0000] {dag.py:4180} INFO - Setting next_dagrun for example_external_task_marker_child to None, run_after=None
[2024-09-28T20:16:28.811+0000] {logging_mixin.py:190} INFO - [2024-09-28T20:16:28.811+0000] {dag.py:4180} INFO - Setting next_dagrun for example_external_task_marker_parent to None, run_after=None
[2024-09-28T20:16:28.822+0000] {processor.py:208} INFO - Processing /home/airflow/.local/lib/python3.12/site-packages/airflow/example_dags/example_external_task_marker_dag.py took 0.054 seconds
[2024-09-28T20:16:59.399+0000] {processor.py:186} INFO - Started process (PID=156) to work on /home/airflow/.local/lib/python3.12/site-packages/airflow/example_dags/example_external_task_marker_dag.py
[2024-09-28T20:16:59.399+0000] {processor.py:914} INFO - Processing file /home/airflow/.local/lib/python3.12/site-packages/airflow/example_dags/example_external_task_marker_dag.py for tasks to queue
[2024-09-28T20:16:59.401+0000] {logging_mixin.py:190} INFO - [2024-09-28T20:16:59.401+0000] {dagbag.py:588} INFO - Filling up the DagBag from /home/airflow/.local/lib/python3.12/site-packages/airflow/example_dags/example_external_task_marker_dag.py
[2024-09-28T20:16:59.407+0000] {processor.py:925} INFO - DAG(s) 'example_external_task_marker_child', 'example_external_task_marker_parent' retrieved from /home/airflow/.local/lib/python3.12/site-packages/airflow/example_dags/example_external_task_marker_dag.py
[2024-09-28T20:16:59.420+0000] {logging_mixin.py:190} INFO - [2024-09-28T20:16:59.420+0000] {dag.py:3239} INFO - Sync 2 DAGs
[2024-09-28T20:16:59.431+0000] {logging_mixin.py:190} INFO - [2024-09-28T20:16:59.430+0000] {dag.py:4180} INFO - Setting next_dagrun for example_external_task_marker_child to None, run_after=None
[2024-09-28T20:16:59.434+0000] {logging_mixin.py:190} INFO - [2024-09-28T20:16:59.434+0000] {dag.py:4180} INFO - Setting next_dagrun for example_external_task_marker_parent to None, run_after=None
[2024-09-28T20:16:59.445+0000] {processor.py:208} INFO - Processing /home/airflow/.local/lib/python3.12/site-packages/airflow/example_dags/example_external_task_marker_dag.py took 0.050 seconds
[2024-09-28T20:17:29.771+0000] {processor.py:186} INFO - Started process (PID=224) to work on /home/airflow/.local/lib/python3.12/site-packages/airflow/example_dags/example_external_task_marker_dag.py
[2024-09-28T20:17:29.772+0000] {processor.py:914} INFO - Processing file /home/airflow/.local/lib/python3.12/site-packages/airflow/example_dags/example_external_task_marker_dag.py for tasks to queue
[2024-09-28T20:17:29.774+0000] {logging_mixin.py:190} INFO - [2024-09-28T20:17:29.774+0000] {dagbag.py:588} INFO - Filling up the DagBag from /home/airflow/.local/lib/python3.12/site-packages/airflow/example_dags/example_external_task_marker_dag.py
[2024-09-28T20:17:29.780+0000] {processor.py:925} INFO - DAG(s) 'example_external_task_marker_child', 'example_external_task_marker_parent' retrieved from /home/airflow/.local/lib/python3.12/site-packages/airflow/example_dags/example_external_task_marker_dag.py
[2024-09-28T20:17:29.800+0000] {logging_mixin.py:190} INFO - [2024-09-28T20:17:29.800+0000] {dag.py:3239} INFO - Sync 2 DAGs
[2024-09-28T20:17:29.812+0000] {logging_mixin.py:190} INFO - [2024-09-28T20:17:29.812+0000] {dag.py:4180} INFO - Setting next_dagrun for example_external_task_marker_child to None, run_after=None
[2024-09-28T20:17:29.817+0000] {logging_mixin.py:190} INFO - [2024-09-28T20:17:29.817+0000] {dag.py:4180} INFO - Setting next_dagrun for example_external_task_marker_parent to None, run_after=None
[2024-09-28T20:17:29.834+0000] {processor.py:208} INFO - Processing /home/airflow/.local/lib/python3.12/site-packages/airflow/example_dags/example_external_task_marker_dag.py took 0.068 seconds
[2024-09-28T20:18:00.199+0000] {processor.py:186} INFO - Started process (PID=292) to work on /home/airflow/.local/lib/python3.12/site-packages/airflow/example_dags/example_external_task_marker_dag.py
[2024-09-28T20:18:00.200+0000] {processor.py:914} INFO - Processing file /home/airflow/.local/lib/python3.12/site-packages/airflow/example_dags/example_external_task_marker_dag.py for tasks to queue
[2024-09-28T20:18:00.202+0000] {logging_mixin.py:190} INFO - [2024-09-28T20:18:00.202+0000] {dagbag.py:588} INFO - Filling up the DagBag from /home/airflow/.local/lib/python3.12/site-packages/airflow/example_dags/example_external_task_marker_dag.py
[2024-09-28T20:18:00.207+0000] {processor.py:925} INFO - DAG(s) 'example_external_task_marker_child', 'example_external_task_marker_parent' retrieved from /home/airflow/.local/lib/python3.12/site-packages/airflow/example_dags/example_external_task_marker_dag.py
[2024-09-28T20:18:00.222+0000] {logging_mixin.py:190} INFO - [2024-09-28T20:18:00.222+0000] {dag.py:3239} INFO - Sync 2 DAGs
[2024-09-28T20:18:00.232+0000] {logging_mixin.py:190} INFO - [2024-09-28T20:18:00.232+0000] {dag.py:4180} INFO - Setting next_dagrun for example_external_task_marker_child to None, run_after=None
[2024-09-28T20:18:00.235+0000] {logging_mixin.py:190} INFO - [2024-09-28T20:18:00.235+0000] {dag.py:4180} INFO - Setting next_dagrun for example_external_task_marker_parent to None, run_after=None
[2024-09-28T20:18:00.247+0000] {processor.py:208} INFO - Processing /home/airflow/.local/lib/python3.12/site-packages/airflow/example_dags/example_external_task_marker_dag.py took 0.051 seconds
[2024-09-28T20:18:30.603+0000] {processor.py:186} INFO - Started process (PID=358) to work on /home/airflow/.local/lib/python3.12/site-packages/airflow/example_dags/example_external_task_marker_dag.py
[2024-09-28T20:18:30.603+0000] {processor.py:914} INFO - Processing file /home/airflow/.local/lib/python3.12/site-packages/airflow/example_dags/example_external_task_marker_dag.py for tasks to queue
[2024-09-28T20:18:30.604+0000] {logging_mixin.py:190} INFO - [2024-09-28T20:18:30.604+0000] {dagbag.py:588} INFO - Filling up the DagBag from /home/airflow/.local/lib/python3.12/site-packages/airflow/example_dags/example_external_task_marker_dag.py
[2024-09-28T20:18:30.610+0000] {processor.py:925} INFO - DAG(s) 'example_external_task_marker_child', 'example_external_task_marker_parent' retrieved from /home/airflow/.local/lib/python3.12/site-packages/airflow/example_dags/example_external_task_marker_dag.py
[2024-09-28T20:18:30.627+0000] {logging_mixin.py:190} INFO - [2024-09-28T20:18:30.627+0000] {dag.py:3239} INFO - Sync 2 DAGs
[2024-09-28T20:18:30.639+0000] {logging_mixin.py:190} INFO - [2024-09-28T20:18:30.639+0000] {dag.py:4180} INFO - Setting next_dagrun for example_external_task_marker_child to None, run_after=None
[2024-09-28T20:18:30.641+0000] {logging_mixin.py:190} INFO - [2024-09-28T20:18:30.641+0000] {dag.py:4180} INFO - Setting next_dagrun for example_external_task_marker_parent to None, run_after=None
[2024-09-28T20:18:30.652+0000] {processor.py:208} INFO - Processing /home/airflow/.local/lib/python3.12/site-packages/airflow/example_dags/example_external_task_marker_dag.py took 0.053 seconds
[2024-09-28T20:19:00.784+0000] {processor.py:186} INFO - Started process (PID=424) to work on /home/airflow/.local/lib/python3.12/site-packages/airflow/example_dags/example_external_task_marker_dag.py
[2024-09-28T20:19:00.785+0000] {processor.py:914} INFO - Processing file /home/airflow/.local/lib/python3.12/site-packages/airflow/example_dags/example_external_task_marker_dag.py for tasks to queue
[2024-09-28T20:19:00.786+0000] {logging_mixin.py:190} INFO - [2024-09-28T20:19:00.785+0000] {dagbag.py:588} INFO - Filling up the DagBag from /home/airflow/.local/lib/python3.12/site-packages/airflow/example_dags/example_external_task_marker_dag.py
[2024-09-28T20:19:00.791+0000] {processor.py:925} INFO - DAG(s) 'example_external_task_marker_parent', 'example_external_task_marker_child' retrieved from /home/airflow/.local/lib/python3.12/site-packages/airflow/example_dags/example_external_task_marker_dag.py
[2024-09-28T20:19:00.805+0000] {logging_mixin.py:190} INFO - [2024-09-28T20:19:00.805+0000] {dag.py:3239} INFO - Sync 2 DAGs
[2024-09-28T20:19:00.814+0000] {logging_mixin.py:190} INFO - [2024-09-28T20:19:00.814+0000] {dag.py:4180} INFO - Setting next_dagrun for example_external_task_marker_child to None, run_after=None
[2024-09-28T20:19:00.816+0000] {logging_mixin.py:190} INFO - [2024-09-28T20:19:00.816+0000] {dag.py:4180} INFO - Setting next_dagrun for example_external_task_marker_parent to None, run_after=None
[2024-09-28T20:19:00.827+0000] {processor.py:208} INFO - Processing /home/airflow/.local/lib/python3.12/site-packages/airflow/example_dags/example_external_task_marker_dag.py took 0.047 seconds
[2024-09-28T20:19:31.121+0000] {processor.py:186} INFO - Started process (PID=490) to work on /home/airflow/.local/lib/python3.12/site-packages/airflow/example_dags/example_external_task_marker_dag.py
[2024-09-28T20:19:31.122+0000] {processor.py:914} INFO - Processing file /home/airflow/.local/lib/python3.12/site-packages/airflow/example_dags/example_external_task_marker_dag.py for tasks to queue
[2024-09-28T20:19:31.123+0000] {logging_mixin.py:190} INFO - [2024-09-28T20:19:31.122+0000] {dagbag.py:588} INFO - Filling up the DagBag from /home/airflow/.local/lib/python3.12/site-packages/airflow/example_dags/example_external_task_marker_dag.py
[2024-09-28T20:19:31.128+0000] {processor.py:925} INFO - DAG(s) 'example_external_task_marker_parent', 'example_external_task_marker_child' retrieved from /home/airflow/.local/lib/python3.12/site-packages/airflow/example_dags/example_external_task_marker_dag.py
[2024-09-28T20:19:31.143+0000] {logging_mixin.py:190} INFO - [2024-09-28T20:19:31.142+0000] {dag.py:3239} INFO - Sync 2 DAGs
[2024-09-28T20:19:31.153+0000] {logging_mixin.py:190} INFO - [2024-09-28T20:19:31.153+0000] {dag.py:4180} INFO - Setting next_dagrun for example_external_task_marker_child to None, run_after=None
[2024-09-28T20:19:31.156+0000] {logging_mixin.py:190} INFO - [2024-09-28T20:19:31.156+0000] {dag.py:4180} INFO - Setting next_dagrun for example_external_task_marker_parent to None, run_after=None
[2024-09-28T20:19:31.166+0000] {processor.py:208} INFO - Processing /home/airflow/.local/lib/python3.12/site-packages/airflow/example_dags/example_external_task_marker_dag.py took 0.048 seconds
[2024-09-28T20:20:01.553+0000] {processor.py:186} INFO - Started process (PID=563) to work on /home/airflow/.local/lib/python3.12/site-packages/airflow/example_dags/example_external_task_marker_dag.py
[2024-09-28T20:20:01.554+0000] {processor.py:914} INFO - Processing file /home/airflow/.local/lib/python3.12/site-packages/airflow/example_dags/example_external_task_marker_dag.py for tasks to queue
[2024-09-28T20:20:01.555+0000] {logging_mixin.py:190} INFO - [2024-09-28T20:20:01.555+0000] {dagbag.py:588} INFO - Filling up the DagBag from /home/airflow/.local/lib/python3.12/site-packages/airflow/example_dags/example_external_task_marker_dag.py
[2024-09-28T20:20:01.560+0000] {processor.py:925} INFO - DAG(s) 'example_external_task_marker_child', 'example_external_task_marker_parent' retrieved from /home/airflow/.local/lib/python3.12/site-packages/airflow/example_dags/example_external_task_marker_dag.py
[2024-09-28T20:20:01.575+0000] {logging_mixin.py:190} INFO - [2024-09-28T20:20:01.575+0000] {dag.py:3239} INFO - Sync 2 DAGs
[2024-09-28T20:20:01.585+0000] {logging_mixin.py:190} INFO - [2024-09-28T20:20:01.585+0000] {dag.py:4180} INFO - Setting next_dagrun for example_external_task_marker_child to None, run_after=None
[2024-09-28T20:20:01.588+0000] {logging_mixin.py:190} INFO - [2024-09-28T20:20:01.588+0000] {dag.py:4180} INFO - Setting next_dagrun for example_external_task_marker_parent to None, run_after=None
[2024-09-28T20:20:01.601+0000] {processor.py:208} INFO - Processing /home/airflow/.local/lib/python3.12/site-packages/airflow/example_dags/example_external_task_marker_dag.py took 0.052 seconds
[2024-09-28T20:20:31.874+0000] {processor.py:186} INFO - Started process (PID=629) to work on /home/airflow/.local/lib/python3.12/site-packages/airflow/example_dags/example_external_task_marker_dag.py
[2024-09-28T20:20:31.875+0000] {processor.py:914} INFO - Processing file /home/airflow/.local/lib/python3.12/site-packages/airflow/example_dags/example_external_task_marker_dag.py for tasks to queue
[2024-09-28T20:20:31.876+0000] {logging_mixin.py:190} INFO - [2024-09-28T20:20:31.875+0000] {dagbag.py:588} INFO - Filling up the DagBag from /home/airflow/.local/lib/python3.12/site-packages/airflow/example_dags/example_external_task_marker_dag.py
[2024-09-28T20:20:31.881+0000] {processor.py:925} INFO - DAG(s) 'example_external_task_marker_child', 'example_external_task_marker_parent' retrieved from /home/airflow/.local/lib/python3.12/site-packages/airflow/example_dags/example_external_task_marker_dag.py
[2024-09-28T20:20:31.898+0000] {logging_mixin.py:190} INFO - [2024-09-28T20:20:31.897+0000] {dag.py:3239} INFO - Sync 2 DAGs
[2024-09-28T20:20:31.908+0000] {logging_mixin.py:190} INFO - [2024-09-28T20:20:31.908+0000] {dag.py:4180} INFO - Setting next_dagrun for example_external_task_marker_child to None, run_after=None
[2024-09-28T20:20:31.911+0000] {logging_mixin.py:190} INFO - [2024-09-28T20:20:31.911+0000] {dag.py:4180} INFO - Setting next_dagrun for example_external_task_marker_parent to None, run_after=None
[2024-09-28T20:20:31.922+0000] {processor.py:208} INFO - Processing /home/airflow/.local/lib/python3.12/site-packages/airflow/example_dags/example_external_task_marker_dag.py took 0.052 seconds
