[2024-09-28T19:52:48.997+0000] {processor.py:186} INFO - Started process (PID=79) to work on /home/airflow/.local/lib/python3.12/site-packages/airflow/example_dags/example_branch_operator.py
[2024-09-28T19:52:48.998+0000] {processor.py:914} INFO - Processing file /home/airflow/.local/lib/python3.12/site-packages/airflow/example_dags/example_branch_operator.py for tasks to queue
[2024-09-28T19:52:49.006+0000] {logging_mixin.py:190} INFO - [2024-09-28T19:52:49.006+0000] {dagbag.py:588} INFO - Filling up the DagBag from /home/airflow/.local/lib/python3.12/site-packages/airflow/example_dags/example_branch_operator.py
[2024-09-28T19:52:49.018+0000] {processor.py:925} INFO - DAG(s) 'example_branch_operator' retrieved from /home/airflow/.local/lib/python3.12/site-packages/airflow/example_dags/example_branch_operator.py
[2024-09-28T19:52:49.085+0000] {logging_mixin.py:190} INFO - [2024-09-28T19:52:49.085+0000] {override.py:1900} INFO - Created Permission View: can edit on DAG:example_branch_operator
[2024-09-28T19:52:49.092+0000] {logging_mixin.py:190} INFO - [2024-09-28T19:52:49.092+0000] {override.py:1900} INFO - Created Permission View: can delete on DAG:example_branch_operator
[2024-09-28T19:52:49.096+0000] {logging_mixin.py:190} INFO - [2024-09-28T19:52:49.095+0000] {override.py:1900} INFO - Created Permission View: can read on DAG:example_branch_operator
[2024-09-28T19:52:49.100+0000] {logging_mixin.py:190} INFO - [2024-09-28T19:52:49.100+0000] {override.py:1900} INFO - Created Permission View: can delete on DAG Run:example_branch_operator
[2024-09-28T19:52:49.105+0000] {logging_mixin.py:190} INFO - [2024-09-28T19:52:49.104+0000] {override.py:1900} INFO - Created Permission View: can read on DAG Run:example_branch_operator
[2024-09-28T19:52:49.111+0000] {logging_mixin.py:190} INFO - [2024-09-28T19:52:49.111+0000] {override.py:1900} INFO - Created Permission View: can create on DAG Run:example_branch_operator
[2024-09-28T19:52:49.116+0000] {logging_mixin.py:190} INFO - [2024-09-28T19:52:49.116+0000] {override.py:1900} INFO - Created Permission View: menu access on DAG Run:example_branch_operator
[2024-09-28T19:52:49.116+0000] {logging_mixin.py:190} INFO - [2024-09-28T19:52:49.116+0000] {dag.py:3239} INFO - Sync 1 DAGs
[2024-09-28T19:52:49.125+0000] {logging_mixin.py:190} INFO - [2024-09-28T19:52:49.125+0000] {dag.py:3262} INFO - Creating ORM DAG for example_branch_operator
[2024-09-28T19:52:49.133+0000] {logging_mixin.py:190} INFO - [2024-09-28T19:52:49.133+0000] {dag.py:4180} INFO - Setting next_dagrun for example_branch_operator to 2024-09-27 00:00:00+00:00, run_after=2024-09-28 00:00:00+00:00
[2024-09-28T19:52:49.148+0000] {processor.py:208} INFO - Processing /home/airflow/.local/lib/python3.12/site-packages/airflow/example_dags/example_branch_operator.py took 0.154 seconds
[2024-09-28T19:53:19.829+0000] {processor.py:186} INFO - Started process (PID=145) to work on /home/airflow/.local/lib/python3.12/site-packages/airflow/example_dags/example_branch_operator.py
[2024-09-28T19:53:19.831+0000] {processor.py:914} INFO - Processing file /home/airflow/.local/lib/python3.12/site-packages/airflow/example_dags/example_branch_operator.py for tasks to queue
[2024-09-28T19:53:19.833+0000] {logging_mixin.py:190} INFO - [2024-09-28T19:53:19.833+0000] {dagbag.py:588} INFO - Filling up the DagBag from /home/airflow/.local/lib/python3.12/site-packages/airflow/example_dags/example_branch_operator.py
[2024-09-28T19:53:19.843+0000] {processor.py:925} INFO - DAG(s) 'example_branch_operator' retrieved from /home/airflow/.local/lib/python3.12/site-packages/airflow/example_dags/example_branch_operator.py
[2024-09-28T19:53:19.862+0000] {logging_mixin.py:190} INFO - [2024-09-28T19:53:19.862+0000] {dag.py:3239} INFO - Sync 1 DAGs
[2024-09-28T19:53:19.876+0000] {logging_mixin.py:190} INFO - [2024-09-28T19:53:19.876+0000] {dag.py:4180} INFO - Setting next_dagrun for example_branch_operator to 2024-09-27 00:00:00+00:00, run_after=2024-09-28 00:00:00+00:00
[2024-09-28T19:53:19.891+0000] {processor.py:208} INFO - Processing /home/airflow/.local/lib/python3.12/site-packages/airflow/example_dags/example_branch_operator.py took 0.065 seconds
[2024-09-28T19:53:50.554+0000] {processor.py:186} INFO - Started process (PID=209) to work on /home/airflow/.local/lib/python3.12/site-packages/airflow/example_dags/example_branch_operator.py
[2024-09-28T19:53:50.555+0000] {processor.py:914} INFO - Processing file /home/airflow/.local/lib/python3.12/site-packages/airflow/example_dags/example_branch_operator.py for tasks to queue
[2024-09-28T19:53:50.556+0000] {logging_mixin.py:190} INFO - [2024-09-28T19:53:50.556+0000] {dagbag.py:588} INFO - Filling up the DagBag from /home/airflow/.local/lib/python3.12/site-packages/airflow/example_dags/example_branch_operator.py
[2024-09-28T19:53:50.567+0000] {processor.py:925} INFO - DAG(s) 'example_branch_operator' retrieved from /home/airflow/.local/lib/python3.12/site-packages/airflow/example_dags/example_branch_operator.py
[2024-09-28T19:53:50.584+0000] {logging_mixin.py:190} INFO - [2024-09-28T19:53:50.584+0000] {dag.py:3239} INFO - Sync 1 DAGs
[2024-09-28T19:53:50.600+0000] {logging_mixin.py:190} INFO - [2024-09-28T19:53:50.599+0000] {dag.py:4180} INFO - Setting next_dagrun for example_branch_operator to 2024-09-27 00:00:00+00:00, run_after=2024-09-28 00:00:00+00:00
[2024-09-28T19:53:50.613+0000] {processor.py:208} INFO - Processing /home/airflow/.local/lib/python3.12/site-packages/airflow/example_dags/example_branch_operator.py took 0.063 seconds
[2024-09-28T19:54:20.828+0000] {processor.py:186} INFO - Started process (PID=274) to work on /home/airflow/.local/lib/python3.12/site-packages/airflow/example_dags/example_branch_operator.py
[2024-09-28T19:54:20.829+0000] {processor.py:914} INFO - Processing file /home/airflow/.local/lib/python3.12/site-packages/airflow/example_dags/example_branch_operator.py for tasks to queue
[2024-09-28T19:54:20.830+0000] {logging_mixin.py:190} INFO - [2024-09-28T19:54:20.830+0000] {dagbag.py:588} INFO - Filling up the DagBag from /home/airflow/.local/lib/python3.12/site-packages/airflow/example_dags/example_branch_operator.py
[2024-09-28T19:54:20.841+0000] {processor.py:925} INFO - DAG(s) 'example_branch_operator' retrieved from /home/airflow/.local/lib/python3.12/site-packages/airflow/example_dags/example_branch_operator.py
[2024-09-28T19:54:20.858+0000] {logging_mixin.py:190} INFO - [2024-09-28T19:54:20.858+0000] {dag.py:3239} INFO - Sync 1 DAGs
[2024-09-28T19:54:20.874+0000] {logging_mixin.py:190} INFO - [2024-09-28T19:54:20.874+0000] {dag.py:4180} INFO - Setting next_dagrun for example_branch_operator to 2024-09-27 00:00:00+00:00, run_after=2024-09-28 00:00:00+00:00
[2024-09-28T19:54:20.889+0000] {processor.py:208} INFO - Processing /home/airflow/.local/lib/python3.12/site-packages/airflow/example_dags/example_branch_operator.py took 0.065 seconds
[2024-09-28T19:54:51.087+0000] {processor.py:186} INFO - Started process (PID=339) to work on /home/airflow/.local/lib/python3.12/site-packages/airflow/example_dags/example_branch_operator.py
[2024-09-28T19:54:51.087+0000] {processor.py:914} INFO - Processing file /home/airflow/.local/lib/python3.12/site-packages/airflow/example_dags/example_branch_operator.py for tasks to queue
[2024-09-28T19:54:51.089+0000] {logging_mixin.py:190} INFO - [2024-09-28T19:54:51.089+0000] {dagbag.py:588} INFO - Filling up the DagBag from /home/airflow/.local/lib/python3.12/site-packages/airflow/example_dags/example_branch_operator.py
[2024-09-28T19:54:51.101+0000] {processor.py:925} INFO - DAG(s) 'example_branch_operator' retrieved from /home/airflow/.local/lib/python3.12/site-packages/airflow/example_dags/example_branch_operator.py
[2024-09-28T19:54:51.119+0000] {logging_mixin.py:190} INFO - [2024-09-28T19:54:51.118+0000] {dag.py:3239} INFO - Sync 1 DAGs
[2024-09-28T19:54:51.134+0000] {logging_mixin.py:190} INFO - [2024-09-28T19:54:51.134+0000] {dag.py:4180} INFO - Setting next_dagrun for example_branch_operator to 2024-09-27 00:00:00+00:00, run_after=2024-09-28 00:00:00+00:00
[2024-09-28T19:54:51.145+0000] {processor.py:208} INFO - Processing /home/airflow/.local/lib/python3.12/site-packages/airflow/example_dags/example_branch_operator.py took 0.062 seconds
[2024-09-28T19:55:21.532+0000] {processor.py:186} INFO - Started process (PID=404) to work on /home/airflow/.local/lib/python3.12/site-packages/airflow/example_dags/example_branch_operator.py
[2024-09-28T19:55:21.532+0000] {processor.py:914} INFO - Processing file /home/airflow/.local/lib/python3.12/site-packages/airflow/example_dags/example_branch_operator.py for tasks to queue
[2024-09-28T19:55:21.534+0000] {logging_mixin.py:190} INFO - [2024-09-28T19:55:21.534+0000] {dagbag.py:588} INFO - Filling up the DagBag from /home/airflow/.local/lib/python3.12/site-packages/airflow/example_dags/example_branch_operator.py
[2024-09-28T19:55:21.544+0000] {processor.py:925} INFO - DAG(s) 'example_branch_operator' retrieved from /home/airflow/.local/lib/python3.12/site-packages/airflow/example_dags/example_branch_operator.py
[2024-09-28T19:55:21.562+0000] {logging_mixin.py:190} INFO - [2024-09-28T19:55:21.562+0000] {dag.py:3239} INFO - Sync 1 DAGs
[2024-09-28T19:55:21.577+0000] {logging_mixin.py:190} INFO - [2024-09-28T19:55:21.577+0000] {dag.py:4180} INFO - Setting next_dagrun for example_branch_operator to 2024-09-27 00:00:00+00:00, run_after=2024-09-28 00:00:00+00:00
[2024-09-28T19:55:21.590+0000] {processor.py:208} INFO - Processing /home/airflow/.local/lib/python3.12/site-packages/airflow/example_dags/example_branch_operator.py took 0.062 seconds
[2024-09-28T19:55:51.757+0000] {processor.py:186} INFO - Started process (PID=470) to work on /home/airflow/.local/lib/python3.12/site-packages/airflow/example_dags/example_branch_operator.py
[2024-09-28T19:55:51.758+0000] {processor.py:914} INFO - Processing file /home/airflow/.local/lib/python3.12/site-packages/airflow/example_dags/example_branch_operator.py for tasks to queue
[2024-09-28T19:55:51.766+0000] {logging_mixin.py:190} INFO - [2024-09-28T19:55:51.766+0000] {dagbag.py:588} INFO - Filling up the DagBag from /home/airflow/.local/lib/python3.12/site-packages/airflow/example_dags/example_branch_operator.py
[2024-09-28T19:55:51.778+0000] {processor.py:925} INFO - DAG(s) 'example_branch_operator' retrieved from /home/airflow/.local/lib/python3.12/site-packages/airflow/example_dags/example_branch_operator.py
[2024-09-28T19:55:51.804+0000] {logging_mixin.py:190} INFO - [2024-09-28T19:55:51.804+0000] {dag.py:3239} INFO - Sync 1 DAGs
[2024-09-28T19:55:51.820+0000] {logging_mixin.py:190} INFO - [2024-09-28T19:55:51.820+0000] {dag.py:4180} INFO - Setting next_dagrun for example_branch_operator to 2024-09-27 00:00:00+00:00, run_after=2024-09-28 00:00:00+00:00
[2024-09-28T19:55:51.832+0000] {processor.py:208} INFO - Processing /home/airflow/.local/lib/python3.12/site-packages/airflow/example_dags/example_branch_operator.py took 0.078 seconds
[2024-09-28T19:56:22.473+0000] {processor.py:186} INFO - Started process (PID=535) to work on /home/airflow/.local/lib/python3.12/site-packages/airflow/example_dags/example_branch_operator.py
[2024-09-28T19:56:22.474+0000] {processor.py:914} INFO - Processing file /home/airflow/.local/lib/python3.12/site-packages/airflow/example_dags/example_branch_operator.py for tasks to queue
[2024-09-28T19:56:22.475+0000] {logging_mixin.py:190} INFO - [2024-09-28T19:56:22.475+0000] {dagbag.py:588} INFO - Filling up the DagBag from /home/airflow/.local/lib/python3.12/site-packages/airflow/example_dags/example_branch_operator.py
[2024-09-28T19:56:22.487+0000] {processor.py:925} INFO - DAG(s) 'example_branch_operator' retrieved from /home/airflow/.local/lib/python3.12/site-packages/airflow/example_dags/example_branch_operator.py
[2024-09-28T19:56:22.505+0000] {logging_mixin.py:190} INFO - [2024-09-28T19:56:22.504+0000] {dag.py:3239} INFO - Sync 1 DAGs
[2024-09-28T19:56:22.519+0000] {logging_mixin.py:190} INFO - [2024-09-28T19:56:22.519+0000] {dag.py:4180} INFO - Setting next_dagrun for example_branch_operator to 2024-09-27 00:00:00+00:00, run_after=2024-09-28 00:00:00+00:00
[2024-09-28T19:56:22.530+0000] {processor.py:208} INFO - Processing /home/airflow/.local/lib/python3.12/site-packages/airflow/example_dags/example_branch_operator.py took 0.061 seconds
[2024-09-28T19:56:52.666+0000] {processor.py:186} INFO - Started process (PID=600) to work on /home/airflow/.local/lib/python3.12/site-packages/airflow/example_dags/example_branch_operator.py
[2024-09-28T19:56:52.667+0000] {processor.py:914} INFO - Processing file /home/airflow/.local/lib/python3.12/site-packages/airflow/example_dags/example_branch_operator.py for tasks to queue
[2024-09-28T19:56:52.669+0000] {logging_mixin.py:190} INFO - [2024-09-28T19:56:52.668+0000] {dagbag.py:588} INFO - Filling up the DagBag from /home/airflow/.local/lib/python3.12/site-packages/airflow/example_dags/example_branch_operator.py
[2024-09-28T19:56:52.680+0000] {processor.py:925} INFO - DAG(s) 'example_branch_operator' retrieved from /home/airflow/.local/lib/python3.12/site-packages/airflow/example_dags/example_branch_operator.py
[2024-09-28T19:56:52.698+0000] {logging_mixin.py:190} INFO - [2024-09-28T19:56:52.697+0000] {dag.py:3239} INFO - Sync 1 DAGs
[2024-09-28T19:56:52.714+0000] {logging_mixin.py:190} INFO - [2024-09-28T19:56:52.714+0000] {dag.py:4180} INFO - Setting next_dagrun for example_branch_operator to 2024-09-27 00:00:00+00:00, run_after=2024-09-28 00:00:00+00:00
[2024-09-28T19:56:52.726+0000] {processor.py:208} INFO - Processing /home/airflow/.local/lib/python3.12/site-packages/airflow/example_dags/example_branch_operator.py took 0.064 seconds
[2024-09-28T19:57:22.959+0000] {processor.py:186} INFO - Started process (PID=665) to work on /home/airflow/.local/lib/python3.12/site-packages/airflow/example_dags/example_branch_operator.py
[2024-09-28T19:57:22.961+0000] {processor.py:914} INFO - Processing file /home/airflow/.local/lib/python3.12/site-packages/airflow/example_dags/example_branch_operator.py for tasks to queue
[2024-09-28T19:57:22.966+0000] {logging_mixin.py:190} INFO - [2024-09-28T19:57:22.964+0000] {dagbag.py:588} INFO - Filling up the DagBag from /home/airflow/.local/lib/python3.12/site-packages/airflow/example_dags/example_branch_operator.py
[2024-09-28T19:57:22.978+0000] {processor.py:925} INFO - DAG(s) 'example_branch_operator' retrieved from /home/airflow/.local/lib/python3.12/site-packages/airflow/example_dags/example_branch_operator.py
[2024-09-28T19:57:22.997+0000] {logging_mixin.py:190} INFO - [2024-09-28T19:57:22.997+0000] {dag.py:3239} INFO - Sync 1 DAGs
[2024-09-28T19:57:23.013+0000] {logging_mixin.py:190} INFO - [2024-09-28T19:57:23.013+0000] {dag.py:4180} INFO - Setting next_dagrun for example_branch_operator to 2024-09-27 00:00:00+00:00, run_after=2024-09-28 00:00:00+00:00
[2024-09-28T19:57:23.025+0000] {processor.py:208} INFO - Processing /home/airflow/.local/lib/python3.12/site-packages/airflow/example_dags/example_branch_operator.py took 0.070 seconds
[2024-09-28T19:57:53.474+0000] {processor.py:186} INFO - Started process (PID=730) to work on /home/airflow/.local/lib/python3.12/site-packages/airflow/example_dags/example_branch_operator.py
[2024-09-28T19:57:53.475+0000] {processor.py:914} INFO - Processing file /home/airflow/.local/lib/python3.12/site-packages/airflow/example_dags/example_branch_operator.py for tasks to queue
[2024-09-28T19:57:53.477+0000] {logging_mixin.py:190} INFO - [2024-09-28T19:57:53.477+0000] {dagbag.py:588} INFO - Filling up the DagBag from /home/airflow/.local/lib/python3.12/site-packages/airflow/example_dags/example_branch_operator.py
[2024-09-28T19:57:53.489+0000] {processor.py:925} INFO - DAG(s) 'example_branch_operator' retrieved from /home/airflow/.local/lib/python3.12/site-packages/airflow/example_dags/example_branch_operator.py
[2024-09-28T19:57:53.508+0000] {logging_mixin.py:190} INFO - [2024-09-28T19:57:53.508+0000] {dag.py:3239} INFO - Sync 1 DAGs
[2024-09-28T19:57:53.523+0000] {logging_mixin.py:190} INFO - [2024-09-28T19:57:53.523+0000] {dag.py:4180} INFO - Setting next_dagrun for example_branch_operator to 2024-09-27 00:00:00+00:00, run_after=2024-09-28 00:00:00+00:00
[2024-09-28T19:57:53.536+0000] {processor.py:208} INFO - Processing /home/airflow/.local/lib/python3.12/site-packages/airflow/example_dags/example_branch_operator.py took 0.065 seconds
[2024-09-28T19:58:24.045+0000] {processor.py:186} INFO - Started process (PID=795) to work on /home/airflow/.local/lib/python3.12/site-packages/airflow/example_dags/example_branch_operator.py
[2024-09-28T19:58:24.046+0000] {processor.py:914} INFO - Processing file /home/airflow/.local/lib/python3.12/site-packages/airflow/example_dags/example_branch_operator.py for tasks to queue
[2024-09-28T19:58:24.048+0000] {logging_mixin.py:190} INFO - [2024-09-28T19:58:24.047+0000] {dagbag.py:588} INFO - Filling up the DagBag from /home/airflow/.local/lib/python3.12/site-packages/airflow/example_dags/example_branch_operator.py
[2024-09-28T19:58:24.058+0000] {processor.py:925} INFO - DAG(s) 'example_branch_operator' retrieved from /home/airflow/.local/lib/python3.12/site-packages/airflow/example_dags/example_branch_operator.py
[2024-09-28T19:58:24.076+0000] {logging_mixin.py:190} INFO - [2024-09-28T19:58:24.075+0000] {dag.py:3239} INFO - Sync 1 DAGs
[2024-09-28T19:58:24.090+0000] {logging_mixin.py:190} INFO - [2024-09-28T19:58:24.090+0000] {dag.py:4180} INFO - Setting next_dagrun for example_branch_operator to 2024-09-27 00:00:00+00:00, run_after=2024-09-28 00:00:00+00:00
[2024-09-28T19:58:24.103+0000] {processor.py:208} INFO - Processing /home/airflow/.local/lib/python3.12/site-packages/airflow/example_dags/example_branch_operator.py took 0.062 seconds
[2024-09-28T19:58:54.284+0000] {processor.py:186} INFO - Started process (PID=860) to work on /home/airflow/.local/lib/python3.12/site-packages/airflow/example_dags/example_branch_operator.py
[2024-09-28T19:58:54.289+0000] {processor.py:914} INFO - Processing file /home/airflow/.local/lib/python3.12/site-packages/airflow/example_dags/example_branch_operator.py for tasks to queue
[2024-09-28T19:58:54.291+0000] {logging_mixin.py:190} INFO - [2024-09-28T19:58:54.291+0000] {dagbag.py:588} INFO - Filling up the DagBag from /home/airflow/.local/lib/python3.12/site-packages/airflow/example_dags/example_branch_operator.py
[2024-09-28T19:58:54.302+0000] {processor.py:925} INFO - DAG(s) 'example_branch_operator' retrieved from /home/airflow/.local/lib/python3.12/site-packages/airflow/example_dags/example_branch_operator.py
[2024-09-28T19:58:54.319+0000] {logging_mixin.py:190} INFO - [2024-09-28T19:58:54.319+0000] {dag.py:3239} INFO - Sync 1 DAGs
[2024-09-28T19:58:54.335+0000] {logging_mixin.py:190} INFO - [2024-09-28T19:58:54.335+0000] {dag.py:4180} INFO - Setting next_dagrun for example_branch_operator to 2024-09-27 00:00:00+00:00, run_after=2024-09-28 00:00:00+00:00
[2024-09-28T19:58:54.347+0000] {processor.py:208} INFO - Processing /home/airflow/.local/lib/python3.12/site-packages/airflow/example_dags/example_branch_operator.py took 0.067 seconds
[2024-09-28T19:59:24.739+0000] {processor.py:186} INFO - Started process (PID=925) to work on /home/airflow/.local/lib/python3.12/site-packages/airflow/example_dags/example_branch_operator.py
[2024-09-28T19:59:24.740+0000] {processor.py:914} INFO - Processing file /home/airflow/.local/lib/python3.12/site-packages/airflow/example_dags/example_branch_operator.py for tasks to queue
[2024-09-28T19:59:24.742+0000] {logging_mixin.py:190} INFO - [2024-09-28T19:59:24.741+0000] {dagbag.py:588} INFO - Filling up the DagBag from /home/airflow/.local/lib/python3.12/site-packages/airflow/example_dags/example_branch_operator.py
[2024-09-28T19:59:24.753+0000] {processor.py:925} INFO - DAG(s) 'example_branch_operator' retrieved from /home/airflow/.local/lib/python3.12/site-packages/airflow/example_dags/example_branch_operator.py
[2024-09-28T19:59:24.774+0000] {logging_mixin.py:190} INFO - [2024-09-28T19:59:24.774+0000] {dag.py:3239} INFO - Sync 1 DAGs
[2024-09-28T19:59:24.790+0000] {logging_mixin.py:190} INFO - [2024-09-28T19:59:24.790+0000] {dag.py:4180} INFO - Setting next_dagrun for example_branch_operator to 2024-09-27 00:00:00+00:00, run_after=2024-09-28 00:00:00+00:00
[2024-09-28T19:59:24.803+0000] {processor.py:208} INFO - Processing /home/airflow/.local/lib/python3.12/site-packages/airflow/example_dags/example_branch_operator.py took 0.068 seconds
[2024-09-28T19:59:55.058+0000] {processor.py:186} INFO - Started process (PID=990) to work on /home/airflow/.local/lib/python3.12/site-packages/airflow/example_dags/example_branch_operator.py
[2024-09-28T19:59:55.059+0000] {processor.py:914} INFO - Processing file /home/airflow/.local/lib/python3.12/site-packages/airflow/example_dags/example_branch_operator.py for tasks to queue
[2024-09-28T19:59:55.061+0000] {logging_mixin.py:190} INFO - [2024-09-28T19:59:55.061+0000] {dagbag.py:588} INFO - Filling up the DagBag from /home/airflow/.local/lib/python3.12/site-packages/airflow/example_dags/example_branch_operator.py
[2024-09-28T19:59:55.075+0000] {processor.py:925} INFO - DAG(s) 'example_branch_operator' retrieved from /home/airflow/.local/lib/python3.12/site-packages/airflow/example_dags/example_branch_operator.py
[2024-09-28T19:59:55.094+0000] {logging_mixin.py:190} INFO - [2024-09-28T19:59:55.094+0000] {dag.py:3239} INFO - Sync 1 DAGs
[2024-09-28T19:59:55.108+0000] {logging_mixin.py:190} INFO - [2024-09-28T19:59:55.108+0000] {dag.py:4180} INFO - Setting next_dagrun for example_branch_operator to 2024-09-27 00:00:00+00:00, run_after=2024-09-28 00:00:00+00:00
[2024-09-28T19:59:55.119+0000] {processor.py:208} INFO - Processing /home/airflow/.local/lib/python3.12/site-packages/airflow/example_dags/example_branch_operator.py took 0.065 seconds
[2024-09-28T20:05:08.743+0000] {processor.py:186} INFO - Started process (PID=79) to work on /home/airflow/.local/lib/python3.12/site-packages/airflow/example_dags/example_branch_operator.py
[2024-09-28T20:05:08.744+0000] {processor.py:914} INFO - Processing file /home/airflow/.local/lib/python3.12/site-packages/airflow/example_dags/example_branch_operator.py for tasks to queue
[2024-09-28T20:05:08.746+0000] {logging_mixin.py:190} INFO - [2024-09-28T20:05:08.746+0000] {dagbag.py:588} INFO - Filling up the DagBag from /home/airflow/.local/lib/python3.12/site-packages/airflow/example_dags/example_branch_operator.py
[2024-09-28T20:05:08.758+0000] {processor.py:925} INFO - DAG(s) 'example_branch_operator' retrieved from /home/airflow/.local/lib/python3.12/site-packages/airflow/example_dags/example_branch_operator.py
[2024-09-28T20:05:08.836+0000] {logging_mixin.py:190} INFO - [2024-09-28T20:05:08.836+0000] {dag.py:3239} INFO - Sync 1 DAGs
[2024-09-28T20:05:08.851+0000] {logging_mixin.py:190} INFO - [2024-09-28T20:05:08.851+0000] {dag.py:4180} INFO - Setting next_dagrun for example_branch_operator to 2024-09-27 00:00:00+00:00, run_after=2024-09-28 00:00:00+00:00
[2024-09-28T20:05:08.871+0000] {processor.py:208} INFO - Processing /home/airflow/.local/lib/python3.12/site-packages/airflow/example_dags/example_branch_operator.py took 0.131 seconds
[2024-09-28T20:05:39.254+0000] {processor.py:186} INFO - Started process (PID=144) to work on /home/airflow/.local/lib/python3.12/site-packages/airflow/example_dags/example_branch_operator.py
[2024-09-28T20:05:39.255+0000] {processor.py:914} INFO - Processing file /home/airflow/.local/lib/python3.12/site-packages/airflow/example_dags/example_branch_operator.py for tasks to queue
[2024-09-28T20:05:39.257+0000] {logging_mixin.py:190} INFO - [2024-09-28T20:05:39.257+0000] {dagbag.py:588} INFO - Filling up the DagBag from /home/airflow/.local/lib/python3.12/site-packages/airflow/example_dags/example_branch_operator.py
[2024-09-28T20:05:39.268+0000] {processor.py:925} INFO - DAG(s) 'example_branch_operator' retrieved from /home/airflow/.local/lib/python3.12/site-packages/airflow/example_dags/example_branch_operator.py
[2024-09-28T20:05:39.288+0000] {logging_mixin.py:190} INFO - [2024-09-28T20:05:39.287+0000] {dag.py:3239} INFO - Sync 1 DAGs
[2024-09-28T20:05:39.306+0000] {logging_mixin.py:190} INFO - [2024-09-28T20:05:39.306+0000] {dag.py:4180} INFO - Setting next_dagrun for example_branch_operator to 2024-09-27 00:00:00+00:00, run_after=2024-09-28 00:00:00+00:00
[2024-09-28T20:05:39.320+0000] {processor.py:208} INFO - Processing /home/airflow/.local/lib/python3.12/site-packages/airflow/example_dags/example_branch_operator.py took 0.069 seconds
[2024-09-28T20:06:09.745+0000] {processor.py:186} INFO - Started process (PID=209) to work on /home/airflow/.local/lib/python3.12/site-packages/airflow/example_dags/example_branch_operator.py
[2024-09-28T20:06:09.746+0000] {processor.py:914} INFO - Processing file /home/airflow/.local/lib/python3.12/site-packages/airflow/example_dags/example_branch_operator.py for tasks to queue
[2024-09-28T20:06:09.747+0000] {logging_mixin.py:190} INFO - [2024-09-28T20:06:09.747+0000] {dagbag.py:588} INFO - Filling up the DagBag from /home/airflow/.local/lib/python3.12/site-packages/airflow/example_dags/example_branch_operator.py
[2024-09-28T20:06:09.758+0000] {processor.py:925} INFO - DAG(s) 'example_branch_operator' retrieved from /home/airflow/.local/lib/python3.12/site-packages/airflow/example_dags/example_branch_operator.py
[2024-09-28T20:06:09.777+0000] {logging_mixin.py:190} INFO - [2024-09-28T20:06:09.776+0000] {dag.py:3239} INFO - Sync 1 DAGs
[2024-09-28T20:06:09.793+0000] {logging_mixin.py:190} INFO - [2024-09-28T20:06:09.793+0000] {dag.py:4180} INFO - Setting next_dagrun for example_branch_operator to 2024-09-27 00:00:00+00:00, run_after=2024-09-28 00:00:00+00:00
[2024-09-28T20:06:09.803+0000] {processor.py:208} INFO - Processing /home/airflow/.local/lib/python3.12/site-packages/airflow/example_dags/example_branch_operator.py took 0.062 seconds
[2024-09-28T20:06:40.211+0000] {processor.py:186} INFO - Started process (PID=275) to work on /home/airflow/.local/lib/python3.12/site-packages/airflow/example_dags/example_branch_operator.py
[2024-09-28T20:06:40.213+0000] {processor.py:914} INFO - Processing file /home/airflow/.local/lib/python3.12/site-packages/airflow/example_dags/example_branch_operator.py for tasks to queue
[2024-09-28T20:06:40.215+0000] {logging_mixin.py:190} INFO - [2024-09-28T20:06:40.214+0000] {dagbag.py:588} INFO - Filling up the DagBag from /home/airflow/.local/lib/python3.12/site-packages/airflow/example_dags/example_branch_operator.py
[2024-09-28T20:06:40.230+0000] {processor.py:925} INFO - DAG(s) 'example_branch_operator' retrieved from /home/airflow/.local/lib/python3.12/site-packages/airflow/example_dags/example_branch_operator.py
[2024-09-28T20:06:40.250+0000] {logging_mixin.py:190} INFO - [2024-09-28T20:06:40.250+0000] {dag.py:3239} INFO - Sync 1 DAGs
[2024-09-28T20:06:40.269+0000] {logging_mixin.py:190} INFO - [2024-09-28T20:06:40.268+0000] {dag.py:4180} INFO - Setting next_dagrun for example_branch_operator to 2024-09-27 00:00:00+00:00, run_after=2024-09-28 00:00:00+00:00
[2024-09-28T20:06:40.282+0000] {processor.py:208} INFO - Processing /home/airflow/.local/lib/python3.12/site-packages/airflow/example_dags/example_branch_operator.py took 0.074 seconds
[2024-09-28T20:07:10.451+0000] {processor.py:186} INFO - Started process (PID=340) to work on /home/airflow/.local/lib/python3.12/site-packages/airflow/example_dags/example_branch_operator.py
[2024-09-28T20:07:10.452+0000] {processor.py:914} INFO - Processing file /home/airflow/.local/lib/python3.12/site-packages/airflow/example_dags/example_branch_operator.py for tasks to queue
[2024-09-28T20:07:10.454+0000] {logging_mixin.py:190} INFO - [2024-09-28T20:07:10.454+0000] {dagbag.py:588} INFO - Filling up the DagBag from /home/airflow/.local/lib/python3.12/site-packages/airflow/example_dags/example_branch_operator.py
[2024-09-28T20:07:10.465+0000] {processor.py:925} INFO - DAG(s) 'example_branch_operator' retrieved from /home/airflow/.local/lib/python3.12/site-packages/airflow/example_dags/example_branch_operator.py
[2024-09-28T20:07:10.483+0000] {logging_mixin.py:190} INFO - [2024-09-28T20:07:10.483+0000] {dag.py:3239} INFO - Sync 1 DAGs
[2024-09-28T20:07:10.498+0000] {logging_mixin.py:190} INFO - [2024-09-28T20:07:10.498+0000] {dag.py:4180} INFO - Setting next_dagrun for example_branch_operator to 2024-09-27 00:00:00+00:00, run_after=2024-09-28 00:00:00+00:00
[2024-09-28T20:07:10.509+0000] {processor.py:208} INFO - Processing /home/airflow/.local/lib/python3.12/site-packages/airflow/example_dags/example_branch_operator.py took 0.062 seconds
[2024-09-28T20:07:41.462+0000] {processor.py:186} INFO - Started process (PID=406) to work on /home/airflow/.local/lib/python3.12/site-packages/airflow/example_dags/example_branch_operator.py
[2024-09-28T20:07:41.463+0000] {processor.py:914} INFO - Processing file /home/airflow/.local/lib/python3.12/site-packages/airflow/example_dags/example_branch_operator.py for tasks to queue
[2024-09-28T20:07:41.464+0000] {logging_mixin.py:190} INFO - [2024-09-28T20:07:41.464+0000] {dagbag.py:588} INFO - Filling up the DagBag from /home/airflow/.local/lib/python3.12/site-packages/airflow/example_dags/example_branch_operator.py
[2024-09-28T20:07:41.478+0000] {processor.py:925} INFO - DAG(s) 'example_branch_operator' retrieved from /home/airflow/.local/lib/python3.12/site-packages/airflow/example_dags/example_branch_operator.py
[2024-09-28T20:07:41.499+0000] {logging_mixin.py:190} INFO - [2024-09-28T20:07:41.499+0000] {dag.py:3239} INFO - Sync 1 DAGs
[2024-09-28T20:07:41.515+0000] {logging_mixin.py:190} INFO - [2024-09-28T20:07:41.514+0000] {dag.py:4180} INFO - Setting next_dagrun for example_branch_operator to 2024-09-27 00:00:00+00:00, run_after=2024-09-28 00:00:00+00:00
[2024-09-28T20:07:41.529+0000] {processor.py:208} INFO - Processing /home/airflow/.local/lib/python3.12/site-packages/airflow/example_dags/example_branch_operator.py took 0.072 seconds
[2024-09-28T20:08:12.019+0000] {processor.py:186} INFO - Started process (PID=471) to work on /home/airflow/.local/lib/python3.12/site-packages/airflow/example_dags/example_branch_operator.py
[2024-09-28T20:08:12.020+0000] {processor.py:914} INFO - Processing file /home/airflow/.local/lib/python3.12/site-packages/airflow/example_dags/example_branch_operator.py for tasks to queue
[2024-09-28T20:08:12.022+0000] {logging_mixin.py:190} INFO - [2024-09-28T20:08:12.022+0000] {dagbag.py:588} INFO - Filling up the DagBag from /home/airflow/.local/lib/python3.12/site-packages/airflow/example_dags/example_branch_operator.py
[2024-09-28T20:08:12.033+0000] {processor.py:925} INFO - DAG(s) 'example_branch_operator' retrieved from /home/airflow/.local/lib/python3.12/site-packages/airflow/example_dags/example_branch_operator.py
[2024-09-28T20:08:12.053+0000] {logging_mixin.py:190} INFO - [2024-09-28T20:08:12.053+0000] {dag.py:3239} INFO - Sync 1 DAGs
[2024-09-28T20:08:12.073+0000] {logging_mixin.py:190} INFO - [2024-09-28T20:08:12.073+0000] {dag.py:4180} INFO - Setting next_dagrun for example_branch_operator to 2024-09-27 00:00:00+00:00, run_after=2024-09-28 00:00:00+00:00
[2024-09-28T20:08:12.085+0000] {processor.py:208} INFO - Processing /home/airflow/.local/lib/python3.12/site-packages/airflow/example_dags/example_branch_operator.py took 0.069 seconds
[2024-09-28T20:08:42.975+0000] {processor.py:186} INFO - Started process (PID=536) to work on /home/airflow/.local/lib/python3.12/site-packages/airflow/example_dags/example_branch_operator.py
[2024-09-28T20:08:42.976+0000] {processor.py:914} INFO - Processing file /home/airflow/.local/lib/python3.12/site-packages/airflow/example_dags/example_branch_operator.py for tasks to queue
[2024-09-28T20:08:42.978+0000] {logging_mixin.py:190} INFO - [2024-09-28T20:08:42.978+0000] {dagbag.py:588} INFO - Filling up the DagBag from /home/airflow/.local/lib/python3.12/site-packages/airflow/example_dags/example_branch_operator.py
[2024-09-28T20:08:42.989+0000] {processor.py:925} INFO - DAG(s) 'example_branch_operator' retrieved from /home/airflow/.local/lib/python3.12/site-packages/airflow/example_dags/example_branch_operator.py
[2024-09-28T20:08:43.006+0000] {logging_mixin.py:190} INFO - [2024-09-28T20:08:43.006+0000] {dag.py:3239} INFO - Sync 1 DAGs
[2024-09-28T20:08:43.020+0000] {logging_mixin.py:190} INFO - [2024-09-28T20:08:43.020+0000] {dag.py:4180} INFO - Setting next_dagrun for example_branch_operator to 2024-09-27 00:00:00+00:00, run_after=2024-09-28 00:00:00+00:00
[2024-09-28T20:08:43.034+0000] {processor.py:208} INFO - Processing /home/airflow/.local/lib/python3.12/site-packages/airflow/example_dags/example_branch_operator.py took 0.063 seconds
[2024-09-28T20:09:13.573+0000] {processor.py:186} INFO - Started process (PID=601) to work on /home/airflow/.local/lib/python3.12/site-packages/airflow/example_dags/example_branch_operator.py
[2024-09-28T20:09:13.578+0000] {processor.py:914} INFO - Processing file /home/airflow/.local/lib/python3.12/site-packages/airflow/example_dags/example_branch_operator.py for tasks to queue
[2024-09-28T20:09:13.586+0000] {logging_mixin.py:190} INFO - [2024-09-28T20:09:13.586+0000] {dagbag.py:588} INFO - Filling up the DagBag from /home/airflow/.local/lib/python3.12/site-packages/airflow/example_dags/example_branch_operator.py
[2024-09-28T20:09:13.599+0000] {processor.py:925} INFO - DAG(s) 'example_branch_operator' retrieved from /home/airflow/.local/lib/python3.12/site-packages/airflow/example_dags/example_branch_operator.py
[2024-09-28T20:09:13.621+0000] {logging_mixin.py:190} INFO - [2024-09-28T20:09:13.620+0000] {dag.py:3239} INFO - Sync 1 DAGs
[2024-09-28T20:09:13.646+0000] {logging_mixin.py:190} INFO - [2024-09-28T20:09:13.645+0000] {dag.py:4180} INFO - Setting next_dagrun for example_branch_operator to 2024-09-27 00:00:00+00:00, run_after=2024-09-28 00:00:00+00:00
[2024-09-28T20:09:13.659+0000] {processor.py:208} INFO - Processing /home/airflow/.local/lib/python3.12/site-packages/airflow/example_dags/example_branch_operator.py took 0.090 seconds
[2024-09-28T20:09:43.968+0000] {processor.py:186} INFO - Started process (PID=666) to work on /home/airflow/.local/lib/python3.12/site-packages/airflow/example_dags/example_branch_operator.py
[2024-09-28T20:09:43.969+0000] {processor.py:914} INFO - Processing file /home/airflow/.local/lib/python3.12/site-packages/airflow/example_dags/example_branch_operator.py for tasks to queue
[2024-09-28T20:09:43.972+0000] {logging_mixin.py:190} INFO - [2024-09-28T20:09:43.971+0000] {dagbag.py:588} INFO - Filling up the DagBag from /home/airflow/.local/lib/python3.12/site-packages/airflow/example_dags/example_branch_operator.py
[2024-09-28T20:09:43.984+0000] {processor.py:925} INFO - DAG(s) 'example_branch_operator' retrieved from /home/airflow/.local/lib/python3.12/site-packages/airflow/example_dags/example_branch_operator.py
[2024-09-28T20:09:44.003+0000] {logging_mixin.py:190} INFO - [2024-09-28T20:09:44.002+0000] {dag.py:3239} INFO - Sync 1 DAGs
[2024-09-28T20:09:44.018+0000] {logging_mixin.py:190} INFO - [2024-09-28T20:09:44.018+0000] {dag.py:4180} INFO - Setting next_dagrun for example_branch_operator to 2024-09-27 00:00:00+00:00, run_after=2024-09-28 00:00:00+00:00
[2024-09-28T20:09:44.032+0000] {processor.py:208} INFO - Processing /home/airflow/.local/lib/python3.12/site-packages/airflow/example_dags/example_branch_operator.py took 0.068 seconds
[2024-09-28T20:10:14.319+0000] {processor.py:186} INFO - Started process (PID=732) to work on /home/airflow/.local/lib/python3.12/site-packages/airflow/example_dags/example_branch_operator.py
[2024-09-28T20:10:14.320+0000] {processor.py:914} INFO - Processing file /home/airflow/.local/lib/python3.12/site-packages/airflow/example_dags/example_branch_operator.py for tasks to queue
[2024-09-28T20:10:14.325+0000] {logging_mixin.py:190} INFO - [2024-09-28T20:10:14.324+0000] {dagbag.py:588} INFO - Filling up the DagBag from /home/airflow/.local/lib/python3.12/site-packages/airflow/example_dags/example_branch_operator.py
[2024-09-28T20:10:14.337+0000] {processor.py:925} INFO - DAG(s) 'example_branch_operator' retrieved from /home/airflow/.local/lib/python3.12/site-packages/airflow/example_dags/example_branch_operator.py
[2024-09-28T20:10:14.355+0000] {logging_mixin.py:190} INFO - [2024-09-28T20:10:14.355+0000] {dag.py:3239} INFO - Sync 1 DAGs
[2024-09-28T20:10:14.371+0000] {logging_mixin.py:190} INFO - [2024-09-28T20:10:14.371+0000] {dag.py:4180} INFO - Setting next_dagrun for example_branch_operator to 2024-09-27 00:00:00+00:00, run_after=2024-09-28 00:00:00+00:00
[2024-09-28T20:10:14.384+0000] {processor.py:208} INFO - Processing /home/airflow/.local/lib/python3.12/site-packages/airflow/example_dags/example_branch_operator.py took 0.068 seconds
[2024-09-28T20:10:44.667+0000] {processor.py:186} INFO - Started process (PID=798) to work on /home/airflow/.local/lib/python3.12/site-packages/airflow/example_dags/example_branch_operator.py
[2024-09-28T20:10:44.668+0000] {processor.py:914} INFO - Processing file /home/airflow/.local/lib/python3.12/site-packages/airflow/example_dags/example_branch_operator.py for tasks to queue
[2024-09-28T20:10:44.670+0000] {logging_mixin.py:190} INFO - [2024-09-28T20:10:44.670+0000] {dagbag.py:588} INFO - Filling up the DagBag from /home/airflow/.local/lib/python3.12/site-packages/airflow/example_dags/example_branch_operator.py
[2024-09-28T20:10:44.682+0000] {processor.py:925} INFO - DAG(s) 'example_branch_operator' retrieved from /home/airflow/.local/lib/python3.12/site-packages/airflow/example_dags/example_branch_operator.py
[2024-09-28T20:10:44.699+0000] {logging_mixin.py:190} INFO - [2024-09-28T20:10:44.699+0000] {dag.py:3239} INFO - Sync 1 DAGs
[2024-09-28T20:10:44.714+0000] {logging_mixin.py:190} INFO - [2024-09-28T20:10:44.714+0000] {dag.py:4180} INFO - Setting next_dagrun for example_branch_operator to 2024-09-27 00:00:00+00:00, run_after=2024-09-28 00:00:00+00:00
[2024-09-28T20:10:44.727+0000] {processor.py:208} INFO - Processing /home/airflow/.local/lib/python3.12/site-packages/airflow/example_dags/example_branch_operator.py took 0.063 seconds
[2024-09-28T20:11:14.909+0000] {processor.py:186} INFO - Started process (PID=868) to work on /home/airflow/.local/lib/python3.12/site-packages/airflow/example_dags/example_branch_operator.py
[2024-09-28T20:11:14.910+0000] {processor.py:914} INFO - Processing file /home/airflow/.local/lib/python3.12/site-packages/airflow/example_dags/example_branch_operator.py for tasks to queue
[2024-09-28T20:11:14.913+0000] {logging_mixin.py:190} INFO - [2024-09-28T20:11:14.912+0000] {dagbag.py:588} INFO - Filling up the DagBag from /home/airflow/.local/lib/python3.12/site-packages/airflow/example_dags/example_branch_operator.py
[2024-09-28T20:11:14.924+0000] {processor.py:925} INFO - DAG(s) 'example_branch_operator' retrieved from /home/airflow/.local/lib/python3.12/site-packages/airflow/example_dags/example_branch_operator.py
[2024-09-28T20:11:14.943+0000] {logging_mixin.py:190} INFO - [2024-09-28T20:11:14.943+0000] {dag.py:3239} INFO - Sync 1 DAGs
[2024-09-28T20:11:14.959+0000] {logging_mixin.py:190} INFO - [2024-09-28T20:11:14.959+0000] {dag.py:4180} INFO - Setting next_dagrun for example_branch_operator to 2024-09-27 00:00:00+00:00, run_after=2024-09-28 00:00:00+00:00
[2024-09-28T20:11:14.970+0000] {processor.py:208} INFO - Processing /home/airflow/.local/lib/python3.12/site-packages/airflow/example_dags/example_branch_operator.py took 0.065 seconds
[2024-09-28T20:11:45.268+0000] {processor.py:186} INFO - Started process (PID=934) to work on /home/airflow/.local/lib/python3.12/site-packages/airflow/example_dags/example_branch_operator.py
[2024-09-28T20:11:45.269+0000] {processor.py:914} INFO - Processing file /home/airflow/.local/lib/python3.12/site-packages/airflow/example_dags/example_branch_operator.py for tasks to queue
[2024-09-28T20:11:45.271+0000] {logging_mixin.py:190} INFO - [2024-09-28T20:11:45.271+0000] {dagbag.py:588} INFO - Filling up the DagBag from /home/airflow/.local/lib/python3.12/site-packages/airflow/example_dags/example_branch_operator.py
[2024-09-28T20:11:45.283+0000] {processor.py:925} INFO - DAG(s) 'example_branch_operator' retrieved from /home/airflow/.local/lib/python3.12/site-packages/airflow/example_dags/example_branch_operator.py
[2024-09-28T20:11:45.303+0000] {logging_mixin.py:190} INFO - [2024-09-28T20:11:45.303+0000] {dag.py:3239} INFO - Sync 1 DAGs
[2024-09-28T20:11:45.320+0000] {logging_mixin.py:190} INFO - [2024-09-28T20:11:45.320+0000] {dag.py:4180} INFO - Setting next_dagrun for example_branch_operator to 2024-09-27 00:00:00+00:00, run_after=2024-09-28 00:00:00+00:00
[2024-09-28T20:11:45.333+0000] {processor.py:208} INFO - Processing /home/airflow/.local/lib/python3.12/site-packages/airflow/example_dags/example_branch_operator.py took 0.069 seconds
[2024-09-28T20:12:15.528+0000] {processor.py:186} INFO - Started process (PID=1000) to work on /home/airflow/.local/lib/python3.12/site-packages/airflow/example_dags/example_branch_operator.py
[2024-09-28T20:12:15.528+0000] {processor.py:914} INFO - Processing file /home/airflow/.local/lib/python3.12/site-packages/airflow/example_dags/example_branch_operator.py for tasks to queue
[2024-09-28T20:12:15.530+0000] {logging_mixin.py:190} INFO - [2024-09-28T20:12:15.530+0000] {dagbag.py:588} INFO - Filling up the DagBag from /home/airflow/.local/lib/python3.12/site-packages/airflow/example_dags/example_branch_operator.py
[2024-09-28T20:12:15.542+0000] {processor.py:925} INFO - DAG(s) 'example_branch_operator' retrieved from /home/airflow/.local/lib/python3.12/site-packages/airflow/example_dags/example_branch_operator.py
[2024-09-28T20:12:15.562+0000] {logging_mixin.py:190} INFO - [2024-09-28T20:12:15.562+0000] {dag.py:3239} INFO - Sync 1 DAGs
[2024-09-28T20:12:15.579+0000] {logging_mixin.py:190} INFO - [2024-09-28T20:12:15.579+0000] {dag.py:4180} INFO - Setting next_dagrun for example_branch_operator to 2024-09-27 00:00:00+00:00, run_after=2024-09-28 00:00:00+00:00
[2024-09-28T20:12:15.592+0000] {processor.py:208} INFO - Processing /home/airflow/.local/lib/python3.12/site-packages/airflow/example_dags/example_branch_operator.py took 0.069 seconds
[2024-09-28T20:12:45.794+0000] {processor.py:186} INFO - Started process (PID=1066) to work on /home/airflow/.local/lib/python3.12/site-packages/airflow/example_dags/example_branch_operator.py
[2024-09-28T20:12:45.795+0000] {processor.py:914} INFO - Processing file /home/airflow/.local/lib/python3.12/site-packages/airflow/example_dags/example_branch_operator.py for tasks to queue
[2024-09-28T20:12:45.797+0000] {logging_mixin.py:190} INFO - [2024-09-28T20:12:45.796+0000] {dagbag.py:588} INFO - Filling up the DagBag from /home/airflow/.local/lib/python3.12/site-packages/airflow/example_dags/example_branch_operator.py
[2024-09-28T20:12:45.808+0000] {processor.py:925} INFO - DAG(s) 'example_branch_operator' retrieved from /home/airflow/.local/lib/python3.12/site-packages/airflow/example_dags/example_branch_operator.py
[2024-09-28T20:12:45.827+0000] {logging_mixin.py:190} INFO - [2024-09-28T20:12:45.827+0000] {dag.py:3239} INFO - Sync 1 DAGs
[2024-09-28T20:12:45.844+0000] {logging_mixin.py:190} INFO - [2024-09-28T20:12:45.844+0000] {dag.py:4180} INFO - Setting next_dagrun for example_branch_operator to 2024-09-27 00:00:00+00:00, run_after=2024-09-28 00:00:00+00:00
[2024-09-28T20:12:45.858+0000] {processor.py:208} INFO - Processing /home/airflow/.local/lib/python3.12/site-packages/airflow/example_dags/example_branch_operator.py took 0.068 seconds
[2024-09-28T20:13:15.967+0000] {processor.py:186} INFO - Started process (PID=1132) to work on /home/airflow/.local/lib/python3.12/site-packages/airflow/example_dags/example_branch_operator.py
[2024-09-28T20:13:15.968+0000] {processor.py:914} INFO - Processing file /home/airflow/.local/lib/python3.12/site-packages/airflow/example_dags/example_branch_operator.py for tasks to queue
[2024-09-28T20:13:15.970+0000] {logging_mixin.py:190} INFO - [2024-09-28T20:13:15.970+0000] {dagbag.py:588} INFO - Filling up the DagBag from /home/airflow/.local/lib/python3.12/site-packages/airflow/example_dags/example_branch_operator.py
[2024-09-28T20:13:15.988+0000] {processor.py:925} INFO - DAG(s) 'example_branch_operator' retrieved from /home/airflow/.local/lib/python3.12/site-packages/airflow/example_dags/example_branch_operator.py
[2024-09-28T20:13:16.009+0000] {logging_mixin.py:190} INFO - [2024-09-28T20:13:16.009+0000] {dag.py:3239} INFO - Sync 1 DAGs
[2024-09-28T20:13:16.026+0000] {logging_mixin.py:190} INFO - [2024-09-28T20:13:16.026+0000] {dag.py:4180} INFO - Setting next_dagrun for example_branch_operator to 2024-09-27 00:00:00+00:00, run_after=2024-09-28 00:00:00+00:00
[2024-09-28T20:13:16.039+0000] {processor.py:208} INFO - Processing /home/airflow/.local/lib/python3.12/site-packages/airflow/example_dags/example_branch_operator.py took 0.076 seconds
[2024-09-28T20:13:46.204+0000] {processor.py:186} INFO - Started process (PID=1197) to work on /home/airflow/.local/lib/python3.12/site-packages/airflow/example_dags/example_branch_operator.py
[2024-09-28T20:13:46.205+0000] {processor.py:914} INFO - Processing file /home/airflow/.local/lib/python3.12/site-packages/airflow/example_dags/example_branch_operator.py for tasks to queue
[2024-09-28T20:13:46.206+0000] {logging_mixin.py:190} INFO - [2024-09-28T20:13:46.206+0000] {dagbag.py:588} INFO - Filling up the DagBag from /home/airflow/.local/lib/python3.12/site-packages/airflow/example_dags/example_branch_operator.py
[2024-09-28T20:13:46.217+0000] {processor.py:925} INFO - DAG(s) 'example_branch_operator' retrieved from /home/airflow/.local/lib/python3.12/site-packages/airflow/example_dags/example_branch_operator.py
[2024-09-28T20:13:46.235+0000] {logging_mixin.py:190} INFO - [2024-09-28T20:13:46.235+0000] {dag.py:3239} INFO - Sync 1 DAGs
[2024-09-28T20:13:46.251+0000] {logging_mixin.py:190} INFO - [2024-09-28T20:13:46.251+0000] {dag.py:4180} INFO - Setting next_dagrun for example_branch_operator to 2024-09-27 00:00:00+00:00, run_after=2024-09-28 00:00:00+00:00
[2024-09-28T20:13:46.263+0000] {processor.py:208} INFO - Processing /home/airflow/.local/lib/python3.12/site-packages/airflow/example_dags/example_branch_operator.py took 0.063 seconds
[2024-09-28T20:14:16.518+0000] {processor.py:186} INFO - Started process (PID=1263) to work on /home/airflow/.local/lib/python3.12/site-packages/airflow/example_dags/example_branch_operator.py
[2024-09-28T20:14:16.519+0000] {processor.py:914} INFO - Processing file /home/airflow/.local/lib/python3.12/site-packages/airflow/example_dags/example_branch_operator.py for tasks to queue
[2024-09-28T20:14:16.520+0000] {logging_mixin.py:190} INFO - [2024-09-28T20:14:16.520+0000] {dagbag.py:588} INFO - Filling up the DagBag from /home/airflow/.local/lib/python3.12/site-packages/airflow/example_dags/example_branch_operator.py
[2024-09-28T20:14:16.531+0000] {processor.py:925} INFO - DAG(s) 'example_branch_operator' retrieved from /home/airflow/.local/lib/python3.12/site-packages/airflow/example_dags/example_branch_operator.py
[2024-09-28T20:14:16.550+0000] {logging_mixin.py:190} INFO - [2024-09-28T20:14:16.550+0000] {dag.py:3239} INFO - Sync 1 DAGs
[2024-09-28T20:14:16.565+0000] {logging_mixin.py:190} INFO - [2024-09-28T20:14:16.565+0000] {dag.py:4180} INFO - Setting next_dagrun for example_branch_operator to 2024-09-27 00:00:00+00:00, run_after=2024-09-28 00:00:00+00:00
[2024-09-28T20:14:16.577+0000] {processor.py:208} INFO - Processing /home/airflow/.local/lib/python3.12/site-packages/airflow/example_dags/example_branch_operator.py took 0.063 seconds
[2024-09-28T20:14:46.899+0000] {processor.py:186} INFO - Started process (PID=1329) to work on /home/airflow/.local/lib/python3.12/site-packages/airflow/example_dags/example_branch_operator.py
[2024-09-28T20:14:46.900+0000] {processor.py:914} INFO - Processing file /home/airflow/.local/lib/python3.12/site-packages/airflow/example_dags/example_branch_operator.py for tasks to queue
[2024-09-28T20:14:46.902+0000] {logging_mixin.py:190} INFO - [2024-09-28T20:14:46.902+0000] {dagbag.py:588} INFO - Filling up the DagBag from /home/airflow/.local/lib/python3.12/site-packages/airflow/example_dags/example_branch_operator.py
[2024-09-28T20:14:46.913+0000] {processor.py:925} INFO - DAG(s) 'example_branch_operator' retrieved from /home/airflow/.local/lib/python3.12/site-packages/airflow/example_dags/example_branch_operator.py
[2024-09-28T20:14:46.931+0000] {logging_mixin.py:190} INFO - [2024-09-28T20:14:46.931+0000] {dag.py:3239} INFO - Sync 1 DAGs
[2024-09-28T20:14:46.947+0000] {logging_mixin.py:190} INFO - [2024-09-28T20:14:46.947+0000] {dag.py:4180} INFO - Setting next_dagrun for example_branch_operator to 2024-09-27 00:00:00+00:00, run_after=2024-09-28 00:00:00+00:00
[2024-09-28T20:14:46.959+0000] {processor.py:208} INFO - Processing /home/airflow/.local/lib/python3.12/site-packages/airflow/example_dags/example_branch_operator.py took 0.063 seconds
[2024-09-28T20:15:17.238+0000] {processor.py:186} INFO - Started process (PID=1395) to work on /home/airflow/.local/lib/python3.12/site-packages/airflow/example_dags/example_branch_operator.py
[2024-09-28T20:15:17.239+0000] {processor.py:914} INFO - Processing file /home/airflow/.local/lib/python3.12/site-packages/airflow/example_dags/example_branch_operator.py for tasks to queue
[2024-09-28T20:15:17.240+0000] {logging_mixin.py:190} INFO - [2024-09-28T20:15:17.240+0000] {dagbag.py:588} INFO - Filling up the DagBag from /home/airflow/.local/lib/python3.12/site-packages/airflow/example_dags/example_branch_operator.py
[2024-09-28T20:15:17.251+0000] {processor.py:925} INFO - DAG(s) 'example_branch_operator' retrieved from /home/airflow/.local/lib/python3.12/site-packages/airflow/example_dags/example_branch_operator.py
[2024-09-28T20:15:17.269+0000] {logging_mixin.py:190} INFO - [2024-09-28T20:15:17.269+0000] {dag.py:3239} INFO - Sync 1 DAGs
[2024-09-28T20:15:17.285+0000] {logging_mixin.py:190} INFO - [2024-09-28T20:15:17.285+0000] {dag.py:4180} INFO - Setting next_dagrun for example_branch_operator to 2024-09-27 00:00:00+00:00, run_after=2024-09-28 00:00:00+00:00
[2024-09-28T20:15:17.297+0000] {processor.py:208} INFO - Processing /home/airflow/.local/lib/python3.12/site-packages/airflow/example_dags/example_branch_operator.py took 0.063 seconds
[2024-09-28T20:16:29.498+0000] {processor.py:186} INFO - Started process (PID=100) to work on /home/airflow/.local/lib/python3.12/site-packages/airflow/example_dags/example_branch_operator.py
[2024-09-28T20:16:29.499+0000] {processor.py:914} INFO - Processing file /home/airflow/.local/lib/python3.12/site-packages/airflow/example_dags/example_branch_operator.py for tasks to queue
[2024-09-28T20:16:29.500+0000] {logging_mixin.py:190} INFO - [2024-09-28T20:16:29.500+0000] {dagbag.py:588} INFO - Filling up the DagBag from /home/airflow/.local/lib/python3.12/site-packages/airflow/example_dags/example_branch_operator.py
[2024-09-28T20:16:29.512+0000] {processor.py:925} INFO - DAG(s) 'example_branch_operator' retrieved from /home/airflow/.local/lib/python3.12/site-packages/airflow/example_dags/example_branch_operator.py
[2024-09-28T20:16:29.582+0000] {logging_mixin.py:190} INFO - [2024-09-28T20:16:29.582+0000] {dag.py:3239} INFO - Sync 1 DAGs
[2024-09-28T20:16:29.596+0000] {logging_mixin.py:190} INFO - [2024-09-28T20:16:29.596+0000] {dag.py:4180} INFO - Setting next_dagrun for example_branch_operator to 2024-09-27 00:00:00+00:00, run_after=2024-09-28 00:00:00+00:00
[2024-09-28T20:16:29.608+0000] {processor.py:208} INFO - Processing /home/airflow/.local/lib/python3.12/site-packages/airflow/example_dags/example_branch_operator.py took 0.114 seconds
[2024-09-28T20:17:00.080+0000] {processor.py:186} INFO - Started process (PID=168) to work on /home/airflow/.local/lib/python3.12/site-packages/airflow/example_dags/example_branch_operator.py
[2024-09-28T20:17:00.081+0000] {processor.py:914} INFO - Processing file /home/airflow/.local/lib/python3.12/site-packages/airflow/example_dags/example_branch_operator.py for tasks to queue
[2024-09-28T20:17:00.083+0000] {logging_mixin.py:190} INFO - [2024-09-28T20:17:00.082+0000] {dagbag.py:588} INFO - Filling up the DagBag from /home/airflow/.local/lib/python3.12/site-packages/airflow/example_dags/example_branch_operator.py
[2024-09-28T20:17:00.093+0000] {processor.py:925} INFO - DAG(s) 'example_branch_operator' retrieved from /home/airflow/.local/lib/python3.12/site-packages/airflow/example_dags/example_branch_operator.py
[2024-09-28T20:17:00.112+0000] {logging_mixin.py:190} INFO - [2024-09-28T20:17:00.112+0000] {dag.py:3239} INFO - Sync 1 DAGs
[2024-09-28T20:17:00.129+0000] {logging_mixin.py:190} INFO - [2024-09-28T20:17:00.129+0000] {dag.py:4180} INFO - Setting next_dagrun for example_branch_operator to 2024-09-27 00:00:00+00:00, run_after=2024-09-28 00:00:00+00:00
[2024-09-28T20:17:00.143+0000] {processor.py:208} INFO - Processing /home/airflow/.local/lib/python3.12/site-packages/airflow/example_dags/example_branch_operator.py took 0.066 seconds
[2024-09-28T20:17:30.428+0000] {processor.py:186} INFO - Started process (PID=236) to work on /home/airflow/.local/lib/python3.12/site-packages/airflow/example_dags/example_branch_operator.py
[2024-09-28T20:17:30.429+0000] {processor.py:914} INFO - Processing file /home/airflow/.local/lib/python3.12/site-packages/airflow/example_dags/example_branch_operator.py for tasks to queue
[2024-09-28T20:17:30.431+0000] {logging_mixin.py:190} INFO - [2024-09-28T20:17:30.431+0000] {dagbag.py:588} INFO - Filling up the DagBag from /home/airflow/.local/lib/python3.12/site-packages/airflow/example_dags/example_branch_operator.py
[2024-09-28T20:17:30.442+0000] {processor.py:925} INFO - DAG(s) 'example_branch_operator' retrieved from /home/airflow/.local/lib/python3.12/site-packages/airflow/example_dags/example_branch_operator.py
[2024-09-28T20:17:30.462+0000] {logging_mixin.py:190} INFO - [2024-09-28T20:17:30.461+0000] {dag.py:3239} INFO - Sync 1 DAGs
[2024-09-28T20:17:30.479+0000] {logging_mixin.py:190} INFO - [2024-09-28T20:17:30.478+0000] {dag.py:4180} INFO - Setting next_dagrun for example_branch_operator to 2024-09-27 00:00:00+00:00, run_after=2024-09-28 00:00:00+00:00
[2024-09-28T20:17:30.492+0000] {processor.py:208} INFO - Processing /home/airflow/.local/lib/python3.12/site-packages/airflow/example_dags/example_branch_operator.py took 0.068 seconds
[2024-09-28T20:18:00.738+0000] {processor.py:186} INFO - Started process (PID=304) to work on /home/airflow/.local/lib/python3.12/site-packages/airflow/example_dags/example_branch_operator.py
[2024-09-28T20:18:00.739+0000] {processor.py:914} INFO - Processing file /home/airflow/.local/lib/python3.12/site-packages/airflow/example_dags/example_branch_operator.py for tasks to queue
[2024-09-28T20:18:00.741+0000] {logging_mixin.py:190} INFO - [2024-09-28T20:18:00.741+0000] {dagbag.py:588} INFO - Filling up the DagBag from /home/airflow/.local/lib/python3.12/site-packages/airflow/example_dags/example_branch_operator.py
[2024-09-28T20:18:00.753+0000] {processor.py:925} INFO - DAG(s) 'example_branch_operator' retrieved from /home/airflow/.local/lib/python3.12/site-packages/airflow/example_dags/example_branch_operator.py
[2024-09-28T20:18:00.775+0000] {logging_mixin.py:190} INFO - [2024-09-28T20:18:00.775+0000] {dag.py:3239} INFO - Sync 1 DAGs
[2024-09-28T20:18:00.794+0000] {logging_mixin.py:190} INFO - [2024-09-28T20:18:00.794+0000] {dag.py:4180} INFO - Setting next_dagrun for example_branch_operator to 2024-09-27 00:00:00+00:00, run_after=2024-09-28 00:00:00+00:00
[2024-09-28T20:18:00.814+0000] {processor.py:208} INFO - Processing /home/airflow/.local/lib/python3.12/site-packages/airflow/example_dags/example_branch_operator.py took 0.080 seconds
[2024-09-28T20:18:31.196+0000] {processor.py:186} INFO - Started process (PID=370) to work on /home/airflow/.local/lib/python3.12/site-packages/airflow/example_dags/example_branch_operator.py
[2024-09-28T20:18:31.197+0000] {processor.py:914} INFO - Processing file /home/airflow/.local/lib/python3.12/site-packages/airflow/example_dags/example_branch_operator.py for tasks to queue
[2024-09-28T20:18:31.199+0000] {logging_mixin.py:190} INFO - [2024-09-28T20:18:31.198+0000] {dagbag.py:588} INFO - Filling up the DagBag from /home/airflow/.local/lib/python3.12/site-packages/airflow/example_dags/example_branch_operator.py
[2024-09-28T20:18:31.212+0000] {processor.py:925} INFO - DAG(s) 'example_branch_operator' retrieved from /home/airflow/.local/lib/python3.12/site-packages/airflow/example_dags/example_branch_operator.py
[2024-09-28T20:18:31.235+0000] {logging_mixin.py:190} INFO - [2024-09-28T20:18:31.235+0000] {dag.py:3239} INFO - Sync 1 DAGs
[2024-09-28T20:18:31.252+0000] {logging_mixin.py:190} INFO - [2024-09-28T20:18:31.252+0000] {dag.py:4180} INFO - Setting next_dagrun for example_branch_operator to 2024-09-27 00:00:00+00:00, run_after=2024-09-28 00:00:00+00:00
[2024-09-28T20:18:31.265+0000] {processor.py:208} INFO - Processing /home/airflow/.local/lib/python3.12/site-packages/airflow/example_dags/example_branch_operator.py took 0.073 seconds
[2024-09-28T20:19:01.426+0000] {processor.py:186} INFO - Started process (PID=436) to work on /home/airflow/.local/lib/python3.12/site-packages/airflow/example_dags/example_branch_operator.py
[2024-09-28T20:19:01.427+0000] {processor.py:914} INFO - Processing file /home/airflow/.local/lib/python3.12/site-packages/airflow/example_dags/example_branch_operator.py for tasks to queue
[2024-09-28T20:19:01.428+0000] {logging_mixin.py:190} INFO - [2024-09-28T20:19:01.428+0000] {dagbag.py:588} INFO - Filling up the DagBag from /home/airflow/.local/lib/python3.12/site-packages/airflow/example_dags/example_branch_operator.py
[2024-09-28T20:19:01.439+0000] {processor.py:925} INFO - DAG(s) 'example_branch_operator' retrieved from /home/airflow/.local/lib/python3.12/site-packages/airflow/example_dags/example_branch_operator.py
[2024-09-28T20:19:01.463+0000] {logging_mixin.py:190} INFO - [2024-09-28T20:19:01.462+0000] {dag.py:3239} INFO - Sync 1 DAGs
[2024-09-28T20:19:01.481+0000] {logging_mixin.py:190} INFO - [2024-09-28T20:19:01.480+0000] {dag.py:4180} INFO - Setting next_dagrun for example_branch_operator to 2024-09-27 00:00:00+00:00, run_after=2024-09-28 00:00:00+00:00
[2024-09-28T20:19:01.492+0000] {processor.py:208} INFO - Processing /home/airflow/.local/lib/python3.12/site-packages/airflow/example_dags/example_branch_operator.py took 0.070 seconds
[2024-09-28T20:19:31.750+0000] {processor.py:186} INFO - Started process (PID=508) to work on /home/airflow/.local/lib/python3.12/site-packages/airflow/example_dags/example_branch_operator.py
[2024-09-28T20:19:31.751+0000] {processor.py:914} INFO - Processing file /home/airflow/.local/lib/python3.12/site-packages/airflow/example_dags/example_branch_operator.py for tasks to queue
[2024-09-28T20:19:31.752+0000] {logging_mixin.py:190} INFO - [2024-09-28T20:19:31.752+0000] {dagbag.py:588} INFO - Filling up the DagBag from /home/airflow/.local/lib/python3.12/site-packages/airflow/example_dags/example_branch_operator.py
[2024-09-28T20:19:31.764+0000] {processor.py:925} INFO - DAG(s) 'example_branch_operator' retrieved from /home/airflow/.local/lib/python3.12/site-packages/airflow/example_dags/example_branch_operator.py
[2024-09-28T20:19:31.782+0000] {logging_mixin.py:190} INFO - [2024-09-28T20:19:31.782+0000] {dag.py:3239} INFO - Sync 1 DAGs
[2024-09-28T20:19:31.799+0000] {logging_mixin.py:190} INFO - [2024-09-28T20:19:31.798+0000] {dag.py:4180} INFO - Setting next_dagrun for example_branch_operator to 2024-09-27 00:00:00+00:00, run_after=2024-09-28 00:00:00+00:00
[2024-09-28T20:19:31.811+0000] {processor.py:208} INFO - Processing /home/airflow/.local/lib/python3.12/site-packages/airflow/example_dags/example_branch_operator.py took 0.065 seconds
[2024-09-28T20:20:02.094+0000] {processor.py:186} INFO - Started process (PID=575) to work on /home/airflow/.local/lib/python3.12/site-packages/airflow/example_dags/example_branch_operator.py
[2024-09-28T20:20:02.098+0000] {processor.py:914} INFO - Processing file /home/airflow/.local/lib/python3.12/site-packages/airflow/example_dags/example_branch_operator.py for tasks to queue
[2024-09-28T20:20:02.099+0000] {logging_mixin.py:190} INFO - [2024-09-28T20:20:02.099+0000] {dagbag.py:588} INFO - Filling up the DagBag from /home/airflow/.local/lib/python3.12/site-packages/airflow/example_dags/example_branch_operator.py
[2024-09-28T20:20:02.111+0000] {processor.py:925} INFO - DAG(s) 'example_branch_operator' retrieved from /home/airflow/.local/lib/python3.12/site-packages/airflow/example_dags/example_branch_operator.py
[2024-09-28T20:20:02.130+0000] {logging_mixin.py:190} INFO - [2024-09-28T20:20:02.129+0000] {dag.py:3239} INFO - Sync 1 DAGs
[2024-09-28T20:20:02.146+0000] {logging_mixin.py:190} INFO - [2024-09-28T20:20:02.146+0000] {dag.py:4180} INFO - Setting next_dagrun for example_branch_operator to 2024-09-27 00:00:00+00:00, run_after=2024-09-28 00:00:00+00:00
[2024-09-28T20:20:02.159+0000] {processor.py:208} INFO - Processing /home/airflow/.local/lib/python3.12/site-packages/airflow/example_dags/example_branch_operator.py took 0.069 seconds
[2024-09-28T20:20:32.555+0000] {processor.py:186} INFO - Started process (PID=641) to work on /home/airflow/.local/lib/python3.12/site-packages/airflow/example_dags/example_branch_operator.py
[2024-09-28T20:20:32.556+0000] {processor.py:914} INFO - Processing file /home/airflow/.local/lib/python3.12/site-packages/airflow/example_dags/example_branch_operator.py for tasks to queue
[2024-09-28T20:20:32.557+0000] {logging_mixin.py:190} INFO - [2024-09-28T20:20:32.557+0000] {dagbag.py:588} INFO - Filling up the DagBag from /home/airflow/.local/lib/python3.12/site-packages/airflow/example_dags/example_branch_operator.py
[2024-09-28T20:20:32.568+0000] {processor.py:925} INFO - DAG(s) 'example_branch_operator' retrieved from /home/airflow/.local/lib/python3.12/site-packages/airflow/example_dags/example_branch_operator.py
[2024-09-28T20:20:32.588+0000] {logging_mixin.py:190} INFO - [2024-09-28T20:20:32.588+0000] {dag.py:3239} INFO - Sync 1 DAGs
[2024-09-28T20:20:32.606+0000] {logging_mixin.py:190} INFO - [2024-09-28T20:20:32.605+0000] {dag.py:4180} INFO - Setting next_dagrun for example_branch_operator to 2024-09-27 00:00:00+00:00, run_after=2024-09-28 00:00:00+00:00
[2024-09-28T20:20:32.624+0000] {processor.py:208} INFO - Processing /home/airflow/.local/lib/python3.12/site-packages/airflow/example_dags/example_branch_operator.py took 0.073 seconds
