[2024-09-28T19:52:51.505+0000] {processor.py:186} INFO - Started process (PID=104) to work on /home/airflow/.local/lib/python3.12/site-packages/airflow/example_dags/example_sla_dag.py
[2024-09-28T19:52:51.506+0000] {processor.py:914} INFO - Processing file /home/airflow/.local/lib/python3.12/site-packages/airflow/example_dags/example_sla_dag.py for tasks to queue
[2024-09-28T19:52:51.508+0000] {logging_mixin.py:190} INFO - [2024-09-28T19:52:51.508+0000] {dagbag.py:588} INFO - Filling up the DagBag from /home/airflow/.local/lib/python3.12/site-packages/airflow/example_dags/example_sla_dag.py
[2024-09-28T19:52:51.516+0000] {processor.py:925} INFO - DAG(s) 'example_sla_dag' retrieved from /home/airflow/.local/lib/python3.12/site-packages/airflow/example_dags/example_sla_dag.py
[2024-09-28T19:52:51.583+0000] {logging_mixin.py:190} INFO - [2024-09-28T19:52:51.582+0000] {override.py:1900} INFO - Created Permission View: can edit on DAG:example_sla_dag
[2024-09-28T19:52:51.600+0000] {logging_mixin.py:190} INFO - [2024-09-28T19:52:51.600+0000] {override.py:1900} INFO - Created Permission View: can delete on DAG:example_sla_dag
[2024-09-28T19:52:51.606+0000] {logging_mixin.py:190} INFO - [2024-09-28T19:52:51.606+0000] {override.py:1900} INFO - Created Permission View: can read on DAG:example_sla_dag
[2024-09-28T19:52:51.621+0000] {logging_mixin.py:190} INFO - [2024-09-28T19:52:51.621+0000] {override.py:1900} INFO - Created Permission View: can delete on DAG Run:example_sla_dag
[2024-09-28T19:52:51.626+0000] {logging_mixin.py:190} INFO - [2024-09-28T19:52:51.626+0000] {override.py:1900} INFO - Created Permission View: can read on DAG Run:example_sla_dag
[2024-09-28T19:52:51.630+0000] {logging_mixin.py:190} INFO - [2024-09-28T19:52:51.630+0000] {override.py:1900} INFO - Created Permission View: can create on DAG Run:example_sla_dag
[2024-09-28T19:52:51.635+0000] {logging_mixin.py:190} INFO - [2024-09-28T19:52:51.635+0000] {override.py:1900} INFO - Created Permission View: menu access on DAG Run:example_sla_dag
[2024-09-28T19:52:51.641+0000] {logging_mixin.py:190} INFO - [2024-09-28T19:52:51.640+0000] {dag.py:3239} INFO - Sync 1 DAGs
[2024-09-28T19:52:51.649+0000] {logging_mixin.py:190} INFO - [2024-09-28T19:52:51.649+0000] {dag.py:3262} INFO - Creating ORM DAG for example_sla_dag
[2024-09-28T19:52:51.657+0000] {logging_mixin.py:190} INFO - [2024-09-28T19:52:51.657+0000] {dag.py:4180} INFO - Setting next_dagrun for example_sla_dag to 2024-09-28 19:50:00+00:00, run_after=2024-09-28 19:52:00+00:00
[2024-09-28T19:52:51.675+0000] {processor.py:208} INFO - Processing /home/airflow/.local/lib/python3.12/site-packages/airflow/example_dags/example_sla_dag.py took 0.173 seconds
[2024-09-28T19:53:22.597+0000] {processor.py:186} INFO - Started process (PID=170) to work on /home/airflow/.local/lib/python3.12/site-packages/airflow/example_dags/example_sla_dag.py
[2024-09-28T19:53:22.598+0000] {processor.py:914} INFO - Processing file /home/airflow/.local/lib/python3.12/site-packages/airflow/example_dags/example_sla_dag.py for tasks to queue
[2024-09-28T19:53:22.600+0000] {logging_mixin.py:190} INFO - [2024-09-28T19:53:22.599+0000] {dagbag.py:588} INFO - Filling up the DagBag from /home/airflow/.local/lib/python3.12/site-packages/airflow/example_dags/example_sla_dag.py
[2024-09-28T19:53:22.607+0000] {processor.py:925} INFO - DAG(s) 'example_sla_dag' retrieved from /home/airflow/.local/lib/python3.12/site-packages/airflow/example_dags/example_sla_dag.py
[2024-09-28T19:53:22.623+0000] {logging_mixin.py:190} INFO - [2024-09-28T19:53:22.622+0000] {dag.py:3239} INFO - Sync 1 DAGs
[2024-09-28T19:53:22.639+0000] {logging_mixin.py:190} INFO - [2024-09-28T19:53:22.639+0000] {dag.py:4180} INFO - Setting next_dagrun for example_sla_dag to 2024-09-28 19:50:00+00:00, run_after=2024-09-28 19:52:00+00:00
[2024-09-28T19:53:22.653+0000] {processor.py:208} INFO - Processing /home/airflow/.local/lib/python3.12/site-packages/airflow/example_dags/example_sla_dag.py took 0.061 seconds
[2024-09-28T19:53:52.746+0000] {processor.py:186} INFO - Started process (PID=233) to work on /home/airflow/.local/lib/python3.12/site-packages/airflow/example_dags/example_sla_dag.py
[2024-09-28T19:53:52.747+0000] {processor.py:914} INFO - Processing file /home/airflow/.local/lib/python3.12/site-packages/airflow/example_dags/example_sla_dag.py for tasks to queue
[2024-09-28T19:53:52.749+0000] {logging_mixin.py:190} INFO - [2024-09-28T19:53:52.748+0000] {dagbag.py:588} INFO - Filling up the DagBag from /home/airflow/.local/lib/python3.12/site-packages/airflow/example_dags/example_sla_dag.py
[2024-09-28T19:53:52.755+0000] {processor.py:925} INFO - DAG(s) 'example_sla_dag' retrieved from /home/airflow/.local/lib/python3.12/site-packages/airflow/example_dags/example_sla_dag.py
[2024-09-28T19:53:52.767+0000] {logging_mixin.py:190} INFO - [2024-09-28T19:53:52.767+0000] {dag.py:3239} INFO - Sync 1 DAGs
[2024-09-28T19:53:52.787+0000] {logging_mixin.py:190} INFO - [2024-09-28T19:53:52.787+0000] {dag.py:4180} INFO - Setting next_dagrun for example_sla_dag to 2024-09-28 19:50:00+00:00, run_after=2024-09-28 19:52:00+00:00
[2024-09-28T19:53:52.798+0000] {processor.py:208} INFO - Processing /home/airflow/.local/lib/python3.12/site-packages/airflow/example_dags/example_sla_dag.py took 0.055 seconds
[2024-09-28T19:54:23.211+0000] {processor.py:186} INFO - Started process (PID=299) to work on /home/airflow/.local/lib/python3.12/site-packages/airflow/example_dags/example_sla_dag.py
[2024-09-28T19:54:23.211+0000] {processor.py:914} INFO - Processing file /home/airflow/.local/lib/python3.12/site-packages/airflow/example_dags/example_sla_dag.py for tasks to queue
[2024-09-28T19:54:23.214+0000] {logging_mixin.py:190} INFO - [2024-09-28T19:54:23.213+0000] {dagbag.py:588} INFO - Filling up the DagBag from /home/airflow/.local/lib/python3.12/site-packages/airflow/example_dags/example_sla_dag.py
[2024-09-28T19:54:23.222+0000] {processor.py:925} INFO - DAG(s) 'example_sla_dag' retrieved from /home/airflow/.local/lib/python3.12/site-packages/airflow/example_dags/example_sla_dag.py
[2024-09-28T19:54:23.237+0000] {logging_mixin.py:190} INFO - [2024-09-28T19:54:23.237+0000] {dag.py:3239} INFO - Sync 1 DAGs
[2024-09-28T19:54:23.258+0000] {logging_mixin.py:190} INFO - [2024-09-28T19:54:23.258+0000] {dag.py:4180} INFO - Setting next_dagrun for example_sla_dag to 2024-09-28 19:52:00+00:00, run_after=2024-09-28 19:54:00+00:00
[2024-09-28T19:54:23.272+0000] {processor.py:208} INFO - Processing /home/airflow/.local/lib/python3.12/site-packages/airflow/example_dags/example_sla_dag.py took 0.066 seconds
[2024-09-28T19:54:53.626+0000] {processor.py:186} INFO - Started process (PID=364) to work on /home/airflow/.local/lib/python3.12/site-packages/airflow/example_dags/example_sla_dag.py
[2024-09-28T19:54:53.627+0000] {processor.py:914} INFO - Processing file /home/airflow/.local/lib/python3.12/site-packages/airflow/example_dags/example_sla_dag.py for tasks to queue
[2024-09-28T19:54:53.629+0000] {logging_mixin.py:190} INFO - [2024-09-28T19:54:53.629+0000] {dagbag.py:588} INFO - Filling up the DagBag from /home/airflow/.local/lib/python3.12/site-packages/airflow/example_dags/example_sla_dag.py
[2024-09-28T19:54:53.636+0000] {processor.py:925} INFO - DAG(s) 'example_sla_dag' retrieved from /home/airflow/.local/lib/python3.12/site-packages/airflow/example_dags/example_sla_dag.py
[2024-09-28T19:54:53.650+0000] {logging_mixin.py:190} INFO - [2024-09-28T19:54:53.650+0000] {dag.py:3239} INFO - Sync 1 DAGs
[2024-09-28T19:54:53.667+0000] {logging_mixin.py:190} INFO - [2024-09-28T19:54:53.667+0000] {dag.py:4180} INFO - Setting next_dagrun for example_sla_dag to 2024-09-28 19:52:00+00:00, run_after=2024-09-28 19:54:00+00:00
[2024-09-28T19:54:53.682+0000] {processor.py:208} INFO - Processing /home/airflow/.local/lib/python3.12/site-packages/airflow/example_dags/example_sla_dag.py took 0.059 seconds
[2024-09-28T19:55:23.986+0000] {processor.py:186} INFO - Started process (PID=429) to work on /home/airflow/.local/lib/python3.12/site-packages/airflow/example_dags/example_sla_dag.py
[2024-09-28T19:55:23.987+0000] {processor.py:914} INFO - Processing file /home/airflow/.local/lib/python3.12/site-packages/airflow/example_dags/example_sla_dag.py for tasks to queue
[2024-09-28T19:55:23.988+0000] {logging_mixin.py:190} INFO - [2024-09-28T19:55:23.988+0000] {dagbag.py:588} INFO - Filling up the DagBag from /home/airflow/.local/lib/python3.12/site-packages/airflow/example_dags/example_sla_dag.py
[2024-09-28T19:55:23.994+0000] {processor.py:925} INFO - DAG(s) 'example_sla_dag' retrieved from /home/airflow/.local/lib/python3.12/site-packages/airflow/example_dags/example_sla_dag.py
[2024-09-28T19:55:24.007+0000] {logging_mixin.py:190} INFO - [2024-09-28T19:55:24.007+0000] {dag.py:3239} INFO - Sync 1 DAGs
[2024-09-28T19:55:24.023+0000] {logging_mixin.py:190} INFO - [2024-09-28T19:55:24.023+0000] {dag.py:4180} INFO - Setting next_dagrun for example_sla_dag to 2024-09-28 19:52:00+00:00, run_after=2024-09-28 19:54:00+00:00
[2024-09-28T19:55:24.038+0000] {processor.py:208} INFO - Processing /home/airflow/.local/lib/python3.12/site-packages/airflow/example_dags/example_sla_dag.py took 0.056 seconds
[2024-09-28T19:55:54.415+0000] {processor.py:186} INFO - Started process (PID=495) to work on /home/airflow/.local/lib/python3.12/site-packages/airflow/example_dags/example_sla_dag.py
[2024-09-28T19:55:54.416+0000] {processor.py:914} INFO - Processing file /home/airflow/.local/lib/python3.12/site-packages/airflow/example_dags/example_sla_dag.py for tasks to queue
[2024-09-28T19:55:54.417+0000] {logging_mixin.py:190} INFO - [2024-09-28T19:55:54.417+0000] {dagbag.py:588} INFO - Filling up the DagBag from /home/airflow/.local/lib/python3.12/site-packages/airflow/example_dags/example_sla_dag.py
[2024-09-28T19:55:54.423+0000] {processor.py:925} INFO - DAG(s) 'example_sla_dag' retrieved from /home/airflow/.local/lib/python3.12/site-packages/airflow/example_dags/example_sla_dag.py
[2024-09-28T19:55:54.436+0000] {logging_mixin.py:190} INFO - [2024-09-28T19:55:54.436+0000] {dag.py:3239} INFO - Sync 1 DAGs
[2024-09-28T19:55:54.453+0000] {logging_mixin.py:190} INFO - [2024-09-28T19:55:54.452+0000] {dag.py:4180} INFO - Setting next_dagrun for example_sla_dag to 2024-09-28 19:52:00+00:00, run_after=2024-09-28 19:54:00+00:00
[2024-09-28T19:55:54.466+0000] {processor.py:208} INFO - Processing /home/airflow/.local/lib/python3.12/site-packages/airflow/example_dags/example_sla_dag.py took 0.055 seconds
[2024-09-28T19:56:24.815+0000] {processor.py:186} INFO - Started process (PID=560) to work on /home/airflow/.local/lib/python3.12/site-packages/airflow/example_dags/example_sla_dag.py
[2024-09-28T19:56:24.816+0000] {processor.py:914} INFO - Processing file /home/airflow/.local/lib/python3.12/site-packages/airflow/example_dags/example_sla_dag.py for tasks to queue
[2024-09-28T19:56:24.829+0000] {logging_mixin.py:190} INFO - [2024-09-28T19:56:24.829+0000] {dagbag.py:588} INFO - Filling up the DagBag from /home/airflow/.local/lib/python3.12/site-packages/airflow/example_dags/example_sla_dag.py
[2024-09-28T19:56:24.841+0000] {processor.py:925} INFO - DAG(s) 'example_sla_dag' retrieved from /home/airflow/.local/lib/python3.12/site-packages/airflow/example_dags/example_sla_dag.py
[2024-09-28T19:56:24.854+0000] {logging_mixin.py:190} INFO - [2024-09-28T19:56:24.854+0000] {dag.py:3239} INFO - Sync 1 DAGs
[2024-09-28T19:56:24.870+0000] {logging_mixin.py:190} INFO - [2024-09-28T19:56:24.870+0000] {dag.py:4180} INFO - Setting next_dagrun for example_sla_dag to 2024-09-28 19:54:00+00:00, run_after=2024-09-28 19:56:00+00:00
[2024-09-28T19:56:24.885+0000] {processor.py:208} INFO - Processing /home/airflow/.local/lib/python3.12/site-packages/airflow/example_dags/example_sla_dag.py took 0.074 seconds
[2024-09-28T19:56:55.158+0000] {processor.py:186} INFO - Started process (PID=625) to work on /home/airflow/.local/lib/python3.12/site-packages/airflow/example_dags/example_sla_dag.py
[2024-09-28T19:56:55.160+0000] {processor.py:914} INFO - Processing file /home/airflow/.local/lib/python3.12/site-packages/airflow/example_dags/example_sla_dag.py for tasks to queue
[2024-09-28T19:56:55.161+0000] {logging_mixin.py:190} INFO - [2024-09-28T19:56:55.161+0000] {dagbag.py:588} INFO - Filling up the DagBag from /home/airflow/.local/lib/python3.12/site-packages/airflow/example_dags/example_sla_dag.py
[2024-09-28T19:56:55.168+0000] {processor.py:925} INFO - DAG(s) 'example_sla_dag' retrieved from /home/airflow/.local/lib/python3.12/site-packages/airflow/example_dags/example_sla_dag.py
[2024-09-28T19:56:55.183+0000] {logging_mixin.py:190} INFO - [2024-09-28T19:56:55.183+0000] {dag.py:3239} INFO - Sync 1 DAGs
[2024-09-28T19:56:55.201+0000] {logging_mixin.py:190} INFO - [2024-09-28T19:56:55.201+0000] {dag.py:4180} INFO - Setting next_dagrun for example_sla_dag to 2024-09-28 19:54:00+00:00, run_after=2024-09-28 19:56:00+00:00
[2024-09-28T19:56:55.218+0000] {processor.py:208} INFO - Processing /home/airflow/.local/lib/python3.12/site-packages/airflow/example_dags/example_sla_dag.py took 0.063 seconds
[2024-09-28T19:57:25.307+0000] {processor.py:186} INFO - Started process (PID=689) to work on /home/airflow/.local/lib/python3.12/site-packages/airflow/example_dags/example_sla_dag.py
[2024-09-28T19:57:25.308+0000] {processor.py:914} INFO - Processing file /home/airflow/.local/lib/python3.12/site-packages/airflow/example_dags/example_sla_dag.py for tasks to queue
[2024-09-28T19:57:25.309+0000] {logging_mixin.py:190} INFO - [2024-09-28T19:57:25.309+0000] {dagbag.py:588} INFO - Filling up the DagBag from /home/airflow/.local/lib/python3.12/site-packages/airflow/example_dags/example_sla_dag.py
[2024-09-28T19:57:25.316+0000] {processor.py:925} INFO - DAG(s) 'example_sla_dag' retrieved from /home/airflow/.local/lib/python3.12/site-packages/airflow/example_dags/example_sla_dag.py
[2024-09-28T19:57:25.330+0000] {logging_mixin.py:190} INFO - [2024-09-28T19:57:25.330+0000] {dag.py:3239} INFO - Sync 1 DAGs
[2024-09-28T19:57:25.347+0000] {logging_mixin.py:190} INFO - [2024-09-28T19:57:25.347+0000] {dag.py:4180} INFO - Setting next_dagrun for example_sla_dag to 2024-09-28 19:54:00+00:00, run_after=2024-09-28 19:56:00+00:00
[2024-09-28T19:57:25.360+0000] {processor.py:208} INFO - Processing /home/airflow/.local/lib/python3.12/site-packages/airflow/example_dags/example_sla_dag.py took 0.058 seconds
[2024-09-28T19:57:55.958+0000] {processor.py:186} INFO - Started process (PID=755) to work on /home/airflow/.local/lib/python3.12/site-packages/airflow/example_dags/example_sla_dag.py
[2024-09-28T19:57:55.959+0000] {processor.py:914} INFO - Processing file /home/airflow/.local/lib/python3.12/site-packages/airflow/example_dags/example_sla_dag.py for tasks to queue
[2024-09-28T19:57:55.961+0000] {logging_mixin.py:190} INFO - [2024-09-28T19:57:55.960+0000] {dagbag.py:588} INFO - Filling up the DagBag from /home/airflow/.local/lib/python3.12/site-packages/airflow/example_dags/example_sla_dag.py
[2024-09-28T19:57:55.966+0000] {processor.py:925} INFO - DAG(s) 'example_sla_dag' retrieved from /home/airflow/.local/lib/python3.12/site-packages/airflow/example_dags/example_sla_dag.py
[2024-09-28T19:57:55.979+0000] {logging_mixin.py:190} INFO - [2024-09-28T19:57:55.979+0000] {dag.py:3239} INFO - Sync 1 DAGs
[2024-09-28T19:57:55.994+0000] {logging_mixin.py:190} INFO - [2024-09-28T19:57:55.994+0000] {dag.py:4180} INFO - Setting next_dagrun for example_sla_dag to 2024-09-28 19:54:00+00:00, run_after=2024-09-28 19:56:00+00:00
[2024-09-28T19:57:56.009+0000] {processor.py:208} INFO - Processing /home/airflow/.local/lib/python3.12/site-packages/airflow/example_dags/example_sla_dag.py took 0.056 seconds
[2024-09-28T19:58:26.401+0000] {processor.py:186} INFO - Started process (PID=820) to work on /home/airflow/.local/lib/python3.12/site-packages/airflow/example_dags/example_sla_dag.py
[2024-09-28T19:58:26.402+0000] {processor.py:914} INFO - Processing file /home/airflow/.local/lib/python3.12/site-packages/airflow/example_dags/example_sla_dag.py for tasks to queue
[2024-09-28T19:58:26.403+0000] {logging_mixin.py:190} INFO - [2024-09-28T19:58:26.403+0000] {dagbag.py:588} INFO - Filling up the DagBag from /home/airflow/.local/lib/python3.12/site-packages/airflow/example_dags/example_sla_dag.py
[2024-09-28T19:58:26.409+0000] {processor.py:925} INFO - DAG(s) 'example_sla_dag' retrieved from /home/airflow/.local/lib/python3.12/site-packages/airflow/example_dags/example_sla_dag.py
[2024-09-28T19:58:26.423+0000] {logging_mixin.py:190} INFO - [2024-09-28T19:58:26.423+0000] {dag.py:3239} INFO - Sync 1 DAGs
[2024-09-28T19:58:26.441+0000] {logging_mixin.py:190} INFO - [2024-09-28T19:58:26.441+0000] {dag.py:4180} INFO - Setting next_dagrun for example_sla_dag to 2024-09-28 19:56:00+00:00, run_after=2024-09-28 19:58:00+00:00
[2024-09-28T19:58:26.455+0000] {processor.py:208} INFO - Processing /home/airflow/.local/lib/python3.12/site-packages/airflow/example_dags/example_sla_dag.py took 0.057 seconds
[2024-09-28T19:58:56.620+0000] {processor.py:186} INFO - Started process (PID=885) to work on /home/airflow/.local/lib/python3.12/site-packages/airflow/example_dags/example_sla_dag.py
[2024-09-28T19:58:56.621+0000] {processor.py:914} INFO - Processing file /home/airflow/.local/lib/python3.12/site-packages/airflow/example_dags/example_sla_dag.py for tasks to queue
[2024-09-28T19:58:56.623+0000] {logging_mixin.py:190} INFO - [2024-09-28T19:58:56.623+0000] {dagbag.py:588} INFO - Filling up the DagBag from /home/airflow/.local/lib/python3.12/site-packages/airflow/example_dags/example_sla_dag.py
[2024-09-28T19:58:56.630+0000] {processor.py:925} INFO - DAG(s) 'example_sla_dag' retrieved from /home/airflow/.local/lib/python3.12/site-packages/airflow/example_dags/example_sla_dag.py
[2024-09-28T19:58:56.644+0000] {logging_mixin.py:190} INFO - [2024-09-28T19:58:56.644+0000] {dag.py:3239} INFO - Sync 1 DAGs
[2024-09-28T19:58:56.662+0000] {logging_mixin.py:190} INFO - [2024-09-28T19:58:56.662+0000] {dag.py:4180} INFO - Setting next_dagrun for example_sla_dag to 2024-09-28 19:56:00+00:00, run_after=2024-09-28 19:58:00+00:00
[2024-09-28T19:58:56.679+0000] {processor.py:208} INFO - Processing /home/airflow/.local/lib/python3.12/site-packages/airflow/example_dags/example_sla_dag.py took 0.062 seconds
[2024-09-28T19:59:27.055+0000] {processor.py:186} INFO - Started process (PID=950) to work on /home/airflow/.local/lib/python3.12/site-packages/airflow/example_dags/example_sla_dag.py
[2024-09-28T19:59:27.056+0000] {processor.py:914} INFO - Processing file /home/airflow/.local/lib/python3.12/site-packages/airflow/example_dags/example_sla_dag.py for tasks to queue
[2024-09-28T19:59:27.057+0000] {logging_mixin.py:190} INFO - [2024-09-28T19:59:27.057+0000] {dagbag.py:588} INFO - Filling up the DagBag from /home/airflow/.local/lib/python3.12/site-packages/airflow/example_dags/example_sla_dag.py
[2024-09-28T19:59:27.063+0000] {processor.py:925} INFO - DAG(s) 'example_sla_dag' retrieved from /home/airflow/.local/lib/python3.12/site-packages/airflow/example_dags/example_sla_dag.py
[2024-09-28T19:59:27.075+0000] {logging_mixin.py:190} INFO - [2024-09-28T19:59:27.074+0000] {dag.py:3239} INFO - Sync 1 DAGs
[2024-09-28T19:59:27.090+0000] {logging_mixin.py:190} INFO - [2024-09-28T19:59:27.090+0000] {dag.py:4180} INFO - Setting next_dagrun for example_sla_dag to 2024-09-28 19:56:00+00:00, run_after=2024-09-28 19:58:00+00:00
[2024-09-28T19:59:27.103+0000] {processor.py:208} INFO - Processing /home/airflow/.local/lib/python3.12/site-packages/airflow/example_dags/example_sla_dag.py took 0.052 seconds
[2024-09-28T19:59:57.669+0000] {processor.py:186} INFO - Started process (PID=1015) to work on /home/airflow/.local/lib/python3.12/site-packages/airflow/example_dags/example_sla_dag.py
[2024-09-28T19:59:57.672+0000] {processor.py:914} INFO - Processing file /home/airflow/.local/lib/python3.12/site-packages/airflow/example_dags/example_sla_dag.py for tasks to queue
[2024-09-28T19:59:57.675+0000] {logging_mixin.py:190} INFO - [2024-09-28T19:59:57.675+0000] {dagbag.py:588} INFO - Filling up the DagBag from /home/airflow/.local/lib/python3.12/site-packages/airflow/example_dags/example_sla_dag.py
[2024-09-28T19:59:57.694+0000] {processor.py:925} INFO - DAG(s) 'example_sla_dag' retrieved from /home/airflow/.local/lib/python3.12/site-packages/airflow/example_dags/example_sla_dag.py
[2024-09-28T19:59:57.712+0000] {logging_mixin.py:190} INFO - [2024-09-28T19:59:57.712+0000] {dag.py:3239} INFO - Sync 1 DAGs
[2024-09-28T19:59:57.729+0000] {logging_mixin.py:190} INFO - [2024-09-28T19:59:57.729+0000] {dag.py:4180} INFO - Setting next_dagrun for example_sla_dag to 2024-09-28 19:56:00+00:00, run_after=2024-09-28 19:58:00+00:00
[2024-09-28T19:59:57.741+0000] {processor.py:208} INFO - Processing /home/airflow/.local/lib/python3.12/site-packages/airflow/example_dags/example_sla_dag.py took 0.077 seconds
[2024-09-28T20:05:10.438+0000] {processor.py:186} INFO - Started process (PID=104) to work on /home/airflow/.local/lib/python3.12/site-packages/airflow/example_dags/example_sla_dag.py
[2024-09-28T20:05:10.439+0000] {processor.py:914} INFO - Processing file /home/airflow/.local/lib/python3.12/site-packages/airflow/example_dags/example_sla_dag.py for tasks to queue
[2024-09-28T20:05:10.441+0000] {logging_mixin.py:190} INFO - [2024-09-28T20:05:10.441+0000] {dagbag.py:588} INFO - Filling up the DagBag from /home/airflow/.local/lib/python3.12/site-packages/airflow/example_dags/example_sla_dag.py
[2024-09-28T20:05:10.448+0000] {processor.py:925} INFO - DAG(s) 'example_sla_dag' retrieved from /home/airflow/.local/lib/python3.12/site-packages/airflow/example_dags/example_sla_dag.py
[2024-09-28T20:05:10.462+0000] {logging_mixin.py:190} INFO - [2024-09-28T20:05:10.462+0000] {dag.py:3239} INFO - Sync 1 DAGs
[2024-09-28T20:05:10.481+0000] {logging_mixin.py:190} INFO - [2024-09-28T20:05:10.480+0000] {dag.py:4180} INFO - Setting next_dagrun for example_sla_dag to 2024-09-28 20:02:00+00:00, run_after=2024-09-28 20:04:00+00:00
[2024-09-28T20:05:10.493+0000] {processor.py:208} INFO - Processing /home/airflow/.local/lib/python3.12/site-packages/airflow/example_dags/example_sla_dag.py took 0.060 seconds
[2024-09-28T20:05:40.655+0000] {processor.py:186} INFO - Started process (PID=169) to work on /home/airflow/.local/lib/python3.12/site-packages/airflow/example_dags/example_sla_dag.py
[2024-09-28T20:05:40.656+0000] {processor.py:914} INFO - Processing file /home/airflow/.local/lib/python3.12/site-packages/airflow/example_dags/example_sla_dag.py for tasks to queue
[2024-09-28T20:05:40.658+0000] {logging_mixin.py:190} INFO - [2024-09-28T20:05:40.658+0000] {dagbag.py:588} INFO - Filling up the DagBag from /home/airflow/.local/lib/python3.12/site-packages/airflow/example_dags/example_sla_dag.py
[2024-09-28T20:05:40.665+0000] {processor.py:925} INFO - DAG(s) 'example_sla_dag' retrieved from /home/airflow/.local/lib/python3.12/site-packages/airflow/example_dags/example_sla_dag.py
[2024-09-28T20:05:40.678+0000] {logging_mixin.py:190} INFO - [2024-09-28T20:05:40.677+0000] {dag.py:3239} INFO - Sync 1 DAGs
[2024-09-28T20:05:40.693+0000] {logging_mixin.py:190} INFO - [2024-09-28T20:05:40.693+0000] {dag.py:4180} INFO - Setting next_dagrun for example_sla_dag to 2024-09-28 20:02:00+00:00, run_after=2024-09-28 20:04:00+00:00
[2024-09-28T20:05:40.705+0000] {processor.py:208} INFO - Processing /home/airflow/.local/lib/python3.12/site-packages/airflow/example_dags/example_sla_dag.py took 0.054 seconds
[2024-09-28T20:06:11.101+0000] {processor.py:186} INFO - Started process (PID=234) to work on /home/airflow/.local/lib/python3.12/site-packages/airflow/example_dags/example_sla_dag.py
[2024-09-28T20:06:11.102+0000] {processor.py:914} INFO - Processing file /home/airflow/.local/lib/python3.12/site-packages/airflow/example_dags/example_sla_dag.py for tasks to queue
[2024-09-28T20:06:11.104+0000] {logging_mixin.py:190} INFO - [2024-09-28T20:06:11.104+0000] {dagbag.py:588} INFO - Filling up the DagBag from /home/airflow/.local/lib/python3.12/site-packages/airflow/example_dags/example_sla_dag.py
[2024-09-28T20:06:11.110+0000] {processor.py:925} INFO - DAG(s) 'example_sla_dag' retrieved from /home/airflow/.local/lib/python3.12/site-packages/airflow/example_dags/example_sla_dag.py
[2024-09-28T20:06:11.124+0000] {logging_mixin.py:190} INFO - [2024-09-28T20:06:11.123+0000] {dag.py:3239} INFO - Sync 1 DAGs
[2024-09-28T20:06:11.140+0000] {logging_mixin.py:190} INFO - [2024-09-28T20:06:11.140+0000] {dag.py:4180} INFO - Setting next_dagrun for example_sla_dag to 2024-09-28 20:04:00+00:00, run_after=2024-09-28 20:06:00+00:00
[2024-09-28T20:06:11.152+0000] {processor.py:208} INFO - Processing /home/airflow/.local/lib/python3.12/site-packages/airflow/example_dags/example_sla_dag.py took 0.054 seconds
[2024-09-28T20:06:41.596+0000] {processor.py:186} INFO - Started process (PID=300) to work on /home/airflow/.local/lib/python3.12/site-packages/airflow/example_dags/example_sla_dag.py
[2024-09-28T20:06:41.597+0000] {processor.py:914} INFO - Processing file /home/airflow/.local/lib/python3.12/site-packages/airflow/example_dags/example_sla_dag.py for tasks to queue
[2024-09-28T20:06:41.598+0000] {logging_mixin.py:190} INFO - [2024-09-28T20:06:41.598+0000] {dagbag.py:588} INFO - Filling up the DagBag from /home/airflow/.local/lib/python3.12/site-packages/airflow/example_dags/example_sla_dag.py
[2024-09-28T20:06:41.605+0000] {processor.py:925} INFO - DAG(s) 'example_sla_dag' retrieved from /home/airflow/.local/lib/python3.12/site-packages/airflow/example_dags/example_sla_dag.py
[2024-09-28T20:06:41.618+0000] {logging_mixin.py:190} INFO - [2024-09-28T20:06:41.618+0000] {dag.py:3239} INFO - Sync 1 DAGs
[2024-09-28T20:06:41.634+0000] {logging_mixin.py:190} INFO - [2024-09-28T20:06:41.633+0000] {dag.py:4180} INFO - Setting next_dagrun for example_sla_dag to 2024-09-28 20:04:00+00:00, run_after=2024-09-28 20:06:00+00:00
[2024-09-28T20:06:41.646+0000] {processor.py:208} INFO - Processing /home/airflow/.local/lib/python3.12/site-packages/airflow/example_dags/example_sla_dag.py took 0.054 seconds
[2024-09-28T20:07:11.971+0000] {processor.py:186} INFO - Started process (PID=365) to work on /home/airflow/.local/lib/python3.12/site-packages/airflow/example_dags/example_sla_dag.py
[2024-09-28T20:07:11.977+0000] {processor.py:914} INFO - Processing file /home/airflow/.local/lib/python3.12/site-packages/airflow/example_dags/example_sla_dag.py for tasks to queue
[2024-09-28T20:07:11.979+0000] {logging_mixin.py:190} INFO - [2024-09-28T20:07:11.979+0000] {dagbag.py:588} INFO - Filling up the DagBag from /home/airflow/.local/lib/python3.12/site-packages/airflow/example_dags/example_sla_dag.py
[2024-09-28T20:07:11.986+0000] {processor.py:925} INFO - DAG(s) 'example_sla_dag' retrieved from /home/airflow/.local/lib/python3.12/site-packages/airflow/example_dags/example_sla_dag.py
[2024-09-28T20:07:11.998+0000] {logging_mixin.py:190} INFO - [2024-09-28T20:07:11.998+0000] {dag.py:3239} INFO - Sync 1 DAGs
[2024-09-28T20:07:12.014+0000] {logging_mixin.py:190} INFO - [2024-09-28T20:07:12.014+0000] {dag.py:4180} INFO - Setting next_dagrun for example_sla_dag to 2024-09-28 20:04:00+00:00, run_after=2024-09-28 20:06:00+00:00
[2024-09-28T20:07:12.026+0000] {processor.py:208} INFO - Processing /home/airflow/.local/lib/python3.12/site-packages/airflow/example_dags/example_sla_dag.py took 0.059 seconds
[2024-09-28T20:07:43.383+0000] {processor.py:186} INFO - Started process (PID=431) to work on /home/airflow/.local/lib/python3.12/site-packages/airflow/example_dags/example_sla_dag.py
[2024-09-28T20:07:43.384+0000] {processor.py:914} INFO - Processing file /home/airflow/.local/lib/python3.12/site-packages/airflow/example_dags/example_sla_dag.py for tasks to queue
[2024-09-28T20:07:43.385+0000] {logging_mixin.py:190} INFO - [2024-09-28T20:07:43.385+0000] {dagbag.py:588} INFO - Filling up the DagBag from /home/airflow/.local/lib/python3.12/site-packages/airflow/example_dags/example_sla_dag.py
[2024-09-28T20:07:43.392+0000] {processor.py:925} INFO - DAG(s) 'example_sla_dag' retrieved from /home/airflow/.local/lib/python3.12/site-packages/airflow/example_dags/example_sla_dag.py
[2024-09-28T20:07:43.417+0000] {logging_mixin.py:190} INFO - [2024-09-28T20:07:43.417+0000] {dag.py:3239} INFO - Sync 1 DAGs
[2024-09-28T20:07:43.435+0000] {logging_mixin.py:190} INFO - [2024-09-28T20:07:43.435+0000] {dag.py:4180} INFO - Setting next_dagrun for example_sla_dag to 2024-09-28 20:04:00+00:00, run_after=2024-09-28 20:06:00+00:00
[2024-09-28T20:07:43.446+0000] {processor.py:208} INFO - Processing /home/airflow/.local/lib/python3.12/site-packages/airflow/example_dags/example_sla_dag.py took 0.068 seconds
[2024-09-28T20:08:13.897+0000] {processor.py:186} INFO - Started process (PID=496) to work on /home/airflow/.local/lib/python3.12/site-packages/airflow/example_dags/example_sla_dag.py
[2024-09-28T20:08:13.898+0000] {processor.py:914} INFO - Processing file /home/airflow/.local/lib/python3.12/site-packages/airflow/example_dags/example_sla_dag.py for tasks to queue
[2024-09-28T20:08:13.900+0000] {logging_mixin.py:190} INFO - [2024-09-28T20:08:13.900+0000] {dagbag.py:588} INFO - Filling up the DagBag from /home/airflow/.local/lib/python3.12/site-packages/airflow/example_dags/example_sla_dag.py
[2024-09-28T20:08:13.907+0000] {processor.py:925} INFO - DAG(s) 'example_sla_dag' retrieved from /home/airflow/.local/lib/python3.12/site-packages/airflow/example_dags/example_sla_dag.py
[2024-09-28T20:08:13.923+0000] {logging_mixin.py:190} INFO - [2024-09-28T20:08:13.922+0000] {dag.py:3239} INFO - Sync 1 DAGs
[2024-09-28T20:08:13.938+0000] {logging_mixin.py:190} INFO - [2024-09-28T20:08:13.938+0000] {dag.py:4180} INFO - Setting next_dagrun for example_sla_dag to 2024-09-28 20:06:00+00:00, run_after=2024-09-28 20:08:00+00:00
[2024-09-28T20:08:13.951+0000] {processor.py:208} INFO - Processing /home/airflow/.local/lib/python3.12/site-packages/airflow/example_dags/example_sla_dag.py took 0.057 seconds
[2024-09-28T20:08:44.417+0000] {processor.py:186} INFO - Started process (PID=561) to work on /home/airflow/.local/lib/python3.12/site-packages/airflow/example_dags/example_sla_dag.py
[2024-09-28T20:08:44.418+0000] {processor.py:914} INFO - Processing file /home/airflow/.local/lib/python3.12/site-packages/airflow/example_dags/example_sla_dag.py for tasks to queue
[2024-09-28T20:08:44.420+0000] {logging_mixin.py:190} INFO - [2024-09-28T20:08:44.420+0000] {dagbag.py:588} INFO - Filling up the DagBag from /home/airflow/.local/lib/python3.12/site-packages/airflow/example_dags/example_sla_dag.py
[2024-09-28T20:08:44.426+0000] {processor.py:925} INFO - DAG(s) 'example_sla_dag' retrieved from /home/airflow/.local/lib/python3.12/site-packages/airflow/example_dags/example_sla_dag.py
[2024-09-28T20:08:44.438+0000] {logging_mixin.py:190} INFO - [2024-09-28T20:08:44.438+0000] {dag.py:3239} INFO - Sync 1 DAGs
[2024-09-28T20:08:44.454+0000] {logging_mixin.py:190} INFO - [2024-09-28T20:08:44.454+0000] {dag.py:4180} INFO - Setting next_dagrun for example_sla_dag to 2024-09-28 20:06:00+00:00, run_after=2024-09-28 20:08:00+00:00
[2024-09-28T20:08:44.466+0000] {processor.py:208} INFO - Processing /home/airflow/.local/lib/python3.12/site-packages/airflow/example_dags/example_sla_dag.py took 0.053 seconds
[2024-09-28T20:09:15.456+0000] {processor.py:186} INFO - Started process (PID=626) to work on /home/airflow/.local/lib/python3.12/site-packages/airflow/example_dags/example_sla_dag.py
[2024-09-28T20:09:15.458+0000] {processor.py:914} INFO - Processing file /home/airflow/.local/lib/python3.12/site-packages/airflow/example_dags/example_sla_dag.py for tasks to queue
[2024-09-28T20:09:15.464+0000] {logging_mixin.py:190} INFO - [2024-09-28T20:09:15.464+0000] {dagbag.py:588} INFO - Filling up the DagBag from /home/airflow/.local/lib/python3.12/site-packages/airflow/example_dags/example_sla_dag.py
[2024-09-28T20:09:15.472+0000] {processor.py:925} INFO - DAG(s) 'example_sla_dag' retrieved from /home/airflow/.local/lib/python3.12/site-packages/airflow/example_dags/example_sla_dag.py
[2024-09-28T20:09:15.489+0000] {logging_mixin.py:190} INFO - [2024-09-28T20:09:15.489+0000] {dag.py:3239} INFO - Sync 1 DAGs
[2024-09-28T20:09:15.507+0000] {logging_mixin.py:190} INFO - [2024-09-28T20:09:15.507+0000] {dag.py:4180} INFO - Setting next_dagrun for example_sla_dag to 2024-09-28 20:06:00+00:00, run_after=2024-09-28 20:08:00+00:00
[2024-09-28T20:09:15.521+0000] {processor.py:208} INFO - Processing /home/airflow/.local/lib/python3.12/site-packages/airflow/example_dags/example_sla_dag.py took 0.069 seconds
[2024-09-28T20:09:46.454+0000] {processor.py:186} INFO - Started process (PID=691) to work on /home/airflow/.local/lib/python3.12/site-packages/airflow/example_dags/example_sla_dag.py
[2024-09-28T20:09:46.455+0000] {processor.py:914} INFO - Processing file /home/airflow/.local/lib/python3.12/site-packages/airflow/example_dags/example_sla_dag.py for tasks to queue
[2024-09-28T20:09:46.457+0000] {logging_mixin.py:190} INFO - [2024-09-28T20:09:46.457+0000] {dagbag.py:588} INFO - Filling up the DagBag from /home/airflow/.local/lib/python3.12/site-packages/airflow/example_dags/example_sla_dag.py
[2024-09-28T20:09:46.463+0000] {processor.py:925} INFO - DAG(s) 'example_sla_dag' retrieved from /home/airflow/.local/lib/python3.12/site-packages/airflow/example_dags/example_sla_dag.py
[2024-09-28T20:09:46.475+0000] {logging_mixin.py:190} INFO - [2024-09-28T20:09:46.475+0000] {dag.py:3239} INFO - Sync 1 DAGs
[2024-09-28T20:09:46.490+0000] {logging_mixin.py:190} INFO - [2024-09-28T20:09:46.490+0000] {dag.py:4180} INFO - Setting next_dagrun for example_sla_dag to 2024-09-28 20:06:00+00:00, run_after=2024-09-28 20:08:00+00:00
[2024-09-28T20:09:46.501+0000] {processor.py:208} INFO - Processing /home/airflow/.local/lib/python3.12/site-packages/airflow/example_dags/example_sla_dag.py took 0.051 seconds
[2024-09-28T20:10:16.697+0000] {processor.py:186} INFO - Started process (PID=757) to work on /home/airflow/.local/lib/python3.12/site-packages/airflow/example_dags/example_sla_dag.py
[2024-09-28T20:10:16.698+0000] {processor.py:914} INFO - Processing file /home/airflow/.local/lib/python3.12/site-packages/airflow/example_dags/example_sla_dag.py for tasks to queue
[2024-09-28T20:10:16.700+0000] {logging_mixin.py:190} INFO - [2024-09-28T20:10:16.699+0000] {dagbag.py:588} INFO - Filling up the DagBag from /home/airflow/.local/lib/python3.12/site-packages/airflow/example_dags/example_sla_dag.py
[2024-09-28T20:10:16.706+0000] {processor.py:925} INFO - DAG(s) 'example_sla_dag' retrieved from /home/airflow/.local/lib/python3.12/site-packages/airflow/example_dags/example_sla_dag.py
[2024-09-28T20:10:16.719+0000] {logging_mixin.py:190} INFO - [2024-09-28T20:10:16.719+0000] {dag.py:3239} INFO - Sync 1 DAGs
[2024-09-28T20:10:16.735+0000] {logging_mixin.py:190} INFO - [2024-09-28T20:10:16.735+0000] {dag.py:4180} INFO - Setting next_dagrun for example_sla_dag to 2024-09-28 20:08:00+00:00, run_after=2024-09-28 20:10:00+00:00
[2024-09-28T20:10:16.747+0000] {processor.py:208} INFO - Processing /home/airflow/.local/lib/python3.12/site-packages/airflow/example_dags/example_sla_dag.py took 0.054 seconds
[2024-09-28T20:10:46.914+0000] {processor.py:186} INFO - Started process (PID=823) to work on /home/airflow/.local/lib/python3.12/site-packages/airflow/example_dags/example_sla_dag.py
[2024-09-28T20:10:46.915+0000] {processor.py:914} INFO - Processing file /home/airflow/.local/lib/python3.12/site-packages/airflow/example_dags/example_sla_dag.py for tasks to queue
[2024-09-28T20:10:46.916+0000] {logging_mixin.py:190} INFO - [2024-09-28T20:10:46.916+0000] {dagbag.py:588} INFO - Filling up the DagBag from /home/airflow/.local/lib/python3.12/site-packages/airflow/example_dags/example_sla_dag.py
[2024-09-28T20:10:46.923+0000] {processor.py:925} INFO - DAG(s) 'example_sla_dag' retrieved from /home/airflow/.local/lib/python3.12/site-packages/airflow/example_dags/example_sla_dag.py
[2024-09-28T20:10:46.937+0000] {logging_mixin.py:190} INFO - [2024-09-28T20:10:46.937+0000] {dag.py:3239} INFO - Sync 1 DAGs
[2024-09-28T20:10:46.954+0000] {logging_mixin.py:190} INFO - [2024-09-28T20:10:46.954+0000] {dag.py:4180} INFO - Setting next_dagrun for example_sla_dag to 2024-09-28 20:08:00+00:00, run_after=2024-09-28 20:10:00+00:00
[2024-09-28T20:10:46.967+0000] {processor.py:208} INFO - Processing /home/airflow/.local/lib/python3.12/site-packages/airflow/example_dags/example_sla_dag.py took 0.057 seconds
[2024-09-28T20:11:17.221+0000] {processor.py:186} INFO - Started process (PID=892) to work on /home/airflow/.local/lib/python3.12/site-packages/airflow/example_dags/example_sla_dag.py
[2024-09-28T20:11:17.222+0000] {processor.py:914} INFO - Processing file /home/airflow/.local/lib/python3.12/site-packages/airflow/example_dags/example_sla_dag.py for tasks to queue
[2024-09-28T20:11:17.225+0000] {logging_mixin.py:190} INFO - [2024-09-28T20:11:17.225+0000] {dagbag.py:588} INFO - Filling up the DagBag from /home/airflow/.local/lib/python3.12/site-packages/airflow/example_dags/example_sla_dag.py
[2024-09-28T20:11:17.238+0000] {processor.py:925} INFO - DAG(s) 'example_sla_dag' retrieved from /home/airflow/.local/lib/python3.12/site-packages/airflow/example_dags/example_sla_dag.py
[2024-09-28T20:11:17.258+0000] {logging_mixin.py:190} INFO - [2024-09-28T20:11:17.258+0000] {dag.py:3239} INFO - Sync 1 DAGs
[2024-09-28T20:11:17.288+0000] {logging_mixin.py:190} INFO - [2024-09-28T20:11:17.288+0000] {dag.py:4180} INFO - Setting next_dagrun for example_sla_dag to 2024-09-28 20:08:00+00:00, run_after=2024-09-28 20:10:00+00:00
[2024-09-28T20:11:17.307+0000] {processor.py:208} INFO - Processing /home/airflow/.local/lib/python3.12/site-packages/airflow/example_dags/example_sla_dag.py took 0.092 seconds
[2024-09-28T20:11:47.729+0000] {processor.py:186} INFO - Started process (PID=959) to work on /home/airflow/.local/lib/python3.12/site-packages/airflow/example_dags/example_sla_dag.py
[2024-09-28T20:11:47.730+0000] {processor.py:914} INFO - Processing file /home/airflow/.local/lib/python3.12/site-packages/airflow/example_dags/example_sla_dag.py for tasks to queue
[2024-09-28T20:11:47.732+0000] {logging_mixin.py:190} INFO - [2024-09-28T20:11:47.732+0000] {dagbag.py:588} INFO - Filling up the DagBag from /home/airflow/.local/lib/python3.12/site-packages/airflow/example_dags/example_sla_dag.py
[2024-09-28T20:11:47.739+0000] {processor.py:925} INFO - DAG(s) 'example_sla_dag' retrieved from /home/airflow/.local/lib/python3.12/site-packages/airflow/example_dags/example_sla_dag.py
[2024-09-28T20:11:47.753+0000] {logging_mixin.py:190} INFO - [2024-09-28T20:11:47.753+0000] {dag.py:3239} INFO - Sync 1 DAGs
[2024-09-28T20:11:47.770+0000] {logging_mixin.py:190} INFO - [2024-09-28T20:11:47.770+0000] {dag.py:4180} INFO - Setting next_dagrun for example_sla_dag to 2024-09-28 20:08:00+00:00, run_after=2024-09-28 20:10:00+00:00
[2024-09-28T20:11:47.783+0000] {processor.py:208} INFO - Processing /home/airflow/.local/lib/python3.12/site-packages/airflow/example_dags/example_sla_dag.py took 0.058 seconds
[2024-09-28T20:12:18.078+0000] {processor.py:186} INFO - Started process (PID=1025) to work on /home/airflow/.local/lib/python3.12/site-packages/airflow/example_dags/example_sla_dag.py
[2024-09-28T20:12:18.079+0000] {processor.py:914} INFO - Processing file /home/airflow/.local/lib/python3.12/site-packages/airflow/example_dags/example_sla_dag.py for tasks to queue
[2024-09-28T20:12:18.081+0000] {logging_mixin.py:190} INFO - [2024-09-28T20:12:18.080+0000] {dagbag.py:588} INFO - Filling up the DagBag from /home/airflow/.local/lib/python3.12/site-packages/airflow/example_dags/example_sla_dag.py
[2024-09-28T20:12:18.087+0000] {processor.py:925} INFO - DAG(s) 'example_sla_dag' retrieved from /home/airflow/.local/lib/python3.12/site-packages/airflow/example_dags/example_sla_dag.py
[2024-09-28T20:12:18.101+0000] {logging_mixin.py:190} INFO - [2024-09-28T20:12:18.101+0000] {dag.py:3239} INFO - Sync 1 DAGs
[2024-09-28T20:12:18.121+0000] {logging_mixin.py:190} INFO - [2024-09-28T20:12:18.121+0000] {dag.py:4180} INFO - Setting next_dagrun for example_sla_dag to 2024-09-28 20:10:00+00:00, run_after=2024-09-28 20:12:00+00:00
[2024-09-28T20:12:18.135+0000] {processor.py:208} INFO - Processing /home/airflow/.local/lib/python3.12/site-packages/airflow/example_dags/example_sla_dag.py took 0.060 seconds
[2024-09-28T20:12:49.022+0000] {processor.py:186} INFO - Started process (PID=1091) to work on /home/airflow/.local/lib/python3.12/site-packages/airflow/example_dags/example_sla_dag.py
[2024-09-28T20:12:49.023+0000] {processor.py:914} INFO - Processing file /home/airflow/.local/lib/python3.12/site-packages/airflow/example_dags/example_sla_dag.py for tasks to queue
[2024-09-28T20:12:49.025+0000] {logging_mixin.py:190} INFO - [2024-09-28T20:12:49.024+0000] {dagbag.py:588} INFO - Filling up the DagBag from /home/airflow/.local/lib/python3.12/site-packages/airflow/example_dags/example_sla_dag.py
[2024-09-28T20:12:49.032+0000] {processor.py:925} INFO - DAG(s) 'example_sla_dag' retrieved from /home/airflow/.local/lib/python3.12/site-packages/airflow/example_dags/example_sla_dag.py
[2024-09-28T20:12:49.045+0000] {logging_mixin.py:190} INFO - [2024-09-28T20:12:49.045+0000] {dag.py:3239} INFO - Sync 1 DAGs
[2024-09-28T20:12:49.061+0000] {logging_mixin.py:190} INFO - [2024-09-28T20:12:49.061+0000] {dag.py:4180} INFO - Setting next_dagrun for example_sla_dag to 2024-09-28 20:10:00+00:00, run_after=2024-09-28 20:12:00+00:00
[2024-09-28T20:12:49.074+0000] {processor.py:208} INFO - Processing /home/airflow/.local/lib/python3.12/site-packages/airflow/example_dags/example_sla_dag.py took 0.056 seconds
[2024-09-28T20:13:19.347+0000] {processor.py:186} INFO - Started process (PID=1157) to work on /home/airflow/.local/lib/python3.12/site-packages/airflow/example_dags/example_sla_dag.py
[2024-09-28T20:13:19.348+0000] {processor.py:914} INFO - Processing file /home/airflow/.local/lib/python3.12/site-packages/airflow/example_dags/example_sla_dag.py for tasks to queue
[2024-09-28T20:13:19.350+0000] {logging_mixin.py:190} INFO - [2024-09-28T20:13:19.350+0000] {dagbag.py:588} INFO - Filling up the DagBag from /home/airflow/.local/lib/python3.12/site-packages/airflow/example_dags/example_sla_dag.py
[2024-09-28T20:13:19.356+0000] {processor.py:925} INFO - DAG(s) 'example_sla_dag' retrieved from /home/airflow/.local/lib/python3.12/site-packages/airflow/example_dags/example_sla_dag.py
[2024-09-28T20:13:19.370+0000] {logging_mixin.py:190} INFO - [2024-09-28T20:13:19.370+0000] {dag.py:3239} INFO - Sync 1 DAGs
[2024-09-28T20:13:19.386+0000] {logging_mixin.py:190} INFO - [2024-09-28T20:13:19.386+0000] {dag.py:4180} INFO - Setting next_dagrun for example_sla_dag to 2024-09-28 20:10:00+00:00, run_after=2024-09-28 20:12:00+00:00
[2024-09-28T20:13:19.399+0000] {processor.py:208} INFO - Processing /home/airflow/.local/lib/python3.12/site-packages/airflow/example_dags/example_sla_dag.py took 0.055 seconds
[2024-09-28T20:13:49.603+0000] {processor.py:186} INFO - Started process (PID=1221) to work on /home/airflow/.local/lib/python3.12/site-packages/airflow/example_dags/example_sla_dag.py
[2024-09-28T20:13:49.603+0000] {processor.py:914} INFO - Processing file /home/airflow/.local/lib/python3.12/site-packages/airflow/example_dags/example_sla_dag.py for tasks to queue
[2024-09-28T20:13:49.605+0000] {logging_mixin.py:190} INFO - [2024-09-28T20:13:49.605+0000] {dagbag.py:588} INFO - Filling up the DagBag from /home/airflow/.local/lib/python3.12/site-packages/airflow/example_dags/example_sla_dag.py
[2024-09-28T20:13:49.612+0000] {processor.py:925} INFO - DAG(s) 'example_sla_dag' retrieved from /home/airflow/.local/lib/python3.12/site-packages/airflow/example_dags/example_sla_dag.py
[2024-09-28T20:13:49.624+0000] {logging_mixin.py:190} INFO - [2024-09-28T20:13:49.624+0000] {dag.py:3239} INFO - Sync 1 DAGs
[2024-09-28T20:13:49.641+0000] {logging_mixin.py:190} INFO - [2024-09-28T20:13:49.641+0000] {dag.py:4180} INFO - Setting next_dagrun for example_sla_dag to 2024-09-28 20:10:00+00:00, run_after=2024-09-28 20:12:00+00:00
[2024-09-28T20:13:49.654+0000] {processor.py:208} INFO - Processing /home/airflow/.local/lib/python3.12/site-packages/airflow/example_dags/example_sla_dag.py took 0.056 seconds
[2024-09-28T20:14:19.898+0000] {processor.py:186} INFO - Started process (PID=1288) to work on /home/airflow/.local/lib/python3.12/site-packages/airflow/example_dags/example_sla_dag.py
[2024-09-28T20:14:19.899+0000] {processor.py:914} INFO - Processing file /home/airflow/.local/lib/python3.12/site-packages/airflow/example_dags/example_sla_dag.py for tasks to queue
[2024-09-28T20:14:19.901+0000] {logging_mixin.py:190} INFO - [2024-09-28T20:14:19.900+0000] {dagbag.py:588} INFO - Filling up the DagBag from /home/airflow/.local/lib/python3.12/site-packages/airflow/example_dags/example_sla_dag.py
[2024-09-28T20:14:19.908+0000] {processor.py:925} INFO - DAG(s) 'example_sla_dag' retrieved from /home/airflow/.local/lib/python3.12/site-packages/airflow/example_dags/example_sla_dag.py
[2024-09-28T20:14:19.921+0000] {logging_mixin.py:190} INFO - [2024-09-28T20:14:19.921+0000] {dag.py:3239} INFO - Sync 1 DAGs
[2024-09-28T20:14:19.938+0000] {logging_mixin.py:190} INFO - [2024-09-28T20:14:19.937+0000] {dag.py:4180} INFO - Setting next_dagrun for example_sla_dag to 2024-09-28 20:12:00+00:00, run_after=2024-09-28 20:14:00+00:00
[2024-09-28T20:14:19.950+0000] {processor.py:208} INFO - Processing /home/airflow/.local/lib/python3.12/site-packages/airflow/example_dags/example_sla_dag.py took 0.055 seconds
[2024-09-28T20:14:50.343+0000] {processor.py:186} INFO - Started process (PID=1354) to work on /home/airflow/.local/lib/python3.12/site-packages/airflow/example_dags/example_sla_dag.py
[2024-09-28T20:14:50.344+0000] {processor.py:914} INFO - Processing file /home/airflow/.local/lib/python3.12/site-packages/airflow/example_dags/example_sla_dag.py for tasks to queue
[2024-09-28T20:14:50.345+0000] {logging_mixin.py:190} INFO - [2024-09-28T20:14:50.345+0000] {dagbag.py:588} INFO - Filling up the DagBag from /home/airflow/.local/lib/python3.12/site-packages/airflow/example_dags/example_sla_dag.py
[2024-09-28T20:14:50.351+0000] {processor.py:925} INFO - DAG(s) 'example_sla_dag' retrieved from /home/airflow/.local/lib/python3.12/site-packages/airflow/example_dags/example_sla_dag.py
[2024-09-28T20:14:50.364+0000] {logging_mixin.py:190} INFO - [2024-09-28T20:14:50.364+0000] {dag.py:3239} INFO - Sync 1 DAGs
[2024-09-28T20:14:50.379+0000] {logging_mixin.py:190} INFO - [2024-09-28T20:14:50.379+0000] {dag.py:4180} INFO - Setting next_dagrun for example_sla_dag to 2024-09-28 20:12:00+00:00, run_after=2024-09-28 20:14:00+00:00
[2024-09-28T20:14:50.390+0000] {processor.py:208} INFO - Processing /home/airflow/.local/lib/python3.12/site-packages/airflow/example_dags/example_sla_dag.py took 0.051 seconds
[2024-09-28T20:15:20.600+0000] {processor.py:186} INFO - Started process (PID=1419) to work on /home/airflow/.local/lib/python3.12/site-packages/airflow/example_dags/example_sla_dag.py
[2024-09-28T20:15:20.601+0000] {processor.py:914} INFO - Processing file /home/airflow/.local/lib/python3.12/site-packages/airflow/example_dags/example_sla_dag.py for tasks to queue
[2024-09-28T20:15:20.603+0000] {logging_mixin.py:190} INFO - [2024-09-28T20:15:20.603+0000] {dagbag.py:588} INFO - Filling up the DagBag from /home/airflow/.local/lib/python3.12/site-packages/airflow/example_dags/example_sla_dag.py
[2024-09-28T20:15:20.610+0000] {processor.py:925} INFO - DAG(s) 'example_sla_dag' retrieved from /home/airflow/.local/lib/python3.12/site-packages/airflow/example_dags/example_sla_dag.py
[2024-09-28T20:15:20.624+0000] {logging_mixin.py:190} INFO - [2024-09-28T20:15:20.624+0000] {dag.py:3239} INFO - Sync 1 DAGs
[2024-09-28T20:15:20.642+0000] {logging_mixin.py:190} INFO - [2024-09-28T20:15:20.642+0000] {dag.py:4180} INFO - Setting next_dagrun for example_sla_dag to 2024-09-28 20:12:00+00:00, run_after=2024-09-28 20:14:00+00:00
[2024-09-28T20:15:20.656+0000] {processor.py:208} INFO - Processing /home/airflow/.local/lib/python3.12/site-packages/airflow/example_dags/example_sla_dag.py took 0.059 seconds
[2024-09-28T20:16:30.997+0000] {processor.py:186} INFO - Started process (PID=125) to work on /home/airflow/.local/lib/python3.12/site-packages/airflow/example_dags/example_sla_dag.py
[2024-09-28T20:16:30.999+0000] {processor.py:914} INFO - Processing file /home/airflow/.local/lib/python3.12/site-packages/airflow/example_dags/example_sla_dag.py for tasks to queue
[2024-09-28T20:16:31.001+0000] {logging_mixin.py:190} INFO - [2024-09-28T20:16:31.001+0000] {dagbag.py:588} INFO - Filling up the DagBag from /home/airflow/.local/lib/python3.12/site-packages/airflow/example_dags/example_sla_dag.py
[2024-09-28T20:16:31.007+0000] {processor.py:925} INFO - DAG(s) 'example_sla_dag' retrieved from /home/airflow/.local/lib/python3.12/site-packages/airflow/example_dags/example_sla_dag.py
[2024-09-28T20:16:31.021+0000] {logging_mixin.py:190} INFO - [2024-09-28T20:16:31.021+0000] {dag.py:3239} INFO - Sync 1 DAGs
[2024-09-28T20:16:31.037+0000] {logging_mixin.py:190} INFO - [2024-09-28T20:16:31.037+0000] {dag.py:4180} INFO - Setting next_dagrun for example_sla_dag to 2024-09-28 20:14:00+00:00, run_after=2024-09-28 20:16:00+00:00
[2024-09-28T20:16:31.049+0000] {processor.py:208} INFO - Processing /home/airflow/.local/lib/python3.12/site-packages/airflow/example_dags/example_sla_dag.py took 0.055 seconds
[2024-09-28T20:17:01.418+0000] {processor.py:186} INFO - Started process (PID=199) to work on /home/airflow/.local/lib/python3.12/site-packages/airflow/example_dags/example_sla_dag.py
[2024-09-28T20:17:01.420+0000] {processor.py:914} INFO - Processing file /home/airflow/.local/lib/python3.12/site-packages/airflow/example_dags/example_sla_dag.py for tasks to queue
[2024-09-28T20:17:01.421+0000] {logging_mixin.py:190} INFO - [2024-09-28T20:17:01.421+0000] {dagbag.py:588} INFO - Filling up the DagBag from /home/airflow/.local/lib/python3.12/site-packages/airflow/example_dags/example_sla_dag.py
[2024-09-28T20:17:01.428+0000] {processor.py:925} INFO - DAG(s) 'example_sla_dag' retrieved from /home/airflow/.local/lib/python3.12/site-packages/airflow/example_dags/example_sla_dag.py
[2024-09-28T20:17:01.441+0000] {logging_mixin.py:190} INFO - [2024-09-28T20:17:01.441+0000] {dag.py:3239} INFO - Sync 1 DAGs
[2024-09-28T20:17:01.457+0000] {logging_mixin.py:190} INFO - [2024-09-28T20:17:01.457+0000] {dag.py:4180} INFO - Setting next_dagrun for example_sla_dag to 2024-09-28 20:14:00+00:00, run_after=2024-09-28 20:16:00+00:00
[2024-09-28T20:17:01.470+0000] {processor.py:208} INFO - Processing /home/airflow/.local/lib/python3.12/site-packages/airflow/example_dags/example_sla_dag.py took 0.055 seconds
[2024-09-28T20:17:31.874+0000] {processor.py:186} INFO - Started process (PID=267) to work on /home/airflow/.local/lib/python3.12/site-packages/airflow/example_dags/example_sla_dag.py
[2024-09-28T20:17:31.875+0000] {processor.py:914} INFO - Processing file /home/airflow/.local/lib/python3.12/site-packages/airflow/example_dags/example_sla_dag.py for tasks to queue
[2024-09-28T20:17:31.876+0000] {logging_mixin.py:190} INFO - [2024-09-28T20:17:31.876+0000] {dagbag.py:588} INFO - Filling up the DagBag from /home/airflow/.local/lib/python3.12/site-packages/airflow/example_dags/example_sla_dag.py
[2024-09-28T20:17:31.883+0000] {processor.py:925} INFO - DAG(s) 'example_sla_dag' retrieved from /home/airflow/.local/lib/python3.12/site-packages/airflow/example_dags/example_sla_dag.py
[2024-09-28T20:17:31.897+0000] {logging_mixin.py:190} INFO - [2024-09-28T20:17:31.897+0000] {dag.py:3239} INFO - Sync 1 DAGs
[2024-09-28T20:17:31.916+0000] {logging_mixin.py:190} INFO - [2024-09-28T20:17:31.915+0000] {dag.py:4180} INFO - Setting next_dagrun for example_sla_dag to 2024-09-28 20:14:00+00:00, run_after=2024-09-28 20:16:00+00:00
[2024-09-28T20:17:31.930+0000] {processor.py:208} INFO - Processing /home/airflow/.local/lib/python3.12/site-packages/airflow/example_dags/example_sla_dag.py took 0.060 seconds
[2024-09-28T20:18:02.263+0000] {processor.py:186} INFO - Started process (PID=335) to work on /home/airflow/.local/lib/python3.12/site-packages/airflow/example_dags/example_sla_dag.py
[2024-09-28T20:18:02.264+0000] {processor.py:914} INFO - Processing file /home/airflow/.local/lib/python3.12/site-packages/airflow/example_dags/example_sla_dag.py for tasks to queue
[2024-09-28T20:18:02.265+0000] {logging_mixin.py:190} INFO - [2024-09-28T20:18:02.265+0000] {dagbag.py:588} INFO - Filling up the DagBag from /home/airflow/.local/lib/python3.12/site-packages/airflow/example_dags/example_sla_dag.py
[2024-09-28T20:18:02.272+0000] {processor.py:925} INFO - DAG(s) 'example_sla_dag' retrieved from /home/airflow/.local/lib/python3.12/site-packages/airflow/example_dags/example_sla_dag.py
[2024-09-28T20:18:02.284+0000] {logging_mixin.py:190} INFO - [2024-09-28T20:18:02.284+0000] {dag.py:3239} INFO - Sync 1 DAGs
[2024-09-28T20:18:02.300+0000] {logging_mixin.py:190} INFO - [2024-09-28T20:18:02.299+0000] {dag.py:4180} INFO - Setting next_dagrun for example_sla_dag to 2024-09-28 20:16:00+00:00, run_after=2024-09-28 20:18:00+00:00
[2024-09-28T20:18:02.311+0000] {processor.py:208} INFO - Processing /home/airflow/.local/lib/python3.12/site-packages/airflow/example_dags/example_sla_dag.py took 0.052 seconds
[2024-09-28T20:18:32.491+0000] {processor.py:186} INFO - Started process (PID=401) to work on /home/airflow/.local/lib/python3.12/site-packages/airflow/example_dags/example_sla_dag.py
[2024-09-28T20:18:32.492+0000] {processor.py:914} INFO - Processing file /home/airflow/.local/lib/python3.12/site-packages/airflow/example_dags/example_sla_dag.py for tasks to queue
[2024-09-28T20:18:32.493+0000] {logging_mixin.py:190} INFO - [2024-09-28T20:18:32.493+0000] {dagbag.py:588} INFO - Filling up the DagBag from /home/airflow/.local/lib/python3.12/site-packages/airflow/example_dags/example_sla_dag.py
[2024-09-28T20:18:32.499+0000] {processor.py:925} INFO - DAG(s) 'example_sla_dag' retrieved from /home/airflow/.local/lib/python3.12/site-packages/airflow/example_dags/example_sla_dag.py
[2024-09-28T20:18:32.511+0000] {logging_mixin.py:190} INFO - [2024-09-28T20:18:32.511+0000] {dag.py:3239} INFO - Sync 1 DAGs
[2024-09-28T20:18:32.527+0000] {logging_mixin.py:190} INFO - [2024-09-28T20:18:32.527+0000] {dag.py:4180} INFO - Setting next_dagrun for example_sla_dag to 2024-09-28 20:16:00+00:00, run_after=2024-09-28 20:18:00+00:00
[2024-09-28T20:18:32.538+0000] {processor.py:208} INFO - Processing /home/airflow/.local/lib/python3.12/site-packages/airflow/example_dags/example_sla_dag.py took 0.051 seconds
[2024-09-28T20:19:02.942+0000] {processor.py:186} INFO - Started process (PID=467) to work on /home/airflow/.local/lib/python3.12/site-packages/airflow/example_dags/example_sla_dag.py
[2024-09-28T20:19:02.943+0000] {processor.py:914} INFO - Processing file /home/airflow/.local/lib/python3.12/site-packages/airflow/example_dags/example_sla_dag.py for tasks to queue
[2024-09-28T20:19:02.944+0000] {logging_mixin.py:190} INFO - [2024-09-28T20:19:02.943+0000] {dagbag.py:588} INFO - Filling up the DagBag from /home/airflow/.local/lib/python3.12/site-packages/airflow/example_dags/example_sla_dag.py
[2024-09-28T20:19:02.950+0000] {processor.py:925} INFO - DAG(s) 'example_sla_dag' retrieved from /home/airflow/.local/lib/python3.12/site-packages/airflow/example_dags/example_sla_dag.py
[2024-09-28T20:19:02.963+0000] {logging_mixin.py:190} INFO - [2024-09-28T20:19:02.963+0000] {dag.py:3239} INFO - Sync 1 DAGs
[2024-09-28T20:19:02.979+0000] {logging_mixin.py:190} INFO - [2024-09-28T20:19:02.979+0000] {dag.py:4180} INFO - Setting next_dagrun for example_sla_dag to 2024-09-28 20:16:00+00:00, run_after=2024-09-28 20:18:00+00:00
[2024-09-28T20:19:02.989+0000] {processor.py:208} INFO - Processing /home/airflow/.local/lib/python3.12/site-packages/airflow/example_dags/example_sla_dag.py took 0.051 seconds
[2024-09-28T20:19:33.155+0000] {processor.py:186} INFO - Started process (PID=532) to work on /home/airflow/.local/lib/python3.12/site-packages/airflow/example_dags/example_sla_dag.py
[2024-09-28T20:19:33.156+0000] {processor.py:914} INFO - Processing file /home/airflow/.local/lib/python3.12/site-packages/airflow/example_dags/example_sla_dag.py for tasks to queue
[2024-09-28T20:19:33.156+0000] {logging_mixin.py:190} INFO - [2024-09-28T20:19:33.156+0000] {dagbag.py:588} INFO - Filling up the DagBag from /home/airflow/.local/lib/python3.12/site-packages/airflow/example_dags/example_sla_dag.py
[2024-09-28T20:19:33.163+0000] {processor.py:925} INFO - DAG(s) 'example_sla_dag' retrieved from /home/airflow/.local/lib/python3.12/site-packages/airflow/example_dags/example_sla_dag.py
[2024-09-28T20:19:33.175+0000] {logging_mixin.py:190} INFO - [2024-09-28T20:19:33.174+0000] {dag.py:3239} INFO - Sync 1 DAGs
[2024-09-28T20:19:33.191+0000] {logging_mixin.py:190} INFO - [2024-09-28T20:19:33.191+0000] {dag.py:4180} INFO - Setting next_dagrun for example_sla_dag to 2024-09-28 20:16:00+00:00, run_after=2024-09-28 20:18:00+00:00
[2024-09-28T20:19:33.203+0000] {processor.py:208} INFO - Processing /home/airflow/.local/lib/python3.12/site-packages/airflow/example_dags/example_sla_dag.py took 0.052 seconds
[2024-09-28T20:20:03.528+0000] {processor.py:186} INFO - Started process (PID=599) to work on /home/airflow/.local/lib/python3.12/site-packages/airflow/example_dags/example_sla_dag.py
[2024-09-28T20:20:03.529+0000] {processor.py:914} INFO - Processing file /home/airflow/.local/lib/python3.12/site-packages/airflow/example_dags/example_sla_dag.py for tasks to queue
[2024-09-28T20:20:03.530+0000] {logging_mixin.py:190} INFO - [2024-09-28T20:20:03.529+0000] {dagbag.py:588} INFO - Filling up the DagBag from /home/airflow/.local/lib/python3.12/site-packages/airflow/example_dags/example_sla_dag.py
[2024-09-28T20:20:03.537+0000] {processor.py:925} INFO - DAG(s) 'example_sla_dag' retrieved from /home/airflow/.local/lib/python3.12/site-packages/airflow/example_dags/example_sla_dag.py
[2024-09-28T20:20:03.557+0000] {logging_mixin.py:190} INFO - [2024-09-28T20:20:03.557+0000] {dag.py:3239} INFO - Sync 1 DAGs
[2024-09-28T20:20:03.576+0000] {logging_mixin.py:190} INFO - [2024-09-28T20:20:03.576+0000] {dag.py:4180} INFO - Setting next_dagrun for example_sla_dag to 2024-09-28 20:18:00+00:00, run_after=2024-09-28 20:20:00+00:00
[2024-09-28T20:20:03.589+0000] {processor.py:208} INFO - Processing /home/airflow/.local/lib/python3.12/site-packages/airflow/example_dags/example_sla_dag.py took 0.065 seconds
[2024-09-28T20:20:34.007+0000] {processor.py:186} INFO - Started process (PID=666) to work on /home/airflow/.local/lib/python3.12/site-packages/airflow/example_dags/example_sla_dag.py
[2024-09-28T20:20:34.008+0000] {processor.py:914} INFO - Processing file /home/airflow/.local/lib/python3.12/site-packages/airflow/example_dags/example_sla_dag.py for tasks to queue
[2024-09-28T20:20:34.009+0000] {logging_mixin.py:190} INFO - [2024-09-28T20:20:34.009+0000] {dagbag.py:588} INFO - Filling up the DagBag from /home/airflow/.local/lib/python3.12/site-packages/airflow/example_dags/example_sla_dag.py
[2024-09-28T20:20:34.016+0000] {processor.py:925} INFO - DAG(s) 'example_sla_dag' retrieved from /home/airflow/.local/lib/python3.12/site-packages/airflow/example_dags/example_sla_dag.py
[2024-09-28T20:20:34.029+0000] {logging_mixin.py:190} INFO - [2024-09-28T20:20:34.029+0000] {dag.py:3239} INFO - Sync 1 DAGs
[2024-09-28T20:20:34.045+0000] {logging_mixin.py:190} INFO - [2024-09-28T20:20:34.045+0000] {dag.py:4180} INFO - Setting next_dagrun for example_sla_dag to 2024-09-28 20:18:00+00:00, run_after=2024-09-28 20:20:00+00:00
[2024-09-28T20:20:34.059+0000] {processor.py:208} INFO - Processing /home/airflow/.local/lib/python3.12/site-packages/airflow/example_dags/example_sla_dag.py took 0.056 seconds
