[2024-09-28T19:52:51.880+0000] {processor.py:186} INFO - Started process (PID=106) to work on /home/airflow/.local/lib/python3.12/site-packages/airflow/example_dags/tutorial.py
[2024-09-28T19:52:51.883+0000] {processor.py:914} INFO - Processing file /home/airflow/.local/lib/python3.12/site-packages/airflow/example_dags/tutorial.py for tasks to queue
[2024-09-28T19:52:51.884+0000] {logging_mixin.py:190} INFO - [2024-09-28T19:52:51.884+0000] {dagbag.py:588} INFO - Filling up the DagBag from /home/airflow/.local/lib/python3.12/site-packages/airflow/example_dags/tutorial.py
[2024-09-28T19:52:51.890+0000] {processor.py:925} INFO - DAG(s) 'tutorial' retrieved from /home/airflow/.local/lib/python3.12/site-packages/airflow/example_dags/tutorial.py
[2024-09-28T19:52:51.952+0000] {logging_mixin.py:190} INFO - [2024-09-28T19:52:51.951+0000] {override.py:1900} INFO - Created Permission View: can edit on DAG:tutorial
[2024-09-28T19:52:51.960+0000] {logging_mixin.py:190} INFO - [2024-09-28T19:52:51.960+0000] {override.py:1900} INFO - Created Permission View: can delete on DAG:tutorial
[2024-09-28T19:52:51.965+0000] {logging_mixin.py:190} INFO - [2024-09-28T19:52:51.965+0000] {override.py:1900} INFO - Created Permission View: can read on DAG:tutorial
[2024-09-28T19:52:51.970+0000] {logging_mixin.py:190} INFO - [2024-09-28T19:52:51.970+0000] {override.py:1900} INFO - Created Permission View: can delete on DAG Run:tutorial
[2024-09-28T19:52:51.975+0000] {logging_mixin.py:190} INFO - [2024-09-28T19:52:51.975+0000] {override.py:1900} INFO - Created Permission View: can read on DAG Run:tutorial
[2024-09-28T19:52:51.980+0000] {logging_mixin.py:190} INFO - [2024-09-28T19:52:51.980+0000] {override.py:1900} INFO - Created Permission View: can create on DAG Run:tutorial
[2024-09-28T19:52:51.986+0000] {logging_mixin.py:190} INFO - [2024-09-28T19:52:51.986+0000] {override.py:1900} INFO - Created Permission View: menu access on DAG Run:tutorial
[2024-09-28T19:52:51.988+0000] {logging_mixin.py:190} INFO - [2024-09-28T19:52:51.988+0000] {dag.py:3239} INFO - Sync 1 DAGs
[2024-09-28T19:52:51.995+0000] {logging_mixin.py:190} INFO - [2024-09-28T19:52:51.995+0000] {dag.py:3262} INFO - Creating ORM DAG for tutorial
[2024-09-28T19:52:52.003+0000] {logging_mixin.py:190} INFO - [2024-09-28T19:52:52.003+0000] {dag.py:4180} INFO - Setting next_dagrun for tutorial to 2024-09-27 00:00:00+00:00, run_after=2024-09-28 00:00:00+00:00
[2024-09-28T19:52:52.014+0000] {processor.py:208} INFO - Processing /home/airflow/.local/lib/python3.12/site-packages/airflow/example_dags/tutorial.py took 0.137 seconds
[2024-09-28T19:53:22.762+0000] {processor.py:186} INFO - Started process (PID=172) to work on /home/airflow/.local/lib/python3.12/site-packages/airflow/example_dags/tutorial.py
[2024-09-28T19:53:22.763+0000] {processor.py:914} INFO - Processing file /home/airflow/.local/lib/python3.12/site-packages/airflow/example_dags/tutorial.py for tasks to queue
[2024-09-28T19:53:22.765+0000] {logging_mixin.py:190} INFO - [2024-09-28T19:53:22.764+0000] {dagbag.py:588} INFO - Filling up the DagBag from /home/airflow/.local/lib/python3.12/site-packages/airflow/example_dags/tutorial.py
[2024-09-28T19:53:22.770+0000] {processor.py:925} INFO - DAG(s) 'tutorial' retrieved from /home/airflow/.local/lib/python3.12/site-packages/airflow/example_dags/tutorial.py
[2024-09-28T19:53:22.781+0000] {logging_mixin.py:190} INFO - [2024-09-28T19:53:22.781+0000] {dag.py:3239} INFO - Sync 1 DAGs
[2024-09-28T19:53:22.797+0000] {logging_mixin.py:190} INFO - [2024-09-28T19:53:22.797+0000] {dag.py:4180} INFO - Setting next_dagrun for tutorial to 2024-09-27 00:00:00+00:00, run_after=2024-09-28 00:00:00+00:00
[2024-09-28T19:53:22.810+0000] {processor.py:208} INFO - Processing /home/airflow/.local/lib/python3.12/site-packages/airflow/example_dags/tutorial.py took 0.051 seconds
[2024-09-28T19:53:52.932+0000] {processor.py:186} INFO - Started process (PID=236) to work on /home/airflow/.local/lib/python3.12/site-packages/airflow/example_dags/tutorial.py
[2024-09-28T19:53:52.933+0000] {processor.py:914} INFO - Processing file /home/airflow/.local/lib/python3.12/site-packages/airflow/example_dags/tutorial.py for tasks to queue
[2024-09-28T19:53:52.935+0000] {logging_mixin.py:190} INFO - [2024-09-28T19:53:52.934+0000] {dagbag.py:588} INFO - Filling up the DagBag from /home/airflow/.local/lib/python3.12/site-packages/airflow/example_dags/tutorial.py
[2024-09-28T19:53:52.939+0000] {processor.py:925} INFO - DAG(s) 'tutorial' retrieved from /home/airflow/.local/lib/python3.12/site-packages/airflow/example_dags/tutorial.py
[2024-09-28T19:53:52.953+0000] {logging_mixin.py:190} INFO - [2024-09-28T19:53:52.953+0000] {dag.py:3239} INFO - Sync 1 DAGs
[2024-09-28T19:53:52.971+0000] {logging_mixin.py:190} INFO - [2024-09-28T19:53:52.971+0000] {dag.py:4180} INFO - Setting next_dagrun for tutorial to 2024-09-27 00:00:00+00:00, run_after=2024-09-28 00:00:00+00:00
[2024-09-28T19:53:52.982+0000] {processor.py:208} INFO - Processing /home/airflow/.local/lib/python3.12/site-packages/airflow/example_dags/tutorial.py took 0.054 seconds
[2024-09-28T19:54:23.380+0000] {processor.py:186} INFO - Started process (PID=301) to work on /home/airflow/.local/lib/python3.12/site-packages/airflow/example_dags/tutorial.py
[2024-09-28T19:54:23.381+0000] {processor.py:914} INFO - Processing file /home/airflow/.local/lib/python3.12/site-packages/airflow/example_dags/tutorial.py for tasks to queue
[2024-09-28T19:54:23.383+0000] {logging_mixin.py:190} INFO - [2024-09-28T19:54:23.383+0000] {dagbag.py:588} INFO - Filling up the DagBag from /home/airflow/.local/lib/python3.12/site-packages/airflow/example_dags/tutorial.py
[2024-09-28T19:54:23.389+0000] {processor.py:925} INFO - DAG(s) 'tutorial' retrieved from /home/airflow/.local/lib/python3.12/site-packages/airflow/example_dags/tutorial.py
[2024-09-28T19:54:23.403+0000] {logging_mixin.py:190} INFO - [2024-09-28T19:54:23.403+0000] {dag.py:3239} INFO - Sync 1 DAGs
[2024-09-28T19:54:23.420+0000] {logging_mixin.py:190} INFO - [2024-09-28T19:54:23.420+0000] {dag.py:4180} INFO - Setting next_dagrun for tutorial to 2024-09-27 00:00:00+00:00, run_after=2024-09-28 00:00:00+00:00
[2024-09-28T19:54:23.432+0000] {processor.py:208} INFO - Processing /home/airflow/.local/lib/python3.12/site-packages/airflow/example_dags/tutorial.py took 0.057 seconds
[2024-09-28T19:54:53.790+0000] {processor.py:186} INFO - Started process (PID=366) to work on /home/airflow/.local/lib/python3.12/site-packages/airflow/example_dags/tutorial.py
[2024-09-28T19:54:53.791+0000] {processor.py:914} INFO - Processing file /home/airflow/.local/lib/python3.12/site-packages/airflow/example_dags/tutorial.py for tasks to queue
[2024-09-28T19:54:53.792+0000] {logging_mixin.py:190} INFO - [2024-09-28T19:54:53.792+0000] {dagbag.py:588} INFO - Filling up the DagBag from /home/airflow/.local/lib/python3.12/site-packages/airflow/example_dags/tutorial.py
[2024-09-28T19:54:53.797+0000] {processor.py:925} INFO - DAG(s) 'tutorial' retrieved from /home/airflow/.local/lib/python3.12/site-packages/airflow/example_dags/tutorial.py
[2024-09-28T19:54:53.813+0000] {logging_mixin.py:190} INFO - [2024-09-28T19:54:53.813+0000] {dag.py:3239} INFO - Sync 1 DAGs
[2024-09-28T19:54:53.830+0000] {logging_mixin.py:190} INFO - [2024-09-28T19:54:53.830+0000] {dag.py:4180} INFO - Setting next_dagrun for tutorial to 2024-09-27 00:00:00+00:00, run_after=2024-09-28 00:00:00+00:00
[2024-09-28T19:54:53.844+0000] {processor.py:208} INFO - Processing /home/airflow/.local/lib/python3.12/site-packages/airflow/example_dags/tutorial.py took 0.058 seconds
[2024-09-28T19:55:24.147+0000] {processor.py:186} INFO - Started process (PID=431) to work on /home/airflow/.local/lib/python3.12/site-packages/airflow/example_dags/tutorial.py
[2024-09-28T19:55:24.148+0000] {processor.py:914} INFO - Processing file /home/airflow/.local/lib/python3.12/site-packages/airflow/example_dags/tutorial.py for tasks to queue
[2024-09-28T19:55:24.150+0000] {logging_mixin.py:190} INFO - [2024-09-28T19:55:24.150+0000] {dagbag.py:588} INFO - Filling up the DagBag from /home/airflow/.local/lib/python3.12/site-packages/airflow/example_dags/tutorial.py
[2024-09-28T19:55:24.155+0000] {processor.py:925} INFO - DAG(s) 'tutorial' retrieved from /home/airflow/.local/lib/python3.12/site-packages/airflow/example_dags/tutorial.py
[2024-09-28T19:55:24.167+0000] {logging_mixin.py:190} INFO - [2024-09-28T19:55:24.167+0000] {dag.py:3239} INFO - Sync 1 DAGs
[2024-09-28T19:55:24.184+0000] {logging_mixin.py:190} INFO - [2024-09-28T19:55:24.183+0000] {dag.py:4180} INFO - Setting next_dagrun for tutorial to 2024-09-27 00:00:00+00:00, run_after=2024-09-28 00:00:00+00:00
[2024-09-28T19:55:24.196+0000] {processor.py:208} INFO - Processing /home/airflow/.local/lib/python3.12/site-packages/airflow/example_dags/tutorial.py took 0.052 seconds
[2024-09-28T19:55:54.577+0000] {processor.py:186} INFO - Started process (PID=497) to work on /home/airflow/.local/lib/python3.12/site-packages/airflow/example_dags/tutorial.py
[2024-09-28T19:55:54.577+0000] {processor.py:914} INFO - Processing file /home/airflow/.local/lib/python3.12/site-packages/airflow/example_dags/tutorial.py for tasks to queue
[2024-09-28T19:55:54.579+0000] {logging_mixin.py:190} INFO - [2024-09-28T19:55:54.579+0000] {dagbag.py:588} INFO - Filling up the DagBag from /home/airflow/.local/lib/python3.12/site-packages/airflow/example_dags/tutorial.py
[2024-09-28T19:55:54.584+0000] {processor.py:925} INFO - DAG(s) 'tutorial' retrieved from /home/airflow/.local/lib/python3.12/site-packages/airflow/example_dags/tutorial.py
[2024-09-28T19:55:54.597+0000] {logging_mixin.py:190} INFO - [2024-09-28T19:55:54.597+0000] {dag.py:3239} INFO - Sync 1 DAGs
[2024-09-28T19:55:54.612+0000] {logging_mixin.py:190} INFO - [2024-09-28T19:55:54.612+0000] {dag.py:4180} INFO - Setting next_dagrun for tutorial to 2024-09-27 00:00:00+00:00, run_after=2024-09-28 00:00:00+00:00
[2024-09-28T19:55:54.627+0000] {processor.py:208} INFO - Processing /home/airflow/.local/lib/python3.12/site-packages/airflow/example_dags/tutorial.py took 0.054 seconds
[2024-09-28T19:56:24.990+0000] {processor.py:186} INFO - Started process (PID=562) to work on /home/airflow/.local/lib/python3.12/site-packages/airflow/example_dags/tutorial.py
[2024-09-28T19:56:24.991+0000] {processor.py:914} INFO - Processing file /home/airflow/.local/lib/python3.12/site-packages/airflow/example_dags/tutorial.py for tasks to queue
[2024-09-28T19:56:24.993+0000] {logging_mixin.py:190} INFO - [2024-09-28T19:56:24.992+0000] {dagbag.py:588} INFO - Filling up the DagBag from /home/airflow/.local/lib/python3.12/site-packages/airflow/example_dags/tutorial.py
[2024-09-28T19:56:24.998+0000] {processor.py:925} INFO - DAG(s) 'tutorial' retrieved from /home/airflow/.local/lib/python3.12/site-packages/airflow/example_dags/tutorial.py
[2024-09-28T19:56:25.012+0000] {logging_mixin.py:190} INFO - [2024-09-28T19:56:25.011+0000] {dag.py:3239} INFO - Sync 1 DAGs
[2024-09-28T19:56:25.027+0000] {logging_mixin.py:190} INFO - [2024-09-28T19:56:25.027+0000] {dag.py:4180} INFO - Setting next_dagrun for tutorial to 2024-09-27 00:00:00+00:00, run_after=2024-09-28 00:00:00+00:00
[2024-09-28T19:56:25.039+0000] {processor.py:208} INFO - Processing /home/airflow/.local/lib/python3.12/site-packages/airflow/example_dags/tutorial.py took 0.052 seconds
[2024-09-28T19:56:55.345+0000] {processor.py:186} INFO - Started process (PID=627) to work on /home/airflow/.local/lib/python3.12/site-packages/airflow/example_dags/tutorial.py
[2024-09-28T19:56:55.346+0000] {processor.py:914} INFO - Processing file /home/airflow/.local/lib/python3.12/site-packages/airflow/example_dags/tutorial.py for tasks to queue
[2024-09-28T19:56:55.348+0000] {logging_mixin.py:190} INFO - [2024-09-28T19:56:55.348+0000] {dagbag.py:588} INFO - Filling up the DagBag from /home/airflow/.local/lib/python3.12/site-packages/airflow/example_dags/tutorial.py
[2024-09-28T19:56:55.353+0000] {processor.py:925} INFO - DAG(s) 'tutorial' retrieved from /home/airflow/.local/lib/python3.12/site-packages/airflow/example_dags/tutorial.py
[2024-09-28T19:56:55.366+0000] {logging_mixin.py:190} INFO - [2024-09-28T19:56:55.366+0000] {dag.py:3239} INFO - Sync 1 DAGs
[2024-09-28T19:56:55.382+0000] {logging_mixin.py:190} INFO - [2024-09-28T19:56:55.382+0000] {dag.py:4180} INFO - Setting next_dagrun for tutorial to 2024-09-27 00:00:00+00:00, run_after=2024-09-28 00:00:00+00:00
[2024-09-28T19:56:55.395+0000] {processor.py:208} INFO - Processing /home/airflow/.local/lib/python3.12/site-packages/airflow/example_dags/tutorial.py took 0.054 seconds
[2024-09-28T19:57:25.458+0000] {processor.py:186} INFO - Started process (PID=692) to work on /home/airflow/.local/lib/python3.12/site-packages/airflow/example_dags/tutorial.py
[2024-09-28T19:57:25.459+0000] {processor.py:914} INFO - Processing file /home/airflow/.local/lib/python3.12/site-packages/airflow/example_dags/tutorial.py for tasks to queue
[2024-09-28T19:57:25.461+0000] {logging_mixin.py:190} INFO - [2024-09-28T19:57:25.461+0000] {dagbag.py:588} INFO - Filling up the DagBag from /home/airflow/.local/lib/python3.12/site-packages/airflow/example_dags/tutorial.py
[2024-09-28T19:57:25.466+0000] {processor.py:925} INFO - DAG(s) 'tutorial' retrieved from /home/airflow/.local/lib/python3.12/site-packages/airflow/example_dags/tutorial.py
[2024-09-28T19:57:25.479+0000] {logging_mixin.py:190} INFO - [2024-09-28T19:57:25.479+0000] {dag.py:3239} INFO - Sync 1 DAGs
[2024-09-28T19:57:25.496+0000] {logging_mixin.py:190} INFO - [2024-09-28T19:57:25.495+0000] {dag.py:4180} INFO - Setting next_dagrun for tutorial to 2024-09-28 00:00:00+00:00, run_after=2024-09-29 00:00:00+00:00
[2024-09-28T19:57:25.507+0000] {processor.py:208} INFO - Processing /home/airflow/.local/lib/python3.12/site-packages/airflow/example_dags/tutorial.py took 0.052 seconds
[2024-09-28T19:57:56.157+0000] {processor.py:186} INFO - Started process (PID=757) to work on /home/airflow/.local/lib/python3.12/site-packages/airflow/example_dags/tutorial.py
[2024-09-28T19:57:56.158+0000] {processor.py:914} INFO - Processing file /home/airflow/.local/lib/python3.12/site-packages/airflow/example_dags/tutorial.py for tasks to queue
[2024-09-28T19:57:56.160+0000] {logging_mixin.py:190} INFO - [2024-09-28T19:57:56.160+0000] {dagbag.py:588} INFO - Filling up the DagBag from /home/airflow/.local/lib/python3.12/site-packages/airflow/example_dags/tutorial.py
[2024-09-28T19:57:56.165+0000] {processor.py:925} INFO - DAG(s) 'tutorial' retrieved from /home/airflow/.local/lib/python3.12/site-packages/airflow/example_dags/tutorial.py
[2024-09-28T19:57:56.177+0000] {logging_mixin.py:190} INFO - [2024-09-28T19:57:56.177+0000] {dag.py:3239} INFO - Sync 1 DAGs
[2024-09-28T19:57:56.197+0000] {logging_mixin.py:190} INFO - [2024-09-28T19:57:56.196+0000] {dag.py:4180} INFO - Setting next_dagrun for tutorial to 2024-09-28 00:00:00+00:00, run_after=2024-09-29 00:00:00+00:00
[2024-09-28T19:57:56.208+0000] {processor.py:208} INFO - Processing /home/airflow/.local/lib/python3.12/site-packages/airflow/example_dags/tutorial.py took 0.054 seconds
[2024-09-28T19:58:26.568+0000] {processor.py:186} INFO - Started process (PID=822) to work on /home/airflow/.local/lib/python3.12/site-packages/airflow/example_dags/tutorial.py
[2024-09-28T19:58:26.569+0000] {processor.py:914} INFO - Processing file /home/airflow/.local/lib/python3.12/site-packages/airflow/example_dags/tutorial.py for tasks to queue
[2024-09-28T19:58:26.571+0000] {logging_mixin.py:190} INFO - [2024-09-28T19:58:26.571+0000] {dagbag.py:588} INFO - Filling up the DagBag from /home/airflow/.local/lib/python3.12/site-packages/airflow/example_dags/tutorial.py
[2024-09-28T19:58:26.576+0000] {processor.py:925} INFO - DAG(s) 'tutorial' retrieved from /home/airflow/.local/lib/python3.12/site-packages/airflow/example_dags/tutorial.py
[2024-09-28T19:58:26.588+0000] {logging_mixin.py:190} INFO - [2024-09-28T19:58:26.588+0000] {dag.py:3239} INFO - Sync 1 DAGs
[2024-09-28T19:58:26.603+0000] {logging_mixin.py:190} INFO - [2024-09-28T19:58:26.603+0000] {dag.py:4180} INFO - Setting next_dagrun for tutorial to 2024-09-28 00:00:00+00:00, run_after=2024-09-29 00:00:00+00:00
[2024-09-28T19:58:26.615+0000] {processor.py:208} INFO - Processing /home/airflow/.local/lib/python3.12/site-packages/airflow/example_dags/tutorial.py took 0.050 seconds
[2024-09-28T19:58:56.794+0000] {processor.py:186} INFO - Started process (PID=887) to work on /home/airflow/.local/lib/python3.12/site-packages/airflow/example_dags/tutorial.py
[2024-09-28T19:58:56.796+0000] {processor.py:914} INFO - Processing file /home/airflow/.local/lib/python3.12/site-packages/airflow/example_dags/tutorial.py for tasks to queue
[2024-09-28T19:58:56.797+0000] {logging_mixin.py:190} INFO - [2024-09-28T19:58:56.797+0000] {dagbag.py:588} INFO - Filling up the DagBag from /home/airflow/.local/lib/python3.12/site-packages/airflow/example_dags/tutorial.py
[2024-09-28T19:58:56.803+0000] {processor.py:925} INFO - DAG(s) 'tutorial' retrieved from /home/airflow/.local/lib/python3.12/site-packages/airflow/example_dags/tutorial.py
[2024-09-28T19:58:56.816+0000] {logging_mixin.py:190} INFO - [2024-09-28T19:58:56.816+0000] {dag.py:3239} INFO - Sync 1 DAGs
[2024-09-28T19:58:56.831+0000] {logging_mixin.py:190} INFO - [2024-09-28T19:58:56.831+0000] {dag.py:4180} INFO - Setting next_dagrun for tutorial to 2024-09-28 00:00:00+00:00, run_after=2024-09-29 00:00:00+00:00
[2024-09-28T19:58:56.844+0000] {processor.py:208} INFO - Processing /home/airflow/.local/lib/python3.12/site-packages/airflow/example_dags/tutorial.py took 0.053 seconds
[2024-09-28T19:59:27.211+0000] {processor.py:186} INFO - Started process (PID=952) to work on /home/airflow/.local/lib/python3.12/site-packages/airflow/example_dags/tutorial.py
[2024-09-28T19:59:27.212+0000] {processor.py:914} INFO - Processing file /home/airflow/.local/lib/python3.12/site-packages/airflow/example_dags/tutorial.py for tasks to queue
[2024-09-28T19:59:27.213+0000] {logging_mixin.py:190} INFO - [2024-09-28T19:59:27.213+0000] {dagbag.py:588} INFO - Filling up the DagBag from /home/airflow/.local/lib/python3.12/site-packages/airflow/example_dags/tutorial.py
[2024-09-28T19:59:27.218+0000] {processor.py:925} INFO - DAG(s) 'tutorial' retrieved from /home/airflow/.local/lib/python3.12/site-packages/airflow/example_dags/tutorial.py
[2024-09-28T19:59:27.229+0000] {logging_mixin.py:190} INFO - [2024-09-28T19:59:27.229+0000] {dag.py:3239} INFO - Sync 1 DAGs
[2024-09-28T19:59:27.244+0000] {logging_mixin.py:190} INFO - [2024-09-28T19:59:27.244+0000] {dag.py:4180} INFO - Setting next_dagrun for tutorial to 2024-09-28 00:00:00+00:00, run_after=2024-09-29 00:00:00+00:00
[2024-09-28T19:59:27.256+0000] {processor.py:208} INFO - Processing /home/airflow/.local/lib/python3.12/site-packages/airflow/example_dags/tutorial.py took 0.048 seconds
[2024-09-28T19:59:57.838+0000] {processor.py:186} INFO - Started process (PID=1017) to work on /home/airflow/.local/lib/python3.12/site-packages/airflow/example_dags/tutorial.py
[2024-09-28T19:59:57.838+0000] {processor.py:914} INFO - Processing file /home/airflow/.local/lib/python3.12/site-packages/airflow/example_dags/tutorial.py for tasks to queue
[2024-09-28T19:59:57.840+0000] {logging_mixin.py:190} INFO - [2024-09-28T19:59:57.840+0000] {dagbag.py:588} INFO - Filling up the DagBag from /home/airflow/.local/lib/python3.12/site-packages/airflow/example_dags/tutorial.py
[2024-09-28T19:59:57.845+0000] {processor.py:925} INFO - DAG(s) 'tutorial' retrieved from /home/airflow/.local/lib/python3.12/site-packages/airflow/example_dags/tutorial.py
[2024-09-28T19:59:57.857+0000] {logging_mixin.py:190} INFO - [2024-09-28T19:59:57.857+0000] {dag.py:3239} INFO - Sync 1 DAGs
[2024-09-28T19:59:57.872+0000] {logging_mixin.py:190} INFO - [2024-09-28T19:59:57.871+0000] {dag.py:4180} INFO - Setting next_dagrun for tutorial to 2024-09-28 00:00:00+00:00, run_after=2024-09-29 00:00:00+00:00
[2024-09-28T19:59:57.884+0000] {processor.py:208} INFO - Processing /home/airflow/.local/lib/python3.12/site-packages/airflow/example_dags/tutorial.py took 0.049 seconds
[2024-09-28T20:05:10.530+0000] {processor.py:186} INFO - Started process (PID=106) to work on /home/airflow/.local/lib/python3.12/site-packages/airflow/example_dags/tutorial.py
[2024-09-28T20:05:10.531+0000] {processor.py:914} INFO - Processing file /home/airflow/.local/lib/python3.12/site-packages/airflow/example_dags/tutorial.py for tasks to queue
[2024-09-28T20:05:10.533+0000] {logging_mixin.py:190} INFO - [2024-09-28T20:05:10.533+0000] {dagbag.py:588} INFO - Filling up the DagBag from /home/airflow/.local/lib/python3.12/site-packages/airflow/example_dags/tutorial.py
[2024-09-28T20:05:10.539+0000] {processor.py:925} INFO - DAG(s) 'tutorial' retrieved from /home/airflow/.local/lib/python3.12/site-packages/airflow/example_dags/tutorial.py
[2024-09-28T20:05:10.551+0000] {logging_mixin.py:190} INFO - [2024-09-28T20:05:10.551+0000] {dag.py:3239} INFO - Sync 1 DAGs
[2024-09-28T20:05:10.566+0000] {logging_mixin.py:190} INFO - [2024-09-28T20:05:10.566+0000] {dag.py:4180} INFO - Setting next_dagrun for tutorial to 2024-09-28 00:00:00+00:00, run_after=2024-09-29 00:00:00+00:00
[2024-09-28T20:05:10.579+0000] {processor.py:208} INFO - Processing /home/airflow/.local/lib/python3.12/site-packages/airflow/example_dags/tutorial.py took 0.052 seconds
[2024-09-28T20:05:40.792+0000] {processor.py:186} INFO - Started process (PID=171) to work on /home/airflow/.local/lib/python3.12/site-packages/airflow/example_dags/tutorial.py
[2024-09-28T20:05:40.793+0000] {processor.py:914} INFO - Processing file /home/airflow/.local/lib/python3.12/site-packages/airflow/example_dags/tutorial.py for tasks to queue
[2024-09-28T20:05:40.795+0000] {logging_mixin.py:190} INFO - [2024-09-28T20:05:40.794+0000] {dagbag.py:588} INFO - Filling up the DagBag from /home/airflow/.local/lib/python3.12/site-packages/airflow/example_dags/tutorial.py
[2024-09-28T20:05:40.802+0000] {processor.py:925} INFO - DAG(s) 'tutorial' retrieved from /home/airflow/.local/lib/python3.12/site-packages/airflow/example_dags/tutorial.py
[2024-09-28T20:05:40.814+0000] {logging_mixin.py:190} INFO - [2024-09-28T20:05:40.814+0000] {dag.py:3239} INFO - Sync 1 DAGs
[2024-09-28T20:05:40.828+0000] {logging_mixin.py:190} INFO - [2024-09-28T20:05:40.828+0000] {dag.py:4180} INFO - Setting next_dagrun for tutorial to 2024-09-28 00:00:00+00:00, run_after=2024-09-29 00:00:00+00:00
[2024-09-28T20:05:40.840+0000] {processor.py:208} INFO - Processing /home/airflow/.local/lib/python3.12/site-packages/airflow/example_dags/tutorial.py took 0.052 seconds
[2024-09-28T20:06:11.269+0000] {processor.py:186} INFO - Started process (PID=236) to work on /home/airflow/.local/lib/python3.12/site-packages/airflow/example_dags/tutorial.py
[2024-09-28T20:06:11.270+0000] {processor.py:914} INFO - Processing file /home/airflow/.local/lib/python3.12/site-packages/airflow/example_dags/tutorial.py for tasks to queue
[2024-09-28T20:06:11.271+0000] {logging_mixin.py:190} INFO - [2024-09-28T20:06:11.271+0000] {dagbag.py:588} INFO - Filling up the DagBag from /home/airflow/.local/lib/python3.12/site-packages/airflow/example_dags/tutorial.py
[2024-09-28T20:06:11.277+0000] {processor.py:925} INFO - DAG(s) 'tutorial' retrieved from /home/airflow/.local/lib/python3.12/site-packages/airflow/example_dags/tutorial.py
[2024-09-28T20:06:11.291+0000] {logging_mixin.py:190} INFO - [2024-09-28T20:06:11.291+0000] {dag.py:3239} INFO - Sync 1 DAGs
[2024-09-28T20:06:11.307+0000] {logging_mixin.py:190} INFO - [2024-09-28T20:06:11.307+0000] {dag.py:4180} INFO - Setting next_dagrun for tutorial to 2024-09-28 00:00:00+00:00, run_after=2024-09-29 00:00:00+00:00
[2024-09-28T20:06:11.318+0000] {processor.py:208} INFO - Processing /home/airflow/.local/lib/python3.12/site-packages/airflow/example_dags/tutorial.py took 0.053 seconds
[2024-09-28T20:06:41.773+0000] {processor.py:186} INFO - Started process (PID=302) to work on /home/airflow/.local/lib/python3.12/site-packages/airflow/example_dags/tutorial.py
[2024-09-28T20:06:41.774+0000] {processor.py:914} INFO - Processing file /home/airflow/.local/lib/python3.12/site-packages/airflow/example_dags/tutorial.py for tasks to queue
[2024-09-28T20:06:41.776+0000] {logging_mixin.py:190} INFO - [2024-09-28T20:06:41.776+0000] {dagbag.py:588} INFO - Filling up the DagBag from /home/airflow/.local/lib/python3.12/site-packages/airflow/example_dags/tutorial.py
[2024-09-28T20:06:41.783+0000] {processor.py:925} INFO - DAG(s) 'tutorial' retrieved from /home/airflow/.local/lib/python3.12/site-packages/airflow/example_dags/tutorial.py
[2024-09-28T20:06:41.798+0000] {logging_mixin.py:190} INFO - [2024-09-28T20:06:41.798+0000] {dag.py:3239} INFO - Sync 1 DAGs
[2024-09-28T20:06:41.815+0000] {logging_mixin.py:190} INFO - [2024-09-28T20:06:41.814+0000] {dag.py:4180} INFO - Setting next_dagrun for tutorial to 2024-09-28 00:00:00+00:00, run_after=2024-09-29 00:00:00+00:00
[2024-09-28T20:06:41.827+0000] {processor.py:208} INFO - Processing /home/airflow/.local/lib/python3.12/site-packages/airflow/example_dags/tutorial.py took 0.057 seconds
[2024-09-28T20:07:12.123+0000] {processor.py:186} INFO - Started process (PID=367) to work on /home/airflow/.local/lib/python3.12/site-packages/airflow/example_dags/tutorial.py
[2024-09-28T20:07:12.123+0000] {processor.py:914} INFO - Processing file /home/airflow/.local/lib/python3.12/site-packages/airflow/example_dags/tutorial.py for tasks to queue
[2024-09-28T20:07:12.125+0000] {logging_mixin.py:190} INFO - [2024-09-28T20:07:12.125+0000] {dagbag.py:588} INFO - Filling up the DagBag from /home/airflow/.local/lib/python3.12/site-packages/airflow/example_dags/tutorial.py
[2024-09-28T20:07:12.130+0000] {processor.py:925} INFO - DAG(s) 'tutorial' retrieved from /home/airflow/.local/lib/python3.12/site-packages/airflow/example_dags/tutorial.py
[2024-09-28T20:07:12.142+0000] {logging_mixin.py:190} INFO - [2024-09-28T20:07:12.142+0000] {dag.py:3239} INFO - Sync 1 DAGs
[2024-09-28T20:07:12.156+0000] {logging_mixin.py:190} INFO - [2024-09-28T20:07:12.156+0000] {dag.py:4180} INFO - Setting next_dagrun for tutorial to 2024-09-28 00:00:00+00:00, run_after=2024-09-29 00:00:00+00:00
[2024-09-28T20:07:12.167+0000] {processor.py:208} INFO - Processing /home/airflow/.local/lib/python3.12/site-packages/airflow/example_dags/tutorial.py took 0.048 seconds
[2024-09-28T20:07:43.599+0000] {processor.py:186} INFO - Started process (PID=433) to work on /home/airflow/.local/lib/python3.12/site-packages/airflow/example_dags/tutorial.py
[2024-09-28T20:07:43.600+0000] {processor.py:914} INFO - Processing file /home/airflow/.local/lib/python3.12/site-packages/airflow/example_dags/tutorial.py for tasks to queue
[2024-09-28T20:07:43.601+0000] {logging_mixin.py:190} INFO - [2024-09-28T20:07:43.601+0000] {dagbag.py:588} INFO - Filling up the DagBag from /home/airflow/.local/lib/python3.12/site-packages/airflow/example_dags/tutorial.py
[2024-09-28T20:07:43.606+0000] {processor.py:925} INFO - DAG(s) 'tutorial' retrieved from /home/airflow/.local/lib/python3.12/site-packages/airflow/example_dags/tutorial.py
[2024-09-28T20:07:43.623+0000] {logging_mixin.py:190} INFO - [2024-09-28T20:07:43.623+0000] {dag.py:3239} INFO - Sync 1 DAGs
[2024-09-28T20:07:43.639+0000] {logging_mixin.py:190} INFO - [2024-09-28T20:07:43.638+0000] {dag.py:4180} INFO - Setting next_dagrun for tutorial to 2024-09-28 00:00:00+00:00, run_after=2024-09-29 00:00:00+00:00
[2024-09-28T20:07:43.659+0000] {processor.py:208} INFO - Processing /home/airflow/.local/lib/python3.12/site-packages/airflow/example_dags/tutorial.py took 0.064 seconds
[2024-09-28T20:08:14.029+0000] {processor.py:186} INFO - Started process (PID=498) to work on /home/airflow/.local/lib/python3.12/site-packages/airflow/example_dags/tutorial.py
[2024-09-28T20:08:14.041+0000] {processor.py:914} INFO - Processing file /home/airflow/.local/lib/python3.12/site-packages/airflow/example_dags/tutorial.py for tasks to queue
[2024-09-28T20:08:14.052+0000] {logging_mixin.py:190} INFO - [2024-09-28T20:08:14.052+0000] {dagbag.py:588} INFO - Filling up the DagBag from /home/airflow/.local/lib/python3.12/site-packages/airflow/example_dags/tutorial.py
[2024-09-28T20:08:14.060+0000] {processor.py:925} INFO - DAG(s) 'tutorial' retrieved from /home/airflow/.local/lib/python3.12/site-packages/airflow/example_dags/tutorial.py
[2024-09-28T20:08:14.079+0000] {logging_mixin.py:190} INFO - [2024-09-28T20:08:14.079+0000] {dag.py:3239} INFO - Sync 1 DAGs
[2024-09-28T20:08:14.095+0000] {logging_mixin.py:190} INFO - [2024-09-28T20:08:14.095+0000] {dag.py:4180} INFO - Setting next_dagrun for tutorial to 2024-09-28 00:00:00+00:00, run_after=2024-09-29 00:00:00+00:00
[2024-09-28T20:08:14.110+0000] {processor.py:208} INFO - Processing /home/airflow/.local/lib/python3.12/site-packages/airflow/example_dags/tutorial.py took 0.085 seconds
[2024-09-28T20:08:44.677+0000] {processor.py:186} INFO - Started process (PID=563) to work on /home/airflow/.local/lib/python3.12/site-packages/airflow/example_dags/tutorial.py
[2024-09-28T20:08:44.681+0000] {processor.py:914} INFO - Processing file /home/airflow/.local/lib/python3.12/site-packages/airflow/example_dags/tutorial.py for tasks to queue
[2024-09-28T20:08:44.684+0000] {logging_mixin.py:190} INFO - [2024-09-28T20:08:44.683+0000] {dagbag.py:588} INFO - Filling up the DagBag from /home/airflow/.local/lib/python3.12/site-packages/airflow/example_dags/tutorial.py
[2024-09-28T20:08:44.689+0000] {processor.py:925} INFO - DAG(s) 'tutorial' retrieved from /home/airflow/.local/lib/python3.12/site-packages/airflow/example_dags/tutorial.py
[2024-09-28T20:08:44.701+0000] {logging_mixin.py:190} INFO - [2024-09-28T20:08:44.701+0000] {dag.py:3239} INFO - Sync 1 DAGs
[2024-09-28T20:08:44.716+0000] {logging_mixin.py:190} INFO - [2024-09-28T20:08:44.716+0000] {dag.py:4180} INFO - Setting next_dagrun for tutorial to 2024-09-28 00:00:00+00:00, run_after=2024-09-29 00:00:00+00:00
[2024-09-28T20:08:44.729+0000] {processor.py:208} INFO - Processing /home/airflow/.local/lib/python3.12/site-packages/airflow/example_dags/tutorial.py took 0.056 seconds
[2024-09-28T20:09:15.688+0000] {processor.py:186} INFO - Started process (PID=628) to work on /home/airflow/.local/lib/python3.12/site-packages/airflow/example_dags/tutorial.py
[2024-09-28T20:09:15.689+0000] {processor.py:914} INFO - Processing file /home/airflow/.local/lib/python3.12/site-packages/airflow/example_dags/tutorial.py for tasks to queue
[2024-09-28T20:09:15.691+0000] {logging_mixin.py:190} INFO - [2024-09-28T20:09:15.691+0000] {dagbag.py:588} INFO - Filling up the DagBag from /home/airflow/.local/lib/python3.12/site-packages/airflow/example_dags/tutorial.py
[2024-09-28T20:09:15.701+0000] {processor.py:925} INFO - DAG(s) 'tutorial' retrieved from /home/airflow/.local/lib/python3.12/site-packages/airflow/example_dags/tutorial.py
[2024-09-28T20:09:15.716+0000] {logging_mixin.py:190} INFO - [2024-09-28T20:09:15.715+0000] {dag.py:3239} INFO - Sync 1 DAGs
[2024-09-28T20:09:15.732+0000] {logging_mixin.py:190} INFO - [2024-09-28T20:09:15.731+0000] {dag.py:4180} INFO - Setting next_dagrun for tutorial to 2024-09-28 00:00:00+00:00, run_after=2024-09-29 00:00:00+00:00
[2024-09-28T20:09:15.745+0000] {processor.py:208} INFO - Processing /home/airflow/.local/lib/python3.12/site-packages/airflow/example_dags/tutorial.py took 0.061 seconds
[2024-09-28T20:09:46.575+0000] {processor.py:186} INFO - Started process (PID=693) to work on /home/airflow/.local/lib/python3.12/site-packages/airflow/example_dags/tutorial.py
[2024-09-28T20:09:46.576+0000] {processor.py:914} INFO - Processing file /home/airflow/.local/lib/python3.12/site-packages/airflow/example_dags/tutorial.py for tasks to queue
[2024-09-28T20:09:46.577+0000] {logging_mixin.py:190} INFO - [2024-09-28T20:09:46.577+0000] {dagbag.py:588} INFO - Filling up the DagBag from /home/airflow/.local/lib/python3.12/site-packages/airflow/example_dags/tutorial.py
[2024-09-28T20:09:46.582+0000] {processor.py:925} INFO - DAG(s) 'tutorial' retrieved from /home/airflow/.local/lib/python3.12/site-packages/airflow/example_dags/tutorial.py
[2024-09-28T20:09:46.596+0000] {logging_mixin.py:190} INFO - [2024-09-28T20:09:46.596+0000] {dag.py:3239} INFO - Sync 1 DAGs
[2024-09-28T20:09:46.611+0000] {logging_mixin.py:190} INFO - [2024-09-28T20:09:46.610+0000] {dag.py:4180} INFO - Setting next_dagrun for tutorial to 2024-09-28 00:00:00+00:00, run_after=2024-09-29 00:00:00+00:00
[2024-09-28T20:09:46.622+0000] {processor.py:208} INFO - Processing /home/airflow/.local/lib/python3.12/site-packages/airflow/example_dags/tutorial.py took 0.051 seconds
[2024-09-28T20:10:16.870+0000] {processor.py:186} INFO - Started process (PID=759) to work on /home/airflow/.local/lib/python3.12/site-packages/airflow/example_dags/tutorial.py
[2024-09-28T20:10:16.871+0000] {processor.py:914} INFO - Processing file /home/airflow/.local/lib/python3.12/site-packages/airflow/example_dags/tutorial.py for tasks to queue
[2024-09-28T20:10:16.873+0000] {logging_mixin.py:190} INFO - [2024-09-28T20:10:16.873+0000] {dagbag.py:588} INFO - Filling up the DagBag from /home/airflow/.local/lib/python3.12/site-packages/airflow/example_dags/tutorial.py
[2024-09-28T20:10:16.878+0000] {processor.py:925} INFO - DAG(s) 'tutorial' retrieved from /home/airflow/.local/lib/python3.12/site-packages/airflow/example_dags/tutorial.py
[2024-09-28T20:10:16.890+0000] {logging_mixin.py:190} INFO - [2024-09-28T20:10:16.890+0000] {dag.py:3239} INFO - Sync 1 DAGs
[2024-09-28T20:10:16.904+0000] {logging_mixin.py:190} INFO - [2024-09-28T20:10:16.904+0000] {dag.py:4180} INFO - Setting next_dagrun for tutorial to 2024-09-28 00:00:00+00:00, run_after=2024-09-29 00:00:00+00:00
[2024-09-28T20:10:16.916+0000] {processor.py:208} INFO - Processing /home/airflow/.local/lib/python3.12/site-packages/airflow/example_dags/tutorial.py took 0.050 seconds
[2024-09-28T20:10:47.075+0000] {processor.py:186} INFO - Started process (PID=825) to work on /home/airflow/.local/lib/python3.12/site-packages/airflow/example_dags/tutorial.py
[2024-09-28T20:10:47.076+0000] {processor.py:914} INFO - Processing file /home/airflow/.local/lib/python3.12/site-packages/airflow/example_dags/tutorial.py for tasks to queue
[2024-09-28T20:10:47.077+0000] {logging_mixin.py:190} INFO - [2024-09-28T20:10:47.077+0000] {dagbag.py:588} INFO - Filling up the DagBag from /home/airflow/.local/lib/python3.12/site-packages/airflow/example_dags/tutorial.py
[2024-09-28T20:10:47.082+0000] {processor.py:925} INFO - DAG(s) 'tutorial' retrieved from /home/airflow/.local/lib/python3.12/site-packages/airflow/example_dags/tutorial.py
[2024-09-28T20:10:47.096+0000] {logging_mixin.py:190} INFO - [2024-09-28T20:10:47.096+0000] {dag.py:3239} INFO - Sync 1 DAGs
[2024-09-28T20:10:47.110+0000] {logging_mixin.py:190} INFO - [2024-09-28T20:10:47.110+0000] {dag.py:4180} INFO - Setting next_dagrun for tutorial to 2024-09-28 00:00:00+00:00, run_after=2024-09-29 00:00:00+00:00
[2024-09-28T20:10:47.121+0000] {processor.py:208} INFO - Processing /home/airflow/.local/lib/python3.12/site-packages/airflow/example_dags/tutorial.py took 0.050 seconds
[2024-09-28T20:11:17.465+0000] {processor.py:186} INFO - Started process (PID=895) to work on /home/airflow/.local/lib/python3.12/site-packages/airflow/example_dags/tutorial.py
[2024-09-28T20:11:17.466+0000] {processor.py:914} INFO - Processing file /home/airflow/.local/lib/python3.12/site-packages/airflow/example_dags/tutorial.py for tasks to queue
[2024-09-28T20:11:17.469+0000] {logging_mixin.py:190} INFO - [2024-09-28T20:11:17.468+0000] {dagbag.py:588} INFO - Filling up the DagBag from /home/airflow/.local/lib/python3.12/site-packages/airflow/example_dags/tutorial.py
[2024-09-28T20:11:17.477+0000] {processor.py:925} INFO - DAG(s) 'tutorial' retrieved from /home/airflow/.local/lib/python3.12/site-packages/airflow/example_dags/tutorial.py
[2024-09-28T20:11:17.497+0000] {logging_mixin.py:190} INFO - [2024-09-28T20:11:17.496+0000] {dag.py:3239} INFO - Sync 1 DAGs
[2024-09-28T20:11:17.519+0000] {logging_mixin.py:190} INFO - [2024-09-28T20:11:17.519+0000] {dag.py:4180} INFO - Setting next_dagrun for tutorial to 2024-09-28 00:00:00+00:00, run_after=2024-09-29 00:00:00+00:00
[2024-09-28T20:11:17.540+0000] {processor.py:208} INFO - Processing /home/airflow/.local/lib/python3.12/site-packages/airflow/example_dags/tutorial.py took 0.081 seconds
[2024-09-28T20:11:47.877+0000] {processor.py:186} INFO - Started process (PID=961) to work on /home/airflow/.local/lib/python3.12/site-packages/airflow/example_dags/tutorial.py
[2024-09-28T20:11:47.878+0000] {processor.py:914} INFO - Processing file /home/airflow/.local/lib/python3.12/site-packages/airflow/example_dags/tutorial.py for tasks to queue
[2024-09-28T20:11:47.880+0000] {logging_mixin.py:190} INFO - [2024-09-28T20:11:47.880+0000] {dagbag.py:588} INFO - Filling up the DagBag from /home/airflow/.local/lib/python3.12/site-packages/airflow/example_dags/tutorial.py
[2024-09-28T20:11:47.886+0000] {processor.py:925} INFO - DAG(s) 'tutorial' retrieved from /home/airflow/.local/lib/python3.12/site-packages/airflow/example_dags/tutorial.py
[2024-09-28T20:11:47.901+0000] {logging_mixin.py:190} INFO - [2024-09-28T20:11:47.901+0000] {dag.py:3239} INFO - Sync 1 DAGs
[2024-09-28T20:11:47.916+0000] {logging_mixin.py:190} INFO - [2024-09-28T20:11:47.916+0000] {dag.py:4180} INFO - Setting next_dagrun for tutorial to 2024-09-28 00:00:00+00:00, run_after=2024-09-29 00:00:00+00:00
[2024-09-28T20:11:47.930+0000] {processor.py:208} INFO - Processing /home/airflow/.local/lib/python3.12/site-packages/airflow/example_dags/tutorial.py took 0.057 seconds
[2024-09-28T20:12:18.204+0000] {processor.py:186} INFO - Started process (PID=1027) to work on /home/airflow/.local/lib/python3.12/site-packages/airflow/example_dags/tutorial.py
[2024-09-28T20:12:18.205+0000] {processor.py:914} INFO - Processing file /home/airflow/.local/lib/python3.12/site-packages/airflow/example_dags/tutorial.py for tasks to queue
[2024-09-28T20:12:18.207+0000] {logging_mixin.py:190} INFO - [2024-09-28T20:12:18.207+0000] {dagbag.py:588} INFO - Filling up the DagBag from /home/airflow/.local/lib/python3.12/site-packages/airflow/example_dags/tutorial.py
[2024-09-28T20:12:18.212+0000] {processor.py:925} INFO - DAG(s) 'tutorial' retrieved from /home/airflow/.local/lib/python3.12/site-packages/airflow/example_dags/tutorial.py
[2024-09-28T20:12:18.226+0000] {logging_mixin.py:190} INFO - [2024-09-28T20:12:18.226+0000] {dag.py:3239} INFO - Sync 1 DAGs
[2024-09-28T20:12:18.240+0000] {logging_mixin.py:190} INFO - [2024-09-28T20:12:18.240+0000] {dag.py:4180} INFO - Setting next_dagrun for tutorial to 2024-09-28 00:00:00+00:00, run_after=2024-09-29 00:00:00+00:00
[2024-09-28T20:12:18.252+0000] {processor.py:208} INFO - Processing /home/airflow/.local/lib/python3.12/site-packages/airflow/example_dags/tutorial.py took 0.052 seconds
[2024-09-28T20:12:49.181+0000] {processor.py:186} INFO - Started process (PID=1093) to work on /home/airflow/.local/lib/python3.12/site-packages/airflow/example_dags/tutorial.py
[2024-09-28T20:12:49.183+0000] {processor.py:914} INFO - Processing file /home/airflow/.local/lib/python3.12/site-packages/airflow/example_dags/tutorial.py for tasks to queue
[2024-09-28T20:12:49.184+0000] {logging_mixin.py:190} INFO - [2024-09-28T20:12:49.184+0000] {dagbag.py:588} INFO - Filling up the DagBag from /home/airflow/.local/lib/python3.12/site-packages/airflow/example_dags/tutorial.py
[2024-09-28T20:12:49.190+0000] {processor.py:925} INFO - DAG(s) 'tutorial' retrieved from /home/airflow/.local/lib/python3.12/site-packages/airflow/example_dags/tutorial.py
[2024-09-28T20:12:49.203+0000] {logging_mixin.py:190} INFO - [2024-09-28T20:12:49.202+0000] {dag.py:3239} INFO - Sync 1 DAGs
[2024-09-28T20:12:49.218+0000] {logging_mixin.py:190} INFO - [2024-09-28T20:12:49.218+0000] {dag.py:4180} INFO - Setting next_dagrun for tutorial to 2024-09-28 00:00:00+00:00, run_after=2024-09-29 00:00:00+00:00
[2024-09-28T20:12:49.231+0000] {processor.py:208} INFO - Processing /home/airflow/.local/lib/python3.12/site-packages/airflow/example_dags/tutorial.py took 0.054 seconds
[2024-09-28T20:13:19.517+0000] {processor.py:186} INFO - Started process (PID=1159) to work on /home/airflow/.local/lib/python3.12/site-packages/airflow/example_dags/tutorial.py
[2024-09-28T20:13:19.517+0000] {processor.py:914} INFO - Processing file /home/airflow/.local/lib/python3.12/site-packages/airflow/example_dags/tutorial.py for tasks to queue
[2024-09-28T20:13:19.519+0000] {logging_mixin.py:190} INFO - [2024-09-28T20:13:19.519+0000] {dagbag.py:588} INFO - Filling up the DagBag from /home/airflow/.local/lib/python3.12/site-packages/airflow/example_dags/tutorial.py
[2024-09-28T20:13:19.524+0000] {processor.py:925} INFO - DAG(s) 'tutorial' retrieved from /home/airflow/.local/lib/python3.12/site-packages/airflow/example_dags/tutorial.py
[2024-09-28T20:13:19.536+0000] {logging_mixin.py:190} INFO - [2024-09-28T20:13:19.536+0000] {dag.py:3239} INFO - Sync 1 DAGs
[2024-09-28T20:13:19.551+0000] {logging_mixin.py:190} INFO - [2024-09-28T20:13:19.551+0000] {dag.py:4180} INFO - Setting next_dagrun for tutorial to 2024-09-28 00:00:00+00:00, run_after=2024-09-29 00:00:00+00:00
[2024-09-28T20:13:19.563+0000] {processor.py:208} INFO - Processing /home/airflow/.local/lib/python3.12/site-packages/airflow/example_dags/tutorial.py took 0.050 seconds
[2024-09-28T20:13:49.768+0000] {processor.py:186} INFO - Started process (PID=1224) to work on /home/airflow/.local/lib/python3.12/site-packages/airflow/example_dags/tutorial.py
[2024-09-28T20:13:49.769+0000] {processor.py:914} INFO - Processing file /home/airflow/.local/lib/python3.12/site-packages/airflow/example_dags/tutorial.py for tasks to queue
[2024-09-28T20:13:49.770+0000] {logging_mixin.py:190} INFO - [2024-09-28T20:13:49.770+0000] {dagbag.py:588} INFO - Filling up the DagBag from /home/airflow/.local/lib/python3.12/site-packages/airflow/example_dags/tutorial.py
[2024-09-28T20:13:49.776+0000] {processor.py:925} INFO - DAG(s) 'tutorial' retrieved from /home/airflow/.local/lib/python3.12/site-packages/airflow/example_dags/tutorial.py
[2024-09-28T20:13:49.788+0000] {logging_mixin.py:190} INFO - [2024-09-28T20:13:49.788+0000] {dag.py:3239} INFO - Sync 1 DAGs
[2024-09-28T20:13:49.804+0000] {logging_mixin.py:190} INFO - [2024-09-28T20:13:49.804+0000] {dag.py:4180} INFO - Setting next_dagrun for tutorial to 2024-09-28 00:00:00+00:00, run_after=2024-09-29 00:00:00+00:00
[2024-09-28T20:13:49.816+0000] {processor.py:208} INFO - Processing /home/airflow/.local/lib/python3.12/site-packages/airflow/example_dags/tutorial.py took 0.052 seconds
[2024-09-28T20:14:20.065+0000] {processor.py:186} INFO - Started process (PID=1290) to work on /home/airflow/.local/lib/python3.12/site-packages/airflow/example_dags/tutorial.py
[2024-09-28T20:14:20.066+0000] {processor.py:914} INFO - Processing file /home/airflow/.local/lib/python3.12/site-packages/airflow/example_dags/tutorial.py for tasks to queue
[2024-09-28T20:14:20.068+0000] {logging_mixin.py:190} INFO - [2024-09-28T20:14:20.067+0000] {dagbag.py:588} INFO - Filling up the DagBag from /home/airflow/.local/lib/python3.12/site-packages/airflow/example_dags/tutorial.py
[2024-09-28T20:14:20.073+0000] {processor.py:925} INFO - DAG(s) 'tutorial' retrieved from /home/airflow/.local/lib/python3.12/site-packages/airflow/example_dags/tutorial.py
[2024-09-28T20:14:20.086+0000] {logging_mixin.py:190} INFO - [2024-09-28T20:14:20.085+0000] {dag.py:3239} INFO - Sync 1 DAGs
[2024-09-28T20:14:20.100+0000] {logging_mixin.py:190} INFO - [2024-09-28T20:14:20.100+0000] {dag.py:4180} INFO - Setting next_dagrun for tutorial to 2024-09-28 00:00:00+00:00, run_after=2024-09-29 00:00:00+00:00
[2024-09-28T20:14:20.112+0000] {processor.py:208} INFO - Processing /home/airflow/.local/lib/python3.12/site-packages/airflow/example_dags/tutorial.py took 0.051 seconds
[2024-09-28T20:14:50.508+0000] {processor.py:186} INFO - Started process (PID=1356) to work on /home/airflow/.local/lib/python3.12/site-packages/airflow/example_dags/tutorial.py
[2024-09-28T20:14:50.509+0000] {processor.py:914} INFO - Processing file /home/airflow/.local/lib/python3.12/site-packages/airflow/example_dags/tutorial.py for tasks to queue
[2024-09-28T20:14:50.511+0000] {logging_mixin.py:190} INFO - [2024-09-28T20:14:50.510+0000] {dagbag.py:588} INFO - Filling up the DagBag from /home/airflow/.local/lib/python3.12/site-packages/airflow/example_dags/tutorial.py
[2024-09-28T20:14:50.518+0000] {processor.py:925} INFO - DAG(s) 'tutorial' retrieved from /home/airflow/.local/lib/python3.12/site-packages/airflow/example_dags/tutorial.py
[2024-09-28T20:14:50.532+0000] {logging_mixin.py:190} INFO - [2024-09-28T20:14:50.531+0000] {dag.py:3239} INFO - Sync 1 DAGs
[2024-09-28T20:14:50.546+0000] {logging_mixin.py:190} INFO - [2024-09-28T20:14:50.546+0000] {dag.py:4180} INFO - Setting next_dagrun for tutorial to 2024-09-28 00:00:00+00:00, run_after=2024-09-29 00:00:00+00:00
[2024-09-28T20:14:50.557+0000] {processor.py:208} INFO - Processing /home/airflow/.local/lib/python3.12/site-packages/airflow/example_dags/tutorial.py took 0.052 seconds
[2024-09-28T20:15:21.015+0000] {processor.py:186} INFO - Started process (PID=1422) to work on /home/airflow/.local/lib/python3.12/site-packages/airflow/example_dags/tutorial.py
[2024-09-28T20:15:21.016+0000] {processor.py:914} INFO - Processing file /home/airflow/.local/lib/python3.12/site-packages/airflow/example_dags/tutorial.py for tasks to queue
[2024-09-28T20:15:21.018+0000] {logging_mixin.py:190} INFO - [2024-09-28T20:15:21.018+0000] {dagbag.py:588} INFO - Filling up the DagBag from /home/airflow/.local/lib/python3.12/site-packages/airflow/example_dags/tutorial.py
[2024-09-28T20:15:21.023+0000] {processor.py:925} INFO - DAG(s) 'tutorial' retrieved from /home/airflow/.local/lib/python3.12/site-packages/airflow/example_dags/tutorial.py
[2024-09-28T20:15:21.034+0000] {logging_mixin.py:190} INFO - [2024-09-28T20:15:21.034+0000] {dag.py:3239} INFO - Sync 1 DAGs
[2024-09-28T20:15:21.053+0000] {logging_mixin.py:190} INFO - [2024-09-28T20:15:21.053+0000] {dag.py:4180} INFO - Setting next_dagrun for tutorial to 2024-09-28 00:00:00+00:00, run_after=2024-09-29 00:00:00+00:00
[2024-09-28T20:15:21.073+0000] {processor.py:208} INFO - Processing /home/airflow/.local/lib/python3.12/site-packages/airflow/example_dags/tutorial.py took 0.062 seconds
[2024-09-28T20:16:31.157+0000] {processor.py:186} INFO - Started process (PID=127) to work on /home/airflow/.local/lib/python3.12/site-packages/airflow/example_dags/tutorial.py
[2024-09-28T20:16:31.158+0000] {processor.py:914} INFO - Processing file /home/airflow/.local/lib/python3.12/site-packages/airflow/example_dags/tutorial.py for tasks to queue
[2024-09-28T20:16:31.159+0000] {logging_mixin.py:190} INFO - [2024-09-28T20:16:31.159+0000] {dagbag.py:588} INFO - Filling up the DagBag from /home/airflow/.local/lib/python3.12/site-packages/airflow/example_dags/tutorial.py
[2024-09-28T20:16:31.164+0000] {processor.py:925} INFO - DAG(s) 'tutorial' retrieved from /home/airflow/.local/lib/python3.12/site-packages/airflow/example_dags/tutorial.py
[2024-09-28T20:16:31.176+0000] {logging_mixin.py:190} INFO - [2024-09-28T20:16:31.176+0000] {dag.py:3239} INFO - Sync 1 DAGs
[2024-09-28T20:16:31.190+0000] {logging_mixin.py:190} INFO - [2024-09-28T20:16:31.190+0000] {dag.py:4180} INFO - Setting next_dagrun for tutorial to 2024-09-28 00:00:00+00:00, run_after=2024-09-29 00:00:00+00:00
[2024-09-28T20:16:31.202+0000] {processor.py:208} INFO - Processing /home/airflow/.local/lib/python3.12/site-packages/airflow/example_dags/tutorial.py took 0.049 seconds
[2024-09-28T20:17:01.555+0000] {processor.py:186} INFO - Started process (PID=201) to work on /home/airflow/.local/lib/python3.12/site-packages/airflow/example_dags/tutorial.py
[2024-09-28T20:17:01.556+0000] {processor.py:914} INFO - Processing file /home/airflow/.local/lib/python3.12/site-packages/airflow/example_dags/tutorial.py for tasks to queue
[2024-09-28T20:17:01.558+0000] {logging_mixin.py:190} INFO - [2024-09-28T20:17:01.557+0000] {dagbag.py:588} INFO - Filling up the DagBag from /home/airflow/.local/lib/python3.12/site-packages/airflow/example_dags/tutorial.py
[2024-09-28T20:17:01.563+0000] {processor.py:925} INFO - DAG(s) 'tutorial' retrieved from /home/airflow/.local/lib/python3.12/site-packages/airflow/example_dags/tutorial.py
[2024-09-28T20:17:01.576+0000] {logging_mixin.py:190} INFO - [2024-09-28T20:17:01.576+0000] {dag.py:3239} INFO - Sync 1 DAGs
[2024-09-28T20:17:01.591+0000] {logging_mixin.py:190} INFO - [2024-09-28T20:17:01.591+0000] {dag.py:4180} INFO - Setting next_dagrun for tutorial to 2024-09-28 00:00:00+00:00, run_after=2024-09-29 00:00:00+00:00
[2024-09-28T20:17:01.604+0000] {processor.py:208} INFO - Processing /home/airflow/.local/lib/python3.12/site-packages/airflow/example_dags/tutorial.py took 0.053 seconds
[2024-09-28T20:17:32.044+0000] {processor.py:186} INFO - Started process (PID=269) to work on /home/airflow/.local/lib/python3.12/site-packages/airflow/example_dags/tutorial.py
[2024-09-28T20:17:32.046+0000] {processor.py:914} INFO - Processing file /home/airflow/.local/lib/python3.12/site-packages/airflow/example_dags/tutorial.py for tasks to queue
[2024-09-28T20:17:32.048+0000] {logging_mixin.py:190} INFO - [2024-09-28T20:17:32.048+0000] {dagbag.py:588} INFO - Filling up the DagBag from /home/airflow/.local/lib/python3.12/site-packages/airflow/example_dags/tutorial.py
[2024-09-28T20:17:32.053+0000] {processor.py:925} INFO - DAG(s) 'tutorial' retrieved from /home/airflow/.local/lib/python3.12/site-packages/airflow/example_dags/tutorial.py
[2024-09-28T20:17:32.068+0000] {logging_mixin.py:190} INFO - [2024-09-28T20:17:32.068+0000] {dag.py:3239} INFO - Sync 1 DAGs
[2024-09-28T20:17:32.084+0000] {logging_mixin.py:190} INFO - [2024-09-28T20:17:32.084+0000] {dag.py:4180} INFO - Setting next_dagrun for tutorial to 2024-09-28 00:00:00+00:00, run_after=2024-09-29 00:00:00+00:00
[2024-09-28T20:17:32.097+0000] {processor.py:208} INFO - Processing /home/airflow/.local/lib/python3.12/site-packages/airflow/example_dags/tutorial.py took 0.056 seconds
[2024-09-28T20:18:02.430+0000] {processor.py:186} INFO - Started process (PID=337) to work on /home/airflow/.local/lib/python3.12/site-packages/airflow/example_dags/tutorial.py
[2024-09-28T20:18:02.431+0000] {processor.py:914} INFO - Processing file /home/airflow/.local/lib/python3.12/site-packages/airflow/example_dags/tutorial.py for tasks to queue
[2024-09-28T20:18:02.433+0000] {logging_mixin.py:190} INFO - [2024-09-28T20:18:02.433+0000] {dagbag.py:588} INFO - Filling up the DagBag from /home/airflow/.local/lib/python3.12/site-packages/airflow/example_dags/tutorial.py
[2024-09-28T20:18:02.439+0000] {processor.py:925} INFO - DAG(s) 'tutorial' retrieved from /home/airflow/.local/lib/python3.12/site-packages/airflow/example_dags/tutorial.py
[2024-09-28T20:18:02.452+0000] {logging_mixin.py:190} INFO - [2024-09-28T20:18:02.452+0000] {dag.py:3239} INFO - Sync 1 DAGs
[2024-09-28T20:18:02.467+0000] {logging_mixin.py:190} INFO - [2024-09-28T20:18:02.467+0000] {dag.py:4180} INFO - Setting next_dagrun for tutorial to 2024-09-28 00:00:00+00:00, run_after=2024-09-29 00:00:00+00:00
[2024-09-28T20:18:02.481+0000] {processor.py:208} INFO - Processing /home/airflow/.local/lib/python3.12/site-packages/airflow/example_dags/tutorial.py took 0.055 seconds
[2024-09-28T20:18:32.657+0000] {processor.py:186} INFO - Started process (PID=403) to work on /home/airflow/.local/lib/python3.12/site-packages/airflow/example_dags/tutorial.py
[2024-09-28T20:18:32.659+0000] {processor.py:914} INFO - Processing file /home/airflow/.local/lib/python3.12/site-packages/airflow/example_dags/tutorial.py for tasks to queue
[2024-09-28T20:18:32.660+0000] {logging_mixin.py:190} INFO - [2024-09-28T20:18:32.660+0000] {dagbag.py:588} INFO - Filling up the DagBag from /home/airflow/.local/lib/python3.12/site-packages/airflow/example_dags/tutorial.py
[2024-09-28T20:18:32.666+0000] {processor.py:925} INFO - DAG(s) 'tutorial' retrieved from /home/airflow/.local/lib/python3.12/site-packages/airflow/example_dags/tutorial.py
[2024-09-28T20:18:32.678+0000] {logging_mixin.py:190} INFO - [2024-09-28T20:18:32.678+0000] {dag.py:3239} INFO - Sync 1 DAGs
[2024-09-28T20:18:32.693+0000] {logging_mixin.py:190} INFO - [2024-09-28T20:18:32.693+0000] {dag.py:4180} INFO - Setting next_dagrun for tutorial to 2024-09-28 00:00:00+00:00, run_after=2024-09-29 00:00:00+00:00
[2024-09-28T20:18:32.706+0000] {processor.py:208} INFO - Processing /home/airflow/.local/lib/python3.12/site-packages/airflow/example_dags/tutorial.py took 0.052 seconds
[2024-09-28T20:19:03.100+0000] {processor.py:186} INFO - Started process (PID=469) to work on /home/airflow/.local/lib/python3.12/site-packages/airflow/example_dags/tutorial.py
[2024-09-28T20:19:03.102+0000] {processor.py:914} INFO - Processing file /home/airflow/.local/lib/python3.12/site-packages/airflow/example_dags/tutorial.py for tasks to queue
[2024-09-28T20:19:03.104+0000] {logging_mixin.py:190} INFO - [2024-09-28T20:19:03.103+0000] {dagbag.py:588} INFO - Filling up the DagBag from /home/airflow/.local/lib/python3.12/site-packages/airflow/example_dags/tutorial.py
[2024-09-28T20:19:03.110+0000] {processor.py:925} INFO - DAG(s) 'tutorial' retrieved from /home/airflow/.local/lib/python3.12/site-packages/airflow/example_dags/tutorial.py
[2024-09-28T20:19:03.123+0000] {logging_mixin.py:190} INFO - [2024-09-28T20:19:03.123+0000] {dag.py:3239} INFO - Sync 1 DAGs
[2024-09-28T20:19:03.138+0000] {logging_mixin.py:190} INFO - [2024-09-28T20:19:03.138+0000] {dag.py:4180} INFO - Setting next_dagrun for tutorial to 2024-09-28 00:00:00+00:00, run_after=2024-09-29 00:00:00+00:00
[2024-09-28T20:19:03.150+0000] {processor.py:208} INFO - Processing /home/airflow/.local/lib/python3.12/site-packages/airflow/example_dags/tutorial.py took 0.053 seconds
[2024-09-28T20:19:33.327+0000] {processor.py:186} INFO - Started process (PID=535) to work on /home/airflow/.local/lib/python3.12/site-packages/airflow/example_dags/tutorial.py
[2024-09-28T20:19:33.328+0000] {processor.py:914} INFO - Processing file /home/airflow/.local/lib/python3.12/site-packages/airflow/example_dags/tutorial.py for tasks to queue
[2024-09-28T20:19:33.329+0000] {logging_mixin.py:190} INFO - [2024-09-28T20:19:33.329+0000] {dagbag.py:588} INFO - Filling up the DagBag from /home/airflow/.local/lib/python3.12/site-packages/airflow/example_dags/tutorial.py
[2024-09-28T20:19:33.335+0000] {processor.py:925} INFO - DAG(s) 'tutorial' retrieved from /home/airflow/.local/lib/python3.12/site-packages/airflow/example_dags/tutorial.py
[2024-09-28T20:19:33.349+0000] {logging_mixin.py:190} INFO - [2024-09-28T20:19:33.349+0000] {dag.py:3239} INFO - Sync 1 DAGs
[2024-09-28T20:19:33.364+0000] {logging_mixin.py:190} INFO - [2024-09-28T20:19:33.364+0000] {dag.py:4180} INFO - Setting next_dagrun for tutorial to 2024-09-28 00:00:00+00:00, run_after=2024-09-29 00:00:00+00:00
[2024-09-28T20:19:33.376+0000] {processor.py:208} INFO - Processing /home/airflow/.local/lib/python3.12/site-packages/airflow/example_dags/tutorial.py took 0.053 seconds
[2024-09-28T20:20:03.622+0000] {processor.py:186} INFO - Started process (PID=602) to work on /home/airflow/.local/lib/python3.12/site-packages/airflow/example_dags/tutorial.py
[2024-09-28T20:20:03.623+0000] {processor.py:914} INFO - Processing file /home/airflow/.local/lib/python3.12/site-packages/airflow/example_dags/tutorial.py for tasks to queue
[2024-09-28T20:20:03.624+0000] {logging_mixin.py:190} INFO - [2024-09-28T20:20:03.624+0000] {dagbag.py:588} INFO - Filling up the DagBag from /home/airflow/.local/lib/python3.12/site-packages/airflow/example_dags/tutorial.py
[2024-09-28T20:20:03.630+0000] {processor.py:925} INFO - DAG(s) 'tutorial' retrieved from /home/airflow/.local/lib/python3.12/site-packages/airflow/example_dags/tutorial.py
[2024-09-28T20:20:03.646+0000] {logging_mixin.py:190} INFO - [2024-09-28T20:20:03.646+0000] {dag.py:3239} INFO - Sync 1 DAGs
[2024-09-28T20:20:03.666+0000] {logging_mixin.py:190} INFO - [2024-09-28T20:20:03.666+0000] {dag.py:4180} INFO - Setting next_dagrun for tutorial to 2024-09-28 00:00:00+00:00, run_after=2024-09-29 00:00:00+00:00
[2024-09-28T20:20:03.683+0000] {processor.py:208} INFO - Processing /home/airflow/.local/lib/python3.12/site-packages/airflow/example_dags/tutorial.py took 0.065 seconds
[2024-09-28T20:20:34.170+0000] {processor.py:186} INFO - Started process (PID=668) to work on /home/airflow/.local/lib/python3.12/site-packages/airflow/example_dags/tutorial.py
[2024-09-28T20:20:34.171+0000] {processor.py:914} INFO - Processing file /home/airflow/.local/lib/python3.12/site-packages/airflow/example_dags/tutorial.py for tasks to queue
[2024-09-28T20:20:34.172+0000] {logging_mixin.py:190} INFO - [2024-09-28T20:20:34.171+0000] {dagbag.py:588} INFO - Filling up the DagBag from /home/airflow/.local/lib/python3.12/site-packages/airflow/example_dags/tutorial.py
[2024-09-28T20:20:34.178+0000] {processor.py:925} INFO - DAG(s) 'tutorial' retrieved from /home/airflow/.local/lib/python3.12/site-packages/airflow/example_dags/tutorial.py
[2024-09-28T20:20:34.190+0000] {logging_mixin.py:190} INFO - [2024-09-28T20:20:34.190+0000] {dag.py:3239} INFO - Sync 1 DAGs
[2024-09-28T20:20:34.206+0000] {logging_mixin.py:190} INFO - [2024-09-28T20:20:34.206+0000] {dag.py:4180} INFO - Setting next_dagrun for tutorial to 2024-09-28 00:00:00+00:00, run_after=2024-09-29 00:00:00+00:00
[2024-09-28T20:20:34.221+0000] {processor.py:208} INFO - Processing /home/airflow/.local/lib/python3.12/site-packages/airflow/example_dags/tutorial.py took 0.055 seconds
