[2024-10-25T01:39:35.150+0000] {local_task_job_runner.py:123} INFO - ::group::Pre task execution logs
[2024-10-25T01:39:35.169+0000] {taskinstance.py:2612} INFO - Dependencies all met for dep_context=non-requeueable deps ti=<TaskInstance: inserir_dados_mongodb.check_existing_data manual__2024-10-25T01:39:30.286290+00:00 [queued]>
[2024-10-25T01:39:35.180+0000] {taskinstance.py:2612} INFO - Dependencies all met for dep_context=requeueable deps ti=<TaskInstance: inserir_dados_mongodb.check_existing_data manual__2024-10-25T01:39:30.286290+00:00 [queued]>
[2024-10-25T01:39:35.180+0000] {taskinstance.py:2865} INFO - Starting attempt 1 of 2
[2024-10-25T01:39:35.199+0000] {taskinstance.py:2888} INFO - Executing <Task(PythonOperator): check_existing_data> on 2024-10-25 01:39:30.286290+00:00
[2024-10-25T01:39:35.205+0000] {warnings.py:112} WARNING - /home/***/.local/lib/python3.12/site-packages/***/task/task_runner/standard_task_runner.py:70: DeprecationWarning: This process (pid=4809) is multi-threaded, use of fork() may lead to deadlocks in the child.
  pid = os.fork()

[2024-10-25T01:39:35.208+0000] {standard_task_runner.py:72} INFO - Started process 4811 to run task
[2024-10-25T01:39:35.209+0000] {standard_task_runner.py:104} INFO - Running: ['***', 'tasks', 'run', 'inserir_dados_mongodb', 'check_existing_data', 'manual__2024-10-25T01:39:30.286290+00:00', '--job-id', '31', '--raw', '--subdir', 'DAGS_FOLDER/dag_save_mongodb_v3.py', '--cfg-path', '/tmp/tmplaojvozt']
[2024-10-25T01:39:35.212+0000] {standard_task_runner.py:105} INFO - Job 31: Subtask check_existing_data
[2024-10-25T01:39:35.269+0000] {task_command.py:467} INFO - Running <TaskInstance: inserir_dados_mongodb.check_existing_data manual__2024-10-25T01:39:30.286290+00:00 [running]> on host a0ed19d3458a
[2024-10-25T01:39:35.374+0000] {taskinstance.py:3131} INFO - Exporting env vars: AIRFLOW_CTX_DAG_OWNER='user' AIRFLOW_CTX_DAG_ID='inserir_dados_mongodb' AIRFLOW_CTX_TASK_ID='check_existing_data' AIRFLOW_CTX_EXECUTION_DATE='2024-10-25T01:39:30.286290+00:00' AIRFLOW_CTX_TRY_NUMBER='1' AIRFLOW_CTX_DAG_RUN_ID='manual__2024-10-25T01:39:30.286290+00:00'
[2024-10-25T01:39:35.375+0000] {taskinstance.py:731} INFO - ::endgroup::
[2024-10-25T01:39:35.410+0000] {logging_mixin.py:190} INFO - Registro sem campo 'id': [
[2024-10-25T01:39:35.411+0000] {logging_mixin.py:190} INFO - Registro sem campo 'id': {
[2024-10-25T01:39:35.412+0000] {logging_mixin.py:190} INFO - Registro sem campo 'id': '
[2024-10-25T01:39:35.415+0000] {logging_mixin.py:190} INFO - Registro sem campo 'id': i
[2024-10-25T01:39:35.416+0000] {logging_mixin.py:190} INFO - Registro sem campo 'id': d
[2024-10-25T01:39:35.417+0000] {logging_mixin.py:190} INFO - Registro sem campo 'id': '
[2024-10-25T01:39:35.417+0000] {logging_mixin.py:190} INFO - Registro sem campo 'id': :
[2024-10-25T01:39:35.418+0000] {logging_mixin.py:190} INFO - Registro sem campo 'id':  
[2024-10-25T01:39:35.419+0000] {logging_mixin.py:190} INFO - Registro sem campo 'id': 1
[2024-10-25T01:39:35.419+0000] {logging_mixin.py:190} INFO - Registro sem campo 'id': ,
[2024-10-25T01:39:35.420+0000] {logging_mixin.py:190} INFO - Registro sem campo 'id':  
[2024-10-25T01:39:35.420+0000] {logging_mixin.py:190} INFO - Registro sem campo 'id': '
[2024-10-25T01:39:35.421+0000] {logging_mixin.py:190} INFO - Registro sem campo 'id': n
[2024-10-25T01:39:35.421+0000] {logging_mixin.py:190} INFO - Registro sem campo 'id': o
[2024-10-25T01:39:35.422+0000] {logging_mixin.py:190} INFO - Registro sem campo 'id': m
[2024-10-25T01:39:35.422+0000] {logging_mixin.py:190} INFO - Registro sem campo 'id': e
[2024-10-25T01:39:35.422+0000] {logging_mixin.py:190} INFO - Registro sem campo 'id': '
[2024-10-25T01:39:35.423+0000] {logging_mixin.py:190} INFO - Registro sem campo 'id': :
[2024-10-25T01:39:35.423+0000] {logging_mixin.py:190} INFO - Registro sem campo 'id':  
[2024-10-25T01:39:35.424+0000] {logging_mixin.py:190} INFO - Registro sem campo 'id': '
[2024-10-25T01:39:35.424+0000] {logging_mixin.py:190} INFO - Registro sem campo 'id': A
[2024-10-25T01:39:35.425+0000] {logging_mixin.py:190} INFO - Registro sem campo 'id': l
[2024-10-25T01:39:35.425+0000] {logging_mixin.py:190} INFO - Registro sem campo 'id': i
[2024-10-25T01:39:35.426+0000] {logging_mixin.py:190} INFO - Registro sem campo 'id': c
[2024-10-25T01:39:35.426+0000] {logging_mixin.py:190} INFO - Registro sem campo 'id': e
[2024-10-25T01:39:35.427+0000] {logging_mixin.py:190} INFO - Registro sem campo 'id':  
[2024-10-25T01:39:35.427+0000] {logging_mixin.py:190} INFO - Registro sem campo 'id': S
[2024-10-25T01:39:35.428+0000] {logging_mixin.py:190} INFO - Registro sem campo 'id': i
[2024-10-25T01:39:35.428+0000] {logging_mixin.py:190} INFO - Registro sem campo 'id': l
[2024-10-25T01:39:35.428+0000] {logging_mixin.py:190} INFO - Registro sem campo 'id': v
[2024-10-25T01:39:35.429+0000] {logging_mixin.py:190} INFO - Registro sem campo 'id': a
[2024-10-25T01:39:35.429+0000] {logging_mixin.py:190} INFO - Registro sem campo 'id': '
[2024-10-25T01:39:35.429+0000] {logging_mixin.py:190} INFO - Registro sem campo 'id': ,
[2024-10-25T01:39:35.430+0000] {logging_mixin.py:190} INFO - Registro sem campo 'id':  
[2024-10-25T01:39:35.430+0000] {logging_mixin.py:190} INFO - Registro sem campo 'id': '
[2024-10-25T01:39:35.431+0000] {logging_mixin.py:190} INFO - Registro sem campo 'id': e
[2024-10-25T01:39:35.431+0000] {logging_mixin.py:190} INFO - Registro sem campo 'id': m
[2024-10-25T01:39:35.432+0000] {logging_mixin.py:190} INFO - Registro sem campo 'id': a
[2024-10-25T01:39:35.432+0000] {logging_mixin.py:190} INFO - Registro sem campo 'id': i
[2024-10-25T01:39:35.432+0000] {logging_mixin.py:190} INFO - Registro sem campo 'id': l
[2024-10-25T01:39:35.433+0000] {logging_mixin.py:190} INFO - Registro sem campo 'id': '
[2024-10-25T01:39:35.433+0000] {logging_mixin.py:190} INFO - Registro sem campo 'id': :
[2024-10-25T01:39:35.433+0000] {logging_mixin.py:190} INFO - Registro sem campo 'id':  
[2024-10-25T01:39:35.434+0000] {logging_mixin.py:190} INFO - Registro sem campo 'id': '
[2024-10-25T01:39:35.434+0000] {logging_mixin.py:190} INFO - Registro sem campo 'id': a
[2024-10-25T01:39:35.435+0000] {logging_mixin.py:190} INFO - Registro sem campo 'id': l
[2024-10-25T01:39:35.435+0000] {logging_mixin.py:190} INFO - Registro sem campo 'id': i
[2024-10-25T01:39:35.435+0000] {logging_mixin.py:190} INFO - Registro sem campo 'id': c
[2024-10-25T01:39:35.436+0000] {logging_mixin.py:190} INFO - Registro sem campo 'id': e
[2024-10-25T01:39:35.436+0000] {logging_mixin.py:190} INFO - Registro sem campo 'id': .
[2024-10-25T01:39:35.436+0000] {logging_mixin.py:190} INFO - Registro sem campo 'id': s
[2024-10-25T01:39:35.437+0000] {logging_mixin.py:190} INFO - Registro sem campo 'id': i
[2024-10-25T01:39:35.437+0000] {logging_mixin.py:190} INFO - Registro sem campo 'id': l
[2024-10-25T01:39:35.438+0000] {logging_mixin.py:190} INFO - Registro sem campo 'id': v
[2024-10-25T01:39:35.438+0000] {logging_mixin.py:190} INFO - Registro sem campo 'id': a
[2024-10-25T01:39:35.438+0000] {logging_mixin.py:190} INFO - Registro sem campo 'id': @
[2024-10-25T01:39:35.439+0000] {logging_mixin.py:190} INFO - Registro sem campo 'id': e
[2024-10-25T01:39:35.439+0000] {logging_mixin.py:190} INFO - Registro sem campo 'id': m
[2024-10-25T01:39:35.439+0000] {logging_mixin.py:190} INFO - Registro sem campo 'id': a
[2024-10-25T01:39:35.440+0000] {logging_mixin.py:190} INFO - Registro sem campo 'id': i
[2024-10-25T01:39:35.440+0000] {logging_mixin.py:190} INFO - Registro sem campo 'id': l
[2024-10-25T01:39:35.440+0000] {logging_mixin.py:190} INFO - Registro sem campo 'id': .
[2024-10-25T01:39:35.441+0000] {logging_mixin.py:190} INFO - Registro sem campo 'id': c
[2024-10-25T01:39:35.441+0000] {logging_mixin.py:190} INFO - Registro sem campo 'id': o
[2024-10-25T01:39:35.442+0000] {logging_mixin.py:190} INFO - Registro sem campo 'id': m
[2024-10-25T01:39:35.442+0000] {logging_mixin.py:190} INFO - Registro sem campo 'id': '
[2024-10-25T01:39:35.442+0000] {logging_mixin.py:190} INFO - Registro sem campo 'id': ,
[2024-10-25T01:39:35.443+0000] {logging_mixin.py:190} INFO - Registro sem campo 'id':  
[2024-10-25T01:39:35.443+0000] {logging_mixin.py:190} INFO - Registro sem campo 'id': '
[2024-10-25T01:39:35.444+0000] {logging_mixin.py:190} INFO - Registro sem campo 'id': t
[2024-10-25T01:39:35.444+0000] {logging_mixin.py:190} INFO - Registro sem campo 'id': e
[2024-10-25T01:39:35.444+0000] {logging_mixin.py:190} INFO - Registro sem campo 'id': l
[2024-10-25T01:39:35.445+0000] {logging_mixin.py:190} INFO - Registro sem campo 'id': e
[2024-10-25T01:39:35.445+0000] {logging_mixin.py:190} INFO - Registro sem campo 'id': f
[2024-10-25T01:39:35.446+0000] {logging_mixin.py:190} INFO - Registro sem campo 'id': o
[2024-10-25T01:39:35.446+0000] {logging_mixin.py:190} INFO - Registro sem campo 'id': n
[2024-10-25T01:39:35.446+0000] {logging_mixin.py:190} INFO - Registro sem campo 'id': e
[2024-10-25T01:39:35.447+0000] {logging_mixin.py:190} INFO - Registro sem campo 'id': '
[2024-10-25T01:39:35.450+0000] {logging_mixin.py:190} INFO - Registro sem campo 'id': :
[2024-10-25T01:39:35.450+0000] {logging_mixin.py:190} INFO - Registro sem campo 'id':  
[2024-10-25T01:39:35.451+0000] {logging_mixin.py:190} INFO - Registro sem campo 'id': '
[2024-10-25T01:39:35.452+0000] {logging_mixin.py:190} INFO - Registro sem campo 'id': (
[2024-10-25T01:39:35.452+0000] {logging_mixin.py:190} INFO - Registro sem campo 'id': 1
[2024-10-25T01:39:35.453+0000] {logging_mixin.py:190} INFO - Registro sem campo 'id': 1
[2024-10-25T01:39:35.455+0000] {logging_mixin.py:190} INFO - Registro sem campo 'id': )
[2024-10-25T01:39:35.457+0000] {logging_mixin.py:190} INFO - Registro sem campo 'id':  
[2024-10-25T01:39:35.458+0000] {logging_mixin.py:190} INFO - Registro sem campo 'id': 9
[2024-10-25T01:39:35.460+0000] {logging_mixin.py:190} INFO - Registro sem campo 'id': 8
[2024-10-25T01:39:35.461+0000] {logging_mixin.py:190} INFO - Registro sem campo 'id': 7
[2024-10-25T01:39:35.463+0000] {logging_mixin.py:190} INFO - Registro sem campo 'id': 6
[2024-10-25T01:39:35.463+0000] {logging_mixin.py:190} INFO - Registro sem campo 'id': 5
[2024-10-25T01:39:35.464+0000] {logging_mixin.py:190} INFO - Registro sem campo 'id': -
[2024-10-25T01:39:35.464+0000] {logging_mixin.py:190} INFO - Registro sem campo 'id': 4
[2024-10-25T01:39:35.465+0000] {logging_mixin.py:190} INFO - Registro sem campo 'id': 3
[2024-10-25T01:39:35.465+0000] {logging_mixin.py:190} INFO - Registro sem campo 'id': 2
[2024-10-25T01:39:35.466+0000] {logging_mixin.py:190} INFO - Registro sem campo 'id': 1
[2024-10-25T01:39:35.467+0000] {logging_mixin.py:190} INFO - Registro sem campo 'id': '
[2024-10-25T01:39:35.467+0000] {logging_mixin.py:190} INFO - Registro sem campo 'id': ,
[2024-10-25T01:39:35.468+0000] {logging_mixin.py:190} INFO - Registro sem campo 'id':  
[2024-10-25T01:39:35.468+0000] {logging_mixin.py:190} INFO - Registro sem campo 'id': '
[2024-10-25T01:39:35.469+0000] {logging_mixin.py:190} INFO - Registro sem campo 'id': d
[2024-10-25T01:39:35.469+0000] {logging_mixin.py:190} INFO - Registro sem campo 'id': a
[2024-10-25T01:39:35.470+0000] {logging_mixin.py:190} INFO - Registro sem campo 'id': t
[2024-10-25T01:39:35.470+0000] {logging_mixin.py:190} INFO - Registro sem campo 'id': a
[2024-10-25T01:39:35.471+0000] {logging_mixin.py:190} INFO - Registro sem campo 'id': _
[2024-10-25T01:39:35.471+0000] {logging_mixin.py:190} INFO - Registro sem campo 'id': n
[2024-10-25T01:39:35.472+0000] {logging_mixin.py:190} INFO - Registro sem campo 'id': a
[2024-10-25T01:39:35.472+0000] {logging_mixin.py:190} INFO - Registro sem campo 'id': s
[2024-10-25T01:39:35.473+0000] {logging_mixin.py:190} INFO - Registro sem campo 'id': c
[2024-10-25T01:39:35.474+0000] {logging_mixin.py:190} INFO - Registro sem campo 'id': i
[2024-10-25T01:39:35.474+0000] {logging_mixin.py:190} INFO - Registro sem campo 'id': m
[2024-10-25T01:39:35.475+0000] {logging_mixin.py:190} INFO - Registro sem campo 'id': e
[2024-10-25T01:39:35.475+0000] {logging_mixin.py:190} INFO - Registro sem campo 'id': n
[2024-10-25T01:39:35.476+0000] {logging_mixin.py:190} INFO - Registro sem campo 'id': t
[2024-10-25T01:39:35.476+0000] {logging_mixin.py:190} INFO - Registro sem campo 'id': o
[2024-10-25T01:39:35.477+0000] {logging_mixin.py:190} INFO - Registro sem campo 'id': '
[2024-10-25T01:39:35.477+0000] {logging_mixin.py:190} INFO - Registro sem campo 'id': :
[2024-10-25T01:39:35.478+0000] {logging_mixin.py:190} INFO - Registro sem campo 'id':  
[2024-10-25T01:39:35.478+0000] {logging_mixin.py:190} INFO - Registro sem campo 'id': '
[2024-10-25T01:39:35.479+0000] {logging_mixin.py:190} INFO - Registro sem campo 'id': 1
[2024-10-25T01:39:35.479+0000] {logging_mixin.py:190} INFO - Registro sem campo 'id': 9
[2024-10-25T01:39:35.480+0000] {logging_mixin.py:190} INFO - Registro sem campo 'id': 9
[2024-10-25T01:39:35.480+0000] {logging_mixin.py:190} INFO - Registro sem campo 'id': 0
[2024-10-25T01:39:35.481+0000] {logging_mixin.py:190} INFO - Registro sem campo 'id': -
[2024-10-25T01:39:35.481+0000] {logging_mixin.py:190} INFO - Registro sem campo 'id': 0
[2024-10-25T01:39:35.482+0000] {logging_mixin.py:190} INFO - Registro sem campo 'id': 5
[2024-10-25T01:39:35.482+0000] {logging_mixin.py:190} INFO - Registro sem campo 'id': -
[2024-10-25T01:39:35.482+0000] {logging_mixin.py:190} INFO - Registro sem campo 'id': 1
[2024-10-25T01:39:35.483+0000] {logging_mixin.py:190} INFO - Registro sem campo 'id': 2
[2024-10-25T01:39:35.483+0000] {logging_mixin.py:190} INFO - Registro sem campo 'id': '
[2024-10-25T01:39:35.483+0000] {logging_mixin.py:190} INFO - Registro sem campo 'id': ,
[2024-10-25T01:39:35.484+0000] {logging_mixin.py:190} INFO - Registro sem campo 'id':  
[2024-10-25T01:39:35.484+0000] {logging_mixin.py:190} INFO - Registro sem campo 'id': '
[2024-10-25T01:39:35.485+0000] {logging_mixin.py:190} INFO - Registro sem campo 'id': s
[2024-10-25T01:39:35.485+0000] {logging_mixin.py:190} INFO - Registro sem campo 'id': e
[2024-10-25T01:39:35.485+0000] {logging_mixin.py:190} INFO - Registro sem campo 'id': x
[2024-10-25T01:39:35.486+0000] {logging_mixin.py:190} INFO - Registro sem campo 'id': o
[2024-10-25T01:39:35.486+0000] {logging_mixin.py:190} INFO - Registro sem campo 'id': '
[2024-10-25T01:39:35.486+0000] {logging_mixin.py:190} INFO - Registro sem campo 'id': :
[2024-10-25T01:39:35.487+0000] {logging_mixin.py:190} INFO - Registro sem campo 'id':  
[2024-10-25T01:39:35.487+0000] {logging_mixin.py:190} INFO - Registro sem campo 'id': '
[2024-10-25T01:39:35.488+0000] {logging_mixin.py:190} INFO - Registro sem campo 'id': F
[2024-10-25T01:39:35.488+0000] {logging_mixin.py:190} INFO - Registro sem campo 'id': e
[2024-10-25T01:39:35.488+0000] {logging_mixin.py:190} INFO - Registro sem campo 'id': m
[2024-10-25T01:39:35.489+0000] {logging_mixin.py:190} INFO - Registro sem campo 'id': i
[2024-10-25T01:39:35.489+0000] {logging_mixin.py:190} INFO - Registro sem campo 'id': n
[2024-10-25T01:39:35.489+0000] {logging_mixin.py:190} INFO - Registro sem campo 'id': i
[2024-10-25T01:39:35.490+0000] {logging_mixin.py:190} INFO - Registro sem campo 'id': n
[2024-10-25T01:39:35.490+0000] {logging_mixin.py:190} INFO - Registro sem campo 'id': o
[2024-10-25T01:39:35.491+0000] {logging_mixin.py:190} INFO - Registro sem campo 'id': '
[2024-10-25T01:39:35.491+0000] {logging_mixin.py:190} INFO - Registro sem campo 'id': ,
[2024-10-25T01:39:35.491+0000] {logging_mixin.py:190} INFO - Registro sem campo 'id':  
[2024-10-25T01:39:35.492+0000] {logging_mixin.py:190} INFO - Registro sem campo 'id': '
[2024-10-25T01:39:35.492+0000] {logging_mixin.py:190} INFO - Registro sem campo 'id': c
[2024-10-25T01:39:35.492+0000] {logging_mixin.py:190} INFO - Registro sem campo 'id': i
[2024-10-25T01:39:35.493+0000] {logging_mixin.py:190} INFO - Registro sem campo 'id': d
[2024-10-25T01:39:35.493+0000] {logging_mixin.py:190} INFO - Registro sem campo 'id': a
[2024-10-25T01:39:35.494+0000] {logging_mixin.py:190} INFO - Registro sem campo 'id': d
[2024-10-25T01:39:35.494+0000] {logging_mixin.py:190} INFO - Registro sem campo 'id': e
[2024-10-25T01:39:35.494+0000] {logging_mixin.py:190} INFO - Registro sem campo 'id': '
[2024-10-25T01:39:35.495+0000] {logging_mixin.py:190} INFO - Registro sem campo 'id': :
[2024-10-25T01:39:35.495+0000] {logging_mixin.py:190} INFO - Registro sem campo 'id':  
[2024-10-25T01:39:35.495+0000] {logging_mixin.py:190} INFO - Registro sem campo 'id': '
[2024-10-25T01:39:35.496+0000] {logging_mixin.py:190} INFO - Registro sem campo 'id': S
[2024-10-25T01:39:35.496+0000] {logging_mixin.py:190} INFO - Registro sem campo 'id': Ã
[2024-10-25T01:39:35.497+0000] {logging_mixin.py:190} INFO - Registro sem campo 'id': £
[2024-10-25T01:39:35.497+0000] {logging_mixin.py:190} INFO - Registro sem campo 'id': o
[2024-10-25T01:39:35.497+0000] {logging_mixin.py:190} INFO - Registro sem campo 'id':  
[2024-10-25T01:39:35.498+0000] {logging_mixin.py:190} INFO - Registro sem campo 'id': P
[2024-10-25T01:39:35.498+0000] {logging_mixin.py:190} INFO - Registro sem campo 'id': a
[2024-10-25T01:39:35.499+0000] {logging_mixin.py:190} INFO - Registro sem campo 'id': u
[2024-10-25T01:39:35.499+0000] {logging_mixin.py:190} INFO - Registro sem campo 'id': l
[2024-10-25T01:39:35.500+0000] {logging_mixin.py:190} INFO - Registro sem campo 'id': o
[2024-10-25T01:39:35.500+0000] {logging_mixin.py:190} INFO - Registro sem campo 'id': '
[2024-10-25T01:39:35.500+0000] {logging_mixin.py:190} INFO - Registro sem campo 'id': ,
[2024-10-25T01:39:35.501+0000] {logging_mixin.py:190} INFO - Registro sem campo 'id':  
[2024-10-25T01:39:35.501+0000] {logging_mixin.py:190} INFO - Registro sem campo 'id': '
[2024-10-25T01:39:35.502+0000] {logging_mixin.py:190} INFO - Registro sem campo 'id': e
[2024-10-25T01:39:35.502+0000] {logging_mixin.py:190} INFO - Registro sem campo 'id': s
[2024-10-25T01:39:35.502+0000] {logging_mixin.py:190} INFO - Registro sem campo 'id': t
[2024-10-25T01:39:35.503+0000] {logging_mixin.py:190} INFO - Registro sem campo 'id': a
[2024-10-25T01:39:35.503+0000] {logging_mixin.py:190} INFO - Registro sem campo 'id': d
[2024-10-25T01:39:35.503+0000] {logging_mixin.py:190} INFO - Registro sem campo 'id': o
[2024-10-25T01:39:35.504+0000] {logging_mixin.py:190} INFO - Registro sem campo 'id': '
[2024-10-25T01:39:35.504+0000] {logging_mixin.py:190} INFO - Registro sem campo 'id': :
[2024-10-25T01:39:35.504+0000] {logging_mixin.py:190} INFO - Registro sem campo 'id':  
[2024-10-25T01:39:35.505+0000] {logging_mixin.py:190} INFO - Registro sem campo 'id': '
[2024-10-25T01:39:35.505+0000] {logging_mixin.py:190} INFO - Registro sem campo 'id': S
[2024-10-25T01:39:35.505+0000] {logging_mixin.py:190} INFO - Registro sem campo 'id': P
[2024-10-25T01:39:35.506+0000] {logging_mixin.py:190} INFO - Registro sem campo 'id': '
[2024-10-25T01:39:35.506+0000] {logging_mixin.py:190} INFO - Registro sem campo 'id': }
[2024-10-25T01:39:35.506+0000] {logging_mixin.py:190} INFO - Registro sem campo 'id': ,
[2024-10-25T01:39:35.507+0000] {logging_mixin.py:190} INFO - Registro sem campo 'id':  
[2024-10-25T01:39:35.507+0000] {logging_mixin.py:190} INFO - Registro sem campo 'id': {
[2024-10-25T01:39:35.508+0000] {logging_mixin.py:190} INFO - Registro sem campo 'id': '
[2024-10-25T01:39:35.508+0000] {logging_mixin.py:190} INFO - Registro sem campo 'id': i
[2024-10-25T01:39:35.508+0000] {logging_mixin.py:190} INFO - Registro sem campo 'id': d
[2024-10-25T01:39:35.509+0000] {logging_mixin.py:190} INFO - Registro sem campo 'id': '
[2024-10-25T01:39:35.509+0000] {logging_mixin.py:190} INFO - Registro sem campo 'id': :
[2024-10-25T01:39:35.510+0000] {logging_mixin.py:190} INFO - Registro sem campo 'id':  
[2024-10-25T01:39:35.510+0000] {logging_mixin.py:190} INFO - Registro sem campo 'id': 2
[2024-10-25T01:39:35.511+0000] {logging_mixin.py:190} INFO - Registro sem campo 'id': ,
[2024-10-25T01:39:35.511+0000] {logging_mixin.py:190} INFO - Registro sem campo 'id':  
[2024-10-25T01:39:35.511+0000] {logging_mixin.py:190} INFO - Registro sem campo 'id': '
[2024-10-25T01:39:35.512+0000] {logging_mixin.py:190} INFO - Registro sem campo 'id': n
[2024-10-25T01:39:35.512+0000] {logging_mixin.py:190} INFO - Registro sem campo 'id': o
[2024-10-25T01:39:35.513+0000] {logging_mixin.py:190} INFO - Registro sem campo 'id': m
[2024-10-25T01:39:35.513+0000] {logging_mixin.py:190} INFO - Registro sem campo 'id': e
[2024-10-25T01:39:35.514+0000] {logging_mixin.py:190} INFO - Registro sem campo 'id': '
[2024-10-25T01:39:35.514+0000] {logging_mixin.py:190} INFO - Registro sem campo 'id': :
[2024-10-25T01:39:35.514+0000] {logging_mixin.py:190} INFO - Registro sem campo 'id':  
[2024-10-25T01:39:35.515+0000] {logging_mixin.py:190} INFO - Registro sem campo 'id': '
[2024-10-25T01:39:35.515+0000] {logging_mixin.py:190} INFO - Registro sem campo 'id': B
[2024-10-25T01:39:35.516+0000] {logging_mixin.py:190} INFO - Registro sem campo 'id': o
[2024-10-25T01:39:35.516+0000] {logging_mixin.py:190} INFO - Registro sem campo 'id': b
[2024-10-25T01:39:35.517+0000] {logging_mixin.py:190} INFO - Registro sem campo 'id':  
[2024-10-25T01:39:35.517+0000] {logging_mixin.py:190} INFO - Registro sem campo 'id': O
[2024-10-25T01:39:35.517+0000] {logging_mixin.py:190} INFO - Registro sem campo 'id': l
[2024-10-25T01:39:35.518+0000] {logging_mixin.py:190} INFO - Registro sem campo 'id': i
[2024-10-25T01:39:35.518+0000] {logging_mixin.py:190} INFO - Registro sem campo 'id': v
[2024-10-25T01:39:35.519+0000] {logging_mixin.py:190} INFO - Registro sem campo 'id': e
[2024-10-25T01:39:35.519+0000] {logging_mixin.py:190} INFO - Registro sem campo 'id': i
[2024-10-25T01:39:35.520+0000] {logging_mixin.py:190} INFO - Registro sem campo 'id': r
[2024-10-25T01:39:35.520+0000] {logging_mixin.py:190} INFO - Registro sem campo 'id': a
[2024-10-25T01:39:35.520+0000] {logging_mixin.py:190} INFO - Registro sem campo 'id': '
[2024-10-25T01:39:35.521+0000] {logging_mixin.py:190} INFO - Registro sem campo 'id': ,
[2024-10-25T01:39:35.521+0000] {logging_mixin.py:190} INFO - Registro sem campo 'id':  
[2024-10-25T01:39:35.522+0000] {logging_mixin.py:190} INFO - Registro sem campo 'id': '
[2024-10-25T01:39:35.522+0000] {logging_mixin.py:190} INFO - Registro sem campo 'id': e
[2024-10-25T01:39:35.523+0000] {logging_mixin.py:190} INFO - Registro sem campo 'id': m
[2024-10-25T01:39:35.523+0000] {logging_mixin.py:190} INFO - Registro sem campo 'id': a
[2024-10-25T01:39:35.523+0000] {logging_mixin.py:190} INFO - Registro sem campo 'id': i
[2024-10-25T01:39:35.524+0000] {logging_mixin.py:190} INFO - Registro sem campo 'id': l
[2024-10-25T01:39:35.524+0000] {logging_mixin.py:190} INFO - Registro sem campo 'id': '
[2024-10-25T01:39:35.525+0000] {logging_mixin.py:190} INFO - Registro sem campo 'id': :
[2024-10-25T01:39:35.525+0000] {logging_mixin.py:190} INFO - Registro sem campo 'id':  
[2024-10-25T01:39:35.526+0000] {logging_mixin.py:190} INFO - Registro sem campo 'id': '
[2024-10-25T01:39:35.527+0000] {logging_mixin.py:190} INFO - Registro sem campo 'id': b
[2024-10-25T01:39:35.528+0000] {logging_mixin.py:190} INFO - Registro sem campo 'id': o
[2024-10-25T01:39:35.528+0000] {logging_mixin.py:190} INFO - Registro sem campo 'id': b
[2024-10-25T01:39:35.529+0000] {logging_mixin.py:190} INFO - Registro sem campo 'id': .
[2024-10-25T01:39:35.530+0000] {logging_mixin.py:190} INFO - Registro sem campo 'id': o
[2024-10-25T01:39:35.531+0000] {logging_mixin.py:190} INFO - Registro sem campo 'id': l
[2024-10-25T01:39:35.531+0000] {logging_mixin.py:190} INFO - Registro sem campo 'id': i
[2024-10-25T01:39:35.532+0000] {logging_mixin.py:190} INFO - Registro sem campo 'id': v
[2024-10-25T01:39:35.532+0000] {logging_mixin.py:190} INFO - Registro sem campo 'id': e
[2024-10-25T01:39:35.533+0000] {logging_mixin.py:190} INFO - Registro sem campo 'id': i
[2024-10-25T01:39:35.533+0000] {logging_mixin.py:190} INFO - Registro sem campo 'id': r
[2024-10-25T01:39:35.534+0000] {logging_mixin.py:190} INFO - Registro sem campo 'id': a
[2024-10-25T01:39:35.534+0000] {logging_mixin.py:190} INFO - Registro sem campo 'id': @
[2024-10-25T01:39:35.534+0000] {logging_mixin.py:190} INFO - Registro sem campo 'id': e
[2024-10-25T01:39:35.535+0000] {logging_mixin.py:190} INFO - Registro sem campo 'id': m
[2024-10-25T01:39:35.535+0000] {logging_mixin.py:190} INFO - Registro sem campo 'id': a
[2024-10-25T01:39:35.536+0000] {logging_mixin.py:190} INFO - Registro sem campo 'id': i
[2024-10-25T01:39:35.536+0000] {logging_mixin.py:190} INFO - Registro sem campo 'id': l
[2024-10-25T01:39:35.537+0000] {logging_mixin.py:190} INFO - Registro sem campo 'id': .
[2024-10-25T01:39:35.537+0000] {logging_mixin.py:190} INFO - Registro sem campo 'id': c
[2024-10-25T01:39:35.537+0000] {logging_mixin.py:190} INFO - Registro sem campo 'id': o
[2024-10-25T01:39:35.538+0000] {logging_mixin.py:190} INFO - Registro sem campo 'id': m
[2024-10-25T01:39:35.538+0000] {logging_mixin.py:190} INFO - Registro sem campo 'id': '
[2024-10-25T01:39:35.539+0000] {logging_mixin.py:190} INFO - Registro sem campo 'id': ,
[2024-10-25T01:39:35.539+0000] {logging_mixin.py:190} INFO - Registro sem campo 'id':  
[2024-10-25T01:39:35.540+0000] {logging_mixin.py:190} INFO - Registro sem campo 'id': '
[2024-10-25T01:39:35.540+0000] {logging_mixin.py:190} INFO - Registro sem campo 'id': t
[2024-10-25T01:39:35.541+0000] {logging_mixin.py:190} INFO - Registro sem campo 'id': e
[2024-10-25T01:39:35.541+0000] {logging_mixin.py:190} INFO - Registro sem campo 'id': l
[2024-10-25T01:39:35.542+0000] {logging_mixin.py:190} INFO - Registro sem campo 'id': e
[2024-10-25T01:39:35.543+0000] {logging_mixin.py:190} INFO - Registro sem campo 'id': f
[2024-10-25T01:39:35.543+0000] {logging_mixin.py:190} INFO - Registro sem campo 'id': o
[2024-10-25T01:39:35.543+0000] {logging_mixin.py:190} INFO - Registro sem campo 'id': n
[2024-10-25T01:39:35.544+0000] {logging_mixin.py:190} INFO - Registro sem campo 'id': e
[2024-10-25T01:39:35.545+0000] {logging_mixin.py:190} INFO - Registro sem campo 'id': '
[2024-10-25T01:39:35.545+0000] {logging_mixin.py:190} INFO - Registro sem campo 'id': :
[2024-10-25T01:39:35.545+0000] {logging_mixin.py:190} INFO - Registro sem campo 'id':  
[2024-10-25T01:39:35.546+0000] {logging_mixin.py:190} INFO - Registro sem campo 'id': '
[2024-10-25T01:39:35.546+0000] {logging_mixin.py:190} INFO - Registro sem campo 'id': (
[2024-10-25T01:39:35.547+0000] {logging_mixin.py:190} INFO - Registro sem campo 'id': 2
[2024-10-25T01:39:35.547+0000] {logging_mixin.py:190} INFO - Registro sem campo 'id': 1
[2024-10-25T01:39:35.549+0000] {logging_mixin.py:190} INFO - Registro sem campo 'id': )
[2024-10-25T01:39:35.550+0000] {logging_mixin.py:190} INFO - Registro sem campo 'id':  
[2024-10-25T01:39:35.551+0000] {logging_mixin.py:190} INFO - Registro sem campo 'id': 9
[2024-10-25T01:39:35.552+0000] {logging_mixin.py:190} INFO - Registro sem campo 'id': 7
[2024-10-25T01:39:35.552+0000] {logging_mixin.py:190} INFO - Registro sem campo 'id': 6
[2024-10-25T01:39:35.553+0000] {logging_mixin.py:190} INFO - Registro sem campo 'id': 5
[2024-10-25T01:39:35.553+0000] {logging_mixin.py:190} INFO - Registro sem campo 'id': 4
[2024-10-25T01:39:35.554+0000] {logging_mixin.py:190} INFO - Registro sem campo 'id': -
[2024-10-25T01:39:35.554+0000] {logging_mixin.py:190} INFO - Registro sem campo 'id': 3
[2024-10-25T01:39:35.555+0000] {logging_mixin.py:190} INFO - Registro sem campo 'id': 2
[2024-10-25T01:39:35.556+0000] {logging_mixin.py:190} INFO - Registro sem campo 'id': 1
[2024-10-25T01:39:35.557+0000] {logging_mixin.py:190} INFO - Registro sem campo 'id': 0
[2024-10-25T01:39:35.557+0000] {logging_mixin.py:190} INFO - Registro sem campo 'id': '
[2024-10-25T01:39:35.558+0000] {logging_mixin.py:190} INFO - Registro sem campo 'id': ,
[2024-10-25T01:39:35.558+0000] {logging_mixin.py:190} INFO - Registro sem campo 'id':  
[2024-10-25T01:39:35.559+0000] {logging_mixin.py:190} INFO - Registro sem campo 'id': '
[2024-10-25T01:39:35.559+0000] {logging_mixin.py:190} INFO - Registro sem campo 'id': d
[2024-10-25T01:39:35.559+0000] {logging_mixin.py:190} INFO - Registro sem campo 'id': a
[2024-10-25T01:39:35.560+0000] {logging_mixin.py:190} INFO - Registro sem campo 'id': t
[2024-10-25T01:39:35.560+0000] {logging_mixin.py:190} INFO - Registro sem campo 'id': a
[2024-10-25T01:39:35.561+0000] {logging_mixin.py:190} INFO - Registro sem campo 'id': _
[2024-10-25T01:39:35.561+0000] {logging_mixin.py:190} INFO - Registro sem campo 'id': n
[2024-10-25T01:39:35.561+0000] {logging_mixin.py:190} INFO - Registro sem campo 'id': a
[2024-10-25T01:39:35.562+0000] {logging_mixin.py:190} INFO - Registro sem campo 'id': s
[2024-10-25T01:39:35.562+0000] {logging_mixin.py:190} INFO - Registro sem campo 'id': c
[2024-10-25T01:39:35.562+0000] {logging_mixin.py:190} INFO - Registro sem campo 'id': i
[2024-10-25T01:39:35.563+0000] {logging_mixin.py:190} INFO - Registro sem campo 'id': m
[2024-10-25T01:39:35.563+0000] {logging_mixin.py:190} INFO - Registro sem campo 'id': e
[2024-10-25T01:39:35.564+0000] {logging_mixin.py:190} INFO - Registro sem campo 'id': n
[2024-10-25T01:39:35.564+0000] {logging_mixin.py:190} INFO - Registro sem campo 'id': t
[2024-10-25T01:39:35.564+0000] {logging_mixin.py:190} INFO - Registro sem campo 'id': o
[2024-10-25T01:39:35.565+0000] {logging_mixin.py:190} INFO - Registro sem campo 'id': '
[2024-10-25T01:39:35.565+0000] {logging_mixin.py:190} INFO - Registro sem campo 'id': :
[2024-10-25T01:39:35.565+0000] {logging_mixin.py:190} INFO - Registro sem campo 'id':  
[2024-10-25T01:39:35.566+0000] {logging_mixin.py:190} INFO - Registro sem campo 'id': '
[2024-10-25T01:39:35.566+0000] {logging_mixin.py:190} INFO - Registro sem campo 'id': 1
[2024-10-25T01:39:35.566+0000] {logging_mixin.py:190} INFO - Registro sem campo 'id': 9
[2024-10-25T01:39:35.567+0000] {logging_mixin.py:190} INFO - Registro sem campo 'id': 8
[2024-10-25T01:39:35.567+0000] {logging_mixin.py:190} INFO - Registro sem campo 'id': 5
[2024-10-25T01:39:35.568+0000] {logging_mixin.py:190} INFO - Registro sem campo 'id': -
[2024-10-25T01:39:35.568+0000] {logging_mixin.py:190} INFO - Registro sem campo 'id': 0
[2024-10-25T01:39:35.568+0000] {logging_mixin.py:190} INFO - Registro sem campo 'id': 8
[2024-10-25T01:39:35.569+0000] {logging_mixin.py:190} INFO - Registro sem campo 'id': -
[2024-10-25T01:39:35.569+0000] {logging_mixin.py:190} INFO - Registro sem campo 'id': 2
[2024-10-25T01:39:35.569+0000] {logging_mixin.py:190} INFO - Registro sem campo 'id': 3
[2024-10-25T01:39:35.569+0000] {logging_mixin.py:190} INFO - Registro sem campo 'id': '
[2024-10-25T01:39:35.570+0000] {logging_mixin.py:190} INFO - Registro sem campo 'id': ,
[2024-10-25T01:39:35.570+0000] {logging_mixin.py:190} INFO - Registro sem campo 'id':  
[2024-10-25T01:39:35.570+0000] {logging_mixin.py:190} INFO - Registro sem campo 'id': '
[2024-10-25T01:39:35.571+0000] {logging_mixin.py:190} INFO - Registro sem campo 'id': s
[2024-10-25T01:39:35.571+0000] {logging_mixin.py:190} INFO - Registro sem campo 'id': e
[2024-10-25T01:39:35.572+0000] {logging_mixin.py:190} INFO - Registro sem campo 'id': x
[2024-10-25T01:39:35.572+0000] {logging_mixin.py:190} INFO - Registro sem campo 'id': o
[2024-10-25T01:39:35.572+0000] {logging_mixin.py:190} INFO - Registro sem campo 'id': '
[2024-10-25T01:39:35.573+0000] {logging_mixin.py:190} INFO - Registro sem campo 'id': :
[2024-10-25T01:39:35.573+0000] {logging_mixin.py:190} INFO - Registro sem campo 'id':  
[2024-10-25T01:39:35.573+0000] {logging_mixin.py:190} INFO - Registro sem campo 'id': '
[2024-10-25T01:39:35.574+0000] {logging_mixin.py:190} INFO - Registro sem campo 'id': M
[2024-10-25T01:39:35.574+0000] {logging_mixin.py:190} INFO - Registro sem campo 'id': a
[2024-10-25T01:39:35.574+0000] {logging_mixin.py:190} INFO - Registro sem campo 'id': s
[2024-10-25T01:39:35.575+0000] {logging_mixin.py:190} INFO - Registro sem campo 'id': c
[2024-10-25T01:39:35.575+0000] {logging_mixin.py:190} INFO - Registro sem campo 'id': u
[2024-10-25T01:39:35.575+0000] {logging_mixin.py:190} INFO - Registro sem campo 'id': l
[2024-10-25T01:39:35.576+0000] {logging_mixin.py:190} INFO - Registro sem campo 'id': i
[2024-10-25T01:39:35.576+0000] {logging_mixin.py:190} INFO - Registro sem campo 'id': n
[2024-10-25T01:39:35.576+0000] {logging_mixin.py:190} INFO - Registro sem campo 'id': o
[2024-10-25T01:39:35.577+0000] {logging_mixin.py:190} INFO - Registro sem campo 'id': '
[2024-10-25T01:39:35.577+0000] {logging_mixin.py:190} INFO - Registro sem campo 'id': ,
[2024-10-25T01:39:35.577+0000] {logging_mixin.py:190} INFO - Registro sem campo 'id':  
[2024-10-25T01:39:35.578+0000] {logging_mixin.py:190} INFO - Registro sem campo 'id': '
[2024-10-25T01:39:35.578+0000] {logging_mixin.py:190} INFO - Registro sem campo 'id': c
[2024-10-25T01:39:35.579+0000] {logging_mixin.py:190} INFO - Registro sem campo 'id': i
[2024-10-25T01:39:35.579+0000] {logging_mixin.py:190} INFO - Registro sem campo 'id': d
[2024-10-25T01:39:35.579+0000] {logging_mixin.py:190} INFO - Registro sem campo 'id': a
[2024-10-25T01:39:35.580+0000] {logging_mixin.py:190} INFO - Registro sem campo 'id': d
[2024-10-25T01:39:35.580+0000] {logging_mixin.py:190} INFO - Registro sem campo 'id': e
[2024-10-25T01:39:35.580+0000] {logging_mixin.py:190} INFO - Registro sem campo 'id': '
[2024-10-25T01:39:35.581+0000] {logging_mixin.py:190} INFO - Registro sem campo 'id': :
[2024-10-25T01:39:35.581+0000] {logging_mixin.py:190} INFO - Registro sem campo 'id':  
[2024-10-25T01:39:35.581+0000] {logging_mixin.py:190} INFO - Registro sem campo 'id': '
[2024-10-25T01:39:35.582+0000] {logging_mixin.py:190} INFO - Registro sem campo 'id': R
[2024-10-25T01:39:35.582+0000] {logging_mixin.py:190} INFO - Registro sem campo 'id': i
[2024-10-25T01:39:35.582+0000] {logging_mixin.py:190} INFO - Registro sem campo 'id': o
[2024-10-25T01:39:35.583+0000] {logging_mixin.py:190} INFO - Registro sem campo 'id':  
[2024-10-25T01:39:35.583+0000] {logging_mixin.py:190} INFO - Registro sem campo 'id': d
[2024-10-25T01:39:35.583+0000] {logging_mixin.py:190} INFO - Registro sem campo 'id': e
[2024-10-25T01:39:35.584+0000] {logging_mixin.py:190} INFO - Registro sem campo 'id':  
[2024-10-25T01:39:35.584+0000] {logging_mixin.py:190} INFO - Registro sem campo 'id': J
[2024-10-25T01:39:35.585+0000] {logging_mixin.py:190} INFO - Registro sem campo 'id': a
[2024-10-25T01:39:35.585+0000] {logging_mixin.py:190} INFO - Registro sem campo 'id': n
[2024-10-25T01:39:35.585+0000] {logging_mixin.py:190} INFO - Registro sem campo 'id': e
[2024-10-25T01:39:35.586+0000] {logging_mixin.py:190} INFO - Registro sem campo 'id': i
[2024-10-25T01:39:35.586+0000] {logging_mixin.py:190} INFO - Registro sem campo 'id': r
[2024-10-25T01:39:35.586+0000] {logging_mixin.py:190} INFO - Registro sem campo 'id': o
[2024-10-25T01:39:35.587+0000] {logging_mixin.py:190} INFO - Registro sem campo 'id': '
[2024-10-25T01:39:35.587+0000] {logging_mixin.py:190} INFO - Registro sem campo 'id': ,
[2024-10-25T01:39:35.588+0000] {logging_mixin.py:190} INFO - Registro sem campo 'id':  
[2024-10-25T01:39:35.588+0000] {logging_mixin.py:190} INFO - Registro sem campo 'id': '
[2024-10-25T01:39:35.588+0000] {logging_mixin.py:190} INFO - Registro sem campo 'id': e
[2024-10-25T01:39:35.589+0000] {logging_mixin.py:190} INFO - Registro sem campo 'id': s
[2024-10-25T01:39:35.589+0000] {logging_mixin.py:190} INFO - Registro sem campo 'id': t
[2024-10-25T01:39:35.589+0000] {logging_mixin.py:190} INFO - Registro sem campo 'id': a
[2024-10-25T01:39:35.590+0000] {logging_mixin.py:190} INFO - Registro sem campo 'id': d
[2024-10-25T01:39:35.590+0000] {logging_mixin.py:190} INFO - Registro sem campo 'id': o
[2024-10-25T01:39:35.591+0000] {logging_mixin.py:190} INFO - Registro sem campo 'id': '
[2024-10-25T01:39:35.591+0000] {logging_mixin.py:190} INFO - Registro sem campo 'id': :
[2024-10-25T01:39:35.591+0000] {logging_mixin.py:190} INFO - Registro sem campo 'id':  
[2024-10-25T01:39:35.592+0000] {logging_mixin.py:190} INFO - Registro sem campo 'id': '
[2024-10-25T01:39:35.592+0000] {logging_mixin.py:190} INFO - Registro sem campo 'id': R
[2024-10-25T01:39:35.592+0000] {logging_mixin.py:190} INFO - Registro sem campo 'id': J
[2024-10-25T01:39:35.593+0000] {logging_mixin.py:190} INFO - Registro sem campo 'id': '
[2024-10-25T01:39:35.593+0000] {logging_mixin.py:190} INFO - Registro sem campo 'id': }
[2024-10-25T01:39:35.594+0000] {logging_mixin.py:190} INFO - Registro sem campo 'id': ,
[2024-10-25T01:39:35.594+0000] {logging_mixin.py:190} INFO - Registro sem campo 'id':  
[2024-10-25T01:39:35.594+0000] {logging_mixin.py:190} INFO - Registro sem campo 'id': {
[2024-10-25T01:39:35.595+0000] {logging_mixin.py:190} INFO - Registro sem campo 'id': '
[2024-10-25T01:39:35.595+0000] {logging_mixin.py:190} INFO - Registro sem campo 'id': i
[2024-10-25T01:39:35.596+0000] {logging_mixin.py:190} INFO - Registro sem campo 'id': d
[2024-10-25T01:39:35.596+0000] {logging_mixin.py:190} INFO - Registro sem campo 'id': '
[2024-10-25T01:39:35.596+0000] {logging_mixin.py:190} INFO - Registro sem campo 'id': :
[2024-10-25T01:39:35.597+0000] {logging_mixin.py:190} INFO - Registro sem campo 'id':  
[2024-10-25T01:39:35.597+0000] {logging_mixin.py:190} INFO - Registro sem campo 'id': 3
[2024-10-25T01:39:35.597+0000] {logging_mixin.py:190} INFO - Registro sem campo 'id': ,
[2024-10-25T01:39:35.598+0000] {logging_mixin.py:190} INFO - Registro sem campo 'id':  
[2024-10-25T01:39:35.598+0000] {logging_mixin.py:190} INFO - Registro sem campo 'id': '
[2024-10-25T01:39:35.599+0000] {logging_mixin.py:190} INFO - Registro sem campo 'id': n
[2024-10-25T01:39:35.599+0000] {logging_mixin.py:190} INFO - Registro sem campo 'id': o
[2024-10-25T01:39:35.599+0000] {logging_mixin.py:190} INFO - Registro sem campo 'id': m
[2024-10-25T01:39:35.600+0000] {logging_mixin.py:190} INFO - Registro sem campo 'id': e
[2024-10-25T01:39:35.600+0000] {logging_mixin.py:190} INFO - Registro sem campo 'id': '
[2024-10-25T01:39:35.600+0000] {logging_mixin.py:190} INFO - Registro sem campo 'id': :
[2024-10-25T01:39:35.601+0000] {logging_mixin.py:190} INFO - Registro sem campo 'id':  
[2024-10-25T01:39:35.601+0000] {logging_mixin.py:190} INFO - Registro sem campo 'id': '
[2024-10-25T01:39:35.601+0000] {logging_mixin.py:190} INFO - Registro sem campo 'id': C
[2024-10-25T01:39:35.602+0000] {logging_mixin.py:190} INFO - Registro sem campo 'id': a
[2024-10-25T01:39:35.602+0000] {logging_mixin.py:190} INFO - Registro sem campo 'id': r
[2024-10-25T01:39:35.603+0000] {logging_mixin.py:190} INFO - Registro sem campo 'id': l
[2024-10-25T01:39:35.603+0000] {logging_mixin.py:190} INFO - Registro sem campo 'id': a
[2024-10-25T01:39:35.603+0000] {logging_mixin.py:190} INFO - Registro sem campo 'id':  
[2024-10-25T01:39:35.604+0000] {logging_mixin.py:190} INFO - Registro sem campo 'id': S
[2024-10-25T01:39:35.604+0000] {logging_mixin.py:190} INFO - Registro sem campo 'id': a
[2024-10-25T01:39:35.604+0000] {logging_mixin.py:190} INFO - Registro sem campo 'id': n
[2024-10-25T01:39:35.605+0000] {logging_mixin.py:190} INFO - Registro sem campo 'id': t
[2024-10-25T01:39:35.605+0000] {logging_mixin.py:190} INFO - Registro sem campo 'id': o
[2024-10-25T01:39:35.605+0000] {logging_mixin.py:190} INFO - Registro sem campo 'id': s
[2024-10-25T01:39:35.606+0000] {logging_mixin.py:190} INFO - Registro sem campo 'id': '
[2024-10-25T01:39:35.606+0000] {logging_mixin.py:190} INFO - Registro sem campo 'id': ,
[2024-10-25T01:39:35.607+0000] {logging_mixin.py:190} INFO - Registro sem campo 'id':  
[2024-10-25T01:39:35.607+0000] {logging_mixin.py:190} INFO - Registro sem campo 'id': '
[2024-10-25T01:39:35.607+0000] {logging_mixin.py:190} INFO - Registro sem campo 'id': e
[2024-10-25T01:39:35.608+0000] {logging_mixin.py:190} INFO - Registro sem campo 'id': m
[2024-10-25T01:39:35.608+0000] {logging_mixin.py:190} INFO - Registro sem campo 'id': a
[2024-10-25T01:39:35.608+0000] {logging_mixin.py:190} INFO - Registro sem campo 'id': i
[2024-10-25T01:39:35.609+0000] {logging_mixin.py:190} INFO - Registro sem campo 'id': l
[2024-10-25T01:39:35.609+0000] {logging_mixin.py:190} INFO - Registro sem campo 'id': '
[2024-10-25T01:39:35.610+0000] {logging_mixin.py:190} INFO - Registro sem campo 'id': :
[2024-10-25T01:39:35.610+0000] {logging_mixin.py:190} INFO - Registro sem campo 'id':  
[2024-10-25T01:39:35.610+0000] {logging_mixin.py:190} INFO - Registro sem campo 'id': '
[2024-10-25T01:39:35.611+0000] {logging_mixin.py:190} INFO - Registro sem campo 'id': c
[2024-10-25T01:39:35.611+0000] {logging_mixin.py:190} INFO - Registro sem campo 'id': a
[2024-10-25T01:39:35.611+0000] {logging_mixin.py:190} INFO - Registro sem campo 'id': r
[2024-10-25T01:39:35.612+0000] {logging_mixin.py:190} INFO - Registro sem campo 'id': l
[2024-10-25T01:39:35.612+0000] {logging_mixin.py:190} INFO - Registro sem campo 'id': a
[2024-10-25T01:39:35.613+0000] {logging_mixin.py:190} INFO - Registro sem campo 'id': .
[2024-10-25T01:39:35.613+0000] {logging_mixin.py:190} INFO - Registro sem campo 'id': s
[2024-10-25T01:39:35.613+0000] {logging_mixin.py:190} INFO - Registro sem campo 'id': a
[2024-10-25T01:39:35.614+0000] {logging_mixin.py:190} INFO - Registro sem campo 'id': n
[2024-10-25T01:39:35.614+0000] {logging_mixin.py:190} INFO - Registro sem campo 'id': t
[2024-10-25T01:39:35.615+0000] {logging_mixin.py:190} INFO - Registro sem campo 'id': o
[2024-10-25T01:39:35.615+0000] {logging_mixin.py:190} INFO - Registro sem campo 'id': s
[2024-10-25T01:39:35.615+0000] {logging_mixin.py:190} INFO - Registro sem campo 'id': @
[2024-10-25T01:39:35.616+0000] {logging_mixin.py:190} INFO - Registro sem campo 'id': e
[2024-10-25T01:39:35.616+0000] {logging_mixin.py:190} INFO - Registro sem campo 'id': m
[2024-10-25T01:39:35.616+0000] {logging_mixin.py:190} INFO - Registro sem campo 'id': a
[2024-10-25T01:39:35.617+0000] {logging_mixin.py:190} INFO - Registro sem campo 'id': i
[2024-10-25T01:39:35.617+0000] {logging_mixin.py:190} INFO - Registro sem campo 'id': l
[2024-10-25T01:39:35.617+0000] {logging_mixin.py:190} INFO - Registro sem campo 'id': .
[2024-10-25T01:39:35.618+0000] {logging_mixin.py:190} INFO - Registro sem campo 'id': c
[2024-10-25T01:39:35.618+0000] {logging_mixin.py:190} INFO - Registro sem campo 'id': o
[2024-10-25T01:39:35.619+0000] {logging_mixin.py:190} INFO - Registro sem campo 'id': m
[2024-10-25T01:39:35.619+0000] {logging_mixin.py:190} INFO - Registro sem campo 'id': '
[2024-10-25T01:39:35.619+0000] {logging_mixin.py:190} INFO - Registro sem campo 'id': ,
[2024-10-25T01:39:35.620+0000] {logging_mixin.py:190} INFO - Registro sem campo 'id':  
[2024-10-25T01:39:35.620+0000] {logging_mixin.py:190} INFO - Registro sem campo 'id': '
[2024-10-25T01:39:35.620+0000] {logging_mixin.py:190} INFO - Registro sem campo 'id': t
[2024-10-25T01:39:35.621+0000] {logging_mixin.py:190} INFO - Registro sem campo 'id': e
[2024-10-25T01:39:35.621+0000] {logging_mixin.py:190} INFO - Registro sem campo 'id': l
[2024-10-25T01:39:35.621+0000] {logging_mixin.py:190} INFO - Registro sem campo 'id': e
[2024-10-25T01:39:35.622+0000] {logging_mixin.py:190} INFO - Registro sem campo 'id': f
[2024-10-25T01:39:35.622+0000] {logging_mixin.py:190} INFO - Registro sem campo 'id': o
[2024-10-25T01:39:35.622+0000] {logging_mixin.py:190} INFO - Registro sem campo 'id': n
[2024-10-25T01:39:35.623+0000] {logging_mixin.py:190} INFO - Registro sem campo 'id': e
[2024-10-25T01:39:35.623+0000] {logging_mixin.py:190} INFO - Registro sem campo 'id': '
[2024-10-25T01:39:35.624+0000] {logging_mixin.py:190} INFO - Registro sem campo 'id': :
[2024-10-25T01:39:35.624+0000] {logging_mixin.py:190} INFO - Registro sem campo 'id':  
[2024-10-25T01:39:35.624+0000] {logging_mixin.py:190} INFO - Registro sem campo 'id': '
[2024-10-25T01:39:35.625+0000] {logging_mixin.py:190} INFO - Registro sem campo 'id': (
[2024-10-25T01:39:35.625+0000] {logging_mixin.py:190} INFO - Registro sem campo 'id': 3
[2024-10-25T01:39:35.625+0000] {logging_mixin.py:190} INFO - Registro sem campo 'id': 1
[2024-10-25T01:39:35.626+0000] {logging_mixin.py:190} INFO - Registro sem campo 'id': )
[2024-10-25T01:39:35.626+0000] {logging_mixin.py:190} INFO - Registro sem campo 'id':  
[2024-10-25T01:39:35.626+0000] {logging_mixin.py:190} INFO - Registro sem campo 'id': 9
[2024-10-25T01:39:35.627+0000] {logging_mixin.py:190} INFO - Registro sem campo 'id': 6
[2024-10-25T01:39:35.627+0000] {logging_mixin.py:190} INFO - Registro sem campo 'id': 5
[2024-10-25T01:39:35.627+0000] {logging_mixin.py:190} INFO - Registro sem campo 'id': 4
[2024-10-25T01:39:35.628+0000] {logging_mixin.py:190} INFO - Registro sem campo 'id': 3
[2024-10-25T01:39:35.628+0000] {logging_mixin.py:190} INFO - Registro sem campo 'id': -
[2024-10-25T01:39:35.629+0000] {logging_mixin.py:190} INFO - Registro sem campo 'id': 2
[2024-10-25T01:39:35.629+0000] {logging_mixin.py:190} INFO - Registro sem campo 'id': 1
[2024-10-25T01:39:35.629+0000] {logging_mixin.py:190} INFO - Registro sem campo 'id': 0
[2024-10-25T01:39:35.630+0000] {logging_mixin.py:190} INFO - Registro sem campo 'id': 9
[2024-10-25T01:39:35.630+0000] {logging_mixin.py:190} INFO - Registro sem campo 'id': '
[2024-10-25T01:39:35.630+0000] {logging_mixin.py:190} INFO - Registro sem campo 'id': ,
[2024-10-25T01:39:35.631+0000] {logging_mixin.py:190} INFO - Registro sem campo 'id':  
[2024-10-25T01:39:35.631+0000] {logging_mixin.py:190} INFO - Registro sem campo 'id': '
[2024-10-25T01:39:35.631+0000] {logging_mixin.py:190} INFO - Registro sem campo 'id': d
[2024-10-25T01:39:35.632+0000] {logging_mixin.py:190} INFO - Registro sem campo 'id': a
[2024-10-25T01:39:35.632+0000] {logging_mixin.py:190} INFO - Registro sem campo 'id': t
[2024-10-25T01:39:35.632+0000] {logging_mixin.py:190} INFO - Registro sem campo 'id': a
[2024-10-25T01:39:35.633+0000] {logging_mixin.py:190} INFO - Registro sem campo 'id': _
[2024-10-25T01:39:35.633+0000] {logging_mixin.py:190} INFO - Registro sem campo 'id': n
[2024-10-25T01:39:35.633+0000] {logging_mixin.py:190} INFO - Registro sem campo 'id': a
[2024-10-25T01:39:35.634+0000] {logging_mixin.py:190} INFO - Registro sem campo 'id': s
[2024-10-25T01:39:35.634+0000] {logging_mixin.py:190} INFO - Registro sem campo 'id': c
[2024-10-25T01:39:35.634+0000] {logging_mixin.py:190} INFO - Registro sem campo 'id': i
[2024-10-25T01:39:35.635+0000] {logging_mixin.py:190} INFO - Registro sem campo 'id': m
[2024-10-25T01:39:35.636+0000] {logging_mixin.py:190} INFO - Registro sem campo 'id': e
[2024-10-25T01:39:35.636+0000] {logging_mixin.py:190} INFO - Registro sem campo 'id': n
[2024-10-25T01:39:35.637+0000] {logging_mixin.py:190} INFO - Registro sem campo 'id': t
[2024-10-25T01:39:35.637+0000] {logging_mixin.py:190} INFO - Registro sem campo 'id': o
[2024-10-25T01:39:35.638+0000] {logging_mixin.py:190} INFO - Registro sem campo 'id': '
[2024-10-25T01:39:35.638+0000] {logging_mixin.py:190} INFO - Registro sem campo 'id': :
[2024-10-25T01:39:35.639+0000] {logging_mixin.py:190} INFO - Registro sem campo 'id':  
[2024-10-25T01:39:35.639+0000] {logging_mixin.py:190} INFO - Registro sem campo 'id': '
[2024-10-25T01:39:35.640+0000] {logging_mixin.py:190} INFO - Registro sem campo 'id': 1
[2024-10-25T01:39:35.640+0000] {logging_mixin.py:190} INFO - Registro sem campo 'id': 9
[2024-10-25T01:39:35.640+0000] {logging_mixin.py:190} INFO - Registro sem campo 'id': 9
[2024-10-25T01:39:35.641+0000] {logging_mixin.py:190} INFO - Registro sem campo 'id': 2
[2024-10-25T01:39:35.641+0000] {logging_mixin.py:190} INFO - Registro sem campo 'id': -
[2024-10-25T01:39:35.641+0000] {logging_mixin.py:190} INFO - Registro sem campo 'id': 1
[2024-10-25T01:39:35.642+0000] {logging_mixin.py:190} INFO - Registro sem campo 'id': 2
[2024-10-25T01:39:35.642+0000] {logging_mixin.py:190} INFO - Registro sem campo 'id': -
[2024-10-25T01:39:35.642+0000] {logging_mixin.py:190} INFO - Registro sem campo 'id': 0
[2024-10-25T01:39:35.643+0000] {logging_mixin.py:190} INFO - Registro sem campo 'id': 1
[2024-10-25T01:39:35.643+0000] {logging_mixin.py:190} INFO - Registro sem campo 'id': '
[2024-10-25T01:39:35.643+0000] {logging_mixin.py:190} INFO - Registro sem campo 'id': ,
[2024-10-25T01:39:35.644+0000] {logging_mixin.py:190} INFO - Registro sem campo 'id':  
[2024-10-25T01:39:35.644+0000] {logging_mixin.py:190} INFO - Registro sem campo 'id': '
[2024-10-25T01:39:35.644+0000] {logging_mixin.py:190} INFO - Registro sem campo 'id': s
[2024-10-25T01:39:35.645+0000] {logging_mixin.py:190} INFO - Registro sem campo 'id': e
[2024-10-25T01:39:35.645+0000] {logging_mixin.py:190} INFO - Registro sem campo 'id': x
[2024-10-25T01:39:35.645+0000] {logging_mixin.py:190} INFO - Registro sem campo 'id': o
[2024-10-25T01:39:35.646+0000] {logging_mixin.py:190} INFO - Registro sem campo 'id': '
[2024-10-25T01:39:35.646+0000] {logging_mixin.py:190} INFO - Registro sem campo 'id': :
[2024-10-25T01:39:35.647+0000] {logging_mixin.py:190} INFO - Registro sem campo 'id':  
[2024-10-25T01:39:35.647+0000] {logging_mixin.py:190} INFO - Registro sem campo 'id': '
[2024-10-25T01:39:35.647+0000] {logging_mixin.py:190} INFO - Registro sem campo 'id': F
[2024-10-25T01:39:35.648+0000] {logging_mixin.py:190} INFO - Registro sem campo 'id': e
[2024-10-25T01:39:35.648+0000] {logging_mixin.py:190} INFO - Registro sem campo 'id': m
[2024-10-25T01:39:35.648+0000] {logging_mixin.py:190} INFO - Registro sem campo 'id': i
[2024-10-25T01:39:35.649+0000] {logging_mixin.py:190} INFO - Registro sem campo 'id': n
[2024-10-25T01:39:35.649+0000] {logging_mixin.py:190} INFO - Registro sem campo 'id': i
[2024-10-25T01:39:35.649+0000] {logging_mixin.py:190} INFO - Registro sem campo 'id': n
[2024-10-25T01:39:35.650+0000] {logging_mixin.py:190} INFO - Registro sem campo 'id': o
[2024-10-25T01:39:35.650+0000] {logging_mixin.py:190} INFO - Registro sem campo 'id': '
[2024-10-25T01:39:35.650+0000] {logging_mixin.py:190} INFO - Registro sem campo 'id': ,
[2024-10-25T01:39:35.651+0000] {logging_mixin.py:190} INFO - Registro sem campo 'id':  
[2024-10-25T01:39:35.651+0000] {logging_mixin.py:190} INFO - Registro sem campo 'id': '
[2024-10-25T01:39:35.651+0000] {logging_mixin.py:190} INFO - Registro sem campo 'id': c
[2024-10-25T01:39:35.652+0000] {logging_mixin.py:190} INFO - Registro sem campo 'id': i
[2024-10-25T01:39:35.652+0000] {logging_mixin.py:190} INFO - Registro sem campo 'id': d
[2024-10-25T01:39:35.652+0000] {logging_mixin.py:190} INFO - Registro sem campo 'id': a
[2024-10-25T01:39:35.653+0000] {logging_mixin.py:190} INFO - Registro sem campo 'id': d
[2024-10-25T01:39:35.653+0000] {logging_mixin.py:190} INFO - Registro sem campo 'id': e
[2024-10-25T01:39:35.654+0000] {logging_mixin.py:190} INFO - Registro sem campo 'id': '
[2024-10-25T01:39:35.656+0000] {logging_mixin.py:190} INFO - Registro sem campo 'id': :
[2024-10-25T01:39:35.656+0000] {logging_mixin.py:190} INFO - Registro sem campo 'id':  
[2024-10-25T01:39:35.657+0000] {logging_mixin.py:190} INFO - Registro sem campo 'id': '
[2024-10-25T01:39:35.657+0000] {logging_mixin.py:190} INFO - Registro sem campo 'id': B
[2024-10-25T01:39:35.657+0000] {logging_mixin.py:190} INFO - Registro sem campo 'id': e
[2024-10-25T01:39:35.658+0000] {logging_mixin.py:190} INFO - Registro sem campo 'id': l
[2024-10-25T01:39:35.658+0000] {logging_mixin.py:190} INFO - Registro sem campo 'id': o
[2024-10-25T01:39:35.659+0000] {logging_mixin.py:190} INFO - Registro sem campo 'id':  
[2024-10-25T01:39:35.659+0000] {logging_mixin.py:190} INFO - Registro sem campo 'id': H
[2024-10-25T01:39:35.659+0000] {logging_mixin.py:190} INFO - Registro sem campo 'id': o
[2024-10-25T01:39:35.660+0000] {logging_mixin.py:190} INFO - Registro sem campo 'id': r
[2024-10-25T01:39:35.660+0000] {logging_mixin.py:190} INFO - Registro sem campo 'id': i
[2024-10-25T01:39:35.660+0000] {logging_mixin.py:190} INFO - Registro sem campo 'id': z
[2024-10-25T01:39:35.660+0000] {logging_mixin.py:190} INFO - Registro sem campo 'id': o
[2024-10-25T01:39:35.661+0000] {logging_mixin.py:190} INFO - Registro sem campo 'id': n
[2024-10-25T01:39:35.661+0000] {logging_mixin.py:190} INFO - Registro sem campo 'id': t
[2024-10-25T01:39:35.661+0000] {logging_mixin.py:190} INFO - Registro sem campo 'id': e
[2024-10-25T01:39:35.662+0000] {logging_mixin.py:190} INFO - Registro sem campo 'id': '
[2024-10-25T01:39:35.662+0000] {logging_mixin.py:190} INFO - Registro sem campo 'id': ,
[2024-10-25T01:39:35.662+0000] {logging_mixin.py:190} INFO - Registro sem campo 'id':  
[2024-10-25T01:39:35.663+0000] {logging_mixin.py:190} INFO - Registro sem campo 'id': '
[2024-10-25T01:39:35.663+0000] {logging_mixin.py:190} INFO - Registro sem campo 'id': e
[2024-10-25T01:39:35.664+0000] {logging_mixin.py:190} INFO - Registro sem campo 'id': s
[2024-10-25T01:39:35.664+0000] {logging_mixin.py:190} INFO - Registro sem campo 'id': t
[2024-10-25T01:39:35.664+0000] {logging_mixin.py:190} INFO - Registro sem campo 'id': a
[2024-10-25T01:39:35.665+0000] {logging_mixin.py:190} INFO - Registro sem campo 'id': d
[2024-10-25T01:39:35.665+0000] {logging_mixin.py:190} INFO - Registro sem campo 'id': o
[2024-10-25T01:39:35.665+0000] {logging_mixin.py:190} INFO - Registro sem campo 'id': '
[2024-10-25T01:39:35.666+0000] {logging_mixin.py:190} INFO - Registro sem campo 'id': :
[2024-10-25T01:39:35.667+0000] {logging_mixin.py:190} INFO - Registro sem campo 'id':  
[2024-10-25T01:39:35.667+0000] {logging_mixin.py:190} INFO - Registro sem campo 'id': '
[2024-10-25T01:39:35.668+0000] {logging_mixin.py:190} INFO - Registro sem campo 'id': M
[2024-10-25T01:39:35.668+0000] {logging_mixin.py:190} INFO - Registro sem campo 'id': G
[2024-10-25T01:39:35.668+0000] {logging_mixin.py:190} INFO - Registro sem campo 'id': '
[2024-10-25T01:39:35.669+0000] {logging_mixin.py:190} INFO - Registro sem campo 'id': }
[2024-10-25T01:39:35.669+0000] {logging_mixin.py:190} INFO - Registro sem campo 'id': ,
[2024-10-25T01:39:35.669+0000] {logging_mixin.py:190} INFO - Registro sem campo 'id':  
[2024-10-25T01:39:35.670+0000] {logging_mixin.py:190} INFO - Registro sem campo 'id': {
[2024-10-25T01:39:35.670+0000] {logging_mixin.py:190} INFO - Registro sem campo 'id': '
[2024-10-25T01:39:35.671+0000] {logging_mixin.py:190} INFO - Registro sem campo 'id': i
[2024-10-25T01:39:35.671+0000] {logging_mixin.py:190} INFO - Registro sem campo 'id': d
[2024-10-25T01:39:35.672+0000] {logging_mixin.py:190} INFO - Registro sem campo 'id': '
[2024-10-25T01:39:35.672+0000] {logging_mixin.py:190} INFO - Registro sem campo 'id': :
[2024-10-25T01:39:35.672+0000] {logging_mixin.py:190} INFO - Registro sem campo 'id':  
[2024-10-25T01:39:35.673+0000] {logging_mixin.py:190} INFO - Registro sem campo 'id': 4
[2024-10-25T01:39:35.673+0000] {logging_mixin.py:190} INFO - Registro sem campo 'id': ,
[2024-10-25T01:39:35.673+0000] {logging_mixin.py:190} INFO - Registro sem campo 'id':  
[2024-10-25T01:39:35.674+0000] {logging_mixin.py:190} INFO - Registro sem campo 'id': '
[2024-10-25T01:39:35.674+0000] {logging_mixin.py:190} INFO - Registro sem campo 'id': n
[2024-10-25T01:39:35.675+0000] {logging_mixin.py:190} INFO - Registro sem campo 'id': o
[2024-10-25T01:39:35.675+0000] {logging_mixin.py:190} INFO - Registro sem campo 'id': m
[2024-10-25T01:39:35.675+0000] {logging_mixin.py:190} INFO - Registro sem campo 'id': e
[2024-10-25T01:39:35.676+0000] {logging_mixin.py:190} INFO - Registro sem campo 'id': '
[2024-10-25T01:39:35.676+0000] {logging_mixin.py:190} INFO - Registro sem campo 'id': :
[2024-10-25T01:39:35.676+0000] {logging_mixin.py:190} INFO - Registro sem campo 'id':  
[2024-10-25T01:39:35.677+0000] {logging_mixin.py:190} INFO - Registro sem campo 'id': '
[2024-10-25T01:39:35.677+0000] {logging_mixin.py:190} INFO - Registro sem campo 'id': D
[2024-10-25T01:39:35.677+0000] {logging_mixin.py:190} INFO - Registro sem campo 'id': a
[2024-10-25T01:39:35.678+0000] {logging_mixin.py:190} INFO - Registro sem campo 'id': n
[2024-10-25T01:39:35.678+0000] {logging_mixin.py:190} INFO - Registro sem campo 'id': i
[2024-10-25T01:39:35.678+0000] {logging_mixin.py:190} INFO - Registro sem campo 'id': e
[2024-10-25T01:39:35.679+0000] {logging_mixin.py:190} INFO - Registro sem campo 'id': l
[2024-10-25T01:39:35.679+0000] {logging_mixin.py:190} INFO - Registro sem campo 'id':  
[2024-10-25T01:39:35.679+0000] {logging_mixin.py:190} INFO - Registro sem campo 'id': C
[2024-10-25T01:39:35.680+0000] {logging_mixin.py:190} INFO - Registro sem campo 'id': o
[2024-10-25T01:39:35.680+0000] {logging_mixin.py:190} INFO - Registro sem campo 'id': s
[2024-10-25T01:39:35.680+0000] {logging_mixin.py:190} INFO - Registro sem campo 'id': t
[2024-10-25T01:39:35.681+0000] {logging_mixin.py:190} INFO - Registro sem campo 'id': a
[2024-10-25T01:39:35.681+0000] {logging_mixin.py:190} INFO - Registro sem campo 'id': '
[2024-10-25T01:39:35.682+0000] {logging_mixin.py:190} INFO - Registro sem campo 'id': ,
[2024-10-25T01:39:35.682+0000] {logging_mixin.py:190} INFO - Registro sem campo 'id':  
[2024-10-25T01:39:35.682+0000] {logging_mixin.py:190} INFO - Registro sem campo 'id': '
[2024-10-25T01:39:35.683+0000] {logging_mixin.py:190} INFO - Registro sem campo 'id': e
[2024-10-25T01:39:35.683+0000] {logging_mixin.py:190} INFO - Registro sem campo 'id': m
[2024-10-25T01:39:35.683+0000] {logging_mixin.py:190} INFO - Registro sem campo 'id': a
[2024-10-25T01:39:35.684+0000] {logging_mixin.py:190} INFO - Registro sem campo 'id': i
[2024-10-25T01:39:35.684+0000] {logging_mixin.py:190} INFO - Registro sem campo 'id': l
[2024-10-25T01:39:35.684+0000] {logging_mixin.py:190} INFO - Registro sem campo 'id': '
[2024-10-25T01:39:35.685+0000] {logging_mixin.py:190} INFO - Registro sem campo 'id': :
[2024-10-25T01:39:35.685+0000] {logging_mixin.py:190} INFO - Registro sem campo 'id':  
[2024-10-25T01:39:35.686+0000] {logging_mixin.py:190} INFO - Registro sem campo 'id': '
[2024-10-25T01:39:35.686+0000] {logging_mixin.py:190} INFO - Registro sem campo 'id': d
[2024-10-25T01:39:35.686+0000] {logging_mixin.py:190} INFO - Registro sem campo 'id': a
[2024-10-25T01:39:35.687+0000] {logging_mixin.py:190} INFO - Registro sem campo 'id': n
[2024-10-25T01:39:35.687+0000] {logging_mixin.py:190} INFO - Registro sem campo 'id': i
[2024-10-25T01:39:35.688+0000] {logging_mixin.py:190} INFO - Registro sem campo 'id': e
[2024-10-25T01:39:35.688+0000] {logging_mixin.py:190} INFO - Registro sem campo 'id': l
[2024-10-25T01:39:35.688+0000] {logging_mixin.py:190} INFO - Registro sem campo 'id': .
[2024-10-25T01:39:35.689+0000] {logging_mixin.py:190} INFO - Registro sem campo 'id': c
[2024-10-25T01:39:35.689+0000] {logging_mixin.py:190} INFO - Registro sem campo 'id': o
[2024-10-25T01:39:35.689+0000] {logging_mixin.py:190} INFO - Registro sem campo 'id': s
[2024-10-25T01:39:35.690+0000] {logging_mixin.py:190} INFO - Registro sem campo 'id': t
[2024-10-25T01:39:35.690+0000] {logging_mixin.py:190} INFO - Registro sem campo 'id': a
[2024-10-25T01:39:35.690+0000] {logging_mixin.py:190} INFO - Registro sem campo 'id': @
[2024-10-25T01:39:35.691+0000] {logging_mixin.py:190} INFO - Registro sem campo 'id': e
[2024-10-25T01:39:35.691+0000] {logging_mixin.py:190} INFO - Registro sem campo 'id': m
[2024-10-25T01:39:35.691+0000] {logging_mixin.py:190} INFO - Registro sem campo 'id': a
[2024-10-25T01:39:35.692+0000] {logging_mixin.py:190} INFO - Registro sem campo 'id': i
[2024-10-25T01:39:35.692+0000] {logging_mixin.py:190} INFO - Registro sem campo 'id': l
[2024-10-25T01:39:35.692+0000] {logging_mixin.py:190} INFO - Registro sem campo 'id': .
[2024-10-25T01:39:35.693+0000] {logging_mixin.py:190} INFO - Registro sem campo 'id': c
[2024-10-25T01:39:35.693+0000] {logging_mixin.py:190} INFO - Registro sem campo 'id': o
[2024-10-25T01:39:35.693+0000] {logging_mixin.py:190} INFO - Registro sem campo 'id': m
[2024-10-25T01:39:35.694+0000] {logging_mixin.py:190} INFO - Registro sem campo 'id': '
[2024-10-25T01:39:35.694+0000] {logging_mixin.py:190} INFO - Registro sem campo 'id': ,
[2024-10-25T01:39:35.694+0000] {logging_mixin.py:190} INFO - Registro sem campo 'id':  
[2024-10-25T01:39:35.695+0000] {logging_mixin.py:190} INFO - Registro sem campo 'id': '
[2024-10-25T01:39:35.695+0000] {logging_mixin.py:190} INFO - Registro sem campo 'id': t
[2024-10-25T01:39:35.695+0000] {logging_mixin.py:190} INFO - Registro sem campo 'id': e
[2024-10-25T01:39:35.696+0000] {logging_mixin.py:190} INFO - Registro sem campo 'id': l
[2024-10-25T01:39:35.696+0000] {logging_mixin.py:190} INFO - Registro sem campo 'id': e
[2024-10-25T01:39:35.697+0000] {logging_mixin.py:190} INFO - Registro sem campo 'id': f
[2024-10-25T01:39:35.697+0000] {logging_mixin.py:190} INFO - Registro sem campo 'id': o
[2024-10-25T01:39:35.698+0000] {logging_mixin.py:190} INFO - Registro sem campo 'id': n
[2024-10-25T01:39:35.698+0000] {logging_mixin.py:190} INFO - Registro sem campo 'id': e
[2024-10-25T01:39:35.698+0000] {logging_mixin.py:190} INFO - Registro sem campo 'id': '
[2024-10-25T01:39:35.699+0000] {logging_mixin.py:190} INFO - Registro sem campo 'id': :
[2024-10-25T01:39:35.699+0000] {logging_mixin.py:190} INFO - Registro sem campo 'id':  
[2024-10-25T01:39:35.699+0000] {logging_mixin.py:190} INFO - Registro sem campo 'id': '
[2024-10-25T01:39:35.700+0000] {logging_mixin.py:190} INFO - Registro sem campo 'id': (
[2024-10-25T01:39:35.700+0000] {logging_mixin.py:190} INFO - Registro sem campo 'id': 4
[2024-10-25T01:39:35.700+0000] {logging_mixin.py:190} INFO - Registro sem campo 'id': 1
[2024-10-25T01:39:35.701+0000] {logging_mixin.py:190} INFO - Registro sem campo 'id': )
[2024-10-25T01:39:35.701+0000] {logging_mixin.py:190} INFO - Registro sem campo 'id':  
[2024-10-25T01:39:35.701+0000] {logging_mixin.py:190} INFO - Registro sem campo 'id': 9
[2024-10-25T01:39:35.702+0000] {logging_mixin.py:190} INFO - Registro sem campo 'id': 5
[2024-10-25T01:39:35.702+0000] {logging_mixin.py:190} INFO - Registro sem campo 'id': 4
[2024-10-25T01:39:35.702+0000] {logging_mixin.py:190} INFO - Registro sem campo 'id': 3
[2024-10-25T01:39:35.703+0000] {logging_mixin.py:190} INFO - Registro sem campo 'id': 2
[2024-10-25T01:39:35.703+0000] {logging_mixin.py:190} INFO - Registro sem campo 'id': -
[2024-10-25T01:39:35.704+0000] {logging_mixin.py:190} INFO - Registro sem campo 'id': 1
[2024-10-25T01:39:35.704+0000] {logging_mixin.py:190} INFO - Registro sem campo 'id': 0
[2024-10-25T01:39:35.704+0000] {logging_mixin.py:190} INFO - Registro sem campo 'id': 9
[2024-10-25T01:39:35.705+0000] {logging_mixin.py:190} INFO - Registro sem campo 'id': 8
[2024-10-25T01:39:35.705+0000] {logging_mixin.py:190} INFO - Registro sem campo 'id': '
[2024-10-25T01:39:35.705+0000] {logging_mixin.py:190} INFO - Registro sem campo 'id': ,
[2024-10-25T01:39:35.706+0000] {logging_mixin.py:190} INFO - Registro sem campo 'id':  
[2024-10-25T01:39:35.706+0000] {logging_mixin.py:190} INFO - Registro sem campo 'id': '
[2024-10-25T01:39:35.707+0000] {logging_mixin.py:190} INFO - Registro sem campo 'id': d
[2024-10-25T01:39:35.707+0000] {logging_mixin.py:190} INFO - Registro sem campo 'id': a
[2024-10-25T01:39:35.708+0000] {logging_mixin.py:190} INFO - Registro sem campo 'id': t
[2024-10-25T01:39:35.708+0000] {logging_mixin.py:190} INFO - Registro sem campo 'id': a
[2024-10-25T01:39:35.708+0000] {logging_mixin.py:190} INFO - Registro sem campo 'id': _
[2024-10-25T01:39:35.709+0000] {logging_mixin.py:190} INFO - Registro sem campo 'id': n
[2024-10-25T01:39:35.709+0000] {logging_mixin.py:190} INFO - Registro sem campo 'id': a
[2024-10-25T01:39:35.709+0000] {logging_mixin.py:190} INFO - Registro sem campo 'id': s
[2024-10-25T01:39:35.710+0000] {logging_mixin.py:190} INFO - Registro sem campo 'id': c
[2024-10-25T01:39:35.710+0000] {logging_mixin.py:190} INFO - Registro sem campo 'id': i
[2024-10-25T01:39:35.710+0000] {logging_mixin.py:190} INFO - Registro sem campo 'id': m
[2024-10-25T01:39:35.711+0000] {logging_mixin.py:190} INFO - Registro sem campo 'id': e
[2024-10-25T01:39:35.711+0000] {logging_mixin.py:190} INFO - Registro sem campo 'id': n
[2024-10-25T01:39:35.711+0000] {logging_mixin.py:190} INFO - Registro sem campo 'id': t
[2024-10-25T01:39:35.712+0000] {logging_mixin.py:190} INFO - Registro sem campo 'id': o
[2024-10-25T01:39:35.712+0000] {logging_mixin.py:190} INFO - Registro sem campo 'id': '
[2024-10-25T01:39:35.713+0000] {logging_mixin.py:190} INFO - Registro sem campo 'id': :
[2024-10-25T01:39:35.713+0000] {logging_mixin.py:190} INFO - Registro sem campo 'id':  
[2024-10-25T01:39:35.714+0000] {logging_mixin.py:190} INFO - Registro sem campo 'id': '
[2024-10-25T01:39:35.714+0000] {logging_mixin.py:190} INFO - Registro sem campo 'id': 1
[2024-10-25T01:39:35.714+0000] {logging_mixin.py:190} INFO - Registro sem campo 'id': 9
[2024-10-25T01:39:35.715+0000] {logging_mixin.py:190} INFO - Registro sem campo 'id': 8
[2024-10-25T01:39:35.715+0000] {logging_mixin.py:190} INFO - Registro sem campo 'id': 8
[2024-10-25T01:39:35.715+0000] {logging_mixin.py:190} INFO - Registro sem campo 'id': -
[2024-10-25T01:39:35.715+0000] {logging_mixin.py:190} INFO - Registro sem campo 'id': 0
[2024-10-25T01:39:35.716+0000] {logging_mixin.py:190} INFO - Registro sem campo 'id': 3
[2024-10-25T01:39:35.716+0000] {logging_mixin.py:190} INFO - Registro sem campo 'id': -
[2024-10-25T01:39:35.717+0000] {logging_mixin.py:190} INFO - Registro sem campo 'id': 1
[2024-10-25T01:39:35.717+0000] {logging_mixin.py:190} INFO - Registro sem campo 'id': 5
[2024-10-25T01:39:35.717+0000] {logging_mixin.py:190} INFO - Registro sem campo 'id': '
[2024-10-25T01:39:35.718+0000] {logging_mixin.py:190} INFO - Registro sem campo 'id': ,
[2024-10-25T01:39:35.718+0000] {logging_mixin.py:190} INFO - Registro sem campo 'id':  
[2024-10-25T01:39:35.718+0000] {logging_mixin.py:190} INFO - Registro sem campo 'id': '
[2024-10-25T01:39:35.719+0000] {logging_mixin.py:190} INFO - Registro sem campo 'id': s
[2024-10-25T01:39:35.719+0000] {logging_mixin.py:190} INFO - Registro sem campo 'id': e
[2024-10-25T01:39:35.719+0000] {logging_mixin.py:190} INFO - Registro sem campo 'id': x
[2024-10-25T01:39:35.720+0000] {logging_mixin.py:190} INFO - Registro sem campo 'id': o
[2024-10-25T01:39:35.720+0000] {logging_mixin.py:190} INFO - Registro sem campo 'id': '
[2024-10-25T01:39:35.720+0000] {logging_mixin.py:190} INFO - Registro sem campo 'id': :
[2024-10-25T01:39:35.721+0000] {logging_mixin.py:190} INFO - Registro sem campo 'id':  
[2024-10-25T01:39:35.721+0000] {logging_mixin.py:190} INFO - Registro sem campo 'id': '
[2024-10-25T01:39:35.721+0000] {logging_mixin.py:190} INFO - Registro sem campo 'id': M
[2024-10-25T01:39:35.722+0000] {logging_mixin.py:190} INFO - Registro sem campo 'id': a
[2024-10-25T01:39:35.722+0000] {logging_mixin.py:190} INFO - Registro sem campo 'id': s
[2024-10-25T01:39:35.722+0000] {logging_mixin.py:190} INFO - Registro sem campo 'id': c
[2024-10-25T01:39:35.723+0000] {logging_mixin.py:190} INFO - Registro sem campo 'id': u
[2024-10-25T01:39:35.723+0000] {logging_mixin.py:190} INFO - Registro sem campo 'id': l
[2024-10-25T01:39:35.723+0000] {logging_mixin.py:190} INFO - Registro sem campo 'id': i
[2024-10-25T01:39:35.724+0000] {logging_mixin.py:190} INFO - Registro sem campo 'id': n
[2024-10-25T01:39:35.724+0000] {logging_mixin.py:190} INFO - Registro sem campo 'id': o
[2024-10-25T01:39:35.724+0000] {logging_mixin.py:190} INFO - Registro sem campo 'id': '
[2024-10-25T01:39:35.725+0000] {logging_mixin.py:190} INFO - Registro sem campo 'id': ,
[2024-10-25T01:39:35.725+0000] {logging_mixin.py:190} INFO - Registro sem campo 'id':  
[2024-10-25T01:39:35.725+0000] {logging_mixin.py:190} INFO - Registro sem campo 'id': '
[2024-10-25T01:39:35.726+0000] {logging_mixin.py:190} INFO - Registro sem campo 'id': c
[2024-10-25T01:39:35.726+0000] {logging_mixin.py:190} INFO - Registro sem campo 'id': i
[2024-10-25T01:39:35.726+0000] {logging_mixin.py:190} INFO - Registro sem campo 'id': d
[2024-10-25T01:39:35.727+0000] {logging_mixin.py:190} INFO - Registro sem campo 'id': a
[2024-10-25T01:39:35.727+0000] {logging_mixin.py:190} INFO - Registro sem campo 'id': d
[2024-10-25T01:39:35.727+0000] {logging_mixin.py:190} INFO - Registro sem campo 'id': e
[2024-10-25T01:39:35.728+0000] {logging_mixin.py:190} INFO - Registro sem campo 'id': '
[2024-10-25T01:39:35.728+0000] {logging_mixin.py:190} INFO - Registro sem campo 'id': :
[2024-10-25T01:39:35.728+0000] {logging_mixin.py:190} INFO - Registro sem campo 'id':  
[2024-10-25T01:39:35.729+0000] {logging_mixin.py:190} INFO - Registro sem campo 'id': '
[2024-10-25T01:39:35.729+0000] {logging_mixin.py:190} INFO - Registro sem campo 'id': C
[2024-10-25T01:39:35.729+0000] {logging_mixin.py:190} INFO - Registro sem campo 'id': u
[2024-10-25T01:39:35.730+0000] {logging_mixin.py:190} INFO - Registro sem campo 'id': r
[2024-10-25T01:39:35.730+0000] {logging_mixin.py:190} INFO - Registro sem campo 'id': i
[2024-10-25T01:39:35.730+0000] {logging_mixin.py:190} INFO - Registro sem campo 'id': t
[2024-10-25T01:39:35.731+0000] {logging_mixin.py:190} INFO - Registro sem campo 'id': i
[2024-10-25T01:39:35.731+0000] {logging_mixin.py:190} INFO - Registro sem campo 'id': b
[2024-10-25T01:39:35.731+0000] {logging_mixin.py:190} INFO - Registro sem campo 'id': a
[2024-10-25T01:39:35.732+0000] {logging_mixin.py:190} INFO - Registro sem campo 'id': '
[2024-10-25T01:39:35.732+0000] {logging_mixin.py:190} INFO - Registro sem campo 'id': ,
[2024-10-25T01:39:35.732+0000] {logging_mixin.py:190} INFO - Registro sem campo 'id':  
[2024-10-25T01:39:35.733+0000] {logging_mixin.py:190} INFO - Registro sem campo 'id': '
[2024-10-25T01:39:35.733+0000] {logging_mixin.py:190} INFO - Registro sem campo 'id': e
[2024-10-25T01:39:35.734+0000] {logging_mixin.py:190} INFO - Registro sem campo 'id': s
[2024-10-25T01:39:35.734+0000] {logging_mixin.py:190} INFO - Registro sem campo 'id': t
[2024-10-25T01:39:35.734+0000] {logging_mixin.py:190} INFO - Registro sem campo 'id': a
[2024-10-25T01:39:35.734+0000] {logging_mixin.py:190} INFO - Registro sem campo 'id': d
[2024-10-25T01:39:35.735+0000] {logging_mixin.py:190} INFO - Registro sem campo 'id': o
[2024-10-25T01:39:35.735+0000] {logging_mixin.py:190} INFO - Registro sem campo 'id': '
[2024-10-25T01:39:35.735+0000] {logging_mixin.py:190} INFO - Registro sem campo 'id': :
[2024-10-25T01:39:35.736+0000] {logging_mixin.py:190} INFO - Registro sem campo 'id':  
[2024-10-25T01:39:35.736+0000] {logging_mixin.py:190} INFO - Registro sem campo 'id': '
[2024-10-25T01:39:35.736+0000] {logging_mixin.py:190} INFO - Registro sem campo 'id': P
[2024-10-25T01:39:35.737+0000] {logging_mixin.py:190} INFO - Registro sem campo 'id': R
[2024-10-25T01:39:35.737+0000] {logging_mixin.py:190} INFO - Registro sem campo 'id': '
[2024-10-25T01:39:35.738+0000] {logging_mixin.py:190} INFO - Registro sem campo 'id': }
[2024-10-25T01:39:35.738+0000] {logging_mixin.py:190} INFO - Registro sem campo 'id': ,
[2024-10-25T01:39:35.738+0000] {logging_mixin.py:190} INFO - Registro sem campo 'id':  
[2024-10-25T01:39:35.738+0000] {logging_mixin.py:190} INFO - Registro sem campo 'id': {
[2024-10-25T01:39:35.739+0000] {logging_mixin.py:190} INFO - Registro sem campo 'id': '
[2024-10-25T01:39:35.739+0000] {logging_mixin.py:190} INFO - Registro sem campo 'id': i
[2024-10-25T01:39:35.739+0000] {logging_mixin.py:190} INFO - Registro sem campo 'id': d
[2024-10-25T01:39:35.740+0000] {logging_mixin.py:190} INFO - Registro sem campo 'id': '
[2024-10-25T01:39:35.740+0000] {logging_mixin.py:190} INFO - Registro sem campo 'id': :
[2024-10-25T01:39:35.741+0000] {logging_mixin.py:190} INFO - Registro sem campo 'id':  
[2024-10-25T01:39:35.741+0000] {logging_mixin.py:190} INFO - Registro sem campo 'id': 5
[2024-10-25T01:39:35.741+0000] {logging_mixin.py:190} INFO - Registro sem campo 'id': ,
[2024-10-25T01:39:35.742+0000] {logging_mixin.py:190} INFO - Registro sem campo 'id':  
[2024-10-25T01:39:35.742+0000] {logging_mixin.py:190} INFO - Registro sem campo 'id': '
[2024-10-25T01:39:35.742+0000] {logging_mixin.py:190} INFO - Registro sem campo 'id': n
[2024-10-25T01:39:35.743+0000] {logging_mixin.py:190} INFO - Registro sem campo 'id': o
[2024-10-25T01:39:35.743+0000] {logging_mixin.py:190} INFO - Registro sem campo 'id': m
[2024-10-25T01:39:35.743+0000] {logging_mixin.py:190} INFO - Registro sem campo 'id': e
[2024-10-25T01:39:35.744+0000] {logging_mixin.py:190} INFO - Registro sem campo 'id': '
[2024-10-25T01:39:35.744+0000] {logging_mixin.py:190} INFO - Registro sem campo 'id': :
[2024-10-25T01:39:35.745+0000] {logging_mixin.py:190} INFO - Registro sem campo 'id':  
[2024-10-25T01:39:35.745+0000] {logging_mixin.py:190} INFO - Registro sem campo 'id': '
[2024-10-25T01:39:35.746+0000] {logging_mixin.py:190} INFO - Registro sem campo 'id': E
[2024-10-25T01:39:35.746+0000] {logging_mixin.py:190} INFO - Registro sem campo 'id': l
[2024-10-25T01:39:35.747+0000] {logging_mixin.py:190} INFO - Registro sem campo 'id': e
[2024-10-25T01:39:35.747+0000] {logging_mixin.py:190} INFO - Registro sem campo 'id': n
[2024-10-25T01:39:35.747+0000] {logging_mixin.py:190} INFO - Registro sem campo 'id': a
[2024-10-25T01:39:35.748+0000] {logging_mixin.py:190} INFO - Registro sem campo 'id':  
[2024-10-25T01:39:35.748+0000] {logging_mixin.py:190} INFO - Registro sem campo 'id': M
[2024-10-25T01:39:35.748+0000] {logging_mixin.py:190} INFO - Registro sem campo 'id': a
[2024-10-25T01:39:35.749+0000] {logging_mixin.py:190} INFO - Registro sem campo 'id': r
[2024-10-25T01:39:35.749+0000] {logging_mixin.py:190} INFO - Registro sem campo 'id': t
[2024-10-25T01:39:35.749+0000] {logging_mixin.py:190} INFO - Registro sem campo 'id': i
[2024-10-25T01:39:35.750+0000] {logging_mixin.py:190} INFO - Registro sem campo 'id': n
[2024-10-25T01:39:35.750+0000] {logging_mixin.py:190} INFO - Registro sem campo 'id': s
[2024-10-25T01:39:35.750+0000] {logging_mixin.py:190} INFO - Registro sem campo 'id': '
[2024-10-25T01:39:35.751+0000] {logging_mixin.py:190} INFO - Registro sem campo 'id': ,
[2024-10-25T01:39:35.751+0000] {logging_mixin.py:190} INFO - Registro sem campo 'id':  
[2024-10-25T01:39:35.752+0000] {logging_mixin.py:190} INFO - Registro sem campo 'id': '
[2024-10-25T01:39:35.752+0000] {logging_mixin.py:190} INFO - Registro sem campo 'id': e
[2024-10-25T01:39:35.752+0000] {logging_mixin.py:190} INFO - Registro sem campo 'id': m
[2024-10-25T01:39:35.753+0000] {logging_mixin.py:190} INFO - Registro sem campo 'id': a
[2024-10-25T01:39:35.753+0000] {logging_mixin.py:190} INFO - Registro sem campo 'id': i
[2024-10-25T01:39:35.753+0000] {logging_mixin.py:190} INFO - Registro sem campo 'id': l
[2024-10-25T01:39:35.754+0000] {logging_mixin.py:190} INFO - Registro sem campo 'id': '
[2024-10-25T01:39:35.754+0000] {logging_mixin.py:190} INFO - Registro sem campo 'id': :
[2024-10-25T01:39:35.754+0000] {logging_mixin.py:190} INFO - Registro sem campo 'id':  
[2024-10-25T01:39:35.755+0000] {logging_mixin.py:190} INFO - Registro sem campo 'id': '
[2024-10-25T01:39:35.755+0000] {logging_mixin.py:190} INFO - Registro sem campo 'id': e
[2024-10-25T01:39:35.755+0000] {logging_mixin.py:190} INFO - Registro sem campo 'id': l
[2024-10-25T01:39:35.756+0000] {logging_mixin.py:190} INFO - Registro sem campo 'id': e
[2024-10-25T01:39:35.756+0000] {logging_mixin.py:190} INFO - Registro sem campo 'id': n
[2024-10-25T01:39:35.756+0000] {logging_mixin.py:190} INFO - Registro sem campo 'id': a
[2024-10-25T01:39:35.757+0000] {logging_mixin.py:190} INFO - Registro sem campo 'id': .
[2024-10-25T01:39:35.757+0000] {logging_mixin.py:190} INFO - Registro sem campo 'id': m
[2024-10-25T01:39:35.757+0000] {logging_mixin.py:190} INFO - Registro sem campo 'id': a
[2024-10-25T01:39:35.758+0000] {logging_mixin.py:190} INFO - Registro sem campo 'id': r
[2024-10-25T01:39:35.758+0000] {logging_mixin.py:190} INFO - Registro sem campo 'id': t
[2024-10-25T01:39:35.758+0000] {logging_mixin.py:190} INFO - Registro sem campo 'id': i
[2024-10-25T01:39:35.759+0000] {logging_mixin.py:190} INFO - Registro sem campo 'id': n
[2024-10-25T01:39:35.759+0000] {logging_mixin.py:190} INFO - Registro sem campo 'id': s
[2024-10-25T01:39:35.760+0000] {logging_mixin.py:190} INFO - Registro sem campo 'id': @
[2024-10-25T01:39:35.760+0000] {logging_mixin.py:190} INFO - Registro sem campo 'id': e
[2024-10-25T01:39:35.760+0000] {logging_mixin.py:190} INFO - Registro sem campo 'id': m
[2024-10-25T01:39:35.761+0000] {logging_mixin.py:190} INFO - Registro sem campo 'id': a
[2024-10-25T01:39:35.761+0000] {logging_mixin.py:190} INFO - Registro sem campo 'id': i
[2024-10-25T01:39:35.761+0000] {logging_mixin.py:190} INFO - Registro sem campo 'id': l
[2024-10-25T01:39:35.762+0000] {logging_mixin.py:190} INFO - Registro sem campo 'id': .
[2024-10-25T01:39:35.762+0000] {logging_mixin.py:190} INFO - Registro sem campo 'id': c
[2024-10-25T01:39:35.762+0000] {logging_mixin.py:190} INFO - Registro sem campo 'id': o
[2024-10-25T01:39:35.763+0000] {logging_mixin.py:190} INFO - Registro sem campo 'id': m
[2024-10-25T01:39:35.763+0000] {logging_mixin.py:190} INFO - Registro sem campo 'id': '
[2024-10-25T01:39:35.763+0000] {logging_mixin.py:190} INFO - Registro sem campo 'id': ,
[2024-10-25T01:39:35.764+0000] {logging_mixin.py:190} INFO - Registro sem campo 'id':  
[2024-10-25T01:39:35.764+0000] {logging_mixin.py:190} INFO - Registro sem campo 'id': '
[2024-10-25T01:39:35.765+0000] {logging_mixin.py:190} INFO - Registro sem campo 'id': t
[2024-10-25T01:39:35.765+0000] {logging_mixin.py:190} INFO - Registro sem campo 'id': e
[2024-10-25T01:39:35.765+0000] {logging_mixin.py:190} INFO - Registro sem campo 'id': l
[2024-10-25T01:39:35.766+0000] {logging_mixin.py:190} INFO - Registro sem campo 'id': e
[2024-10-25T01:39:35.766+0000] {logging_mixin.py:190} INFO - Registro sem campo 'id': f
[2024-10-25T01:39:35.766+0000] {logging_mixin.py:190} INFO - Registro sem campo 'id': o
[2024-10-25T01:39:35.767+0000] {logging_mixin.py:190} INFO - Registro sem campo 'id': n
[2024-10-25T01:39:35.767+0000] {logging_mixin.py:190} INFO - Registro sem campo 'id': e
[2024-10-25T01:39:35.767+0000] {logging_mixin.py:190} INFO - Registro sem campo 'id': '
[2024-10-25T01:39:35.768+0000] {logging_mixin.py:190} INFO - Registro sem campo 'id': :
[2024-10-25T01:39:35.768+0000] {logging_mixin.py:190} INFO - Registro sem campo 'id':  
[2024-10-25T01:39:35.768+0000] {logging_mixin.py:190} INFO - Registro sem campo 'id': '
[2024-10-25T01:39:35.769+0000] {logging_mixin.py:190} INFO - Registro sem campo 'id': (
[2024-10-25T01:39:35.769+0000] {logging_mixin.py:190} INFO - Registro sem campo 'id': 5
[2024-10-25T01:39:35.769+0000] {logging_mixin.py:190} INFO - Registro sem campo 'id': 1
[2024-10-25T01:39:35.770+0000] {logging_mixin.py:190} INFO - Registro sem campo 'id': )
[2024-10-25T01:39:35.770+0000] {logging_mixin.py:190} INFO - Registro sem campo 'id':  
[2024-10-25T01:39:35.771+0000] {logging_mixin.py:190} INFO - Registro sem campo 'id': 9
[2024-10-25T01:39:35.771+0000] {logging_mixin.py:190} INFO - Registro sem campo 'id': 4
[2024-10-25T01:39:35.771+0000] {logging_mixin.py:190} INFO - Registro sem campo 'id': 3
[2024-10-25T01:39:35.772+0000] {logging_mixin.py:190} INFO - Registro sem campo 'id': 2
[2024-10-25T01:39:35.772+0000] {logging_mixin.py:190} INFO - Registro sem campo 'id': 1
[2024-10-25T01:39:35.772+0000] {logging_mixin.py:190} INFO - Registro sem campo 'id': -
[2024-10-25T01:39:35.773+0000] {logging_mixin.py:190} INFO - Registro sem campo 'id': 0
[2024-10-25T01:39:35.773+0000] {logging_mixin.py:190} INFO - Registro sem campo 'id': 9
[2024-10-25T01:39:35.774+0000] {logging_mixin.py:190} INFO - Registro sem campo 'id': 8
[2024-10-25T01:39:35.774+0000] {logging_mixin.py:190} INFO - Registro sem campo 'id': 7
[2024-10-25T01:39:35.775+0000] {logging_mixin.py:190} INFO - Registro sem campo 'id': '
[2024-10-25T01:39:35.775+0000] {logging_mixin.py:190} INFO - Registro sem campo 'id': ,
[2024-10-25T01:39:35.775+0000] {logging_mixin.py:190} INFO - Registro sem campo 'id':  
[2024-10-25T01:39:35.776+0000] {logging_mixin.py:190} INFO - Registro sem campo 'id': '
[2024-10-25T01:39:35.776+0000] {logging_mixin.py:190} INFO - Registro sem campo 'id': d
[2024-10-25T01:39:35.777+0000] {logging_mixin.py:190} INFO - Registro sem campo 'id': a
[2024-10-25T01:39:35.777+0000] {logging_mixin.py:190} INFO - Registro sem campo 'id': t
[2024-10-25T01:39:35.778+0000] {logging_mixin.py:190} INFO - Registro sem campo 'id': a
[2024-10-25T01:39:35.778+0000] {logging_mixin.py:190} INFO - Registro sem campo 'id': _
[2024-10-25T01:39:35.779+0000] {logging_mixin.py:190} INFO - Registro sem campo 'id': n
[2024-10-25T01:39:35.779+0000] {logging_mixin.py:190} INFO - Registro sem campo 'id': a
[2024-10-25T01:39:35.780+0000] {logging_mixin.py:190} INFO - Registro sem campo 'id': s
[2024-10-25T01:39:35.780+0000] {logging_mixin.py:190} INFO - Registro sem campo 'id': c
[2024-10-25T01:39:35.781+0000] {logging_mixin.py:190} INFO - Registro sem campo 'id': i
[2024-10-25T01:39:35.781+0000] {logging_mixin.py:190} INFO - Registro sem campo 'id': m
[2024-10-25T01:39:35.782+0000] {logging_mixin.py:190} INFO - Registro sem campo 'id': e
[2024-10-25T01:39:35.782+0000] {logging_mixin.py:190} INFO - Registro sem campo 'id': n
[2024-10-25T01:39:35.783+0000] {logging_mixin.py:190} INFO - Registro sem campo 'id': t
[2024-10-25T01:39:35.783+0000] {logging_mixin.py:190} INFO - Registro sem campo 'id': o
[2024-10-25T01:39:35.783+0000] {logging_mixin.py:190} INFO - Registro sem campo 'id': '
[2024-10-25T01:39:35.784+0000] {logging_mixin.py:190} INFO - Registro sem campo 'id': :
[2024-10-25T01:39:35.784+0000] {logging_mixin.py:190} INFO - Registro sem campo 'id':  
[2024-10-25T01:39:35.785+0000] {logging_mixin.py:190} INFO - Registro sem campo 'id': '
[2024-10-25T01:39:35.785+0000] {logging_mixin.py:190} INFO - Registro sem campo 'id': 1
[2024-10-25T01:39:35.786+0000] {logging_mixin.py:190} INFO - Registro sem campo 'id': 9
[2024-10-25T01:39:35.786+0000] {logging_mixin.py:190} INFO - Registro sem campo 'id': 9
[2024-10-25T01:39:35.786+0000] {logging_mixin.py:190} INFO - Registro sem campo 'id': 5
[2024-10-25T01:39:35.787+0000] {logging_mixin.py:190} INFO - Registro sem campo 'id': -
[2024-10-25T01:39:35.787+0000] {logging_mixin.py:190} INFO - Registro sem campo 'id': 0
[2024-10-25T01:39:35.788+0000] {logging_mixin.py:190} INFO - Registro sem campo 'id': 7
[2024-10-25T01:39:35.788+0000] {logging_mixin.py:190} INFO - Registro sem campo 'id': -
[2024-10-25T01:39:35.789+0000] {logging_mixin.py:190} INFO - Registro sem campo 'id': 3
[2024-10-25T01:39:35.789+0000] {logging_mixin.py:190} INFO - Registro sem campo 'id': 0
[2024-10-25T01:39:35.789+0000] {logging_mixin.py:190} INFO - Registro sem campo 'id': '
[2024-10-25T01:39:35.790+0000] {logging_mixin.py:190} INFO - Registro sem campo 'id': ,
[2024-10-25T01:39:35.790+0000] {logging_mixin.py:190} INFO - Registro sem campo 'id':  
[2024-10-25T01:39:35.791+0000] {logging_mixin.py:190} INFO - Registro sem campo 'id': '
[2024-10-25T01:39:35.791+0000] {logging_mixin.py:190} INFO - Registro sem campo 'id': s
[2024-10-25T01:39:35.792+0000] {logging_mixin.py:190} INFO - Registro sem campo 'id': e
[2024-10-25T01:39:35.792+0000] {logging_mixin.py:190} INFO - Registro sem campo 'id': x
[2024-10-25T01:39:35.792+0000] {logging_mixin.py:190} INFO - Registro sem campo 'id': o
[2024-10-25T01:39:35.793+0000] {logging_mixin.py:190} INFO - Registro sem campo 'id': '
[2024-10-25T01:39:35.793+0000] {logging_mixin.py:190} INFO - Registro sem campo 'id': :
[2024-10-25T01:39:35.794+0000] {logging_mixin.py:190} INFO - Registro sem campo 'id':  
[2024-10-25T01:39:35.794+0000] {logging_mixin.py:190} INFO - Registro sem campo 'id': '
[2024-10-25T01:39:35.795+0000] {logging_mixin.py:190} INFO - Registro sem campo 'id': F
[2024-10-25T01:39:35.795+0000] {logging_mixin.py:190} INFO - Registro sem campo 'id': e
[2024-10-25T01:39:35.795+0000] {logging_mixin.py:190} INFO - Registro sem campo 'id': m
[2024-10-25T01:39:35.796+0000] {logging_mixin.py:190} INFO - Registro sem campo 'id': i
[2024-10-25T01:39:35.796+0000] {logging_mixin.py:190} INFO - Registro sem campo 'id': n
[2024-10-25T01:39:35.797+0000] {logging_mixin.py:190} INFO - Registro sem campo 'id': i
[2024-10-25T01:39:35.797+0000] {logging_mixin.py:190} INFO - Registro sem campo 'id': n
[2024-10-25T01:39:35.797+0000] {logging_mixin.py:190} INFO - Registro sem campo 'id': o
[2024-10-25T01:39:35.798+0000] {logging_mixin.py:190} INFO - Registro sem campo 'id': '
[2024-10-25T01:39:35.798+0000] {logging_mixin.py:190} INFO - Registro sem campo 'id': ,
[2024-10-25T01:39:35.799+0000] {logging_mixin.py:190} INFO - Registro sem campo 'id':  
[2024-10-25T01:39:35.799+0000] {logging_mixin.py:190} INFO - Registro sem campo 'id': '
[2024-10-25T01:39:35.799+0000] {logging_mixin.py:190} INFO - Registro sem campo 'id': c
[2024-10-25T01:39:35.800+0000] {logging_mixin.py:190} INFO - Registro sem campo 'id': i
[2024-10-25T01:39:35.800+0000] {logging_mixin.py:190} INFO - Registro sem campo 'id': d
[2024-10-25T01:39:35.801+0000] {logging_mixin.py:190} INFO - Registro sem campo 'id': a
[2024-10-25T01:39:35.801+0000] {logging_mixin.py:190} INFO - Registro sem campo 'id': d
[2024-10-25T01:39:35.801+0000] {logging_mixin.py:190} INFO - Registro sem campo 'id': e
[2024-10-25T01:39:35.802+0000] {logging_mixin.py:190} INFO - Registro sem campo 'id': '
[2024-10-25T01:39:35.802+0000] {logging_mixin.py:190} INFO - Registro sem campo 'id': :
[2024-10-25T01:39:35.803+0000] {logging_mixin.py:190} INFO - Registro sem campo 'id':  
[2024-10-25T01:39:35.803+0000] {logging_mixin.py:190} INFO - Registro sem campo 'id': '
[2024-10-25T01:39:35.804+0000] {logging_mixin.py:190} INFO - Registro sem campo 'id': P
[2024-10-25T01:39:35.804+0000] {logging_mixin.py:190} INFO - Registro sem campo 'id': o
[2024-10-25T01:39:35.804+0000] {logging_mixin.py:190} INFO - Registro sem campo 'id': r
[2024-10-25T01:39:35.805+0000] {logging_mixin.py:190} INFO - Registro sem campo 'id': t
[2024-10-25T01:39:35.805+0000] {logging_mixin.py:190} INFO - Registro sem campo 'id': o
[2024-10-25T01:39:35.806+0000] {logging_mixin.py:190} INFO - Registro sem campo 'id':  
[2024-10-25T01:39:35.806+0000] {logging_mixin.py:190} INFO - Registro sem campo 'id': A
[2024-10-25T01:39:35.807+0000] {logging_mixin.py:190} INFO - Registro sem campo 'id': l
[2024-10-25T01:39:35.807+0000] {logging_mixin.py:190} INFO - Registro sem campo 'id': e
[2024-10-25T01:39:35.807+0000] {logging_mixin.py:190} INFO - Registro sem campo 'id': g
[2024-10-25T01:39:35.808+0000] {logging_mixin.py:190} INFO - Registro sem campo 'id': r
[2024-10-25T01:39:35.808+0000] {logging_mixin.py:190} INFO - Registro sem campo 'id': e
[2024-10-25T01:39:35.809+0000] {logging_mixin.py:190} INFO - Registro sem campo 'id': '
[2024-10-25T01:39:35.809+0000] {logging_mixin.py:190} INFO - Registro sem campo 'id': ,
[2024-10-25T01:39:35.809+0000] {logging_mixin.py:190} INFO - Registro sem campo 'id':  
[2024-10-25T01:39:35.810+0000] {logging_mixin.py:190} INFO - Registro sem campo 'id': '
[2024-10-25T01:39:35.810+0000] {logging_mixin.py:190} INFO - Registro sem campo 'id': e
[2024-10-25T01:39:35.811+0000] {logging_mixin.py:190} INFO - Registro sem campo 'id': s
[2024-10-25T01:39:35.811+0000] {logging_mixin.py:190} INFO - Registro sem campo 'id': t
[2024-10-25T01:39:35.811+0000] {logging_mixin.py:190} INFO - Registro sem campo 'id': a
[2024-10-25T01:39:35.812+0000] {logging_mixin.py:190} INFO - Registro sem campo 'id': d
[2024-10-25T01:39:35.812+0000] {logging_mixin.py:190} INFO - Registro sem campo 'id': o
[2024-10-25T01:39:35.813+0000] {logging_mixin.py:190} INFO - Registro sem campo 'id': '
[2024-10-25T01:39:35.813+0000] {logging_mixin.py:190} INFO - Registro sem campo 'id': :
[2024-10-25T01:39:35.813+0000] {logging_mixin.py:190} INFO - Registro sem campo 'id':  
[2024-10-25T01:39:35.814+0000] {logging_mixin.py:190} INFO - Registro sem campo 'id': '
[2024-10-25T01:39:35.814+0000] {logging_mixin.py:190} INFO - Registro sem campo 'id': R
[2024-10-25T01:39:35.815+0000] {logging_mixin.py:190} INFO - Registro sem campo 'id': S
[2024-10-25T01:39:35.816+0000] {logging_mixin.py:190} INFO - Registro sem campo 'id': '
[2024-10-25T01:39:35.816+0000] {logging_mixin.py:190} INFO - Registro sem campo 'id': }
[2024-10-25T01:39:35.817+0000] {logging_mixin.py:190} INFO - Registro sem campo 'id': ]
[2024-10-25T01:39:35.817+0000] {python.py:240} INFO - Done. Returned value was: []
[2024-10-25T01:39:35.846+0000] {taskinstance.py:340} INFO - ::group::Post task execution logs
[2024-10-25T01:39:35.847+0000] {taskinstance.py:352} INFO - Marking task as SUCCESS. dag_id=inserir_dados_mongodb, task_id=check_existing_data, run_id=manual__2024-10-25T01:39:30.286290+00:00, execution_date=20241025T013930, start_date=20241025T013935, end_date=20241025T013935
[2024-10-25T01:39:35.904+0000] {local_task_job_runner.py:266} INFO - Task exited with return code 0
[2024-10-25T01:39:35.928+0000] {taskinstance.py:3900} INFO - 1 downstream tasks scheduled from follow-on schedule check
[2024-10-25T01:39:35.931+0000] {local_task_job_runner.py:245} INFO - ::endgroup::
