[2024-10-25T02:17:33.625+0000] {local_task_job_runner.py:123} INFO - ::group::Pre task execution logs
[2024-10-25T02:17:33.653+0000] {taskinstance.py:2612} INFO - Dependencies all met for dep_context=non-requeueable deps ti=<TaskInstance: inserir_dados_csv_mongo.insert_data_to_mongo manual__2024-10-25T02:17:31.861729+00:00 [queued]>
[2024-10-25T02:17:33.668+0000] {taskinstance.py:2612} INFO - Dependencies all met for dep_context=requeueable deps ti=<TaskInstance: inserir_dados_csv_mongo.insert_data_to_mongo manual__2024-10-25T02:17:31.861729+00:00 [queued]>
[2024-10-25T02:17:33.669+0000] {taskinstance.py:2865} INFO - Starting attempt 1 of 2
[2024-10-25T02:17:33.693+0000] {taskinstance.py:2888} INFO - Executing <Task(PythonOperator): insert_data_to_mongo> on 2024-10-25 02:17:31.861729+00:00
[2024-10-25T02:17:33.700+0000] {warnings.py:112} WARNING - /home/***/.local/lib/python3.12/site-packages/***/task/task_runner/standard_task_runner.py:70: DeprecationWarning: This process (pid=5326) is multi-threaded, use of fork() may lead to deadlocks in the child.
  pid = os.fork()

[2024-10-25T02:17:33.702+0000] {standard_task_runner.py:72} INFO - Started process 5328 to run task
[2024-10-25T02:17:33.707+0000] {standard_task_runner.py:104} INFO - Running: ['***', 'tasks', 'run', 'inserir_dados_csv_mongo', 'insert_data_to_mongo', 'manual__2024-10-25T02:17:31.861729+00:00', '--job-id', '36', '--raw', '--subdir', 'DAGS_FOLDER/dag_save_mongodb_v2.py', '--cfg-path', '/tmp/tmpw7s5g861']
[2024-10-25T02:17:33.711+0000] {standard_task_runner.py:105} INFO - Job 36: Subtask insert_data_to_mongo
[2024-10-25T02:17:33.806+0000] {task_command.py:467} INFO - Running <TaskInstance: inserir_dados_csv_mongo.insert_data_to_mongo manual__2024-10-25T02:17:31.861729+00:00 [running]> on host a0ed19d3458a
[2024-10-25T02:17:33.954+0000] {taskinstance.py:3131} INFO - Exporting env vars: AIRFLOW_CTX_DAG_OWNER='user' AIRFLOW_CTX_DAG_ID='inserir_dados_csv_mongo' AIRFLOW_CTX_TASK_ID='insert_data_to_mongo' AIRFLOW_CTX_EXECUTION_DATE='2024-10-25T02:17:31.861729+00:00' AIRFLOW_CTX_TRY_NUMBER='1' AIRFLOW_CTX_DAG_RUN_ID='manual__2024-10-25T02:17:31.861729+00:00'
[2024-10-25T02:17:33.961+0000] {taskinstance.py:731} INFO - ::endgroup::
[2024-10-25T02:17:34.195+0000] {logging_mixin.py:190} INFO - 5 novos registros inseridos com sucesso!
[2024-10-25T02:17:34.197+0000] {logging_mixin.py:190} INFO - Total de documentos na coleção 'clientes': 5
[2024-10-25T02:17:34.198+0000] {python.py:240} INFO - Done. Returned value was: None
[2024-10-25T02:17:34.209+0000] {taskinstance.py:340} INFO - ::group::Post task execution logs
[2024-10-25T02:17:34.210+0000] {taskinstance.py:352} INFO - Marking task as SUCCESS. dag_id=inserir_dados_csv_mongo, task_id=insert_data_to_mongo, run_id=manual__2024-10-25T02:17:31.861729+00:00, execution_date=20241025T021731, start_date=20241025T021733, end_date=20241025T021734
[2024-10-25T02:17:34.267+0000] {local_task_job_runner.py:266} INFO - Task exited with return code 0
[2024-10-25T02:17:34.285+0000] {taskinstance.py:3900} INFO - 0 downstream tasks scheduled from follow-on schedule check
[2024-10-25T02:17:34.290+0000] {local_task_job_runner.py:245} INFO - ::endgroup::
