[2024-10-25T20:05:35.898+0000] {local_task_job_runner.py:123} INFO - ::group::Pre task execution logs
[2024-10-25T20:05:35.942+0000] {taskinstance.py:2612} INFO - Dependencies all met for dep_context=non-requeueable deps ti=<TaskInstance: inserir_dados_mongodb.read_csv manual__2024-10-25T20:05:31.912759+00:00 [queued]>
[2024-10-25T20:05:35.972+0000] {taskinstance.py:2612} INFO - Dependencies all met for dep_context=requeueable deps ti=<TaskInstance: inserir_dados_mongodb.read_csv manual__2024-10-25T20:05:31.912759+00:00 [queued]>
[2024-10-25T20:05:35.974+0000] {taskinstance.py:2865} INFO - Starting attempt 1 of 2
[2024-10-25T20:05:36.015+0000] {taskinstance.py:2888} INFO - Executing <Task(PythonOperator): read_csv> on 2024-10-25 20:05:31.912759+00:00
[2024-10-25T20:05:36.029+0000] {standard_task_runner.py:104} INFO - Running: ['***', 'tasks', 'run', 'inserir_dados_mongodb', 'read_csv', 'manual__2024-10-25T20:05:31.912759+00:00', '--job-id', '52', '--raw', '--subdir', 'DAGS_FOLDER/dag_save_mongodb_v3.py', '--cfg-path', '/tmp/tmpg_hla7e0']
[2024-10-25T20:05:36.033+0000] {standard_task_runner.py:105} INFO - Job 52: Subtask read_csv
[2024-10-25T20:05:36.023+0000] {warnings.py:112} WARNING - /home/***/.local/lib/python3.12/site-packages/***/task/task_runner/standard_task_runner.py:70: DeprecationWarning: This process (pid=792) is multi-threaded, use of fork() may lead to deadlocks in the child.
  pid = os.fork()

[2024-10-25T20:05:36.044+0000] {standard_task_runner.py:72} INFO - Started process 794 to run task
[2024-10-25T20:05:36.159+0000] {task_command.py:467} INFO - Running <TaskInstance: inserir_dados_mongodb.read_csv manual__2024-10-25T20:05:31.912759+00:00 [running]> on host f31c2b905d22
[2024-10-25T20:05:36.344+0000] {taskinstance.py:3131} INFO - Exporting env vars: AIRFLOW_CTX_DAG_OWNER='user' AIRFLOW_CTX_DAG_ID='inserir_dados_mongodb' AIRFLOW_CTX_TASK_ID='read_csv' AIRFLOW_CTX_EXECUTION_DATE='2024-10-25T20:05:31.912759+00:00' AIRFLOW_CTX_TRY_NUMBER='1' AIRFLOW_CTX_DAG_RUN_ID='manual__2024-10-25T20:05:31.912759+00:00'
[2024-10-25T20:05:36.346+0000] {taskinstance.py:731} INFO - ::endgroup::
[2024-10-25T20:05:36.432+0000] {logging_mixin.py:190} INFO - Dados lidos com sucesso!
[2024-10-25T20:05:36.435+0000] {python.py:240} INFO - Done. Returned value was: None
[2024-10-25T20:05:36.451+0000] {taskinstance.py:340} INFO - ::group::Post task execution logs
[2024-10-25T20:05:36.471+0000] {taskinstance.py:352} INFO - Marking task as SUCCESS. dag_id=inserir_dados_mongodb, task_id=read_csv, run_id=manual__2024-10-25T20:05:31.912759+00:00, execution_date=20241025T200531, start_date=20241025T200535, end_date=20241025T200536
[2024-10-25T20:05:36.571+0000] {local_task_job_runner.py:266} INFO - Task exited with return code 0
[2024-10-25T20:05:36.661+0000] {taskinstance.py:3900} INFO - 0 downstream tasks scheduled from follow-on schedule check
[2024-10-25T20:05:36.679+0000] {local_task_job_runner.py:245} INFO - ::endgroup::
