[2024-10-25T02:14:34.715+0000] {local_task_job_runner.py:123} INFO - ::group::Pre task execution logs
[2024-10-25T02:14:34.732+0000] {taskinstance.py:2612} INFO - Dependencies all met for dep_context=non-requeueable deps ti=<TaskInstance: inserir_dados_mongodb.check_existing_data manual__2024-10-25T02:14:30.892504+00:00 [queued]>
[2024-10-25T02:14:34.741+0000] {taskinstance.py:2612} INFO - Dependencies all met for dep_context=requeueable deps ti=<TaskInstance: inserir_dados_mongodb.check_existing_data manual__2024-10-25T02:14:30.892504+00:00 [queued]>
[2024-10-25T02:14:34.742+0000] {taskinstance.py:2865} INFO - Starting attempt 1 of 2
[2024-10-25T02:14:34.759+0000] {taskinstance.py:2888} INFO - Executing <Task(PythonOperator): check_existing_data> on 2024-10-25 02:14:30.892504+00:00
[2024-10-25T02:14:34.764+0000] {warnings.py:112} WARNING - /home/***/.local/lib/python3.12/site-packages/***/task/task_runner/standard_task_runner.py:70: DeprecationWarning: This process (pid=5275) is multi-threaded, use of fork() may lead to deadlocks in the child.
  pid = os.fork()

[2024-10-25T02:14:34.766+0000] {standard_task_runner.py:72} INFO - Started process 5277 to run task
[2024-10-25T02:14:34.767+0000] {standard_task_runner.py:104} INFO - Running: ['***', 'tasks', 'run', 'inserir_dados_mongodb', 'check_existing_data', 'manual__2024-10-25T02:14:30.892504+00:00', '--job-id', '34', '--raw', '--subdir', 'DAGS_FOLDER/dag_save_mongodb_v3.py', '--cfg-path', '/tmp/tmp8hhp9096']
[2024-10-25T02:14:34.770+0000] {standard_task_runner.py:105} INFO - Job 34: Subtask check_existing_data
[2024-10-25T02:14:34.820+0000] {task_command.py:467} INFO - Running <TaskInstance: inserir_dados_mongodb.check_existing_data manual__2024-10-25T02:14:30.892504+00:00 [running]> on host a0ed19d3458a
[2024-10-25T02:14:34.927+0000] {taskinstance.py:3131} INFO - Exporting env vars: AIRFLOW_CTX_DAG_OWNER='user' AIRFLOW_CTX_DAG_ID='inserir_dados_mongodb' AIRFLOW_CTX_TASK_ID='check_existing_data' AIRFLOW_CTX_EXECUTION_DATE='2024-10-25T02:14:30.892504+00:00' AIRFLOW_CTX_TRY_NUMBER='1' AIRFLOW_CTX_DAG_RUN_ID='manual__2024-10-25T02:14:30.892504+00:00'
[2024-10-25T02:14:34.928+0000] {taskinstance.py:731} INFO - ::endgroup::
[2024-10-25T02:14:34.969+0000] {logging_mixin.py:190} INFO - Registro sem campo 'id': [
[2024-10-25T02:14:34.970+0000] {logging_mixin.py:190} INFO - Registro sem campo 'id': {
[2024-10-25T02:14:34.970+0000] {logging_mixin.py:190} INFO - Registro sem campo 'id': '
[2024-10-25T02:14:34.971+0000] {logging_mixin.py:190} INFO - Registro sem campo 'id': i
[2024-10-25T02:14:34.971+0000] {logging_mixin.py:190} INFO - Registro sem campo 'id': d
[2024-10-25T02:14:34.972+0000] {logging_mixin.py:190} INFO - Registro sem campo 'id': '
[2024-10-25T02:14:34.973+0000] {logging_mixin.py:190} INFO - Registro sem campo 'id': :
[2024-10-25T02:14:34.973+0000] {logging_mixin.py:190} INFO - Registro sem campo 'id':  
[2024-10-25T02:14:34.974+0000] {logging_mixin.py:190} INFO - Registro sem campo 'id': 1
[2024-10-25T02:14:34.975+0000] {logging_mixin.py:190} INFO - Registro sem campo 'id': ,
[2024-10-25T02:14:34.976+0000] {logging_mixin.py:190} INFO - Registro sem campo 'id':  
[2024-10-25T02:14:34.977+0000] {logging_mixin.py:190} INFO - Registro sem campo 'id': '
[2024-10-25T02:14:34.978+0000] {logging_mixin.py:190} INFO - Registro sem campo 'id': n
[2024-10-25T02:14:34.981+0000] {logging_mixin.py:190} INFO - Registro sem campo 'id': o
[2024-10-25T02:14:34.983+0000] {logging_mixin.py:190} INFO - Registro sem campo 'id': m
[2024-10-25T02:14:34.984+0000] {logging_mixin.py:190} INFO - Registro sem campo 'id': e
[2024-10-25T02:14:34.984+0000] {logging_mixin.py:190} INFO - Registro sem campo 'id': '
[2024-10-25T02:14:34.985+0000] {logging_mixin.py:190} INFO - Registro sem campo 'id': :
[2024-10-25T02:14:34.986+0000] {logging_mixin.py:190} INFO - Registro sem campo 'id':  
[2024-10-25T02:14:34.986+0000] {logging_mixin.py:190} INFO - Registro sem campo 'id': '
[2024-10-25T02:14:34.987+0000] {logging_mixin.py:190} INFO - Registro sem campo 'id': A
[2024-10-25T02:14:34.988+0000] {logging_mixin.py:190} INFO - Registro sem campo 'id': l
[2024-10-25T02:14:34.989+0000] {logging_mixin.py:190} INFO - Registro sem campo 'id': i
[2024-10-25T02:14:34.989+0000] {logging_mixin.py:190} INFO - Registro sem campo 'id': c
[2024-10-25T02:14:34.990+0000] {logging_mixin.py:190} INFO - Registro sem campo 'id': e
[2024-10-25T02:14:34.991+0000] {logging_mixin.py:190} INFO - Registro sem campo 'id':  
[2024-10-25T02:14:34.991+0000] {logging_mixin.py:190} INFO - Registro sem campo 'id': S
[2024-10-25T02:14:34.992+0000] {logging_mixin.py:190} INFO - Registro sem campo 'id': i
[2024-10-25T02:14:34.992+0000] {logging_mixin.py:190} INFO - Registro sem campo 'id': l
[2024-10-25T02:14:34.993+0000] {logging_mixin.py:190} INFO - Registro sem campo 'id': v
[2024-10-25T02:14:34.994+0000] {logging_mixin.py:190} INFO - Registro sem campo 'id': a
[2024-10-25T02:14:34.995+0000] {logging_mixin.py:190} INFO - Registro sem campo 'id': '
[2024-10-25T02:14:34.995+0000] {logging_mixin.py:190} INFO - Registro sem campo 'id': ,
[2024-10-25T02:14:34.996+0000] {logging_mixin.py:190} INFO - Registro sem campo 'id':  
[2024-10-25T02:14:34.996+0000] {logging_mixin.py:190} INFO - Registro sem campo 'id': '
[2024-10-25T02:14:34.997+0000] {logging_mixin.py:190} INFO - Registro sem campo 'id': e
[2024-10-25T02:14:34.997+0000] {logging_mixin.py:190} INFO - Registro sem campo 'id': m
[2024-10-25T02:14:34.998+0000] {logging_mixin.py:190} INFO - Registro sem campo 'id': a
[2024-10-25T02:14:34.998+0000] {logging_mixin.py:190} INFO - Registro sem campo 'id': i
[2024-10-25T02:14:34.999+0000] {logging_mixin.py:190} INFO - Registro sem campo 'id': l
[2024-10-25T02:14:35.003+0000] {logging_mixin.py:190} INFO - Registro sem campo 'id': '
[2024-10-25T02:14:35.004+0000] {logging_mixin.py:190} INFO - Registro sem campo 'id': :
[2024-10-25T02:14:35.004+0000] {logging_mixin.py:190} INFO - Registro sem campo 'id':  
[2024-10-25T02:14:35.005+0000] {logging_mixin.py:190} INFO - Registro sem campo 'id': '
[2024-10-25T02:14:35.005+0000] {logging_mixin.py:190} INFO - Registro sem campo 'id': a
[2024-10-25T02:14:35.006+0000] {logging_mixin.py:190} INFO - Registro sem campo 'id': l
[2024-10-25T02:14:35.006+0000] {logging_mixin.py:190} INFO - Registro sem campo 'id': i
[2024-10-25T02:14:35.007+0000] {logging_mixin.py:190} INFO - Registro sem campo 'id': c
[2024-10-25T02:14:35.007+0000] {logging_mixin.py:190} INFO - Registro sem campo 'id': e
[2024-10-25T02:14:35.008+0000] {logging_mixin.py:190} INFO - Registro sem campo 'id': .
[2024-10-25T02:14:35.008+0000] {logging_mixin.py:190} INFO - Registro sem campo 'id': s
[2024-10-25T02:14:35.009+0000] {logging_mixin.py:190} INFO - Registro sem campo 'id': i
[2024-10-25T02:14:35.010+0000] {logging_mixin.py:190} INFO - Registro sem campo 'id': l
[2024-10-25T02:14:35.010+0000] {logging_mixin.py:190} INFO - Registro sem campo 'id': v
[2024-10-25T02:14:35.011+0000] {logging_mixin.py:190} INFO - Registro sem campo 'id': a
[2024-10-25T02:14:35.011+0000] {logging_mixin.py:190} INFO - Registro sem campo 'id': @
[2024-10-25T02:14:35.012+0000] {logging_mixin.py:190} INFO - Registro sem campo 'id': e
[2024-10-25T02:14:35.012+0000] {logging_mixin.py:190} INFO - Registro sem campo 'id': m
[2024-10-25T02:14:35.013+0000] {logging_mixin.py:190} INFO - Registro sem campo 'id': a
[2024-10-25T02:14:35.013+0000] {logging_mixin.py:190} INFO - Registro sem campo 'id': i
[2024-10-25T02:14:35.013+0000] {logging_mixin.py:190} INFO - Registro sem campo 'id': l
[2024-10-25T02:14:35.014+0000] {logging_mixin.py:190} INFO - Registro sem campo 'id': .
[2024-10-25T02:14:35.014+0000] {logging_mixin.py:190} INFO - Registro sem campo 'id': c
[2024-10-25T02:14:35.015+0000] {logging_mixin.py:190} INFO - Registro sem campo 'id': o
[2024-10-25T02:14:35.015+0000] {logging_mixin.py:190} INFO - Registro sem campo 'id': m
[2024-10-25T02:14:35.015+0000] {logging_mixin.py:190} INFO - Registro sem campo 'id': '
[2024-10-25T02:14:35.016+0000] {logging_mixin.py:190} INFO - Registro sem campo 'id': ,
[2024-10-25T02:14:35.016+0000] {logging_mixin.py:190} INFO - Registro sem campo 'id':  
[2024-10-25T02:14:35.017+0000] {logging_mixin.py:190} INFO - Registro sem campo 'id': '
[2024-10-25T02:14:35.017+0000] {logging_mixin.py:190} INFO - Registro sem campo 'id': t
[2024-10-25T02:14:35.017+0000] {logging_mixin.py:190} INFO - Registro sem campo 'id': e
[2024-10-25T02:14:35.018+0000] {logging_mixin.py:190} INFO - Registro sem campo 'id': l
[2024-10-25T02:14:35.018+0000] {logging_mixin.py:190} INFO - Registro sem campo 'id': e
[2024-10-25T02:14:35.019+0000] {logging_mixin.py:190} INFO - Registro sem campo 'id': f
[2024-10-25T02:14:35.019+0000] {logging_mixin.py:190} INFO - Registro sem campo 'id': o
[2024-10-25T02:14:35.020+0000] {logging_mixin.py:190} INFO - Registro sem campo 'id': n
[2024-10-25T02:14:35.020+0000] {logging_mixin.py:190} INFO - Registro sem campo 'id': e
[2024-10-25T02:14:35.021+0000] {logging_mixin.py:190} INFO - Registro sem campo 'id': '
[2024-10-25T02:14:35.021+0000] {logging_mixin.py:190} INFO - Registro sem campo 'id': :
[2024-10-25T02:14:35.022+0000] {logging_mixin.py:190} INFO - Registro sem campo 'id':  
[2024-10-25T02:14:35.022+0000] {logging_mixin.py:190} INFO - Registro sem campo 'id': '
[2024-10-25T02:14:35.022+0000] {logging_mixin.py:190} INFO - Registro sem campo 'id': (
[2024-10-25T02:14:35.023+0000] {logging_mixin.py:190} INFO - Registro sem campo 'id': 1
[2024-10-25T02:14:35.023+0000] {logging_mixin.py:190} INFO - Registro sem campo 'id': 1
[2024-10-25T02:14:35.024+0000] {logging_mixin.py:190} INFO - Registro sem campo 'id': )
[2024-10-25T02:14:35.024+0000] {logging_mixin.py:190} INFO - Registro sem campo 'id':  
[2024-10-25T02:14:35.025+0000] {logging_mixin.py:190} INFO - Registro sem campo 'id': 9
[2024-10-25T02:14:35.025+0000] {logging_mixin.py:190} INFO - Registro sem campo 'id': 8
[2024-10-25T02:14:35.025+0000] {logging_mixin.py:190} INFO - Registro sem campo 'id': 7
[2024-10-25T02:14:35.026+0000] {logging_mixin.py:190} INFO - Registro sem campo 'id': 6
[2024-10-25T02:14:35.026+0000] {logging_mixin.py:190} INFO - Registro sem campo 'id': 5
[2024-10-25T02:14:35.026+0000] {logging_mixin.py:190} INFO - Registro sem campo 'id': -
[2024-10-25T02:14:35.027+0000] {logging_mixin.py:190} INFO - Registro sem campo 'id': 4
[2024-10-25T02:14:35.027+0000] {logging_mixin.py:190} INFO - Registro sem campo 'id': 3
[2024-10-25T02:14:35.028+0000] {logging_mixin.py:190} INFO - Registro sem campo 'id': 2
[2024-10-25T02:14:35.028+0000] {logging_mixin.py:190} INFO - Registro sem campo 'id': 1
[2024-10-25T02:14:35.028+0000] {logging_mixin.py:190} INFO - Registro sem campo 'id': '
[2024-10-25T02:14:35.029+0000] {logging_mixin.py:190} INFO - Registro sem campo 'id': ,
[2024-10-25T02:14:35.029+0000] {logging_mixin.py:190} INFO - Registro sem campo 'id':  
[2024-10-25T02:14:35.029+0000] {logging_mixin.py:190} INFO - Registro sem campo 'id': '
[2024-10-25T02:14:35.030+0000] {logging_mixin.py:190} INFO - Registro sem campo 'id': d
[2024-10-25T02:14:35.030+0000] {logging_mixin.py:190} INFO - Registro sem campo 'id': a
[2024-10-25T02:14:35.030+0000] {logging_mixin.py:190} INFO - Registro sem campo 'id': t
[2024-10-25T02:14:35.031+0000] {logging_mixin.py:190} INFO - Registro sem campo 'id': a
[2024-10-25T02:14:35.031+0000] {logging_mixin.py:190} INFO - Registro sem campo 'id': _
[2024-10-25T02:14:35.031+0000] {logging_mixin.py:190} INFO - Registro sem campo 'id': n
[2024-10-25T02:14:35.032+0000] {logging_mixin.py:190} INFO - Registro sem campo 'id': a
[2024-10-25T02:14:35.032+0000] {logging_mixin.py:190} INFO - Registro sem campo 'id': s
[2024-10-25T02:14:35.032+0000] {logging_mixin.py:190} INFO - Registro sem campo 'id': c
[2024-10-25T02:14:35.033+0000] {logging_mixin.py:190} INFO - Registro sem campo 'id': i
[2024-10-25T02:14:35.033+0000] {logging_mixin.py:190} INFO - Registro sem campo 'id': m
[2024-10-25T02:14:35.034+0000] {logging_mixin.py:190} INFO - Registro sem campo 'id': e
[2024-10-25T02:14:35.034+0000] {logging_mixin.py:190} INFO - Registro sem campo 'id': n
[2024-10-25T02:14:35.034+0000] {logging_mixin.py:190} INFO - Registro sem campo 'id': t
[2024-10-25T02:14:35.035+0000] {logging_mixin.py:190} INFO - Registro sem campo 'id': o
[2024-10-25T02:14:35.035+0000] {logging_mixin.py:190} INFO - Registro sem campo 'id': '
[2024-10-25T02:14:35.036+0000] {logging_mixin.py:190} INFO - Registro sem campo 'id': :
[2024-10-25T02:14:35.036+0000] {logging_mixin.py:190} INFO - Registro sem campo 'id':  
[2024-10-25T02:14:35.036+0000] {logging_mixin.py:190} INFO - Registro sem campo 'id': '
[2024-10-25T02:14:35.037+0000] {logging_mixin.py:190} INFO - Registro sem campo 'id': 1
[2024-10-25T02:14:35.037+0000] {logging_mixin.py:190} INFO - Registro sem campo 'id': 9
[2024-10-25T02:14:35.038+0000] {logging_mixin.py:190} INFO - Registro sem campo 'id': 9
[2024-10-25T02:14:35.038+0000] {logging_mixin.py:190} INFO - Registro sem campo 'id': 0
[2024-10-25T02:14:35.038+0000] {logging_mixin.py:190} INFO - Registro sem campo 'id': -
[2024-10-25T02:14:35.039+0000] {logging_mixin.py:190} INFO - Registro sem campo 'id': 0
[2024-10-25T02:14:35.039+0000] {logging_mixin.py:190} INFO - Registro sem campo 'id': 5
[2024-10-25T02:14:35.040+0000] {logging_mixin.py:190} INFO - Registro sem campo 'id': -
[2024-10-25T02:14:35.040+0000] {logging_mixin.py:190} INFO - Registro sem campo 'id': 1
[2024-10-25T02:14:35.041+0000] {logging_mixin.py:190} INFO - Registro sem campo 'id': 2
[2024-10-25T02:14:35.042+0000] {logging_mixin.py:190} INFO - Registro sem campo 'id': '
[2024-10-25T02:14:35.042+0000] {logging_mixin.py:190} INFO - Registro sem campo 'id': ,
[2024-10-25T02:14:35.042+0000] {logging_mixin.py:190} INFO - Registro sem campo 'id':  
[2024-10-25T02:14:35.043+0000] {logging_mixin.py:190} INFO - Registro sem campo 'id': '
[2024-10-25T02:14:35.043+0000] {logging_mixin.py:190} INFO - Registro sem campo 'id': s
[2024-10-25T02:14:35.043+0000] {logging_mixin.py:190} INFO - Registro sem campo 'id': e
[2024-10-25T02:14:35.044+0000] {logging_mixin.py:190} INFO - Registro sem campo 'id': x
[2024-10-25T02:14:35.044+0000] {logging_mixin.py:190} INFO - Registro sem campo 'id': o
[2024-10-25T02:14:35.045+0000] {logging_mixin.py:190} INFO - Registro sem campo 'id': '
[2024-10-25T02:14:35.045+0000] {logging_mixin.py:190} INFO - Registro sem campo 'id': :
[2024-10-25T02:14:35.045+0000] {logging_mixin.py:190} INFO - Registro sem campo 'id':  
[2024-10-25T02:14:35.046+0000] {logging_mixin.py:190} INFO - Registro sem campo 'id': '
[2024-10-25T02:14:35.046+0000] {logging_mixin.py:190} INFO - Registro sem campo 'id': F
[2024-10-25T02:14:35.047+0000] {logging_mixin.py:190} INFO - Registro sem campo 'id': e
[2024-10-25T02:14:35.047+0000] {logging_mixin.py:190} INFO - Registro sem campo 'id': m
[2024-10-25T02:14:35.047+0000] {logging_mixin.py:190} INFO - Registro sem campo 'id': i
[2024-10-25T02:14:35.048+0000] {logging_mixin.py:190} INFO - Registro sem campo 'id': n
[2024-10-25T02:14:35.048+0000] {logging_mixin.py:190} INFO - Registro sem campo 'id': i
[2024-10-25T02:14:35.049+0000] {logging_mixin.py:190} INFO - Registro sem campo 'id': n
[2024-10-25T02:14:35.049+0000] {logging_mixin.py:190} INFO - Registro sem campo 'id': o
[2024-10-25T02:14:35.049+0000] {logging_mixin.py:190} INFO - Registro sem campo 'id': '
[2024-10-25T02:14:35.050+0000] {logging_mixin.py:190} INFO - Registro sem campo 'id': ,
[2024-10-25T02:14:35.050+0000] {logging_mixin.py:190} INFO - Registro sem campo 'id':  
[2024-10-25T02:14:35.050+0000] {logging_mixin.py:190} INFO - Registro sem campo 'id': '
[2024-10-25T02:14:35.051+0000] {logging_mixin.py:190} INFO - Registro sem campo 'id': c
[2024-10-25T02:14:35.051+0000] {logging_mixin.py:190} INFO - Registro sem campo 'id': i
[2024-10-25T02:14:35.052+0000] {logging_mixin.py:190} INFO - Registro sem campo 'id': d
[2024-10-25T02:14:35.052+0000] {logging_mixin.py:190} INFO - Registro sem campo 'id': a
[2024-10-25T02:14:35.052+0000] {logging_mixin.py:190} INFO - Registro sem campo 'id': d
[2024-10-25T02:14:35.053+0000] {logging_mixin.py:190} INFO - Registro sem campo 'id': e
[2024-10-25T02:14:35.053+0000] {logging_mixin.py:190} INFO - Registro sem campo 'id': '
[2024-10-25T02:14:35.054+0000] {logging_mixin.py:190} INFO - Registro sem campo 'id': :
[2024-10-25T02:14:35.054+0000] {logging_mixin.py:190} INFO - Registro sem campo 'id':  
[2024-10-25T02:14:35.054+0000] {logging_mixin.py:190} INFO - Registro sem campo 'id': '
[2024-10-25T02:14:35.055+0000] {logging_mixin.py:190} INFO - Registro sem campo 'id': S
[2024-10-25T02:14:35.055+0000] {logging_mixin.py:190} INFO - Registro sem campo 'id': Ã
[2024-10-25T02:14:35.056+0000] {logging_mixin.py:190} INFO - Registro sem campo 'id': £
[2024-10-25T02:14:35.056+0000] {logging_mixin.py:190} INFO - Registro sem campo 'id': o
[2024-10-25T02:14:35.057+0000] {logging_mixin.py:190} INFO - Registro sem campo 'id':  
[2024-10-25T02:14:35.057+0000] {logging_mixin.py:190} INFO - Registro sem campo 'id': P
[2024-10-25T02:14:35.057+0000] {logging_mixin.py:190} INFO - Registro sem campo 'id': a
[2024-10-25T02:14:35.058+0000] {logging_mixin.py:190} INFO - Registro sem campo 'id': u
[2024-10-25T02:14:35.059+0000] {logging_mixin.py:190} INFO - Registro sem campo 'id': l
[2024-10-25T02:14:35.059+0000] {logging_mixin.py:190} INFO - Registro sem campo 'id': o
[2024-10-25T02:14:35.059+0000] {logging_mixin.py:190} INFO - Registro sem campo 'id': '
[2024-10-25T02:14:35.060+0000] {logging_mixin.py:190} INFO - Registro sem campo 'id': ,
[2024-10-25T02:14:35.060+0000] {logging_mixin.py:190} INFO - Registro sem campo 'id':  
[2024-10-25T02:14:35.061+0000] {logging_mixin.py:190} INFO - Registro sem campo 'id': '
[2024-10-25T02:14:35.061+0000] {logging_mixin.py:190} INFO - Registro sem campo 'id': e
[2024-10-25T02:14:35.061+0000] {logging_mixin.py:190} INFO - Registro sem campo 'id': s
[2024-10-25T02:14:35.062+0000] {logging_mixin.py:190} INFO - Registro sem campo 'id': t
[2024-10-25T02:14:35.062+0000] {logging_mixin.py:190} INFO - Registro sem campo 'id': a
[2024-10-25T02:14:35.063+0000] {logging_mixin.py:190} INFO - Registro sem campo 'id': d
[2024-10-25T02:14:35.063+0000] {logging_mixin.py:190} INFO - Registro sem campo 'id': o
[2024-10-25T02:14:35.064+0000] {logging_mixin.py:190} INFO - Registro sem campo 'id': '
[2024-10-25T02:14:35.064+0000] {logging_mixin.py:190} INFO - Registro sem campo 'id': :
[2024-10-25T02:14:35.065+0000] {logging_mixin.py:190} INFO - Registro sem campo 'id':  
[2024-10-25T02:14:35.065+0000] {logging_mixin.py:190} INFO - Registro sem campo 'id': '
[2024-10-25T02:14:35.065+0000] {logging_mixin.py:190} INFO - Registro sem campo 'id': S
[2024-10-25T02:14:35.066+0000] {logging_mixin.py:190} INFO - Registro sem campo 'id': P
[2024-10-25T02:14:35.066+0000] {logging_mixin.py:190} INFO - Registro sem campo 'id': '
[2024-10-25T02:14:35.067+0000] {logging_mixin.py:190} INFO - Registro sem campo 'id': }
[2024-10-25T02:14:35.067+0000] {logging_mixin.py:190} INFO - Registro sem campo 'id': ,
[2024-10-25T02:14:35.068+0000] {logging_mixin.py:190} INFO - Registro sem campo 'id':  
[2024-10-25T02:14:35.068+0000] {logging_mixin.py:190} INFO - Registro sem campo 'id': {
[2024-10-25T02:14:35.068+0000] {logging_mixin.py:190} INFO - Registro sem campo 'id': '
[2024-10-25T02:14:35.069+0000] {logging_mixin.py:190} INFO - Registro sem campo 'id': i
[2024-10-25T02:14:35.069+0000] {logging_mixin.py:190} INFO - Registro sem campo 'id': d
[2024-10-25T02:14:35.069+0000] {logging_mixin.py:190} INFO - Registro sem campo 'id': '
[2024-10-25T02:14:35.070+0000] {logging_mixin.py:190} INFO - Registro sem campo 'id': :
[2024-10-25T02:14:35.070+0000] {logging_mixin.py:190} INFO - Registro sem campo 'id':  
[2024-10-25T02:14:35.071+0000] {logging_mixin.py:190} INFO - Registro sem campo 'id': 2
[2024-10-25T02:14:35.071+0000] {logging_mixin.py:190} INFO - Registro sem campo 'id': ,
[2024-10-25T02:14:35.071+0000] {logging_mixin.py:190} INFO - Registro sem campo 'id':  
[2024-10-25T02:14:35.072+0000] {logging_mixin.py:190} INFO - Registro sem campo 'id': '
[2024-10-25T02:14:35.072+0000] {logging_mixin.py:190} INFO - Registro sem campo 'id': n
[2024-10-25T02:14:35.073+0000] {logging_mixin.py:190} INFO - Registro sem campo 'id': o
[2024-10-25T02:14:35.073+0000] {logging_mixin.py:190} INFO - Registro sem campo 'id': m
[2024-10-25T02:14:35.074+0000] {logging_mixin.py:190} INFO - Registro sem campo 'id': e
[2024-10-25T02:14:35.074+0000] {logging_mixin.py:190} INFO - Registro sem campo 'id': '
[2024-10-25T02:14:35.075+0000] {logging_mixin.py:190} INFO - Registro sem campo 'id': :
[2024-10-25T02:14:35.075+0000] {logging_mixin.py:190} INFO - Registro sem campo 'id':  
[2024-10-25T02:14:35.076+0000] {logging_mixin.py:190} INFO - Registro sem campo 'id': '
[2024-10-25T02:14:35.076+0000] {logging_mixin.py:190} INFO - Registro sem campo 'id': B
[2024-10-25T02:14:35.077+0000] {logging_mixin.py:190} INFO - Registro sem campo 'id': o
[2024-10-25T02:14:35.078+0000] {logging_mixin.py:190} INFO - Registro sem campo 'id': b
[2024-10-25T02:14:35.079+0000] {logging_mixin.py:190} INFO - Registro sem campo 'id':  
[2024-10-25T02:14:35.079+0000] {logging_mixin.py:190} INFO - Registro sem campo 'id': O
[2024-10-25T02:14:35.080+0000] {logging_mixin.py:190} INFO - Registro sem campo 'id': l
[2024-10-25T02:14:35.081+0000] {logging_mixin.py:190} INFO - Registro sem campo 'id': i
[2024-10-25T02:14:35.082+0000] {logging_mixin.py:190} INFO - Registro sem campo 'id': v
[2024-10-25T02:14:35.082+0000] {logging_mixin.py:190} INFO - Registro sem campo 'id': e
[2024-10-25T02:14:35.083+0000] {logging_mixin.py:190} INFO - Registro sem campo 'id': i
[2024-10-25T02:14:35.083+0000] {logging_mixin.py:190} INFO - Registro sem campo 'id': r
[2024-10-25T02:14:35.084+0000] {logging_mixin.py:190} INFO - Registro sem campo 'id': a
[2024-10-25T02:14:35.084+0000] {logging_mixin.py:190} INFO - Registro sem campo 'id': '
[2024-10-25T02:14:35.085+0000] {logging_mixin.py:190} INFO - Registro sem campo 'id': ,
[2024-10-25T02:14:35.085+0000] {logging_mixin.py:190} INFO - Registro sem campo 'id':  
[2024-10-25T02:14:35.086+0000] {logging_mixin.py:190} INFO - Registro sem campo 'id': '
[2024-10-25T02:14:35.087+0000] {logging_mixin.py:190} INFO - Registro sem campo 'id': e
[2024-10-25T02:14:35.087+0000] {logging_mixin.py:190} INFO - Registro sem campo 'id': m
[2024-10-25T02:14:35.088+0000] {logging_mixin.py:190} INFO - Registro sem campo 'id': a
[2024-10-25T02:14:35.088+0000] {logging_mixin.py:190} INFO - Registro sem campo 'id': i
[2024-10-25T02:14:35.089+0000] {logging_mixin.py:190} INFO - Registro sem campo 'id': l
[2024-10-25T02:14:35.089+0000] {logging_mixin.py:190} INFO - Registro sem campo 'id': '
[2024-10-25T02:14:35.090+0000] {logging_mixin.py:190} INFO - Registro sem campo 'id': :
[2024-10-25T02:14:35.090+0000] {logging_mixin.py:190} INFO - Registro sem campo 'id':  
[2024-10-25T02:14:35.091+0000] {logging_mixin.py:190} INFO - Registro sem campo 'id': '
[2024-10-25T02:14:35.091+0000] {logging_mixin.py:190} INFO - Registro sem campo 'id': b
[2024-10-25T02:14:35.092+0000] {logging_mixin.py:190} INFO - Registro sem campo 'id': o
[2024-10-25T02:14:35.092+0000] {logging_mixin.py:190} INFO - Registro sem campo 'id': b
[2024-10-25T02:14:35.093+0000] {logging_mixin.py:190} INFO - Registro sem campo 'id': .
[2024-10-25T02:14:35.093+0000] {logging_mixin.py:190} INFO - Registro sem campo 'id': o
[2024-10-25T02:14:35.094+0000] {logging_mixin.py:190} INFO - Registro sem campo 'id': l
[2024-10-25T02:14:35.095+0000] {logging_mixin.py:190} INFO - Registro sem campo 'id': i
[2024-10-25T02:14:35.096+0000] {logging_mixin.py:190} INFO - Registro sem campo 'id': v
[2024-10-25T02:14:35.096+0000] {logging_mixin.py:190} INFO - Registro sem campo 'id': e
[2024-10-25T02:14:35.099+0000] {logging_mixin.py:190} INFO - Registro sem campo 'id': i
[2024-10-25T02:14:35.100+0000] {logging_mixin.py:190} INFO - Registro sem campo 'id': r
[2024-10-25T02:14:35.100+0000] {logging_mixin.py:190} INFO - Registro sem campo 'id': a
[2024-10-25T02:14:35.101+0000] {logging_mixin.py:190} INFO - Registro sem campo 'id': @
[2024-10-25T02:14:35.102+0000] {logging_mixin.py:190} INFO - Registro sem campo 'id': e
[2024-10-25T02:14:35.103+0000] {logging_mixin.py:190} INFO - Registro sem campo 'id': m
[2024-10-25T02:14:35.104+0000] {logging_mixin.py:190} INFO - Registro sem campo 'id': a
[2024-10-25T02:14:35.103+0000] {logging_mixin.py:190} INFO - Registro sem campo 'id': i
[2024-10-25T02:14:35.104+0000] {logging_mixin.py:190} INFO - Registro sem campo 'id': l
[2024-10-25T02:14:35.105+0000] {logging_mixin.py:190} INFO - Registro sem campo 'id': .
[2024-10-25T02:14:35.105+0000] {logging_mixin.py:190} INFO - Registro sem campo 'id': c
[2024-10-25T02:14:35.106+0000] {logging_mixin.py:190} INFO - Registro sem campo 'id': o
[2024-10-25T02:14:35.107+0000] {logging_mixin.py:190} INFO - Registro sem campo 'id': m
[2024-10-25T02:14:35.107+0000] {logging_mixin.py:190} INFO - Registro sem campo 'id': '
[2024-10-25T02:14:35.108+0000] {logging_mixin.py:190} INFO - Registro sem campo 'id': ,
[2024-10-25T02:14:35.108+0000] {logging_mixin.py:190} INFO - Registro sem campo 'id':  
[2024-10-25T02:14:35.109+0000] {logging_mixin.py:190} INFO - Registro sem campo 'id': '
[2024-10-25T02:14:35.109+0000] {logging_mixin.py:190} INFO - Registro sem campo 'id': t
[2024-10-25T02:14:35.110+0000] {logging_mixin.py:190} INFO - Registro sem campo 'id': e
[2024-10-25T02:14:35.110+0000] {logging_mixin.py:190} INFO - Registro sem campo 'id': l
[2024-10-25T02:14:35.111+0000] {logging_mixin.py:190} INFO - Registro sem campo 'id': e
[2024-10-25T02:14:35.111+0000] {logging_mixin.py:190} INFO - Registro sem campo 'id': f
[2024-10-25T02:14:35.112+0000] {logging_mixin.py:190} INFO - Registro sem campo 'id': o
[2024-10-25T02:14:35.112+0000] {logging_mixin.py:190} INFO - Registro sem campo 'id': n
[2024-10-25T02:14:35.113+0000] {logging_mixin.py:190} INFO - Registro sem campo 'id': e
[2024-10-25T02:14:35.113+0000] {logging_mixin.py:190} INFO - Registro sem campo 'id': '
[2024-10-25T02:14:35.113+0000] {logging_mixin.py:190} INFO - Registro sem campo 'id': :
[2024-10-25T02:14:35.114+0000] {logging_mixin.py:190} INFO - Registro sem campo 'id':  
[2024-10-25T02:14:35.114+0000] {logging_mixin.py:190} INFO - Registro sem campo 'id': '
[2024-10-25T02:14:35.115+0000] {logging_mixin.py:190} INFO - Registro sem campo 'id': (
[2024-10-25T02:14:35.115+0000] {logging_mixin.py:190} INFO - Registro sem campo 'id': 2
[2024-10-25T02:14:35.115+0000] {logging_mixin.py:190} INFO - Registro sem campo 'id': 1
[2024-10-25T02:14:35.116+0000] {logging_mixin.py:190} INFO - Registro sem campo 'id': )
[2024-10-25T02:14:35.116+0000] {logging_mixin.py:190} INFO - Registro sem campo 'id':  
[2024-10-25T02:14:35.117+0000] {logging_mixin.py:190} INFO - Registro sem campo 'id': 9
[2024-10-25T02:14:35.117+0000] {logging_mixin.py:190} INFO - Registro sem campo 'id': 7
[2024-10-25T02:14:35.117+0000] {logging_mixin.py:190} INFO - Registro sem campo 'id': 6
[2024-10-25T02:14:35.118+0000] {logging_mixin.py:190} INFO - Registro sem campo 'id': 5
[2024-10-25T02:14:35.118+0000] {logging_mixin.py:190} INFO - Registro sem campo 'id': 4
[2024-10-25T02:14:35.119+0000] {logging_mixin.py:190} INFO - Registro sem campo 'id': -
[2024-10-25T02:14:35.119+0000] {logging_mixin.py:190} INFO - Registro sem campo 'id': 3
[2024-10-25T02:14:35.120+0000] {logging_mixin.py:190} INFO - Registro sem campo 'id': 2
[2024-10-25T02:14:35.120+0000] {logging_mixin.py:190} INFO - Registro sem campo 'id': 1
[2024-10-25T02:14:35.121+0000] {logging_mixin.py:190} INFO - Registro sem campo 'id': 0
[2024-10-25T02:14:35.121+0000] {logging_mixin.py:190} INFO - Registro sem campo 'id': '
[2024-10-25T02:14:35.122+0000] {logging_mixin.py:190} INFO - Registro sem campo 'id': ,
[2024-10-25T02:14:35.122+0000] {logging_mixin.py:190} INFO - Registro sem campo 'id':  
[2024-10-25T02:14:35.122+0000] {logging_mixin.py:190} INFO - Registro sem campo 'id': '
[2024-10-25T02:14:35.123+0000] {logging_mixin.py:190} INFO - Registro sem campo 'id': d
[2024-10-25T02:14:35.123+0000] {logging_mixin.py:190} INFO - Registro sem campo 'id': a
[2024-10-25T02:14:35.123+0000] {logging_mixin.py:190} INFO - Registro sem campo 'id': t
[2024-10-25T02:14:35.124+0000] {logging_mixin.py:190} INFO - Registro sem campo 'id': a
[2024-10-25T02:14:35.124+0000] {logging_mixin.py:190} INFO - Registro sem campo 'id': _
[2024-10-25T02:14:35.125+0000] {logging_mixin.py:190} INFO - Registro sem campo 'id': n
[2024-10-25T02:14:35.125+0000] {logging_mixin.py:190} INFO - Registro sem campo 'id': a
[2024-10-25T02:14:35.126+0000] {logging_mixin.py:190} INFO - Registro sem campo 'id': s
[2024-10-25T02:14:35.126+0000] {logging_mixin.py:190} INFO - Registro sem campo 'id': c
[2024-10-25T02:14:35.127+0000] {logging_mixin.py:190} INFO - Registro sem campo 'id': i
[2024-10-25T02:14:35.127+0000] {logging_mixin.py:190} INFO - Registro sem campo 'id': m
[2024-10-25T02:14:35.127+0000] {logging_mixin.py:190} INFO - Registro sem campo 'id': e
[2024-10-25T02:14:35.128+0000] {logging_mixin.py:190} INFO - Registro sem campo 'id': n
[2024-10-25T02:14:35.128+0000] {logging_mixin.py:190} INFO - Registro sem campo 'id': t
[2024-10-25T02:14:35.129+0000] {logging_mixin.py:190} INFO - Registro sem campo 'id': o
[2024-10-25T02:14:35.129+0000] {logging_mixin.py:190} INFO - Registro sem campo 'id': '
[2024-10-25T02:14:35.130+0000] {logging_mixin.py:190} INFO - Registro sem campo 'id': :
[2024-10-25T02:14:35.130+0000] {logging_mixin.py:190} INFO - Registro sem campo 'id':  
[2024-10-25T02:14:35.131+0000] {logging_mixin.py:190} INFO - Registro sem campo 'id': '
[2024-10-25T02:14:35.131+0000] {logging_mixin.py:190} INFO - Registro sem campo 'id': 1
[2024-10-25T02:14:35.131+0000] {logging_mixin.py:190} INFO - Registro sem campo 'id': 9
[2024-10-25T02:14:35.132+0000] {logging_mixin.py:190} INFO - Registro sem campo 'id': 8
[2024-10-25T02:14:35.133+0000] {logging_mixin.py:190} INFO - Registro sem campo 'id': 5
[2024-10-25T02:14:35.133+0000] {logging_mixin.py:190} INFO - Registro sem campo 'id': -
[2024-10-25T02:14:35.134+0000] {logging_mixin.py:190} INFO - Registro sem campo 'id': 0
[2024-10-25T02:14:35.134+0000] {logging_mixin.py:190} INFO - Registro sem campo 'id': 8
[2024-10-25T02:14:35.134+0000] {logging_mixin.py:190} INFO - Registro sem campo 'id': -
[2024-10-25T02:14:35.135+0000] {logging_mixin.py:190} INFO - Registro sem campo 'id': 2
[2024-10-25T02:14:35.135+0000] {logging_mixin.py:190} INFO - Registro sem campo 'id': 3
[2024-10-25T02:14:35.136+0000] {logging_mixin.py:190} INFO - Registro sem campo 'id': '
[2024-10-25T02:14:35.136+0000] {logging_mixin.py:190} INFO - Registro sem campo 'id': ,
[2024-10-25T02:14:35.137+0000] {logging_mixin.py:190} INFO - Registro sem campo 'id':  
[2024-10-25T02:14:35.137+0000] {logging_mixin.py:190} INFO - Registro sem campo 'id': '
[2024-10-25T02:14:35.138+0000] {logging_mixin.py:190} INFO - Registro sem campo 'id': s
[2024-10-25T02:14:35.138+0000] {logging_mixin.py:190} INFO - Registro sem campo 'id': e
[2024-10-25T02:14:35.138+0000] {logging_mixin.py:190} INFO - Registro sem campo 'id': x
[2024-10-25T02:14:35.139+0000] {logging_mixin.py:190} INFO - Registro sem campo 'id': o
[2024-10-25T02:14:35.139+0000] {logging_mixin.py:190} INFO - Registro sem campo 'id': '
[2024-10-25T02:14:35.140+0000] {logging_mixin.py:190} INFO - Registro sem campo 'id': :
[2024-10-25T02:14:35.140+0000] {logging_mixin.py:190} INFO - Registro sem campo 'id':  
[2024-10-25T02:14:35.141+0000] {logging_mixin.py:190} INFO - Registro sem campo 'id': '
[2024-10-25T02:14:35.141+0000] {logging_mixin.py:190} INFO - Registro sem campo 'id': M
[2024-10-25T02:14:35.142+0000] {logging_mixin.py:190} INFO - Registro sem campo 'id': a
[2024-10-25T02:14:35.142+0000] {logging_mixin.py:190} INFO - Registro sem campo 'id': s
[2024-10-25T02:14:35.143+0000] {logging_mixin.py:190} INFO - Registro sem campo 'id': c
[2024-10-25T02:14:35.143+0000] {logging_mixin.py:190} INFO - Registro sem campo 'id': u
[2024-10-25T02:14:35.143+0000] {logging_mixin.py:190} INFO - Registro sem campo 'id': l
[2024-10-25T02:14:35.144+0000] {logging_mixin.py:190} INFO - Registro sem campo 'id': i
[2024-10-25T02:14:35.144+0000] {logging_mixin.py:190} INFO - Registro sem campo 'id': n
[2024-10-25T02:14:35.144+0000] {logging_mixin.py:190} INFO - Registro sem campo 'id': o
[2024-10-25T02:14:35.145+0000] {logging_mixin.py:190} INFO - Registro sem campo 'id': '
[2024-10-25T02:14:35.145+0000] {logging_mixin.py:190} INFO - Registro sem campo 'id': ,
[2024-10-25T02:14:35.146+0000] {logging_mixin.py:190} INFO - Registro sem campo 'id':  
[2024-10-25T02:14:35.146+0000] {logging_mixin.py:190} INFO - Registro sem campo 'id': '
[2024-10-25T02:14:35.147+0000] {logging_mixin.py:190} INFO - Registro sem campo 'id': c
[2024-10-25T02:14:35.147+0000] {logging_mixin.py:190} INFO - Registro sem campo 'id': i
[2024-10-25T02:14:35.148+0000] {logging_mixin.py:190} INFO - Registro sem campo 'id': d
[2024-10-25T02:14:35.148+0000] {logging_mixin.py:190} INFO - Registro sem campo 'id': a
[2024-10-25T02:14:35.148+0000] {logging_mixin.py:190} INFO - Registro sem campo 'id': d
[2024-10-25T02:14:35.149+0000] {logging_mixin.py:190} INFO - Registro sem campo 'id': e
[2024-10-25T02:14:35.149+0000] {logging_mixin.py:190} INFO - Registro sem campo 'id': '
[2024-10-25T02:14:35.149+0000] {logging_mixin.py:190} INFO - Registro sem campo 'id': :
[2024-10-25T02:14:35.150+0000] {logging_mixin.py:190} INFO - Registro sem campo 'id':  
[2024-10-25T02:14:35.150+0000] {logging_mixin.py:190} INFO - Registro sem campo 'id': '
[2024-10-25T02:14:35.150+0000] {logging_mixin.py:190} INFO - Registro sem campo 'id': R
[2024-10-25T02:14:35.151+0000] {logging_mixin.py:190} INFO - Registro sem campo 'id': i
[2024-10-25T02:14:35.151+0000] {logging_mixin.py:190} INFO - Registro sem campo 'id': o
[2024-10-25T02:14:35.151+0000] {logging_mixin.py:190} INFO - Registro sem campo 'id':  
[2024-10-25T02:14:35.152+0000] {logging_mixin.py:190} INFO - Registro sem campo 'id': d
[2024-10-25T02:14:35.152+0000] {logging_mixin.py:190} INFO - Registro sem campo 'id': e
[2024-10-25T02:14:35.152+0000] {logging_mixin.py:190} INFO - Registro sem campo 'id':  
[2024-10-25T02:14:35.152+0000] {logging_mixin.py:190} INFO - Registro sem campo 'id': J
[2024-10-25T02:14:35.153+0000] {logging_mixin.py:190} INFO - Registro sem campo 'id': a
[2024-10-25T02:14:35.153+0000] {logging_mixin.py:190} INFO - Registro sem campo 'id': n
[2024-10-25T02:14:35.153+0000] {logging_mixin.py:190} INFO - Registro sem campo 'id': e
[2024-10-25T02:14:35.154+0000] {logging_mixin.py:190} INFO - Registro sem campo 'id': i
[2024-10-25T02:14:35.154+0000] {logging_mixin.py:190} INFO - Registro sem campo 'id': r
[2024-10-25T02:14:35.154+0000] {logging_mixin.py:190} INFO - Registro sem campo 'id': o
[2024-10-25T02:14:35.155+0000] {logging_mixin.py:190} INFO - Registro sem campo 'id': '
[2024-10-25T02:14:35.155+0000] {logging_mixin.py:190} INFO - Registro sem campo 'id': ,
[2024-10-25T02:14:35.155+0000] {logging_mixin.py:190} INFO - Registro sem campo 'id':  
[2024-10-25T02:14:35.156+0000] {logging_mixin.py:190} INFO - Registro sem campo 'id': '
[2024-10-25T02:14:35.156+0000] {logging_mixin.py:190} INFO - Registro sem campo 'id': e
[2024-10-25T02:14:35.157+0000] {logging_mixin.py:190} INFO - Registro sem campo 'id': s
[2024-10-25T02:14:35.157+0000] {logging_mixin.py:190} INFO - Registro sem campo 'id': t
[2024-10-25T02:14:35.157+0000] {logging_mixin.py:190} INFO - Registro sem campo 'id': a
[2024-10-25T02:14:35.158+0000] {logging_mixin.py:190} INFO - Registro sem campo 'id': d
[2024-10-25T02:14:35.158+0000] {logging_mixin.py:190} INFO - Registro sem campo 'id': o
[2024-10-25T02:14:35.158+0000] {logging_mixin.py:190} INFO - Registro sem campo 'id': '
[2024-10-25T02:14:35.158+0000] {logging_mixin.py:190} INFO - Registro sem campo 'id': :
[2024-10-25T02:14:35.159+0000] {logging_mixin.py:190} INFO - Registro sem campo 'id':  
[2024-10-25T02:14:35.159+0000] {logging_mixin.py:190} INFO - Registro sem campo 'id': '
[2024-10-25T02:14:35.159+0000] {logging_mixin.py:190} INFO - Registro sem campo 'id': R
[2024-10-25T02:14:35.160+0000] {logging_mixin.py:190} INFO - Registro sem campo 'id': J
[2024-10-25T02:14:35.160+0000] {logging_mixin.py:190} INFO - Registro sem campo 'id': '
[2024-10-25T02:14:35.160+0000] {logging_mixin.py:190} INFO - Registro sem campo 'id': }
[2024-10-25T02:14:35.161+0000] {logging_mixin.py:190} INFO - Registro sem campo 'id': ,
[2024-10-25T02:14:35.161+0000] {logging_mixin.py:190} INFO - Registro sem campo 'id':  
[2024-10-25T02:14:35.161+0000] {logging_mixin.py:190} INFO - Registro sem campo 'id': {
[2024-10-25T02:14:35.162+0000] {logging_mixin.py:190} INFO - Registro sem campo 'id': '
[2024-10-25T02:14:35.162+0000] {logging_mixin.py:190} INFO - Registro sem campo 'id': i
[2024-10-25T02:14:35.162+0000] {logging_mixin.py:190} INFO - Registro sem campo 'id': d
[2024-10-25T02:14:35.163+0000] {logging_mixin.py:190} INFO - Registro sem campo 'id': '
[2024-10-25T02:14:35.163+0000] {logging_mixin.py:190} INFO - Registro sem campo 'id': :
[2024-10-25T02:14:35.163+0000] {logging_mixin.py:190} INFO - Registro sem campo 'id':  
[2024-10-25T02:14:35.164+0000] {logging_mixin.py:190} INFO - Registro sem campo 'id': 3
[2024-10-25T02:14:35.164+0000] {logging_mixin.py:190} INFO - Registro sem campo 'id': ,
[2024-10-25T02:14:35.164+0000] {logging_mixin.py:190} INFO - Registro sem campo 'id':  
[2024-10-25T02:14:35.165+0000] {logging_mixin.py:190} INFO - Registro sem campo 'id': '
[2024-10-25T02:14:35.165+0000] {logging_mixin.py:190} INFO - Registro sem campo 'id': n
[2024-10-25T02:14:35.165+0000] {logging_mixin.py:190} INFO - Registro sem campo 'id': o
[2024-10-25T02:14:35.165+0000] {logging_mixin.py:190} INFO - Registro sem campo 'id': m
[2024-10-25T02:14:35.166+0000] {logging_mixin.py:190} INFO - Registro sem campo 'id': e
[2024-10-25T02:14:35.166+0000] {logging_mixin.py:190} INFO - Registro sem campo 'id': '
[2024-10-25T02:14:35.166+0000] {logging_mixin.py:190} INFO - Registro sem campo 'id': :
[2024-10-25T02:14:35.167+0000] {logging_mixin.py:190} INFO - Registro sem campo 'id':  
[2024-10-25T02:14:35.167+0000] {logging_mixin.py:190} INFO - Registro sem campo 'id': '
[2024-10-25T02:14:35.167+0000] {logging_mixin.py:190} INFO - Registro sem campo 'id': C
[2024-10-25T02:14:35.168+0000] {logging_mixin.py:190} INFO - Registro sem campo 'id': a
[2024-10-25T02:14:35.168+0000] {logging_mixin.py:190} INFO - Registro sem campo 'id': r
[2024-10-25T02:14:35.168+0000] {logging_mixin.py:190} INFO - Registro sem campo 'id': l
[2024-10-25T02:14:35.169+0000] {logging_mixin.py:190} INFO - Registro sem campo 'id': a
[2024-10-25T02:14:35.169+0000] {logging_mixin.py:190} INFO - Registro sem campo 'id':  
[2024-10-25T02:14:35.169+0000] {logging_mixin.py:190} INFO - Registro sem campo 'id': S
[2024-10-25T02:14:35.170+0000] {logging_mixin.py:190} INFO - Registro sem campo 'id': a
[2024-10-25T02:14:35.170+0000] {logging_mixin.py:190} INFO - Registro sem campo 'id': n
[2024-10-25T02:14:35.170+0000] {logging_mixin.py:190} INFO - Registro sem campo 'id': t
[2024-10-25T02:14:35.171+0000] {logging_mixin.py:190} INFO - Registro sem campo 'id': o
[2024-10-25T02:14:35.171+0000] {logging_mixin.py:190} INFO - Registro sem campo 'id': s
[2024-10-25T02:14:35.171+0000] {logging_mixin.py:190} INFO - Registro sem campo 'id': '
[2024-10-25T02:14:35.172+0000] {logging_mixin.py:190} INFO - Registro sem campo 'id': ,
[2024-10-25T02:14:35.172+0000] {logging_mixin.py:190} INFO - Registro sem campo 'id':  
[2024-10-25T02:14:35.173+0000] {logging_mixin.py:190} INFO - Registro sem campo 'id': '
[2024-10-25T02:14:35.173+0000] {logging_mixin.py:190} INFO - Registro sem campo 'id': e
[2024-10-25T02:14:35.173+0000] {logging_mixin.py:190} INFO - Registro sem campo 'id': m
[2024-10-25T02:14:35.173+0000] {logging_mixin.py:190} INFO - Registro sem campo 'id': a
[2024-10-25T02:14:35.174+0000] {logging_mixin.py:190} INFO - Registro sem campo 'id': i
[2024-10-25T02:14:35.174+0000] {logging_mixin.py:190} INFO - Registro sem campo 'id': l
[2024-10-25T02:14:35.174+0000] {logging_mixin.py:190} INFO - Registro sem campo 'id': '
[2024-10-25T02:14:35.175+0000] {logging_mixin.py:190} INFO - Registro sem campo 'id': :
[2024-10-25T02:14:35.175+0000] {logging_mixin.py:190} INFO - Registro sem campo 'id':  
[2024-10-25T02:14:35.175+0000] {logging_mixin.py:190} INFO - Registro sem campo 'id': '
[2024-10-25T02:14:35.176+0000] {logging_mixin.py:190} INFO - Registro sem campo 'id': c
[2024-10-25T02:14:35.176+0000] {logging_mixin.py:190} INFO - Registro sem campo 'id': a
[2024-10-25T02:14:35.176+0000] {logging_mixin.py:190} INFO - Registro sem campo 'id': r
[2024-10-25T02:14:35.177+0000] {logging_mixin.py:190} INFO - Registro sem campo 'id': l
[2024-10-25T02:14:35.177+0000] {logging_mixin.py:190} INFO - Registro sem campo 'id': a
[2024-10-25T02:14:35.177+0000] {logging_mixin.py:190} INFO - Registro sem campo 'id': .
[2024-10-25T02:14:35.177+0000] {logging_mixin.py:190} INFO - Registro sem campo 'id': s
[2024-10-25T02:14:35.178+0000] {logging_mixin.py:190} INFO - Registro sem campo 'id': a
[2024-10-25T02:14:35.178+0000] {logging_mixin.py:190} INFO - Registro sem campo 'id': n
[2024-10-25T02:14:35.178+0000] {logging_mixin.py:190} INFO - Registro sem campo 'id': t
[2024-10-25T02:14:35.179+0000] {logging_mixin.py:190} INFO - Registro sem campo 'id': o
[2024-10-25T02:14:35.179+0000] {logging_mixin.py:190} INFO - Registro sem campo 'id': s
[2024-10-25T02:14:35.179+0000] {logging_mixin.py:190} INFO - Registro sem campo 'id': @
[2024-10-25T02:14:35.180+0000] {logging_mixin.py:190} INFO - Registro sem campo 'id': e
[2024-10-25T02:14:35.180+0000] {logging_mixin.py:190} INFO - Registro sem campo 'id': m
[2024-10-25T02:14:35.180+0000] {logging_mixin.py:190} INFO - Registro sem campo 'id': a
[2024-10-25T02:14:35.181+0000] {logging_mixin.py:190} INFO - Registro sem campo 'id': i
[2024-10-25T02:14:35.181+0000] {logging_mixin.py:190} INFO - Registro sem campo 'id': l
[2024-10-25T02:14:35.182+0000] {logging_mixin.py:190} INFO - Registro sem campo 'id': .
[2024-10-25T02:14:35.182+0000] {logging_mixin.py:190} INFO - Registro sem campo 'id': c
[2024-10-25T02:14:35.183+0000] {logging_mixin.py:190} INFO - Registro sem campo 'id': o
[2024-10-25T02:14:35.184+0000] {logging_mixin.py:190} INFO - Registro sem campo 'id': m
[2024-10-25T02:14:35.184+0000] {logging_mixin.py:190} INFO - Registro sem campo 'id': '
[2024-10-25T02:14:35.185+0000] {logging_mixin.py:190} INFO - Registro sem campo 'id': ,
[2024-10-25T02:14:35.185+0000] {logging_mixin.py:190} INFO - Registro sem campo 'id':  
[2024-10-25T02:14:35.185+0000] {logging_mixin.py:190} INFO - Registro sem campo 'id': '
[2024-10-25T02:14:35.186+0000] {logging_mixin.py:190} INFO - Registro sem campo 'id': t
[2024-10-25T02:14:35.186+0000] {logging_mixin.py:190} INFO - Registro sem campo 'id': e
[2024-10-25T02:14:35.187+0000] {logging_mixin.py:190} INFO - Registro sem campo 'id': l
[2024-10-25T02:14:35.187+0000] {logging_mixin.py:190} INFO - Registro sem campo 'id': e
[2024-10-25T02:14:35.188+0000] {logging_mixin.py:190} INFO - Registro sem campo 'id': f
[2024-10-25T02:14:35.188+0000] {logging_mixin.py:190} INFO - Registro sem campo 'id': o
[2024-10-25T02:14:35.188+0000] {logging_mixin.py:190} INFO - Registro sem campo 'id': n
[2024-10-25T02:14:35.189+0000] {logging_mixin.py:190} INFO - Registro sem campo 'id': e
[2024-10-25T02:14:35.189+0000] {logging_mixin.py:190} INFO - Registro sem campo 'id': '
[2024-10-25T02:14:35.189+0000] {logging_mixin.py:190} INFO - Registro sem campo 'id': :
[2024-10-25T02:14:35.190+0000] {logging_mixin.py:190} INFO - Registro sem campo 'id':  
[2024-10-25T02:14:35.190+0000] {logging_mixin.py:190} INFO - Registro sem campo 'id': '
[2024-10-25T02:14:35.191+0000] {logging_mixin.py:190} INFO - Registro sem campo 'id': (
[2024-10-25T02:14:35.191+0000] {logging_mixin.py:190} INFO - Registro sem campo 'id': 3
[2024-10-25T02:14:35.191+0000] {logging_mixin.py:190} INFO - Registro sem campo 'id': 1
[2024-10-25T02:14:35.192+0000] {logging_mixin.py:190} INFO - Registro sem campo 'id': )
[2024-10-25T02:14:35.192+0000] {logging_mixin.py:190} INFO - Registro sem campo 'id':  
[2024-10-25T02:14:35.193+0000] {logging_mixin.py:190} INFO - Registro sem campo 'id': 9
[2024-10-25T02:14:35.193+0000] {logging_mixin.py:190} INFO - Registro sem campo 'id': 6
[2024-10-25T02:14:35.193+0000] {logging_mixin.py:190} INFO - Registro sem campo 'id': 5
[2024-10-25T02:14:35.194+0000] {logging_mixin.py:190} INFO - Registro sem campo 'id': 4
[2024-10-25T02:14:35.194+0000] {logging_mixin.py:190} INFO - Registro sem campo 'id': 3
[2024-10-25T02:14:35.194+0000] {logging_mixin.py:190} INFO - Registro sem campo 'id': -
[2024-10-25T02:14:35.195+0000] {logging_mixin.py:190} INFO - Registro sem campo 'id': 2
[2024-10-25T02:14:35.195+0000] {logging_mixin.py:190} INFO - Registro sem campo 'id': 1
[2024-10-25T02:14:35.195+0000] {logging_mixin.py:190} INFO - Registro sem campo 'id': 0
[2024-10-25T02:14:35.196+0000] {logging_mixin.py:190} INFO - Registro sem campo 'id': 9
[2024-10-25T02:14:35.196+0000] {logging_mixin.py:190} INFO - Registro sem campo 'id': '
[2024-10-25T02:14:35.197+0000] {logging_mixin.py:190} INFO - Registro sem campo 'id': ,
[2024-10-25T02:14:35.197+0000] {logging_mixin.py:190} INFO - Registro sem campo 'id':  
[2024-10-25T02:14:35.198+0000] {logging_mixin.py:190} INFO - Registro sem campo 'id': '
[2024-10-25T02:14:35.198+0000] {logging_mixin.py:190} INFO - Registro sem campo 'id': d
[2024-10-25T02:14:35.199+0000] {logging_mixin.py:190} INFO - Registro sem campo 'id': a
[2024-10-25T02:14:35.199+0000] {logging_mixin.py:190} INFO - Registro sem campo 'id': t
[2024-10-25T02:14:35.200+0000] {logging_mixin.py:190} INFO - Registro sem campo 'id': a
[2024-10-25T02:14:35.200+0000] {logging_mixin.py:190} INFO - Registro sem campo 'id': _
[2024-10-25T02:14:35.201+0000] {logging_mixin.py:190} INFO - Registro sem campo 'id': n
[2024-10-25T02:14:35.201+0000] {logging_mixin.py:190} INFO - Registro sem campo 'id': a
[2024-10-25T02:14:35.202+0000] {logging_mixin.py:190} INFO - Registro sem campo 'id': s
[2024-10-25T02:14:35.202+0000] {logging_mixin.py:190} INFO - Registro sem campo 'id': c
[2024-10-25T02:14:35.203+0000] {logging_mixin.py:190} INFO - Registro sem campo 'id': i
[2024-10-25T02:14:35.205+0000] {logging_mixin.py:190} INFO - Registro sem campo 'id': m
[2024-10-25T02:14:35.205+0000] {logging_mixin.py:190} INFO - Registro sem campo 'id': e
[2024-10-25T02:14:35.206+0000] {logging_mixin.py:190} INFO - Registro sem campo 'id': n
[2024-10-25T02:14:35.207+0000] {logging_mixin.py:190} INFO - Registro sem campo 'id': t
[2024-10-25T02:14:35.207+0000] {logging_mixin.py:190} INFO - Registro sem campo 'id': o
[2024-10-25T02:14:35.208+0000] {logging_mixin.py:190} INFO - Registro sem campo 'id': '
[2024-10-25T02:14:35.208+0000] {logging_mixin.py:190} INFO - Registro sem campo 'id': :
[2024-10-25T02:14:35.209+0000] {logging_mixin.py:190} INFO - Registro sem campo 'id':  
[2024-10-25T02:14:35.209+0000] {logging_mixin.py:190} INFO - Registro sem campo 'id': '
[2024-10-25T02:14:35.210+0000] {logging_mixin.py:190} INFO - Registro sem campo 'id': 1
[2024-10-25T02:14:35.210+0000] {logging_mixin.py:190} INFO - Registro sem campo 'id': 9
[2024-10-25T02:14:35.211+0000] {logging_mixin.py:190} INFO - Registro sem campo 'id': 9
[2024-10-25T02:14:35.211+0000] {logging_mixin.py:190} INFO - Registro sem campo 'id': 2
[2024-10-25T02:14:35.212+0000] {logging_mixin.py:190} INFO - Registro sem campo 'id': -
[2024-10-25T02:14:35.212+0000] {logging_mixin.py:190} INFO - Registro sem campo 'id': 1
[2024-10-25T02:14:35.213+0000] {logging_mixin.py:190} INFO - Registro sem campo 'id': 2
[2024-10-25T02:14:35.213+0000] {logging_mixin.py:190} INFO - Registro sem campo 'id': -
[2024-10-25T02:14:35.213+0000] {logging_mixin.py:190} INFO - Registro sem campo 'id': 0
[2024-10-25T02:14:35.214+0000] {logging_mixin.py:190} INFO - Registro sem campo 'id': 1
[2024-10-25T02:14:35.214+0000] {logging_mixin.py:190} INFO - Registro sem campo 'id': '
[2024-10-25T02:14:35.215+0000] {logging_mixin.py:190} INFO - Registro sem campo 'id': ,
[2024-10-25T02:14:35.215+0000] {logging_mixin.py:190} INFO - Registro sem campo 'id':  
[2024-10-25T02:14:35.216+0000] {logging_mixin.py:190} INFO - Registro sem campo 'id': '
[2024-10-25T02:14:35.216+0000] {logging_mixin.py:190} INFO - Registro sem campo 'id': s
[2024-10-25T02:14:35.217+0000] {logging_mixin.py:190} INFO - Registro sem campo 'id': e
[2024-10-25T02:14:35.217+0000] {logging_mixin.py:190} INFO - Registro sem campo 'id': x
[2024-10-25T02:14:35.217+0000] {logging_mixin.py:190} INFO - Registro sem campo 'id': o
[2024-10-25T02:14:35.218+0000] {logging_mixin.py:190} INFO - Registro sem campo 'id': '
[2024-10-25T02:14:35.218+0000] {logging_mixin.py:190} INFO - Registro sem campo 'id': :
[2024-10-25T02:14:35.219+0000] {logging_mixin.py:190} INFO - Registro sem campo 'id':  
[2024-10-25T02:14:35.219+0000] {logging_mixin.py:190} INFO - Registro sem campo 'id': '
[2024-10-25T02:14:35.219+0000] {logging_mixin.py:190} INFO - Registro sem campo 'id': F
[2024-10-25T02:14:35.220+0000] {logging_mixin.py:190} INFO - Registro sem campo 'id': e
[2024-10-25T02:14:35.220+0000] {logging_mixin.py:190} INFO - Registro sem campo 'id': m
[2024-10-25T02:14:35.221+0000] {logging_mixin.py:190} INFO - Registro sem campo 'id': i
[2024-10-25T02:14:35.221+0000] {logging_mixin.py:190} INFO - Registro sem campo 'id': n
[2024-10-25T02:14:35.221+0000] {logging_mixin.py:190} INFO - Registro sem campo 'id': i
[2024-10-25T02:14:35.222+0000] {logging_mixin.py:190} INFO - Registro sem campo 'id': n
[2024-10-25T02:14:35.222+0000] {logging_mixin.py:190} INFO - Registro sem campo 'id': o
[2024-10-25T02:14:35.223+0000] {logging_mixin.py:190} INFO - Registro sem campo 'id': '
[2024-10-25T02:14:35.224+0000] {logging_mixin.py:190} INFO - Registro sem campo 'id': ,
[2024-10-25T02:14:35.224+0000] {logging_mixin.py:190} INFO - Registro sem campo 'id':  
[2024-10-25T02:14:35.225+0000] {logging_mixin.py:190} INFO - Registro sem campo 'id': '
[2024-10-25T02:14:35.225+0000] {logging_mixin.py:190} INFO - Registro sem campo 'id': c
[2024-10-25T02:14:35.226+0000] {logging_mixin.py:190} INFO - Registro sem campo 'id': i
[2024-10-25T02:14:35.226+0000] {logging_mixin.py:190} INFO - Registro sem campo 'id': d
[2024-10-25T02:14:35.227+0000] {logging_mixin.py:190} INFO - Registro sem campo 'id': a
[2024-10-25T02:14:35.227+0000] {logging_mixin.py:190} INFO - Registro sem campo 'id': d
[2024-10-25T02:14:35.228+0000] {logging_mixin.py:190} INFO - Registro sem campo 'id': e
[2024-10-25T02:14:35.228+0000] {logging_mixin.py:190} INFO - Registro sem campo 'id': '
[2024-10-25T02:14:35.228+0000] {logging_mixin.py:190} INFO - Registro sem campo 'id': :
[2024-10-25T02:14:35.229+0000] {logging_mixin.py:190} INFO - Registro sem campo 'id':  
[2024-10-25T02:14:35.229+0000] {logging_mixin.py:190} INFO - Registro sem campo 'id': '
[2024-10-25T02:14:35.230+0000] {logging_mixin.py:190} INFO - Registro sem campo 'id': B
[2024-10-25T02:14:35.230+0000] {logging_mixin.py:190} INFO - Registro sem campo 'id': e
[2024-10-25T02:14:35.230+0000] {logging_mixin.py:190} INFO - Registro sem campo 'id': l
[2024-10-25T02:14:35.231+0000] {logging_mixin.py:190} INFO - Registro sem campo 'id': o
[2024-10-25T02:14:35.231+0000] {logging_mixin.py:190} INFO - Registro sem campo 'id':  
[2024-10-25T02:14:35.232+0000] {logging_mixin.py:190} INFO - Registro sem campo 'id': H
[2024-10-25T02:14:35.232+0000] {logging_mixin.py:190} INFO - Registro sem campo 'id': o
[2024-10-25T02:14:35.233+0000] {logging_mixin.py:190} INFO - Registro sem campo 'id': r
[2024-10-25T02:14:35.233+0000] {logging_mixin.py:190} INFO - Registro sem campo 'id': i
[2024-10-25T02:14:35.234+0000] {logging_mixin.py:190} INFO - Registro sem campo 'id': z
[2024-10-25T02:14:35.234+0000] {logging_mixin.py:190} INFO - Registro sem campo 'id': o
[2024-10-25T02:14:35.235+0000] {logging_mixin.py:190} INFO - Registro sem campo 'id': n
[2024-10-25T02:14:35.235+0000] {logging_mixin.py:190} INFO - Registro sem campo 'id': t
[2024-10-25T02:14:35.236+0000] {logging_mixin.py:190} INFO - Registro sem campo 'id': e
[2024-10-25T02:14:35.236+0000] {logging_mixin.py:190} INFO - Registro sem campo 'id': '
[2024-10-25T02:14:35.237+0000] {logging_mixin.py:190} INFO - Registro sem campo 'id': ,
[2024-10-25T02:14:35.237+0000] {logging_mixin.py:190} INFO - Registro sem campo 'id':  
[2024-10-25T02:14:35.238+0000] {logging_mixin.py:190} INFO - Registro sem campo 'id': '
[2024-10-25T02:14:35.238+0000] {logging_mixin.py:190} INFO - Registro sem campo 'id': e
[2024-10-25T02:14:35.239+0000] {logging_mixin.py:190} INFO - Registro sem campo 'id': s
[2024-10-25T02:14:35.239+0000] {logging_mixin.py:190} INFO - Registro sem campo 'id': t
[2024-10-25T02:14:35.240+0000] {logging_mixin.py:190} INFO - Registro sem campo 'id': a
[2024-10-25T02:14:35.240+0000] {logging_mixin.py:190} INFO - Registro sem campo 'id': d
[2024-10-25T02:14:35.241+0000] {logging_mixin.py:190} INFO - Registro sem campo 'id': o
[2024-10-25T02:14:35.241+0000] {logging_mixin.py:190} INFO - Registro sem campo 'id': '
[2024-10-25T02:14:35.242+0000] {logging_mixin.py:190} INFO - Registro sem campo 'id': :
[2024-10-25T02:14:35.242+0000] {logging_mixin.py:190} INFO - Registro sem campo 'id':  
[2024-10-25T02:14:35.243+0000] {logging_mixin.py:190} INFO - Registro sem campo 'id': '
[2024-10-25T02:14:35.243+0000] {logging_mixin.py:190} INFO - Registro sem campo 'id': M
[2024-10-25T02:14:35.243+0000] {logging_mixin.py:190} INFO - Registro sem campo 'id': G
[2024-10-25T02:14:35.244+0000] {logging_mixin.py:190} INFO - Registro sem campo 'id': '
[2024-10-25T02:14:35.244+0000] {logging_mixin.py:190} INFO - Registro sem campo 'id': }
[2024-10-25T02:14:35.245+0000] {logging_mixin.py:190} INFO - Registro sem campo 'id': ,
[2024-10-25T02:14:35.245+0000] {logging_mixin.py:190} INFO - Registro sem campo 'id':  
[2024-10-25T02:14:35.245+0000] {logging_mixin.py:190} INFO - Registro sem campo 'id': {
[2024-10-25T02:14:35.246+0000] {logging_mixin.py:190} INFO - Registro sem campo 'id': '
[2024-10-25T02:14:35.246+0000] {logging_mixin.py:190} INFO - Registro sem campo 'id': i
[2024-10-25T02:14:35.247+0000] {logging_mixin.py:190} INFO - Registro sem campo 'id': d
[2024-10-25T02:14:35.247+0000] {logging_mixin.py:190} INFO - Registro sem campo 'id': '
[2024-10-25T02:14:35.247+0000] {logging_mixin.py:190} INFO - Registro sem campo 'id': :
[2024-10-25T02:14:35.248+0000] {logging_mixin.py:190} INFO - Registro sem campo 'id':  
[2024-10-25T02:14:35.248+0000] {logging_mixin.py:190} INFO - Registro sem campo 'id': 4
[2024-10-25T02:14:35.249+0000] {logging_mixin.py:190} INFO - Registro sem campo 'id': ,
[2024-10-25T02:14:35.249+0000] {logging_mixin.py:190} INFO - Registro sem campo 'id':  
[2024-10-25T02:14:35.249+0000] {logging_mixin.py:190} INFO - Registro sem campo 'id': '
[2024-10-25T02:14:35.250+0000] {logging_mixin.py:190} INFO - Registro sem campo 'id': n
[2024-10-25T02:14:35.250+0000] {logging_mixin.py:190} INFO - Registro sem campo 'id': o
[2024-10-25T02:14:35.250+0000] {logging_mixin.py:190} INFO - Registro sem campo 'id': m
[2024-10-25T02:14:35.251+0000] {logging_mixin.py:190} INFO - Registro sem campo 'id': e
[2024-10-25T02:14:35.251+0000] {logging_mixin.py:190} INFO - Registro sem campo 'id': '
[2024-10-25T02:14:35.252+0000] {logging_mixin.py:190} INFO - Registro sem campo 'id': :
[2024-10-25T02:14:35.252+0000] {logging_mixin.py:190} INFO - Registro sem campo 'id':  
[2024-10-25T02:14:35.252+0000] {logging_mixin.py:190} INFO - Registro sem campo 'id': '
[2024-10-25T02:14:35.253+0000] {logging_mixin.py:190} INFO - Registro sem campo 'id': D
[2024-10-25T02:14:35.253+0000] {logging_mixin.py:190} INFO - Registro sem campo 'id': a
[2024-10-25T02:14:35.254+0000] {logging_mixin.py:190} INFO - Registro sem campo 'id': n
[2024-10-25T02:14:35.254+0000] {logging_mixin.py:190} INFO - Registro sem campo 'id': i
[2024-10-25T02:14:35.254+0000] {logging_mixin.py:190} INFO - Registro sem campo 'id': e
[2024-10-25T02:14:35.255+0000] {logging_mixin.py:190} INFO - Registro sem campo 'id': l
[2024-10-25T02:14:35.255+0000] {logging_mixin.py:190} INFO - Registro sem campo 'id':  
[2024-10-25T02:14:35.256+0000] {logging_mixin.py:190} INFO - Registro sem campo 'id': C
[2024-10-25T02:14:35.256+0000] {logging_mixin.py:190} INFO - Registro sem campo 'id': o
[2024-10-25T02:14:35.256+0000] {logging_mixin.py:190} INFO - Registro sem campo 'id': s
[2024-10-25T02:14:35.257+0000] {logging_mixin.py:190} INFO - Registro sem campo 'id': t
[2024-10-25T02:14:35.257+0000] {logging_mixin.py:190} INFO - Registro sem campo 'id': a
[2024-10-25T02:14:35.258+0000] {logging_mixin.py:190} INFO - Registro sem campo 'id': '
[2024-10-25T02:14:35.258+0000] {logging_mixin.py:190} INFO - Registro sem campo 'id': ,
[2024-10-25T02:14:35.258+0000] {logging_mixin.py:190} INFO - Registro sem campo 'id':  
[2024-10-25T02:14:35.259+0000] {logging_mixin.py:190} INFO - Registro sem campo 'id': '
[2024-10-25T02:14:35.259+0000] {logging_mixin.py:190} INFO - Registro sem campo 'id': e
[2024-10-25T02:14:35.260+0000] {logging_mixin.py:190} INFO - Registro sem campo 'id': m
[2024-10-25T02:14:35.260+0000] {logging_mixin.py:190} INFO - Registro sem campo 'id': a
[2024-10-25T02:14:35.260+0000] {logging_mixin.py:190} INFO - Registro sem campo 'id': i
[2024-10-25T02:14:35.261+0000] {logging_mixin.py:190} INFO - Registro sem campo 'id': l
[2024-10-25T02:14:35.261+0000] {logging_mixin.py:190} INFO - Registro sem campo 'id': '
[2024-10-25T02:14:35.261+0000] {logging_mixin.py:190} INFO - Registro sem campo 'id': :
[2024-10-25T02:14:35.262+0000] {logging_mixin.py:190} INFO - Registro sem campo 'id':  
[2024-10-25T02:14:35.262+0000] {logging_mixin.py:190} INFO - Registro sem campo 'id': '
[2024-10-25T02:14:35.263+0000] {logging_mixin.py:190} INFO - Registro sem campo 'id': d
[2024-10-25T02:14:35.263+0000] {logging_mixin.py:190} INFO - Registro sem campo 'id': a
[2024-10-25T02:14:35.263+0000] {logging_mixin.py:190} INFO - Registro sem campo 'id': n
[2024-10-25T02:14:35.264+0000] {logging_mixin.py:190} INFO - Registro sem campo 'id': i
[2024-10-25T02:14:35.264+0000] {logging_mixin.py:190} INFO - Registro sem campo 'id': e
[2024-10-25T02:14:35.264+0000] {logging_mixin.py:190} INFO - Registro sem campo 'id': l
[2024-10-25T02:14:35.265+0000] {logging_mixin.py:190} INFO - Registro sem campo 'id': .
[2024-10-25T02:14:35.265+0000] {logging_mixin.py:190} INFO - Registro sem campo 'id': c
[2024-10-25T02:14:35.266+0000] {logging_mixin.py:190} INFO - Registro sem campo 'id': o
[2024-10-25T02:14:35.266+0000] {logging_mixin.py:190} INFO - Registro sem campo 'id': s
[2024-10-25T02:14:35.266+0000] {logging_mixin.py:190} INFO - Registro sem campo 'id': t
[2024-10-25T02:14:35.267+0000] {logging_mixin.py:190} INFO - Registro sem campo 'id': a
[2024-10-25T02:14:35.267+0000] {logging_mixin.py:190} INFO - Registro sem campo 'id': @
[2024-10-25T02:14:35.268+0000] {logging_mixin.py:190} INFO - Registro sem campo 'id': e
[2024-10-25T02:14:35.268+0000] {logging_mixin.py:190} INFO - Registro sem campo 'id': m
[2024-10-25T02:14:35.269+0000] {logging_mixin.py:190} INFO - Registro sem campo 'id': a
[2024-10-25T02:14:35.269+0000] {logging_mixin.py:190} INFO - Registro sem campo 'id': i
[2024-10-25T02:14:35.269+0000] {logging_mixin.py:190} INFO - Registro sem campo 'id': l
[2024-10-25T02:14:35.270+0000] {logging_mixin.py:190} INFO - Registro sem campo 'id': .
[2024-10-25T02:14:35.270+0000] {logging_mixin.py:190} INFO - Registro sem campo 'id': c
[2024-10-25T02:14:35.271+0000] {logging_mixin.py:190} INFO - Registro sem campo 'id': o
[2024-10-25T02:14:35.271+0000] {logging_mixin.py:190} INFO - Registro sem campo 'id': m
[2024-10-25T02:14:35.272+0000] {logging_mixin.py:190} INFO - Registro sem campo 'id': '
[2024-10-25T02:14:35.272+0000] {logging_mixin.py:190} INFO - Registro sem campo 'id': ,
[2024-10-25T02:14:35.273+0000] {logging_mixin.py:190} INFO - Registro sem campo 'id':  
[2024-10-25T02:14:35.274+0000] {logging_mixin.py:190} INFO - Registro sem campo 'id': '
[2024-10-25T02:14:35.274+0000] {logging_mixin.py:190} INFO - Registro sem campo 'id': t
[2024-10-25T02:14:35.274+0000] {logging_mixin.py:190} INFO - Registro sem campo 'id': e
[2024-10-25T02:14:35.275+0000] {logging_mixin.py:190} INFO - Registro sem campo 'id': l
[2024-10-25T02:14:35.275+0000] {logging_mixin.py:190} INFO - Registro sem campo 'id': e
[2024-10-25T02:14:35.276+0000] {logging_mixin.py:190} INFO - Registro sem campo 'id': f
[2024-10-25T02:14:35.276+0000] {logging_mixin.py:190} INFO - Registro sem campo 'id': o
[2024-10-25T02:14:35.277+0000] {logging_mixin.py:190} INFO - Registro sem campo 'id': n
[2024-10-25T02:14:35.277+0000] {logging_mixin.py:190} INFO - Registro sem campo 'id': e
[2024-10-25T02:14:35.278+0000] {logging_mixin.py:190} INFO - Registro sem campo 'id': '
[2024-10-25T02:14:35.278+0000] {logging_mixin.py:190} INFO - Registro sem campo 'id': :
[2024-10-25T02:14:35.279+0000] {logging_mixin.py:190} INFO - Registro sem campo 'id':  
[2024-10-25T02:14:35.279+0000] {logging_mixin.py:190} INFO - Registro sem campo 'id': '
[2024-10-25T02:14:35.280+0000] {logging_mixin.py:190} INFO - Registro sem campo 'id': (
[2024-10-25T02:14:35.280+0000] {logging_mixin.py:190} INFO - Registro sem campo 'id': 4
[2024-10-25T02:14:35.281+0000] {logging_mixin.py:190} INFO - Registro sem campo 'id': 1
[2024-10-25T02:14:35.281+0000] {logging_mixin.py:190} INFO - Registro sem campo 'id': )
[2024-10-25T02:14:35.282+0000] {logging_mixin.py:190} INFO - Registro sem campo 'id':  
[2024-10-25T02:14:35.282+0000] {logging_mixin.py:190} INFO - Registro sem campo 'id': 9
[2024-10-25T02:14:35.283+0000] {logging_mixin.py:190} INFO - Registro sem campo 'id': 5
[2024-10-25T02:14:35.283+0000] {logging_mixin.py:190} INFO - Registro sem campo 'id': 4
[2024-10-25T02:14:35.284+0000] {logging_mixin.py:190} INFO - Registro sem campo 'id': 3
[2024-10-25T02:14:35.285+0000] {logging_mixin.py:190} INFO - Registro sem campo 'id': 2
[2024-10-25T02:14:35.285+0000] {logging_mixin.py:190} INFO - Registro sem campo 'id': -
[2024-10-25T02:14:35.286+0000] {logging_mixin.py:190} INFO - Registro sem campo 'id': 1
[2024-10-25T02:14:35.287+0000] {logging_mixin.py:190} INFO - Registro sem campo 'id': 0
[2024-10-25T02:14:35.287+0000] {logging_mixin.py:190} INFO - Registro sem campo 'id': 9
[2024-10-25T02:14:35.288+0000] {logging_mixin.py:190} INFO - Registro sem campo 'id': 8
[2024-10-25T02:14:35.288+0000] {logging_mixin.py:190} INFO - Registro sem campo 'id': '
[2024-10-25T02:14:35.289+0000] {logging_mixin.py:190} INFO - Registro sem campo 'id': ,
[2024-10-25T02:14:35.290+0000] {logging_mixin.py:190} INFO - Registro sem campo 'id':  
[2024-10-25T02:14:35.291+0000] {logging_mixin.py:190} INFO - Registro sem campo 'id': '
[2024-10-25T02:14:35.292+0000] {logging_mixin.py:190} INFO - Registro sem campo 'id': d
[2024-10-25T02:14:35.292+0000] {logging_mixin.py:190} INFO - Registro sem campo 'id': a
[2024-10-25T02:14:35.293+0000] {logging_mixin.py:190} INFO - Registro sem campo 'id': t
[2024-10-25T02:14:35.293+0000] {logging_mixin.py:190} INFO - Registro sem campo 'id': a
[2024-10-25T02:14:35.294+0000] {logging_mixin.py:190} INFO - Registro sem campo 'id': _
[2024-10-25T02:14:35.294+0000] {logging_mixin.py:190} INFO - Registro sem campo 'id': n
[2024-10-25T02:14:35.295+0000] {logging_mixin.py:190} INFO - Registro sem campo 'id': a
[2024-10-25T02:14:35.295+0000] {logging_mixin.py:190} INFO - Registro sem campo 'id': s
[2024-10-25T02:14:35.295+0000] {logging_mixin.py:190} INFO - Registro sem campo 'id': c
[2024-10-25T02:14:35.296+0000] {logging_mixin.py:190} INFO - Registro sem campo 'id': i
[2024-10-25T02:14:35.296+0000] {logging_mixin.py:190} INFO - Registro sem campo 'id': m
[2024-10-25T02:14:35.297+0000] {logging_mixin.py:190} INFO - Registro sem campo 'id': e
[2024-10-25T02:14:35.297+0000] {logging_mixin.py:190} INFO - Registro sem campo 'id': n
[2024-10-25T02:14:35.298+0000] {logging_mixin.py:190} INFO - Registro sem campo 'id': t
[2024-10-25T02:14:35.298+0000] {logging_mixin.py:190} INFO - Registro sem campo 'id': o
[2024-10-25T02:14:35.298+0000] {logging_mixin.py:190} INFO - Registro sem campo 'id': '
[2024-10-25T02:14:35.299+0000] {logging_mixin.py:190} INFO - Registro sem campo 'id': :
[2024-10-25T02:14:35.299+0000] {logging_mixin.py:190} INFO - Registro sem campo 'id':  
[2024-10-25T02:14:35.300+0000] {logging_mixin.py:190} INFO - Registro sem campo 'id': '
[2024-10-25T02:14:35.300+0000] {logging_mixin.py:190} INFO - Registro sem campo 'id': 1
[2024-10-25T02:14:35.300+0000] {logging_mixin.py:190} INFO - Registro sem campo 'id': 9
[2024-10-25T02:14:35.301+0000] {logging_mixin.py:190} INFO - Registro sem campo 'id': 8
[2024-10-25T02:14:35.301+0000] {logging_mixin.py:190} INFO - Registro sem campo 'id': 8
[2024-10-25T02:14:35.302+0000] {logging_mixin.py:190} INFO - Registro sem campo 'id': -
[2024-10-25T02:14:35.302+0000] {logging_mixin.py:190} INFO - Registro sem campo 'id': 0
[2024-10-25T02:14:35.303+0000] {logging_mixin.py:190} INFO - Registro sem campo 'id': 3
[2024-10-25T02:14:35.303+0000] {logging_mixin.py:190} INFO - Registro sem campo 'id': -
[2024-10-25T02:14:35.304+0000] {logging_mixin.py:190} INFO - Registro sem campo 'id': 1
[2024-10-25T02:14:35.304+0000] {logging_mixin.py:190} INFO - Registro sem campo 'id': 5
[2024-10-25T02:14:35.305+0000] {logging_mixin.py:190} INFO - Registro sem campo 'id': '
[2024-10-25T02:14:35.305+0000] {logging_mixin.py:190} INFO - Registro sem campo 'id': ,
[2024-10-25T02:14:35.306+0000] {logging_mixin.py:190} INFO - Registro sem campo 'id':  
[2024-10-25T02:14:35.306+0000] {logging_mixin.py:190} INFO - Registro sem campo 'id': '
[2024-10-25T02:14:35.307+0000] {logging_mixin.py:190} INFO - Registro sem campo 'id': s
[2024-10-25T02:14:35.308+0000] {logging_mixin.py:190} INFO - Registro sem campo 'id': e
[2024-10-25T02:14:35.309+0000] {logging_mixin.py:190} INFO - Registro sem campo 'id': x
[2024-10-25T02:14:35.310+0000] {logging_mixin.py:190} INFO - Registro sem campo 'id': o
[2024-10-25T02:14:35.310+0000] {logging_mixin.py:190} INFO - Registro sem campo 'id': '
[2024-10-25T02:14:35.311+0000] {logging_mixin.py:190} INFO - Registro sem campo 'id': :
[2024-10-25T02:14:35.312+0000] {logging_mixin.py:190} INFO - Registro sem campo 'id':  
[2024-10-25T02:14:35.312+0000] {logging_mixin.py:190} INFO - Registro sem campo 'id': '
[2024-10-25T02:14:35.313+0000] {logging_mixin.py:190} INFO - Registro sem campo 'id': M
[2024-10-25T02:14:35.313+0000] {logging_mixin.py:190} INFO - Registro sem campo 'id': a
[2024-10-25T02:14:35.314+0000] {logging_mixin.py:190} INFO - Registro sem campo 'id': s
[2024-10-25T02:14:35.314+0000] {logging_mixin.py:190} INFO - Registro sem campo 'id': c
[2024-10-25T02:14:35.315+0000] {logging_mixin.py:190} INFO - Registro sem campo 'id': u
[2024-10-25T02:14:35.315+0000] {logging_mixin.py:190} INFO - Registro sem campo 'id': l
[2024-10-25T02:14:35.316+0000] {logging_mixin.py:190} INFO - Registro sem campo 'id': i
[2024-10-25T02:14:35.316+0000] {logging_mixin.py:190} INFO - Registro sem campo 'id': n
[2024-10-25T02:14:35.317+0000] {logging_mixin.py:190} INFO - Registro sem campo 'id': o
[2024-10-25T02:14:35.317+0000] {logging_mixin.py:190} INFO - Registro sem campo 'id': '
[2024-10-25T02:14:35.318+0000] {logging_mixin.py:190} INFO - Registro sem campo 'id': ,
[2024-10-25T02:14:35.318+0000] {logging_mixin.py:190} INFO - Registro sem campo 'id':  
[2024-10-25T02:14:35.319+0000] {logging_mixin.py:190} INFO - Registro sem campo 'id': '
[2024-10-25T02:14:35.320+0000] {logging_mixin.py:190} INFO - Registro sem campo 'id': c
[2024-10-25T02:14:35.321+0000] {logging_mixin.py:190} INFO - Registro sem campo 'id': i
[2024-10-25T02:14:35.322+0000] {logging_mixin.py:190} INFO - Registro sem campo 'id': d
[2024-10-25T02:14:35.322+0000] {logging_mixin.py:190} INFO - Registro sem campo 'id': a
[2024-10-25T02:14:35.323+0000] {logging_mixin.py:190} INFO - Registro sem campo 'id': d
[2024-10-25T02:14:35.325+0000] {logging_mixin.py:190} INFO - Registro sem campo 'id': e
[2024-10-25T02:14:35.326+0000] {logging_mixin.py:190} INFO - Registro sem campo 'id': '
[2024-10-25T02:14:35.326+0000] {logging_mixin.py:190} INFO - Registro sem campo 'id': :
[2024-10-25T02:14:35.327+0000] {logging_mixin.py:190} INFO - Registro sem campo 'id':  
[2024-10-25T02:14:35.327+0000] {logging_mixin.py:190} INFO - Registro sem campo 'id': '
[2024-10-25T02:14:35.328+0000] {logging_mixin.py:190} INFO - Registro sem campo 'id': C
[2024-10-25T02:14:35.329+0000] {logging_mixin.py:190} INFO - Registro sem campo 'id': u
[2024-10-25T02:14:35.329+0000] {logging_mixin.py:190} INFO - Registro sem campo 'id': r
[2024-10-25T02:14:35.330+0000] {logging_mixin.py:190} INFO - Registro sem campo 'id': i
[2024-10-25T02:14:35.330+0000] {logging_mixin.py:190} INFO - Registro sem campo 'id': t
[2024-10-25T02:14:35.331+0000] {logging_mixin.py:190} INFO - Registro sem campo 'id': i
[2024-10-25T02:14:35.331+0000] {logging_mixin.py:190} INFO - Registro sem campo 'id': b
[2024-10-25T02:14:35.332+0000] {logging_mixin.py:190} INFO - Registro sem campo 'id': a
[2024-10-25T02:14:35.332+0000] {logging_mixin.py:190} INFO - Registro sem campo 'id': '
[2024-10-25T02:14:35.333+0000] {logging_mixin.py:190} INFO - Registro sem campo 'id': ,
[2024-10-25T02:14:35.333+0000] {logging_mixin.py:190} INFO - Registro sem campo 'id':  
[2024-10-25T02:14:35.334+0000] {logging_mixin.py:190} INFO - Registro sem campo 'id': '
[2024-10-25T02:14:35.334+0000] {logging_mixin.py:190} INFO - Registro sem campo 'id': e
[2024-10-25T02:14:35.335+0000] {logging_mixin.py:190} INFO - Registro sem campo 'id': s
[2024-10-25T02:14:35.336+0000] {logging_mixin.py:190} INFO - Registro sem campo 'id': t
[2024-10-25T02:14:35.336+0000] {logging_mixin.py:190} INFO - Registro sem campo 'id': a
[2024-10-25T02:14:35.337+0000] {logging_mixin.py:190} INFO - Registro sem campo 'id': d
[2024-10-25T02:14:35.337+0000] {logging_mixin.py:190} INFO - Registro sem campo 'id': o
[2024-10-25T02:14:35.338+0000] {logging_mixin.py:190} INFO - Registro sem campo 'id': '
[2024-10-25T02:14:35.339+0000] {logging_mixin.py:190} INFO - Registro sem campo 'id': :
[2024-10-25T02:14:35.339+0000] {logging_mixin.py:190} INFO - Registro sem campo 'id':  
[2024-10-25T02:14:35.340+0000] {logging_mixin.py:190} INFO - Registro sem campo 'id': '
[2024-10-25T02:14:35.341+0000] {logging_mixin.py:190} INFO - Registro sem campo 'id': P
[2024-10-25T02:14:35.341+0000] {logging_mixin.py:190} INFO - Registro sem campo 'id': R
[2024-10-25T02:14:35.342+0000] {logging_mixin.py:190} INFO - Registro sem campo 'id': '
[2024-10-25T02:14:35.343+0000] {logging_mixin.py:190} INFO - Registro sem campo 'id': }
[2024-10-25T02:14:35.343+0000] {logging_mixin.py:190} INFO - Registro sem campo 'id': ,
[2024-10-25T02:14:35.344+0000] {logging_mixin.py:190} INFO - Registro sem campo 'id':  
[2024-10-25T02:14:35.345+0000] {logging_mixin.py:190} INFO - Registro sem campo 'id': {
[2024-10-25T02:14:35.345+0000] {logging_mixin.py:190} INFO - Registro sem campo 'id': '
[2024-10-25T02:14:35.346+0000] {logging_mixin.py:190} INFO - Registro sem campo 'id': i
[2024-10-25T02:14:35.347+0000] {logging_mixin.py:190} INFO - Registro sem campo 'id': d
[2024-10-25T02:14:35.348+0000] {logging_mixin.py:190} INFO - Registro sem campo 'id': '
[2024-10-25T02:14:35.348+0000] {logging_mixin.py:190} INFO - Registro sem campo 'id': :
[2024-10-25T02:14:35.349+0000] {logging_mixin.py:190} INFO - Registro sem campo 'id':  
[2024-10-25T02:14:35.350+0000] {logging_mixin.py:190} INFO - Registro sem campo 'id': 5
[2024-10-25T02:14:35.350+0000] {logging_mixin.py:190} INFO - Registro sem campo 'id': ,
[2024-10-25T02:14:35.351+0000] {logging_mixin.py:190} INFO - Registro sem campo 'id':  
[2024-10-25T02:14:35.352+0000] {logging_mixin.py:190} INFO - Registro sem campo 'id': '
[2024-10-25T02:14:35.352+0000] {logging_mixin.py:190} INFO - Registro sem campo 'id': n
[2024-10-25T02:14:35.353+0000] {logging_mixin.py:190} INFO - Registro sem campo 'id': o
[2024-10-25T02:14:35.353+0000] {logging_mixin.py:190} INFO - Registro sem campo 'id': m
[2024-10-25T02:14:35.354+0000] {logging_mixin.py:190} INFO - Registro sem campo 'id': e
[2024-10-25T02:14:35.355+0000] {logging_mixin.py:190} INFO - Registro sem campo 'id': '
[2024-10-25T02:14:35.355+0000] {logging_mixin.py:190} INFO - Registro sem campo 'id': :
[2024-10-25T02:14:35.356+0000] {logging_mixin.py:190} INFO - Registro sem campo 'id':  
[2024-10-25T02:14:35.356+0000] {logging_mixin.py:190} INFO - Registro sem campo 'id': '
[2024-10-25T02:14:35.357+0000] {logging_mixin.py:190} INFO - Registro sem campo 'id': E
[2024-10-25T02:14:35.357+0000] {logging_mixin.py:190} INFO - Registro sem campo 'id': l
[2024-10-25T02:14:35.358+0000] {logging_mixin.py:190} INFO - Registro sem campo 'id': e
[2024-10-25T02:14:35.359+0000] {logging_mixin.py:190} INFO - Registro sem campo 'id': n
[2024-10-25T02:14:35.359+0000] {logging_mixin.py:190} INFO - Registro sem campo 'id': a
[2024-10-25T02:14:35.360+0000] {logging_mixin.py:190} INFO - Registro sem campo 'id':  
[2024-10-25T02:14:35.361+0000] {logging_mixin.py:190} INFO - Registro sem campo 'id': M
[2024-10-25T02:14:35.361+0000] {logging_mixin.py:190} INFO - Registro sem campo 'id': a
[2024-10-25T02:14:35.362+0000] {logging_mixin.py:190} INFO - Registro sem campo 'id': r
[2024-10-25T02:14:35.362+0000] {logging_mixin.py:190} INFO - Registro sem campo 'id': t
[2024-10-25T02:14:35.363+0000] {logging_mixin.py:190} INFO - Registro sem campo 'id': i
[2024-10-25T02:14:35.363+0000] {logging_mixin.py:190} INFO - Registro sem campo 'id': n
[2024-10-25T02:14:35.364+0000] {logging_mixin.py:190} INFO - Registro sem campo 'id': s
[2024-10-25T02:14:35.364+0000] {logging_mixin.py:190} INFO - Registro sem campo 'id': '
[2024-10-25T02:14:35.365+0000] {logging_mixin.py:190} INFO - Registro sem campo 'id': ,
[2024-10-25T02:14:35.365+0000] {logging_mixin.py:190} INFO - Registro sem campo 'id':  
[2024-10-25T02:14:35.366+0000] {logging_mixin.py:190} INFO - Registro sem campo 'id': '
[2024-10-25T02:14:35.367+0000] {logging_mixin.py:190} INFO - Registro sem campo 'id': e
[2024-10-25T02:14:35.367+0000] {logging_mixin.py:190} INFO - Registro sem campo 'id': m
[2024-10-25T02:14:35.368+0000] {logging_mixin.py:190} INFO - Registro sem campo 'id': a
[2024-10-25T02:14:35.368+0000] {logging_mixin.py:190} INFO - Registro sem campo 'id': i
[2024-10-25T02:14:35.369+0000] {logging_mixin.py:190} INFO - Registro sem campo 'id': l
[2024-10-25T02:14:35.370+0000] {logging_mixin.py:190} INFO - Registro sem campo 'id': '
[2024-10-25T02:14:35.370+0000] {logging_mixin.py:190} INFO - Registro sem campo 'id': :
[2024-10-25T02:14:35.371+0000] {logging_mixin.py:190} INFO - Registro sem campo 'id':  
[2024-10-25T02:14:35.371+0000] {logging_mixin.py:190} INFO - Registro sem campo 'id': '
[2024-10-25T02:14:35.372+0000] {logging_mixin.py:190} INFO - Registro sem campo 'id': e
[2024-10-25T02:14:35.372+0000] {logging_mixin.py:190} INFO - Registro sem campo 'id': l
[2024-10-25T02:14:35.373+0000] {logging_mixin.py:190} INFO - Registro sem campo 'id': e
[2024-10-25T02:14:35.374+0000] {logging_mixin.py:190} INFO - Registro sem campo 'id': n
[2024-10-25T02:14:35.374+0000] {logging_mixin.py:190} INFO - Registro sem campo 'id': a
[2024-10-25T02:14:35.375+0000] {logging_mixin.py:190} INFO - Registro sem campo 'id': .
[2024-10-25T02:14:35.376+0000] {logging_mixin.py:190} INFO - Registro sem campo 'id': m
[2024-10-25T02:14:35.378+0000] {logging_mixin.py:190} INFO - Registro sem campo 'id': a
[2024-10-25T02:14:35.379+0000] {logging_mixin.py:190} INFO - Registro sem campo 'id': r
[2024-10-25T02:14:35.379+0000] {logging_mixin.py:190} INFO - Registro sem campo 'id': t
[2024-10-25T02:14:35.380+0000] {logging_mixin.py:190} INFO - Registro sem campo 'id': i
[2024-10-25T02:14:35.381+0000] {logging_mixin.py:190} INFO - Registro sem campo 'id': n
[2024-10-25T02:14:35.381+0000] {logging_mixin.py:190} INFO - Registro sem campo 'id': s
[2024-10-25T02:14:35.382+0000] {logging_mixin.py:190} INFO - Registro sem campo 'id': @
[2024-10-25T02:14:35.383+0000] {logging_mixin.py:190} INFO - Registro sem campo 'id': e
[2024-10-25T02:14:35.383+0000] {logging_mixin.py:190} INFO - Registro sem campo 'id': m
[2024-10-25T02:14:35.384+0000] {logging_mixin.py:190} INFO - Registro sem campo 'id': a
[2024-10-25T02:14:35.385+0000] {logging_mixin.py:190} INFO - Registro sem campo 'id': i
[2024-10-25T02:14:35.385+0000] {logging_mixin.py:190} INFO - Registro sem campo 'id': l
[2024-10-25T02:14:35.386+0000] {logging_mixin.py:190} INFO - Registro sem campo 'id': .
[2024-10-25T02:14:35.387+0000] {logging_mixin.py:190} INFO - Registro sem campo 'id': c
[2024-10-25T02:14:35.388+0000] {logging_mixin.py:190} INFO - Registro sem campo 'id': o
[2024-10-25T02:14:35.389+0000] {logging_mixin.py:190} INFO - Registro sem campo 'id': m
[2024-10-25T02:14:35.390+0000] {logging_mixin.py:190} INFO - Registro sem campo 'id': '
[2024-10-25T02:14:35.390+0000] {logging_mixin.py:190} INFO - Registro sem campo 'id': ,
[2024-10-25T02:14:35.391+0000] {logging_mixin.py:190} INFO - Registro sem campo 'id':  
[2024-10-25T02:14:35.391+0000] {logging_mixin.py:190} INFO - Registro sem campo 'id': '
[2024-10-25T02:14:35.392+0000] {logging_mixin.py:190} INFO - Registro sem campo 'id': t
[2024-10-25T02:14:35.393+0000] {logging_mixin.py:190} INFO - Registro sem campo 'id': e
[2024-10-25T02:14:35.393+0000] {logging_mixin.py:190} INFO - Registro sem campo 'id': l
[2024-10-25T02:14:35.394+0000] {logging_mixin.py:190} INFO - Registro sem campo 'id': e
[2024-10-25T02:14:35.394+0000] {logging_mixin.py:190} INFO - Registro sem campo 'id': f
[2024-10-25T02:14:35.395+0000] {logging_mixin.py:190} INFO - Registro sem campo 'id': o
[2024-10-25T02:14:35.400+0000] {logging_mixin.py:190} INFO - Registro sem campo 'id': n
[2024-10-25T02:14:35.401+0000] {logging_mixin.py:190} INFO - Registro sem campo 'id': e
[2024-10-25T02:14:35.401+0000] {logging_mixin.py:190} INFO - Registro sem campo 'id': '
[2024-10-25T02:14:35.402+0000] {logging_mixin.py:190} INFO - Registro sem campo 'id': :
[2024-10-25T02:14:35.402+0000] {logging_mixin.py:190} INFO - Registro sem campo 'id':  
[2024-10-25T02:14:35.402+0000] {logging_mixin.py:190} INFO - Registro sem campo 'id': '
[2024-10-25T02:14:35.403+0000] {logging_mixin.py:190} INFO - Registro sem campo 'id': (
[2024-10-25T02:14:35.403+0000] {logging_mixin.py:190} INFO - Registro sem campo 'id': 5
[2024-10-25T02:14:35.403+0000] {logging_mixin.py:190} INFO - Registro sem campo 'id': 1
[2024-10-25T02:14:35.404+0000] {logging_mixin.py:190} INFO - Registro sem campo 'id': )
[2024-10-25T02:14:35.404+0000] {logging_mixin.py:190} INFO - Registro sem campo 'id':  
[2024-10-25T02:14:35.405+0000] {logging_mixin.py:190} INFO - Registro sem campo 'id': 9
[2024-10-25T02:14:35.405+0000] {logging_mixin.py:190} INFO - Registro sem campo 'id': 4
[2024-10-25T02:14:35.405+0000] {logging_mixin.py:190} INFO - Registro sem campo 'id': 3
[2024-10-25T02:14:35.406+0000] {logging_mixin.py:190} INFO - Registro sem campo 'id': 2
[2024-10-25T02:14:35.406+0000] {logging_mixin.py:190} INFO - Registro sem campo 'id': 1
[2024-10-25T02:14:35.407+0000] {logging_mixin.py:190} INFO - Registro sem campo 'id': -
[2024-10-25T02:14:35.407+0000] {logging_mixin.py:190} INFO - Registro sem campo 'id': 0
[2024-10-25T02:14:35.408+0000] {logging_mixin.py:190} INFO - Registro sem campo 'id': 9
[2024-10-25T02:14:35.408+0000] {logging_mixin.py:190} INFO - Registro sem campo 'id': 8
[2024-10-25T02:14:35.408+0000] {logging_mixin.py:190} INFO - Registro sem campo 'id': 7
[2024-10-25T02:14:35.409+0000] {logging_mixin.py:190} INFO - Registro sem campo 'id': '
[2024-10-25T02:14:35.409+0000] {logging_mixin.py:190} INFO - Registro sem campo 'id': ,
[2024-10-25T02:14:35.409+0000] {logging_mixin.py:190} INFO - Registro sem campo 'id':  
[2024-10-25T02:14:35.410+0000] {logging_mixin.py:190} INFO - Registro sem campo 'id': '
[2024-10-25T02:14:35.410+0000] {logging_mixin.py:190} INFO - Registro sem campo 'id': d
[2024-10-25T02:14:35.411+0000] {logging_mixin.py:190} INFO - Registro sem campo 'id': a
[2024-10-25T02:14:35.411+0000] {logging_mixin.py:190} INFO - Registro sem campo 'id': t
[2024-10-25T02:14:35.411+0000] {logging_mixin.py:190} INFO - Registro sem campo 'id': a
[2024-10-25T02:14:35.412+0000] {logging_mixin.py:190} INFO - Registro sem campo 'id': _
[2024-10-25T02:14:35.412+0000] {logging_mixin.py:190} INFO - Registro sem campo 'id': n
[2024-10-25T02:14:35.412+0000] {logging_mixin.py:190} INFO - Registro sem campo 'id': a
[2024-10-25T02:14:35.413+0000] {logging_mixin.py:190} INFO - Registro sem campo 'id': s
[2024-10-25T02:14:35.413+0000] {logging_mixin.py:190} INFO - Registro sem campo 'id': c
[2024-10-25T02:14:35.414+0000] {logging_mixin.py:190} INFO - Registro sem campo 'id': i
[2024-10-25T02:14:35.414+0000] {logging_mixin.py:190} INFO - Registro sem campo 'id': m
[2024-10-25T02:14:35.415+0000] {logging_mixin.py:190} INFO - Registro sem campo 'id': e
[2024-10-25T02:14:35.415+0000] {logging_mixin.py:190} INFO - Registro sem campo 'id': n
[2024-10-25T02:14:35.416+0000] {logging_mixin.py:190} INFO - Registro sem campo 'id': t
[2024-10-25T02:14:35.416+0000] {logging_mixin.py:190} INFO - Registro sem campo 'id': o
[2024-10-25T02:14:35.417+0000] {logging_mixin.py:190} INFO - Registro sem campo 'id': '
[2024-10-25T02:14:35.417+0000] {logging_mixin.py:190} INFO - Registro sem campo 'id': :
[2024-10-25T02:14:35.418+0000] {logging_mixin.py:190} INFO - Registro sem campo 'id':  
[2024-10-25T02:14:35.426+0000] {logging_mixin.py:190} INFO - Registro sem campo 'id': '
[2024-10-25T02:14:35.426+0000] {logging_mixin.py:190} INFO - Registro sem campo 'id': 1
[2024-10-25T02:14:35.427+0000] {logging_mixin.py:190} INFO - Registro sem campo 'id': 9
[2024-10-25T02:14:35.427+0000] {logging_mixin.py:190} INFO - Registro sem campo 'id': 9
[2024-10-25T02:14:35.428+0000] {logging_mixin.py:190} INFO - Registro sem campo 'id': 5
[2024-10-25T02:14:35.428+0000] {logging_mixin.py:190} INFO - Registro sem campo 'id': -
[2024-10-25T02:14:35.429+0000] {logging_mixin.py:190} INFO - Registro sem campo 'id': 0
[2024-10-25T02:14:35.429+0000] {logging_mixin.py:190} INFO - Registro sem campo 'id': 7
[2024-10-25T02:14:35.430+0000] {logging_mixin.py:190} INFO - Registro sem campo 'id': -
[2024-10-25T02:14:35.430+0000] {logging_mixin.py:190} INFO - Registro sem campo 'id': 3
[2024-10-25T02:14:35.430+0000] {logging_mixin.py:190} INFO - Registro sem campo 'id': 0
[2024-10-25T02:14:35.431+0000] {logging_mixin.py:190} INFO - Registro sem campo 'id': '
[2024-10-25T02:14:35.431+0000] {logging_mixin.py:190} INFO - Registro sem campo 'id': ,
[2024-10-25T02:14:35.432+0000] {logging_mixin.py:190} INFO - Registro sem campo 'id':  
[2024-10-25T02:14:35.432+0000] {logging_mixin.py:190} INFO - Registro sem campo 'id': '
[2024-10-25T02:14:35.432+0000] {logging_mixin.py:190} INFO - Registro sem campo 'id': s
[2024-10-25T02:14:35.433+0000] {logging_mixin.py:190} INFO - Registro sem campo 'id': e
[2024-10-25T02:14:35.433+0000] {logging_mixin.py:190} INFO - Registro sem campo 'id': x
[2024-10-25T02:14:35.434+0000] {logging_mixin.py:190} INFO - Registro sem campo 'id': o
[2024-10-25T02:14:35.434+0000] {logging_mixin.py:190} INFO - Registro sem campo 'id': '
[2024-10-25T02:14:35.434+0000] {logging_mixin.py:190} INFO - Registro sem campo 'id': :
[2024-10-25T02:14:35.435+0000] {logging_mixin.py:190} INFO - Registro sem campo 'id':  
[2024-10-25T02:14:35.441+0000] {logging_mixin.py:190} INFO - Registro sem campo 'id': '
[2024-10-25T02:14:35.442+0000] {logging_mixin.py:190} INFO - Registro sem campo 'id': F
[2024-10-25T02:14:35.442+0000] {logging_mixin.py:190} INFO - Registro sem campo 'id': e
[2024-10-25T02:14:35.443+0000] {logging_mixin.py:190} INFO - Registro sem campo 'id': m
[2024-10-25T02:14:35.443+0000] {logging_mixin.py:190} INFO - Registro sem campo 'id': i
[2024-10-25T02:14:35.444+0000] {logging_mixin.py:190} INFO - Registro sem campo 'id': n
[2024-10-25T02:14:35.444+0000] {logging_mixin.py:190} INFO - Registro sem campo 'id': i
[2024-10-25T02:14:35.444+0000] {logging_mixin.py:190} INFO - Registro sem campo 'id': n
[2024-10-25T02:14:35.445+0000] {logging_mixin.py:190} INFO - Registro sem campo 'id': o
[2024-10-25T02:14:35.445+0000] {logging_mixin.py:190} INFO - Registro sem campo 'id': '
[2024-10-25T02:14:35.446+0000] {logging_mixin.py:190} INFO - Registro sem campo 'id': ,
[2024-10-25T02:14:35.446+0000] {logging_mixin.py:190} INFO - Registro sem campo 'id':  
[2024-10-25T02:14:35.447+0000] {logging_mixin.py:190} INFO - Registro sem campo 'id': '
[2024-10-25T02:14:35.447+0000] {logging_mixin.py:190} INFO - Registro sem campo 'id': c
[2024-10-25T02:14:35.448+0000] {logging_mixin.py:190} INFO - Registro sem campo 'id': i
[2024-10-25T02:14:35.448+0000] {logging_mixin.py:190} INFO - Registro sem campo 'id': d
[2024-10-25T02:14:35.449+0000] {logging_mixin.py:190} INFO - Registro sem campo 'id': a
[2024-10-25T02:14:35.449+0000] {logging_mixin.py:190} INFO - Registro sem campo 'id': d
[2024-10-25T02:14:35.450+0000] {logging_mixin.py:190} INFO - Registro sem campo 'id': e
[2024-10-25T02:14:35.450+0000] {logging_mixin.py:190} INFO - Registro sem campo 'id': '
[2024-10-25T02:14:35.450+0000] {logging_mixin.py:190} INFO - Registro sem campo 'id': :
[2024-10-25T02:14:35.451+0000] {logging_mixin.py:190} INFO - Registro sem campo 'id':  
[2024-10-25T02:14:35.451+0000] {logging_mixin.py:190} INFO - Registro sem campo 'id': '
[2024-10-25T02:14:35.452+0000] {logging_mixin.py:190} INFO - Registro sem campo 'id': P
[2024-10-25T02:14:35.452+0000] {logging_mixin.py:190} INFO - Registro sem campo 'id': o
[2024-10-25T02:14:35.453+0000] {logging_mixin.py:190} INFO - Registro sem campo 'id': r
[2024-10-25T02:14:35.453+0000] {logging_mixin.py:190} INFO - Registro sem campo 'id': t
[2024-10-25T02:14:35.454+0000] {logging_mixin.py:190} INFO - Registro sem campo 'id': o
[2024-10-25T02:14:35.454+0000] {logging_mixin.py:190} INFO - Registro sem campo 'id':  
[2024-10-25T02:14:35.455+0000] {logging_mixin.py:190} INFO - Registro sem campo 'id': A
[2024-10-25T02:14:35.455+0000] {logging_mixin.py:190} INFO - Registro sem campo 'id': l
[2024-10-25T02:14:35.456+0000] {logging_mixin.py:190} INFO - Registro sem campo 'id': e
[2024-10-25T02:14:35.456+0000] {logging_mixin.py:190} INFO - Registro sem campo 'id': g
[2024-10-25T02:14:35.457+0000] {logging_mixin.py:190} INFO - Registro sem campo 'id': r
[2024-10-25T02:14:35.457+0000] {logging_mixin.py:190} INFO - Registro sem campo 'id': e
[2024-10-25T02:14:35.458+0000] {logging_mixin.py:190} INFO - Registro sem campo 'id': '
[2024-10-25T02:14:35.458+0000] {logging_mixin.py:190} INFO - Registro sem campo 'id': ,
[2024-10-25T02:14:35.459+0000] {logging_mixin.py:190} INFO - Registro sem campo 'id':  
[2024-10-25T02:14:35.459+0000] {logging_mixin.py:190} INFO - Registro sem campo 'id': '
[2024-10-25T02:14:35.460+0000] {logging_mixin.py:190} INFO - Registro sem campo 'id': e
[2024-10-25T02:14:35.460+0000] {logging_mixin.py:190} INFO - Registro sem campo 'id': s
[2024-10-25T02:14:35.461+0000] {logging_mixin.py:190} INFO - Registro sem campo 'id': t
[2024-10-25T02:14:35.461+0000] {logging_mixin.py:190} INFO - Registro sem campo 'id': a
[2024-10-25T02:14:35.461+0000] {logging_mixin.py:190} INFO - Registro sem campo 'id': d
[2024-10-25T02:14:35.462+0000] {logging_mixin.py:190} INFO - Registro sem campo 'id': o
[2024-10-25T02:14:35.462+0000] {logging_mixin.py:190} INFO - Registro sem campo 'id': '
[2024-10-25T02:14:35.463+0000] {logging_mixin.py:190} INFO - Registro sem campo 'id': :
[2024-10-25T02:14:35.463+0000] {logging_mixin.py:190} INFO - Registro sem campo 'id':  
[2024-10-25T02:14:35.464+0000] {logging_mixin.py:190} INFO - Registro sem campo 'id': '
[2024-10-25T02:14:35.464+0000] {logging_mixin.py:190} INFO - Registro sem campo 'id': R
[2024-10-25T02:14:35.464+0000] {logging_mixin.py:190} INFO - Registro sem campo 'id': S
[2024-10-25T02:14:35.465+0000] {logging_mixin.py:190} INFO - Registro sem campo 'id': '
[2024-10-25T02:14:35.465+0000] {logging_mixin.py:190} INFO - Registro sem campo 'id': }
[2024-10-25T02:14:35.466+0000] {logging_mixin.py:190} INFO - Registro sem campo 'id': ]
[2024-10-25T02:14:35.466+0000] {python.py:240} INFO - Done. Returned value was: []
[2024-10-25T02:14:35.493+0000] {taskinstance.py:340} INFO - ::group::Post task execution logs
[2024-10-25T02:14:35.493+0000] {taskinstance.py:352} INFO - Marking task as SUCCESS. dag_id=inserir_dados_mongodb, task_id=check_existing_data, run_id=manual__2024-10-25T02:14:30.892504+00:00, execution_date=20241025T021430, start_date=20241025T021434, end_date=20241025T021435
[2024-10-25T02:14:35.543+0000] {local_task_job_runner.py:266} INFO - Task exited with return code 0
[2024-10-25T02:14:35.565+0000] {taskinstance.py:3900} INFO - 1 downstream tasks scheduled from follow-on schedule check
[2024-10-25T02:14:35.568+0000] {local_task_job_runner.py:245} INFO - ::endgroup::
