[2024-10-25T19:52:06.736+0000] {local_task_job_runner.py:123} INFO - ::group::Pre task execution logs
[2024-10-25T19:52:06.765+0000] {taskinstance.py:2612} INFO - Dependencies all met for dep_context=non-requeueable deps ti=<TaskInstance: inserir_dados_mongodb.insert_data_to_mongo manual__2024-10-25T19:52:00.841702+00:00 [queued]>
[2024-10-25T19:52:06.790+0000] {taskinstance.py:2612} INFO - Dependencies all met for dep_context=requeueable deps ti=<TaskInstance: inserir_dados_mongodb.insert_data_to_mongo manual__2024-10-25T19:52:00.841702+00:00 [queued]>
[2024-10-25T19:52:06.792+0000] {taskinstance.py:2865} INFO - Starting attempt 1 of 2
[2024-10-25T19:52:06.820+0000] {taskinstance.py:2888} INFO - Executing <Task(PythonOperator): insert_data_to_mongo> on 2024-10-25 19:52:00.841702+00:00
[2024-10-25T19:52:06.828+0000] {warnings.py:112} WARNING - /home/***/.local/lib/python3.12/site-packages/***/task/task_runner/standard_task_runner.py:70: DeprecationWarning: This process (pid=599) is multi-threaded, use of fork() may lead to deadlocks in the child.
  pid = os.fork()

[2024-10-25T19:52:06.833+0000] {standard_task_runner.py:72} INFO - Started process 601 to run task
[2024-10-25T19:52:06.831+0000] {standard_task_runner.py:104} INFO - Running: ['***', 'tasks', 'run', 'inserir_dados_mongodb', 'insert_data_to_mongo', 'manual__2024-10-25T19:52:00.841702+00:00', '--job-id', '48', '--raw', '--subdir', 'DAGS_FOLDER/dag_save_mongodb_v3.py', '--cfg-path', '/tmp/tmpn6bmznpb']
[2024-10-25T19:52:06.836+0000] {standard_task_runner.py:105} INFO - Job 48: Subtask insert_data_to_mongo
[2024-10-25T19:52:06.940+0000] {task_command.py:467} INFO - Running <TaskInstance: inserir_dados_mongodb.insert_data_to_mongo manual__2024-10-25T19:52:00.841702+00:00 [running]> on host f31c2b905d22
[2024-10-25T19:52:07.084+0000] {taskinstance.py:3131} INFO - Exporting env vars: AIRFLOW_CTX_DAG_OWNER='user' AIRFLOW_CTX_DAG_ID='inserir_dados_mongodb' AIRFLOW_CTX_TASK_ID='insert_data_to_mongo' AIRFLOW_CTX_EXECUTION_DATE='2024-10-25T19:52:00.841702+00:00' AIRFLOW_CTX_TRY_NUMBER='1' AIRFLOW_CTX_DAG_RUN_ID='manual__2024-10-25T19:52:00.841702+00:00'
[2024-10-25T19:52:07.085+0000] {taskinstance.py:731} INFO - ::endgroup::
[2024-10-25T19:52:07.128+0000] {logging_mixin.py:190} INFO - Registro sem campo 'id': [
[2024-10-25T19:52:07.129+0000] {logging_mixin.py:190} INFO - Registro sem campo 'id': {
[2024-10-25T19:52:07.130+0000] {logging_mixin.py:190} INFO - Registro sem campo 'id': '
[2024-10-25T19:52:07.132+0000] {logging_mixin.py:190} INFO - Registro sem campo 'id': i
[2024-10-25T19:52:07.133+0000] {logging_mixin.py:190} INFO - Registro sem campo 'id': d
[2024-10-25T19:52:07.134+0000] {logging_mixin.py:190} INFO - Registro sem campo 'id': '
[2024-10-25T19:52:07.134+0000] {logging_mixin.py:190} INFO - Registro sem campo 'id': :
[2024-10-25T19:52:07.136+0000] {logging_mixin.py:190} INFO - Registro sem campo 'id':  
[2024-10-25T19:52:07.136+0000] {logging_mixin.py:190} INFO - Registro sem campo 'id': 1
[2024-10-25T19:52:07.137+0000] {logging_mixin.py:190} INFO - Registro sem campo 'id': ,
[2024-10-25T19:52:07.137+0000] {logging_mixin.py:190} INFO - Registro sem campo 'id':  
[2024-10-25T19:52:07.138+0000] {logging_mixin.py:190} INFO - Registro sem campo 'id': '
[2024-10-25T19:52:07.138+0000] {logging_mixin.py:190} INFO - Registro sem campo 'id': n
[2024-10-25T19:52:07.139+0000] {logging_mixin.py:190} INFO - Registro sem campo 'id': o
[2024-10-25T19:52:07.139+0000] {logging_mixin.py:190} INFO - Registro sem campo 'id': m
[2024-10-25T19:52:07.140+0000] {logging_mixin.py:190} INFO - Registro sem campo 'id': e
[2024-10-25T19:52:07.140+0000] {logging_mixin.py:190} INFO - Registro sem campo 'id': '
[2024-10-25T19:52:07.140+0000] {logging_mixin.py:190} INFO - Registro sem campo 'id': :
[2024-10-25T19:52:07.141+0000] {logging_mixin.py:190} INFO - Registro sem campo 'id':  
[2024-10-25T19:52:07.142+0000] {logging_mixin.py:190} INFO - Registro sem campo 'id': '
[2024-10-25T19:52:07.142+0000] {logging_mixin.py:190} INFO - Registro sem campo 'id': A
[2024-10-25T19:52:07.143+0000] {logging_mixin.py:190} INFO - Registro sem campo 'id': l
[2024-10-25T19:52:07.144+0000] {logging_mixin.py:190} INFO - Registro sem campo 'id': i
[2024-10-25T19:52:07.145+0000] {logging_mixin.py:190} INFO - Registro sem campo 'id': c
[2024-10-25T19:52:07.146+0000] {logging_mixin.py:190} INFO - Registro sem campo 'id': e
[2024-10-25T19:52:07.146+0000] {logging_mixin.py:190} INFO - Registro sem campo 'id':  
[2024-10-25T19:52:07.147+0000] {logging_mixin.py:190} INFO - Registro sem campo 'id': S
[2024-10-25T19:52:07.147+0000] {logging_mixin.py:190} INFO - Registro sem campo 'id': i
[2024-10-25T19:52:07.148+0000] {logging_mixin.py:190} INFO - Registro sem campo 'id': l
[2024-10-25T19:52:07.148+0000] {logging_mixin.py:190} INFO - Registro sem campo 'id': v
[2024-10-25T19:52:07.149+0000] {logging_mixin.py:190} INFO - Registro sem campo 'id': a
[2024-10-25T19:52:07.149+0000] {logging_mixin.py:190} INFO - Registro sem campo 'id': '
[2024-10-25T19:52:07.150+0000] {logging_mixin.py:190} INFO - Registro sem campo 'id': ,
[2024-10-25T19:52:07.150+0000] {logging_mixin.py:190} INFO - Registro sem campo 'id':  
[2024-10-25T19:52:07.151+0000] {logging_mixin.py:190} INFO - Registro sem campo 'id': '
[2024-10-25T19:52:07.151+0000] {logging_mixin.py:190} INFO - Registro sem campo 'id': e
[2024-10-25T19:52:07.151+0000] {logging_mixin.py:190} INFO - Registro sem campo 'id': m
[2024-10-25T19:52:07.152+0000] {logging_mixin.py:190} INFO - Registro sem campo 'id': a
[2024-10-25T19:52:07.152+0000] {logging_mixin.py:190} INFO - Registro sem campo 'id': i
[2024-10-25T19:52:07.153+0000] {logging_mixin.py:190} INFO - Registro sem campo 'id': l
[2024-10-25T19:52:07.153+0000] {logging_mixin.py:190} INFO - Registro sem campo 'id': '
[2024-10-25T19:52:07.154+0000] {logging_mixin.py:190} INFO - Registro sem campo 'id': :
[2024-10-25T19:52:07.154+0000] {logging_mixin.py:190} INFO - Registro sem campo 'id':  
[2024-10-25T19:52:07.155+0000] {logging_mixin.py:190} INFO - Registro sem campo 'id': '
[2024-10-25T19:52:07.155+0000] {logging_mixin.py:190} INFO - Registro sem campo 'id': a
[2024-10-25T19:52:07.155+0000] {logging_mixin.py:190} INFO - Registro sem campo 'id': l
[2024-10-25T19:52:07.156+0000] {logging_mixin.py:190} INFO - Registro sem campo 'id': i
[2024-10-25T19:52:07.157+0000] {logging_mixin.py:190} INFO - Registro sem campo 'id': c
[2024-10-25T19:52:07.157+0000] {logging_mixin.py:190} INFO - Registro sem campo 'id': e
[2024-10-25T19:52:07.158+0000] {logging_mixin.py:190} INFO - Registro sem campo 'id': .
[2024-10-25T19:52:07.159+0000] {logging_mixin.py:190} INFO - Registro sem campo 'id': s
[2024-10-25T19:52:07.159+0000] {logging_mixin.py:190} INFO - Registro sem campo 'id': i
[2024-10-25T19:52:07.160+0000] {logging_mixin.py:190} INFO - Registro sem campo 'id': l
[2024-10-25T19:52:07.160+0000] {logging_mixin.py:190} INFO - Registro sem campo 'id': v
[2024-10-25T19:52:07.160+0000] {logging_mixin.py:190} INFO - Registro sem campo 'id': a
[2024-10-25T19:52:07.161+0000] {logging_mixin.py:190} INFO - Registro sem campo 'id': @
[2024-10-25T19:52:07.162+0000] {logging_mixin.py:190} INFO - Registro sem campo 'id': e
[2024-10-25T19:52:07.163+0000] {logging_mixin.py:190} INFO - Registro sem campo 'id': m
[2024-10-25T19:52:07.164+0000] {logging_mixin.py:190} INFO - Registro sem campo 'id': a
[2024-10-25T19:52:07.164+0000] {logging_mixin.py:190} INFO - Registro sem campo 'id': i
[2024-10-25T19:52:07.164+0000] {logging_mixin.py:190} INFO - Registro sem campo 'id': l
[2024-10-25T19:52:07.165+0000] {logging_mixin.py:190} INFO - Registro sem campo 'id': .
[2024-10-25T19:52:07.165+0000] {logging_mixin.py:190} INFO - Registro sem campo 'id': c
[2024-10-25T19:52:07.166+0000] {logging_mixin.py:190} INFO - Registro sem campo 'id': o
[2024-10-25T19:52:07.166+0000] {logging_mixin.py:190} INFO - Registro sem campo 'id': m
[2024-10-25T19:52:07.167+0000] {logging_mixin.py:190} INFO - Registro sem campo 'id': '
[2024-10-25T19:52:07.167+0000] {logging_mixin.py:190} INFO - Registro sem campo 'id': ,
[2024-10-25T19:52:07.167+0000] {logging_mixin.py:190} INFO - Registro sem campo 'id':  
[2024-10-25T19:52:07.168+0000] {logging_mixin.py:190} INFO - Registro sem campo 'id': '
[2024-10-25T19:52:07.169+0000] {logging_mixin.py:190} INFO - Registro sem campo 'id': t
[2024-10-25T19:52:07.169+0000] {logging_mixin.py:190} INFO - Registro sem campo 'id': e
[2024-10-25T19:52:07.169+0000] {logging_mixin.py:190} INFO - Registro sem campo 'id': l
[2024-10-25T19:52:07.170+0000] {logging_mixin.py:190} INFO - Registro sem campo 'id': e
[2024-10-25T19:52:07.170+0000] {logging_mixin.py:190} INFO - Registro sem campo 'id': f
[2024-10-25T19:52:07.171+0000] {logging_mixin.py:190} INFO - Registro sem campo 'id': o
[2024-10-25T19:52:07.171+0000] {logging_mixin.py:190} INFO - Registro sem campo 'id': n
[2024-10-25T19:52:07.172+0000] {logging_mixin.py:190} INFO - Registro sem campo 'id': e
[2024-10-25T19:52:07.173+0000] {logging_mixin.py:190} INFO - Registro sem campo 'id': '
[2024-10-25T19:52:07.173+0000] {logging_mixin.py:190} INFO - Registro sem campo 'id': :
[2024-10-25T19:52:07.174+0000] {logging_mixin.py:190} INFO - Registro sem campo 'id':  
[2024-10-25T19:52:07.174+0000] {logging_mixin.py:190} INFO - Registro sem campo 'id': '
[2024-10-25T19:52:07.175+0000] {logging_mixin.py:190} INFO - Registro sem campo 'id': (
[2024-10-25T19:52:07.175+0000] {logging_mixin.py:190} INFO - Registro sem campo 'id': 1
[2024-10-25T19:52:07.176+0000] {logging_mixin.py:190} INFO - Registro sem campo 'id': 1
[2024-10-25T19:52:07.177+0000] {logging_mixin.py:190} INFO - Registro sem campo 'id': )
[2024-10-25T19:52:07.177+0000] {logging_mixin.py:190} INFO - Registro sem campo 'id':  
[2024-10-25T19:52:07.178+0000] {logging_mixin.py:190} INFO - Registro sem campo 'id': 9
[2024-10-25T19:52:07.179+0000] {logging_mixin.py:190} INFO - Registro sem campo 'id': 8
[2024-10-25T19:52:07.180+0000] {logging_mixin.py:190} INFO - Registro sem campo 'id': 7
[2024-10-25T19:52:07.180+0000] {logging_mixin.py:190} INFO - Registro sem campo 'id': 6
[2024-10-25T19:52:07.181+0000] {logging_mixin.py:190} INFO - Registro sem campo 'id': 5
[2024-10-25T19:52:07.182+0000] {logging_mixin.py:190} INFO - Registro sem campo 'id': -
[2024-10-25T19:52:07.183+0000] {logging_mixin.py:190} INFO - Registro sem campo 'id': 4
[2024-10-25T19:52:07.183+0000] {logging_mixin.py:190} INFO - Registro sem campo 'id': 3
[2024-10-25T19:52:07.184+0000] {logging_mixin.py:190} INFO - Registro sem campo 'id': 2
[2024-10-25T19:52:07.184+0000] {logging_mixin.py:190} INFO - Registro sem campo 'id': 1
[2024-10-25T19:52:07.184+0000] {logging_mixin.py:190} INFO - Registro sem campo 'id': '
[2024-10-25T19:52:07.185+0000] {logging_mixin.py:190} INFO - Registro sem campo 'id': ,
[2024-10-25T19:52:07.186+0000] {logging_mixin.py:190} INFO - Registro sem campo 'id':  
[2024-10-25T19:52:07.186+0000] {logging_mixin.py:190} INFO - Registro sem campo 'id': '
[2024-10-25T19:52:07.187+0000] {logging_mixin.py:190} INFO - Registro sem campo 'id': d
[2024-10-25T19:52:07.188+0000] {logging_mixin.py:190} INFO - Registro sem campo 'id': a
[2024-10-25T19:52:07.188+0000] {logging_mixin.py:190} INFO - Registro sem campo 'id': t
[2024-10-25T19:52:07.189+0000] {logging_mixin.py:190} INFO - Registro sem campo 'id': a
[2024-10-25T19:52:07.189+0000] {logging_mixin.py:190} INFO - Registro sem campo 'id': _
[2024-10-25T19:52:07.190+0000] {logging_mixin.py:190} INFO - Registro sem campo 'id': n
[2024-10-25T19:52:07.190+0000] {logging_mixin.py:190} INFO - Registro sem campo 'id': a
[2024-10-25T19:52:07.191+0000] {logging_mixin.py:190} INFO - Registro sem campo 'id': s
[2024-10-25T19:52:07.191+0000] {logging_mixin.py:190} INFO - Registro sem campo 'id': c
[2024-10-25T19:52:07.192+0000] {logging_mixin.py:190} INFO - Registro sem campo 'id': i
[2024-10-25T19:52:07.193+0000] {logging_mixin.py:190} INFO - Registro sem campo 'id': m
[2024-10-25T19:52:07.193+0000] {logging_mixin.py:190} INFO - Registro sem campo 'id': e
[2024-10-25T19:52:07.194+0000] {logging_mixin.py:190} INFO - Registro sem campo 'id': n
[2024-10-25T19:52:07.194+0000] {logging_mixin.py:190} INFO - Registro sem campo 'id': t
[2024-10-25T19:52:07.195+0000] {logging_mixin.py:190} INFO - Registro sem campo 'id': o
[2024-10-25T19:52:07.196+0000] {logging_mixin.py:190} INFO - Registro sem campo 'id': '
[2024-10-25T19:52:07.196+0000] {logging_mixin.py:190} INFO - Registro sem campo 'id': :
[2024-10-25T19:52:07.197+0000] {logging_mixin.py:190} INFO - Registro sem campo 'id':  
[2024-10-25T19:52:07.197+0000] {logging_mixin.py:190} INFO - Registro sem campo 'id': '
[2024-10-25T19:52:07.198+0000] {logging_mixin.py:190} INFO - Registro sem campo 'id': 1
[2024-10-25T19:52:07.198+0000] {logging_mixin.py:190} INFO - Registro sem campo 'id': 9
[2024-10-25T19:52:07.199+0000] {logging_mixin.py:190} INFO - Registro sem campo 'id': 9
[2024-10-25T19:52:07.200+0000] {logging_mixin.py:190} INFO - Registro sem campo 'id': 0
[2024-10-25T19:52:07.200+0000] {logging_mixin.py:190} INFO - Registro sem campo 'id': -
[2024-10-25T19:52:07.200+0000] {logging_mixin.py:190} INFO - Registro sem campo 'id': 0
[2024-10-25T19:52:07.201+0000] {logging_mixin.py:190} INFO - Registro sem campo 'id': 5
[2024-10-25T19:52:07.201+0000] {logging_mixin.py:190} INFO - Registro sem campo 'id': -
[2024-10-25T19:52:07.203+0000] {logging_mixin.py:190} INFO - Registro sem campo 'id': 1
[2024-10-25T19:52:07.203+0000] {logging_mixin.py:190} INFO - Registro sem campo 'id': 2
[2024-10-25T19:52:07.204+0000] {logging_mixin.py:190} INFO - Registro sem campo 'id': '
[2024-10-25T19:52:07.205+0000] {logging_mixin.py:190} INFO - Registro sem campo 'id': ,
[2024-10-25T19:52:07.205+0000] {logging_mixin.py:190} INFO - Registro sem campo 'id':  
[2024-10-25T19:52:07.206+0000] {logging_mixin.py:190} INFO - Registro sem campo 'id': '
[2024-10-25T19:52:07.206+0000] {logging_mixin.py:190} INFO - Registro sem campo 'id': s
[2024-10-25T19:52:07.207+0000] {logging_mixin.py:190} INFO - Registro sem campo 'id': e
[2024-10-25T19:52:07.207+0000] {logging_mixin.py:190} INFO - Registro sem campo 'id': x
[2024-10-25T19:52:07.208+0000] {logging_mixin.py:190} INFO - Registro sem campo 'id': o
[2024-10-25T19:52:07.209+0000] {logging_mixin.py:190} INFO - Registro sem campo 'id': '
[2024-10-25T19:52:07.210+0000] {logging_mixin.py:190} INFO - Registro sem campo 'id': :
[2024-10-25T19:52:07.210+0000] {logging_mixin.py:190} INFO - Registro sem campo 'id':  
[2024-10-25T19:52:07.211+0000] {logging_mixin.py:190} INFO - Registro sem campo 'id': '
[2024-10-25T19:52:07.212+0000] {logging_mixin.py:190} INFO - Registro sem campo 'id': F
[2024-10-25T19:52:07.212+0000] {logging_mixin.py:190} INFO - Registro sem campo 'id': e
[2024-10-25T19:52:07.213+0000] {logging_mixin.py:190} INFO - Registro sem campo 'id': m
[2024-10-25T19:52:07.214+0000] {logging_mixin.py:190} INFO - Registro sem campo 'id': i
[2024-10-25T19:52:07.214+0000] {logging_mixin.py:190} INFO - Registro sem campo 'id': n
[2024-10-25T19:52:07.215+0000] {logging_mixin.py:190} INFO - Registro sem campo 'id': i
[2024-10-25T19:52:07.215+0000] {logging_mixin.py:190} INFO - Registro sem campo 'id': n
[2024-10-25T19:52:07.216+0000] {logging_mixin.py:190} INFO - Registro sem campo 'id': o
[2024-10-25T19:52:07.216+0000] {logging_mixin.py:190} INFO - Registro sem campo 'id': '
[2024-10-25T19:52:07.216+0000] {logging_mixin.py:190} INFO - Registro sem campo 'id': ,
[2024-10-25T19:52:07.217+0000] {logging_mixin.py:190} INFO - Registro sem campo 'id':  
[2024-10-25T19:52:07.217+0000] {logging_mixin.py:190} INFO - Registro sem campo 'id': '
[2024-10-25T19:52:07.218+0000] {logging_mixin.py:190} INFO - Registro sem campo 'id': c
[2024-10-25T19:52:07.219+0000] {logging_mixin.py:190} INFO - Registro sem campo 'id': i
[2024-10-25T19:52:07.219+0000] {logging_mixin.py:190} INFO - Registro sem campo 'id': d
[2024-10-25T19:52:07.220+0000] {logging_mixin.py:190} INFO - Registro sem campo 'id': a
[2024-10-25T19:52:07.220+0000] {logging_mixin.py:190} INFO - Registro sem campo 'id': d
[2024-10-25T19:52:07.221+0000] {logging_mixin.py:190} INFO - Registro sem campo 'id': e
[2024-10-25T19:52:07.222+0000] {logging_mixin.py:190} INFO - Registro sem campo 'id': '
[2024-10-25T19:52:07.223+0000] {logging_mixin.py:190} INFO - Registro sem campo 'id': :
[2024-10-25T19:52:07.225+0000] {logging_mixin.py:190} INFO - Registro sem campo 'id':  
[2024-10-25T19:52:07.225+0000] {logging_mixin.py:190} INFO - Registro sem campo 'id': '
[2024-10-25T19:52:07.226+0000] {logging_mixin.py:190} INFO - Registro sem campo 'id': S
[2024-10-25T19:52:07.227+0000] {logging_mixin.py:190} INFO - Registro sem campo 'id': ã
[2024-10-25T19:52:07.227+0000] {logging_mixin.py:190} INFO - Registro sem campo 'id': o
[2024-10-25T19:52:07.228+0000] {logging_mixin.py:190} INFO - Registro sem campo 'id':  
[2024-10-25T19:52:07.229+0000] {logging_mixin.py:190} INFO - Registro sem campo 'id': P
[2024-10-25T19:52:07.230+0000] {logging_mixin.py:190} INFO - Registro sem campo 'id': a
[2024-10-25T19:52:07.230+0000] {logging_mixin.py:190} INFO - Registro sem campo 'id': u
[2024-10-25T19:52:07.230+0000] {logging_mixin.py:190} INFO - Registro sem campo 'id': l
[2024-10-25T19:52:07.231+0000] {logging_mixin.py:190} INFO - Registro sem campo 'id': o
[2024-10-25T19:52:07.231+0000] {logging_mixin.py:190} INFO - Registro sem campo 'id': '
[2024-10-25T19:52:07.232+0000] {logging_mixin.py:190} INFO - Registro sem campo 'id': ,
[2024-10-25T19:52:07.232+0000] {logging_mixin.py:190} INFO - Registro sem campo 'id':  
[2024-10-25T19:52:07.233+0000] {logging_mixin.py:190} INFO - Registro sem campo 'id': '
[2024-10-25T19:52:07.233+0000] {logging_mixin.py:190} INFO - Registro sem campo 'id': e
[2024-10-25T19:52:07.234+0000] {logging_mixin.py:190} INFO - Registro sem campo 'id': s
[2024-10-25T19:52:07.235+0000] {logging_mixin.py:190} INFO - Registro sem campo 'id': t
[2024-10-25T19:52:07.235+0000] {logging_mixin.py:190} INFO - Registro sem campo 'id': a
[2024-10-25T19:52:07.235+0000] {logging_mixin.py:190} INFO - Registro sem campo 'id': d
[2024-10-25T19:52:07.236+0000] {logging_mixin.py:190} INFO - Registro sem campo 'id': o
[2024-10-25T19:52:07.236+0000] {logging_mixin.py:190} INFO - Registro sem campo 'id': '
[2024-10-25T19:52:07.237+0000] {logging_mixin.py:190} INFO - Registro sem campo 'id': :
[2024-10-25T19:52:07.237+0000] {logging_mixin.py:190} INFO - Registro sem campo 'id':  
[2024-10-25T19:52:07.238+0000] {logging_mixin.py:190} INFO - Registro sem campo 'id': '
[2024-10-25T19:52:07.238+0000] {logging_mixin.py:190} INFO - Registro sem campo 'id': S
[2024-10-25T19:52:07.239+0000] {logging_mixin.py:190} INFO - Registro sem campo 'id': P
[2024-10-25T19:52:07.240+0000] {logging_mixin.py:190} INFO - Registro sem campo 'id': '
[2024-10-25T19:52:07.241+0000] {logging_mixin.py:190} INFO - Registro sem campo 'id': }
[2024-10-25T19:52:07.242+0000] {logging_mixin.py:190} INFO - Registro sem campo 'id': ,
[2024-10-25T19:52:07.242+0000] {logging_mixin.py:190} INFO - Registro sem campo 'id':  
[2024-10-25T19:52:07.243+0000] {logging_mixin.py:190} INFO - Registro sem campo 'id': {
[2024-10-25T19:52:07.243+0000] {logging_mixin.py:190} INFO - Registro sem campo 'id': '
[2024-10-25T19:52:07.244+0000] {logging_mixin.py:190} INFO - Registro sem campo 'id': i
[2024-10-25T19:52:07.244+0000] {logging_mixin.py:190} INFO - Registro sem campo 'id': d
[2024-10-25T19:52:07.245+0000] {logging_mixin.py:190} INFO - Registro sem campo 'id': '
[2024-10-25T19:52:07.246+0000] {logging_mixin.py:190} INFO - Registro sem campo 'id': :
[2024-10-25T19:52:07.246+0000] {logging_mixin.py:190} INFO - Registro sem campo 'id':  
[2024-10-25T19:52:07.247+0000] {logging_mixin.py:190} INFO - Registro sem campo 'id': 2
[2024-10-25T19:52:07.247+0000] {logging_mixin.py:190} INFO - Registro sem campo 'id': ,
[2024-10-25T19:52:07.247+0000] {logging_mixin.py:190} INFO - Registro sem campo 'id':  
[2024-10-25T19:52:07.248+0000] {logging_mixin.py:190} INFO - Registro sem campo 'id': '
[2024-10-25T19:52:07.248+0000] {logging_mixin.py:190} INFO - Registro sem campo 'id': n
[2024-10-25T19:52:07.249+0000] {logging_mixin.py:190} INFO - Registro sem campo 'id': o
[2024-10-25T19:52:07.249+0000] {logging_mixin.py:190} INFO - Registro sem campo 'id': m
[2024-10-25T19:52:07.249+0000] {logging_mixin.py:190} INFO - Registro sem campo 'id': e
[2024-10-25T19:52:07.250+0000] {logging_mixin.py:190} INFO - Registro sem campo 'id': '
[2024-10-25T19:52:07.250+0000] {logging_mixin.py:190} INFO - Registro sem campo 'id': :
[2024-10-25T19:52:07.251+0000] {logging_mixin.py:190} INFO - Registro sem campo 'id':  
[2024-10-25T19:52:07.251+0000] {logging_mixin.py:190} INFO - Registro sem campo 'id': '
[2024-10-25T19:52:07.252+0000] {logging_mixin.py:190} INFO - Registro sem campo 'id': B
[2024-10-25T19:52:07.252+0000] {logging_mixin.py:190} INFO - Registro sem campo 'id': o
[2024-10-25T19:52:07.253+0000] {logging_mixin.py:190} INFO - Registro sem campo 'id': b
[2024-10-25T19:52:07.253+0000] {logging_mixin.py:190} INFO - Registro sem campo 'id':  
[2024-10-25T19:52:07.253+0000] {logging_mixin.py:190} INFO - Registro sem campo 'id': O
[2024-10-25T19:52:07.254+0000] {logging_mixin.py:190} INFO - Registro sem campo 'id': l
[2024-10-25T19:52:07.254+0000] {logging_mixin.py:190} INFO - Registro sem campo 'id': i
[2024-10-25T19:52:07.255+0000] {logging_mixin.py:190} INFO - Registro sem campo 'id': v
[2024-10-25T19:52:07.255+0000] {logging_mixin.py:190} INFO - Registro sem campo 'id': e
[2024-10-25T19:52:07.256+0000] {logging_mixin.py:190} INFO - Registro sem campo 'id': i
[2024-10-25T19:52:07.256+0000] {logging_mixin.py:190} INFO - Registro sem campo 'id': r
[2024-10-25T19:52:07.257+0000] {logging_mixin.py:190} INFO - Registro sem campo 'id': a
[2024-10-25T19:52:07.258+0000] {logging_mixin.py:190} INFO - Registro sem campo 'id': '
[2024-10-25T19:52:07.259+0000] {logging_mixin.py:190} INFO - Registro sem campo 'id': ,
[2024-10-25T19:52:07.260+0000] {logging_mixin.py:190} INFO - Registro sem campo 'id':  
[2024-10-25T19:52:07.260+0000] {logging_mixin.py:190} INFO - Registro sem campo 'id': '
[2024-10-25T19:52:07.261+0000] {logging_mixin.py:190} INFO - Registro sem campo 'id': e
[2024-10-25T19:52:07.263+0000] {logging_mixin.py:190} INFO - Registro sem campo 'id': m
[2024-10-25T19:52:07.263+0000] {logging_mixin.py:190} INFO - Registro sem campo 'id': a
[2024-10-25T19:52:07.264+0000] {logging_mixin.py:190} INFO - Registro sem campo 'id': i
[2024-10-25T19:52:07.264+0000] {logging_mixin.py:190} INFO - Registro sem campo 'id': l
[2024-10-25T19:52:07.265+0000] {logging_mixin.py:190} INFO - Registro sem campo 'id': '
[2024-10-25T19:52:07.265+0000] {logging_mixin.py:190} INFO - Registro sem campo 'id': :
[2024-10-25T19:52:07.265+0000] {logging_mixin.py:190} INFO - Registro sem campo 'id':  
[2024-10-25T19:52:07.266+0000] {logging_mixin.py:190} INFO - Registro sem campo 'id': '
[2024-10-25T19:52:07.267+0000] {logging_mixin.py:190} INFO - Registro sem campo 'id': b
[2024-10-25T19:52:07.267+0000] {logging_mixin.py:190} INFO - Registro sem campo 'id': o
[2024-10-25T19:52:07.267+0000] {logging_mixin.py:190} INFO - Registro sem campo 'id': b
[2024-10-25T19:52:07.268+0000] {logging_mixin.py:190} INFO - Registro sem campo 'id': .
[2024-10-25T19:52:07.268+0000] {logging_mixin.py:190} INFO - Registro sem campo 'id': o
[2024-10-25T19:52:07.269+0000] {logging_mixin.py:190} INFO - Registro sem campo 'id': l
[2024-10-25T19:52:07.269+0000] {logging_mixin.py:190} INFO - Registro sem campo 'id': i
[2024-10-25T19:52:07.270+0000] {logging_mixin.py:190} INFO - Registro sem campo 'id': v
[2024-10-25T19:52:07.271+0000] {logging_mixin.py:190} INFO - Registro sem campo 'id': e
[2024-10-25T19:52:07.272+0000] {logging_mixin.py:190} INFO - Registro sem campo 'id': i
[2024-10-25T19:52:07.272+0000] {logging_mixin.py:190} INFO - Registro sem campo 'id': r
[2024-10-25T19:52:07.273+0000] {logging_mixin.py:190} INFO - Registro sem campo 'id': a
[2024-10-25T19:52:07.276+0000] {logging_mixin.py:190} INFO - Registro sem campo 'id': @
[2024-10-25T19:52:07.280+0000] {logging_mixin.py:190} INFO - Registro sem campo 'id': e
[2024-10-25T19:52:07.281+0000] {logging_mixin.py:190} INFO - Registro sem campo 'id': m
[2024-10-25T19:52:07.281+0000] {logging_mixin.py:190} INFO - Registro sem campo 'id': a
[2024-10-25T19:52:07.282+0000] {logging_mixin.py:190} INFO - Registro sem campo 'id': i
[2024-10-25T19:52:07.283+0000] {logging_mixin.py:190} INFO - Registro sem campo 'id': l
[2024-10-25T19:52:07.283+0000] {logging_mixin.py:190} INFO - Registro sem campo 'id': .
[2024-10-25T19:52:07.284+0000] {logging_mixin.py:190} INFO - Registro sem campo 'id': c
[2024-10-25T19:52:07.284+0000] {logging_mixin.py:190} INFO - Registro sem campo 'id': o
[2024-10-25T19:52:07.285+0000] {logging_mixin.py:190} INFO - Registro sem campo 'id': m
[2024-10-25T19:52:07.285+0000] {logging_mixin.py:190} INFO - Registro sem campo 'id': '
[2024-10-25T19:52:07.286+0000] {logging_mixin.py:190} INFO - Registro sem campo 'id': ,
[2024-10-25T19:52:07.286+0000] {logging_mixin.py:190} INFO - Registro sem campo 'id':  
[2024-10-25T19:52:07.286+0000] {logging_mixin.py:190} INFO - Registro sem campo 'id': '
[2024-10-25T19:52:07.287+0000] {logging_mixin.py:190} INFO - Registro sem campo 'id': t
[2024-10-25T19:52:07.287+0000] {logging_mixin.py:190} INFO - Registro sem campo 'id': e
[2024-10-25T19:52:07.288+0000] {logging_mixin.py:190} INFO - Registro sem campo 'id': l
[2024-10-25T19:52:07.288+0000] {logging_mixin.py:190} INFO - Registro sem campo 'id': e
[2024-10-25T19:52:07.289+0000] {logging_mixin.py:190} INFO - Registro sem campo 'id': f
[2024-10-25T19:52:07.289+0000] {logging_mixin.py:190} INFO - Registro sem campo 'id': o
[2024-10-25T19:52:07.290+0000] {logging_mixin.py:190} INFO - Registro sem campo 'id': n
[2024-10-25T19:52:07.290+0000] {logging_mixin.py:190} INFO - Registro sem campo 'id': e
[2024-10-25T19:52:07.290+0000] {logging_mixin.py:190} INFO - Registro sem campo 'id': '
[2024-10-25T19:52:07.291+0000] {logging_mixin.py:190} INFO - Registro sem campo 'id': :
[2024-10-25T19:52:07.291+0000] {logging_mixin.py:190} INFO - Registro sem campo 'id':  
[2024-10-25T19:52:07.292+0000] {logging_mixin.py:190} INFO - Registro sem campo 'id': '
[2024-10-25T19:52:07.292+0000] {logging_mixin.py:190} INFO - Registro sem campo 'id': (
[2024-10-25T19:52:07.293+0000] {logging_mixin.py:190} INFO - Registro sem campo 'id': 2
[2024-10-25T19:52:07.293+0000] {logging_mixin.py:190} INFO - Registro sem campo 'id': 1
[2024-10-25T19:52:07.297+0000] {logging_mixin.py:190} INFO - Registro sem campo 'id': )
[2024-10-25T19:52:07.297+0000] {logging_mixin.py:190} INFO - Registro sem campo 'id':  
[2024-10-25T19:52:07.298+0000] {logging_mixin.py:190} INFO - Registro sem campo 'id': 9
[2024-10-25T19:52:07.298+0000] {logging_mixin.py:190} INFO - Registro sem campo 'id': 7
[2024-10-25T19:52:07.299+0000] {logging_mixin.py:190} INFO - Registro sem campo 'id': 6
[2024-10-25T19:52:07.299+0000] {logging_mixin.py:190} INFO - Registro sem campo 'id': 5
[2024-10-25T19:52:07.300+0000] {logging_mixin.py:190} INFO - Registro sem campo 'id': 4
[2024-10-25T19:52:07.300+0000] {logging_mixin.py:190} INFO - Registro sem campo 'id': -
[2024-10-25T19:52:07.301+0000] {logging_mixin.py:190} INFO - Registro sem campo 'id': 3
[2024-10-25T19:52:07.302+0000] {logging_mixin.py:190} INFO - Registro sem campo 'id': 2
[2024-10-25T19:52:07.303+0000] {logging_mixin.py:190} INFO - Registro sem campo 'id': 1
[2024-10-25T19:52:07.303+0000] {logging_mixin.py:190} INFO - Registro sem campo 'id': 0
[2024-10-25T19:52:07.303+0000] {logging_mixin.py:190} INFO - Registro sem campo 'id': '
[2024-10-25T19:52:07.304+0000] {logging_mixin.py:190} INFO - Registro sem campo 'id': ,
[2024-10-25T19:52:07.304+0000] {logging_mixin.py:190} INFO - Registro sem campo 'id':  
[2024-10-25T19:52:07.305+0000] {logging_mixin.py:190} INFO - Registro sem campo 'id': '
[2024-10-25T19:52:07.306+0000] {logging_mixin.py:190} INFO - Registro sem campo 'id': d
[2024-10-25T19:52:07.306+0000] {logging_mixin.py:190} INFO - Registro sem campo 'id': a
[2024-10-25T19:52:07.306+0000] {logging_mixin.py:190} INFO - Registro sem campo 'id': t
[2024-10-25T19:52:07.307+0000] {logging_mixin.py:190} INFO - Registro sem campo 'id': a
[2024-10-25T19:52:07.307+0000] {logging_mixin.py:190} INFO - Registro sem campo 'id': _
[2024-10-25T19:52:07.308+0000] {logging_mixin.py:190} INFO - Registro sem campo 'id': n
[2024-10-25T19:52:07.308+0000] {logging_mixin.py:190} INFO - Registro sem campo 'id': a
[2024-10-25T19:52:07.309+0000] {logging_mixin.py:190} INFO - Registro sem campo 'id': s
[2024-10-25T19:52:07.309+0000] {logging_mixin.py:190} INFO - Registro sem campo 'id': c
[2024-10-25T19:52:07.310+0000] {logging_mixin.py:190} INFO - Registro sem campo 'id': i
[2024-10-25T19:52:07.310+0000] {logging_mixin.py:190} INFO - Registro sem campo 'id': m
[2024-10-25T19:52:07.311+0000] {logging_mixin.py:190} INFO - Registro sem campo 'id': e
[2024-10-25T19:52:07.314+0000] {logging_mixin.py:190} INFO - Registro sem campo 'id': n
[2024-10-25T19:52:07.315+0000] {logging_mixin.py:190} INFO - Registro sem campo 'id': t
[2024-10-25T19:52:07.315+0000] {logging_mixin.py:190} INFO - Registro sem campo 'id': o
[2024-10-25T19:52:07.315+0000] {logging_mixin.py:190} INFO - Registro sem campo 'id': '
[2024-10-25T19:52:07.316+0000] {logging_mixin.py:190} INFO - Registro sem campo 'id': :
[2024-10-25T19:52:07.316+0000] {logging_mixin.py:190} INFO - Registro sem campo 'id':  
[2024-10-25T19:52:07.317+0000] {logging_mixin.py:190} INFO - Registro sem campo 'id': '
[2024-10-25T19:52:07.317+0000] {logging_mixin.py:190} INFO - Registro sem campo 'id': 1
[2024-10-25T19:52:07.318+0000] {logging_mixin.py:190} INFO - Registro sem campo 'id': 9
[2024-10-25T19:52:07.318+0000] {logging_mixin.py:190} INFO - Registro sem campo 'id': 8
[2024-10-25T19:52:07.318+0000] {logging_mixin.py:190} INFO - Registro sem campo 'id': 5
[2024-10-25T19:52:07.319+0000] {logging_mixin.py:190} INFO - Registro sem campo 'id': -
[2024-10-25T19:52:07.319+0000] {logging_mixin.py:190} INFO - Registro sem campo 'id': 0
[2024-10-25T19:52:07.320+0000] {logging_mixin.py:190} INFO - Registro sem campo 'id': 8
[2024-10-25T19:52:07.320+0000] {logging_mixin.py:190} INFO - Registro sem campo 'id': -
[2024-10-25T19:52:07.320+0000] {logging_mixin.py:190} INFO - Registro sem campo 'id': 2
[2024-10-25T19:52:07.321+0000] {logging_mixin.py:190} INFO - Registro sem campo 'id': 3
[2024-10-25T19:52:07.322+0000] {logging_mixin.py:190} INFO - Registro sem campo 'id': '
[2024-10-25T19:52:07.322+0000] {logging_mixin.py:190} INFO - Registro sem campo 'id': ,
[2024-10-25T19:52:07.323+0000] {logging_mixin.py:190} INFO - Registro sem campo 'id':  
[2024-10-25T19:52:07.323+0000] {logging_mixin.py:190} INFO - Registro sem campo 'id': '
[2024-10-25T19:52:07.324+0000] {logging_mixin.py:190} INFO - Registro sem campo 'id': s
[2024-10-25T19:52:07.324+0000] {logging_mixin.py:190} INFO - Registro sem campo 'id': e
[2024-10-25T19:52:07.325+0000] {logging_mixin.py:190} INFO - Registro sem campo 'id': x
[2024-10-25T19:52:07.327+0000] {logging_mixin.py:190} INFO - Registro sem campo 'id': o
[2024-10-25T19:52:07.330+0000] {logging_mixin.py:190} INFO - Registro sem campo 'id': '
[2024-10-25T19:52:07.330+0000] {logging_mixin.py:190} INFO - Registro sem campo 'id': :
[2024-10-25T19:52:07.331+0000] {logging_mixin.py:190} INFO - Registro sem campo 'id':  
[2024-10-25T19:52:07.332+0000] {logging_mixin.py:190} INFO - Registro sem campo 'id': '
[2024-10-25T19:52:07.333+0000] {logging_mixin.py:190} INFO - Registro sem campo 'id': M
[2024-10-25T19:52:07.333+0000] {logging_mixin.py:190} INFO - Registro sem campo 'id': a
[2024-10-25T19:52:07.334+0000] {logging_mixin.py:190} INFO - Registro sem campo 'id': s
[2024-10-25T19:52:07.334+0000] {logging_mixin.py:190} INFO - Registro sem campo 'id': c
[2024-10-25T19:52:07.335+0000] {logging_mixin.py:190} INFO - Registro sem campo 'id': u
[2024-10-25T19:52:07.335+0000] {logging_mixin.py:190} INFO - Registro sem campo 'id': l
[2024-10-25T19:52:07.336+0000] {logging_mixin.py:190} INFO - Registro sem campo 'id': i
[2024-10-25T19:52:07.336+0000] {logging_mixin.py:190} INFO - Registro sem campo 'id': n
[2024-10-25T19:52:07.337+0000] {logging_mixin.py:190} INFO - Registro sem campo 'id': o
[2024-10-25T19:52:07.337+0000] {logging_mixin.py:190} INFO - Registro sem campo 'id': '
[2024-10-25T19:52:07.338+0000] {logging_mixin.py:190} INFO - Registro sem campo 'id': ,
[2024-10-25T19:52:07.338+0000] {logging_mixin.py:190} INFO - Registro sem campo 'id':  
[2024-10-25T19:52:07.338+0000] {logging_mixin.py:190} INFO - Registro sem campo 'id': '
[2024-10-25T19:52:07.339+0000] {logging_mixin.py:190} INFO - Registro sem campo 'id': c
[2024-10-25T19:52:07.339+0000] {logging_mixin.py:190} INFO - Registro sem campo 'id': i
[2024-10-25T19:52:07.340+0000] {logging_mixin.py:190} INFO - Registro sem campo 'id': d
[2024-10-25T19:52:07.340+0000] {logging_mixin.py:190} INFO - Registro sem campo 'id': a
[2024-10-25T19:52:07.341+0000] {logging_mixin.py:190} INFO - Registro sem campo 'id': d
[2024-10-25T19:52:07.342+0000] {logging_mixin.py:190} INFO - Registro sem campo 'id': e
[2024-10-25T19:52:07.343+0000] {logging_mixin.py:190} INFO - Registro sem campo 'id': '
[2024-10-25T19:52:07.344+0000] {logging_mixin.py:190} INFO - Registro sem campo 'id': :
[2024-10-25T19:52:07.346+0000] {logging_mixin.py:190} INFO - Registro sem campo 'id':  
[2024-10-25T19:52:07.347+0000] {logging_mixin.py:190} INFO - Registro sem campo 'id': '
[2024-10-25T19:52:07.348+0000] {logging_mixin.py:190} INFO - Registro sem campo 'id': R
[2024-10-25T19:52:07.348+0000] {logging_mixin.py:190} INFO - Registro sem campo 'id': i
[2024-10-25T19:52:07.349+0000] {logging_mixin.py:190} INFO - Registro sem campo 'id': o
[2024-10-25T19:52:07.349+0000] {logging_mixin.py:190} INFO - Registro sem campo 'id':  
[2024-10-25T19:52:07.350+0000] {logging_mixin.py:190} INFO - Registro sem campo 'id': d
[2024-10-25T19:52:07.350+0000] {logging_mixin.py:190} INFO - Registro sem campo 'id': e
[2024-10-25T19:52:07.351+0000] {logging_mixin.py:190} INFO - Registro sem campo 'id':  
[2024-10-25T19:52:07.351+0000] {logging_mixin.py:190} INFO - Registro sem campo 'id': J
[2024-10-25T19:52:07.352+0000] {logging_mixin.py:190} INFO - Registro sem campo 'id': a
[2024-10-25T19:52:07.352+0000] {logging_mixin.py:190} INFO - Registro sem campo 'id': n
[2024-10-25T19:52:07.352+0000] {logging_mixin.py:190} INFO - Registro sem campo 'id': e
[2024-10-25T19:52:07.353+0000] {logging_mixin.py:190} INFO - Registro sem campo 'id': i
[2024-10-25T19:52:07.353+0000] {logging_mixin.py:190} INFO - Registro sem campo 'id': r
[2024-10-25T19:52:07.354+0000] {logging_mixin.py:190} INFO - Registro sem campo 'id': o
[2024-10-25T19:52:07.354+0000] {logging_mixin.py:190} INFO - Registro sem campo 'id': '
[2024-10-25T19:52:07.354+0000] {logging_mixin.py:190} INFO - Registro sem campo 'id': ,
[2024-10-25T19:52:07.355+0000] {logging_mixin.py:190} INFO - Registro sem campo 'id':  
[2024-10-25T19:52:07.355+0000] {logging_mixin.py:190} INFO - Registro sem campo 'id': '
[2024-10-25T19:52:07.356+0000] {logging_mixin.py:190} INFO - Registro sem campo 'id': e
[2024-10-25T19:52:07.356+0000] {logging_mixin.py:190} INFO - Registro sem campo 'id': s
[2024-10-25T19:52:07.357+0000] {logging_mixin.py:190} INFO - Registro sem campo 'id': t
[2024-10-25T19:52:07.357+0000] {logging_mixin.py:190} INFO - Registro sem campo 'id': a
[2024-10-25T19:52:07.358+0000] {logging_mixin.py:190} INFO - Registro sem campo 'id': d
[2024-10-25T19:52:07.358+0000] {logging_mixin.py:190} INFO - Registro sem campo 'id': o
[2024-10-25T19:52:07.359+0000] {logging_mixin.py:190} INFO - Registro sem campo 'id': '
[2024-10-25T19:52:07.359+0000] {logging_mixin.py:190} INFO - Registro sem campo 'id': :
[2024-10-25T19:52:07.360+0000] {logging_mixin.py:190} INFO - Registro sem campo 'id':  
[2024-10-25T19:52:07.361+0000] {logging_mixin.py:190} INFO - Registro sem campo 'id': '
[2024-10-25T19:52:07.363+0000] {logging_mixin.py:190} INFO - Registro sem campo 'id': R
[2024-10-25T19:52:07.364+0000] {logging_mixin.py:190} INFO - Registro sem campo 'id': J
[2024-10-25T19:52:07.365+0000] {logging_mixin.py:190} INFO - Registro sem campo 'id': '
[2024-10-25T19:52:07.365+0000] {logging_mixin.py:190} INFO - Registro sem campo 'id': }
[2024-10-25T19:52:07.365+0000] {logging_mixin.py:190} INFO - Registro sem campo 'id': ,
[2024-10-25T19:52:07.366+0000] {logging_mixin.py:190} INFO - Registro sem campo 'id':  
[2024-10-25T19:52:07.366+0000] {logging_mixin.py:190} INFO - Registro sem campo 'id': {
[2024-10-25T19:52:07.367+0000] {logging_mixin.py:190} INFO - Registro sem campo 'id': '
[2024-10-25T19:52:07.367+0000] {logging_mixin.py:190} INFO - Registro sem campo 'id': i
[2024-10-25T19:52:07.368+0000] {logging_mixin.py:190} INFO - Registro sem campo 'id': d
[2024-10-25T19:52:07.368+0000] {logging_mixin.py:190} INFO - Registro sem campo 'id': '
[2024-10-25T19:52:07.368+0000] {logging_mixin.py:190} INFO - Registro sem campo 'id': :
[2024-10-25T19:52:07.369+0000] {logging_mixin.py:190} INFO - Registro sem campo 'id':  
[2024-10-25T19:52:07.369+0000] {logging_mixin.py:190} INFO - Registro sem campo 'id': 3
[2024-10-25T19:52:07.370+0000] {logging_mixin.py:190} INFO - Registro sem campo 'id': ,
[2024-10-25T19:52:07.370+0000] {logging_mixin.py:190} INFO - Registro sem campo 'id':  
[2024-10-25T19:52:07.371+0000] {logging_mixin.py:190} INFO - Registro sem campo 'id': '
[2024-10-25T19:52:07.371+0000] {logging_mixin.py:190} INFO - Registro sem campo 'id': n
[2024-10-25T19:52:07.372+0000] {logging_mixin.py:190} INFO - Registro sem campo 'id': o
[2024-10-25T19:52:07.372+0000] {logging_mixin.py:190} INFO - Registro sem campo 'id': m
[2024-10-25T19:52:07.372+0000] {logging_mixin.py:190} INFO - Registro sem campo 'id': e
[2024-10-25T19:52:07.373+0000] {logging_mixin.py:190} INFO - Registro sem campo 'id': '
[2024-10-25T19:52:07.374+0000] {logging_mixin.py:190} INFO - Registro sem campo 'id': :
[2024-10-25T19:52:07.375+0000] {logging_mixin.py:190} INFO - Registro sem campo 'id':  
[2024-10-25T19:52:07.375+0000] {logging_mixin.py:190} INFO - Registro sem campo 'id': '
[2024-10-25T19:52:07.376+0000] {logging_mixin.py:190} INFO - Registro sem campo 'id': C
[2024-10-25T19:52:07.376+0000] {logging_mixin.py:190} INFO - Registro sem campo 'id': a
[2024-10-25T19:52:07.377+0000] {logging_mixin.py:190} INFO - Registro sem campo 'id': r
[2024-10-25T19:52:07.377+0000] {logging_mixin.py:190} INFO - Registro sem campo 'id': l
[2024-10-25T19:52:07.378+0000] {logging_mixin.py:190} INFO - Registro sem campo 'id': a
[2024-10-25T19:52:07.378+0000] {logging_mixin.py:190} INFO - Registro sem campo 'id':  
[2024-10-25T19:52:07.379+0000] {logging_mixin.py:190} INFO - Registro sem campo 'id': S
[2024-10-25T19:52:07.379+0000] {logging_mixin.py:190} INFO - Registro sem campo 'id': a
[2024-10-25T19:52:07.380+0000] {logging_mixin.py:190} INFO - Registro sem campo 'id': n
[2024-10-25T19:52:07.381+0000] {logging_mixin.py:190} INFO - Registro sem campo 'id': t
[2024-10-25T19:52:07.381+0000] {logging_mixin.py:190} INFO - Registro sem campo 'id': o
[2024-10-25T19:52:07.382+0000] {logging_mixin.py:190} INFO - Registro sem campo 'id': s
[2024-10-25T19:52:07.382+0000] {logging_mixin.py:190} INFO - Registro sem campo 'id': '
[2024-10-25T19:52:07.382+0000] {logging_mixin.py:190} INFO - Registro sem campo 'id': ,
[2024-10-25T19:52:07.383+0000] {logging_mixin.py:190} INFO - Registro sem campo 'id':  
[2024-10-25T19:52:07.383+0000] {logging_mixin.py:190} INFO - Registro sem campo 'id': '
[2024-10-25T19:52:07.383+0000] {logging_mixin.py:190} INFO - Registro sem campo 'id': e
[2024-10-25T19:52:07.384+0000] {logging_mixin.py:190} INFO - Registro sem campo 'id': m
[2024-10-25T19:52:07.384+0000] {logging_mixin.py:190} INFO - Registro sem campo 'id': a
[2024-10-25T19:52:07.385+0000] {logging_mixin.py:190} INFO - Registro sem campo 'id': i
[2024-10-25T19:52:07.385+0000] {logging_mixin.py:190} INFO - Registro sem campo 'id': l
[2024-10-25T19:52:07.386+0000] {logging_mixin.py:190} INFO - Registro sem campo 'id': '
[2024-10-25T19:52:07.386+0000] {logging_mixin.py:190} INFO - Registro sem campo 'id': :
[2024-10-25T19:52:07.387+0000] {logging_mixin.py:190} INFO - Registro sem campo 'id':  
[2024-10-25T19:52:07.387+0000] {logging_mixin.py:190} INFO - Registro sem campo 'id': '
[2024-10-25T19:52:07.387+0000] {logging_mixin.py:190} INFO - Registro sem campo 'id': c
[2024-10-25T19:52:07.388+0000] {logging_mixin.py:190} INFO - Registro sem campo 'id': a
[2024-10-25T19:52:07.389+0000] {logging_mixin.py:190} INFO - Registro sem campo 'id': r
[2024-10-25T19:52:07.390+0000] {logging_mixin.py:190} INFO - Registro sem campo 'id': l
[2024-10-25T19:52:07.390+0000] {logging_mixin.py:190} INFO - Registro sem campo 'id': a
[2024-10-25T19:52:07.391+0000] {logging_mixin.py:190} INFO - Registro sem campo 'id': .
[2024-10-25T19:52:07.391+0000] {logging_mixin.py:190} INFO - Registro sem campo 'id': s
[2024-10-25T19:52:07.392+0000] {logging_mixin.py:190} INFO - Registro sem campo 'id': a
[2024-10-25T19:52:07.392+0000] {logging_mixin.py:190} INFO - Registro sem campo 'id': n
[2024-10-25T19:52:07.392+0000] {logging_mixin.py:190} INFO - Registro sem campo 'id': t
[2024-10-25T19:52:07.393+0000] {logging_mixin.py:190} INFO - Registro sem campo 'id': o
[2024-10-25T19:52:07.393+0000] {logging_mixin.py:190} INFO - Registro sem campo 'id': s
[2024-10-25T19:52:07.394+0000] {logging_mixin.py:190} INFO - Registro sem campo 'id': @
[2024-10-25T19:52:07.394+0000] {logging_mixin.py:190} INFO - Registro sem campo 'id': e
[2024-10-25T19:52:07.395+0000] {logging_mixin.py:190} INFO - Registro sem campo 'id': m
[2024-10-25T19:52:07.396+0000] {logging_mixin.py:190} INFO - Registro sem campo 'id': a
[2024-10-25T19:52:07.396+0000] {logging_mixin.py:190} INFO - Registro sem campo 'id': i
[2024-10-25T19:52:07.397+0000] {logging_mixin.py:190} INFO - Registro sem campo 'id': l
[2024-10-25T19:52:07.397+0000] {logging_mixin.py:190} INFO - Registro sem campo 'id': .
[2024-10-25T19:52:07.398+0000] {logging_mixin.py:190} INFO - Registro sem campo 'id': c
[2024-10-25T19:52:07.398+0000] {logging_mixin.py:190} INFO - Registro sem campo 'id': o
[2024-10-25T19:52:07.398+0000] {logging_mixin.py:190} INFO - Registro sem campo 'id': m
[2024-10-25T19:52:07.399+0000] {logging_mixin.py:190} INFO - Registro sem campo 'id': '
[2024-10-25T19:52:07.399+0000] {logging_mixin.py:190} INFO - Registro sem campo 'id': ,
[2024-10-25T19:52:07.400+0000] {logging_mixin.py:190} INFO - Registro sem campo 'id':  
[2024-10-25T19:52:07.400+0000] {logging_mixin.py:190} INFO - Registro sem campo 'id': '
[2024-10-25T19:52:07.400+0000] {logging_mixin.py:190} INFO - Registro sem campo 'id': t
[2024-10-25T19:52:07.401+0000] {logging_mixin.py:190} INFO - Registro sem campo 'id': e
[2024-10-25T19:52:07.401+0000] {logging_mixin.py:190} INFO - Registro sem campo 'id': l
[2024-10-25T19:52:07.401+0000] {logging_mixin.py:190} INFO - Registro sem campo 'id': e
[2024-10-25T19:52:07.402+0000] {logging_mixin.py:190} INFO - Registro sem campo 'id': f
[2024-10-25T19:52:07.403+0000] {logging_mixin.py:190} INFO - Registro sem campo 'id': o
[2024-10-25T19:52:07.403+0000] {logging_mixin.py:190} INFO - Registro sem campo 'id': n
[2024-10-25T19:52:07.403+0000] {logging_mixin.py:190} INFO - Registro sem campo 'id': e
[2024-10-25T19:52:07.404+0000] {logging_mixin.py:190} INFO - Registro sem campo 'id': '
[2024-10-25T19:52:07.404+0000] {logging_mixin.py:190} INFO - Registro sem campo 'id': :
[2024-10-25T19:52:07.405+0000] {logging_mixin.py:190} INFO - Registro sem campo 'id':  
[2024-10-25T19:52:07.405+0000] {logging_mixin.py:190} INFO - Registro sem campo 'id': '
[2024-10-25T19:52:07.406+0000] {logging_mixin.py:190} INFO - Registro sem campo 'id': (
[2024-10-25T19:52:07.406+0000] {logging_mixin.py:190} INFO - Registro sem campo 'id': 3
[2024-10-25T19:52:07.406+0000] {logging_mixin.py:190} INFO - Registro sem campo 'id': 1
[2024-10-25T19:52:07.407+0000] {logging_mixin.py:190} INFO - Registro sem campo 'id': )
[2024-10-25T19:52:07.408+0000] {logging_mixin.py:190} INFO - Registro sem campo 'id':  
[2024-10-25T19:52:07.408+0000] {logging_mixin.py:190} INFO - Registro sem campo 'id': 9
[2024-10-25T19:52:07.409+0000] {logging_mixin.py:190} INFO - Registro sem campo 'id': 6
[2024-10-25T19:52:07.409+0000] {logging_mixin.py:190} INFO - Registro sem campo 'id': 5
[2024-10-25T19:52:07.410+0000] {logging_mixin.py:190} INFO - Registro sem campo 'id': 4
[2024-10-25T19:52:07.410+0000] {logging_mixin.py:190} INFO - Registro sem campo 'id': 3
[2024-10-25T19:52:07.411+0000] {logging_mixin.py:190} INFO - Registro sem campo 'id': -
[2024-10-25T19:52:07.411+0000] {logging_mixin.py:190} INFO - Registro sem campo 'id': 2
[2024-10-25T19:52:07.412+0000] {logging_mixin.py:190} INFO - Registro sem campo 'id': 1
[2024-10-25T19:52:07.413+0000] {logging_mixin.py:190} INFO - Registro sem campo 'id': 0
[2024-10-25T19:52:07.413+0000] {logging_mixin.py:190} INFO - Registro sem campo 'id': 9
[2024-10-25T19:52:07.414+0000] {logging_mixin.py:190} INFO - Registro sem campo 'id': '
[2024-10-25T19:52:07.414+0000] {logging_mixin.py:190} INFO - Registro sem campo 'id': ,
[2024-10-25T19:52:07.414+0000] {logging_mixin.py:190} INFO - Registro sem campo 'id':  
[2024-10-25T19:52:07.415+0000] {logging_mixin.py:190} INFO - Registro sem campo 'id': '
[2024-10-25T19:52:07.415+0000] {logging_mixin.py:190} INFO - Registro sem campo 'id': d
[2024-10-25T19:52:07.416+0000] {logging_mixin.py:190} INFO - Registro sem campo 'id': a
[2024-10-25T19:52:07.416+0000] {logging_mixin.py:190} INFO - Registro sem campo 'id': t
[2024-10-25T19:52:07.416+0000] {logging_mixin.py:190} INFO - Registro sem campo 'id': a
[2024-10-25T19:52:07.417+0000] {logging_mixin.py:190} INFO - Registro sem campo 'id': _
[2024-10-25T19:52:07.417+0000] {logging_mixin.py:190} INFO - Registro sem campo 'id': n
[2024-10-25T19:52:07.418+0000] {logging_mixin.py:190} INFO - Registro sem campo 'id': a
[2024-10-25T19:52:07.418+0000] {logging_mixin.py:190} INFO - Registro sem campo 'id': s
[2024-10-25T19:52:07.418+0000] {logging_mixin.py:190} INFO - Registro sem campo 'id': c
[2024-10-25T19:52:07.419+0000] {logging_mixin.py:190} INFO - Registro sem campo 'id': i
[2024-10-25T19:52:07.419+0000] {logging_mixin.py:190} INFO - Registro sem campo 'id': m
[2024-10-25T19:52:07.420+0000] {logging_mixin.py:190} INFO - Registro sem campo 'id': e
[2024-10-25T19:52:07.420+0000] {logging_mixin.py:190} INFO - Registro sem campo 'id': n
[2024-10-25T19:52:07.420+0000] {logging_mixin.py:190} INFO - Registro sem campo 'id': t
[2024-10-25T19:52:07.421+0000] {logging_mixin.py:190} INFO - Registro sem campo 'id': o
[2024-10-25T19:52:07.421+0000] {logging_mixin.py:190} INFO - Registro sem campo 'id': '
[2024-10-25T19:52:07.422+0000] {logging_mixin.py:190} INFO - Registro sem campo 'id': :
[2024-10-25T19:52:07.423+0000] {logging_mixin.py:190} INFO - Registro sem campo 'id':  
[2024-10-25T19:52:07.423+0000] {logging_mixin.py:190} INFO - Registro sem campo 'id': '
[2024-10-25T19:52:07.424+0000] {logging_mixin.py:190} INFO - Registro sem campo 'id': 1
[2024-10-25T19:52:07.424+0000] {logging_mixin.py:190} INFO - Registro sem campo 'id': 9
[2024-10-25T19:52:07.425+0000] {logging_mixin.py:190} INFO - Registro sem campo 'id': 9
[2024-10-25T19:52:07.426+0000] {logging_mixin.py:190} INFO - Registro sem campo 'id': 2
[2024-10-25T19:52:07.426+0000] {logging_mixin.py:190} INFO - Registro sem campo 'id': -
[2024-10-25T19:52:07.426+0000] {logging_mixin.py:190} INFO - Registro sem campo 'id': 1
[2024-10-25T19:52:07.427+0000] {logging_mixin.py:190} INFO - Registro sem campo 'id': 2
[2024-10-25T19:52:07.427+0000] {logging_mixin.py:190} INFO - Registro sem campo 'id': -
[2024-10-25T19:52:07.428+0000] {logging_mixin.py:190} INFO - Registro sem campo 'id': 0
[2024-10-25T19:52:07.428+0000] {logging_mixin.py:190} INFO - Registro sem campo 'id': 1
[2024-10-25T19:52:07.429+0000] {logging_mixin.py:190} INFO - Registro sem campo 'id': '
[2024-10-25T19:52:07.429+0000] {logging_mixin.py:190} INFO - Registro sem campo 'id': ,
[2024-10-25T19:52:07.430+0000] {logging_mixin.py:190} INFO - Registro sem campo 'id':  
[2024-10-25T19:52:07.430+0000] {logging_mixin.py:190} INFO - Registro sem campo 'id': '
[2024-10-25T19:52:07.431+0000] {logging_mixin.py:190} INFO - Registro sem campo 'id': s
[2024-10-25T19:52:07.431+0000] {logging_mixin.py:190} INFO - Registro sem campo 'id': e
[2024-10-25T19:52:07.432+0000] {logging_mixin.py:190} INFO - Registro sem campo 'id': x
[2024-10-25T19:52:07.433+0000] {logging_mixin.py:190} INFO - Registro sem campo 'id': o
[2024-10-25T19:52:07.433+0000] {logging_mixin.py:190} INFO - Registro sem campo 'id': '
[2024-10-25T19:52:07.433+0000] {logging_mixin.py:190} INFO - Registro sem campo 'id': :
[2024-10-25T19:52:07.434+0000] {logging_mixin.py:190} INFO - Registro sem campo 'id':  
[2024-10-25T19:52:07.434+0000] {logging_mixin.py:190} INFO - Registro sem campo 'id': '
[2024-10-25T19:52:07.435+0000] {logging_mixin.py:190} INFO - Registro sem campo 'id': F
[2024-10-25T19:52:07.435+0000] {logging_mixin.py:190} INFO - Registro sem campo 'id': e
[2024-10-25T19:52:07.436+0000] {logging_mixin.py:190} INFO - Registro sem campo 'id': m
[2024-10-25T19:52:07.436+0000] {logging_mixin.py:190} INFO - Registro sem campo 'id': i
[2024-10-25T19:52:07.436+0000] {logging_mixin.py:190} INFO - Registro sem campo 'id': n
[2024-10-25T19:52:07.437+0000] {logging_mixin.py:190} INFO - Registro sem campo 'id': i
[2024-10-25T19:52:07.437+0000] {logging_mixin.py:190} INFO - Registro sem campo 'id': n
[2024-10-25T19:52:07.438+0000] {logging_mixin.py:190} INFO - Registro sem campo 'id': o
[2024-10-25T19:52:07.438+0000] {logging_mixin.py:190} INFO - Registro sem campo 'id': '
[2024-10-25T19:52:07.439+0000] {logging_mixin.py:190} INFO - Registro sem campo 'id': ,
[2024-10-25T19:52:07.439+0000] {logging_mixin.py:190} INFO - Registro sem campo 'id':  
[2024-10-25T19:52:07.440+0000] {logging_mixin.py:190} INFO - Registro sem campo 'id': '
[2024-10-25T19:52:07.440+0000] {logging_mixin.py:190} INFO - Registro sem campo 'id': c
[2024-10-25T19:52:07.441+0000] {logging_mixin.py:190} INFO - Registro sem campo 'id': i
[2024-10-25T19:52:07.441+0000] {logging_mixin.py:190} INFO - Registro sem campo 'id': d
[2024-10-25T19:52:07.442+0000] {logging_mixin.py:190} INFO - Registro sem campo 'id': a
[2024-10-25T19:52:07.443+0000] {logging_mixin.py:190} INFO - Registro sem campo 'id': d
[2024-10-25T19:52:07.443+0000] {logging_mixin.py:190} INFO - Registro sem campo 'id': e
[2024-10-25T19:52:07.443+0000] {logging_mixin.py:190} INFO - Registro sem campo 'id': '
[2024-10-25T19:52:07.444+0000] {logging_mixin.py:190} INFO - Registro sem campo 'id': :
[2024-10-25T19:52:07.444+0000] {logging_mixin.py:190} INFO - Registro sem campo 'id':  
[2024-10-25T19:52:07.445+0000] {logging_mixin.py:190} INFO - Registro sem campo 'id': '
[2024-10-25T19:52:07.446+0000] {logging_mixin.py:190} INFO - Registro sem campo 'id': B
[2024-10-25T19:52:07.446+0000] {logging_mixin.py:190} INFO - Registro sem campo 'id': e
[2024-10-25T19:52:07.447+0000] {logging_mixin.py:190} INFO - Registro sem campo 'id': l
[2024-10-25T19:52:07.447+0000] {logging_mixin.py:190} INFO - Registro sem campo 'id': o
[2024-10-25T19:52:07.448+0000] {logging_mixin.py:190} INFO - Registro sem campo 'id':  
[2024-10-25T19:52:07.448+0000] {logging_mixin.py:190} INFO - Registro sem campo 'id': H
[2024-10-25T19:52:07.449+0000] {logging_mixin.py:190} INFO - Registro sem campo 'id': o
[2024-10-25T19:52:07.449+0000] {logging_mixin.py:190} INFO - Registro sem campo 'id': r
[2024-10-25T19:52:07.449+0000] {logging_mixin.py:190} INFO - Registro sem campo 'id': i
[2024-10-25T19:52:07.450+0000] {logging_mixin.py:190} INFO - Registro sem campo 'id': z
[2024-10-25T19:52:07.450+0000] {logging_mixin.py:190} INFO - Registro sem campo 'id': o
[2024-10-25T19:52:07.451+0000] {logging_mixin.py:190} INFO - Registro sem campo 'id': n
[2024-10-25T19:52:07.451+0000] {logging_mixin.py:190} INFO - Registro sem campo 'id': t
[2024-10-25T19:52:07.451+0000] {logging_mixin.py:190} INFO - Registro sem campo 'id': e
[2024-10-25T19:52:07.452+0000] {logging_mixin.py:190} INFO - Registro sem campo 'id': '
[2024-10-25T19:52:07.452+0000] {logging_mixin.py:190} INFO - Registro sem campo 'id': ,
[2024-10-25T19:52:07.453+0000] {logging_mixin.py:190} INFO - Registro sem campo 'id':  
[2024-10-25T19:52:07.453+0000] {logging_mixin.py:190} INFO - Registro sem campo 'id': '
[2024-10-25T19:52:07.454+0000] {logging_mixin.py:190} INFO - Registro sem campo 'id': e
[2024-10-25T19:52:07.454+0000] {logging_mixin.py:190} INFO - Registro sem campo 'id': s
[2024-10-25T19:52:07.455+0000] {logging_mixin.py:190} INFO - Registro sem campo 'id': t
[2024-10-25T19:52:07.455+0000] {logging_mixin.py:190} INFO - Registro sem campo 'id': a
[2024-10-25T19:52:07.455+0000] {logging_mixin.py:190} INFO - Registro sem campo 'id': d
[2024-10-25T19:52:07.456+0000] {logging_mixin.py:190} INFO - Registro sem campo 'id': o
[2024-10-25T19:52:07.456+0000] {logging_mixin.py:190} INFO - Registro sem campo 'id': '
[2024-10-25T19:52:07.457+0000] {logging_mixin.py:190} INFO - Registro sem campo 'id': :
[2024-10-25T19:52:07.457+0000] {logging_mixin.py:190} INFO - Registro sem campo 'id':  
[2024-10-25T19:52:07.458+0000] {logging_mixin.py:190} INFO - Registro sem campo 'id': '
[2024-10-25T19:52:07.459+0000] {logging_mixin.py:190} INFO - Registro sem campo 'id': M
[2024-10-25T19:52:07.459+0000] {logging_mixin.py:190} INFO - Registro sem campo 'id': G
[2024-10-25T19:52:07.460+0000] {logging_mixin.py:190} INFO - Registro sem campo 'id': '
[2024-10-25T19:52:07.460+0000] {logging_mixin.py:190} INFO - Registro sem campo 'id': }
[2024-10-25T19:52:07.461+0000] {logging_mixin.py:190} INFO - Registro sem campo 'id': ,
[2024-10-25T19:52:07.461+0000] {logging_mixin.py:190} INFO - Registro sem campo 'id':  
[2024-10-25T19:52:07.462+0000] {logging_mixin.py:190} INFO - Registro sem campo 'id': {
[2024-10-25T19:52:07.463+0000] {logging_mixin.py:190} INFO - Registro sem campo 'id': '
[2024-10-25T19:52:07.463+0000] {logging_mixin.py:190} INFO - Registro sem campo 'id': i
[2024-10-25T19:52:07.464+0000] {logging_mixin.py:190} INFO - Registro sem campo 'id': d
[2024-10-25T19:52:07.464+0000] {logging_mixin.py:190} INFO - Registro sem campo 'id': '
[2024-10-25T19:52:07.465+0000] {logging_mixin.py:190} INFO - Registro sem campo 'id': :
[2024-10-25T19:52:07.465+0000] {logging_mixin.py:190} INFO - Registro sem campo 'id':  
[2024-10-25T19:52:07.465+0000] {logging_mixin.py:190} INFO - Registro sem campo 'id': 4
[2024-10-25T19:52:07.466+0000] {logging_mixin.py:190} INFO - Registro sem campo 'id': ,
[2024-10-25T19:52:07.466+0000] {logging_mixin.py:190} INFO - Registro sem campo 'id':  
[2024-10-25T19:52:07.467+0000] {logging_mixin.py:190} INFO - Registro sem campo 'id': '
[2024-10-25T19:52:07.467+0000] {logging_mixin.py:190} INFO - Registro sem campo 'id': n
[2024-10-25T19:52:07.467+0000] {logging_mixin.py:190} INFO - Registro sem campo 'id': o
[2024-10-25T19:52:07.468+0000] {logging_mixin.py:190} INFO - Registro sem campo 'id': m
[2024-10-25T19:52:07.468+0000] {logging_mixin.py:190} INFO - Registro sem campo 'id': e
[2024-10-25T19:52:07.469+0000] {logging_mixin.py:190} INFO - Registro sem campo 'id': '
[2024-10-25T19:52:07.470+0000] {logging_mixin.py:190} INFO - Registro sem campo 'id': :
[2024-10-25T19:52:07.470+0000] {logging_mixin.py:190} INFO - Registro sem campo 'id':  
[2024-10-25T19:52:07.470+0000] {logging_mixin.py:190} INFO - Registro sem campo 'id': '
[2024-10-25T19:52:07.471+0000] {logging_mixin.py:190} INFO - Registro sem campo 'id': D
[2024-10-25T19:52:07.471+0000] {logging_mixin.py:190} INFO - Registro sem campo 'id': a
[2024-10-25T19:52:07.472+0000] {logging_mixin.py:190} INFO - Registro sem campo 'id': n
[2024-10-25T19:52:07.472+0000] {logging_mixin.py:190} INFO - Registro sem campo 'id': i
[2024-10-25T19:52:07.473+0000] {logging_mixin.py:190} INFO - Registro sem campo 'id': e
[2024-10-25T19:52:07.473+0000] {logging_mixin.py:190} INFO - Registro sem campo 'id': l
[2024-10-25T19:52:07.474+0000] {logging_mixin.py:190} INFO - Registro sem campo 'id':  
[2024-10-25T19:52:07.474+0000] {logging_mixin.py:190} INFO - Registro sem campo 'id': C
[2024-10-25T19:52:07.475+0000] {logging_mixin.py:190} INFO - Registro sem campo 'id': o
[2024-10-25T19:52:07.475+0000] {logging_mixin.py:190} INFO - Registro sem campo 'id': s
[2024-10-25T19:52:07.476+0000] {logging_mixin.py:190} INFO - Registro sem campo 'id': t
[2024-10-25T19:52:07.476+0000] {logging_mixin.py:190} INFO - Registro sem campo 'id': a
[2024-10-25T19:52:07.477+0000] {logging_mixin.py:190} INFO - Registro sem campo 'id': '
[2024-10-25T19:52:07.477+0000] {logging_mixin.py:190} INFO - Registro sem campo 'id': ,
[2024-10-25T19:52:07.478+0000] {logging_mixin.py:190} INFO - Registro sem campo 'id':  
[2024-10-25T19:52:07.478+0000] {logging_mixin.py:190} INFO - Registro sem campo 'id': '
[2024-10-25T19:52:07.479+0000] {logging_mixin.py:190} INFO - Registro sem campo 'id': e
[2024-10-25T19:52:07.480+0000] {logging_mixin.py:190} INFO - Registro sem campo 'id': m
[2024-10-25T19:52:07.480+0000] {logging_mixin.py:190} INFO - Registro sem campo 'id': a
[2024-10-25T19:52:07.481+0000] {logging_mixin.py:190} INFO - Registro sem campo 'id': i
[2024-10-25T19:52:07.481+0000] {logging_mixin.py:190} INFO - Registro sem campo 'id': l
[2024-10-25T19:52:07.481+0000] {logging_mixin.py:190} INFO - Registro sem campo 'id': '
[2024-10-25T19:52:07.482+0000] {logging_mixin.py:190} INFO - Registro sem campo 'id': :
[2024-10-25T19:52:07.482+0000] {logging_mixin.py:190} INFO - Registro sem campo 'id':  
[2024-10-25T19:52:07.483+0000] {logging_mixin.py:190} INFO - Registro sem campo 'id': '
[2024-10-25T19:52:07.483+0000] {logging_mixin.py:190} INFO - Registro sem campo 'id': d
[2024-10-25T19:52:07.484+0000] {logging_mixin.py:190} INFO - Registro sem campo 'id': a
[2024-10-25T19:52:07.484+0000] {logging_mixin.py:190} INFO - Registro sem campo 'id': n
[2024-10-25T19:52:07.485+0000] {logging_mixin.py:190} INFO - Registro sem campo 'id': i
[2024-10-25T19:52:07.485+0000] {logging_mixin.py:190} INFO - Registro sem campo 'id': e
[2024-10-25T19:52:07.486+0000] {logging_mixin.py:190} INFO - Registro sem campo 'id': l
[2024-10-25T19:52:07.486+0000] {logging_mixin.py:190} INFO - Registro sem campo 'id': .
[2024-10-25T19:52:07.487+0000] {logging_mixin.py:190} INFO - Registro sem campo 'id': c
[2024-10-25T19:52:07.487+0000] {logging_mixin.py:190} INFO - Registro sem campo 'id': o
[2024-10-25T19:52:07.487+0000] {logging_mixin.py:190} INFO - Registro sem campo 'id': s
[2024-10-25T19:52:07.488+0000] {logging_mixin.py:190} INFO - Registro sem campo 'id': t
[2024-10-25T19:52:07.488+0000] {logging_mixin.py:190} INFO - Registro sem campo 'id': a
[2024-10-25T19:52:07.489+0000] {logging_mixin.py:190} INFO - Registro sem campo 'id': @
[2024-10-25T19:52:07.489+0000] {logging_mixin.py:190} INFO - Registro sem campo 'id': e
[2024-10-25T19:52:07.490+0000] {logging_mixin.py:190} INFO - Registro sem campo 'id': m
[2024-10-25T19:52:07.490+0000] {logging_mixin.py:190} INFO - Registro sem campo 'id': a
[2024-10-25T19:52:07.491+0000] {logging_mixin.py:190} INFO - Registro sem campo 'id': i
[2024-10-25T19:52:07.491+0000] {logging_mixin.py:190} INFO - Registro sem campo 'id': l
[2024-10-25T19:52:07.492+0000] {logging_mixin.py:190} INFO - Registro sem campo 'id': .
[2024-10-25T19:52:07.492+0000] {logging_mixin.py:190} INFO - Registro sem campo 'id': c
[2024-10-25T19:52:07.493+0000] {logging_mixin.py:190} INFO - Registro sem campo 'id': o
[2024-10-25T19:52:07.493+0000] {logging_mixin.py:190} INFO - Registro sem campo 'id': m
[2024-10-25T19:52:07.494+0000] {logging_mixin.py:190} INFO - Registro sem campo 'id': '
[2024-10-25T19:52:07.495+0000] {logging_mixin.py:190} INFO - Registro sem campo 'id': ,
[2024-10-25T19:52:07.495+0000] {logging_mixin.py:190} INFO - Registro sem campo 'id':  
[2024-10-25T19:52:07.496+0000] {logging_mixin.py:190} INFO - Registro sem campo 'id': '
[2024-10-25T19:52:07.497+0000] {logging_mixin.py:190} INFO - Registro sem campo 'id': t
[2024-10-25T19:52:07.497+0000] {logging_mixin.py:190} INFO - Registro sem campo 'id': e
[2024-10-25T19:52:07.498+0000] {logging_mixin.py:190} INFO - Registro sem campo 'id': l
[2024-10-25T19:52:07.498+0000] {logging_mixin.py:190} INFO - Registro sem campo 'id': e
[2024-10-25T19:52:07.498+0000] {logging_mixin.py:190} INFO - Registro sem campo 'id': f
[2024-10-25T19:52:07.499+0000] {logging_mixin.py:190} INFO - Registro sem campo 'id': o
[2024-10-25T19:52:07.499+0000] {logging_mixin.py:190} INFO - Registro sem campo 'id': n
[2024-10-25T19:52:07.500+0000] {logging_mixin.py:190} INFO - Registro sem campo 'id': e
[2024-10-25T19:52:07.500+0000] {logging_mixin.py:190} INFO - Registro sem campo 'id': '
[2024-10-25T19:52:07.500+0000] {logging_mixin.py:190} INFO - Registro sem campo 'id': :
[2024-10-25T19:52:07.501+0000] {logging_mixin.py:190} INFO - Registro sem campo 'id':  
[2024-10-25T19:52:07.501+0000] {logging_mixin.py:190} INFO - Registro sem campo 'id': '
[2024-10-25T19:52:07.502+0000] {logging_mixin.py:190} INFO - Registro sem campo 'id': (
[2024-10-25T19:52:07.502+0000] {logging_mixin.py:190} INFO - Registro sem campo 'id': 4
[2024-10-25T19:52:07.503+0000] {logging_mixin.py:190} INFO - Registro sem campo 'id': 1
[2024-10-25T19:52:07.503+0000] {logging_mixin.py:190} INFO - Registro sem campo 'id': )
[2024-10-25T19:52:07.504+0000] {logging_mixin.py:190} INFO - Registro sem campo 'id':  
[2024-10-25T19:52:07.504+0000] {logging_mixin.py:190} INFO - Registro sem campo 'id': 9
[2024-10-25T19:52:07.505+0000] {logging_mixin.py:190} INFO - Registro sem campo 'id': 5
[2024-10-25T19:52:07.505+0000] {logging_mixin.py:190} INFO - Registro sem campo 'id': 4
[2024-10-25T19:52:07.505+0000] {logging_mixin.py:190} INFO - Registro sem campo 'id': 3
[2024-10-25T19:52:07.506+0000] {logging_mixin.py:190} INFO - Registro sem campo 'id': 2
[2024-10-25T19:52:07.506+0000] {logging_mixin.py:190} INFO - Registro sem campo 'id': -
[2024-10-25T19:52:07.507+0000] {logging_mixin.py:190} INFO - Registro sem campo 'id': 1
[2024-10-25T19:52:07.508+0000] {logging_mixin.py:190} INFO - Registro sem campo 'id': 0
[2024-10-25T19:52:07.508+0000] {logging_mixin.py:190} INFO - Registro sem campo 'id': 9
[2024-10-25T19:52:07.509+0000] {logging_mixin.py:190} INFO - Registro sem campo 'id': 8
[2024-10-25T19:52:07.509+0000] {logging_mixin.py:190} INFO - Registro sem campo 'id': '
[2024-10-25T19:52:07.510+0000] {logging_mixin.py:190} INFO - Registro sem campo 'id': ,
[2024-10-25T19:52:07.510+0000] {logging_mixin.py:190} INFO - Registro sem campo 'id':  
[2024-10-25T19:52:07.510+0000] {logging_mixin.py:190} INFO - Registro sem campo 'id': '
[2024-10-25T19:52:07.511+0000] {logging_mixin.py:190} INFO - Registro sem campo 'id': d
[2024-10-25T19:52:07.511+0000] {logging_mixin.py:190} INFO - Registro sem campo 'id': a
[2024-10-25T19:52:07.512+0000] {logging_mixin.py:190} INFO - Registro sem campo 'id': t
[2024-10-25T19:52:07.513+0000] {logging_mixin.py:190} INFO - Registro sem campo 'id': a
[2024-10-25T19:52:07.513+0000] {logging_mixin.py:190} INFO - Registro sem campo 'id': _
[2024-10-25T19:52:07.514+0000] {logging_mixin.py:190} INFO - Registro sem campo 'id': n
[2024-10-25T19:52:07.514+0000] {logging_mixin.py:190} INFO - Registro sem campo 'id': a
[2024-10-25T19:52:07.514+0000] {logging_mixin.py:190} INFO - Registro sem campo 'id': s
[2024-10-25T19:52:07.515+0000] {logging_mixin.py:190} INFO - Registro sem campo 'id': c
[2024-10-25T19:52:07.515+0000] {logging_mixin.py:190} INFO - Registro sem campo 'id': i
[2024-10-25T19:52:07.515+0000] {logging_mixin.py:190} INFO - Registro sem campo 'id': m
[2024-10-25T19:52:07.516+0000] {logging_mixin.py:190} INFO - Registro sem campo 'id': e
[2024-10-25T19:52:07.516+0000] {logging_mixin.py:190} INFO - Registro sem campo 'id': n
[2024-10-25T19:52:07.517+0000] {logging_mixin.py:190} INFO - Registro sem campo 'id': t
[2024-10-25T19:52:07.517+0000] {logging_mixin.py:190} INFO - Registro sem campo 'id': o
[2024-10-25T19:52:07.517+0000] {logging_mixin.py:190} INFO - Registro sem campo 'id': '
[2024-10-25T19:52:07.518+0000] {logging_mixin.py:190} INFO - Registro sem campo 'id': :
[2024-10-25T19:52:07.518+0000] {logging_mixin.py:190} INFO - Registro sem campo 'id':  
[2024-10-25T19:52:07.518+0000] {logging_mixin.py:190} INFO - Registro sem campo 'id': '
[2024-10-25T19:52:07.519+0000] {logging_mixin.py:190} INFO - Registro sem campo 'id': 1
[2024-10-25T19:52:07.519+0000] {logging_mixin.py:190} INFO - Registro sem campo 'id': 9
[2024-10-25T19:52:07.520+0000] {logging_mixin.py:190} INFO - Registro sem campo 'id': 8
[2024-10-25T19:52:07.520+0000] {logging_mixin.py:190} INFO - Registro sem campo 'id': 8
[2024-10-25T19:52:07.521+0000] {logging_mixin.py:190} INFO - Registro sem campo 'id': -
[2024-10-25T19:52:07.521+0000] {logging_mixin.py:190} INFO - Registro sem campo 'id': 0
[2024-10-25T19:52:07.521+0000] {logging_mixin.py:190} INFO - Registro sem campo 'id': 3
[2024-10-25T19:52:07.522+0000] {logging_mixin.py:190} INFO - Registro sem campo 'id': -
[2024-10-25T19:52:07.522+0000] {logging_mixin.py:190} INFO - Registro sem campo 'id': 1
[2024-10-25T19:52:07.523+0000] {logging_mixin.py:190} INFO - Registro sem campo 'id': 5
[2024-10-25T19:52:07.524+0000] {logging_mixin.py:190} INFO - Registro sem campo 'id': '
[2024-10-25T19:52:07.524+0000] {logging_mixin.py:190} INFO - Registro sem campo 'id': ,
[2024-10-25T19:52:07.525+0000] {logging_mixin.py:190} INFO - Registro sem campo 'id':  
[2024-10-25T19:52:07.526+0000] {logging_mixin.py:190} INFO - Registro sem campo 'id': '
[2024-10-25T19:52:07.526+0000] {logging_mixin.py:190} INFO - Registro sem campo 'id': s
[2024-10-25T19:52:07.527+0000] {logging_mixin.py:190} INFO - Registro sem campo 'id': e
[2024-10-25T19:52:07.527+0000] {logging_mixin.py:190} INFO - Registro sem campo 'id': x
[2024-10-25T19:52:07.528+0000] {logging_mixin.py:190} INFO - Registro sem campo 'id': o
[2024-10-25T19:52:07.528+0000] {logging_mixin.py:190} INFO - Registro sem campo 'id': '
[2024-10-25T19:52:07.529+0000] {logging_mixin.py:190} INFO - Registro sem campo 'id': :
[2024-10-25T19:52:07.529+0000] {logging_mixin.py:190} INFO - Registro sem campo 'id':  
[2024-10-25T19:52:07.530+0000] {logging_mixin.py:190} INFO - Registro sem campo 'id': '
[2024-10-25T19:52:07.530+0000] {logging_mixin.py:190} INFO - Registro sem campo 'id': M
[2024-10-25T19:52:07.531+0000] {logging_mixin.py:190} INFO - Registro sem campo 'id': a
[2024-10-25T19:52:07.531+0000] {logging_mixin.py:190} INFO - Registro sem campo 'id': s
[2024-10-25T19:52:07.532+0000] {logging_mixin.py:190} INFO - Registro sem campo 'id': c
[2024-10-25T19:52:07.532+0000] {logging_mixin.py:190} INFO - Registro sem campo 'id': u
[2024-10-25T19:52:07.532+0000] {logging_mixin.py:190} INFO - Registro sem campo 'id': l
[2024-10-25T19:52:07.533+0000] {logging_mixin.py:190} INFO - Registro sem campo 'id': i
[2024-10-25T19:52:07.533+0000] {logging_mixin.py:190} INFO - Registro sem campo 'id': n
[2024-10-25T19:52:07.534+0000] {logging_mixin.py:190} INFO - Registro sem campo 'id': o
[2024-10-25T19:52:07.534+0000] {logging_mixin.py:190} INFO - Registro sem campo 'id': '
[2024-10-25T19:52:07.534+0000] {logging_mixin.py:190} INFO - Registro sem campo 'id': ,
[2024-10-25T19:52:07.535+0000] {logging_mixin.py:190} INFO - Registro sem campo 'id':  
[2024-10-25T19:52:07.535+0000] {logging_mixin.py:190} INFO - Registro sem campo 'id': '
[2024-10-25T19:52:07.536+0000] {logging_mixin.py:190} INFO - Registro sem campo 'id': c
[2024-10-25T19:52:07.536+0000] {logging_mixin.py:190} INFO - Registro sem campo 'id': i
[2024-10-25T19:52:07.536+0000] {logging_mixin.py:190} INFO - Registro sem campo 'id': d
[2024-10-25T19:52:07.537+0000] {logging_mixin.py:190} INFO - Registro sem campo 'id': a
[2024-10-25T19:52:07.537+0000] {logging_mixin.py:190} INFO - Registro sem campo 'id': d
[2024-10-25T19:52:07.538+0000] {logging_mixin.py:190} INFO - Registro sem campo 'id': e
[2024-10-25T19:52:07.538+0000] {logging_mixin.py:190} INFO - Registro sem campo 'id': '
[2024-10-25T19:52:07.538+0000] {logging_mixin.py:190} INFO - Registro sem campo 'id': :
[2024-10-25T19:52:07.539+0000] {logging_mixin.py:190} INFO - Registro sem campo 'id':  
[2024-10-25T19:52:07.540+0000] {logging_mixin.py:190} INFO - Registro sem campo 'id': '
[2024-10-25T19:52:07.541+0000] {logging_mixin.py:190} INFO - Registro sem campo 'id': C
[2024-10-25T19:52:07.541+0000] {logging_mixin.py:190} INFO - Registro sem campo 'id': u
[2024-10-25T19:52:07.542+0000] {logging_mixin.py:190} INFO - Registro sem campo 'id': r
[2024-10-25T19:52:07.542+0000] {logging_mixin.py:190} INFO - Registro sem campo 'id': i
[2024-10-25T19:52:07.543+0000] {logging_mixin.py:190} INFO - Registro sem campo 'id': t
[2024-10-25T19:52:07.543+0000] {logging_mixin.py:190} INFO - Registro sem campo 'id': i
[2024-10-25T19:52:07.544+0000] {logging_mixin.py:190} INFO - Registro sem campo 'id': b
[2024-10-25T19:52:07.544+0000] {logging_mixin.py:190} INFO - Registro sem campo 'id': a
[2024-10-25T19:52:07.545+0000] {logging_mixin.py:190} INFO - Registro sem campo 'id': '
[2024-10-25T19:52:07.546+0000] {logging_mixin.py:190} INFO - Registro sem campo 'id': ,
[2024-10-25T19:52:07.546+0000] {logging_mixin.py:190} INFO - Registro sem campo 'id':  
[2024-10-25T19:52:07.546+0000] {logging_mixin.py:190} INFO - Registro sem campo 'id': '
[2024-10-25T19:52:07.547+0000] {logging_mixin.py:190} INFO - Registro sem campo 'id': e
[2024-10-25T19:52:07.547+0000] {logging_mixin.py:190} INFO - Registro sem campo 'id': s
[2024-10-25T19:52:07.548+0000] {logging_mixin.py:190} INFO - Registro sem campo 'id': t
[2024-10-25T19:52:07.548+0000] {logging_mixin.py:190} INFO - Registro sem campo 'id': a
[2024-10-25T19:52:07.548+0000] {logging_mixin.py:190} INFO - Registro sem campo 'id': d
[2024-10-25T19:52:07.549+0000] {logging_mixin.py:190} INFO - Registro sem campo 'id': o
[2024-10-25T19:52:07.549+0000] {logging_mixin.py:190} INFO - Registro sem campo 'id': '
[2024-10-25T19:52:07.549+0000] {logging_mixin.py:190} INFO - Registro sem campo 'id': :
[2024-10-25T19:52:07.550+0000] {logging_mixin.py:190} INFO - Registro sem campo 'id':  
[2024-10-25T19:52:07.550+0000] {logging_mixin.py:190} INFO - Registro sem campo 'id': '
[2024-10-25T19:52:07.551+0000] {logging_mixin.py:190} INFO - Registro sem campo 'id': P
[2024-10-25T19:52:07.551+0000] {logging_mixin.py:190} INFO - Registro sem campo 'id': R
[2024-10-25T19:52:07.551+0000] {logging_mixin.py:190} INFO - Registro sem campo 'id': '
[2024-10-25T19:52:07.552+0000] {logging_mixin.py:190} INFO - Registro sem campo 'id': }
[2024-10-25T19:52:07.552+0000] {logging_mixin.py:190} INFO - Registro sem campo 'id': ,
[2024-10-25T19:52:07.553+0000] {logging_mixin.py:190} INFO - Registro sem campo 'id':  
[2024-10-25T19:52:07.553+0000] {logging_mixin.py:190} INFO - Registro sem campo 'id': {
[2024-10-25T19:52:07.554+0000] {logging_mixin.py:190} INFO - Registro sem campo 'id': '
[2024-10-25T19:52:07.554+0000] {logging_mixin.py:190} INFO - Registro sem campo 'id': i
[2024-10-25T19:52:07.554+0000] {logging_mixin.py:190} INFO - Registro sem campo 'id': d
[2024-10-25T19:52:07.555+0000] {logging_mixin.py:190} INFO - Registro sem campo 'id': '
[2024-10-25T19:52:07.555+0000] {logging_mixin.py:190} INFO - Registro sem campo 'id': :
[2024-10-25T19:52:07.556+0000] {logging_mixin.py:190} INFO - Registro sem campo 'id':  
[2024-10-25T19:52:07.556+0000] {logging_mixin.py:190} INFO - Registro sem campo 'id': 5
[2024-10-25T19:52:07.557+0000] {logging_mixin.py:190} INFO - Registro sem campo 'id': ,
[2024-10-25T19:52:07.558+0000] {logging_mixin.py:190} INFO - Registro sem campo 'id':  
[2024-10-25T19:52:07.559+0000] {logging_mixin.py:190} INFO - Registro sem campo 'id': '
[2024-10-25T19:52:07.559+0000] {logging_mixin.py:190} INFO - Registro sem campo 'id': n
[2024-10-25T19:52:07.559+0000] {logging_mixin.py:190} INFO - Registro sem campo 'id': o
[2024-10-25T19:52:07.560+0000] {logging_mixin.py:190} INFO - Registro sem campo 'id': m
[2024-10-25T19:52:07.560+0000] {logging_mixin.py:190} INFO - Registro sem campo 'id': e
[2024-10-25T19:52:07.561+0000] {logging_mixin.py:190} INFO - Registro sem campo 'id': '
[2024-10-25T19:52:07.561+0000] {logging_mixin.py:190} INFO - Registro sem campo 'id': :
[2024-10-25T19:52:07.562+0000] {logging_mixin.py:190} INFO - Registro sem campo 'id':  
[2024-10-25T19:52:07.563+0000] {logging_mixin.py:190} INFO - Registro sem campo 'id': '
[2024-10-25T19:52:07.563+0000] {logging_mixin.py:190} INFO - Registro sem campo 'id': E
[2024-10-25T19:52:07.563+0000] {logging_mixin.py:190} INFO - Registro sem campo 'id': l
[2024-10-25T19:52:07.564+0000] {logging_mixin.py:190} INFO - Registro sem campo 'id': e
[2024-10-25T19:52:07.564+0000] {logging_mixin.py:190} INFO - Registro sem campo 'id': n
[2024-10-25T19:52:07.564+0000] {logging_mixin.py:190} INFO - Registro sem campo 'id': a
[2024-10-25T19:52:07.565+0000] {logging_mixin.py:190} INFO - Registro sem campo 'id':  
[2024-10-25T19:52:07.565+0000] {logging_mixin.py:190} INFO - Registro sem campo 'id': M
[2024-10-25T19:52:07.566+0000] {logging_mixin.py:190} INFO - Registro sem campo 'id': a
[2024-10-25T19:52:07.566+0000] {logging_mixin.py:190} INFO - Registro sem campo 'id': r
[2024-10-25T19:52:07.566+0000] {logging_mixin.py:190} INFO - Registro sem campo 'id': t
[2024-10-25T19:52:07.567+0000] {logging_mixin.py:190} INFO - Registro sem campo 'id': i
[2024-10-25T19:52:07.567+0000] {logging_mixin.py:190} INFO - Registro sem campo 'id': n
[2024-10-25T19:52:07.568+0000] {logging_mixin.py:190} INFO - Registro sem campo 'id': s
[2024-10-25T19:52:07.568+0000] {logging_mixin.py:190} INFO - Registro sem campo 'id': '
[2024-10-25T19:52:07.568+0000] {logging_mixin.py:190} INFO - Registro sem campo 'id': ,
[2024-10-25T19:52:07.569+0000] {logging_mixin.py:190} INFO - Registro sem campo 'id':  
[2024-10-25T19:52:07.569+0000] {logging_mixin.py:190} INFO - Registro sem campo 'id': '
[2024-10-25T19:52:07.570+0000] {logging_mixin.py:190} INFO - Registro sem campo 'id': e
[2024-10-25T19:52:07.570+0000] {logging_mixin.py:190} INFO - Registro sem campo 'id': m
[2024-10-25T19:52:07.570+0000] {logging_mixin.py:190} INFO - Registro sem campo 'id': a
[2024-10-25T19:52:07.571+0000] {logging_mixin.py:190} INFO - Registro sem campo 'id': i
[2024-10-25T19:52:07.571+0000] {logging_mixin.py:190} INFO - Registro sem campo 'id': l
[2024-10-25T19:52:07.572+0000] {logging_mixin.py:190} INFO - Registro sem campo 'id': '
[2024-10-25T19:52:07.572+0000] {logging_mixin.py:190} INFO - Registro sem campo 'id': :
[2024-10-25T19:52:07.572+0000] {logging_mixin.py:190} INFO - Registro sem campo 'id':  
[2024-10-25T19:52:07.573+0000] {logging_mixin.py:190} INFO - Registro sem campo 'id': '
[2024-10-25T19:52:07.574+0000] {logging_mixin.py:190} INFO - Registro sem campo 'id': e
[2024-10-25T19:52:07.574+0000] {logging_mixin.py:190} INFO - Registro sem campo 'id': l
[2024-10-25T19:52:07.575+0000] {logging_mixin.py:190} INFO - Registro sem campo 'id': e
[2024-10-25T19:52:07.576+0000] {logging_mixin.py:190} INFO - Registro sem campo 'id': n
[2024-10-25T19:52:07.577+0000] {logging_mixin.py:190} INFO - Registro sem campo 'id': a
[2024-10-25T19:52:07.577+0000] {logging_mixin.py:190} INFO - Registro sem campo 'id': .
[2024-10-25T19:52:07.578+0000] {logging_mixin.py:190} INFO - Registro sem campo 'id': m
[2024-10-25T19:52:07.579+0000] {logging_mixin.py:190} INFO - Registro sem campo 'id': a
[2024-10-25T19:52:07.579+0000] {logging_mixin.py:190} INFO - Registro sem campo 'id': r
[2024-10-25T19:52:07.580+0000] {logging_mixin.py:190} INFO - Registro sem campo 'id': t
[2024-10-25T19:52:07.580+0000] {logging_mixin.py:190} INFO - Registro sem campo 'id': i
[2024-10-25T19:52:07.580+0000] {logging_mixin.py:190} INFO - Registro sem campo 'id': n
[2024-10-25T19:52:07.581+0000] {logging_mixin.py:190} INFO - Registro sem campo 'id': s
[2024-10-25T19:52:07.581+0000] {logging_mixin.py:190} INFO - Registro sem campo 'id': @
[2024-10-25T19:52:07.582+0000] {logging_mixin.py:190} INFO - Registro sem campo 'id': e
[2024-10-25T19:52:07.582+0000] {logging_mixin.py:190} INFO - Registro sem campo 'id': m
[2024-10-25T19:52:07.582+0000] {logging_mixin.py:190} INFO - Registro sem campo 'id': a
[2024-10-25T19:52:07.583+0000] {logging_mixin.py:190} INFO - Registro sem campo 'id': i
[2024-10-25T19:52:07.583+0000] {logging_mixin.py:190} INFO - Registro sem campo 'id': l
[2024-10-25T19:52:07.583+0000] {logging_mixin.py:190} INFO - Registro sem campo 'id': .
[2024-10-25T19:52:07.584+0000] {logging_mixin.py:190} INFO - Registro sem campo 'id': c
[2024-10-25T19:52:07.584+0000] {logging_mixin.py:190} INFO - Registro sem campo 'id': o
[2024-10-25T19:52:07.585+0000] {logging_mixin.py:190} INFO - Registro sem campo 'id': m
[2024-10-25T19:52:07.585+0000] {logging_mixin.py:190} INFO - Registro sem campo 'id': '
[2024-10-25T19:52:07.585+0000] {logging_mixin.py:190} INFO - Registro sem campo 'id': ,
[2024-10-25T19:52:07.586+0000] {logging_mixin.py:190} INFO - Registro sem campo 'id':  
[2024-10-25T19:52:07.587+0000] {logging_mixin.py:190} INFO - Registro sem campo 'id': '
[2024-10-25T19:52:07.588+0000] {logging_mixin.py:190} INFO - Registro sem campo 'id': t
[2024-10-25T19:52:07.589+0000] {logging_mixin.py:190} INFO - Registro sem campo 'id': e
[2024-10-25T19:52:07.590+0000] {logging_mixin.py:190} INFO - Registro sem campo 'id': l
[2024-10-25T19:52:07.593+0000] {logging_mixin.py:190} INFO - Registro sem campo 'id': e
[2024-10-25T19:52:07.594+0000] {logging_mixin.py:190} INFO - Registro sem campo 'id': f
[2024-10-25T19:52:07.595+0000] {logging_mixin.py:190} INFO - Registro sem campo 'id': o
[2024-10-25T19:52:07.596+0000] {logging_mixin.py:190} INFO - Registro sem campo 'id': n
[2024-10-25T19:52:07.597+0000] {logging_mixin.py:190} INFO - Registro sem campo 'id': e
[2024-10-25T19:52:07.597+0000] {logging_mixin.py:190} INFO - Registro sem campo 'id': '
[2024-10-25T19:52:07.598+0000] {logging_mixin.py:190} INFO - Registro sem campo 'id': :
[2024-10-25T19:52:07.598+0000] {logging_mixin.py:190} INFO - Registro sem campo 'id':  
[2024-10-25T19:52:07.599+0000] {logging_mixin.py:190} INFO - Registro sem campo 'id': '
[2024-10-25T19:52:07.599+0000] {logging_mixin.py:190} INFO - Registro sem campo 'id': (
[2024-10-25T19:52:07.600+0000] {logging_mixin.py:190} INFO - Registro sem campo 'id': 5
[2024-10-25T19:52:07.600+0000] {logging_mixin.py:190} INFO - Registro sem campo 'id': 1
[2024-10-25T19:52:07.601+0000] {logging_mixin.py:190} INFO - Registro sem campo 'id': )
[2024-10-25T19:52:07.601+0000] {logging_mixin.py:190} INFO - Registro sem campo 'id':  
[2024-10-25T19:52:07.602+0000] {logging_mixin.py:190} INFO - Registro sem campo 'id': 9
[2024-10-25T19:52:07.603+0000] {logging_mixin.py:190} INFO - Registro sem campo 'id': 4
[2024-10-25T19:52:07.603+0000] {logging_mixin.py:190} INFO - Registro sem campo 'id': 3
[2024-10-25T19:52:07.604+0000] {logging_mixin.py:190} INFO - Registro sem campo 'id': 2
[2024-10-25T19:52:07.604+0000] {logging_mixin.py:190} INFO - Registro sem campo 'id': 1
[2024-10-25T19:52:07.605+0000] {logging_mixin.py:190} INFO - Registro sem campo 'id': -
[2024-10-25T19:52:07.605+0000] {logging_mixin.py:190} INFO - Registro sem campo 'id': 0
[2024-10-25T19:52:07.606+0000] {logging_mixin.py:190} INFO - Registro sem campo 'id': 9
[2024-10-25T19:52:07.606+0000] {logging_mixin.py:190} INFO - Registro sem campo 'id': 8
[2024-10-25T19:52:07.606+0000] {logging_mixin.py:190} INFO - Registro sem campo 'id': 7
[2024-10-25T19:52:07.607+0000] {logging_mixin.py:190} INFO - Registro sem campo 'id': '
[2024-10-25T19:52:07.608+0000] {logging_mixin.py:190} INFO - Registro sem campo 'id': ,
[2024-10-25T19:52:07.609+0000] {logging_mixin.py:190} INFO - Registro sem campo 'id':  
[2024-10-25T19:52:07.609+0000] {logging_mixin.py:190} INFO - Registro sem campo 'id': '
[2024-10-25T19:52:07.610+0000] {logging_mixin.py:190} INFO - Registro sem campo 'id': d
[2024-10-25T19:52:07.610+0000] {logging_mixin.py:190} INFO - Registro sem campo 'id': a
[2024-10-25T19:52:07.611+0000] {logging_mixin.py:190} INFO - Registro sem campo 'id': t
[2024-10-25T19:52:07.611+0000] {logging_mixin.py:190} INFO - Registro sem campo 'id': a
[2024-10-25T19:52:07.612+0000] {logging_mixin.py:190} INFO - Registro sem campo 'id': _
[2024-10-25T19:52:07.612+0000] {logging_mixin.py:190} INFO - Registro sem campo 'id': n
[2024-10-25T19:52:07.613+0000] {logging_mixin.py:190} INFO - Registro sem campo 'id': a
[2024-10-25T19:52:07.613+0000] {logging_mixin.py:190} INFO - Registro sem campo 'id': s
[2024-10-25T19:52:07.614+0000] {logging_mixin.py:190} INFO - Registro sem campo 'id': c
[2024-10-25T19:52:07.614+0000] {logging_mixin.py:190} INFO - Registro sem campo 'id': i
[2024-10-25T19:52:07.614+0000] {logging_mixin.py:190} INFO - Registro sem campo 'id': m
[2024-10-25T19:52:07.615+0000] {logging_mixin.py:190} INFO - Registro sem campo 'id': e
[2024-10-25T19:52:07.615+0000] {logging_mixin.py:190} INFO - Registro sem campo 'id': n
[2024-10-25T19:52:07.616+0000] {logging_mixin.py:190} INFO - Registro sem campo 'id': t
[2024-10-25T19:52:07.616+0000] {logging_mixin.py:190} INFO - Registro sem campo 'id': o
[2024-10-25T19:52:07.616+0000] {logging_mixin.py:190} INFO - Registro sem campo 'id': '
[2024-10-25T19:52:07.617+0000] {logging_mixin.py:190} INFO - Registro sem campo 'id': :
[2024-10-25T19:52:07.617+0000] {logging_mixin.py:190} INFO - Registro sem campo 'id':  
[2024-10-25T19:52:07.618+0000] {logging_mixin.py:190} INFO - Registro sem campo 'id': '
[2024-10-25T19:52:07.618+0000] {logging_mixin.py:190} INFO - Registro sem campo 'id': 1
[2024-10-25T19:52:07.618+0000] {logging_mixin.py:190} INFO - Registro sem campo 'id': 9
[2024-10-25T19:52:07.619+0000] {logging_mixin.py:190} INFO - Registro sem campo 'id': 9
[2024-10-25T19:52:07.619+0000] {logging_mixin.py:190} INFO - Registro sem campo 'id': 5
[2024-10-25T19:52:07.620+0000] {logging_mixin.py:190} INFO - Registro sem campo 'id': -
[2024-10-25T19:52:07.620+0000] {logging_mixin.py:190} INFO - Registro sem campo 'id': 0
[2024-10-25T19:52:07.621+0000] {logging_mixin.py:190} INFO - Registro sem campo 'id': 7
[2024-10-25T19:52:07.621+0000] {logging_mixin.py:190} INFO - Registro sem campo 'id': -
[2024-10-25T19:52:07.621+0000] {logging_mixin.py:190} INFO - Registro sem campo 'id': 3
[2024-10-25T19:52:07.622+0000] {logging_mixin.py:190} INFO - Registro sem campo 'id': 0
[2024-10-25T19:52:07.623+0000] {logging_mixin.py:190} INFO - Registro sem campo 'id': '
[2024-10-25T19:52:07.624+0000] {logging_mixin.py:190} INFO - Registro sem campo 'id': ,
[2024-10-25T19:52:07.624+0000] {logging_mixin.py:190} INFO - Registro sem campo 'id':  
[2024-10-25T19:52:07.625+0000] {logging_mixin.py:190} INFO - Registro sem campo 'id': '
[2024-10-25T19:52:07.625+0000] {logging_mixin.py:190} INFO - Registro sem campo 'id': s
[2024-10-25T19:52:07.626+0000] {logging_mixin.py:190} INFO - Registro sem campo 'id': e
[2024-10-25T19:52:07.626+0000] {logging_mixin.py:190} INFO - Registro sem campo 'id': x
[2024-10-25T19:52:07.626+0000] {logging_mixin.py:190} INFO - Registro sem campo 'id': o
[2024-10-25T19:52:07.627+0000] {logging_mixin.py:190} INFO - Registro sem campo 'id': '
[2024-10-25T19:52:07.628+0000] {logging_mixin.py:190} INFO - Registro sem campo 'id': :
[2024-10-25T19:52:07.628+0000] {logging_mixin.py:190} INFO - Registro sem campo 'id':  
[2024-10-25T19:52:07.629+0000] {logging_mixin.py:190} INFO - Registro sem campo 'id': '
[2024-10-25T19:52:07.629+0000] {logging_mixin.py:190} INFO - Registro sem campo 'id': F
[2024-10-25T19:52:07.629+0000] {logging_mixin.py:190} INFO - Registro sem campo 'id': e
[2024-10-25T19:52:07.630+0000] {logging_mixin.py:190} INFO - Registro sem campo 'id': m
[2024-10-25T19:52:07.630+0000] {logging_mixin.py:190} INFO - Registro sem campo 'id': i
[2024-10-25T19:52:07.631+0000] {logging_mixin.py:190} INFO - Registro sem campo 'id': n
[2024-10-25T19:52:07.631+0000] {logging_mixin.py:190} INFO - Registro sem campo 'id': i
[2024-10-25T19:52:07.631+0000] {logging_mixin.py:190} INFO - Registro sem campo 'id': n
[2024-10-25T19:52:07.632+0000] {logging_mixin.py:190} INFO - Registro sem campo 'id': o
[2024-10-25T19:52:07.632+0000] {logging_mixin.py:190} INFO - Registro sem campo 'id': '
[2024-10-25T19:52:07.633+0000] {logging_mixin.py:190} INFO - Registro sem campo 'id': ,
[2024-10-25T19:52:07.633+0000] {logging_mixin.py:190} INFO - Registro sem campo 'id':  
[2024-10-25T19:52:07.634+0000] {logging_mixin.py:190} INFO - Registro sem campo 'id': '
[2024-10-25T19:52:07.634+0000] {logging_mixin.py:190} INFO - Registro sem campo 'id': c
[2024-10-25T19:52:07.635+0000] {logging_mixin.py:190} INFO - Registro sem campo 'id': i
[2024-10-25T19:52:07.635+0000] {logging_mixin.py:190} INFO - Registro sem campo 'id': d
[2024-10-25T19:52:07.636+0000] {logging_mixin.py:190} INFO - Registro sem campo 'id': a
[2024-10-25T19:52:07.636+0000] {logging_mixin.py:190} INFO - Registro sem campo 'id': d
[2024-10-25T19:52:07.637+0000] {logging_mixin.py:190} INFO - Registro sem campo 'id': e
[2024-10-25T19:52:07.637+0000] {logging_mixin.py:190} INFO - Registro sem campo 'id': '
[2024-10-25T19:52:07.638+0000] {logging_mixin.py:190} INFO - Registro sem campo 'id': :
[2024-10-25T19:52:07.638+0000] {logging_mixin.py:190} INFO - Registro sem campo 'id':  
[2024-10-25T19:52:07.639+0000] {logging_mixin.py:190} INFO - Registro sem campo 'id': '
[2024-10-25T19:52:07.639+0000] {logging_mixin.py:190} INFO - Registro sem campo 'id': P
[2024-10-25T19:52:07.640+0000] {logging_mixin.py:190} INFO - Registro sem campo 'id': o
[2024-10-25T19:52:07.641+0000] {logging_mixin.py:190} INFO - Registro sem campo 'id': r
[2024-10-25T19:52:07.643+0000] {logging_mixin.py:190} INFO - Registro sem campo 'id': t
[2024-10-25T19:52:07.644+0000] {logging_mixin.py:190} INFO - Registro sem campo 'id': o
[2024-10-25T19:52:07.645+0000] {logging_mixin.py:190} INFO - Registro sem campo 'id':  
[2024-10-25T19:52:07.646+0000] {logging_mixin.py:190} INFO - Registro sem campo 'id': A
[2024-10-25T19:52:07.647+0000] {logging_mixin.py:190} INFO - Registro sem campo 'id': l
[2024-10-25T19:52:07.647+0000] {logging_mixin.py:190} INFO - Registro sem campo 'id': e
[2024-10-25T19:52:07.648+0000] {logging_mixin.py:190} INFO - Registro sem campo 'id': g
[2024-10-25T19:52:07.648+0000] {logging_mixin.py:190} INFO - Registro sem campo 'id': r
[2024-10-25T19:52:07.649+0000] {logging_mixin.py:190} INFO - Registro sem campo 'id': e
[2024-10-25T19:52:07.649+0000] {logging_mixin.py:190} INFO - Registro sem campo 'id': '
[2024-10-25T19:52:07.650+0000] {logging_mixin.py:190} INFO - Registro sem campo 'id': ,
[2024-10-25T19:52:07.650+0000] {logging_mixin.py:190} INFO - Registro sem campo 'id':  
[2024-10-25T19:52:07.651+0000] {logging_mixin.py:190} INFO - Registro sem campo 'id': '
[2024-10-25T19:52:07.651+0000] {logging_mixin.py:190} INFO - Registro sem campo 'id': e
[2024-10-25T19:52:07.652+0000] {logging_mixin.py:190} INFO - Registro sem campo 'id': s
[2024-10-25T19:52:07.653+0000] {logging_mixin.py:190} INFO - Registro sem campo 'id': t
[2024-10-25T19:52:07.653+0000] {logging_mixin.py:190} INFO - Registro sem campo 'id': a
[2024-10-25T19:52:07.654+0000] {logging_mixin.py:190} INFO - Registro sem campo 'id': d
[2024-10-25T19:52:07.654+0000] {logging_mixin.py:190} INFO - Registro sem campo 'id': o
[2024-10-25T19:52:07.655+0000] {logging_mixin.py:190} INFO - Registro sem campo 'id': '
[2024-10-25T19:52:07.656+0000] {logging_mixin.py:190} INFO - Registro sem campo 'id': :
[2024-10-25T19:52:07.657+0000] {logging_mixin.py:190} INFO - Registro sem campo 'id':  
[2024-10-25T19:52:07.658+0000] {logging_mixin.py:190} INFO - Registro sem campo 'id': '
[2024-10-25T19:52:07.658+0000] {logging_mixin.py:190} INFO - Registro sem campo 'id': R
[2024-10-25T19:52:07.659+0000] {logging_mixin.py:190} INFO - Registro sem campo 'id': S
[2024-10-25T19:52:07.662+0000] {logging_mixin.py:190} INFO - Registro sem campo 'id': '
[2024-10-25T19:52:07.663+0000] {logging_mixin.py:190} INFO - Registro sem campo 'id': }
[2024-10-25T19:52:07.664+0000] {logging_mixin.py:190} INFO - Registro sem campo 'id': ]
[2024-10-25T19:52:07.664+0000] {logging_mixin.py:190} INFO - Nenhum novo registro para inserir.
[2024-10-25T19:52:07.693+0000] {logging_mixin.py:190} INFO - Total de documentos na coleção 'clientes': 0
[2024-10-25T19:52:07.694+0000] {python.py:240} INFO - Done. Returned value was: None
[2024-10-25T19:52:07.709+0000] {taskinstance.py:340} INFO - ::group::Post task execution logs
[2024-10-25T19:52:07.710+0000] {taskinstance.py:352} INFO - Marking task as SUCCESS. dag_id=inserir_dados_mongodb, task_id=insert_data_to_mongo, run_id=manual__2024-10-25T19:52:00.841702+00:00, execution_date=20241025T195200, start_date=20241025T195206, end_date=20241025T195207
[2024-10-25T19:52:07.737+0000] {local_task_job_runner.py:266} INFO - Task exited with return code 0
[2024-10-25T19:52:07.757+0000] {taskinstance.py:3900} INFO - 0 downstream tasks scheduled from follow-on schedule check
[2024-10-25T19:52:07.760+0000] {local_task_job_runner.py:245} INFO - ::endgroup::
