[2024-09-28T20:10:59.624+0000] {local_task_job_runner.py:123} INFO - ::group::Pre task execution logs
[2024-09-28T20:10:59.643+0000] {taskinstance.py:2612} INFO - Dependencies all met for dep_context=non-requeueable deps ti=<TaskInstance: install_pandas_requests_dag.install_and_use_packages scheduled__2023-01-03T00:00:00+00:00 [queued]>
[2024-09-28T20:10:59.652+0000] {taskinstance.py:2612} INFO - Dependencies all met for dep_context=requeueable deps ti=<TaskInstance: install_pandas_requests_dag.install_and_use_packages scheduled__2023-01-03T00:00:00+00:00 [queued]>
[2024-09-28T20:10:59.652+0000] {taskinstance.py:2865} INFO - Starting attempt 1 of 2
[2024-09-28T20:10:59.666+0000] {taskinstance.py:2888} INFO - Executing <Task(PythonOperator): install_and_use_packages> on 2023-01-03 00:00:00+00:00
[2024-09-28T20:10:59.679+0000] {warnings.py:112} WARNING - /home/***/.local/lib/python3.12/site-packages/***/task/task_runner/standard_task_runner.py:70: DeprecationWarning: This process (pid=153) is multi-threaded, use of fork() may lead to deadlocks in the child.
  pid = os.fork()

[2024-09-28T20:10:59.681+0000] {standard_task_runner.py:72} INFO - Started process 185 to run task
[2024-09-28T20:10:59.683+0000] {standard_task_runner.py:104} INFO - Running: ['***', 'tasks', 'run', 'install_pandas_requests_dag', 'install_and_use_packages', 'scheduled__2023-01-03T00:00:00+00:00', '--job-id', '8', '--raw', '--subdir', 'DAGS_FOLDER/install.py', '--cfg-path', '/tmp/tmpsphsqj5c']
[2024-09-28T20:10:59.688+0000] {standard_task_runner.py:105} INFO - Job 8: Subtask install_and_use_packages
[2024-09-28T20:10:59.747+0000] {task_command.py:467} INFO - Running <TaskInstance: install_pandas_requests_dag.install_and_use_packages scheduled__2023-01-03T00:00:00+00:00 [running]> on host b884fdabda63
[2024-09-28T20:10:59.837+0000] {taskinstance.py:3131} INFO - Exporting env vars: AIRFLOW_CTX_DAG_OWNER='***' AIRFLOW_CTX_DAG_ID='install_pandas_requests_dag' AIRFLOW_CTX_TASK_ID='install_and_use_packages' AIRFLOW_CTX_EXECUTION_DATE='2023-01-03T00:00:00+00:00' AIRFLOW_CTX_TRY_NUMBER='1' AIRFLOW_CTX_DAG_RUN_ID='scheduled__2023-01-03T00:00:00+00:00'
[2024-09-28T20:10:59.840+0000] {logging_mixin.py:190} INFO - Task instance is in running state
[2024-09-28T20:10:59.841+0000] {logging_mixin.py:190} INFO -  Previous state of the Task instance: queued
[2024-09-28T20:10:59.841+0000] {logging_mixin.py:190} INFO - Current task name:install_and_use_packages state:running start_date:2024-09-28 20:10:59.643916+00:00
[2024-09-28T20:10:59.842+0000] {logging_mixin.py:190} INFO - Dag name:install_pandas_requests_dag and current dag run status:running
[2024-09-28T20:10:59.844+0000] {taskinstance.py:731} INFO - ::endgroup::
[2024-09-28T20:10:59.845+0000] {logging_mixin.py:190} INFO - 'pandas' já está instalado.
[2024-09-28T20:10:59.846+0000] {logging_mixin.py:190} INFO - 'requests' já está instalado.
[2024-09-28T20:10:59.847+0000] {logging_mixin.py:190} INFO - 'oracledb' não está instalado. Instalando...
[2024-09-28T20:11:04.253+0000] {logging_mixin.py:190} INFO - Status da requisição: 200
[2024-09-28T20:11:04.255+0000] {logging_mixin.py:190} INFO - DataFrame criado com pandas:
[2024-09-28T20:11:04.263+0000] {logging_mixin.py:190} INFO -    col1 col2
0     1    a
1     2    b
2     3    c
[2024-09-28T20:11:04.264+0000] {python.py:240} INFO - Done. Returned value was: None
[2024-09-28T20:11:04.272+0000] {taskinstance.py:340} INFO - ::group::Post task execution logs
[2024-09-28T20:11:04.273+0000] {taskinstance.py:352} INFO - Marking task as SUCCESS. dag_id=install_pandas_requests_dag, task_id=install_and_use_packages, run_id=scheduled__2023-01-03T00:00:00+00:00, execution_date=20230103T000000, start_date=20240928T201059, end_date=20240928T201104
[2024-09-28T20:11:04.281+0000] {logging_mixin.py:190} INFO - Task instance in success state
[2024-09-28T20:11:04.282+0000] {logging_mixin.py:190} INFO -  Previous state of the Task instance: running
[2024-09-28T20:11:04.282+0000] {logging_mixin.py:190} INFO - Dag name:install_pandas_requests_dag queued_at:2024-09-28 20:10:57.236721+00:00
[2024-09-28T20:11:04.283+0000] {logging_mixin.py:190} INFO - Task hostname:b884fdabda63 operator:PythonOperator
[2024-09-28T20:11:04.320+0000] {local_task_job_runner.py:266} INFO - Task exited with return code 0
[2024-09-28T20:11:04.329+0000] {local_task_job_runner.py:245} INFO - ::endgroup::
