[2024-09-28T20:10:08.406+0000] {processor.py:186} INFO - Started process (PID=707) to work on /opt/airflow/dags/install.py
[2024-09-28T20:10:08.407+0000] {processor.py:914} INFO - Processing file /opt/airflow/dags/install.py for tasks to queue
[2024-09-28T20:10:08.408+0000] {logging_mixin.py:190} INFO - [2024-09-28T20:10:08.408+0000] {dagbag.py:588} INFO - Filling up the DagBag from /opt/airflow/dags/install.py
[2024-09-28T20:10:08.437+0000] {processor.py:925} INFO - DAG(s) 'install_pandas_requests_dag' retrieved from /opt/airflow/dags/install.py
[2024-09-28T20:10:08.498+0000] {logging_mixin.py:190} INFO - [2024-09-28T20:10:08.498+0000] {override.py:1900} INFO - Created Permission View: can edit on DAG:install_pandas_requests_dag
[2024-09-28T20:10:08.504+0000] {logging_mixin.py:190} INFO - [2024-09-28T20:10:08.504+0000] {override.py:1900} INFO - Created Permission View: can read on DAG:install_pandas_requests_dag
[2024-09-28T20:10:08.509+0000] {logging_mixin.py:190} INFO - [2024-09-28T20:10:08.509+0000] {override.py:1900} INFO - Created Permission View: can delete on DAG:install_pandas_requests_dag
[2024-09-28T20:10:08.513+0000] {logging_mixin.py:190} INFO - [2024-09-28T20:10:08.512+0000] {override.py:1900} INFO - Created Permission View: can read on DAG Run:install_pandas_requests_dag
[2024-09-28T20:10:08.516+0000] {logging_mixin.py:190} INFO - [2024-09-28T20:10:08.516+0000] {override.py:1900} INFO - Created Permission View: can create on DAG Run:install_pandas_requests_dag
[2024-09-28T20:10:08.520+0000] {logging_mixin.py:190} INFO - [2024-09-28T20:10:08.520+0000] {override.py:1900} INFO - Created Permission View: menu access on DAG Run:install_pandas_requests_dag
[2024-09-28T20:10:08.524+0000] {logging_mixin.py:190} INFO - [2024-09-28T20:10:08.524+0000] {override.py:1900} INFO - Created Permission View: can delete on DAG Run:install_pandas_requests_dag
[2024-09-28T20:10:08.525+0000] {logging_mixin.py:190} INFO - [2024-09-28T20:10:08.524+0000] {dag.py:3239} INFO - Sync 1 DAGs
[2024-09-28T20:10:08.532+0000] {logging_mixin.py:190} INFO - [2024-09-28T20:10:08.532+0000] {dag.py:3262} INFO - Creating ORM DAG for install_pandas_requests_dag
[2024-09-28T20:10:08.539+0000] {logging_mixin.py:190} INFO - [2024-09-28T20:10:08.539+0000] {dag.py:4180} INFO - Setting next_dagrun for install_pandas_requests_dag to 2023-01-01 00:00:00+00:00, run_after=2023-01-02 00:00:00+00:00
[2024-09-28T20:10:08.552+0000] {processor.py:208} INFO - Processing /opt/airflow/dags/install.py took 0.150 seconds
[2024-09-28T20:10:38.674+0000] {processor.py:186} INFO - Started process (PID=773) to work on /opt/airflow/dags/install.py
[2024-09-28T20:10:38.674+0000] {processor.py:914} INFO - Processing file /opt/airflow/dags/install.py for tasks to queue
[2024-09-28T20:10:38.676+0000] {logging_mixin.py:190} INFO - [2024-09-28T20:10:38.676+0000] {dagbag.py:588} INFO - Filling up the DagBag from /opt/airflow/dags/install.py
[2024-09-28T20:10:38.689+0000] {processor.py:925} INFO - DAG(s) 'install_pandas_requests_dag' retrieved from /opt/airflow/dags/install.py
[2024-09-28T20:10:38.700+0000] {logging_mixin.py:190} INFO - [2024-09-28T20:10:38.700+0000] {dag.py:3239} INFO - Sync 1 DAGs
[2024-09-28T20:10:38.715+0000] {logging_mixin.py:190} INFO - [2024-09-28T20:10:38.715+0000] {dag.py:4180} INFO - Setting next_dagrun for install_pandas_requests_dag to 2023-01-01 00:00:00+00:00, run_after=2023-01-02 00:00:00+00:00
[2024-09-28T20:10:38.727+0000] {processor.py:208} INFO - Processing /opt/airflow/dags/install.py took 0.057 seconds
[2024-09-28T20:11:08.788+0000] {processor.py:186} INFO - Started process (PID=843) to work on /opt/airflow/dags/install.py
[2024-09-28T20:11:08.789+0000] {processor.py:914} INFO - Processing file /opt/airflow/dags/install.py for tasks to queue
[2024-09-28T20:11:08.792+0000] {logging_mixin.py:190} INFO - [2024-09-28T20:11:08.791+0000] {dagbag.py:588} INFO - Filling up the DagBag from /opt/airflow/dags/install.py
[2024-09-28T20:11:08.809+0000] {processor.py:925} INFO - DAG(s) 'install_pandas_requests_dag' retrieved from /opt/airflow/dags/install.py
[2024-09-28T20:11:08.826+0000] {logging_mixin.py:190} INFO - [2024-09-28T20:11:08.825+0000] {dag.py:3239} INFO - Sync 1 DAGs
[2024-09-28T20:11:08.848+0000] {logging_mixin.py:190} INFO - [2024-09-28T20:11:08.848+0000] {dag.py:4180} INFO - Setting next_dagrun for install_pandas_requests_dag to 2023-01-28 00:00:00+00:00, run_after=2023-01-29 00:00:00+00:00
[2024-09-28T20:11:08.870+0000] {processor.py:208} INFO - Processing /opt/airflow/dags/install.py took 0.087 seconds
[2024-09-28T20:11:39.370+0000] {processor.py:186} INFO - Started process (PID=915) to work on /opt/airflow/dags/install.py
[2024-09-28T20:11:39.371+0000] {processor.py:914} INFO - Processing file /opt/airflow/dags/install.py for tasks to queue
[2024-09-28T20:11:39.372+0000] {logging_mixin.py:190} INFO - [2024-09-28T20:11:39.372+0000] {dagbag.py:588} INFO - Filling up the DagBag from /opt/airflow/dags/install.py
[2024-09-28T20:11:39.386+0000] {processor.py:925} INFO - DAG(s) 'install_pandas_requests_dag' retrieved from /opt/airflow/dags/install.py
[2024-09-28T20:11:39.397+0000] {logging_mixin.py:190} INFO - [2024-09-28T20:11:39.397+0000] {dag.py:3239} INFO - Sync 1 DAGs
[2024-09-28T20:11:39.412+0000] {logging_mixin.py:190} INFO - [2024-09-28T20:11:39.412+0000] {dag.py:4180} INFO - Setting next_dagrun for install_pandas_requests_dag to 2023-02-24 00:00:00+00:00, run_after=2023-02-25 00:00:00+00:00
[2024-09-28T20:11:39.426+0000] {processor.py:208} INFO - Processing /opt/airflow/dags/install.py took 0.060 seconds
[2024-09-28T20:12:09.620+0000] {processor.py:186} INFO - Started process (PID=981) to work on /opt/airflow/dags/install.py
[2024-09-28T20:12:09.621+0000] {processor.py:914} INFO - Processing file /opt/airflow/dags/install.py for tasks to queue
[2024-09-28T20:12:09.623+0000] {logging_mixin.py:190} INFO - [2024-09-28T20:12:09.623+0000] {dagbag.py:588} INFO - Filling up the DagBag from /opt/airflow/dags/install.py
[2024-09-28T20:12:09.636+0000] {processor.py:925} INFO - DAG(s) 'install_pandas_requests_dag' retrieved from /opt/airflow/dags/install.py
[2024-09-28T20:12:09.647+0000] {logging_mixin.py:190} INFO - [2024-09-28T20:12:09.646+0000] {dag.py:3239} INFO - Sync 1 DAGs
[2024-09-28T20:12:09.662+0000] {logging_mixin.py:190} INFO - [2024-09-28T20:12:09.662+0000] {dag.py:4180} INFO - Setting next_dagrun for install_pandas_requests_dag to 2023-02-24 00:00:00+00:00, run_after=2023-02-25 00:00:00+00:00
[2024-09-28T20:12:09.676+0000] {processor.py:208} INFO - Processing /opt/airflow/dags/install.py took 0.059 seconds
[2024-09-28T20:12:39.894+0000] {processor.py:186} INFO - Started process (PID=1047) to work on /opt/airflow/dags/install.py
[2024-09-28T20:12:39.895+0000] {processor.py:914} INFO - Processing file /opt/airflow/dags/install.py for tasks to queue
[2024-09-28T20:12:39.897+0000] {logging_mixin.py:190} INFO - [2024-09-28T20:12:39.896+0000] {dagbag.py:588} INFO - Filling up the DagBag from /opt/airflow/dags/install.py
[2024-09-28T20:12:39.909+0000] {processor.py:925} INFO - DAG(s) 'install_pandas_requests_dag' retrieved from /opt/airflow/dags/install.py
[2024-09-28T20:12:39.921+0000] {logging_mixin.py:190} INFO - [2024-09-28T20:12:39.921+0000] {dag.py:3239} INFO - Sync 1 DAGs
[2024-09-28T20:12:39.936+0000] {logging_mixin.py:190} INFO - [2024-09-28T20:12:39.936+0000] {dag.py:4180} INFO - Setting next_dagrun for install_pandas_requests_dag to 2023-02-24 00:00:00+00:00, run_after=2023-02-25 00:00:00+00:00
[2024-09-28T20:12:39.948+0000] {processor.py:208} INFO - Processing /opt/airflow/dags/install.py took 0.058 seconds
[2024-09-28T20:13:10.002+0000] {processor.py:186} INFO - Started process (PID=1113) to work on /opt/airflow/dags/install.py
[2024-09-28T20:13:10.003+0000] {processor.py:914} INFO - Processing file /opt/airflow/dags/install.py for tasks to queue
[2024-09-28T20:13:10.005+0000] {logging_mixin.py:190} INFO - [2024-09-28T20:13:10.005+0000] {dagbag.py:588} INFO - Filling up the DagBag from /opt/airflow/dags/install.py
[2024-09-28T20:13:10.018+0000] {processor.py:925} INFO - DAG(s) 'install_pandas_requests_dag' retrieved from /opt/airflow/dags/install.py
[2024-09-28T20:13:10.030+0000] {logging_mixin.py:190} INFO - [2024-09-28T20:13:10.029+0000] {dag.py:3239} INFO - Sync 1 DAGs
[2024-09-28T20:13:10.044+0000] {logging_mixin.py:190} INFO - [2024-09-28T20:13:10.044+0000] {dag.py:4180} INFO - Setting next_dagrun for install_pandas_requests_dag to 2023-02-24 00:00:00+00:00, run_after=2023-02-25 00:00:00+00:00
[2024-09-28T20:13:10.057+0000] {processor.py:208} INFO - Processing /opt/airflow/dags/install.py took 0.060 seconds
[2024-09-28T20:13:40.338+0000] {processor.py:186} INFO - Started process (PID=1178) to work on /opt/airflow/dags/install.py
[2024-09-28T20:13:40.339+0000] {processor.py:914} INFO - Processing file /opt/airflow/dags/install.py for tasks to queue
[2024-09-28T20:13:40.341+0000] {logging_mixin.py:190} INFO - [2024-09-28T20:13:40.340+0000] {dagbag.py:588} INFO - Filling up the DagBag from /opt/airflow/dags/install.py
[2024-09-28T20:13:40.354+0000] {processor.py:925} INFO - DAG(s) 'install_pandas_requests_dag' retrieved from /opt/airflow/dags/install.py
[2024-09-28T20:13:40.367+0000] {logging_mixin.py:190} INFO - [2024-09-28T20:13:40.367+0000] {dag.py:3239} INFO - Sync 1 DAGs
[2024-09-28T20:13:40.385+0000] {logging_mixin.py:190} INFO - [2024-09-28T20:13:40.384+0000] {dag.py:4180} INFO - Setting next_dagrun for install_pandas_requests_dag to 2023-02-24 00:00:00+00:00, run_after=2023-02-25 00:00:00+00:00
[2024-09-28T20:13:40.398+0000] {processor.py:208} INFO - Processing /opt/airflow/dags/install.py took 0.063 seconds
[2024-09-28T20:14:10.670+0000] {processor.py:186} INFO - Started process (PID=1244) to work on /opt/airflow/dags/install.py
[2024-09-28T20:14:10.671+0000] {processor.py:914} INFO - Processing file /opt/airflow/dags/install.py for tasks to queue
[2024-09-28T20:14:10.673+0000] {logging_mixin.py:190} INFO - [2024-09-28T20:14:10.673+0000] {dagbag.py:588} INFO - Filling up the DagBag from /opt/airflow/dags/install.py
[2024-09-28T20:14:10.684+0000] {processor.py:925} INFO - DAG(s) 'install_pandas_requests_dag' retrieved from /opt/airflow/dags/install.py
[2024-09-28T20:14:10.695+0000] {logging_mixin.py:190} INFO - [2024-09-28T20:14:10.695+0000] {dag.py:3239} INFO - Sync 1 DAGs
[2024-09-28T20:14:10.709+0000] {logging_mixin.py:190} INFO - [2024-09-28T20:14:10.709+0000] {dag.py:4180} INFO - Setting next_dagrun for install_pandas_requests_dag to 2023-02-24 00:00:00+00:00, run_after=2023-02-25 00:00:00+00:00
[2024-09-28T20:14:10.722+0000] {processor.py:208} INFO - Processing /opt/airflow/dags/install.py took 0.055 seconds
[2024-09-28T20:14:41.048+0000] {processor.py:186} INFO - Started process (PID=1310) to work on /opt/airflow/dags/install.py
[2024-09-28T20:14:41.049+0000] {processor.py:914} INFO - Processing file /opt/airflow/dags/install.py for tasks to queue
[2024-09-28T20:14:41.051+0000] {logging_mixin.py:190} INFO - [2024-09-28T20:14:41.050+0000] {dagbag.py:588} INFO - Filling up the DagBag from /opt/airflow/dags/install.py
[2024-09-28T20:14:41.061+0000] {processor.py:925} INFO - DAG(s) 'install_pandas_requests_dag' retrieved from /opt/airflow/dags/install.py
[2024-09-28T20:14:41.073+0000] {logging_mixin.py:190} INFO - [2024-09-28T20:14:41.073+0000] {dag.py:3239} INFO - Sync 1 DAGs
[2024-09-28T20:14:41.088+0000] {logging_mixin.py:190} INFO - [2024-09-28T20:14:41.088+0000] {dag.py:4180} INFO - Setting next_dagrun for install_pandas_requests_dag to 2023-02-24 00:00:00+00:00, run_after=2023-02-25 00:00:00+00:00
[2024-09-28T20:14:41.105+0000] {processor.py:208} INFO - Processing /opt/airflow/dags/install.py took 0.060 seconds
[2024-09-28T20:15:11.366+0000] {processor.py:186} INFO - Started process (PID=1376) to work on /opt/airflow/dags/install.py
[2024-09-28T20:15:11.367+0000] {processor.py:914} INFO - Processing file /opt/airflow/dags/install.py for tasks to queue
[2024-09-28T20:15:11.369+0000] {logging_mixin.py:190} INFO - [2024-09-28T20:15:11.369+0000] {dagbag.py:588} INFO - Filling up the DagBag from /opt/airflow/dags/install.py
[2024-09-28T20:15:11.392+0000] {processor.py:925} INFO - DAG(s) 'install_pandas_requests_dag' retrieved from /opt/airflow/dags/install.py
[2024-09-28T20:15:11.407+0000] {logging_mixin.py:190} INFO - [2024-09-28T20:15:11.407+0000] {dag.py:3239} INFO - Sync 1 DAGs
[2024-09-28T20:15:11.425+0000] {logging_mixin.py:190} INFO - [2024-09-28T20:15:11.425+0000] {dag.py:4180} INFO - Setting next_dagrun for install_pandas_requests_dag to 2023-02-24 00:00:00+00:00, run_after=2023-02-25 00:00:00+00:00
[2024-09-28T20:15:11.444+0000] {processor.py:208} INFO - Processing /opt/airflow/dags/install.py took 0.083 seconds
[2024-09-28T20:15:41.813+0000] {processor.py:186} INFO - Started process (PID=1442) to work on /opt/airflow/dags/install.py
[2024-09-28T20:15:41.814+0000] {processor.py:914} INFO - Processing file /opt/airflow/dags/install.py for tasks to queue
[2024-09-28T20:15:41.816+0000] {logging_mixin.py:190} INFO - [2024-09-28T20:15:41.815+0000] {dagbag.py:588} INFO - Filling up the DagBag from /opt/airflow/dags/install.py
[2024-09-28T20:15:41.828+0000] {processor.py:925} INFO - DAG(s) 'install_pandas_requests_dag' retrieved from /opt/airflow/dags/install.py
[2024-09-28T20:15:41.840+0000] {logging_mixin.py:190} INFO - [2024-09-28T20:15:41.840+0000] {dag.py:3239} INFO - Sync 1 DAGs
[2024-09-28T20:15:41.856+0000] {logging_mixin.py:190} INFO - [2024-09-28T20:15:41.856+0000] {dag.py:4180} INFO - Setting next_dagrun for install_pandas_requests_dag to 2023-02-24 00:00:00+00:00, run_after=2023-02-25 00:00:00+00:00
[2024-09-28T20:15:41.873+0000] {processor.py:208} INFO - Processing /opt/airflow/dags/install.py took 0.064 seconds
[2024-09-28T20:16:28.242+0000] {processor.py:186} INFO - Started process (PID=79) to work on /opt/airflow/dags/install.py
[2024-09-28T20:16:28.243+0000] {processor.py:914} INFO - Processing file /opt/airflow/dags/install.py for tasks to queue
[2024-09-28T20:16:28.245+0000] {logging_mixin.py:190} INFO - [2024-09-28T20:16:28.245+0000] {dagbag.py:588} INFO - Filling up the DagBag from /opt/airflow/dags/install.py
[2024-09-28T20:16:28.279+0000] {processor.py:925} INFO - DAG(s) 'install_pandas_requests_dag' retrieved from /opt/airflow/dags/install.py
[2024-09-28T20:16:28.305+0000] {logging_mixin.py:190} INFO - [2024-09-28T20:16:28.305+0000] {dag.py:3239} INFO - Sync 1 DAGs
[2024-09-28T20:16:28.322+0000] {logging_mixin.py:190} INFO - [2024-09-28T20:16:28.322+0000] {dag.py:4180} INFO - Setting next_dagrun for install_pandas_requests_dag to 2023-02-24 00:00:00+00:00, run_after=2023-02-25 00:00:00+00:00
[2024-09-28T20:16:28.336+0000] {processor.py:208} INFO - Processing /opt/airflow/dags/install.py took 0.098 seconds
[2024-09-28T20:16:59.038+0000] {processor.py:186} INFO - Started process (PID=147) to work on /opt/airflow/dags/install.py
[2024-09-28T20:16:59.039+0000] {processor.py:914} INFO - Processing file /opt/airflow/dags/install.py for tasks to queue
[2024-09-28T20:16:59.041+0000] {logging_mixin.py:190} INFO - [2024-09-28T20:16:59.040+0000] {dagbag.py:588} INFO - Filling up the DagBag from /opt/airflow/dags/install.py
[2024-09-28T20:16:59.054+0000] {processor.py:925} INFO - DAG(s) 'install_pandas_requests_dag' retrieved from /opt/airflow/dags/install.py
[2024-09-28T20:16:59.066+0000] {logging_mixin.py:190} INFO - [2024-09-28T20:16:59.065+0000] {dag.py:3239} INFO - Sync 1 DAGs
[2024-09-28T20:16:59.081+0000] {logging_mixin.py:190} INFO - [2024-09-28T20:16:59.081+0000] {dag.py:4180} INFO - Setting next_dagrun for install_pandas_requests_dag to 2023-02-24 00:00:00+00:00, run_after=2023-02-25 00:00:00+00:00
[2024-09-28T20:16:59.094+0000] {processor.py:208} INFO - Processing /opt/airflow/dags/install.py took 0.060 seconds
[2024-09-28T20:17:29.393+0000] {processor.py:186} INFO - Started process (PID=215) to work on /opt/airflow/dags/install.py
[2024-09-28T20:17:29.394+0000] {processor.py:914} INFO - Processing file /opt/airflow/dags/install.py for tasks to queue
[2024-09-28T20:17:29.396+0000] {logging_mixin.py:190} INFO - [2024-09-28T20:17:29.396+0000] {dagbag.py:588} INFO - Filling up the DagBag from /opt/airflow/dags/install.py
[2024-09-28T20:17:29.410+0000] {processor.py:925} INFO - DAG(s) 'install_pandas_requests_dag' retrieved from /opt/airflow/dags/install.py
[2024-09-28T20:17:29.422+0000] {logging_mixin.py:190} INFO - [2024-09-28T20:17:29.422+0000] {dag.py:3239} INFO - Sync 1 DAGs
[2024-09-28T20:17:29.438+0000] {logging_mixin.py:190} INFO - [2024-09-28T20:17:29.438+0000] {dag.py:4180} INFO - Setting next_dagrun for install_pandas_requests_dag to 2023-02-24 00:00:00+00:00, run_after=2023-02-25 00:00:00+00:00
[2024-09-28T20:17:29.453+0000] {processor.py:208} INFO - Processing /opt/airflow/dags/install.py took 0.064 seconds
[2024-09-28T20:17:59.846+0000] {processor.py:186} INFO - Started process (PID=283) to work on /opt/airflow/dags/install.py
[2024-09-28T20:17:59.847+0000] {processor.py:914} INFO - Processing file /opt/airflow/dags/install.py for tasks to queue
[2024-09-28T20:17:59.849+0000] {logging_mixin.py:190} INFO - [2024-09-28T20:17:59.848+0000] {dagbag.py:588} INFO - Filling up the DagBag from /opt/airflow/dags/install.py
[2024-09-28T20:17:59.861+0000] {processor.py:925} INFO - DAG(s) 'install_pandas_requests_dag' retrieved from /opt/airflow/dags/install.py
[2024-09-28T20:17:59.873+0000] {logging_mixin.py:190} INFO - [2024-09-28T20:17:59.873+0000] {dag.py:3239} INFO - Sync 1 DAGs
[2024-09-28T20:17:59.889+0000] {logging_mixin.py:190} INFO - [2024-09-28T20:17:59.888+0000] {dag.py:4180} INFO - Setting next_dagrun for install_pandas_requests_dag to 2023-02-24 00:00:00+00:00, run_after=2023-02-25 00:00:00+00:00
[2024-09-28T20:17:59.901+0000] {processor.py:208} INFO - Processing /opt/airflow/dags/install.py took 0.059 seconds
