[2024-09-28T19:52:47.168+0000] {processor.py:186} INFO - Started process (PID=55) to work on /opt/airflow/dags/script.py
[2024-09-28T19:52:47.169+0000] {processor.py:914} INFO - Processing file /opt/airflow/dags/script.py for tasks to queue
[2024-09-28T19:52:47.171+0000] {logging_mixin.py:190} INFO - [2024-09-28T19:52:47.171+0000] {dagbag.py:588} INFO - Filling up the DagBag from /opt/airflow/dags/script.py
[2024-09-28T19:52:47.188+0000] {logging_mixin.py:190} INFO - [2024-09-28T19:52:47.187+0000] {dagbag.py:387} ERROR - Failed to import: /opt/airflow/dags/script.py
Traceback (most recent call last):
  File "/home/airflow/.local/lib/python3.12/site-packages/airflow/models/dagbag.py", line 383, in parse
    loader.exec_module(new_module)
  File "<frozen importlib._bootstrap_external>", line 991, in exec_module
  File "<frozen importlib._bootstrap_external>", line 1129, in get_code
  File "<frozen importlib._bootstrap_external>", line 1059, in source_to_code
  File "<frozen importlib._bootstrap>", line 488, in _call_with_frames_removed
  File "/opt/airflow/dags/script.py", line 11
    )
     ^
SyntaxError: expected ':'
[2024-09-28T19:52:47.190+0000] {processor.py:927} WARNING - No viable dags retrieved from /opt/airflow/dags/script.py
[2024-09-28T19:52:47.204+0000] {processor.py:208} INFO - Processing /opt/airflow/dags/script.py took 0.039 seconds
[2024-09-28T19:53:17.682+0000] {processor.py:186} INFO - Started process (PID=120) to work on /opt/airflow/dags/script.py
[2024-09-28T19:53:17.691+0000] {processor.py:914} INFO - Processing file /opt/airflow/dags/script.py for tasks to queue
[2024-09-28T19:53:17.693+0000] {logging_mixin.py:190} INFO - [2024-09-28T19:53:17.693+0000] {dagbag.py:588} INFO - Filling up the DagBag from /opt/airflow/dags/script.py
[2024-09-28T19:53:17.727+0000] {logging_mixin.py:190} INFO - [2024-09-28T19:53:17.726+0000] {dagbag.py:387} ERROR - Failed to import: /opt/airflow/dags/script.py
Traceback (most recent call last):
  File "/home/airflow/.local/lib/python3.12/site-packages/airflow/models/dagbag.py", line 383, in parse
    loader.exec_module(new_module)
  File "<frozen importlib._bootstrap_external>", line 991, in exec_module
  File "<frozen importlib._bootstrap_external>", line 1129, in get_code
  File "<frozen importlib._bootstrap_external>", line 1059, in source_to_code
  File "<frozen importlib._bootstrap>", line 488, in _call_with_frames_removed
  File "/opt/airflow/dags/script.py", line 11
    )
     ^
SyntaxError: expected ':'
[2024-09-28T19:53:17.727+0000] {processor.py:927} WARNING - No viable dags retrieved from /opt/airflow/dags/script.py
[2024-09-28T19:53:17.741+0000] {processor.py:208} INFO - Processing /opt/airflow/dags/script.py took 0.063 seconds
[2024-09-28T19:53:48.683+0000] {processor.py:186} INFO - Started process (PID=191) to work on /opt/airflow/dags/script.py
[2024-09-28T19:53:48.684+0000] {processor.py:914} INFO - Processing file /opt/airflow/dags/script.py for tasks to queue
[2024-09-28T19:53:48.686+0000] {logging_mixin.py:190} INFO - [2024-09-28T19:53:48.686+0000] {dagbag.py:588} INFO - Filling up the DagBag from /opt/airflow/dags/script.py
[2024-09-28T19:53:48.696+0000] {logging_mixin.py:190} INFO - [2024-09-28T19:53:48.696+0000] {dagbag.py:387} ERROR - Failed to import: /opt/airflow/dags/script.py
Traceback (most recent call last):
  File "/home/airflow/.local/lib/python3.12/site-packages/airflow/models/dagbag.py", line 383, in parse
    loader.exec_module(new_module)
  File "<frozen importlib._bootstrap_external>", line 991, in exec_module
  File "<frozen importlib._bootstrap_external>", line 1129, in get_code
  File "<frozen importlib._bootstrap_external>", line 1059, in source_to_code
  File "<frozen importlib._bootstrap>", line 488, in _call_with_frames_removed
  File "/opt/airflow/dags/script.py", line 11
    )
     ^
SyntaxError: expected ':'
[2024-09-28T19:53:48.697+0000] {processor.py:927} WARNING - No viable dags retrieved from /opt/airflow/dags/script.py
[2024-09-28T19:53:48.710+0000] {processor.py:208} INFO - Processing /opt/airflow/dags/script.py took 0.031 seconds
[2024-09-28T19:54:18.789+0000] {processor.py:186} INFO - Started process (PID=256) to work on /opt/airflow/dags/script.py
[2024-09-28T19:54:18.790+0000] {processor.py:914} INFO - Processing file /opt/airflow/dags/script.py for tasks to queue
[2024-09-28T19:54:18.792+0000] {logging_mixin.py:190} INFO - [2024-09-28T19:54:18.792+0000] {dagbag.py:588} INFO - Filling up the DagBag from /opt/airflow/dags/script.py
[2024-09-28T19:54:18.810+0000] {logging_mixin.py:190} INFO - [2024-09-28T19:54:18.809+0000] {dagbag.py:387} ERROR - Failed to import: /opt/airflow/dags/script.py
Traceback (most recent call last):
  File "/home/airflow/.local/lib/python3.12/site-packages/airflow/models/dagbag.py", line 383, in parse
    loader.exec_module(new_module)
  File "<frozen importlib._bootstrap_external>", line 991, in exec_module
  File "<frozen importlib._bootstrap_external>", line 1129, in get_code
  File "<frozen importlib._bootstrap_external>", line 1059, in source_to_code
  File "<frozen importlib._bootstrap>", line 488, in _call_with_frames_removed
  File "/opt/airflow/dags/script.py", line 11
    )
     ^
SyntaxError: expected ':'
[2024-09-28T19:54:18.810+0000] {processor.py:927} WARNING - No viable dags retrieved from /opt/airflow/dags/script.py
[2024-09-28T19:54:18.823+0000] {processor.py:208} INFO - Processing /opt/airflow/dags/script.py took 0.037 seconds
[2024-09-28T19:54:42.219+0000] {processor.py:186} INFO - Started process (PID=315) to work on /opt/airflow/dags/script.py
[2024-09-28T19:54:42.220+0000] {processor.py:914} INFO - Processing file /opt/airflow/dags/script.py for tasks to queue
[2024-09-28T19:54:42.222+0000] {logging_mixin.py:190} INFO - [2024-09-28T19:54:42.222+0000] {dagbag.py:588} INFO - Filling up the DagBag from /opt/airflow/dags/script.py
[2024-09-28T19:54:42.251+0000] {processor.py:925} INFO - DAG(s) 'thiago_teste' retrieved from /opt/airflow/dags/script.py
[2024-09-28T19:54:42.326+0000] {logging_mixin.py:190} INFO - [2024-09-28T19:54:42.326+0000] {override.py:1900} INFO - Created Permission View: can edit on DAG:thiago_teste
[2024-09-28T19:54:42.334+0000] {logging_mixin.py:190} INFO - [2024-09-28T19:54:42.334+0000] {override.py:1900} INFO - Created Permission View: can delete on DAG:thiago_teste
[2024-09-28T19:54:42.338+0000] {logging_mixin.py:190} INFO - [2024-09-28T19:54:42.338+0000] {override.py:1900} INFO - Created Permission View: can read on DAG:thiago_teste
[2024-09-28T19:54:42.343+0000] {logging_mixin.py:190} INFO - [2024-09-28T19:54:42.342+0000] {override.py:1900} INFO - Created Permission View: can delete on DAG Run:thiago_teste
[2024-09-28T19:54:42.347+0000] {logging_mixin.py:190} INFO - [2024-09-28T19:54:42.347+0000] {override.py:1900} INFO - Created Permission View: can read on DAG Run:thiago_teste
[2024-09-28T19:54:42.352+0000] {logging_mixin.py:190} INFO - [2024-09-28T19:54:42.352+0000] {override.py:1900} INFO - Created Permission View: can create on DAG Run:thiago_teste
[2024-09-28T19:54:42.357+0000] {logging_mixin.py:190} INFO - [2024-09-28T19:54:42.357+0000] {override.py:1900} INFO - Created Permission View: menu access on DAG Run:thiago_teste
[2024-09-28T19:54:42.358+0000] {logging_mixin.py:190} INFO - [2024-09-28T19:54:42.358+0000] {dag.py:3239} INFO - Sync 1 DAGs
[2024-09-28T19:54:42.367+0000] {logging_mixin.py:190} INFO - [2024-09-28T19:54:42.367+0000] {dag.py:3262} INFO - Creating ORM DAG for thiago_teste
[2024-09-28T19:54:42.375+0000] {logging_mixin.py:190} INFO - [2024-09-28T19:54:42.375+0000] {dag.py:4180} INFO - Setting next_dagrun for thiago_teste to 2021-01-01 00:00:00+00:00, run_after=2021-01-02 00:00:00+00:00
[2024-09-28T19:54:42.390+0000] {processor.py:208} INFO - Processing /opt/airflow/dags/script.py took 0.175 seconds
[2024-09-28T19:55:12.469+0000] {processor.py:186} INFO - Started process (PID=380) to work on /opt/airflow/dags/script.py
[2024-09-28T19:55:12.471+0000] {processor.py:914} INFO - Processing file /opt/airflow/dags/script.py for tasks to queue
[2024-09-28T19:55:12.473+0000] {logging_mixin.py:190} INFO - [2024-09-28T19:55:12.473+0000] {dagbag.py:588} INFO - Filling up the DagBag from /opt/airflow/dags/script.py
[2024-09-28T19:55:12.494+0000] {processor.py:925} INFO - DAG(s) 'thiago_teste' retrieved from /opt/airflow/dags/script.py
[2024-09-28T19:55:12.509+0000] {logging_mixin.py:190} INFO - [2024-09-28T19:55:12.509+0000] {dag.py:3239} INFO - Sync 1 DAGs
[2024-09-28T19:55:12.528+0000] {logging_mixin.py:190} INFO - [2024-09-28T19:55:12.527+0000] {dag.py:4180} INFO - Setting next_dagrun for thiago_teste to 2021-01-01 00:00:00+00:00, run_after=2021-01-02 00:00:00+00:00
[2024-09-28T19:55:12.544+0000] {processor.py:208} INFO - Processing /opt/airflow/dags/script.py took 0.080 seconds
[2024-09-28T19:55:42.996+0000] {processor.py:186} INFO - Started process (PID=447) to work on /opt/airflow/dags/script.py
[2024-09-28T19:55:42.997+0000] {processor.py:914} INFO - Processing file /opt/airflow/dags/script.py for tasks to queue
[2024-09-28T19:55:42.999+0000] {logging_mixin.py:190} INFO - [2024-09-28T19:55:42.999+0000] {dagbag.py:588} INFO - Filling up the DagBag from /opt/airflow/dags/script.py
[2024-09-28T19:55:43.009+0000] {processor.py:925} INFO - DAG(s) 'thiago_teste' retrieved from /opt/airflow/dags/script.py
[2024-09-28T19:55:43.020+0000] {logging_mixin.py:190} INFO - [2024-09-28T19:55:43.020+0000] {dag.py:3239} INFO - Sync 1 DAGs
[2024-09-28T19:55:43.035+0000] {logging_mixin.py:190} INFO - [2024-09-28T19:55:43.034+0000] {dag.py:4180} INFO - Setting next_dagrun for thiago_teste to 2021-01-01 00:00:00+00:00, run_after=2021-01-02 00:00:00+00:00
[2024-09-28T19:55:43.047+0000] {processor.py:208} INFO - Processing /opt/airflow/dags/script.py took 0.057 seconds
[2024-09-28T19:56:13.385+0000] {processor.py:186} INFO - Started process (PID=512) to work on /opt/airflow/dags/script.py
[2024-09-28T19:56:13.386+0000] {processor.py:914} INFO - Processing file /opt/airflow/dags/script.py for tasks to queue
[2024-09-28T19:56:13.387+0000] {logging_mixin.py:190} INFO - [2024-09-28T19:56:13.387+0000] {dagbag.py:588} INFO - Filling up the DagBag from /opt/airflow/dags/script.py
[2024-09-28T19:56:13.399+0000] {processor.py:925} INFO - DAG(s) 'thiago_teste' retrieved from /opt/airflow/dags/script.py
[2024-09-28T19:56:13.410+0000] {logging_mixin.py:190} INFO - [2024-09-28T19:56:13.410+0000] {dag.py:3239} INFO - Sync 1 DAGs
[2024-09-28T19:56:13.426+0000] {logging_mixin.py:190} INFO - [2024-09-28T19:56:13.425+0000] {dag.py:4180} INFO - Setting next_dagrun for thiago_teste to 2021-01-01 00:00:00+00:00, run_after=2021-01-02 00:00:00+00:00
[2024-09-28T19:56:13.438+0000] {processor.py:208} INFO - Processing /opt/airflow/dags/script.py took 0.058 seconds
[2024-09-28T19:56:43.738+0000] {processor.py:186} INFO - Started process (PID=577) to work on /opt/airflow/dags/script.py
[2024-09-28T19:56:43.739+0000] {processor.py:914} INFO - Processing file /opt/airflow/dags/script.py for tasks to queue
[2024-09-28T19:56:43.741+0000] {logging_mixin.py:190} INFO - [2024-09-28T19:56:43.741+0000] {dagbag.py:588} INFO - Filling up the DagBag from /opt/airflow/dags/script.py
[2024-09-28T19:56:43.754+0000] {processor.py:925} INFO - DAG(s) 'thiago_teste' retrieved from /opt/airflow/dags/script.py
[2024-09-28T19:56:43.766+0000] {logging_mixin.py:190} INFO - [2024-09-28T19:56:43.766+0000] {dag.py:3239} INFO - Sync 1 DAGs
[2024-09-28T19:56:43.781+0000] {logging_mixin.py:190} INFO - [2024-09-28T19:56:43.781+0000] {dag.py:4180} INFO - Setting next_dagrun for thiago_teste to 2021-01-01 00:00:00+00:00, run_after=2021-01-02 00:00:00+00:00
[2024-09-28T19:56:43.794+0000] {processor.py:208} INFO - Processing /opt/airflow/dags/script.py took 0.059 seconds
[2024-09-28T19:57:14.209+0000] {processor.py:186} INFO - Started process (PID=642) to work on /opt/airflow/dags/script.py
[2024-09-28T19:57:14.210+0000] {processor.py:914} INFO - Processing file /opt/airflow/dags/script.py for tasks to queue
[2024-09-28T19:57:14.217+0000] {logging_mixin.py:190} INFO - [2024-09-28T19:57:14.217+0000] {dagbag.py:588} INFO - Filling up the DagBag from /opt/airflow/dags/script.py
[2024-09-28T19:57:14.255+0000] {processor.py:925} INFO - DAG(s) 'thiago_teste' retrieved from /opt/airflow/dags/script.py
[2024-09-28T19:57:14.269+0000] {logging_mixin.py:190} INFO - [2024-09-28T19:57:14.269+0000] {dag.py:3239} INFO - Sync 1 DAGs
[2024-09-28T19:57:14.286+0000] {logging_mixin.py:190} INFO - [2024-09-28T19:57:14.286+0000] {dag.py:4180} INFO - Setting next_dagrun for thiago_teste to 2021-01-08 00:00:00+00:00, run_after=2021-01-09 00:00:00+00:00
[2024-09-28T19:57:14.309+0000] {processor.py:208} INFO - Processing /opt/airflow/dags/script.py took 0.104 seconds
[2024-09-28T19:57:44.372+0000] {processor.py:186} INFO - Started process (PID=707) to work on /opt/airflow/dags/script.py
[2024-09-28T19:57:44.373+0000] {processor.py:914} INFO - Processing file /opt/airflow/dags/script.py for tasks to queue
[2024-09-28T19:57:44.374+0000] {logging_mixin.py:190} INFO - [2024-09-28T19:57:44.374+0000] {dagbag.py:588} INFO - Filling up the DagBag from /opt/airflow/dags/script.py
[2024-09-28T19:57:44.387+0000] {processor.py:925} INFO - DAG(s) 'thiago_teste' retrieved from /opt/airflow/dags/script.py
[2024-09-28T19:57:44.399+0000] {logging_mixin.py:190} INFO - [2024-09-28T19:57:44.398+0000] {dag.py:3239} INFO - Sync 1 DAGs
[2024-09-28T19:57:44.414+0000] {logging_mixin.py:190} INFO - [2024-09-28T19:57:44.413+0000] {dag.py:4180} INFO - Setting next_dagrun for thiago_teste to 2021-01-29 00:00:00+00:00, run_after=2021-01-30 00:00:00+00:00
[2024-09-28T19:57:44.428+0000] {processor.py:208} INFO - Processing /opt/airflow/dags/script.py took 0.060 seconds
[2024-09-28T19:58:15.289+0000] {processor.py:186} INFO - Started process (PID=772) to work on /opt/airflow/dags/script.py
[2024-09-28T19:58:15.289+0000] {processor.py:914} INFO - Processing file /opt/airflow/dags/script.py for tasks to queue
[2024-09-28T19:58:15.291+0000] {logging_mixin.py:190} INFO - [2024-09-28T19:58:15.291+0000] {dagbag.py:588} INFO - Filling up the DagBag from /opt/airflow/dags/script.py
[2024-09-28T19:58:15.304+0000] {processor.py:925} INFO - DAG(s) 'thiago_teste' retrieved from /opt/airflow/dags/script.py
[2024-09-28T19:58:15.316+0000] {logging_mixin.py:190} INFO - [2024-09-28T19:58:15.315+0000] {dag.py:3239} INFO - Sync 1 DAGs
[2024-09-28T19:58:15.330+0000] {logging_mixin.py:190} INFO - [2024-09-28T19:58:15.330+0000] {dag.py:4180} INFO - Setting next_dagrun for thiago_teste to 2021-02-23 00:00:00+00:00, run_after=2021-02-24 00:00:00+00:00
[2024-09-28T19:58:15.341+0000] {processor.py:208} INFO - Processing /opt/airflow/dags/script.py took 0.056 seconds
[2024-09-28T19:58:46.373+0000] {processor.py:186} INFO - Started process (PID=837) to work on /opt/airflow/dags/script.py
[2024-09-28T19:58:46.375+0000] {processor.py:914} INFO - Processing file /opt/airflow/dags/script.py for tasks to queue
[2024-09-28T19:58:46.380+0000] {logging_mixin.py:190} INFO - [2024-09-28T19:58:46.380+0000] {dagbag.py:588} INFO - Filling up the DagBag from /opt/airflow/dags/script.py
[2024-09-28T19:58:46.401+0000] {processor.py:925} INFO - DAG(s) 'thiago_teste' retrieved from /opt/airflow/dags/script.py
[2024-09-28T19:58:46.413+0000] {logging_mixin.py:190} INFO - [2024-09-28T19:58:46.413+0000] {dag.py:3239} INFO - Sync 1 DAGs
[2024-09-28T19:58:46.427+0000] {logging_mixin.py:190} INFO - [2024-09-28T19:58:46.427+0000] {dag.py:4180} INFO - Setting next_dagrun for thiago_teste to 2021-03-18 00:00:00+00:00, run_after=2021-03-19 00:00:00+00:00
[2024-09-28T19:58:46.439+0000] {processor.py:208} INFO - Processing /opt/airflow/dags/script.py took 0.070 seconds
[2024-09-28T19:59:16.862+0000] {processor.py:186} INFO - Started process (PID=902) to work on /opt/airflow/dags/script.py
[2024-09-28T19:59:16.863+0000] {processor.py:914} INFO - Processing file /opt/airflow/dags/script.py for tasks to queue
[2024-09-28T19:59:16.865+0000] {logging_mixin.py:190} INFO - [2024-09-28T19:59:16.864+0000] {dagbag.py:588} INFO - Filling up the DagBag from /opt/airflow/dags/script.py
[2024-09-28T19:59:16.878+0000] {processor.py:925} INFO - DAG(s) 'thiago_teste' retrieved from /opt/airflow/dags/script.py
[2024-09-28T19:59:16.890+0000] {logging_mixin.py:190} INFO - [2024-09-28T19:59:16.890+0000] {dag.py:3239} INFO - Sync 1 DAGs
[2024-09-28T19:59:16.908+0000] {logging_mixin.py:190} INFO - [2024-09-28T19:59:16.908+0000] {dag.py:4180} INFO - Setting next_dagrun for thiago_teste to 2021-04-12 00:00:00+00:00, run_after=2021-04-13 00:00:00+00:00
[2024-09-28T19:59:16.923+0000] {processor.py:208} INFO - Processing /opt/airflow/dags/script.py took 0.064 seconds
[2024-09-28T19:59:47.075+0000] {processor.py:186} INFO - Started process (PID=967) to work on /opt/airflow/dags/script.py
[2024-09-28T19:59:47.076+0000] {processor.py:914} INFO - Processing file /opt/airflow/dags/script.py for tasks to queue
[2024-09-28T19:59:47.078+0000] {logging_mixin.py:190} INFO - [2024-09-28T19:59:47.077+0000] {dagbag.py:588} INFO - Filling up the DagBag from /opt/airflow/dags/script.py
[2024-09-28T19:59:47.088+0000] {processor.py:925} INFO - DAG(s) 'thiago_teste' retrieved from /opt/airflow/dags/script.py
[2024-09-28T19:59:47.099+0000] {logging_mixin.py:190} INFO - [2024-09-28T19:59:47.099+0000] {dag.py:3239} INFO - Sync 1 DAGs
[2024-09-28T19:59:47.114+0000] {logging_mixin.py:190} INFO - [2024-09-28T19:59:47.114+0000] {dag.py:4180} INFO - Setting next_dagrun for thiago_teste to 2021-05-03 00:00:00+00:00, run_after=2021-05-04 00:00:00+00:00
[2024-09-28T19:59:47.126+0000] {processor.py:208} INFO - Processing /opt/airflow/dags/script.py took 0.055 seconds
[2024-09-28T20:00:17.527+0000] {processor.py:186} INFO - Started process (PID=1032) to work on /opt/airflow/dags/script.py
[2024-09-28T20:00:17.528+0000] {processor.py:914} INFO - Processing file /opt/airflow/dags/script.py for tasks to queue
[2024-09-28T20:00:17.530+0000] {logging_mixin.py:190} INFO - [2024-09-28T20:00:17.529+0000] {dagbag.py:588} INFO - Filling up the DagBag from /opt/airflow/dags/script.py
[2024-09-28T20:00:17.540+0000] {processor.py:925} INFO - DAG(s) 'thiago_teste' retrieved from /opt/airflow/dags/script.py
[2024-09-28T20:00:17.552+0000] {logging_mixin.py:190} INFO - [2024-09-28T20:00:17.552+0000] {dag.py:3239} INFO - Sync 1 DAGs
[2024-09-28T20:00:17.567+0000] {logging_mixin.py:190} INFO - [2024-09-28T20:00:17.567+0000] {dag.py:4180} INFO - Setting next_dagrun for thiago_teste to 2021-05-27 00:00:00+00:00, run_after=2021-05-28 00:00:00+00:00
[2024-09-28T20:00:17.579+0000] {processor.py:208} INFO - Processing /opt/airflow/dags/script.py took 0.055 seconds
[2024-09-28T20:05:07.699+0000] {processor.py:186} INFO - Started process (PID=57) to work on /opt/airflow/dags/script.py
[2024-09-28T20:05:07.700+0000] {processor.py:914} INFO - Processing file /opt/airflow/dags/script.py for tasks to queue
[2024-09-28T20:05:07.702+0000] {logging_mixin.py:190} INFO - [2024-09-28T20:05:07.701+0000] {dagbag.py:588} INFO - Filling up the DagBag from /opt/airflow/dags/script.py
[2024-09-28T20:05:07.720+0000] {processor.py:925} INFO - DAG(s) 'thiago_teste' retrieved from /opt/airflow/dags/script.py
[2024-09-28T20:05:07.749+0000] {logging_mixin.py:190} INFO - [2024-09-28T20:05:07.749+0000] {dag.py:3239} INFO - Sync 1 DAGs
[2024-09-28T20:05:07.765+0000] {logging_mixin.py:190} INFO - [2024-09-28T20:05:07.765+0000] {dag.py:4180} INFO - Setting next_dagrun for thiago_teste to 2021-05-30 00:00:00+00:00, run_after=2021-05-31 00:00:00+00:00
[2024-09-28T20:05:07.780+0000] {processor.py:208} INFO - Processing /opt/airflow/dags/script.py took 0.085 seconds
[2024-09-28T20:05:38.464+0000] {processor.py:186} INFO - Started process (PID=122) to work on /opt/airflow/dags/script.py
[2024-09-28T20:05:38.465+0000] {processor.py:914} INFO - Processing file /opt/airflow/dags/script.py for tasks to queue
[2024-09-28T20:05:38.467+0000] {logging_mixin.py:190} INFO - [2024-09-28T20:05:38.467+0000] {dagbag.py:588} INFO - Filling up the DagBag from /opt/airflow/dags/script.py
[2024-09-28T20:05:38.481+0000] {processor.py:925} INFO - DAG(s) 'thiago_teste' retrieved from /opt/airflow/dags/script.py
[2024-09-28T20:05:38.495+0000] {logging_mixin.py:190} INFO - [2024-09-28T20:05:38.495+0000] {dag.py:3239} INFO - Sync 1 DAGs
[2024-09-28T20:05:38.510+0000] {logging_mixin.py:190} INFO - [2024-09-28T20:05:38.510+0000] {dag.py:4180} INFO - Setting next_dagrun for thiago_teste to 2021-06-20 00:00:00+00:00, run_after=2021-06-21 00:00:00+00:00
[2024-09-28T20:05:38.523+0000] {processor.py:208} INFO - Processing /opt/airflow/dags/script.py took 0.062 seconds
[2024-09-28T20:06:08.913+0000] {processor.py:186} INFO - Started process (PID=193) to work on /opt/airflow/dags/script.py
[2024-09-28T20:06:08.914+0000] {processor.py:914} INFO - Processing file /opt/airflow/dags/script.py for tasks to queue
[2024-09-28T20:06:08.916+0000] {logging_mixin.py:190} INFO - [2024-09-28T20:06:08.915+0000] {dagbag.py:588} INFO - Filling up the DagBag from /opt/airflow/dags/script.py
[2024-09-28T20:06:08.930+0000] {processor.py:925} INFO - DAG(s) 'thiago_teste' retrieved from /opt/airflow/dags/script.py
[2024-09-28T20:06:08.941+0000] {logging_mixin.py:190} INFO - [2024-09-28T20:06:08.941+0000] {dag.py:3239} INFO - Sync 1 DAGs
[2024-09-28T20:06:08.956+0000] {logging_mixin.py:190} INFO - [2024-09-28T20:06:08.956+0000] {dag.py:4180} INFO - Setting next_dagrun for thiago_teste to 2021-07-13 00:00:00+00:00, run_after=2021-07-14 00:00:00+00:00
[2024-09-28T20:06:08.978+0000] {processor.py:208} INFO - Processing /opt/airflow/dags/script.py took 0.069 seconds
[2024-09-28T20:06:39.463+0000] {processor.py:186} INFO - Started process (PID=259) to work on /opt/airflow/dags/script.py
[2024-09-28T20:06:39.464+0000] {processor.py:914} INFO - Processing file /opt/airflow/dags/script.py for tasks to queue
[2024-09-28T20:06:39.466+0000] {logging_mixin.py:190} INFO - [2024-09-28T20:06:39.465+0000] {dagbag.py:588} INFO - Filling up the DagBag from /opt/airflow/dags/script.py
[2024-09-28T20:06:39.479+0000] {processor.py:925} INFO - DAG(s) 'thiago_teste' retrieved from /opt/airflow/dags/script.py
[2024-09-28T20:06:39.490+0000] {logging_mixin.py:190} INFO - [2024-09-28T20:06:39.490+0000] {dag.py:3239} INFO - Sync 1 DAGs
[2024-09-28T20:06:39.506+0000] {logging_mixin.py:190} INFO - [2024-09-28T20:06:39.506+0000] {dag.py:4180} INFO - Setting next_dagrun for thiago_teste to 2021-08-06 00:00:00+00:00, run_after=2021-08-07 00:00:00+00:00
[2024-09-28T20:06:39.524+0000] {processor.py:208} INFO - Processing /opt/airflow/dags/script.py took 0.064 seconds
[2024-09-28T20:07:09.684+0000] {processor.py:186} INFO - Started process (PID=324) to work on /opt/airflow/dags/script.py
[2024-09-28T20:07:09.686+0000] {processor.py:914} INFO - Processing file /opt/airflow/dags/script.py for tasks to queue
[2024-09-28T20:07:09.687+0000] {logging_mixin.py:190} INFO - [2024-09-28T20:07:09.687+0000] {dagbag.py:588} INFO - Filling up the DagBag from /opt/airflow/dags/script.py
[2024-09-28T20:07:09.701+0000] {processor.py:925} INFO - DAG(s) 'thiago_teste' retrieved from /opt/airflow/dags/script.py
[2024-09-28T20:07:09.712+0000] {logging_mixin.py:190} INFO - [2024-09-28T20:07:09.712+0000] {dag.py:3239} INFO - Sync 1 DAGs
[2024-09-28T20:07:09.728+0000] {logging_mixin.py:190} INFO - [2024-09-28T20:07:09.728+0000] {dag.py:4180} INFO - Setting next_dagrun for thiago_teste to 2021-08-30 00:00:00+00:00, run_after=2021-08-31 00:00:00+00:00
[2024-09-28T20:07:09.740+0000] {processor.py:208} INFO - Processing /opt/airflow/dags/script.py took 0.059 seconds
[2024-09-28T20:07:40.520+0000] {processor.py:186} INFO - Started process (PID=389) to work on /opt/airflow/dags/script.py
[2024-09-28T20:07:40.521+0000] {processor.py:914} INFO - Processing file /opt/airflow/dags/script.py for tasks to queue
[2024-09-28T20:07:40.523+0000] {logging_mixin.py:190} INFO - [2024-09-28T20:07:40.523+0000] {dagbag.py:588} INFO - Filling up the DagBag from /opt/airflow/dags/script.py
[2024-09-28T20:07:40.540+0000] {processor.py:925} INFO - DAG(s) 'thiago_teste' retrieved from /opt/airflow/dags/script.py
[2024-09-28T20:07:40.553+0000] {logging_mixin.py:190} INFO - [2024-09-28T20:07:40.553+0000] {dag.py:3239} INFO - Sync 1 DAGs
[2024-09-28T20:07:40.569+0000] {logging_mixin.py:190} INFO - [2024-09-28T20:07:40.569+0000] {dag.py:4180} INFO - Setting next_dagrun for thiago_teste to 2021-09-22 00:00:00+00:00, run_after=2021-09-23 00:00:00+00:00
[2024-09-28T20:07:40.582+0000] {processor.py:208} INFO - Processing /opt/airflow/dags/script.py took 0.065 seconds
[2024-09-28T20:08:10.719+0000] {processor.py:186} INFO - Started process (PID=454) to work on /opt/airflow/dags/script.py
[2024-09-28T20:08:10.720+0000] {processor.py:914} INFO - Processing file /opt/airflow/dags/script.py for tasks to queue
[2024-09-28T20:08:10.721+0000] {logging_mixin.py:190} INFO - [2024-09-28T20:08:10.721+0000] {dagbag.py:588} INFO - Filling up the DagBag from /opt/airflow/dags/script.py
[2024-09-28T20:08:10.738+0000] {processor.py:925} INFO - DAG(s) 'thiago_teste' retrieved from /opt/airflow/dags/script.py
[2024-09-28T20:08:10.750+0000] {logging_mixin.py:190} INFO - [2024-09-28T20:08:10.750+0000] {dag.py:3239} INFO - Sync 1 DAGs
[2024-09-28T20:08:10.766+0000] {logging_mixin.py:190} INFO - [2024-09-28T20:08:10.766+0000] {dag.py:4180} INFO - Setting next_dagrun for thiago_teste to 2021-10-15 00:00:00+00:00, run_after=2021-10-16 00:00:00+00:00
[2024-09-28T20:08:10.794+0000] {processor.py:208} INFO - Processing /opt/airflow/dags/script.py took 0.079 seconds
[2024-09-28T20:08:40.884+0000] {processor.py:186} INFO - Started process (PID=518) to work on /opt/airflow/dags/script.py
[2024-09-28T20:08:40.885+0000] {processor.py:914} INFO - Processing file /opt/airflow/dags/script.py for tasks to queue
[2024-09-28T20:08:40.887+0000] {logging_mixin.py:190} INFO - [2024-09-28T20:08:40.887+0000] {dagbag.py:588} INFO - Filling up the DagBag from /opt/airflow/dags/script.py
[2024-09-28T20:08:40.899+0000] {processor.py:925} INFO - DAG(s) 'thiago_teste' retrieved from /opt/airflow/dags/script.py
[2024-09-28T20:08:40.913+0000] {logging_mixin.py:190} INFO - [2024-09-28T20:08:40.912+0000] {dag.py:3239} INFO - Sync 1 DAGs
[2024-09-28T20:08:40.957+0000] {logging_mixin.py:190} INFO - [2024-09-28T20:08:40.957+0000] {dag.py:4180} INFO - Setting next_dagrun for thiago_teste to 2021-11-05 00:00:00+00:00, run_after=2021-11-06 00:00:00+00:00
[2024-09-28T20:08:40.978+0000] {processor.py:208} INFO - Processing /opt/airflow/dags/script.py took 0.098 seconds
[2024-09-28T20:09:11.620+0000] {processor.py:186} INFO - Started process (PID=584) to work on /opt/airflow/dags/script.py
[2024-09-28T20:09:11.620+0000] {processor.py:914} INFO - Processing file /opt/airflow/dags/script.py for tasks to queue
[2024-09-28T20:09:11.622+0000] {logging_mixin.py:190} INFO - [2024-09-28T20:09:11.622+0000] {dagbag.py:588} INFO - Filling up the DagBag from /opt/airflow/dags/script.py
[2024-09-28T20:09:11.638+0000] {processor.py:925} INFO - DAG(s) 'thiago_teste' retrieved from /opt/airflow/dags/script.py
[2024-09-28T20:09:11.649+0000] {logging_mixin.py:190} INFO - [2024-09-28T20:09:11.649+0000] {dag.py:3239} INFO - Sync 1 DAGs
[2024-09-28T20:09:11.664+0000] {logging_mixin.py:190} INFO - [2024-09-28T20:09:11.664+0000] {dag.py:4180} INFO - Setting next_dagrun for thiago_teste to 2021-11-29 00:00:00+00:00, run_after=2021-11-30 00:00:00+00:00
[2024-09-28T20:09:11.680+0000] {processor.py:208} INFO - Processing /opt/airflow/dags/script.py took 0.064 seconds
[2024-09-28T20:09:42.194+0000] {processor.py:186} INFO - Started process (PID=649) to work on /opt/airflow/dags/script.py
[2024-09-28T20:09:42.194+0000] {processor.py:914} INFO - Processing file /opt/airflow/dags/script.py for tasks to queue
[2024-09-28T20:09:42.196+0000] {logging_mixin.py:190} INFO - [2024-09-28T20:09:42.196+0000] {dagbag.py:588} INFO - Filling up the DagBag from /opt/airflow/dags/script.py
[2024-09-28T20:09:42.208+0000] {processor.py:925} INFO - DAG(s) 'thiago_teste' retrieved from /opt/airflow/dags/script.py
[2024-09-28T20:09:42.221+0000] {logging_mixin.py:190} INFO - [2024-09-28T20:09:42.221+0000] {dag.py:3239} INFO - Sync 1 DAGs
[2024-09-28T20:09:42.236+0000] {logging_mixin.py:190} INFO - [2024-09-28T20:09:42.236+0000] {dag.py:4180} INFO - Setting next_dagrun for thiago_teste to 2021-12-23 00:00:00+00:00, run_after=2021-12-24 00:00:00+00:00
[2024-09-28T20:09:42.251+0000] {processor.py:208} INFO - Processing /opt/airflow/dags/script.py took 0.060 seconds
[2024-09-28T20:10:12.488+0000] {processor.py:186} INFO - Started process (PID=715) to work on /opt/airflow/dags/script.py
[2024-09-28T20:10:12.489+0000] {processor.py:914} INFO - Processing file /opt/airflow/dags/script.py for tasks to queue
[2024-09-28T20:10:12.490+0000] {logging_mixin.py:190} INFO - [2024-09-28T20:10:12.490+0000] {dagbag.py:588} INFO - Filling up the DagBag from /opt/airflow/dags/script.py
[2024-09-28T20:10:12.507+0000] {processor.py:925} INFO - DAG(s) 'thiago_teste' retrieved from /opt/airflow/dags/script.py
[2024-09-28T20:10:12.520+0000] {logging_mixin.py:190} INFO - [2024-09-28T20:10:12.520+0000] {dag.py:3239} INFO - Sync 1 DAGs
[2024-09-28T20:10:12.535+0000] {logging_mixin.py:190} INFO - [2024-09-28T20:10:12.535+0000] {dag.py:4180} INFO - Setting next_dagrun for thiago_teste to 2022-01-16 00:00:00+00:00, run_after=2022-01-17 00:00:00+00:00
[2024-09-28T20:10:12.551+0000] {processor.py:208} INFO - Processing /opt/airflow/dags/script.py took 0.068 seconds
[2024-09-28T20:10:42.765+0000] {processor.py:186} INFO - Started process (PID=781) to work on /opt/airflow/dags/script.py
[2024-09-28T20:10:42.765+0000] {processor.py:914} INFO - Processing file /opt/airflow/dags/script.py for tasks to queue
[2024-09-28T20:10:42.768+0000] {logging_mixin.py:190} INFO - [2024-09-28T20:10:42.767+0000] {dagbag.py:588} INFO - Filling up the DagBag from /opt/airflow/dags/script.py
[2024-09-28T20:10:42.793+0000] {processor.py:925} INFO - DAG(s) 'thiago_teste' retrieved from /opt/airflow/dags/script.py
[2024-09-28T20:10:42.806+0000] {logging_mixin.py:190} INFO - [2024-09-28T20:10:42.806+0000] {dag.py:3239} INFO - Sync 1 DAGs
[2024-09-28T20:10:42.824+0000] {logging_mixin.py:190} INFO - [2024-09-28T20:10:42.824+0000] {dag.py:4180} INFO - Setting next_dagrun for thiago_teste to 2022-02-06 00:00:00+00:00, run_after=2022-02-07 00:00:00+00:00
[2024-09-28T20:10:42.839+0000] {processor.py:208} INFO - Processing /opt/airflow/dags/script.py took 0.078 seconds
[2024-09-28T20:11:12.958+0000] {processor.py:186} INFO - Started process (PID=851) to work on /opt/airflow/dags/script.py
[2024-09-28T20:11:12.959+0000] {processor.py:914} INFO - Processing file /opt/airflow/dags/script.py for tasks to queue
[2024-09-28T20:11:12.961+0000] {logging_mixin.py:190} INFO - [2024-09-28T20:11:12.961+0000] {dagbag.py:588} INFO - Filling up the DagBag from /opt/airflow/dags/script.py
[2024-09-28T20:11:12.979+0000] {processor.py:925} INFO - DAG(s) 'thiago_teste' retrieved from /opt/airflow/dags/script.py
[2024-09-28T20:11:12.994+0000] {logging_mixin.py:190} INFO - [2024-09-28T20:11:12.994+0000] {dag.py:3239} INFO - Sync 1 DAGs
[2024-09-28T20:11:13.017+0000] {logging_mixin.py:190} INFO - [2024-09-28T20:11:13.017+0000] {dag.py:4180} INFO - Setting next_dagrun for thiago_teste to 2022-03-21 00:00:00+00:00, run_after=2022-03-22 00:00:00+00:00
[2024-09-28T20:11:13.036+0000] {processor.py:208} INFO - Processing /opt/airflow/dags/script.py took 0.082 seconds
[2024-09-28T20:11:43.517+0000] {processor.py:186} INFO - Started process (PID=918) to work on /opt/airflow/dags/script.py
[2024-09-28T20:11:43.518+0000] {processor.py:914} INFO - Processing file /opt/airflow/dags/script.py for tasks to queue
[2024-09-28T20:11:43.520+0000] {logging_mixin.py:190} INFO - [2024-09-28T20:11:43.520+0000] {dagbag.py:588} INFO - Filling up the DagBag from /opt/airflow/dags/script.py
[2024-09-28T20:11:43.537+0000] {processor.py:925} INFO - DAG(s) 'thiago_teste' retrieved from /opt/airflow/dags/script.py
[2024-09-28T20:11:43.549+0000] {logging_mixin.py:190} INFO - [2024-09-28T20:11:43.549+0000] {dag.py:3239} INFO - Sync 1 DAGs
[2024-09-28T20:11:43.565+0000] {logging_mixin.py:190} INFO - [2024-09-28T20:11:43.564+0000] {dag.py:4180} INFO - Setting next_dagrun for thiago_teste to 2022-04-23 00:00:00+00:00, run_after=2022-04-24 00:00:00+00:00
[2024-09-28T20:11:43.578+0000] {processor.py:208} INFO - Processing /opt/airflow/dags/script.py took 0.065 seconds
[2024-09-28T20:12:13.783+0000] {processor.py:186} INFO - Started process (PID=984) to work on /opt/airflow/dags/script.py
[2024-09-28T20:12:13.784+0000] {processor.py:914} INFO - Processing file /opt/airflow/dags/script.py for tasks to queue
[2024-09-28T20:12:13.786+0000] {logging_mixin.py:190} INFO - [2024-09-28T20:12:13.786+0000] {dagbag.py:588} INFO - Filling up the DagBag from /opt/airflow/dags/script.py
[2024-09-28T20:12:13.800+0000] {processor.py:925} INFO - DAG(s) 'thiago_teste' retrieved from /opt/airflow/dags/script.py
[2024-09-28T20:12:13.812+0000] {logging_mixin.py:190} INFO - [2024-09-28T20:12:13.812+0000] {dag.py:3239} INFO - Sync 1 DAGs
[2024-09-28T20:12:13.828+0000] {logging_mixin.py:190} INFO - [2024-09-28T20:12:13.828+0000] {dag.py:4180} INFO - Setting next_dagrun for thiago_teste to 2022-05-14 00:00:00+00:00, run_after=2022-05-15 00:00:00+00:00
[2024-09-28T20:12:13.850+0000] {processor.py:208} INFO - Processing /opt/airflow/dags/script.py took 0.070 seconds
[2024-09-28T20:12:44.047+0000] {processor.py:186} INFO - Started process (PID=1050) to work on /opt/airflow/dags/script.py
[2024-09-28T20:12:44.047+0000] {processor.py:914} INFO - Processing file /opt/airflow/dags/script.py for tasks to queue
[2024-09-28T20:12:44.049+0000] {logging_mixin.py:190} INFO - [2024-09-28T20:12:44.049+0000] {dagbag.py:588} INFO - Filling up the DagBag from /opt/airflow/dags/script.py
[2024-09-28T20:12:44.062+0000] {processor.py:925} INFO - DAG(s) 'thiago_teste' retrieved from /opt/airflow/dags/script.py
[2024-09-28T20:12:44.075+0000] {logging_mixin.py:190} INFO - [2024-09-28T20:12:44.074+0000] {dag.py:3239} INFO - Sync 1 DAGs
[2024-09-28T20:12:44.090+0000] {logging_mixin.py:190} INFO - [2024-09-28T20:12:44.090+0000] {dag.py:4180} INFO - Setting next_dagrun for thiago_teste to 2022-06-04 00:00:00+00:00, run_after=2022-06-05 00:00:00+00:00
[2024-09-28T20:12:44.106+0000] {processor.py:208} INFO - Processing /opt/airflow/dags/script.py took 0.063 seconds
[2024-09-28T20:13:14.204+0000] {processor.py:186} INFO - Started process (PID=1116) to work on /opt/airflow/dags/script.py
[2024-09-28T20:13:14.205+0000] {processor.py:914} INFO - Processing file /opt/airflow/dags/script.py for tasks to queue
[2024-09-28T20:13:14.207+0000] {logging_mixin.py:190} INFO - [2024-09-28T20:13:14.206+0000] {dagbag.py:588} INFO - Filling up the DagBag from /opt/airflow/dags/script.py
[2024-09-28T20:13:14.219+0000] {processor.py:925} INFO - DAG(s) 'thiago_teste' retrieved from /opt/airflow/dags/script.py
[2024-09-28T20:13:14.231+0000] {logging_mixin.py:190} INFO - [2024-09-28T20:13:14.231+0000] {dag.py:3239} INFO - Sync 1 DAGs
[2024-09-28T20:13:14.246+0000] {logging_mixin.py:190} INFO - [2024-09-28T20:13:14.246+0000] {dag.py:4180} INFO - Setting next_dagrun for thiago_teste to 2022-06-27 00:00:00+00:00, run_after=2022-06-28 00:00:00+00:00
[2024-09-28T20:13:14.260+0000] {processor.py:208} INFO - Processing /opt/airflow/dags/script.py took 0.059 seconds
[2024-09-28T20:13:44.463+0000] {processor.py:186} INFO - Started process (PID=1181) to work on /opt/airflow/dags/script.py
[2024-09-28T20:13:44.465+0000] {processor.py:914} INFO - Processing file /opt/airflow/dags/script.py for tasks to queue
[2024-09-28T20:13:44.467+0000] {logging_mixin.py:190} INFO - [2024-09-28T20:13:44.467+0000] {dagbag.py:588} INFO - Filling up the DagBag from /opt/airflow/dags/script.py
[2024-09-28T20:13:44.484+0000] {processor.py:925} INFO - DAG(s) 'thiago_teste' retrieved from /opt/airflow/dags/script.py
[2024-09-28T20:13:44.498+0000] {logging_mixin.py:190} INFO - [2024-09-28T20:13:44.498+0000] {dag.py:3239} INFO - Sync 1 DAGs
[2024-09-28T20:13:44.522+0000] {logging_mixin.py:190} INFO - [2024-09-28T20:13:44.522+0000] {dag.py:4180} INFO - Setting next_dagrun for thiago_teste to 2022-07-20 00:00:00+00:00, run_after=2022-07-21 00:00:00+00:00
[2024-09-28T20:13:44.536+0000] {processor.py:208} INFO - Processing /opt/airflow/dags/script.py took 0.078 seconds
[2024-09-28T20:14:14.809+0000] {processor.py:186} INFO - Started process (PID=1247) to work on /opt/airflow/dags/script.py
[2024-09-28T20:14:14.810+0000] {processor.py:914} INFO - Processing file /opt/airflow/dags/script.py for tasks to queue
[2024-09-28T20:14:14.812+0000] {logging_mixin.py:190} INFO - [2024-09-28T20:14:14.812+0000] {dagbag.py:588} INFO - Filling up the DagBag from /opt/airflow/dags/script.py
[2024-09-28T20:14:14.824+0000] {processor.py:925} INFO - DAG(s) 'thiago_teste' retrieved from /opt/airflow/dags/script.py
[2024-09-28T20:14:14.836+0000] {logging_mixin.py:190} INFO - [2024-09-28T20:14:14.836+0000] {dag.py:3239} INFO - Sync 1 DAGs
[2024-09-28T20:14:14.850+0000] {logging_mixin.py:190} INFO - [2024-09-28T20:14:14.850+0000] {dag.py:4180} INFO - Setting next_dagrun for thiago_teste to 2022-08-12 00:00:00+00:00, run_after=2022-08-13 00:00:00+00:00
[2024-09-28T20:14:14.881+0000] {processor.py:208} INFO - Processing /opt/airflow/dags/script.py took 0.076 seconds
[2024-09-28T20:14:45.175+0000] {processor.py:186} INFO - Started process (PID=1313) to work on /opt/airflow/dags/script.py
[2024-09-28T20:14:45.177+0000] {processor.py:914} INFO - Processing file /opt/airflow/dags/script.py for tasks to queue
[2024-09-28T20:14:45.178+0000] {logging_mixin.py:190} INFO - [2024-09-28T20:14:45.178+0000] {dagbag.py:588} INFO - Filling up the DagBag from /opt/airflow/dags/script.py
[2024-09-28T20:14:45.194+0000] {processor.py:925} INFO - DAG(s) 'thiago_teste' retrieved from /opt/airflow/dags/script.py
[2024-09-28T20:14:45.209+0000] {logging_mixin.py:190} INFO - [2024-09-28T20:14:45.209+0000] {dag.py:3239} INFO - Sync 1 DAGs
[2024-09-28T20:14:45.227+0000] {logging_mixin.py:190} INFO - [2024-09-28T20:14:45.227+0000] {dag.py:4180} INFO - Setting next_dagrun for thiago_teste to 2022-09-04 00:00:00+00:00, run_after=2022-09-05 00:00:00+00:00
[2024-09-28T20:14:45.243+0000] {processor.py:208} INFO - Processing /opt/airflow/dags/script.py took 0.072 seconds
[2024-09-28T20:15:15.493+0000] {processor.py:186} INFO - Started process (PID=1379) to work on /opt/airflow/dags/script.py
[2024-09-28T20:15:15.494+0000] {processor.py:914} INFO - Processing file /opt/airflow/dags/script.py for tasks to queue
[2024-09-28T20:15:15.495+0000] {logging_mixin.py:190} INFO - [2024-09-28T20:15:15.495+0000] {dagbag.py:588} INFO - Filling up the DagBag from /opt/airflow/dags/script.py
[2024-09-28T20:15:15.525+0000] {processor.py:925} INFO - DAG(s) 'thiago_teste' retrieved from /opt/airflow/dags/script.py
[2024-09-28T20:15:15.539+0000] {logging_mixin.py:190} INFO - [2024-09-28T20:15:15.539+0000] {dag.py:3239} INFO - Sync 1 DAGs
[2024-09-28T20:15:15.557+0000] {logging_mixin.py:190} INFO - [2024-09-28T20:15:15.557+0000] {dag.py:4180} INFO - Setting next_dagrun for thiago_teste to 2022-09-29 00:00:00+00:00, run_after=2022-09-30 00:00:00+00:00
[2024-09-28T20:15:15.572+0000] {processor.py:208} INFO - Processing /opt/airflow/dags/script.py took 0.083 seconds
[2024-09-28T20:15:45.984+0000] {processor.py:186} INFO - Started process (PID=1445) to work on /opt/airflow/dags/script.py
[2024-09-28T20:15:45.985+0000] {processor.py:914} INFO - Processing file /opt/airflow/dags/script.py for tasks to queue
[2024-09-28T20:15:45.987+0000] {logging_mixin.py:190} INFO - [2024-09-28T20:15:45.987+0000] {dagbag.py:588} INFO - Filling up the DagBag from /opt/airflow/dags/script.py
[2024-09-28T20:15:46.004+0000] {processor.py:925} INFO - DAG(s) 'thiago_teste' retrieved from /opt/airflow/dags/script.py
[2024-09-28T20:15:46.022+0000] {logging_mixin.py:190} INFO - [2024-09-28T20:15:46.021+0000] {dag.py:3239} INFO - Sync 1 DAGs
[2024-09-28T20:15:46.043+0000] {logging_mixin.py:190} INFO - [2024-09-28T20:15:46.043+0000] {dag.py:4180} INFO - Setting next_dagrun for thiago_teste to 2022-10-20 00:00:00+00:00, run_after=2022-10-21 00:00:00+00:00
[2024-09-28T20:15:46.063+0000] {processor.py:208} INFO - Processing /opt/airflow/dags/script.py took 0.083 seconds
[2024-09-28T20:16:28.541+0000] {processor.py:186} INFO - Started process (PID=84) to work on /opt/airflow/dags/script.py
[2024-09-28T20:16:28.541+0000] {processor.py:914} INFO - Processing file /opt/airflow/dags/script.py for tasks to queue
[2024-09-28T20:16:28.543+0000] {logging_mixin.py:190} INFO - [2024-09-28T20:16:28.543+0000] {dagbag.py:588} INFO - Filling up the DagBag from /opt/airflow/dags/script.py
[2024-09-28T20:16:28.559+0000] {processor.py:925} INFO - DAG(s) 'thiago_teste' retrieved from /opt/airflow/dags/script.py
[2024-09-28T20:16:28.577+0000] {logging_mixin.py:190} INFO - [2024-09-28T20:16:28.577+0000] {dag.py:3239} INFO - Sync 1 DAGs
[2024-09-28T20:16:28.593+0000] {logging_mixin.py:190} INFO - [2024-09-28T20:16:28.593+0000] {dag.py:4180} INFO - Setting next_dagrun for thiago_teste to 2022-10-21 00:00:00+00:00, run_after=2022-10-22 00:00:00+00:00
[2024-09-28T20:16:28.607+0000] {processor.py:208} INFO - Processing /opt/airflow/dags/script.py took 0.070 seconds
[2024-09-28T20:16:59.157+0000] {processor.py:186} INFO - Started process (PID=151) to work on /opt/airflow/dags/script.py
[2024-09-28T20:16:59.158+0000] {processor.py:914} INFO - Processing file /opt/airflow/dags/script.py for tasks to queue
[2024-09-28T20:16:59.160+0000] {logging_mixin.py:190} INFO - [2024-09-28T20:16:59.160+0000] {dagbag.py:588} INFO - Filling up the DagBag from /opt/airflow/dags/script.py
[2024-09-28T20:16:59.177+0000] {processor.py:925} INFO - DAG(s) 'thiago_teste' retrieved from /opt/airflow/dags/script.py
[2024-09-28T20:16:59.191+0000] {logging_mixin.py:190} INFO - [2024-09-28T20:16:59.191+0000] {dag.py:3239} INFO - Sync 1 DAGs
[2024-09-28T20:16:59.206+0000] {logging_mixin.py:190} INFO - [2024-09-28T20:16:59.206+0000] {dag.py:4180} INFO - Setting next_dagrun for thiago_teste to 2022-11-13 00:00:00+00:00, run_after=2022-11-14 00:00:00+00:00
[2024-09-28T20:16:59.220+0000] {processor.py:208} INFO - Processing /opt/airflow/dags/script.py took 0.069 seconds
[2024-09-28T20:17:29.526+0000] {processor.py:186} INFO - Started process (PID=219) to work on /opt/airflow/dags/script.py
[2024-09-28T20:17:29.531+0000] {processor.py:914} INFO - Processing file /opt/airflow/dags/script.py for tasks to queue
[2024-09-28T20:17:29.535+0000] {logging_mixin.py:190} INFO - [2024-09-28T20:17:29.535+0000] {dagbag.py:588} INFO - Filling up the DagBag from /opt/airflow/dags/script.py
[2024-09-28T20:17:29.557+0000] {processor.py:925} INFO - DAG(s) 'thiago_teste' retrieved from /opt/airflow/dags/script.py
[2024-09-28T20:17:29.569+0000] {logging_mixin.py:190} INFO - [2024-09-28T20:17:29.569+0000] {dag.py:3239} INFO - Sync 1 DAGs
[2024-09-28T20:17:29.585+0000] {logging_mixin.py:190} INFO - [2024-09-28T20:17:29.585+0000] {dag.py:4180} INFO - Setting next_dagrun for thiago_teste to 2022-12-15 00:00:00+00:00, run_after=2022-12-16 00:00:00+00:00
[2024-09-28T20:17:29.600+0000] {processor.py:208} INFO - Processing /opt/airflow/dags/script.py took 0.078 seconds
[2024-09-28T20:17:59.965+0000] {processor.py:186} INFO - Started process (PID=287) to work on /opt/airflow/dags/script.py
[2024-09-28T20:17:59.966+0000] {processor.py:914} INFO - Processing file /opt/airflow/dags/script.py for tasks to queue
[2024-09-28T20:17:59.968+0000] {logging_mixin.py:190} INFO - [2024-09-28T20:17:59.967+0000] {dagbag.py:588} INFO - Filling up the DagBag from /opt/airflow/dags/script.py
[2024-09-28T20:17:59.984+0000] {processor.py:925} INFO - DAG(s) 'thiago_teste' retrieved from /opt/airflow/dags/script.py
[2024-09-28T20:17:59.997+0000] {logging_mixin.py:190} INFO - [2024-09-28T20:17:59.997+0000] {dag.py:3239} INFO - Sync 1 DAGs
[2024-09-28T20:18:00.018+0000] {logging_mixin.py:190} INFO - [2024-09-28T20:18:00.018+0000] {dag.py:4180} INFO - Setting next_dagrun for thiago_teste to 2023-01-05 00:00:00+00:00, run_after=2023-01-06 00:00:00+00:00
[2024-09-28T20:18:00.034+0000] {processor.py:208} INFO - Processing /opt/airflow/dags/script.py took 0.073 seconds
