[2024-10-24T19:32:53.372+0000] {processor.py:186} INFO - Started process (PID=209) to work on /opt/airflow/dags/dag_inserir_mongodb.py
[2024-10-24T19:32:53.373+0000] {processor.py:914} INFO - Processing file /opt/airflow/dags/dag_inserir_mongodb.py for tasks to queue
[2024-10-24T19:32:53.375+0000] {logging_mixin.py:190} INFO - [2024-10-24T19:32:53.374+0000] {dagbag.py:588} INFO - Filling up the DagBag from /opt/airflow/dags/dag_inserir_mongodb.py
[2024-10-24T19:32:54.363+0000] {processor.py:925} INFO - DAG(s) 'inserindo_dados_mongo' retrieved from /opt/airflow/dags/dag_inserir_mongodb.py
[2024-10-24T19:32:54.528+0000] {logging_mixin.py:190} INFO - [2024-10-24T19:32:54.527+0000] {override.py:1900} INFO - Created Permission View: can delete on DAG:inserindo_dados_mongo
[2024-10-24T19:32:54.547+0000] {logging_mixin.py:190} INFO - [2024-10-24T19:32:54.546+0000] {override.py:1900} INFO - Created Permission View: can read on DAG:inserindo_dados_mongo
[2024-10-24T19:32:54.555+0000] {logging_mixin.py:190} INFO - [2024-10-24T19:32:54.555+0000] {override.py:1900} INFO - Created Permission View: can edit on DAG:inserindo_dados_mongo
[2024-10-24T19:32:54.572+0000] {logging_mixin.py:190} INFO - [2024-10-24T19:32:54.571+0000] {override.py:1900} INFO - Created Permission View: can delete on DAG Run:inserindo_dados_mongo
[2024-10-24T19:32:54.581+0000] {logging_mixin.py:190} INFO - [2024-10-24T19:32:54.581+0000] {override.py:1900} INFO - Created Permission View: can read on DAG Run:inserindo_dados_mongo
[2024-10-24T19:32:54.594+0000] {logging_mixin.py:190} INFO - [2024-10-24T19:32:54.594+0000] {override.py:1900} INFO - Created Permission View: can create on DAG Run:inserindo_dados_mongo
[2024-10-24T19:32:54.606+0000] {logging_mixin.py:190} INFO - [2024-10-24T19:32:54.606+0000] {override.py:1900} INFO - Created Permission View: menu access on DAG Run:inserindo_dados_mongo
[2024-10-24T19:32:54.613+0000] {logging_mixin.py:190} INFO - [2024-10-24T19:32:54.613+0000] {dag.py:3239} INFO - Sync 1 DAGs
[2024-10-24T19:32:54.638+0000] {logging_mixin.py:190} INFO - [2024-10-24T19:32:54.637+0000] {dag.py:3262} INFO - Creating ORM DAG for inserindo_dados_mongo
[2024-10-24T19:32:54.655+0000] {logging_mixin.py:190} INFO - [2024-10-24T19:32:54.655+0000] {dag.py:4180} INFO - Setting next_dagrun for inserindo_dados_mongo to 2024-11-15 00:00:00+00:00, run_after=2024-11-15 00:00:00+00:00
[2024-10-24T19:32:54.691+0000] {processor.py:208} INFO - Processing /opt/airflow/dags/dag_inserir_mongodb.py took 1.326 seconds
[2024-10-24T19:33:25.141+0000] {processor.py:186} INFO - Started process (PID=217) to work on /opt/airflow/dags/dag_inserir_mongodb.py
[2024-10-24T19:33:25.148+0000] {processor.py:914} INFO - Processing file /opt/airflow/dags/dag_inserir_mongodb.py for tasks to queue
[2024-10-24T19:33:25.153+0000] {logging_mixin.py:190} INFO - [2024-10-24T19:33:25.152+0000] {dagbag.py:588} INFO - Filling up the DagBag from /opt/airflow/dags/dag_inserir_mongodb.py
[2024-10-24T19:33:26.205+0000] {processor.py:925} INFO - DAG(s) 'inserindo_dados_mongo' retrieved from /opt/airflow/dags/dag_inserir_mongodb.py
[2024-10-24T19:33:26.264+0000] {logging_mixin.py:190} INFO - [2024-10-24T19:33:26.263+0000] {dag.py:3239} INFO - Sync 1 DAGs
[2024-10-24T19:33:26.306+0000] {logging_mixin.py:190} INFO - [2024-10-24T19:33:26.306+0000] {dag.py:4180} INFO - Setting next_dagrun for inserindo_dados_mongo to 2024-11-15 00:00:00+00:00, run_after=2024-11-15 00:00:00+00:00
[2024-10-24T19:33:26.346+0000] {processor.py:208} INFO - Processing /opt/airflow/dags/dag_inserir_mongodb.py took 1.221 seconds
[2024-10-24T19:33:56.431+0000] {processor.py:186} INFO - Started process (PID=225) to work on /opt/airflow/dags/dag_inserir_mongodb.py
[2024-10-24T19:33:56.432+0000] {processor.py:914} INFO - Processing file /opt/airflow/dags/dag_inserir_mongodb.py for tasks to queue
[2024-10-24T19:33:56.433+0000] {logging_mixin.py:190} INFO - [2024-10-24T19:33:56.433+0000] {dagbag.py:588} INFO - Filling up the DagBag from /opt/airflow/dags/dag_inserir_mongodb.py
[2024-10-24T19:33:57.077+0000] {processor.py:925} INFO - DAG(s) 'inserindo_dados_mongo' retrieved from /opt/airflow/dags/dag_inserir_mongodb.py
[2024-10-24T19:33:57.101+0000] {logging_mixin.py:190} INFO - [2024-10-24T19:33:57.100+0000] {dag.py:3239} INFO - Sync 1 DAGs
[2024-10-24T19:33:57.128+0000] {logging_mixin.py:190} INFO - [2024-10-24T19:33:57.128+0000] {dag.py:4180} INFO - Setting next_dagrun for inserindo_dados_mongo to 2024-11-15 00:00:00+00:00, run_after=2024-11-15 00:00:00+00:00
[2024-10-24T19:33:57.151+0000] {processor.py:208} INFO - Processing /opt/airflow/dags/dag_inserir_mongodb.py took 0.727 seconds
[2024-10-24T19:34:27.444+0000] {processor.py:186} INFO - Started process (PID=233) to work on /opt/airflow/dags/dag_inserir_mongodb.py
[2024-10-24T19:34:27.445+0000] {processor.py:914} INFO - Processing file /opt/airflow/dags/dag_inserir_mongodb.py for tasks to queue
[2024-10-24T19:34:27.448+0000] {logging_mixin.py:190} INFO - [2024-10-24T19:34:27.447+0000] {dagbag.py:588} INFO - Filling up the DagBag from /opt/airflow/dags/dag_inserir_mongodb.py
[2024-10-24T19:34:28.324+0000] {processor.py:925} INFO - DAG(s) 'inserindo_dados_mongo' retrieved from /opt/airflow/dags/dag_inserir_mongodb.py
[2024-10-24T19:34:28.347+0000] {logging_mixin.py:190} INFO - [2024-10-24T19:34:28.347+0000] {dag.py:3239} INFO - Sync 1 DAGs
[2024-10-24T19:34:28.372+0000] {logging_mixin.py:190} INFO - [2024-10-24T19:34:28.372+0000] {dag.py:4180} INFO - Setting next_dagrun for inserindo_dados_mongo to 2024-11-15 00:00:00+00:00, run_after=2024-11-15 00:00:00+00:00
[2024-10-24T19:34:28.393+0000] {processor.py:208} INFO - Processing /opt/airflow/dags/dag_inserir_mongodb.py took 0.955 seconds
[2024-10-24T19:34:58.691+0000] {processor.py:186} INFO - Started process (PID=241) to work on /opt/airflow/dags/dag_inserir_mongodb.py
[2024-10-24T19:34:58.692+0000] {processor.py:914} INFO - Processing file /opt/airflow/dags/dag_inserir_mongodb.py for tasks to queue
[2024-10-24T19:34:58.693+0000] {logging_mixin.py:190} INFO - [2024-10-24T19:34:58.693+0000] {dagbag.py:588} INFO - Filling up the DagBag from /opt/airflow/dags/dag_inserir_mongodb.py
[2024-10-24T19:34:59.317+0000] {processor.py:925} INFO - DAG(s) 'inserindo_dados_mongo' retrieved from /opt/airflow/dags/dag_inserir_mongodb.py
[2024-10-24T19:34:59.344+0000] {logging_mixin.py:190} INFO - [2024-10-24T19:34:59.344+0000] {dag.py:3239} INFO - Sync 1 DAGs
[2024-10-24T19:34:59.367+0000] {logging_mixin.py:190} INFO - [2024-10-24T19:34:59.367+0000] {dag.py:4180} INFO - Setting next_dagrun for inserindo_dados_mongo to 2024-11-15 00:00:00+00:00, run_after=2024-11-15 00:00:00+00:00
[2024-10-24T19:34:59.393+0000] {processor.py:208} INFO - Processing /opt/airflow/dags/dag_inserir_mongodb.py took 0.711 seconds
[2024-10-24T19:35:29.515+0000] {processor.py:186} INFO - Started process (PID=249) to work on /opt/airflow/dags/dag_inserir_mongodb.py
[2024-10-24T19:35:29.516+0000] {processor.py:914} INFO - Processing file /opt/airflow/dags/dag_inserir_mongodb.py for tasks to queue
[2024-10-24T19:35:29.518+0000] {logging_mixin.py:190} INFO - [2024-10-24T19:35:29.518+0000] {dagbag.py:588} INFO - Filling up the DagBag from /opt/airflow/dags/dag_inserir_mongodb.py
[2024-10-24T19:35:30.205+0000] {processor.py:925} INFO - DAG(s) 'inserindo_dados_mongo' retrieved from /opt/airflow/dags/dag_inserir_mongodb.py
[2024-10-24T19:35:30.233+0000] {logging_mixin.py:190} INFO - [2024-10-24T19:35:30.232+0000] {dag.py:3239} INFO - Sync 1 DAGs
[2024-10-24T19:35:30.256+0000] {logging_mixin.py:190} INFO - [2024-10-24T19:35:30.256+0000] {dag.py:4180} INFO - Setting next_dagrun for inserindo_dados_mongo to 2024-11-15 00:00:00+00:00, run_after=2024-11-15 00:00:00+00:00
[2024-10-24T19:35:30.282+0000] {processor.py:208} INFO - Processing /opt/airflow/dags/dag_inserir_mongodb.py took 0.776 seconds
[2024-10-24T19:36:00.624+0000] {processor.py:186} INFO - Started process (PID=257) to work on /opt/airflow/dags/dag_inserir_mongodb.py
[2024-10-24T19:36:00.625+0000] {processor.py:914} INFO - Processing file /opt/airflow/dags/dag_inserir_mongodb.py for tasks to queue
[2024-10-24T19:36:00.627+0000] {logging_mixin.py:190} INFO - [2024-10-24T19:36:00.626+0000] {dagbag.py:588} INFO - Filling up the DagBag from /opt/airflow/dags/dag_inserir_mongodb.py
[2024-10-24T19:36:01.305+0000] {processor.py:925} INFO - DAG(s) 'inserindo_dados_mongo' retrieved from /opt/airflow/dags/dag_inserir_mongodb.py
[2024-10-24T19:36:01.329+0000] {logging_mixin.py:190} INFO - [2024-10-24T19:36:01.329+0000] {dag.py:3239} INFO - Sync 1 DAGs
[2024-10-24T19:36:01.354+0000] {logging_mixin.py:190} INFO - [2024-10-24T19:36:01.354+0000] {dag.py:4180} INFO - Setting next_dagrun for inserindo_dados_mongo to 2024-11-15 00:00:00+00:00, run_after=2024-11-15 00:00:00+00:00
[2024-10-24T19:36:01.375+0000] {processor.py:208} INFO - Processing /opt/airflow/dags/dag_inserir_mongodb.py took 0.759 seconds
[2024-10-24T19:36:31.454+0000] {processor.py:186} INFO - Started process (PID=265) to work on /opt/airflow/dags/dag_inserir_mongodb.py
[2024-10-24T19:36:31.455+0000] {processor.py:914} INFO - Processing file /opt/airflow/dags/dag_inserir_mongodb.py for tasks to queue
[2024-10-24T19:36:31.457+0000] {logging_mixin.py:190} INFO - [2024-10-24T19:36:31.456+0000] {dagbag.py:588} INFO - Filling up the DagBag from /opt/airflow/dags/dag_inserir_mongodb.py
[2024-10-24T19:36:32.220+0000] {processor.py:925} INFO - DAG(s) 'inserindo_dados_mongo' retrieved from /opt/airflow/dags/dag_inserir_mongodb.py
[2024-10-24T19:36:32.246+0000] {logging_mixin.py:190} INFO - [2024-10-24T19:36:32.246+0000] {dag.py:3239} INFO - Sync 1 DAGs
[2024-10-24T19:36:32.274+0000] {logging_mixin.py:190} INFO - [2024-10-24T19:36:32.274+0000] {dag.py:4180} INFO - Setting next_dagrun for inserindo_dados_mongo to 2024-11-15 00:00:00+00:00, run_after=2024-11-15 00:00:00+00:00
[2024-10-24T19:36:32.312+0000] {processor.py:208} INFO - Processing /opt/airflow/dags/dag_inserir_mongodb.py took 0.871 seconds
[2024-10-24T19:37:02.611+0000] {processor.py:186} INFO - Started process (PID=273) to work on /opt/airflow/dags/dag_inserir_mongodb.py
[2024-10-24T19:37:02.613+0000] {processor.py:914} INFO - Processing file /opt/airflow/dags/dag_inserir_mongodb.py for tasks to queue
[2024-10-24T19:37:02.615+0000] {logging_mixin.py:190} INFO - [2024-10-24T19:37:02.615+0000] {dagbag.py:588} INFO - Filling up the DagBag from /opt/airflow/dags/dag_inserir_mongodb.py
[2024-10-24T19:37:03.596+0000] {processor.py:925} INFO - DAG(s) 'inserindo_dados_mongo' retrieved from /opt/airflow/dags/dag_inserir_mongodb.py
[2024-10-24T19:37:03.628+0000] {logging_mixin.py:190} INFO - [2024-10-24T19:37:03.628+0000] {dag.py:3239} INFO - Sync 1 DAGs
[2024-10-24T19:37:03.659+0000] {logging_mixin.py:190} INFO - [2024-10-24T19:37:03.659+0000] {dag.py:4180} INFO - Setting next_dagrun for inserindo_dados_mongo to 2024-11-15 00:00:00+00:00, run_after=2024-11-15 00:00:00+00:00
[2024-10-24T19:37:03.694+0000] {processor.py:208} INFO - Processing /opt/airflow/dags/dag_inserir_mongodb.py took 1.094 seconds
[2024-10-24T19:37:33.837+0000] {processor.py:186} INFO - Started process (PID=281) to work on /opt/airflow/dags/dag_inserir_mongodb.py
[2024-10-24T19:37:33.838+0000] {processor.py:914} INFO - Processing file /opt/airflow/dags/dag_inserir_mongodb.py for tasks to queue
[2024-10-24T19:37:33.841+0000] {logging_mixin.py:190} INFO - [2024-10-24T19:37:33.840+0000] {dagbag.py:588} INFO - Filling up the DagBag from /opt/airflow/dags/dag_inserir_mongodb.py
[2024-10-24T19:37:34.514+0000] {processor.py:925} INFO - DAG(s) 'inserindo_dados_mongo' retrieved from /opt/airflow/dags/dag_inserir_mongodb.py
[2024-10-24T19:37:34.541+0000] {logging_mixin.py:190} INFO - [2024-10-24T19:37:34.540+0000] {dag.py:3239} INFO - Sync 1 DAGs
[2024-10-24T19:37:34.568+0000] {logging_mixin.py:190} INFO - [2024-10-24T19:37:34.568+0000] {dag.py:4180} INFO - Setting next_dagrun for inserindo_dados_mongo to 2024-11-15 00:00:00+00:00, run_after=2024-11-15 00:00:00+00:00
[2024-10-24T19:37:34.597+0000] {processor.py:208} INFO - Processing /opt/airflow/dags/dag_inserir_mongodb.py took 0.768 seconds
[2024-10-24T19:38:04.967+0000] {processor.py:186} INFO - Started process (PID=289) to work on /opt/airflow/dags/dag_inserir_mongodb.py
[2024-10-24T19:38:04.977+0000] {processor.py:914} INFO - Processing file /opt/airflow/dags/dag_inserir_mongodb.py for tasks to queue
[2024-10-24T19:38:04.979+0000] {logging_mixin.py:190} INFO - [2024-10-24T19:38:04.979+0000] {dagbag.py:588} INFO - Filling up the DagBag from /opt/airflow/dags/dag_inserir_mongodb.py
[2024-10-24T19:38:06.322+0000] {processor.py:925} INFO - DAG(s) 'inserindo_dados_mongo' retrieved from /opt/airflow/dags/dag_inserir_mongodb.py
[2024-10-24T19:38:06.353+0000] {logging_mixin.py:190} INFO - [2024-10-24T19:38:06.352+0000] {dag.py:3239} INFO - Sync 1 DAGs
[2024-10-24T19:38:06.385+0000] {logging_mixin.py:190} INFO - [2024-10-24T19:38:06.385+0000] {dag.py:4180} INFO - Setting next_dagrun for inserindo_dados_mongo to 2024-11-15 00:00:00+00:00, run_after=2024-11-15 00:00:00+00:00
[2024-10-24T19:38:06.421+0000] {processor.py:208} INFO - Processing /opt/airflow/dags/dag_inserir_mongodb.py took 1.461 seconds
[2024-10-24T19:38:36.643+0000] {processor.py:186} INFO - Started process (PID=297) to work on /opt/airflow/dags/dag_inserir_mongodb.py
[2024-10-24T19:38:36.647+0000] {processor.py:914} INFO - Processing file /opt/airflow/dags/dag_inserir_mongodb.py for tasks to queue
[2024-10-24T19:38:36.650+0000] {logging_mixin.py:190} INFO - [2024-10-24T19:38:36.649+0000] {dagbag.py:588} INFO - Filling up the DagBag from /opt/airflow/dags/dag_inserir_mongodb.py
[2024-10-24T19:38:37.500+0000] {processor.py:925} INFO - DAG(s) 'inserindo_dados_mongo' retrieved from /opt/airflow/dags/dag_inserir_mongodb.py
[2024-10-24T19:38:37.530+0000] {logging_mixin.py:190} INFO - [2024-10-24T19:38:37.529+0000] {dag.py:3239} INFO - Sync 1 DAGs
[2024-10-24T19:38:37.554+0000] {logging_mixin.py:190} INFO - [2024-10-24T19:38:37.554+0000] {dag.py:4180} INFO - Setting next_dagrun for inserindo_dados_mongo to 2024-11-15 00:00:00+00:00, run_after=2024-11-15 00:00:00+00:00
[2024-10-24T19:38:37.581+0000] {processor.py:208} INFO - Processing /opt/airflow/dags/dag_inserir_mongodb.py took 0.947 seconds
[2024-10-24T19:39:07.881+0000] {processor.py:186} INFO - Started process (PID=305) to work on /opt/airflow/dags/dag_inserir_mongodb.py
[2024-10-24T19:39:07.882+0000] {processor.py:914} INFO - Processing file /opt/airflow/dags/dag_inserir_mongodb.py for tasks to queue
[2024-10-24T19:39:07.883+0000] {logging_mixin.py:190} INFO - [2024-10-24T19:39:07.883+0000] {dagbag.py:588} INFO - Filling up the DagBag from /opt/airflow/dags/dag_inserir_mongodb.py
[2024-10-24T19:39:08.551+0000] {processor.py:925} INFO - DAG(s) 'inserindo_dados_mongo' retrieved from /opt/airflow/dags/dag_inserir_mongodb.py
[2024-10-24T19:39:08.578+0000] {logging_mixin.py:190} INFO - [2024-10-24T19:39:08.577+0000] {dag.py:3239} INFO - Sync 1 DAGs
[2024-10-24T19:39:08.603+0000] {logging_mixin.py:190} INFO - [2024-10-24T19:39:08.602+0000] {dag.py:4180} INFO - Setting next_dagrun for inserindo_dados_mongo to 2024-11-15 00:00:00+00:00, run_after=2024-11-15 00:00:00+00:00
[2024-10-24T19:39:08.623+0000] {processor.py:208} INFO - Processing /opt/airflow/dags/dag_inserir_mongodb.py took 0.755 seconds
[2024-10-24T19:39:38.928+0000] {processor.py:186} INFO - Started process (PID=313) to work on /opt/airflow/dags/dag_inserir_mongodb.py
[2024-10-24T19:39:38.930+0000] {processor.py:914} INFO - Processing file /opt/airflow/dags/dag_inserir_mongodb.py for tasks to queue
[2024-10-24T19:39:38.931+0000] {logging_mixin.py:190} INFO - [2024-10-24T19:39:38.931+0000] {dagbag.py:588} INFO - Filling up the DagBag from /opt/airflow/dags/dag_inserir_mongodb.py
[2024-10-24T19:39:39.614+0000] {processor.py:925} INFO - DAG(s) 'inserindo_dados_mongo' retrieved from /opt/airflow/dags/dag_inserir_mongodb.py
[2024-10-24T19:39:39.639+0000] {logging_mixin.py:190} INFO - [2024-10-24T19:39:39.639+0000] {dag.py:3239} INFO - Sync 1 DAGs
[2024-10-24T19:39:39.663+0000] {logging_mixin.py:190} INFO - [2024-10-24T19:39:39.663+0000] {dag.py:4180} INFO - Setting next_dagrun for inserindo_dados_mongo to 2024-11-15 00:00:00+00:00, run_after=2024-11-15 00:00:00+00:00
[2024-10-24T19:39:39.683+0000] {processor.py:208} INFO - Processing /opt/airflow/dags/dag_inserir_mongodb.py took 0.763 seconds
[2024-10-24T19:40:09.972+0000] {processor.py:186} INFO - Started process (PID=321) to work on /opt/airflow/dags/dag_inserir_mongodb.py
[2024-10-24T19:40:09.973+0000] {processor.py:914} INFO - Processing file /opt/airflow/dags/dag_inserir_mongodb.py for tasks to queue
[2024-10-24T19:40:09.976+0000] {logging_mixin.py:190} INFO - [2024-10-24T19:40:09.975+0000] {dagbag.py:588} INFO - Filling up the DagBag from /opt/airflow/dags/dag_inserir_mongodb.py
[2024-10-24T19:40:10.611+0000] {processor.py:925} INFO - DAG(s) 'inserindo_dados_mongo' retrieved from /opt/airflow/dags/dag_inserir_mongodb.py
[2024-10-24T19:40:10.637+0000] {logging_mixin.py:190} INFO - [2024-10-24T19:40:10.636+0000] {dag.py:3239} INFO - Sync 1 DAGs
[2024-10-24T19:40:10.666+0000] {logging_mixin.py:190} INFO - [2024-10-24T19:40:10.665+0000] {dag.py:4180} INFO - Setting next_dagrun for inserindo_dados_mongo to 2024-11-15 00:00:00+00:00, run_after=2024-11-15 00:00:00+00:00
[2024-10-24T19:40:10.693+0000] {processor.py:208} INFO - Processing /opt/airflow/dags/dag_inserir_mongodb.py took 0.729 seconds
[2024-10-24T19:40:41.004+0000] {processor.py:186} INFO - Started process (PID=330) to work on /opt/airflow/dags/dag_inserir_mongodb.py
[2024-10-24T19:40:41.005+0000] {processor.py:914} INFO - Processing file /opt/airflow/dags/dag_inserir_mongodb.py for tasks to queue
[2024-10-24T19:40:41.007+0000] {logging_mixin.py:190} INFO - [2024-10-24T19:40:41.006+0000] {dagbag.py:588} INFO - Filling up the DagBag from /opt/airflow/dags/dag_inserir_mongodb.py
[2024-10-24T19:40:41.681+0000] {processor.py:925} INFO - DAG(s) 'inserindo_dados_mongo' retrieved from /opt/airflow/dags/dag_inserir_mongodb.py
[2024-10-24T19:40:41.710+0000] {logging_mixin.py:190} INFO - [2024-10-24T19:40:41.710+0000] {dag.py:3239} INFO - Sync 1 DAGs
[2024-10-24T19:40:41.742+0000] {logging_mixin.py:190} INFO - [2024-10-24T19:40:41.741+0000] {dag.py:4180} INFO - Setting next_dagrun for inserindo_dados_mongo to 2024-11-15 00:00:00+00:00, run_after=2024-11-15 00:00:00+00:00
[2024-10-24T19:40:41.769+0000] {processor.py:208} INFO - Processing /opt/airflow/dags/dag_inserir_mongodb.py took 0.773 seconds
[2024-10-24T19:41:12.070+0000] {processor.py:186} INFO - Started process (PID=338) to work on /opt/airflow/dags/dag_inserir_mongodb.py
[2024-10-24T19:41:12.072+0000] {processor.py:914} INFO - Processing file /opt/airflow/dags/dag_inserir_mongodb.py for tasks to queue
[2024-10-24T19:41:12.075+0000] {logging_mixin.py:190} INFO - [2024-10-24T19:41:12.075+0000] {dagbag.py:588} INFO - Filling up the DagBag from /opt/airflow/dags/dag_inserir_mongodb.py
[2024-10-24T19:41:12.742+0000] {processor.py:925} INFO - DAG(s) 'inserindo_dados_mongo' retrieved from /opt/airflow/dags/dag_inserir_mongodb.py
[2024-10-24T19:41:12.768+0000] {logging_mixin.py:190} INFO - [2024-10-24T19:41:12.767+0000] {dag.py:3239} INFO - Sync 1 DAGs
[2024-10-24T19:41:12.791+0000] {logging_mixin.py:190} INFO - [2024-10-24T19:41:12.791+0000] {dag.py:4180} INFO - Setting next_dagrun for inserindo_dados_mongo to 2024-11-15 00:00:00+00:00, run_after=2024-11-15 00:00:00+00:00
[2024-10-24T19:41:12.824+0000] {processor.py:208} INFO - Processing /opt/airflow/dags/dag_inserir_mongodb.py took 0.762 seconds
[2024-10-24T19:41:43.127+0000] {processor.py:186} INFO - Started process (PID=347) to work on /opt/airflow/dags/dag_inserir_mongodb.py
[2024-10-24T19:41:43.128+0000] {processor.py:914} INFO - Processing file /opt/airflow/dags/dag_inserir_mongodb.py for tasks to queue
[2024-10-24T19:41:43.130+0000] {logging_mixin.py:190} INFO - [2024-10-24T19:41:43.129+0000] {dagbag.py:588} INFO - Filling up the DagBag from /opt/airflow/dags/dag_inserir_mongodb.py
[2024-10-24T19:41:43.813+0000] {processor.py:925} INFO - DAG(s) 'inserindo_dados_mongo' retrieved from /opt/airflow/dags/dag_inserir_mongodb.py
[2024-10-24T19:41:43.838+0000] {logging_mixin.py:190} INFO - [2024-10-24T19:41:43.838+0000] {dag.py:3239} INFO - Sync 1 DAGs
[2024-10-24T19:41:43.863+0000] {logging_mixin.py:190} INFO - [2024-10-24T19:41:43.863+0000] {dag.py:4180} INFO - Setting next_dagrun for inserindo_dados_mongo to 2024-11-15 00:00:00+00:00, run_after=2024-11-15 00:00:00+00:00
[2024-10-24T19:41:43.896+0000] {processor.py:208} INFO - Processing /opt/airflow/dags/dag_inserir_mongodb.py took 0.777 seconds
[2024-10-24T19:42:14.176+0000] {processor.py:186} INFO - Started process (PID=355) to work on /opt/airflow/dags/dag_inserir_mongodb.py
[2024-10-24T19:42:14.177+0000] {processor.py:914} INFO - Processing file /opt/airflow/dags/dag_inserir_mongodb.py for tasks to queue
[2024-10-24T19:42:14.178+0000] {logging_mixin.py:190} INFO - [2024-10-24T19:42:14.178+0000] {dagbag.py:588} INFO - Filling up the DagBag from /opt/airflow/dags/dag_inserir_mongodb.py
[2024-10-24T19:42:15.611+0000] {processor.py:925} INFO - DAG(s) 'inserindo_dados_mongo' retrieved from /opt/airflow/dags/dag_inserir_mongodb.py
[2024-10-24T19:42:15.728+0000] {logging_mixin.py:190} INFO - [2024-10-24T19:42:15.728+0000] {dag.py:3239} INFO - Sync 1 DAGs
[2024-10-24T19:42:15.792+0000] {logging_mixin.py:190} INFO - [2024-10-24T19:42:15.792+0000] {dag.py:4180} INFO - Setting next_dagrun for inserindo_dados_mongo to 2024-11-15 00:00:00+00:00, run_after=2024-11-15 00:00:00+00:00
[2024-10-24T19:42:15.865+0000] {processor.py:208} INFO - Processing /opt/airflow/dags/dag_inserir_mongodb.py took 1.699 seconds
